2.769172750413417816e-02
1.429108157753944397e-02
3.232934977859258652e-03
1.068945159204304218e-03
3.951158141717314720e-04
2.704144280869513750e-04
2.570583601482212543e-04
1.891476131277158856e-04
1.427950483048334718e-04
1.557118375785648823e-03
3.657440247479826212e-04
1.673730293987318873e-04
1.025691963150165975e-04
5.430652163340710104e-05
3.865281178150326014e-05
4.000292028649710119e-05
3.192898293491452932e-05
1.735690784698817879e-05
1.750392584654036909e-05
1.311361302214208990e-05
9.641200449550524354e-06
1.451122716389363632e-05
7.025355898804264143e-06
4.757235274155391380e-06
4.332639946369454265e-06
2.712448804231826216e-06
3.737962060768040828e-06
3.132477331746486016e-06
3.357038394824485295e-06
3.274224809501902200e-06
2.694837576200370677e-06
2.445369091219617985e-06
2.051288220172864385e-06
1.725182187328755390e-06
2.127995458067744039e-06
1.804005250960472040e-06
1.651772322475153487e-06
1.608330421731807292e-06
1.395808112647500820e-06
1.556869278829253744e-06
1.200597012029902544e-06
1.145684223047283012e-06
9.845714430412044749e-07
9.239317364517773967e-07
8.145344168042356614e-07
7.293622275028610602e-07
7.298649506992660463e-07
6.173993938318744767e-07
5.800845315206970554e-07
5.169196128917974420e-07
