7.200956344604492188e-01
8.002774715423583984e-01
6.151874065399169922e-01
6.607830524444580078e-01
9.182670116424560547e-01
6.445209980010986328e-01
5.070731639862060547e-01
6.597213745117187500e-01
8.118014335632324219e-01
7.095892429351806641e-01
5.121855735778808594e-01
6.400101184844970703e-01
5.929071903228759766e-01
6.698884963989257812e-01
6.501367092132568359e-01
8.293380737304687500e-01
6.011984348297119141e-01
5.547001361846923828e-01
7.124738693237304688e-01
6.321179866790771484e-01
6.434607505798339844e-01
8.590221405029296875e-01
6.208453178405761719e-01
6.568782329559326172e-01
7.708899974822998047e-01
6.677317619323730469e-01
5.885372161865234375e-01
8.336327075958251953e-01
5.707981586456298828e-01
7.654848098754882812e-01
6.812980175018310547e-01
5.809977054595947266e-01
7.089822292327880859e-01
8.488192558288574219e-01
6.159846782684326172e-01
6.053826808929443359e-01
6.314682960510253906e-01
8.966627120971679688e-01
8.724853992462158203e-01
7.763137817382812500e-01
4.566667079925537109e-01
8.164997100830078125e-01
7.784781455993652344e-01
7.128200531005859375e-01
8.533918857574462891e-01
5.807716846466064453e-01
5.734162330627441406e-01
8.119144439697265625e-01
7.134513854980468750e-01
7.773277759552001953e-01
