5.537891387939453125e-02
5.536341667175292969e-02
5.521011352539062500e-02
5.563592910766601562e-02
5.456566810607910156e-02
5.525660514831542969e-02
5.469465255737304688e-02
5.458426475524902344e-02
5.486583709716796875e-02
5.480313301086425781e-02
5.472111701965332031e-02
5.465340614318847656e-02
5.452156066894531250e-02
5.518937110900878906e-02
5.479049682617187500e-02
5.498647689819335938e-02
5.346655845642089844e-02
5.440306663513183594e-02
5.459856986999511719e-02
5.408024787902832031e-02
6.022596359252929688e-02
5.393671989440917969e-02
5.419921875000000000e-02
5.417561531066894531e-02
5.411243438720703125e-02
5.407643318176269531e-02
5.426239967346191406e-02
5.458807945251464844e-02
5.446457862854003906e-02
5.471324920654296875e-02
