1.538643383979797363e+01
1.501290178298950195e+01
2.027582192420959473e+01
2.003885865211486816e+01
1.515587353706359863e+01
1.522228574752807617e+01
1.526313924789428711e+01
1.522556543350219727e+01
1.503025245666503906e+01
1.533960604667663574e+01
1.500280189514160156e+01
1.503795862197875977e+01
1.516111588478088379e+01
2.012745571136474609e+01
1.534764122962951660e+01
1.971941375732421875e+01
1.485067391395568848e+01
1.499376463890075684e+01
1.501547932624816895e+01
1.512184762954711914e+01
1.986493659019470215e+01
1.516758942604064941e+01
1.512177968025207520e+01
1.496376705169677734e+01
1.996539092063903809e+01
1.523895215988159180e+01
1.995652699470520020e+01
2.045885848999023438e+01
1.475831913948059082e+01
1.482839989662170410e+01
