1.117632913589477539e+01
2.037832117080688477e+01
1.271595501899719238e+01
1.989828610420227051e+01
2.041207313537597656e+01
2.045917081832885742e+01
1.088961100578308105e+01
1.270899844169616699e+01
1.226527690887451172e+01
2.053023576736450195e+01
1.127417778968811035e+01
1.222507691383361816e+01
1.256183266639709473e+01
1.181559824943542480e+01
2.018714976310729980e+01
1.162118768692016602e+01
2.045075988769531250e+01
1.108371520042419434e+01
1.175023460388183594e+01
2.000553131103515625e+01
1.241455650329589844e+01
1.873605155944824219e+01
1.288119697570800781e+01
1.890596246719360352e+01
1.278396916389465332e+01
1.876330995559692383e+01
1.247989010810852051e+01
1.223376941680908203e+01
1.904966640472412109e+01
1.369903421401977539e+01
1.758904790878295898e+01
2.185372996330261230e+01
1.210167837142944336e+01
4.093874478340148926e+01
1.082432746887207031e+01
2.237962555885314941e+01
3.080458474159240723e+01
1.239706611633300781e+01
2.045859718322753906e+01
1.095174908638000488e+01
1.257965183258056641e+01
2.004055738449096680e+01
1.245808672904968262e+01
1.190622782707214355e+01
1.977946400642395020e+01
1.435192608833312988e+01
1.714228558540344238e+01
2.168084764480590820e+01
3.020315575599670410e+01
2.031265687942504883e+01
