1.347548961639404297e-01
9.582209587097167969e-02
1.051883697509765625e-01
2.339284420013427734e-01
2.023696899414062500e-01
1.422083377838134766e-01
8.313345909118652344e-02
8.004403114318847656e-02
1.443598270416259766e-01
7.677316665649414062e-02
7.510566711425781250e-02
1.725425720214843750e-01
1.172184944152832031e-01
1.216843128204345703e-01
1.592872142791748047e-01
1.154251098632812500e-01
5.840539932250976562e-02
7.922196388244628906e-02
1.265695095062255859e-01
1.058626174926757812e-01
1.213636398315429688e-01
6.693029403686523438e-02
8.853030204772949219e-02
6.388568878173828125e-02
9.804773330688476562e-02
6.071662902832031250e-02
1.994080543518066406e-01
1.132783889770507812e-01
1.351249217987060547e-01
4.493618011474609375e-02
9.090185165405273438e-02
7.498526573181152344e-02
1.650514602661132812e-01
6.560182571411132812e-02
9.342265129089355469e-02
1.896777153015136719e-01
1.591148376464843750e-01
6.403088569641113281e-02
1.338965892791748047e-01
1.343195438385009766e-01
1.289896965026855469e-01
1.518940925598144531e-01
1.294536590576171875e-01
1.289134025573730469e-01
1.288151741027832031e-01
9.349846839904785156e-02
1.103868484497070312e-01
8.724951744079589844e-02
1.066138744354248047e-01
1.126363277435302734e-01
7.262492179870605469e-02
1.140558719635009766e-01
1.128323078155517578e-01
1.769869327545166016e-01
4.809236526489257812e-02
1.132855415344238281e-01
1.487586498260498047e-01
8.815479278564453125e-02
9.952306747436523438e-02
1.327459812164306641e-01
9.186339378356933594e-02
1.096992492675781250e-01
1.223857402801513672e-01
8.710455894470214844e-02
1.253147125244140625e-01
1.468901634216308594e-01
1.241707801818847656e-01
1.831803321838378906e-01
7.562589645385742188e-02
1.535551548004150391e-01
6.726360321044921875e-02
1.056771278381347656e-01
6.538033485412597656e-02
1.345348358154296875e-01
3.586006164550781250e-01
1.644296646118164062e-01
2.072386741638183594e-01
6.062126159667968750e-02
9.141564369201660156e-02
1.024363040924072266e-01
1.403126716613769531e-01
4.508805274963378906e-02
6.438899040222167969e-02
9.442973136901855469e-02
1.408441066741943359e-01
1.694862842559814453e-01
9.827923774719238281e-02
1.444818973541259766e-01
1.398847103118896484e-01
2.649283409118652344e-02
9.985733032226562500e-02
2.218315601348876953e-01
1.191079616546630859e-01
6.029438972473144531e-02
7.114982604980468750e-02
8.263373374938964844e-02
1.339986324310302734e-01
1.385600566864013672e-01
6.243920326232910156e-02
6.390118598937988281e-02
