3.585208952426910400e-01
5.000000000000000000e-01
5.000000000000000000e-01
5.000000000000000000e-01
5.000000000000000000e-01
5.000000000000000000e-01
5.000000000000000000e-01
5.000000000000000000e-01
5.009646415710449219e-01
5.093247294425964355e-01
5.128617286682128906e-01
5.694533586502075195e-01
5.816720128059387207e-01
5.996784567832946777e-01
6.077170372009277344e-01
5.945337414741516113e-01
6.327974200248718262e-01
6.234726905822753906e-01
6.475884318351745605e-01
6.392282843589782715e-01
6.536977291107177734e-01
6.498392224311828613e-01
6.379421353340148926e-01
6.485530734062194824e-01
6.736334562301635742e-01
6.794212460517883301e-01
6.755626797676086426e-01
6.893890500068664551e-01
6.758842468261718750e-01
6.852089762687683105e-01
6.877813339233398438e-01
6.954984068870544434e-01
7.135048508644104004e-01
6.990353465080261230e-01
7.308681607246398926e-01
7.225080132484436035e-01
7.270096540451049805e-01
7.337620854377746582e-01
7.334405183792114258e-01
7.575562596321105957e-01
7.540193200111389160e-01
7.540193200111389160e-01
7.633440494537353516e-01
7.659164071083068848e-01
7.819935679435729980e-01
7.479099631309509277e-01
7.517684698104858398e-01
7.601286172866821289e-01
7.710611224174499512e-01
7.726688385009765625e-01
8.045015931129455566e-01
8.135048151016235352e-01
8.260450363159179688e-01
8.118970990180969238e-01
8.356913328170776367e-01
8.527331352233886719e-01
8.501607775688171387e-01
8.553054928779602051e-01
8.495177030563354492e-01
8.662379384040832520e-01
8.733118772506713867e-01
8.807073831558227539e-01
8.569132089614868164e-01
8.839228153228759766e-01
8.781350255012512207e-01
8.993569016456604004e-01
9.048231244087219238e-01
9.244372844696044922e-01
9.077170491218566895e-01
9.305466413497924805e-01
9.292604327201843262e-01
9.350482225418090820e-01
9.173633456230163574e-01
9.286173582077026367e-01
9.524115920066833496e-01
9.466238021850585938e-01
9.501608014106750488e-01
9.565916657447814941e-01
9.581993818283081055e-01
9.652733206748962402e-01
9.787781238555908203e-01
9.681671857833862305e-01
9.736334681510925293e-01
7.932475805282592773e-01
9.057877659797668457e-01
9.524115920066833496e-01
9.771704077720642090e-01
9.623793959617614746e-01
9.707395434379577637e-01
9.887459874153137207e-01
9.932475686073303223e-01
9.974276423454284668e-01
9.948552846908569336e-01
9.974276423454284668e-01
9.974276423454284668e-01
9.990353584289550781e-01
9.974276423454284668e-01
9.990353584289550781e-01
9.990353584289550781e-01
9.977492094039916992e-01
