1.471977996826171875e+01
1.453863358497619629e+01
1.452131247520446777e+01
1.780790615081787109e+01
1.461615467071533203e+01
1.454059863090515137e+01
1.456197690963745117e+01
1.789848899841308594e+01
1.453708195686340332e+01
1.465777468681335449e+01
1.780646800994873047e+01
1.453795814514160156e+01
1.455914211273193359e+01
1.781803059577941895e+01
1.457069158554077148e+01
1.457345652580261230e+01
1.460676383972167969e+01
1.450906968116760254e+01
1.800613665580749512e+01
1.728519988059997559e+01
1.455263280868530273e+01
1.462319064140319824e+01
1.451743245124816895e+01
1.460403990745544434e+01
1.755690789222717285e+01
1.458199977874755859e+01
1.460124397277832031e+01
1.797374391555786133e+01
3.461102509498596191e+01
1.765060925483703613e+01
1.447125625610351562e+01
1.453730392456054688e+01
1.449149918556213379e+01
1.771487665176391602e+01
1.453356480598449707e+01
1.783645749092102051e+01
1.451679563522338867e+01
1.453650593757629395e+01
1.798620867729187012e+01
1.457757949829101562e+01
1.450428771972656250e+01
1.444586777687072754e+01
1.790883374214172363e+01
1.449868059158325195e+01
1.447028756141662598e+01
1.780376362800598145e+01
1.455242466926574707e+01
1.768646836280822754e+01
1.466641235351562500e+01
1.774898910522460938e+01
