1.942747521400451660e+01
1.536181783676147461e+01
1.520143842697143555e+01
1.535100865364074707e+01
3.215603923797607422e+01
1.925438332557678223e+01
1.526479959487915039e+01
1.545180344581604004e+01
1.565011382102966309e+01
2.535348963737487793e+01
1.535275530815124512e+01
2.274592947959899902e+01
1.483859634399414062e+01
1.558313488960266113e+01
1.518673396110534668e+01
2.986560916900634766e+01
1.542650175094604492e+01
1.554020571708679199e+01
1.539995169639587402e+01
1.552538394927978516e+01
1.534397959709167480e+01
1.517881321907043457e+01
1.469326639175415039e+01
1.545863294601440430e+01
1.515500521659851074e+01
1.547508072853088379e+01
1.507497143745422363e+01
1.581491303443908691e+01
1.551345968246459961e+01
1.518503165245056152e+01
3.400366735458374023e+01
1.552800798416137695e+01
2.938503241539001465e+01
1.533302879333496094e+01
2.208913516998291016e+01
1.529762911796569824e+01
1.529609942436218262e+01
3.447694563865661621e+01
1.521087455749511719e+01
1.533334255218505859e+01
1.540357017517089844e+01
1.512154889106750488e+01
1.555410170555114746e+01
1.504508399963378906e+01
1.549347853660583496e+01
1.530851244926452637e+01
1.533918619155883789e+01
2.701344656944274902e+01
1.513283824920654297e+01
1.563695549964904785e+01
3.034355878829956055e+01
1.543529200553894043e+01
1.516127610206604004e+01
1.517826962471008301e+01
1.510105729103088379e+01
2.272706031799316406e+01
1.534262895584106445e+01
2.442080283164978027e+01
1.671727347373962402e+01
2.622786426544189453e+01
1.564184403419494629e+01
1.509823775291442871e+01
2.929355430603027344e+01
1.558168458938598633e+01
1.533169651031494141e+01
1.566298389434814453e+01
2.870376324653625488e+01
1.490175199508666992e+01
2.269405865669250488e+01
1.843304157257080078e+01
1.532307553291320801e+01
1.517551732063293457e+01
1.567234086990356445e+01
1.550454831123352051e+01
1.509921646118164062e+01
1.552994465827941895e+01
1.535523843765258789e+01
1.558846521377563477e+01
3.441743588447570801e+01
1.578852558135986328e+01
1.534474754333496094e+01
1.536542415618896484e+01
1.555194711685180664e+01
1.552202486991882324e+01
2.179515242576599121e+01
1.516561937332153320e+01
1.553484821319580078e+01
1.519881415367126465e+01
1.507330489158630371e+01
1.495551156997680664e+01
1.490770626068115234e+01
1.537737035751342773e+01
1.542990779876708984e+01
1.483640623092651367e+01
1.520993876457214355e+01
1.533710646629333496e+01
1.563955926895141602e+01
1.541412854194641113e+01
1.549798488616943359e+01
3.109712219238281250e+01
