1.927762413024902344e+01
1.899055147171020508e+01
1.541289520263671875e+01
1.582260608673095703e+01
1.552462100982666016e+01
1.522837233543395996e+01
3.167669439315795898e+01
1.511630344390869141e+01
2.993498826026916504e+01
1.476579093933105469e+01
1.500912904739379883e+01
2.335695195198059082e+01
1.530293345451354980e+01
1.513880276679992676e+01
1.511829400062561035e+01
1.530002903938293457e+01
1.493283700942993164e+01
1.565828704833984375e+01
1.527959132194519043e+01
1.588502454757690430e+01
1.513814902305603027e+01
1.518963885307312012e+01
1.519357156753540039e+01
2.906444334983825684e+01
1.534237146377563477e+01
3.113261795043945312e+01
1.493679547309875488e+01
1.536192250251770020e+01
1.526013708114624023e+01
1.557464718818664551e+01
1.519708490371704102e+01
1.506469249725341797e+01
2.958451628684997559e+01
1.519926214218139648e+01
1.980450534820556641e+01
1.520172333717346191e+01
2.109935116767883301e+01
1.739134812355041504e+01
1.545118498802185059e+01
1.523762011528015137e+01
2.272468757629394531e+01
1.528116965293884277e+01
1.542346239089965820e+01
1.534593677520751953e+01
3.484312367439270020e+01
1.509067988395690918e+01
1.508926296234130859e+01
1.528389596939086914e+01
1.526556158065795898e+01
1.522235345840454102e+01
2.938785505294799805e+01
1.517688846588134766e+01
1.499012064933776855e+01
2.186234307289123535e+01
1.501196146011352539e+01
1.538667798042297363e+01
1.867323875427246094e+01
1.539797830581665039e+01
1.492629861831665039e+01
1.549735951423645020e+01
1.518451881408691406e+01
1.503919315338134766e+01
1.510861253738403320e+01
1.507392191886901855e+01
1.528392696380615234e+01
1.542562127113342285e+01
2.821574783325195312e+01
3.529806327819824219e+01
1.922537016868591309e+01
1.529633259773254395e+01
1.520970129966735840e+01
1.528595447540283203e+01
1.491661787033081055e+01
3.315140223503112793e+01
1.483851075172424316e+01
1.521688699722290039e+01
1.503702545166015625e+01
1.528701424598693848e+01
1.535734963417053223e+01
1.506033635139465332e+01
1.506707096099853516e+01
1.515601062774658203e+01
1.541160631179809570e+01
3.119153308868408203e+01
1.530989241600036621e+01
1.501364994049072266e+01
1.533130550384521484e+01
1.504771041870117188e+01
2.792184305191040039e+01
1.494175124168395996e+01
1.499002718925476074e+01
3.410390424728393555e+01
1.946347451210021973e+01
1.522293257713317871e+01
1.510595583915710449e+01
2.763014912605285645e+01
1.526474118232727051e+01
3.282760667800903320e+01
1.521276807785034180e+01
2.943300747871398926e+01
