1.678314208984375000e-01
1.170377731323242188e-01
9.897971153259277344e-02
9.848737716674804688e-02
1.065382957458496094e-01
1.258552074432373047e-01
1.650288105010986328e-01
7.740020751953125000e-02
3.460574150085449219e-02
1.194674968719482422e-01
9.009456634521484375e-02
2.124893665313720703e-01
6.203699111938476562e-02
1.153321266174316406e-01
7.431101799011230469e-02
1.203510761260986328e-01
1.446011066436767578e-01
1.396279335021972656e-01
1.207962036132812500e-01
9.225893020629882812e-02
8.046269416809082031e-02
1.723651885986328125e-01
1.469304561614990234e-01
1.129443645477294922e-01
6.651830673217773438e-02
1.465759277343750000e-01
1.420371532440185547e-01
1.487963199615478516e-01
7.376885414123535156e-02
5.474257469177246094e-02
6.135702133178710938e-02
2.112886905670166016e-01
9.624338150024414062e-02
1.104028224945068359e-01
1.373856067657470703e-01
1.106903553009033203e-01
3.894591331481933594e-02
4.670476913452148438e-02
1.651880741119384766e-01
2.488977909088134766e-01
1.183774471282958984e-01
1.176092624664306641e-01
1.482236385345458984e-01
5.278801918029785156e-02
9.465169906616210938e-02
2.009520530700683594e-01
8.189177513122558594e-02
9.727907180786132812e-02
4.441022872924804688e-02
1.682021617889404297e-01
5.444908142089843750e-02
1.074819564819335938e-01
6.202840805053710938e-02
9.055304527282714844e-02
5.242872238159179688e-02
5.537104606628417969e-02
5.809664726257324219e-02
1.795508861541748047e-01
3.691935539245605469e-02
1.897952556610107422e-01
1.322920322418212891e-01
4.711389541625976562e-02
7.878303527832031250e-02
8.400821685791015625e-02
1.823170185089111328e-01
9.967374801635742188e-02
1.221876144409179688e-01
1.562545299530029297e-01
7.950806617736816406e-02
9.808206558227539062e-02
1.056504249572753906e-01
1.187896728515625000e-01
1.192729473114013672e-01
1.562950611114501953e-01
1.298625469207763672e-01
7.441234588623046875e-02
1.438593864440917969e-01
1.286132335662841797e-01
9.191012382507324219e-02
1.085548400878906250e-01
1.354761123657226562e-01
1.025645732879638672e-01
7.773971557617187500e-02
7.838153839111328125e-02
1.865129470825195312e-01
1.393129825592041016e-01
2.370319366455078125e-01
6.793236732482910156e-02
1.746842861175537109e-01
8.857774734497070312e-02
7.826161384582519531e-02
6.649351119995117188e-02
1.472852230072021484e-01
1.707675457000732422e-01
9.872651100158691406e-02
1.776940822601318359e-01
6.949138641357421875e-02
1.011731624603271484e-01
8.309531211853027344e-02
6.856703758239746094e-02
