6.662988662719726562e-02
1.412751674652099609e-01
1.999189853668212891e-01
1.245160102844238281e-01
1.207830905914306641e-01
8.776164054870605469e-02
1.608648300170898438e-01
6.939697265625000000e-02
4.220008850097656250e-02
1.051938533782958984e-01
7.211589813232421875e-02
1.152751445770263672e-01
5.208492279052734375e-02
9.511208534240722656e-02
5.576133728027343750e-02
1.090967655181884766e-01
1.188201904296875000e-01
8.993983268737792969e-02
7.425522804260253906e-02
1.281766891479492188e-01
2.388219833374023438e-01
1.355900764465332031e-01
8.040142059326171875e-02
1.271157264709472656e-01
7.449960708618164062e-02
1.084444522857666016e-01
2.507779598236083984e-01
9.973430633544921875e-02
4.490375518798828125e-02
6.374621391296386719e-02
6.237483024597167969e-02
1.507816314697265625e-01
1.050214767456054688e-01
1.079754829406738281e-01
1.716036796569824219e-01
1.790106296539306641e-01
5.359840393066406250e-02
5.930519104003906250e-02
1.631836891174316406e-01
1.198511123657226562e-01
1.711275577545166016e-01
1.114060878753662109e-01
3.302743434906005859e-01
7.626652717590332031e-02
8.475971221923828125e-02
1.532022953033447266e-01
1.510515213012695312e-01
8.027887344360351562e-02
4.022002220153808594e-02
2.033531665802001953e-01
6.115722656250000000e-02
1.151289939880371094e-01
3.123307228088378906e-02
9.907770156860351562e-02
7.727861404418945312e-02
1.271231174468994141e-01
4.855823516845703125e-02
1.495161056518554688e-01
1.153051853179931641e-01
1.393809318542480469e-01
8.396267890930175781e-02
7.021284103393554688e-02
6.535983085632324219e-02
7.773518562316894531e-02
8.738541603088378906e-02
2.047150135040283203e-01
7.492756843566894531e-02
2.235944271087646484e-01
1.534981727600097656e-01
1.226048469543457031e-01
1.399736404418945312e-01
7.620954513549804688e-02
5.140638351440429688e-02
1.424276828765869141e-01
1.208114624023437500e-01
1.443710327148437500e-01
1.130750179290771484e-01
8.253407478332519531e-02
1.037683486938476562e-01
1.102001667022705078e-01
1.464498043060302734e-01
1.602449417114257812e-01
7.770776748657226562e-02
1.879932880401611328e-01
1.101024150848388672e-01
1.247506141662597656e-01
1.347937583923339844e-01
6.696987152099609375e-02
1.622395515441894531e-01
6.315994262695312500e-02
9.373736381530761719e-02
8.435463905334472656e-02
1.304073333740234375e-01
1.136853694915771484e-01
1.748917102813720703e-01
1.505432128906250000e-01
5.714249610900878906e-02
9.598636627197265625e-02
1.164226531982421875e-01
9.618353843688964844e-02
