4.758842587471008301e-01
7.498392462730407715e-01
7.498392462730407715e-01
7.498392462730407715e-01
7.498392462730407715e-01
7.498392462730407715e-01
7.498392462730407715e-01
7.517684698104858398e-01
7.543408274650573730e-01
7.617363333702087402e-01
7.627009749412536621e-01
7.655948400497436523e-01
7.684887647628784180e-01
7.617363333702087402e-01
7.755627036094665527e-01
7.749196290969848633e-01
7.778134942054748535e-01
7.790997028350830078e-01
7.800642848014831543e-01
7.842443585395812988e-01
7.794212102890014648e-01
7.832797169685363770e-01
7.852090001106262207e-01
7.893890738487243652e-01
7.909967899322509766e-01
7.906752228736877441e-01
7.874597907066345215e-01
7.909967899322509766e-01
7.852090001106262207e-01
7.864951491355895996e-01
7.926045060157775879e-01
7.916398644447326660e-01
7.913183569908142090e-01
7.909967899322509766e-01
7.919614315032958984e-01
7.913183569908142090e-01
7.938906550407409668e-01
7.926045060157775879e-01
7.954983711242675781e-01
7.942122220993041992e-01
7.954983711242675781e-01
7.954983711242675781e-01
7.916398644447326660e-01
7.938906550407409668e-01
7.938906550407409668e-01
7.945337891578674316e-01
7.951768636703491211e-01
7.954983711242675781e-01
7.935691475868225098e-01
7.964630126953125000e-01
7.948552966117858887e-01
7.958199381828308105e-01
7.948552966117858887e-01
7.948552966117858887e-01
7.948552966117858887e-01
7.951768636703491211e-01
7.958199381828308105e-01
7.948552966117858887e-01
7.951768636703491211e-01
7.958199381828308105e-01
7.948552966117858887e-01
7.948552966117858887e-01
7.958199381828308105e-01
7.958199381828308105e-01
7.948552966117858887e-01
7.951768636703491211e-01
7.958199381828308105e-01
7.951768636703491211e-01
7.958199381828308105e-01
7.951768636703491211e-01
7.954983711242675781e-01
7.954983711242675781e-01
7.954983711242675781e-01
7.951768636703491211e-01
7.954983711242675781e-01
7.951768636703491211e-01
7.958199381828308105e-01
7.961415052413940430e-01
7.958199381828308105e-01
7.954983711242675781e-01
7.958199381828308105e-01
7.958199381828308105e-01
7.954983711242675781e-01
7.954983711242675781e-01
7.954983711242675781e-01
7.954983711242675781e-01
7.954983711242675781e-01
7.954983711242675781e-01
7.958199381828308105e-01
7.961415052413940430e-01
7.961415052413940430e-01
7.954983711242675781e-01
7.954983711242675781e-01
7.954983711242675781e-01
7.954983711242675781e-01
7.958199381828308105e-01
7.958199381828308105e-01
7.958199381828308105e-01
7.958199381828308105e-01
7.958199381828308105e-01
