4.091347754001617432e-01
5.467996001243591309e-01
5.467996001243591309e-01
5.467996001243591309e-01
5.467996001243591309e-01
5.467996001243591309e-01
5.467996001243591309e-01
5.467996001243591309e-01
5.467996001243591309e-01
5.467996001243591309e-01
5.467996001243591309e-01
5.467996001243591309e-01
5.467996001243591309e-01
5.467996001243591309e-01
5.467996001243591309e-01
5.467996001243591309e-01
5.467996001243591309e-01
5.467996001243591309e-01
5.467996001243591309e-01
5.467996001243591309e-01
5.467996001243591309e-01
5.467996001243591309e-01
5.467996001243591309e-01
5.467996001243591309e-01
5.467996001243591309e-01
5.471212863922119141e-01
5.503377318382263184e-01
5.529109239578247070e-01
5.538758635520935059e-01
5.545191168785095215e-01
5.545191168785095215e-01
5.570923089981079102e-01
5.558057427406311035e-01
5.587005615234375000e-01
5.580572485923767090e-01
5.590221881866455078e-01
5.599871277809143066e-01
5.587005615234375000e-01
5.609520673751831055e-01
5.583788752555847168e-01
5.612736940383911133e-01
5.612736940383911133e-01
5.603087544441223145e-01
5.609520673751831055e-01
5.625603199005126953e-01
5.619170069694519043e-01
5.625603199005126953e-01
5.628819465637207031e-01
5.628819465637207031e-01
5.638468861579895020e-01
5.632035732269287109e-01
5.635252594947814941e-01
5.635252594947814941e-01
5.635252594947814941e-01
5.632035732269287109e-01
5.638468861579895020e-01
5.638468861579895020e-01
5.632035732269287109e-01
5.632035732269287109e-01
5.635252594947814941e-01
5.635252594947814941e-01
5.635252594947814941e-01
5.641685724258422852e-01
5.638468861579895020e-01
5.635252594947814941e-01
5.638468861579895020e-01
5.641685724258422852e-01
5.638468861579895020e-01
5.641685724258422852e-01
5.641685724258422852e-01
5.641685724258422852e-01
5.641685724258422852e-01
5.641685724258422852e-01
5.641685724258422852e-01
5.641685724258422852e-01
5.641685724258422852e-01
5.641685724258422852e-01
5.641685724258422852e-01
5.641685724258422852e-01
5.638468861579895020e-01
5.638468861579895020e-01
5.638468861579895020e-01
5.638468861579895020e-01
5.638468861579895020e-01
5.638468861579895020e-01
5.641685724258422852e-01
5.641685724258422852e-01
5.641685724258422852e-01
5.641685724258422852e-01
5.638468861579895020e-01
5.638468861579895020e-01
5.638468861579895020e-01
5.638468861579895020e-01
5.641685724258422852e-01
5.641685724258422852e-01
5.638468861579895020e-01
5.638468861579895020e-01
5.638468861579895020e-01
5.638468861579895020e-01
5.638468861579895020e-01
