6.003397226333618164e+00
6.537202596664428711e+00
6.623732805252075195e+00
6.618690967559814453e+00
6.939646959304809570e+00
6.897449731826782227e+00
6.971287727355957031e+00
6.738585472106933594e+00
6.887028932571411133e+00
6.820142745971679688e+00
6.735903024673461914e+00
7.023786783218383789e+00
6.430254697799682617e+00
7.129046678543090820e+00
6.618616342544555664e+00
6.565460205078125000e+00
7.290256023406982422e+00
6.748558282852172852e+00
6.377579689025878906e+00
6.679096221923828125e+00
6.860663175582885742e+00
6.687196493148803711e+00
6.325077772140502930e+00
7.181096792221069336e+00
6.882352352142333984e+00
6.987330198287963867e+00
7.158787488937377930e+00
6.846710205078125000e+00
6.845642566680908203e+00
7.035581350326538086e+00
7.054601669311523438e+00
6.758914232254028320e+00
6.965697526931762695e+00
6.872385978698730469e+00
6.625548839569091797e+00
6.973032712936401367e+00
6.987586736679077148e+00
7.232111692428588867e+00
6.521126270294189453e+00
7.258294105529785156e+00
6.563352823257446289e+00
6.743384599685668945e+00
7.342754125595092773e+00
5.990701436996459961e+00
6.674438476562500000e+00
7.137615680694580078e+00
6.234788417816162109e+00
6.517118215560913086e+00
6.650972843170166016e+00
6.766363859176635742e+00
