1.690710473060607910e+01
2.149149346351623535e+01
3.219796109199523926e+01
2.623212766647338867e+01
4.091286110877990723e+01
2.041836857795715332e+01
2.637302041053771973e+01
4.090933537483215332e+01
2.154939436912536621e+01
2.529094648361206055e+01
2.978349399566650391e+01
2.699729084968566895e+01
2.824971032142639160e+01
2.959766745567321777e+01
2.714196276664733887e+01
2.756025576591491699e+01
2.298431730270385742e+01
2.672446441650390625e+01
3.252289938926696777e+01
4.090637779235839844e+01
1.691934823989868164e+01
2.308500051498413086e+01
4.090408992767333984e+01
1.786742877960205078e+01
2.935373759269714355e+01
4.084112215042114258e+01
1.917942762374877930e+01
2.122941732406616211e+01
4.089743304252624512e+01
1.998993134498596191e+01
3.508282613754272461e+01
2.732609033584594727e+01
4.091368794441223145e+01
2.042363119125366211e+01
3.132837581634521484e+01
2.391470670700073242e+01
4.091047787666320801e+01
1.640431952476501465e+01
3.322827315330505371e+01
4.090889787673950195e+01
1.790838408470153809e+01
1.925519132614135742e+01
1.644023108482360840e+01
4.092401528358459473e+01
2.044585275650024414e+01
3.394194626808166504e+01
3.536063361167907715e+01
2.718280744552612305e+01
4.098442363739013672e+01
1.647535324096679688e+01
2.079340600967407227e+01
4.088412284851074219e+01
2.043502473831176758e+01
3.133599591255187988e+01
4.093905830383300781e+01
2.045272994041442871e+01
2.764217066764831543e+01
2.649603247642517090e+01
2.970674800872802734e+01
2.439480733871459961e+01
3.461401462554931641e+01
4.087743139266967773e+01
1.708652400970458984e+01
3.074586272239685059e+01
4.088275766372680664e+01
2.044878101348876953e+01
2.493009448051452637e+01
2.986497783660888672e+01
2.574346494674682617e+01
2.963697314262390137e+01
2.465543746948242188e+01
2.520078396797180176e+01
4.091254639625549316e+01
2.390485644340515137e+01
3.063675737380981445e+01
2.297271084785461426e+01
4.090161156654357910e+01
1.662170386314392090e+01
3.125390100479125977e+01
4.091499137878417969e+01
2.085932254791259766e+01
3.525902342796325684e+01
4.092064142227172852e+01
1.660114336013793945e+01
2.187591671943664551e+01
3.221191477775573730e+01
2.638267898559570312e+01
3.099656200408935547e+01
4.090734052658081055e+01
1.647908711433410645e+01
2.771952939033508301e+01
2.415870213508605957e+01
2.582016277313232422e+01
3.508252286911010742e+01
4.093401932716369629e+01
1.645514440536499023e+01
2.211412429809570312e+01
3.080631136894226074e+01
2.821660733222961426e+01
2.368857669830322266e+01
