2.087993621826171875e+00
1.505965590476989746e+00
7.032159566879272461e-01
6.555834412574768066e-01
6.533716917037963867e-01
6.493994593620300293e-01
6.523572206497192383e-01
6.473773717880249023e-01
6.433389186859130859e-01
6.387856602668762207e-01
6.320206522941589355e-01
5.912501811981201172e-01
5.098798871040344238e-01
4.677842855453491211e-01
4.549531340599060059e-01
4.593165814876556396e-01
4.629222452640533447e-01
4.380863606929779053e-01
4.336205422878265381e-01
4.370160400867462158e-01
4.269682466983795166e-01
4.267828166484832764e-01
4.195073246955871582e-01
4.172912240028381348e-01
4.154311120510101318e-01
4.158714711666107178e-01
4.148193895816802979e-01
4.127017855644226074e-01
4.083166420459747314e-01
4.142074584960937500e-01
4.090298116207122803e-01
4.107417762279510498e-01
4.058828949928283691e-01
4.054759442806243896e-01
4.049288928508758545e-01
4.044277966022491455e-01
4.050473272800445557e-01
4.037318825721740723e-01
4.030236303806304932e-01
4.026130139827728271e-01
4.020507931709289551e-01
4.015882015228271484e-01
4.013759493827819824e-01
4.014595150947570801e-01
4.013958573341369629e-01
4.005876481533050537e-01
4.008093774318695068e-01
4.004669487476348877e-01
4.002388119697570801e-01
3.998841047286987305e-01
3.999177813529968262e-01
3.997032940387725830e-01
3.997083306312561035e-01
3.995034992694854736e-01
3.995221853256225586e-01
3.993394076824188232e-01
3.992767035961151123e-01
3.992414474487304688e-01
3.991613090038299561e-01
3.990907371044158936e-01
3.990441560745239258e-01
3.989789485931396484e-01
3.989004194736480713e-01
3.988651633262634277e-01
3.988332152366638184e-01
3.988373577594757080e-01
3.987724184989929199e-01
3.987178206443786621e-01
3.987416923046112061e-01
3.986886441707611084e-01
3.986906707286834717e-01
3.986559808254241943e-01
3.986540436744689941e-01
3.986571431159973145e-01
3.986211121082305908e-01
3.986113667488098145e-01
3.986100256443023682e-01
3.986144363880157471e-01
3.985835015773773193e-01
3.985777199268341064e-01
3.985620737075805664e-01
3.985557258129119873e-01
3.985533714294433594e-01
3.985513746738433838e-01
3.985434174537658691e-01
3.985370695590972900e-01
3.985325098037719727e-01
3.985338807106018066e-01
3.985255956649780273e-01
3.985236585140228271e-01
3.985209167003631592e-01
3.985158503055572510e-01
3.985124826431274414e-01
3.985121548175811768e-01
3.985074162483215332e-01
3.985055685043334961e-01
3.985038399696350098e-01
3.985027074813842773e-01
3.984997570514678955e-01
3.985006511211395264e-01
