1.692914938926696777e+01
1.642457866668701172e+01
4.088273692131042480e+01
2.004121708869934082e+01
3.130798721313476562e+01
2.944590497016906738e+01
2.728323030471801758e+01
2.808742117881774902e+01
3.256086683273315430e+01
2.549419546127319336e+01
3.110175824165344238e+01
2.193619275093078613e+01
4.089703583717346191e+01
1.969759774208068848e+01
4.091465830802917480e+01
1.680726170539855957e+01
2.827033543586730957e+01
2.676745700836181641e+01
4.092008161544799805e+01
1.869241309165954590e+01
3.329853296279907227e+01
2.085507845878601074e+01
3.576874971389770508e+01
2.066624808311462402e+01
3.537041497230529785e+01
2.564698481559753418e+01
4.091190552711486816e+01
1.652982521057128906e+01
3.086382317543029785e+01
1.645895195007324219e+01
4.090830326080322266e+01
1.650978875160217285e+01
2.774129986763000488e+01
2.219326353073120117e+01
4.087946319580078125e+01
1.642256760597229004e+01
3.143220210075378418e+01
4.092515802383422852e+01
1.859959244728088379e+01
4.093503832817077637e+01
1.828168773651123047e+01
1.988777041435241699e+01
2.072322440147399902e+01
3.360760402679443359e+01
2.097852921485900879e+01
3.381966018676757812e+01
4.091417074203491211e+01
2.042659759521484375e+01
1.971376705169677734e+01
3.448100543022155762e+01
2.162086319923400879e+01
3.449802947044372559e+01
2.037636065483093262e+01
3.193071222305297852e+01
2.686440491676330566e+01
4.092732572555541992e+01
1.933842539787292480e+01
2.640642976760864258e+01
2.884984946250915527e+01
4.087570071220397949e+01
1.645515537261962891e+01
3.451681089401245117e+01
2.441653990745544434e+01
2.527123713493347168e+01
2.542542743682861328e+01
2.951922941207885742e+01
4.092288184165954590e+01
1.659981083869934082e+01
2.445660400390625000e+01
3.068654489517211914e+01
2.046493291854858398e+01
4.083180546760559082e+01
4.090863966941833496e+01
1.647455644607543945e+01
2.648742294311523438e+01
4.090449285507202148e+01
1.653755545616149902e+01
2.496698808670043945e+01
2.984278702735900879e+01
2.038097286224365234e+01
4.088770556449890137e+01
3.079218602180480957e+01
4.088370418548583984e+01
1.807905316352844238e+01
2.382898974418640137e+01
4.091897606849670410e+01
1.992809820175170898e+01
3.052606272697448730e+01
2.898644423484802246e+01
2.361289167404174805e+01
4.089854526519775391e+01
1.802751946449279785e+01
2.573438143730163574e+01
4.090452480316162109e+01
2.042641663551330566e+01
3.249362659454345703e+01
2.278976058959960938e+01
3.185204005241394043e+01
2.865971112251281738e+01
3.020495390892028809e+01
