7.781797647476196289e+00
7.530193567276000977e+00
7.348423242568969727e+00
1.392406678199768066e+01
7.116890430450439453e+00
7.531772613525390625e+00
7.102243185043334961e+00
7.269797801971435547e+00
7.503489494323730469e+00
7.511069536209106445e+00
7.435750007629394531e+00
7.429081916809082031e+00
7.413718223571777344e+00
7.160938024520874023e+00
7.275902986526489258e+00
7.558406352996826172e+00
7.429089784622192383e+00
7.469168424606323242e+00
7.117587089538574219e+00
7.344126462936401367e+00
7.260302305221557617e+00
7.129885911941528320e+00
6.992617845535278320e+00
7.548066377639770508e+00
7.186478853225708008e+00
7.543481588363647461e+00
7.183738470077514648e+00
7.192028522491455078e+00
7.174771070480346680e+00
7.667486667633056641e+00
7.550014972686767578e+00
7.511628389358520508e+00
7.548472881317138672e+00
7.460601329803466797e+00
7.607121944427490234e+00
7.434767961502075195e+00
7.344157218933105469e+00
7.676347732543945312e+00
1.381169176101684570e+01
7.154881238937377930e+00
7.425686836242675781e+00
7.595700263977050781e+00
7.641974210739135742e+00
7.463375568389892578e+00
7.177267074584960938e+00
7.368738174438476562e+00
7.637476682662963867e+00
7.163568496704101562e+00
6.999745130538940430e+00
1.547299695014953613e+01
