9.101565927267074585e-02
2.037298865616321564e-02
2.500534616410732269e-02
1.724174618721008301e-02
1.117933634668588638e-02
1.052296720445156097e-02
7.479662541300058365e-03
6.131117697805166245e-03
7.318180985748767853e-03
5.798465572297573090e-03
3.547007218003273010e-03
3.219133475795388222e-03
3.890791209414601326e-03
3.175208577886223793e-03
2.761427080258727074e-03
2.579760970547795296e-03
2.458529779687523842e-03
2.264884533360600471e-03
2.104483777657151222e-03
2.087902743369340897e-03
1.980734989047050476e-03
1.935405889526009560e-03
1.888323342427611351e-03
1.848485087975859642e-03
1.793145434930920601e-03
1.731758122332394123e-03
1.673016231507062912e-03
1.608693157322704792e-03
1.548202009871602058e-03
1.469032256864011288e-03
1.384258386678993702e-03
1.308694598264992237e-03
1.256787800230085850e-03
1.208101864904165268e-03
1.152735552750527859e-03
1.098885550163686275e-03
1.048011356033384800e-03
1.003350713290274143e-03
9.644157253205776215e-04
9.323173435404896736e-04
8.976871031336486340e-04
8.617769926786422729e-04
8.315018494613468647e-04
8.065745350904762745e-04
7.839740719646215439e-04
7.632939377799630165e-04
7.455025915987789631e-04
7.324781618081033230e-04
7.193515193648636341e-04
7.084774551913142204e-04
