1.009479737281799316e+01
1.883421397209167480e+01
1.953756546974182129e+01
9.812343597412109375e+00
1.949325180053710938e+01
1.863156127929687500e+01
1.955368757247924805e+01
1.043558859825134277e+01
2.038656139373779297e+01
1.953855466842651367e+01
4.003300595283508301e+01
1.120382189750671387e+01
1.950568723678588867e+01
1.094823408126831055e+01
4.003409028053283691e+01
1.954302144050598145e+01
2.228710365295410156e+01
4.001850318908691406e+01
1.041371393203735352e+01
2.915363144874572754e+01
2.130427598953247070e+01
2.897690773010253906e+01
3.999984288215637207e+01
1.127426433563232422e+01
1.950931882858276367e+01
1.950228214263916016e+01
1.951997208595275879e+01
1.953070449829101562e+01
1.007081437110900879e+01
4.001608610153198242e+01
1.947510242462158203e+01
2.021373534202575684e+01
4.002064132690429688e+01
2.060597014427185059e+01
2.110404682159423828e+01
2.927533984184265137e+01
2.873786711692810059e+01
2.196867704391479492e+01
4.005180501937866211e+01
1.959986019134521484e+01
2.018786716461181641e+01
3.095738863945007324e+01
1.906256866455078125e+01
2.108768105506896973e+01
4.003801369667053223e+01
1.030362653732299805e+01
2.920695447921752930e+01
3.012455701828002930e+01
2.108663558959960938e+01
2.926837944984436035e+01
