2.139714479446411133e+00
1.611206054687500000e+00
9.071940183639526367e-01
8.290192484855651855e-01
8.034453392028808594e-01
7.607722878456115723e-01
6.956033110618591309e-01
6.198949813842773438e-01
5.892350673675537109e-01
5.615563988685607910e-01
5.557842254638671875e-01
5.344600081443786621e-01
5.233387351036071777e-01
5.210424065589904785e-01
5.197484493255615234e-01
5.090092420578002930e-01
4.962681233882904053e-01
4.928637146949768066e-01
4.906259477138519287e-01
4.859946966171264648e-01
4.908491671085357666e-01
4.794657826423645020e-01
4.742666184902191162e-01
4.731580913066864014e-01
4.731624722480773926e-01
4.698621928691864014e-01
4.657715559005737305e-01
4.636999368667602539e-01
4.617700874805450439e-01
4.614080786705017090e-01
4.637037217617034912e-01
4.569798111915588379e-01
4.561360180377960205e-01
4.564945399761199951e-01
4.544884860515594482e-01
4.519601166248321533e-01
4.514624774456024170e-01
4.518719613552093506e-01
4.498566687107086182e-01
4.493172168731689453e-01
4.487227797508239746e-01
4.481218457221984863e-01
4.472854733467102051e-01
4.466843008995056152e-01
4.467565417289733887e-01
4.462381899356842041e-01
4.459612369537353516e-01
4.453533589839935303e-01
4.452594816684722900e-01
4.448887407779693604e-01
4.443568587303161621e-01
4.442912340164184570e-01
4.440675377845764160e-01
4.437583088874816895e-01
4.436498880386352539e-01
4.434606730937957764e-01
4.432438611984252930e-01
4.431370198726654053e-01
4.432728886604309082e-01
4.428859353065490723e-01
4.429652094841003418e-01
4.427589476108551025e-01
4.426596164703369141e-01
4.427619874477386475e-01
4.425486326217651367e-01
4.425048530101776123e-01
4.424423873424530029e-01
4.423711895942687988e-01
4.423215091228485107e-01
4.422866702079772949e-01
4.422941207885742188e-01
4.422221481800079346e-01
4.422125518321990967e-01
4.421889781951904297e-01
4.421374201774597168e-01
4.421744644641876221e-01
4.421210289001464844e-01
4.421165287494659424e-01
4.420863986015319824e-01
4.420641660690307617e-01
4.420554935932159424e-01
4.420559108257293701e-01
4.420305490493774414e-01
4.420284330844879150e-01
4.420193135738372803e-01
4.420161843299865723e-01
4.420048296451568604e-01
4.419967234134674072e-01
4.419964551925659180e-01
4.419859349727630615e-01
4.419811367988586426e-01
4.419758021831512451e-01
4.419739544391632080e-01
4.419720172882080078e-01
4.419665634632110596e-01
4.419690370559692383e-01
4.419628679752349854e-01
4.419603049755096436e-01
4.419574439525604248e-01
4.419552087783813477e-01
