2.510328292846679688e-01
6.286215782165527344e-02
1.254770755767822266e-01
1.687443256378173828e-01
2.025585174560546875e-01
1.550240516662597656e-01
1.915137767791748047e-01
1.313362121582031250e-01
1.385858058929443359e-01
1.824758052825927734e-01
9.077477455139160156e-02
1.261601448059082031e-01
1.321897506713867188e-01
2.114267349243164062e-01
1.704373359680175781e-01
1.189243793487548828e-01
2.174658775329589844e-01
1.657333374023437500e-01
1.474797725677490234e-01
1.696376800537109375e-01
2.096385955810546875e-01
1.989986896514892578e-01
1.566333770751953125e-01
9.270763397216796875e-02
8.340096473693847656e-02
1.478412151336669922e-01
1.213417053222656250e-01
9.532594680786132812e-02
1.180505752563476562e-01
1.329262256622314453e-01
1.604306697845458984e-01
1.666612625122070312e-01
1.536705493927001953e-01
1.737806797027587891e-01
1.847138404846191406e-01
1.202027797698974609e-01
2.196445465087890625e-01
2.144010066986083984e-01
1.577415466308593750e-01
2.556300163269042969e-01
1.114423274993896484e-01
1.810343265533447266e-01
1.962592601776123047e-01
5.963277816772460938e-02
2.321987152099609375e-01
1.865518093109130859e-01
2.049789428710937500e-01
1.877067089080810547e-01
1.219055652618408203e-01
1.704835891723632812e-01
2.149624824523925781e-01
1.888029575347900391e-01
2.030186653137207031e-01
1.193804740905761719e-01
1.088590621948242188e-01
1.893868446350097656e-01
1.550967693328857422e-01
8.937621116638183594e-02
1.334629058837890625e-01
2.557270526885986328e-01
3.135855197906494141e-01
2.083022594451904297e-01
1.287291049957275391e-01
1.611275672912597656e-01
2.054951190948486328e-01
1.135618686676025391e-01
1.278123855590820312e-01
1.416153907775878906e-01
1.001975536346435547e-01
2.006771564483642578e-01
7.389569282531738281e-02
1.431071758270263672e-01
1.740043163299560547e-01
1.150798797607421875e-01
2.366080284118652344e-01
1.953361034393310547e-01
7.151556015014648438e-02
1.087241172790527344e-01
1.782035827636718750e-01
1.032154560089111328e-01
1.955943107604980469e-01
1.389639377593994141e-01
1.142253875732421875e-01
1.530003547668457031e-01
1.628096103668212891e-01
1.636371612548828125e-01
1.826016902923583984e-01
9.844470024108886719e-02
8.314728736877441406e-02
1.940097808837890625e-01
1.062996387481689453e-01
1.822030544281005859e-01
2.652480602264404297e-01
1.406993865966796875e-01
1.574878692626953125e-01
1.563117504119873047e-01
1.980462074279785156e-01
9.789514541625976562e-02
1.652631759643554688e-01
1.408283710479736328e-01
