2.614089107513427734e+01
2.624691653251647949e+01
2.630872941017150879e+01
2.631733512878417969e+01
2.633964729309082031e+01
2.638364052772521973e+01
2.639241027832031250e+01
2.629659628868103027e+01
2.635505843162536621e+01
2.635078859329223633e+01
2.639557909965515137e+01
2.636092257499694824e+01
2.637990927696228027e+01
2.636150264739990234e+01
2.639526438713073730e+01
2.640883064270019531e+01
2.629760217666625977e+01
2.634131383895874023e+01
2.614784550666809082e+01
2.614643502235412598e+01
2.609017324447631836e+01
2.612012219429016113e+01
2.597639036178588867e+01
2.599610328674316406e+01
2.600124549865722656e+01
2.601215338706970215e+01
2.602298355102539062e+01
2.602178502082824707e+01
2.597404527664184570e+01
2.593854928016662598e+01
2.566432929039001465e+01
2.548594737052917480e+01
2.537603402137756348e+01
2.540761303901672363e+01
2.538007235527038574e+01
2.539320158958435059e+01
2.528522825241088867e+01
2.544442772865295410e+01
2.545141386985778809e+01
2.534207344055175781e+01
2.528101038932800293e+01
2.531157445907592773e+01
2.531240892410278320e+01
2.531835317611694336e+01
2.535259795188903809e+01
2.534377241134643555e+01
2.532240176200866699e+01
2.533873867988586426e+01
2.539626383781433105e+01
2.537024116516113281e+01
