4.874927923083305359e-02
3.963004564866423607e-04
1.411273697158321738e-04
8.023199188755825162e-05
5.218392107053659856e-05
3.706839561345987022e-05
2.808860517689026892e-05
2.200379458372481167e-05
1.766203786246478558e-05
1.436138973076594993e-05
1.188725946121849120e-05
9.966759535018354654e-06
8.427172360825352371e-06
7.233912128867814317e-06
6.288567419687751681e-06
5.485293968376936391e-06
4.812744464288698509e-06
4.243990133545594290e-06
3.748931021618773229e-06
3.332907454023370519e-06
2.971771664306288585e-06
2.653866204127552919e-06
2.379660600126953796e-06
2.137846649929997511e-06
1.925353899423498660e-06
1.736518584039004054e-06
1.571980874359724112e-06
1.424265860805462580e-06
1.290540694753872231e-06
1.175609213532879949e-06
