5.558156967163085938e-02
5.565237998962402344e-02
5.583047866821289062e-02
5.598425865173339844e-02
5.561876296997070312e-02
5.521869659423828125e-02
5.543351173400878906e-02
5.559802055358886719e-02
5.606889724731445312e-02
5.584979057312011719e-02
5.590367317199707031e-02
5.664491653442382812e-02
5.549168586730957031e-02
5.576467514038085938e-02
5.603814125061035156e-02
5.611991882324218750e-02
5.597949028015136719e-02
5.583882331848144531e-02
5.637693405151367188e-02
5.612969398498535156e-02
5.607080459594726562e-02
5.590081214904785156e-02
5.556106567382812500e-02
5.544328689575195312e-02
5.565357208251953125e-02
5.576539039611816406e-02
5.585360527038574219e-02
5.569767951965332031e-02
5.584454536437988281e-02
5.782556533813476562e-02
