5.551815032958984375e-02
1.464390754699707031e-02
3.905868530273437500e-02
3.071689605712890625e-02
5.453395843505859375e-02
6.322860717773437500e-02
5.227184295654296875e-02
5.453467369079589844e-02
3.395342826843261719e-02
5.188059806823730469e-02
2.296137809753417969e-02
1.292240619659423828e-01
4.496335983276367188e-02
4.804921150207519531e-02
4.655909538269042969e-02
6.649494171142578125e-02
8.424139022827148438e-02
7.034063339233398438e-02
4.021334648132324219e-02
4.827380180358886719e-02
4.025912284851074219e-02
6.765460968017578125e-02
5.464529991149902344e-02
2.448105812072753906e-02
5.942535400390625000e-02
9.873175621032714844e-02
8.789300918579101562e-02
6.713771820068359375e-02
3.887414932250976562e-02
4.546546936035156250e-02
3.953695297241210938e-02
5.635690689086914062e-02
8.972907066345214844e-02
5.656528472900390625e-02
9.675955772399902344e-02
2.284669876098632812e-02
2.084920406341552734e-01
5.254316329956054688e-02
4.753065109252929688e-02
1.828718185424804688e-02
8.361649513244628906e-02
3.943014144897460938e-02
4.048895835876464844e-02
5.955767631530761719e-02
9.256505966186523438e-02
3.704977035522460938e-02
2.693796157836914062e-02
1.455566883087158203e-01
5.296301841735839844e-02
4.853510856628417969e-02
3.584527969360351562e-02
6.619882583618164062e-02
2.764487266540527344e-02
3.845429420471191406e-02
6.733584403991699219e-02
4.059505462646484375e-02
6.999921798706054688e-02
5.411410331726074219e-02
6.034231185913085938e-02
4.590106010437011719e-02
1.490712165832519531e-02
8.726954460144042969e-02
2.676224708557128906e-02
7.702755928039550781e-02
2.375316619873046875e-02
2.966809272766113281e-02
6.632065773010253906e-02
6.749749183654785156e-02
4.049944877624511719e-02
4.301166534423828125e-02
1.271588802337646484e-01
3.711771965026855469e-02
5.126023292541503906e-02
3.452873229980468750e-02
4.327011108398437500e-02
3.527927398681640625e-02
9.111618995666503906e-02
6.160211563110351562e-02
5.958032608032226562e-02
5.215740203857421875e-02
8.667302131652832031e-02
4.790639877319335938e-02
4.492187500000000000e-02
7.125043869018554688e-02
4.084444046020507812e-02
5.407023429870605469e-02
4.472231864929199219e-02
4.669618606567382812e-02
8.577108383178710938e-03
2.948999404907226562e-02
6.241011619567871094e-02
1.412901878356933594e-01
5.169010162353515625e-02
2.266240119934082031e-02
6.856894493103027344e-02
6.499695777893066406e-02
9.128952026367187500e-02
3.296852111816406250e-02
6.270647048950195312e-02
5.935502052307128906e-02
