4.224610328674316406e-02
6.644773483276367188e-02
5.687117576599121094e-02
3.655672073364257812e-02
5.102658271789550781e-02
4.362106323242187500e-02
5.271649360656738281e-02
5.325651168823242188e-02
1.171910762786865234e-01
4.645228385925292969e-02
2.285337448120117188e-02
8.622860908508300781e-02
2.638220787048339844e-02
3.688049316406250000e-02
1.420235633850097656e-02
1.061105728149414062e-01
6.711673736572265625e-02
7.521605491638183594e-02
5.214476585388183594e-02
5.639791488647460938e-02
2.661705017089843750e-02
6.186962127685546875e-02
7.604813575744628906e-02
3.636240959167480469e-02
5.394387245178222656e-02
4.466319084167480469e-02
4.478549957275390625e-02
7.747077941894531250e-02
3.219580650329589844e-02
5.362057685852050781e-02
3.161406517028808594e-02
4.769945144653320312e-02
4.366827011108398438e-02
7.230997085571289062e-02
7.125115394592285156e-02
1.637935638427734375e-02
1.957418918609619141e-01
7.110381126403808594e-02
2.328491210937500000e-02
2.726650238037109375e-02
9.544587135314941406e-02
5.263900756835937500e-02
4.042458534240722656e-02
4.689931869506835938e-02
5.357885360717773438e-02
2.876901626586914062e-02
2.682328224182128906e-02
9.179472923278808594e-02
3.279280662536621094e-02
4.958534240722656250e-02
3.573226928710937500e-02
6.105875968933105469e-02
4.176759719848632812e-02
3.873038291931152344e-02
3.226423263549804688e-02
4.988574981689453125e-02
6.992483139038085938e-02
4.709291458129882812e-02
6.027865409851074219e-02
4.581332206726074219e-02
1.022696495056152344e-02
1.007456779479980469e-01
4.878282546997070312e-02
6.425428390502929688e-02
2.367067337036132812e-02
3.337669372558593750e-02
1.371414661407470703e-01
7.701134681701660156e-02
4.037857055664062500e-02
4.396533966064453125e-02
1.056978702545166016e-01
3.483891487121582031e-02
5.121588706970214844e-02
2.228164672851562500e-02
5.091381072998046875e-02
3.513646125793457031e-02
7.689714431762695312e-02
8.522486686706542969e-02
4.365205764770507812e-02
2.616739273071289062e-02
1.178073883056640625e-01
8.933806419372558594e-02
3.382873535156250000e-02
2.921652793884277344e-02
4.460716247558593750e-02
5.127072334289550781e-02
4.463076591491699219e-02
2.739024162292480469e-02
2.350378036499023438e-02
3.175973892211914062e-02
4.296660423278808594e-02
7.913208007812500000e-02
3.854918479919433594e-02
3.486323356628417969e-02
6.362676620483398438e-02
1.256928443908691406e-01
1.198368072509765625e-01
3.770613670349121094e-02
8.186793327331542969e-02
4.275178909301757812e-02
