2.346319437026977539e+00
2.177831888198852539e+00
2.061559677124023438e+00
1.959808707237243652e+00
1.895352482795715332e+00
1.865598917007446289e+00
1.859987974166870117e+00
1.857784271240234375e+00
1.851866483688354492e+00
1.850876450538635254e+00
1.851159214973449707e+00
1.851214647293090820e+00
1.852117538452148438e+00
1.850103259086608887e+00
1.849195361137390137e+00
1.849801659584045410e+00
1.850425362586975098e+00
1.849083185195922852e+00
1.848730206489562988e+00
1.848340749740600586e+00
1.850455522537231445e+00
1.848930954933166504e+00
1.850348353385925293e+00
1.850459814071655273e+00
1.848441243171691895e+00
1.849627256393432617e+00
1.848902583122253418e+00
1.846801400184631348e+00
1.846863031387329102e+00
1.850550889968872070e+00
1.850319147109985352e+00
1.848689198493957520e+00
1.847754478454589844e+00
1.846959948539733887e+00
1.850693821907043457e+00
1.851196408271789551e+00
1.848675966262817383e+00
1.847391963005065918e+00
1.850361227989196777e+00
1.849797725677490234e+00
1.847296595573425293e+00
1.846316099166870117e+00
1.849786639213562012e+00
1.851449728012084961e+00
1.850074052810668945e+00
1.850042223930358887e+00
1.848002672195434570e+00
1.848061919212341309e+00
1.849561929702758789e+00
1.848756551742553711e+00
1.850108623504638672e+00
1.848890304565429688e+00
1.848303794860839844e+00
1.850303411483764648e+00
1.848414897918701172e+00
1.848010182380676270e+00
1.850521087646484375e+00
1.851133346557617188e+00
1.850305199623107910e+00
1.848793387413024902e+00
1.848045349121093750e+00
1.849447607994079590e+00
1.849289178848266602e+00
1.849270939826965332e+00
1.850143074989318848e+00
1.850712895393371582e+00
1.850487232208251953e+00
1.849246978759765625e+00
1.848593831062316895e+00
1.849706292152404785e+00
1.849621772766113281e+00
1.850391387939453125e+00
1.848322629928588867e+00
1.849660158157348633e+00
1.849560618400573730e+00
1.849502563476562500e+00
1.849518775939941406e+00
1.849792122840881348e+00
1.850387930870056152e+00
1.849390268325805664e+00
1.850143194198608398e+00
1.849476456642150879e+00
1.847995877265930176e+00
1.849396705627441406e+00
1.851176619529724121e+00
1.849175572395324707e+00
1.847115755081176758e+00
1.850625514984130859e+00
1.849326133728027344e+00
1.847832083702087402e+00
1.850328087806701660e+00
1.849393844604492188e+00
1.849164128303527832e+00
1.847044348716735840e+00
1.848130345344543457e+00
1.850089788436889648e+00
1.850548744201660156e+00
1.847321271896362305e+00
1.848010420799255371e+00
1.850247859954833984e+00
