1.685532379150390625e+01
1.646984028816223145e+01
3.313334584236145020e+01
2.142388033866882324e+01
3.521813631057739258e+01
2.039221906661987305e+01
1.645137023925781250e+01
3.461357879638671875e+01
4.090316200256347656e+01
1.736284828186035156e+01
2.033053207397460938e+01
3.114202332496643066e+01
2.827149987220764160e+01
3.388483142852783203e+01
3.004941534996032715e+01
2.268473768234252930e+01
2.636418676376342773e+01
2.752840590476989746e+01
2.774413275718688965e+01
2.847652864456176758e+01
2.774355411529541016e+01
2.980086374282836914e+01
4.089147138595581055e+01
1.717426729202270508e+01
2.894636201858520508e+01
2.716332268714904785e+01
3.159699463844299316e+01
3.167878842353820801e+01
2.721925187110900879e+01
3.020528912544250488e+01
2.486526775360107422e+01
3.055545330047607422e+01
4.089835071563720703e+01
1.653956913948059082e+01
4.090002417564392090e+01
4.089644765853881836e+01
1.662392926216125488e+01
4.092137408256530762e+01
2.041481637954711914e+01
2.984463310241699219e+01
2.542406320571899414e+01
3.008344602584838867e+01
2.555456948280334473e+01
2.715712356567382812e+01
3.599608874320983887e+01
2.124304747581481934e+01
3.342832088470458984e+01
2.615133953094482422e+01
3.008378005027770996e+01
2.550348472595214844e+01
3.064078283309936523e+01
2.480309247970581055e+01
4.092480874061584473e+01
2.043794631958007812e+01
3.258047342300415039e+01
3.381186532974243164e+01
2.588214349746704102e+01
2.429108142852783203e+01
2.943985772132873535e+01
3.117039465904235840e+01
4.090697169303894043e+01
2.039149188995361328e+01
3.377514934539794922e+01
2.134329271316528320e+01
4.090699982643127441e+01
2.039832115173339844e+01
2.713020515441894531e+01
3.164066720008850098e+01
2.797014594078063965e+01
2.937594699859619141e+01
2.640713524818420410e+01
2.979667353630065918e+01
2.044729566574096680e+01
2.413735914230346680e+01
3.204203462600708008e+01
2.046691465377807617e+01
2.888561844825744629e+01
4.090152597427368164e+01
2.175185990333557129e+01
2.667832088470458984e+01
3.396174740791320801e+01
1.669650936126708984e+01
3.458491921424865723e+01
2.115289282798767090e+01
4.091101980209350586e+01
2.119361805915832520e+01
4.090696096420288086e+01
2.042884540557861328e+01
4.091199016571044922e+01
2.043940067291259766e+01
3.155826258659362793e+01
2.409756565093994141e+01
2.875368118286132812e+01
2.694637203216552734e+01
2.869646525382995605e+01
2.980904483795166016e+01
2.706070899963378906e+01
4.091534161567687988e+01
1.653411078453063965e+01
3.398312902450561523e+01
