2.048229718208312988e+01
1.372023797035217285e+01
3.472828817367553711e+01
2.097719287872314453e+01
3.462091922760009766e+01
2.120211148262023926e+01
3.392362046241760254e+01
1.427114892005920410e+01
4.093969202041625977e+01
1.430852675437927246e+01
2.001748394966125488e+01
2.084438514709472656e+01
1.456571412086486816e+01
2.059628534317016602e+01
3.434335446357727051e+01
4.093932437896728516e+01
1.421770811080932617e+01
2.051832795143127441e+01
3.155540800094604492e+01
2.307483673095703125e+01
3.398890614509582520e+01
2.061875557899475098e+01
2.049254417419433594e+01
1.393846392631530762e+01
2.045924711227416992e+01
2.046029925346374512e+01
2.045940375328063965e+01
2.950128245353698730e+01
2.168234729766845703e+01
3.409141564369201660e+01
4.093966960906982422e+01
2.046782827377319336e+01
2.045895695686340332e+01
2.847381186485290527e+01
2.351088500022888184e+01
3.273900055885314941e+01
2.311678028106689453e+01
4.093986916542053223e+01
1.362095713615417480e+01
3.159013271331787109e+01
2.262125492095947266e+01
3.246724152565002441e+01
2.146393895149230957e+01
3.266435217857360840e+01
2.080917048454284668e+01
4.094032025337219238e+01
1.363866996765136719e+01
3.468774032592773438e+01
2.581351017951965332e+01
2.804508018493652344e+01
