1.219962954521179199e+00
1.169857740402221680e+00
1.314868330955505371e+00
1.359596967697143555e+00
1.228473067283630371e+00
1.065682530403137207e+00
8.565456271171569824e-01
8.800002932548522949e-01
9.506060481071472168e-01
1.404111146926879883e+00
1.167880535125732422e+00
1.183160305023193359e+00
7.799838185310363770e-01
7.206570506095886230e-01
7.156445980072021484e-01
6.429651379585266113e-01
6.174494028091430664e-01
5.456343889236450195e-01
5.106799602508544922e-01
4.637892544269561768e-01
4.356152415275573730e-01
4.328706860542297363e-01
4.497490525245666504e-01
4.441455602645874023e-01
4.310570657253265381e-01
4.247131943702697754e-01
4.241747260093688965e-01
4.299617707729339600e-01
4.407179057598114014e-01
4.404856264591217041e-01
4.335019886493682861e-01
4.276174902915954590e-01
4.277599155902862549e-01
4.290541112422943115e-01
4.294129908084869385e-01
4.279358386993408203e-01
4.261893928050994873e-01
4.229044914245605469e-01
4.234025478363037109e-01
4.182200729846954346e-01
4.082947969436645508e-01
4.068982303142547607e-01
4.026499688625335693e-01
3.989566862583160400e-01
3.962190151214599609e-01
3.920866549015045166e-01
3.913710117340087891e-01
3.901034593582153320e-01
3.898008465766906738e-01
3.899893164634704590e-01
