6.389617919921875000e-03
3.542375564575195312e-02
8.955597877502441406e-02
4.458260536193847656e-02
1.092493534088134766e-01
3.213334083557128906e-02
5.949020385742187500e-03
3.911972045898437500e-02
6.284952163696289062e-03
6.194591522216796875e-03
1.673817634582519531e-02
6.154537200927734375e-03
6.377220153808593750e-03
6.231307983398437500e-03
6.063938140869140625e-03
6.097316741943359375e-03
7.777762413024902344e-02
6.005525588989257812e-03
6.124258041381835938e-03
4.596638679504394531e-02
6.245613098144531250e-03
1.357047557830810547e-01
2.228856086730957031e-02
6.071329116821289062e-03
5.209589004516601562e-02
5.938291549682617188e-03
6.284952163696289062e-03
6.285667419433593750e-03
2.949357032775878906e-02
7.969880104064941406e-02
6.036996841430664062e-03
6.141185760498046875e-03
6.085395812988281250e-03
7.907867431640625000e-03
6.112575531005859375e-03
4.408574104309082031e-02
3.974723815917968750e-02
6.281614303588867188e-03
1.254439353942871094e-02
8.152246475219726562e-03
6.057977676391601562e-03
6.275653839111328125e-03
6.167173385620117188e-03
6.049633026123046875e-03
6.587743759155273438e-03
6.189823150634765625e-03
4.235935211181640625e-02
6.305217742919921875e-03
5.964756011962890625e-03
8.582115173339843750e-03
