1.439508962631225586e+01
1.438856124877929688e+01
1.791531562805175781e+01
1.455936455726623535e+01
1.445426607131958008e+01
1.434012317657470703e+01
1.437193393707275391e+01
1.440602231025695801e+01
1.442695569992065430e+01
1.818211007118225098e+01
1.443778181076049805e+01
1.781820845603942871e+01
1.430359411239624023e+01
1.829596686363220215e+01
1.465763592720031738e+01
1.733155298233032227e+01
1.436239433288574219e+01
1.435867547988891602e+01
1.805210089683532715e+01
1.438299083709716797e+01
1.435981154441833496e+01
1.434298014640808105e+01
1.433504462242126465e+01
1.435370206832885742e+01
1.431246519088745117e+01
1.796002388000488281e+01
1.435580897331237793e+01
1.803504085540771484e+01
1.436715769767761230e+01
1.437841653823852539e+01
1.436746859550476074e+01
1.430856895446777344e+01
1.440984416007995605e+01
1.810510635375976562e+01
1.430134534835815430e+01
1.431310272216796875e+01
1.797671055793762207e+01
1.441005730628967285e+01
1.440260577201843262e+01
1.806697297096252441e+01
1.432060313224792480e+01
1.433170962333679199e+01
1.429153823852539062e+01
1.433277368545532227e+01
1.793308544158935547e+01
1.817275619506835938e+01
1.427730107307434082e+01
1.430048751831054688e+01
1.431095719337463379e+01
1.428991341590881348e+01
