1.022068929672241211e+01
9.275719881057739258e+00
9.271740436553955078e+00
9.266558170318603516e+00
9.266947031021118164e+00
9.215310811996459961e+00
9.280192136764526367e+00
9.204122781753540039e+00
9.151319980621337891e+00
9.186232089996337891e+00
9.273029327392578125e+00
9.232638597488403320e+00
9.251983404159545898e+00
9.369796514511108398e+00
9.382204055786132812e+00
9.285234928131103516e+00
9.310883760452270508e+00
9.254039287567138672e+00
9.172735452651977539e+00
9.161149501800537109e+00
9.255770444869995117e+00
9.369155406951904297e+00
9.261229991912841797e+00
9.359396696090698242e+00
9.277998447418212891e+00
9.269454002380371094e+00
9.378843307495117188e+00
9.240787982940673828e+00
9.224885940551757812e+00
9.146882772445678711e+00
