1.010296046733856201e-01
2.088159620761871338e-01
1.708494275808334351e-01
4.456242024898529053e-01
3.677606284618377686e-01
4.826254844665527344e-01
4.292149245738983154e-01
4.819819927215576172e-01
4.572072029113769531e-01
5.939511060714721680e-01
6.126126050949096680e-01
6.322394013404846191e-01
6.422136425971984863e-01
6.480051279067993164e-01
6.631274223327636719e-01
6.084298491477966309e-01
2.184684723615646362e-01
2.252252250909805298e-01
2.004504501819610596e-01
2.117117047309875488e-01
2.226512283086776733e-01
2.232947200536727905e-01
2.281209826469421387e-01
2.290862351655960083e-01
2.171814739704132080e-01
3.182110786437988281e-01
4.877734780311584473e-01
5.260617733001708984e-01
5.736808180809020996e-01
6.019948720932006836e-01
6.113256216049194336e-01
6.415701508522033691e-01
6.473616361618041992e-01
6.476833820343017578e-01
6.454311609268188477e-01
6.325611472129821777e-01
6.248391270637512207e-01
6.277348995208740234e-01
6.248391270637512207e-01
6.287001371383666992e-01
6.373873949050903320e-01
6.373873949050903320e-01
6.422136425971984863e-01
6.399613618850708008e-01
6.402831673622131348e-01
6.431788802146911621e-01
6.415701508522033691e-01
6.435006260871887207e-01
6.377091407775878906e-01
6.415701508522033691e-01
6.425353884696960449e-01
6.393178701400756836e-01
6.428571343421936035e-01
6.415701508522033691e-01
6.319176554679870605e-01
6.380308866500854492e-01
6.264478564262390137e-01
6.258043646812438965e-01
6.261261105537414551e-01
6.203346252441406250e-01
6.187258958816528320e-01
6.161518692970275879e-01
6.103603839874267578e-01
6.055340766906738281e-01
5.855855941772460938e-01
5.826898217201232910e-01
5.736808180809020996e-01
5.682110786437988281e-01
5.595238208770751953e-01
5.427927970886230469e-01
5.344272851943969727e-01
5.186614990234375000e-01
5.061132311820983887e-01
4.913127422332763672e-01
4.797297418117523193e-01
4.658944606781005859e-01
4.543114602565765381e-01
4.398326873779296875e-01
4.311454296112060547e-01
4.227799177169799805e-01
4.128056764602661133e-01
4.047619104385375977e-01
3.960746526718139648e-01
3.880308866500854492e-01
3.774131238460540771e-01
3.758043646812438965e-01
3.684041202068328857e-01
3.661518692970275879e-01
3.584298491477966309e-01
3.587515950202941895e-01
3.526383638381958008e-01
3.468468487262725830e-01
3.474903404712677002e-01
3.426640927791595459e-01
3.394466042518615723e-01
3.375160992145538330e-01
3.388030827045440674e-01
3.388030827045440674e-01
3.339768350124359131e-01
3.320463299751281738e-01
3.359073400497436523e-01
3.314028382301330566e-01
3.301158249378204346e-01
3.285070657730102539e-01
3.285070657730102539e-01
3.262548148632049561e-01
3.285070657730102539e-01
3.259330689907073975e-01
3.243243098258972168e-01
3.230373263359069824e-01
3.227155804634094238e-01
3.243243098258972168e-01
3.214285671710968018e-01
3.217503130435943604e-01
3.227155804634094238e-01
3.217503130435943604e-01
3.214285671710968018e-01
3.178893327713012695e-01
3.227155804634094238e-01
3.201415836811065674e-01
3.236808180809020996e-01
3.227155804634094238e-01
3.191763162612915039e-01
3.194980621337890625e-01
3.211068212985992432e-01
3.214285671710968018e-01
3.169240653514862061e-01
3.230373263359069824e-01
3.175675570964813232e-01
3.188545703887939453e-01
3.188545703887939453e-01
3.182110786437988281e-01
3.214285671710968018e-01
3.207850754261016846e-01
3.178893327713012695e-01
3.201415836811065674e-01
3.204633295536041260e-01
3.223938345909118652e-01
3.172458112239837646e-01
3.211068212985992432e-01
3.178893327713012695e-01
3.204633295536041260e-01
3.191763162612915039e-01
3.230373263359069824e-01
3.201415836811065674e-01
3.223938345909118652e-01
3.204633295536041260e-01
3.182110786437988281e-01
3.201415836811065674e-01
3.211068212985992432e-01
3.240025639533996582e-01
3.211068212985992432e-01
3.175675570964813232e-01
3.207850754261016846e-01
3.198198080062866211e-01
3.172458112239837646e-01
3.227155804634094238e-01
3.207850754261016846e-01
3.230373263359069824e-01
3.217503130435943604e-01
3.223938345909118652e-01
3.227155804634094238e-01
3.185328245162963867e-01
3.211068212985992432e-01
3.162805736064910889e-01
3.198198080062866211e-01
3.169240653514862061e-01
3.211068212985992432e-01
3.185328245162963867e-01
3.178893327713012695e-01
3.162805736064910889e-01
3.207850754261016846e-01
3.204633295536041260e-01
3.214285671710968018e-01
3.175675570964813232e-01
3.185328245162963867e-01
3.194980621337890625e-01
3.185328245162963867e-01
3.194980621337890625e-01
3.240025639533996582e-01
3.188545703887939453e-01
3.217503130435943604e-01
3.194980621337890625e-01
3.207850754261016846e-01
3.178893327713012695e-01
3.188545703887939453e-01
3.204633295536041260e-01
3.233590722084045410e-01
3.198198080062866211e-01
3.185328245162963867e-01
3.214285671710968018e-01
3.233590722084045410e-01
3.220720589160919189e-01
3.194980621337890625e-01
3.188545703887939453e-01
3.188545703887939453e-01
3.204633295536041260e-01
3.194980621337890625e-01
3.198198080062866211e-01
3.191763162612915039e-01
