4.588311165571212769e-02
5.624396260827779770e-03
3.954762592911720276e-03
1.918138354085385799e-03
1.565908431075513363e-03
1.391490455716848373e-03
1.113410457037389278e-03
1.341016730293631554e-03
7.992625469341874123e-04
5.219979793764650822e-04
5.780172068625688553e-04
4.959957441315054893e-04
4.462871875148266554e-04
3.691886959131807089e-04
3.258814977016299963e-04
2.731553686317056417e-04
2.287659008288756013e-04
1.596603106008842587e-04
1.457518083043396473e-04
1.400385663146153092e-04
8.001974492799490690e-05
9.005645551951602101e-05
7.208986062323674560e-05
5.867850632057525218e-05
5.156271799933165312e-05
4.207921665511094034e-05
3.900386946042999625e-05
2.907264752138871700e-05
2.354271964577492326e-05
2.636223689478356391e-05
1.692230034677777439e-05
1.266938670596573502e-05
9.931240128935314715e-06
6.996337106102146208e-06
5.610480457107769325e-06
4.506010100158164278e-06
4.109594101464608684e-06
3.367834551681880839e-06
2.890213409045827575e-06
2.557850393714033999e-06
2.308913508386467583e-06
2.119482815032824874e-06
1.950502110048546456e-06
1.788550207493244670e-06
1.654622565183672123e-06
1.561590579512994736e-06
1.464210527046816424e-06
1.378717115585459396e-06
1.336168452326091938e-06
1.269983954443887342e-06
