8.719149351119995117e+00
8.705878496170043945e+00
8.723009586334228516e+00
8.697850942611694336e+00
8.683276414871215820e+00
8.662667751312255859e+00
8.738873958587646484e+00
8.688309669494628906e+00
8.730922937393188477e+00
8.744358539581298828e+00
8.706102371215820312e+00
8.668819427490234375e+00
8.715874671936035156e+00
8.716625213623046875e+00
8.760673284530639648e+00
8.699974775314331055e+00
1.507729983329772949e+01
8.699926614761352539e+00
8.711605310440063477e+00
8.759489536285400391e+00
8.696652889251708984e+00
1.507414746284484863e+01
8.659607648849487305e+00
8.729523420333862305e+00
8.682229518890380859e+00
1.467398476600646973e+01
8.688257932662963867e+00
8.647599458694458008e+00
1.463642168045043945e+01
8.686416625976562500e+00
8.706911087036132812e+00
8.677899360656738281e+00
8.697033166885375977e+00
8.701784133911132812e+00
8.706570625305175781e+00
8.667111873626708984e+00
8.733999967575073242e+00
8.697589874267578125e+00
8.711396694183349609e+00
8.714995384216308594e+00
8.699914932250976562e+00
8.692519187927246094e+00
8.735450506210327148e+00
8.728043556213378906e+00
8.688058137893676758e+00
8.733663320541381836e+00
8.693768978118896484e+00
8.751580953598022461e+00
8.810697793960571289e+00
8.720617055892944336e+00
