6.162643432617187500e-02
6.147384643554687500e-02
6.098747253417968750e-02
6.167984008789062500e-02
6.148076057434082031e-02
6.105089187622070312e-02
6.136274337768554688e-02
6.083059310913085938e-02
6.110548973083496094e-02
6.114006042480468750e-02
6.122040748596191406e-02
6.080794334411621094e-02
6.120777130126953125e-02
6.113457679748535156e-02
6.082844734191894531e-02
6.108212471008300781e-02
6.132483482360839844e-02
6.098508834838867188e-02
6.137037277221679688e-02
6.172418594360351562e-02
6.140875816345214844e-02
6.124949455261230469e-02
6.147170066833496094e-02
6.135678291320800781e-02
6.134819984436035156e-02
6.162381172180175781e-02
6.167984008789062500e-02
6.111097335815429688e-02
6.247353553771972656e-02
6.129026412963867188e-02
6.158375740051269531e-02
6.135487556457519531e-02
6.314039230346679688e-02
6.211495399475097656e-02
6.171727180480957031e-02
6.202721595764160156e-02
6.162643432617187500e-02
6.202387809753417969e-02
6.220173835754394531e-02
6.216526031494140625e-02
6.185650825500488281e-02
6.235408782958984375e-02
6.248545646667480469e-02
6.223726272583007812e-02
6.198978424072265625e-02
6.218290328979492188e-02
6.250834465026855469e-02
6.205606460571289062e-02
6.269073486328125000e-02
6.234598159790039062e-02
