1.389176177978515625e+01
2.046011567115783691e+01
2.046661424636840820e+01
2.046673369407653809e+01
1.328378868103027344e+01
3.183614110946655273e+01
1.281922101974487305e+01
4.094002461433410645e+01
1.239682698249816895e+01
2.692443633079528809e+01
2.841862630844116211e+01
1.380023813247680664e+01
2.045950174331665039e+01
1.907216882705688477e+01
1.921503138542175293e+01
1.387651991844177246e+01
1.902567696571350098e+01
1.390580773353576660e+01
1.430852985382080078e+01
1.417481827735900879e+01
4.093892621994018555e+01
1.303816914558410645e+01
2.064037632942199707e+01
4.093980097770690918e+01
1.641218924522399902e+01
3.054712581634521484e+01
2.470567321777343750e+01
3.048627781867980957e+01
1.429145669937133789e+01
2.057465815544128418e+01
2.046012043952941895e+01
1.522342085838317871e+01
3.116382932662963867e+01
4.093891930580139160e+01
2.046665668487548828e+01
1.319016385078430176e+01
1.541922640800476074e+01
1.932948899269104004e+01
2.003769898414611816e+01
2.046025753021240234e+01
1.421205759048461914e+01
1.965328264236450195e+01
1.293776178359985352e+01
1.982221031188964844e+01
2.045979976654052734e+01
1.352555274963378906e+01
2.009442520141601562e+01
3.289601850509643555e+01
2.237434625625610352e+01
1.968284440040588379e+01
