7.285334169864654541e-02
1.009802147746086121e-02
5.630197003483772278e-03
1.449660281650722027e-03
1.333864871412515640e-03
1.158567611128091812e-03
1.031305640935897827e-03
8.944571018218994141e-04
8.462679106742143631e-04
7.333945832215249538e-04
4.599021631292998791e-04
7.422111229971051216e-04
1.222377177327871323e-04
8.868535951478406787e-05
4.774588524014689028e-05
3.692312020575627685e-05
3.812213981291279197e-05
3.736506550922058523e-05
3.044331970158964396e-05
2.901027255575172603e-05
2.449023850203957409e-05
2.092244176310487092e-05
1.990215241676196456e-05
1.663375405769329518e-05
1.709727621346246451e-05
1.652727405598852783e-05
1.482524749008007348e-05
1.437621085642604157e-05
1.263943249796284363e-05
1.174422141048125923e-05
1.082689504983136430e-05
1.069521476892987266e-05
1.077992783393710852e-05
1.068262372427852824e-05
9.290357411373406649e-06
7.328952960961032659e-06
6.061679869162617251e-06
5.353694177756551653e-06
4.695982624980388209e-06
4.216037268633954227e-06
3.792641791733331047e-06
3.440559794398723170e-06
3.188250957464333624e-06
2.973704567921231501e-06
2.727539140323642641e-06
2.579163492555380799e-06
2.449113026159466244e-06
2.309303908987203613e-06
2.220622036475106142e-06
2.105203293467639014e-06
