1.288586258888244629e-01
2.382759191095829010e-02
1.854566670954227448e-02
1.506464555859565735e-02
1.424549706280231476e-02
8.153560571372509003e-03
6.181513890624046326e-03
5.037323571741580963e-03
5.371409934014081955e-03
5.249413661658763885e-03
4.910177085548639297e-03
4.951270297169685364e-03
3.719477215781807899e-03
4.186096601188182831e-03
3.647250123322010040e-03
4.724311176687479019e-03
2.623029984533786774e-03
2.444159006699919701e-03
2.455903217196464539e-03
2.492576139047741890e-03
2.196263289079070091e-03
2.152462489902973175e-03
2.058800775557756424e-03
1.979140099138021469e-03
1.814155257306993008e-03
1.706536277197301388e-03
1.694215228781104088e-03
1.543158432468771935e-03
1.394007354974746704e-03
1.192875439301133156e-03
1.074900850653648376e-03
7.719445275142788887e-04
7.795798592269420624e-04
6.948965601623058319e-04
6.531287799589335918e-04
6.146330852061510086e-04
5.847272695973515511e-04
5.673475679941475391e-04
5.514958174899220467e-04
5.418784567154943943e-04
5.267801461741328239e-04
5.148511263541877270e-04
5.069851176813244820e-04
4.952113376930356026e-04
4.887891118414700031e-04
4.823307681363075972e-04
4.605995200108736753e-04
4.411710542626678944e-04
4.227744939271360636e-04
4.022606881335377693e-04
