5.945849418640136719e-02
5.889821052551269531e-02
5.871605873107910156e-02
5.903911590576171875e-02
5.866980552673339844e-02
5.876708030700683594e-02
5.891227722167968750e-02
5.853199958801269531e-02
5.852556228637695312e-02
5.871343612670898438e-02
5.823612213134765625e-02
5.868387222290039062e-02
5.856943130493164062e-02
5.830287933349609375e-02
5.851864814758300781e-02
5.884099006652832031e-02
5.884480476379394531e-02
5.889225006103515625e-02
5.909180641174316406e-02
5.939936637878417969e-02
5.926918983459472656e-02
5.897283554077148438e-02
5.926752090454101562e-02
5.949139595031738281e-02
5.967760086059570312e-02
5.959367752075195312e-02
5.954742431640625000e-02
5.934166908264160156e-02
5.939912796020507812e-02
5.911970138549804688e-02
5.847883224487304688e-02
5.917739868164062500e-02
5.888390541076660156e-02
5.861949920654296875e-02
5.884265899658203125e-02
5.877327919006347656e-02
5.893015861511230469e-02
5.918121337890625000e-02
5.930018424987792969e-02
5.913853645324707031e-02
5.905365943908691406e-02
5.921792984008789062e-02
5.921006202697753906e-02
5.895042419433593750e-02
5.887579917907714844e-02
5.914187431335449219e-02
5.880594253540039062e-02
5.874919891357421875e-02
5.921816825866699219e-02
5.928611755371093750e-02
