7.517266273498535156e-02
1.687311567366123199e-02
1.244400907307863235e-02
1.319747511297464371e-02
7.916866801679134369e-03
9.576761163771152496e-03
6.745412945747375488e-03
8.048743940889835358e-03
6.042880937457084656e-03
5.396638065576553345e-03
5.128212273120880127e-03
4.561036825180053711e-03
4.315675236284732819e-03
4.648025613278150558e-03
4.145558457821607590e-03
3.594041336327791214e-03
3.183656139299273491e-03
2.913602162152528763e-03
2.565604867413640022e-03
2.673953073099255562e-03
2.199475187808275223e-03
1.963984221220016479e-03
1.801132573746144772e-03
1.749342540279030800e-03
1.647068071179091930e-03
1.350602484308183193e-03
1.253642607480287552e-03
1.179213635623455048e-03
1.111162244342267513e-03
8.510979823768138885e-04
7.851406699046492577e-04
6.437318515963852406e-04
5.935745430178940296e-04
4.543666145764291286e-04
3.875091497320681810e-04
5.080191767774522305e-04
2.339541388209909201e-04
1.796836586436256766e-04
1.618986862013116479e-04
1.670658384682610631e-04
1.624574797460809350e-04
1.539160875836387277e-04
1.408236857969313860e-04
1.179045430035330355e-04
1.003011129796504974e-04
8.490413165418431163e-05
7.510300201829522848e-05
6.568481330759823322e-05
6.003345697536133230e-05
5.338685514288954437e-05
