7.614011526107788086e+00
7.568966865539550781e+00
7.594114780426025391e+00
7.554457187652587891e+00
7.623251914978027344e+00
7.375334978103637695e+00
7.391044616699218750e+00
7.555919647216796875e+00
7.507068157196044922e+00
7.346151590347290039e+00
7.499995946884155273e+00
7.395526885986328125e+00
7.574217319488525391e+00
7.314880847930908203e+00
7.771332979202270508e+00
7.414942979812622070e+00
7.476297140121459961e+00
7.273805379867553711e+00
7.406653165817260742e+00
7.515496969223022461e+00
7.365875005722045898e+00
7.657186269760131836e+00
7.696751594543457031e+00
7.500669240951538086e+00
7.681475639343261719e+00
7.746480941772460938e+00
7.581158638000488281e+00
7.712884187698364258e+00
7.612744092941284180e+00
7.521483898162841797e+00
7.775012731552124023e+00
7.708076000213623047e+00
7.360011816024780273e+00
7.621421813964843750e+00
7.625873804092407227e+00
7.693542718887329102e+00
1.764695358276367188e+01
7.411295175552368164e+00
7.738689661026000977e+00
7.585951089859008789e+00
7.521608114242553711e+00
7.498529911041259766e+00
7.534843444824218750e+00
7.477071046829223633e+00
7.948355197906494141e+00
7.508363008499145508e+00
7.269230604171752930e+00
7.512585401535034180e+00
7.552040815353393555e+00
8.404998064041137695e+00
