9.908023476600646973e-01
9.956133961677551270e-01
9.984434843063354492e-01
9.978774785995483398e-01
9.985849857330322266e-01
9.985849857330322266e-01
9.985849857330322266e-01
9.988679885864257812e-01
9.991509914398193359e-01
9.988679885864257812e-01
9.991509914398193359e-01
9.992924928665161133e-01
9.988679885864257812e-01
9.991509914398193359e-01
9.990094900131225586e-01
9.992924928665161133e-01
9.991509914398193359e-01
9.992924928665161133e-01
9.991509914398193359e-01
9.992924928665161133e-01
9.992924928665161133e-01
9.992924928665161133e-01
9.992924928665161133e-01
9.992924928665161133e-01
9.992924928665161133e-01
9.992924928665161133e-01
9.992924928665161133e-01
9.994339942932128906e-01
9.994339942932128906e-01
9.994339942932128906e-01
9.994339942932128906e-01
9.994339942932128906e-01
9.994339942932128906e-01
9.994339942932128906e-01
9.994339942932128906e-01
9.994339942932128906e-01
9.994339942932128906e-01
9.994339942932128906e-01
9.994339942932128906e-01
9.997169971466064453e-01
9.997169971466064453e-01
9.997169971466064453e-01
9.998584985733032227e-01
9.998584985733032227e-01
9.998584985733032227e-01
9.998584985733032227e-01
9.998584985733032227e-01
9.998584985733032227e-01
9.998584985733032227e-01
9.998584985733032227e-01
