1.255910491943359375e+01
2.014276814460754395e+01
1.953076481819152832e+01
1.299076604843139648e+01
2.068672776222229004e+01
3.342675876617431641e+01
1.984426903724670410e+01
1.296935415267944336e+01
2.006763720512390137e+01
1.918740272521972656e+01
1.357544827461242676e+01
1.947223401069641113e+01
1.961129403114318848e+01
1.361916446685791016e+01
1.795631504058837891e+01
1.265619397163391113e+01
2.019434666633605957e+01
1.352324652671813965e+01
1.986092042922973633e+01
1.972580313682556152e+01
1.243749856948852539e+01
1.871004581451416016e+01
1.960226821899414062e+01
1.329000473022460938e+01
1.775579786300659180e+01
1.313212180137634277e+01
1.969778537750244141e+01
1.288282942771911621e+01
1.303654718399047852e+01
1.922271990776062012e+01
1.389769124984741211e+01
1.908685564994812012e+01
1.449725675582885742e+01
2.020610976219177246e+01
3.196472907066345215e+01
2.091472339630126953e+01
3.015902876853942871e+01
2.395882678031921387e+01
2.979252958297729492e+01
2.305276370048522949e+01
3.048817658424377441e+01
2.227722191810607910e+01
3.032655191421508789e+01
2.467103505134582520e+01
1.982887148857116699e+01
2.045921850204467773e+01
1.294006752967834473e+01
1.955398058891296387e+01
1.294944334030151367e+01
1.942276477813720703e+01
