1.961790561676025391e+01
1.882542920112609863e+01
1.510846567153930664e+01
1.500303483009338379e+01
1.956163811683654785e+01
1.538973116874694824e+01
1.523553252220153809e+01
1.532209849357604980e+01
1.519749259948730469e+01
1.509201335906982422e+01
1.501516556739807129e+01
1.527189517021179199e+01
1.588099002838134766e+01
1.535744953155517578e+01
1.516467976570129395e+01
3.086793184280395508e+01
1.515876412391662598e+01
1.549821090698242188e+01
1.515513730049133301e+01
1.500453138351440430e+01
1.541907572746276855e+01
1.560379433631896973e+01
1.531036424636840820e+01
1.471407628059387207e+01
1.524646663665771484e+01
1.537359929084777832e+01
2.282048416137695312e+01
1.545682692527770996e+01
1.528210210800170898e+01
1.533018851280212402e+01
1.557860374450683594e+01
1.520277881622314453e+01
1.569129776954650879e+01
1.523422670364379883e+01
3.035109138488769531e+01
1.929664945602416992e+01
1.546057486534118652e+01
1.556698369979858398e+01
1.486424064636230469e+01
2.308548283576965332e+01
2.855818486213684082e+01
1.517736601829528809e+01
1.562591981887817383e+01
1.485072731971740723e+01
1.540296220779418945e+01
2.501760578155517578e+01
1.478780198097229004e+01
3.235882163047790527e+01
1.494340944290161133e+01
3.185358548164367676e+01
1.528425955772399902e+01
3.213794112205505371e+01
1.505600261688232422e+01
1.519451069831848145e+01
1.495690965652465820e+01
1.525446844100952148e+01
1.536843991279602051e+01
1.488738465309143066e+01
1.484954166412353516e+01
3.326439547538757324e+01
1.495255565643310547e+01
1.498984932899475098e+01
1.469997692108154297e+01
1.478157949447631836e+01
1.505229616165161133e+01
1.557705187797546387e+01
1.501994299888610840e+01
1.553460454940795898e+01
1.511499094963073730e+01
1.471997332572937012e+01
2.052346968650817871e+01
1.516977286338806152e+01
1.523301959037780762e+01
1.554595971107482910e+01
1.518516659736633301e+01
1.516093659400939941e+01
1.502798461914062500e+01
3.224079775810241699e+01
1.927424120903015137e+01
1.513737964630126953e+01
1.514761281013488770e+01
1.519796919822692871e+01
2.470454335212707520e+01
1.551300621032714844e+01
1.529037666320800781e+01
1.568239569664001465e+01
1.502800726890563965e+01
1.510215544700622559e+01
2.390452408790588379e+01
1.475139403343200684e+01
1.512456488609313965e+01
1.514414525032043457e+01
2.417689728736877441e+01
1.560524201393127441e+01
1.499686884880065918e+01
1.514882826805114746e+01
1.520936655998229980e+01
1.883483910560607910e+01
1.496617102622985840e+01
1.582606911659240723e+01
