5.952668190002441406e-02
2.269716262817382812e-01
2.330327033996582031e-01
1.063692569732666016e-01
1.262161731719970703e-01
8.616089820861816406e-02
5.081081390380859375e-02
1.635959148406982422e-01
1.231255531311035156e-01
1.477878093719482422e-01
2.035834789276123047e-01
1.106011867523193359e-01
1.319856643676757812e-01
1.690664291381835938e-01
1.243596076965332031e-01
1.274178028106689453e-01
1.674895286560058594e-01
1.228442192077636719e-01
1.783285140991210938e-01
2.196915149688720703e-01
1.438674926757812500e-01
1.323165893554687500e-01
1.346728801727294922e-01
1.674764156341552734e-01
1.603972911834716797e-01
1.127214431762695312e-01
8.005809783935546875e-02
1.692223548889160156e-01
2.607953548431396484e-01
7.891106605529785156e-02
2.251901626586914062e-01
8.983731269836425781e-02
1.007270812988281250e-01
1.028079986572265625e-01
1.222927570343017578e-01
1.090502738952636719e-01
2.307145595550537109e-01
1.821625232696533203e-01
2.189424037933349609e-01
1.615991592407226562e-01
2.624711990356445312e-01
1.170153617858886719e-01
1.031026840209960938e-01
9.485960006713867188e-02
3.346705436706542969e-02
1.211304664611816406e-01
1.425218582153320312e-01
1.451075077056884766e-01
1.479816436767578125e-01
1.245095729827880859e-01
9.669780731201171875e-02
1.653153896331787109e-01
7.835340499877929688e-02
5.727171897888183594e-02
1.221523284912109375e-01
1.340987682342529297e-01
1.413865089416503906e-01
1.827437877655029297e-01
1.936166286468505859e-01
1.130828857421875000e-01
1.034266948699951172e-01
8.762812614440917969e-02
1.832904815673828125e-01
2.003345489501953125e-01
1.578521728515625000e-01
1.097462177276611328e-01
1.357753276824951172e-01
4.831242561340332031e-02
1.833198070526123047e-01
2.413413524627685547e-01
9.614205360412597656e-02
1.984968185424804688e-01
1.805148124694824219e-01
1.500055789947509766e-01
1.791920661926269531e-01
1.545224189758300781e-01
1.040256023406982422e-01
1.488440036773681641e-01
1.556596755981445312e-01
1.574106216430664062e-01
2.590322494506835938e-01
1.982662677764892578e-01
1.632344722747802734e-01
1.137166023254394531e-01
1.462302207946777344e-01
5.553817749023437500e-02
1.725561618804931641e-01
1.862974166870117188e-01
1.692013740539550781e-01
1.554198265075683594e-01
1.527564525604248047e-01
1.811327934265136719e-01
2.007117271423339844e-01
1.153843402862548828e-01
1.966764926910400391e-01
1.623847484588623047e-01
1.237471103668212891e-01
1.655728816986083984e-01
1.444494724273681641e-01
9.021592140197753906e-02
