2.060532307624816895e+01
2.041781234741210938e+01
2.987472128868103027e+01
4.090928912162780762e+01
2.042470812797546387e+01
1.992779612541198730e+01
3.598595118522644043e+01
2.120522880554199219e+01
2.845129561424255371e+01
2.550996589660644531e+01
3.466665673255920410e+01
2.153516745567321777e+01
3.148713517189025879e+01
2.269244956970214844e+01
4.089679622650146484e+01
1.661188936233520508e+01
3.395449161529541016e+01
1.667210745811462402e+01
3.440818619728088379e+01
2.467067050933837891e+01
4.091909861564636230e+01
1.769329762458801270e+01
3.158124780654907227e+01
2.277745079994201660e+01
3.294110822677612305e+01
2.214085149765014648e+01
3.284038209915161133e+01
2.043532800674438477e+01
3.480778408050537109e+01
2.082400631904602051e+01
4.090205407142639160e+01
2.040352606773376465e+01
2.044425988197326660e+01
3.225160694122314453e+01
2.716013073921203613e+01
2.996144008636474609e+01
2.615896034240722656e+01
2.817612624168395996e+01
2.092209982872009277e+01
3.295632672309875488e+01
3.559872436523437500e+01
3.021623325347900391e+01
2.560649871826171875e+01
3.087207818031311035e+01
2.647434639930725098e+01
3.121134161949157715e+01
2.742984533309936523e+01
2.819649028778076172e+01
3.293902349472045898e+01
2.635141897201538086e+01
3.317426872253417969e+01
2.373894619941711426e+01
4.092780327796936035e+01
2.200637006759643555e+01
4.090247464179992676e+01
1.656520557403564453e+01
3.244677639007568359e+01
2.043350267410278320e+01
4.091932296752929688e+01
1.874543261528015137e+01
3.542683410644531250e+01
4.094110894203186035e+01
1.647281479835510254e+01
2.263739085197448730e+01
2.790003108978271484e+01
2.372622203826904297e+01
3.177270841598510742e+01
4.095072674751281738e+01
1.937126350402832031e+01
2.376147699356079102e+01
3.549932050704956055e+01
2.075196194648742676e+01
3.420633792877197266e+01
4.090997004508972168e+01
1.643551707267761230e+01
4.090137338638305664e+01
1.641293597221374512e+01
4.093901944160461426e+01
1.668125057220458984e+01
2.451954269409179688e+01
2.502459979057312012e+01
3.192626070976257324e+01
2.692476749420166016e+01
2.959455800056457520e+01
3.084825992584228516e+01
2.468589663505554199e+01
4.090607595443725586e+01
1.684328365325927734e+01
3.236077666282653809e+01
2.330457186698913574e+01
2.982127332687377930e+01
4.092716741561889648e+01
1.640520644187927246e+01
2.229138493537902832e+01
3.453661441802978516e+01
2.041546654701232910e+01
3.250568747520446777e+01
4.088530278205871582e+01
2.035129165649414062e+01
4.092268943786621094e+01
