2.217937946319580078e+00
1.539915800094604492e+00
1.244631171226501465e+00
1.182156443595886230e+00
1.047680020332336426e+00
9.906739592552185059e-01
9.615272283554077148e-01
9.101104140281677246e-01
9.093588590621948242e-01
8.940426707267761230e-01
8.824006915092468262e-01
8.709349632263183594e-01
8.684539198875427246e-01
8.550735116004943848e-01
8.357641696929931641e-01
8.698803782463073730e-01
8.300160169601440430e-01
8.242150545120239258e-01
8.174387216567993164e-01
8.117070198059082031e-01
8.214919567108154297e-01
8.087903261184692383e-01
8.021973371505737305e-01
8.043949007987976074e-01
7.921888828277587891e-01
7.932876348495483398e-01
7.841170430183410645e-01
7.874564528465270996e-01
7.800998687744140625e-01
7.780286073684692383e-01
7.774227261543273926e-01
7.746580243110656738e-01
7.726712822914123535e-01
7.691129446029663086e-01
7.672031521797180176e-01
7.646630406379699707e-01
7.633329629898071289e-01
7.622082829475402832e-01
7.604188919067382812e-01
7.594881057739257812e-01
7.601893544197082520e-01
7.572898268699645996e-01
7.585792541503906250e-01
7.557199001312255859e-01
7.552615404129028320e-01
7.547986507415771484e-01
7.531310915946960449e-01
7.528218030929565430e-01
7.528077960014343262e-01
7.522846460342407227e-01
7.516575455665588379e-01
7.510341405868530273e-01
7.505432367324829102e-01
7.502219080924987793e-01
7.503293156623840332e-01
7.499231100082397461e-01
7.497154474258422852e-01
7.493568658828735352e-01
7.493487000465393066e-01
7.490429282188415527e-01
7.490212917327880859e-01
7.488418221473693848e-01
7.486366033554077148e-01
7.487686872482299805e-01
7.484233379364013672e-01
7.483206987380981445e-01
7.484582066535949707e-01
7.482566833496093750e-01
7.481729984283447266e-01
7.481412887573242188e-01
7.480325698852539062e-01
7.479799985885620117e-01
7.479344010353088379e-01
7.479043602943420410e-01
7.478886246681213379e-01
7.478314638137817383e-01
7.478616833686828613e-01
7.477995157241821289e-01
7.477926015853881836e-01
7.477866411209106445e-01
7.477545142173767090e-01
7.477463483810424805e-01
7.477438449859619141e-01
7.477446794509887695e-01
7.477057576179504395e-01
7.477037310600280762e-01
7.477069497108459473e-01
7.476748824119567871e-01
7.476778626441955566e-01
7.476733922958374023e-01
7.476738095283508301e-01
7.476637363433837891e-01
7.476616501808166504e-01
7.476556301116943359e-01
7.476612329483032227e-01
7.476518750190734863e-01
7.476493716239929199e-01
7.476451396942138672e-01
7.476464509963989258e-01
7.476469874382019043e-01
