2.953632593154907227e+00
2.515019893646240234e+00
2.285611629486083984e+00
2.358147144317626953e+00
2.582080602645874023e+00
2.553111791610717773e+00
2.554120540618896484e+00
2.781811475753784180e+00
2.694047927856445312e+00
2.766910552978515625e+00
2.384178161621093750e+00
2.105965137481689453e+00
2.632022142410278320e+00
2.574769020080566406e+00
3.444665670394897461e+00
2.375829458236694336e+00
2.478082418441772461e+00
2.600904703140258789e+00
2.205220937728881836e+00
2.933017015457153320e+00
3.084684371948242188e+00
2.887969493865966797e+00
2.502508878707885742e+00
2.356341838836669922e+00
2.443624258041381836e+00
2.639399528503417969e+00
2.663150548934936523e+00
2.583075046539306641e+00
3.039139032363891602e+00
2.691268682479858398e+00
2.880484580993652344e+00
2.322961568832397461e+00
2.702293395996093750e+00
2.474817991256713867e+00
2.723417282104492188e+00
2.481420278549194336e+00
2.652251958847045898e+00
2.678363800048828125e+00
2.717513561248779297e+00
2.918954133987426758e+00
2.445998430252075195e+00
2.663721323013305664e+00
2.815471649169921875e+00
2.223206520080566406e+00
2.247818470001220703e+00
2.727011680603027344e+00
2.781879663467407227e+00
2.640495777130126953e+00
2.660352230072021484e+00
2.447976589202880859e+00
