6.998772859573364258e+00
7.053038597106933594e+00
1.753207612037658691e+01
2.700233125686645508e+01
2.699555706977844238e+01
3.722942733764648438e+01
1.685067987442016602e+01
1.891938424110412598e+01
3.707957959175109863e+01
7.117492437362670898e+00
3.739050173759460449e+01
6.952944517135620117e+00
3.711758947372436523e+01
6.905250549316406250e+00
3.632970976829528809e+01
7.135285615921020508e+00
2.673921585083007812e+01
1.799564456939697266e+01
2.604244208335876465e+01
1.816551280021667480e+01
3.668616509437561035e+01
3.687454175949096680e+01
7.088316202163696289e+00
3.738284420967102051e+01
9.793305158615112305e+00
2.493375563621520996e+01
3.709741783142089844e+01
7.111525774002075195e+00
3.672634387016296387e+01
8.054394960403442383e+00
2.723499894142150879e+01
1.608013844490051270e+01
8.444241285324096680e+00
1.637313747406005859e+01
1.695271158218383789e+01
2.747479510307312012e+01
1.759242200851440430e+01
2.786737394332885742e+01
2.625727224349975586e+01
3.681473278999328613e+01
1.747268843650817871e+01
2.853406620025634766e+01
2.602258539199829102e+01
3.754296517372131348e+01
7.037384033203125000e+00
2.735788464546203613e+01
2.683625769615173340e+01
2.906400585174560547e+01
3.712389826774597168e+01
1.431608104705810547e+01
