1.025937008857727051e+01
9.407318830490112305e+00
9.432655096054077148e+00
9.299450874328613281e+00
9.388815879821777344e+00
9.265023708343505859e+00
9.329995155334472656e+00
9.332055807113647461e+00
9.370623111724853516e+00
9.304258584976196289e+00
9.362196683883666992e+00
9.352618932723999023e+00
9.369327068328857422e+00
9.279919862747192383e+00
9.189954042434692383e+00
9.333009004592895508e+00
9.288276433944702148e+00
9.291433095932006836e+00
9.246544837951660156e+00
9.312227725982666016e+00
9.372642278671264648e+00
9.501010179519653320e+00
9.400708436965942383e+00
9.390860795974731445e+00
9.518532752990722656e+00
9.353541851043701172e+00
9.323245525360107422e+00
9.295317649841308594e+00
9.477311849594116211e+00
9.260707378387451172e+00
