5.886137112975120544e-02
1.990993916988372803e-01
3.280797600746154785e-01
4.705693125724792480e-01
5.976198315620422363e-01
6.841428279876708984e-01
7.497587800025939941e-01
8.034737706184387207e-01
8.349951505661010742e-01
8.665165901184082031e-01
8.787391185760498047e-01
8.993245363235473633e-01
9.170151352882385254e-01
9.263429045677185059e-01
9.376004934310913086e-01
9.443550705909729004e-01
9.414602518081665039e-01
9.507880210876464844e-01
9.604374170303344727e-01
9.630106091499328613e-01
9.633322358131408691e-01
9.659054279327392578e-01
9.700868725776672363e-01
9.729816913604736328e-01
9.710518121719360352e-01
9.768414497375488281e-01
9.733033180236816406e-01
9.745898842811584473e-01
9.771630764007568359e-01
9.794145822525024414e-01
9.749115705490112305e-01
9.787713289260864258e-01
9.797362685203552246e-01
9.771630764007568359e-01
9.787713289260864258e-01
9.819877743721008301e-01
9.819877743721008301e-01
9.852042198181152344e-01
9.816661477088928223e-01
9.797362685203552246e-01
9.832743406295776367e-01
9.810228347778320312e-01
9.816661477088928223e-01
9.835960268974304199e-01
9.829527139663696289e-01
9.787713289260864258e-01
9.832743406295776367e-01
9.855259060859680176e-01
9.832743406295776367e-01
9.832743406295776367e-01
9.848825931549072266e-01
9.829527139663696289e-01
9.810228347778320312e-01
9.774847030639648438e-01
9.839176535606384277e-01
9.839176535606384277e-01
9.807012081146240234e-01
9.839176535606384277e-01
9.842392802238464355e-01
9.839176535606384277e-01
9.800578951835632324e-01
9.807012081146240234e-01
9.800578951835632324e-01
9.829527139663696289e-01
9.832743406295776367e-01
9.845609664916992188e-01
9.800578951835632324e-01
9.845609664916992188e-01
9.842392802238464355e-01
9.800578951835632324e-01
9.761981368064880371e-01
9.816661477088928223e-01
9.816661477088928223e-01
9.823094010353088379e-01
9.803795218467712402e-01
9.803795218467712402e-01
9.807012081146240234e-01
9.810228347778320312e-01
9.794145822525024414e-01
9.813444614410400391e-01
9.845609664916992188e-01
9.819877743721008301e-01
9.845609664916992188e-01
9.835960268974304199e-01
9.813444614410400391e-01
9.848825931549072266e-01
9.823094010353088379e-01
9.723383784294128418e-01
9.823094010353088379e-01
9.816661477088928223e-01
9.823094010353088379e-01
9.864908456802368164e-01
9.816661477088928223e-01
9.832743406295776367e-01
9.839176535606384277e-01
9.790929555892944336e-01
9.813444614410400391e-01
9.826310873031616211e-01
9.813444614410400391e-01
9.839176535606384277e-01
