9.417786449193954468e-02
2.093804441392421722e-02
1.749094203114509583e-02
1.377105899155139923e-02
1.127275079488754272e-02
8.661318570375442505e-03
7.869774475693702698e-03
6.542533636093139648e-03
5.187367554754018784e-03
3.496025921776890755e-03
3.221609862521290779e-03
2.774890279397368431e-03
3.014819929376244545e-03
2.678911434486508369e-03
2.227879595011472702e-03
2.128411084413528442e-03
1.703397370874881744e-03
1.471233903430402279e-03
1.300788368098437786e-03
1.454166602343320847e-03
1.340748509392142296e-03
1.210084185004234314e-03
1.135822618380188942e-03
1.153096556663513184e-03
1.152996555902063847e-03
1.111860154196619987e-03
1.036383095197379589e-03
9.461492882110178471e-04
8.415446500293910503e-04
7.857222226448357105e-04
7.521167863160371780e-04
7.335920818150043488e-04
7.044231169857084751e-04
6.766779697500169277e-04
6.449834909290075302e-04
6.213618908077478409e-04
6.022276938892900944e-04
5.843893159180879593e-04
5.650448729284107685e-04
5.478762323036789894e-04
5.310028791427612305e-04
5.110274069011211395e-04
4.918184713460505009e-04
4.780380113516002893e-04
4.671353381127119064e-04
4.539811634458601475e-04
4.415245784912258387e-04
4.296873521525412798e-04
4.154707712586969137e-04
4.034647135995328426e-04
