6.426379680633544922e-01
6.586823463439941406e-01
6.111729145050048828e-01
7.948856353759765625e-01
6.413447856903076172e-01
7.806963920593261719e-01
8.366012573242187500e-01
7.471616268157958984e-01
6.500973701477050781e-01
8.387930393218994141e-01
8.149743080139160156e-01
8.033323287963867188e-01
6.247901916503906250e-01
5.678055286407470703e-01
7.247338294982910156e-01
7.165968418121337891e-01
5.494961738586425781e-01
7.431457042694091797e-01
6.805245876312255859e-01
7.340075969696044922e-01
9.376285076141357422e-01
8.753843307495117188e-01
7.704606056213378906e-01
5.817105770111083984e-01
5.509812831878662109e-01
6.209499835968017578e-01
7.872462272644042969e-01
7.863256931304931641e-01
5.528392791748046875e-01
6.837959289550781250e-01
6.884858608245849609e-01
6.413111686706542969e-01
6.543333530426025391e-01
7.032432556152343750e-01
7.058517932891845703e-01
5.608656406402587891e-01
5.987269878387451172e-01
6.057436466217041016e-01
7.260966300964355469e-01
5.357389450073242188e-01
6.371805667877197266e-01
7.356979846954345703e-01
8.485698699951171875e-01
8.177103996276855469e-01
7.171854972839355469e-01
6.335277557373046875e-01
8.900058269500732422e-01
8.875815868377685547e-01
6.820037364959716797e-01
6.344885826110839844e-01
