1.702821564674377441e+01
1.664677643775939941e+01
2.038019776344299316e+01
2.039428162574768066e+01
1.673493933677673340e+01
1.868365335464477539e+01
1.827365756034851074e+01
1.843760871887207031e+01
1.824589037895202637e+01
1.853720259666442871e+01
1.798312997817993164e+01
1.778396773338317871e+01
1.660620856285095215e+01
1.711371588706970215e+01
1.839570045471191406e+01
1.721958804130554199e+01
2.039254546165466309e+01
1.674017286300659180e+01
1.847332477569580078e+01
2.039873933792114258e+01
1.672456359863281250e+01
1.818916821479797363e+01
1.842972373962402344e+01
1.673016452789306641e+01
2.039035725593566895e+01
1.740561914443969727e+01
1.804474353790283203e+01
1.668836688995361328e+01
2.039652490615844727e+01
1.667364883422851562e+01
1.665299677848815918e+01
1.872547507286071777e+01
2.039933562278747559e+01
1.680872750282287598e+01
1.843755722045898438e+01
1.681169986724853516e+01
1.860507631301879883e+01
1.855540466308593750e+01
1.665544557571411133e+01
1.938341236114501953e+01
1.696053934097290039e+01
1.668534898757934570e+01
1.824677062034606934e+01
1.906581163406372070e+01
1.694114804267883301e+01
1.762096047401428223e+01
1.840268421173095703e+01
1.672076702117919922e+01
2.039599561691284180e+01
1.665804982185363770e+01
1.841403126716613770e+01
1.892928075790405273e+01
1.664354324340820312e+01
1.668751025199890137e+01
1.837504434585571289e+01
1.670859313011169434e+01
1.901836490631103516e+01
1.826068997383117676e+01
1.836418890953063965e+01
1.657870006561279297e+01
1.668353915214538574e+01
1.678582406044006348e+01
1.833520197868347168e+01
1.773234534263610840e+01
1.910319924354553223e+01
1.806182169914245605e+01
1.841279649734497070e+01
1.697820830345153809e+01
1.927641701698303223e+01
1.840083026885986328e+01
1.657626533508300781e+01
2.038339352607727051e+01
1.664696216583251953e+01
3.561906814575195312e+01
1.825506615638732910e+01
1.830780434608459473e+01
1.829730200767517090e+01
1.839364457130432129e+01
1.707618451118469238e+01
1.666389226913452148e+01
1.843063640594482422e+01
1.827554464340209961e+01
1.674479031562805176e+01
1.683294486999511719e+01
2.039006996154785156e+01
1.677276921272277832e+01
1.851540493965148926e+01
1.756313252449035645e+01
1.828543257713317871e+01
1.895387578010559082e+01
1.848260998725891113e+01
1.677879643440246582e+01
2.094314503669738770e+01
1.675230669975280762e+01
1.888264799118041992e+01
1.850513362884521484e+01
1.902938485145568848e+01
1.680988931655883789e+01
1.920052552223205566e+01
1.662280249595642090e+01
