7.182836532592773438e-02
9.819364547729492188e-02
1.511836051940917969e-01
4.049730300903320312e-02
1.055951118469238281e-01
9.970545768737792969e-02
9.749484062194824219e-02
1.177411079406738281e-01
1.273388862609863281e-01
5.866312980651855469e-02
1.415150165557861328e-01
5.692243576049804688e-02
7.656955718994140625e-02
1.336472034454345703e-01
6.254768371582031250e-02
8.497190475463867188e-02
9.224176406860351562e-02
3.591060638427734375e-02
2.532410621643066406e-01
1.933588981628417969e-01
1.593620777130126953e-01
5.777359008789062500e-02
1.188075542449951172e-01
7.501745223999023438e-02
7.381939888000488281e-02
1.648969650268554688e-01
6.186652183532714844e-02
1.150665283203125000e-01
1.209559440612792969e-01
1.157903671264648438e-01
9.787273406982421875e-02
7.577180862426757812e-02
1.120119094848632812e-01
3.317260742187500000e-02
1.059765815734863281e-01
5.890083312988281250e-02
8.970522880554199219e-02
6.355237960815429688e-02
4.296326637268066406e-02
9.901022911071777344e-02
1.827037334442138672e-01
6.164097785949707031e-02
1.040875911712646484e-01
7.300257682800292969e-02
2.487363815307617188e-01
9.362483024597167969e-02
7.967615127563476562e-02
1.520054340362548828e-01
9.874439239501953125e-02
1.212434768676757812e-01
8.515834808349609375e-02
8.553886413574218750e-02
1.208872795104980469e-01
1.043522357940673828e-01
9.603118896484375000e-02
1.032433509826660156e-01
1.232926845550537109e-01
1.203501224517822266e-01
8.711838722229003906e-02
8.035874366760253906e-02
8.707809448242187500e-02
7.483959197998046875e-02
1.080849170684814453e-01
6.965637207031250000e-02
1.012017726898193359e-01
1.843614578247070312e-01
5.365109443664550781e-02
3.650522232055664062e-02
6.102418899536132812e-02
1.095499992370605469e-01
4.308915138244628906e-02
9.692144393920898438e-02
7.876420021057128906e-02
1.248006820678710938e-01
7.426834106445312500e-02
1.265101432800292969e-01
1.446485519409179688e-01
6.625294685363769531e-02
1.372396945953369141e-01
1.588001251220703125e-01
7.056379318237304688e-02
7.765102386474609375e-02
8.704566955566406250e-02
8.126878738403320312e-02
8.401632308959960938e-02
9.043765068054199219e-02
1.098179817199707031e-01
1.026856899261474609e-01
9.429240226745605469e-02
1.197574138641357422e-01
1.038961410522460938e-01
1.152868270874023438e-01
1.205360889434814453e-01
1.663374900817871094e-01
1.133129596710205078e-01
1.460227966308593750e-01
1.413276195526123047e-01
9.338808059692382812e-02
1.021087169647216797e-01
1.007509231567382812e-01
