1.935322260856628418e+01
1.573066544532775879e+01
2.367127346992492676e+01
1.518817210197448730e+01
1.550998663902282715e+01
1.532828545570373535e+01
1.507209634780883789e+01
1.519037628173828125e+01
3.007226777076721191e+01
1.503319025039672852e+01
1.531466937065124512e+01
3.070089411735534668e+01
1.594434714317321777e+01
1.506450963020324707e+01
1.505039978027343750e+01
1.532296848297119141e+01
1.524265670776367188e+01
1.521188521385192871e+01
1.510091519355773926e+01
3.210460162162780762e+01
1.535395145416259766e+01
1.531655859947204590e+01
2.396854186058044434e+01
1.526117634773254395e+01
1.560466384887695312e+01
1.526288199424743652e+01
2.477421736717224121e+01
1.861497664451599121e+01
2.452660322189331055e+01
1.538387799263000488e+01
1.531695055961608887e+01
1.509517383575439453e+01
1.485980200767517090e+01
1.539121842384338379e+01
1.512841796875000000e+01
1.535712885856628418e+01
1.513196325302124023e+01
1.517241978645324707e+01
3.105621051788330078e+01
1.515132570266723633e+01
1.523486638069152832e+01
3.067042541503906250e+01
1.529030084609985352e+01
2.147805380821228027e+01
3.261903834342956543e+01
1.936723661422729492e+01
1.519151210784912109e+01
1.485694575309753418e+01
2.947156357765197754e+01
1.544188547134399414e+01
3.033440279960632324e+01
1.809038829803466797e+01
1.504313993453979492e+01
1.524238896369934082e+01
3.017815947532653809e+01
1.860628199577331543e+01
3.013241410255432129e+01
1.493456482887268066e+01
1.511541438102722168e+01
1.514885950088500977e+01
1.548797178268432617e+01
1.533434295654296875e+01
3.260045814514160156e+01
1.538199901580810547e+01
1.529293370246887207e+01
1.551121687889099121e+01
1.507969832420349121e+01
1.508820104598999023e+01
1.964225816726684570e+01
1.527547430992126465e+01
1.519921636581420898e+01
1.524781727790832520e+01
1.508900952339172363e+01
1.522722721099853516e+01
1.525516462326049805e+01
2.716230344772338867e+01
1.780063486099243164e+01
3.016773796081542969e+01
1.502545881271362305e+01
1.506089329719543457e+01
2.617804813385009766e+01
1.505012083053588867e+01
1.548973727226257324e+01
3.364314317703247070e+01
1.532433271408081055e+01
1.487509775161743164e+01
2.214732551574707031e+01
1.533606672286987305e+01
1.523474740982055664e+01
1.534424996376037598e+01
2.661517810821533203e+01
1.482996416091918945e+01
1.537699985504150391e+01
2.158285021781921387e+01
1.880245614051818848e+01
1.520824265480041504e+01
1.522410249710083008e+01
1.534040808677673340e+01
1.510076832771301270e+01
1.504610919952392578e+01
