1.172747349739074707e+01
1.179797983169555664e+01
1.173430085182189941e+01
1.176066184043884277e+01
1.168906950950622559e+01
1.168697524070739746e+01
1.171855187416076660e+01
1.174192023277282715e+01
1.176191639900207520e+01
1.174138903617858887e+01
1.179610776901245117e+01
1.176140689849853516e+01
1.178067827224731445e+01
1.178798389434814453e+01
1.172673249244689941e+01
1.177349925041198730e+01
1.177080130577087402e+01
1.180086350440979004e+01
1.173700761795043945e+01
1.177869629859924316e+01
1.182011628150939941e+01
1.176372170448303223e+01
1.179627299308776855e+01
1.172523713111877441e+01
1.170489859580993652e+01
1.179279661178588867e+01
1.173532533645629883e+01
1.170289421081542969e+01
1.174060440063476562e+01
1.173334574699401855e+01
1.167879199981689453e+01
1.167460179328918457e+01
1.172908520698547363e+01
1.168432784080505371e+01
1.167666363716125488e+01
1.168172073364257812e+01
1.169521903991699219e+01
1.178064036369323730e+01
1.176646828651428223e+01
1.171251440048217773e+01
1.177054357528686523e+01
1.174815201759338379e+01
1.174213719367980957e+01
1.177348685264587402e+01
1.179321694374084473e+01
1.176951813697814941e+01
1.172751927375793457e+01
1.175018119812011719e+01
1.172716927528381348e+01
1.176262044906616211e+01
