8.429667949676513672e-01
9.046852588653564453e-01
9.520719051361083984e-01
9.230413436889648438e-01
1.075326919555664062e+00
1.055814266204833984e+00
6.842074394226074219e-01
8.310678005218505859e-01
8.135607242584228516e-01
5.962467193603515625e-01
7.545194625854492188e-01
9.440438747406005859e-01
1.139873266220092773e+00
8.759198188781738281e-01
9.450423717498779297e-01
1.040135145187377930e+00
7.764818668365478516e-01
1.184063911437988281e+00
9.177739620208740234e-01
9.511880874633789062e-01
9.648716449737548828e-01
8.276166915893554688e-01
9.646096229553222656e-01
9.928662776947021484e-01
7.739026546478271484e-01
1.260894060134887695e+00
7.156965732574462891e-01
8.446984291076660156e-01
7.358455657958984375e-01
1.075179815292358398e+00
9.804279804229736328e-01
7.765729427337646484e-01
5.533840656280517578e-01
1.020008087158203125e+00
9.667136669158935547e-01
9.520645141601562500e-01
1.006011962890625000e+00
9.547393321990966797e-01
9.792971611022949219e-01
1.194365978240966797e+00
1.079584836959838867e+00
7.183761596679687500e-01
7.261393070220947266e-01
8.803422451019287109e-01
8.150098323822021484e-01
9.420614242553710938e-01
9.433290958404541016e-01
9.523458480834960938e-01
9.613046646118164062e-01
1.126857042312622070e+00
