3.043757975101470947e-01
5.003217458724975586e-01
5.003217458724975586e-01
4.990347623825073242e-01
5.003217458724975586e-01
5.003217458724975586e-01
5.038610100746154785e-01
5.518018007278442383e-01
5.672458410263061523e-01
5.817245841026306152e-01
5.797941088676452637e-01
6.129343509674072266e-01
6.064993739128112793e-01
6.190476417541503906e-01
6.377091407775878906e-01
6.486486196517944336e-01
6.554054021835327148e-01
6.634491682052612305e-01
6.724581718444824219e-01
6.907979249954223633e-01
6.795367002487182617e-01
6.985199451446533203e-01
6.914414167404174805e-01
7.049549818038940430e-01
7.207207083702087402e-01
7.120334506034851074e-01
7.171814441680908203e-01
7.503217458724975586e-01
7.648004889488220215e-01
7.625482678413391113e-01
7.580437660217285156e-01
7.773487567901611328e-01
7.908622622489929199e-01
7.622265219688415527e-01
7.850707769393920898e-01
8.056628108024597168e-01
8.268983364105224609e-01
8.162805438041687012e-01
8.236808180809020996e-01
8.378378152847290039e-01
8.555340766906738281e-01
8.468468189239501953e-01
8.709781169891357422e-01
8.825611472129821777e-01
8.796653747558593750e-01
8.793436288833618164e-01
9.037966728210449219e-01
9.092664122581481934e-01
8.832046389579772949e-01
9.221364259719848633e-01
9.147361516952514648e-01
9.298584461212158203e-01
9.124839305877685547e-01
9.494851827621459961e-01
9.655727148056030273e-01
9.752252101898193359e-01
9.427284598350524902e-01
8.439511060714721680e-01
8.574646115303039551e-01
8.996139168739318848e-01
9.111968874931335449e-01
9.504504799842834473e-01
9.723294973373413086e-01
9.826254844665527344e-01
9.839124679565429688e-01
9.871299862861633301e-01
9.880952239036560059e-01
9.884169697761535645e-01
9.954954981803894043e-01
9.990347623825073242e-01
9.983912706375122070e-01
9.990347623825073242e-01
9.983912706375122070e-01
9.961389899253845215e-01
9.938867688179016113e-01
9.765122532844543457e-01
9.703989624977111816e-01
9.411196708679199219e-01
9.311454296112060547e-01
9.359716773033142090e-01
9.581724405288696289e-01
9.806950092315673828e-01
9.932432174682617188e-01
9.794079661369323730e-01
9.919562339782714844e-01
9.961389899253845215e-01
9.977477192878723145e-01
1.000000000000000000e+00
1.000000000000000000e+00
1.000000000000000000e+00
1.000000000000000000e+00
1.000000000000000000e+00
9.993565082550048828e-01
1.000000000000000000e+00
1.000000000000000000e+00
1.000000000000000000e+00
1.000000000000000000e+00
1.000000000000000000e+00
1.000000000000000000e+00
1.000000000000000000e+00
