1.377499413490295410e+01
1.409294009208679199e+01
1.407560229301452637e+01
1.389837837219238281e+01
1.389792776107788086e+01
1.389984369277954102e+01
1.409221482276916504e+01
1.412960219383239746e+01
1.502345442771911621e+01
1.904363608360290527e+01
1.391808843612670898e+01
1.365922403335571289e+01
1.385392546653747559e+01
1.357195210456848145e+01
1.346204948425292969e+01
2.021595454216003418e+01
1.375269937515258789e+01
1.354375052452087402e+01
1.346492838859558105e+01
1.350179266929626465e+01
1.347411084175109863e+01
1.388696932792663574e+01
1.390956306457519531e+01
1.362308216094970703e+01
1.347975897789001465e+01
1.408951568603515625e+01
1.358232951164245605e+01
1.367581057548522949e+01
1.359362006187438965e+01
1.349156546592712402e+01
1.348427081108093262e+01
1.350391983985900879e+01
1.362170577049255371e+01
1.340746283531188965e+01
1.363753247261047363e+01
1.361911582946777344e+01
1.368172287940979004e+01
1.384910011291503906e+01
1.345633053779602051e+01
1.410041737556457520e+01
1.362945318222045898e+01
1.404879784584045410e+01
1.353186297416687012e+01
1.402101731300354004e+01
1.382725358009338379e+01
2.045914220809936523e+01
1.341882205009460449e+01
1.340567398071289062e+01
1.340894174575805664e+01
1.361482143402099609e+01
