9.917227029800415039e-01
9.897418022155761719e-01
9.896003007888793945e-01
9.906615018844604492e-01
9.898832440376281738e-01
9.905200004577636719e-01
9.903077483177185059e-01
9.905200004577636719e-01
9.909444451332092285e-01
9.890342950820922852e-01
9.912274479866027832e-01
9.903077483177185059e-01
9.902369976043701172e-01
9.908736944198608398e-01
9.920056462287902832e-01
9.908029437065124512e-01
9.920056462287902832e-01
9.932790994644165039e-01
9.927838444709777832e-01
9.939157962799072266e-01
9.943403005599975586e-01
9.949062466621398926e-01
9.949062466621398926e-01
9.951892495155334473e-01
9.956137537956237793e-01
9.949062466621398926e-01
9.957551956176757812e-01
9.956844449043273926e-01
9.959674477577209473e-01
9.962504506111145020e-01
9.968163967132568359e-01
9.970286488533020020e-01
9.973824024200439453e-01
9.976653456687927246e-01
9.979483485221862793e-01
9.977360963821411133e-01
9.980898499488830566e-01
9.984436035156250000e-01
9.985850453376770020e-01
9.987265467643737793e-01
9.987265467643737793e-01
9.988680481910705566e-01
9.988680481910705566e-01
9.988680481910705566e-01
9.989387989044189453e-01
9.989387989044189453e-01
9.989387989044189453e-01
9.989387989044189453e-01
9.989387989044189453e-01
9.989387989044189453e-01
