3.899214789271354675e-02
5.413673818111419678e-03
4.211022984236478806e-03
4.143602680414915085e-03
3.028020961210131645e-03
4.864740651100873947e-03
2.711419714614748955e-03
2.401055302470922470e-03
3.983121830970048904e-03
3.335351590067148209e-03
2.000411972403526306e-03
1.626613899134099483e-03
9.397051180712878704e-04
1.183446263894438744e-03
2.091852482408285141e-03
1.622288371436297894e-03
1.792022958397865295e-04
1.793118462956044823e-05
8.637366590846795589e-06
8.610419172327965498e-06
5.184201654628850520e-06
3.775363438762724400e-06
2.915844561357516795e-06
2.217093424405902624e-06
1.661868623159534764e-06
1.315008717028831597e-06
1.060441604749939870e-06
8.633278980596514884e-07
7.200861773526412435e-07
6.120179705249029212e-07
5.247734407021198422e-07
4.555249972781894030e-07
4.053544557791610714e-07
3.647076312063290970e-07
3.311737941658066120e-07
3.044000322915962897e-07
2.824982061611081008e-07
2.654856814388040220e-07
2.512888386263512075e-07
2.390981990174623206e-07
2.293692347166143009e-07
2.206182045938476222e-07
2.129968237341017812e-07
2.058305312857555691e-07
1.997771192918662564e-07
1.940271232570012216e-07
1.892213816745424992e-07
1.851407347430722439e-07
1.813130268146778690e-07
1.781260294819730916e-07
