1.495927309989929199e+01
7.251293659210205078e+00
6.753147840499877930e+00
7.434306144714355469e+00
7.305264711380004883e+00
7.622013330459594727e+00
7.332874298095703125e+00
7.416577339172363281e+00
7.025520086288452148e+00
6.870695590972900391e+00
7.359730243682861328e+00
7.214129686355590820e+00
7.269908666610717773e+00
7.283951282501220703e+00
7.716507434844970703e+00
7.000634908676147461e+00
7.296519994735717773e+00
7.265676021575927734e+00
7.293212413787841797e+00
7.099950075149536133e+00
7.138873338699340820e+00
7.359986305236816406e+00
7.547943592071533203e+00
7.476758718490600586e+00
7.348743677139282227e+00
7.127144098281860352e+00
7.406272649765014648e+00
7.538354158401489258e+00
6.882769346237182617e+00
7.370310306549072266e+00
7.473400831222534180e+00
7.114214420318603516e+00
7.548808813095092773e+00
7.519933462142944336e+00
7.085877180099487305e+00
7.315774440765380859e+00
1.578858232498168945e+01
7.775268316268920898e+00
7.709661245346069336e+00
7.467269897460937500e+00
7.206437349319458008e+00
7.376108884811401367e+00
7.447417497634887695e+00
7.338854789733886719e+00
7.645466804504394531e+00
7.518643856048583984e+00
7.355886697769165039e+00
7.163238525390625000e+00
7.672399044036865234e+00
7.399620056152343750e+00
