2.282799255847930908e+02
2.640465681552886963e+02
3.218603203296661377e+02
2.270281038284301758e+02
2.839280111789703369e+02
2.926864035129547119e+02
2.752368288040161133e+02
3.218666913509368896e+02
2.720984256267547607e+02
3.218636648654937744e+02
2.813421003818511963e+02
2.977226226329803467e+02
2.950232222080230713e+02
2.758674795627593994e+02
2.929700622558593750e+02
2.912208085060119629e+02
2.970022721290588379e+02
3.218884348869323730e+02
2.816900291442871094e+02
3.218704266548156738e+02
2.508911585807800293e+02
3.218721477985382080e+02
2.674391191005706787e+02
3.011991031169891357e+02
3.218650116920471191e+02
2.686517047882080078e+02
2.945794105529785156e+02
2.760707514286041260e+02
2.949538969993591309e+02
3.218743212223052979e+02
2.429233596324920654e+02
2.781813373565673828e+02
2.933105359077453613e+02
2.789741606712341309e+02
2.888313860893249512e+02
3.014539668560028076e+02
3.218622825145721436e+02
2.509120833873748779e+02
2.767532913684844971e+02
2.982354419231414795e+02
2.735132043361663818e+02
2.743853526115417480e+02
2.993176863193511963e+02
2.730815227031707764e+02
2.941760787963867188e+02
3.218694694042205811e+02
2.522972648143768311e+02
3.218642721176147461e+02
2.529291682243347168e+02
3.081507036685943604e+02
2.619241037368774414e+02
3.218530676364898682e+02
2.276089498996734619e+02
2.836427626609802246e+02
2.922015442848205566e+02
2.954723711013793945e+02
2.784747488498687744e+02
2.881161506175994873e+02
2.972257130146026611e+02
2.733958480358123779e+02
3.218563494682312012e+02
2.466810956001281738e+02
3.218773558139801025e+02
2.527281076908111572e+02
2.950958781242370605e+02
3.218699560165405273e+02
2.477721927165985107e+02
3.218524487018585205e+02
2.486256809234619141e+02
2.926878385543823242e+02
2.808886575698852539e+02
2.912670767307281494e+02
3.218689444065093994e+02
2.697510585784912109e+02
3.218782405853271484e+02
2.533344221115112305e+02
3.218713815212249756e+02
2.275214931964874268e+02
2.953010864257812500e+02
2.854666645526885986e+02
3.219025979042053223e+02
2.618646135330200195e+02
2.850212080478668213e+02
2.802426223754882812e+02
3.218890092372894287e+02
2.489523806571960449e+02
2.927693912982940674e+02
2.793386485576629639e+02
2.919020769596099854e+02
2.807722074985504150e+02
2.675141911506652832e+02
2.994520494937896729e+02
3.218470208644866943e+02
2.618958408832550049e+02
2.709476761817932129e+02
2.871502726078033447e+02
3.218430957794189453e+02
2.265998568534851074e+02
2.907678756713867188e+02
3.218706283569335938e+02
