1.283416485786437988e+01
1.282219600677490234e+01
2.143155121803283691e+01
3.189286160469055176e+01
2.112860870361328125e+01
3.318196320533752441e+01
2.173628568649291992e+01
3.079708480834960938e+01
2.142435836791992188e+01
3.223460841178894043e+01
2.107748031616210938e+01
3.203640294075012207e+01
2.237904667854309082e+01
2.006255817413330078e+01
1.335744714736938477e+01
4.093953680992126465e+01
1.296246051788330078e+01
2.226872634887695312e+01
3.168998575210571289e+01
2.236382818222045898e+01
3.038920688629150391e+01
2.399728560447692871e+01
2.921853804588317871e+01
2.454595565795898438e+01
2.814574599266052246e+01
2.411991310119628906e+01
2.970196223258972168e+01
2.302405405044555664e+01
1.651011133193969727e+01
1.280377578735351562e+01
2.076731228828430176e+01
3.162026453018188477e+01
2.117428612709045410e+01
3.155940556526184082e+01
2.281045269966125488e+01
1.365055775642395020e+01
2.131699323654174805e+01
3.256422138214111328e+01
2.101533246040344238e+01
3.186406564712524414e+01
2.071657347679138184e+01
3.328152608871459961e+01
4.093838286399841309e+01
1.344802451133728027e+01
2.623189687728881836e+01
1.296584105491638184e+01
1.869079208374023438e+01
1.309592890739440918e+01
2.043745803833007812e+01
1.360431170463562012e+01
