1.000775098800659180e+00
8.507039546966552734e-01
7.173926830291748047e-01
7.567355632781982422e-01
6.983263492584228516e-01
6.694438457489013672e-01
6.949043273925781250e-01
1.106902599334716797e+00
7.575354576110839844e-01
8.448605537414550781e-01
9.587342739105224609e-01
8.003168106079101562e-01
9.139378070831298828e-01
7.886505126953125000e-01
9.087376594543457031e-01
8.268315792083740234e-01
8.046913146972656250e-01
6.936056613922119141e-01
6.104099750518798828e-01
9.625194072723388672e-01
7.257075309753417969e-01
7.894046306610107422e-01
7.894897460937500000e-01
7.717783451080322266e-01
7.023258209228515625e-01
9.154689311981201172e-01
8.870377540588378906e-01
7.311558723449707031e-01
7.471699714660644531e-01
9.596819877624511719e-01
8.645024299621582031e-01
8.471810817718505859e-01
9.266979694366455078e-01
8.693249225616455078e-01
6.992244720458984375e-01
6.532387733459472656e-01
6.648421287536621094e-01
8.090243339538574219e-01
8.425521850585937500e-01
7.028346061706542969e-01
9.333322048187255859e-01
7.859213352203369141e-01
6.931393146514892578e-01
8.736340999603271484e-01
9.269671440124511719e-01
6.800663471221923828e-01
5.772514343261718750e-01
9.046511650085449219e-01
7.789843082427978516e-01
9.252889156341552734e-01
