1.414780139923095703e+00
1.411795377731323242e+00
1.409901142120361328e+00
1.408417940139770508e+00
1.407181382179260254e+00
1.406120061874389648e+00
1.405197262763977051e+00
1.404376387596130371e+00
1.403636097908020020e+00
1.402973413467407227e+00
1.402386546134948730e+00
1.401860713958740234e+00
1.401384234428405762e+00
1.400956273078918457e+00
1.400573372840881348e+00
1.400229692459106445e+00
1.399924755096435547e+00
1.399648308753967285e+00
1.399391055107116699e+00
1.399152040481567383e+00
1.398941040039062500e+00
1.398769021034240723e+00
1.398626565933227539e+00
1.398497223854064941e+00
1.398377537727355957e+00
1.398268818855285645e+00
1.398168206214904785e+00
1.398076891899108887e+00
1.397996068000793457e+00
1.397924304008483887e+00
