1.600680470466613770e+01
1.643119764328002930e+01
3.539112496376037598e+01
1.506413984298706055e+01
1.544234657287597656e+01
1.520247006416320801e+01
1.505091834068298340e+01
3.143032979965209961e+01
1.522668647766113281e+01
2.886866736412048340e+01
1.869951820373535156e+01
3.037942528724670410e+01
1.614208793640136719e+01
1.568194699287414551e+01
1.525208687782287598e+01
1.498523330688476562e+01
1.495820760726928711e+01
1.514552402496337891e+01
2.985141229629516602e+01
1.523353147506713867e+01
1.544457936286926270e+01
1.508484101295471191e+01
1.554289197921752930e+01
1.464071369171142578e+01
1.531372356414794922e+01
1.518060779571533203e+01
1.574645709991455078e+01
1.527074527740478516e+01
1.504715943336486816e+01
1.546008825302124023e+01
1.549688220024108887e+01
1.507604694366455078e+01
1.553092193603515625e+01
1.555634737014770508e+01
1.542613673210144043e+01
1.517335700988769531e+01
1.526688623428344727e+01
1.597528600692749023e+01
1.574865031242370605e+01
1.567934203147888184e+01
1.522320342063903809e+01
1.521579003334045410e+01
1.530289626121520996e+01
1.508426594734191895e+01
1.492836976051330566e+01
1.572783684730529785e+01
3.488010287284851074e+01
1.554875183105468750e+01
1.608190369606018066e+01
1.534997344017028809e+01
3.210192632675170898e+01
1.501068615913391113e+01
1.527752971649169922e+01
2.704967236518859863e+01
1.511326313018798828e+01
1.522120165824890137e+01
1.483477020263671875e+01
1.516015601158142090e+01
1.521770024299621582e+01
3.286207485198974609e+01
1.496161246299743652e+01
1.576818060874938965e+01
2.241951990127563477e+01
1.513006234169006348e+01
1.495396065711975098e+01
1.547635626792907715e+01
2.267525744438171387e+01
1.557503366470336914e+01
1.533966827392578125e+01
1.538040304183959961e+01
2.263410663604736328e+01
2.981470823287963867e+01
1.925842905044555664e+01
1.498026847839355469e+01
2.258718490600585938e+01
1.559118318557739258e+01
1.546434640884399414e+01
3.311875391006469727e+01
1.916731953620910645e+01
3.459119510650634766e+01
1.539661216735839844e+01
2.845331048965454102e+01
1.536586213111877441e+01
1.551319384574890137e+01
1.542314648628234863e+01
1.503560423851013184e+01
1.527692532539367676e+01
1.539678931236267090e+01
1.485067558288574219e+01
1.492821764945983887e+01
1.513642740249633789e+01
3.496355128288269043e+01
1.914489960670471191e+01
1.472006487846374512e+01
1.538771605491638184e+01
2.701431679725646973e+01
1.528746414184570312e+01
1.524350523948669434e+01
1.531987547874450684e+01
1.541101026535034180e+01
