1.689050030708312988e+01
1.815470409393310547e+01
1.812696981430053711e+01
1.843317389488220215e+01
1.655407071113586426e+01
1.828137326240539551e+01
1.834984397888183594e+01
1.833628225326538086e+01
1.837617421150207520e+01
1.660778164863586426e+01
1.839713811874389648e+01
1.655411791801452637e+01
1.715788197517395020e+01
1.657669281959533691e+01
1.829681944847106934e+01
1.847767090797424316e+01
1.843369841575622559e+01
1.856246709823608398e+01
1.659063172340393066e+01
1.825336551666259766e+01
1.666077113151550293e+01
1.662803506851196289e+01
1.659032011032104492e+01
1.830320286750793457e+01
1.829997491836547852e+01
1.852644276618957520e+01
1.835696458816528320e+01
1.668007159233093262e+01
1.823414802551269531e+01
1.659385800361633301e+01
2.039033913612365723e+01
1.786276745796203613e+01
1.835162448883056641e+01
1.668509101867675781e+01
1.661317110061645508e+01
1.822014284133911133e+01
1.705855917930603027e+01
1.663518428802490234e+01
1.825565218925476074e+01
1.844939446449279785e+01
1.658799552917480469e+01
1.788359045982360840e+01
1.837071800231933594e+01
1.884049701690673828e+01
1.847059893608093262e+01
1.715908074378967285e+01
1.657894897460937500e+01
1.662130665779113770e+01
1.832680034637451172e+01
1.663180518150329590e+01
1.813217329978942871e+01
1.658726382255554199e+01
1.888465404510498047e+01
1.656217932701110840e+01
1.822132778167724609e+01
1.661508321762084961e+01
1.829313111305236816e+01
2.037545466423034668e+01
1.663288903236389160e+01
1.857740259170532227e+01
1.835414624214172363e+01
1.857413697242736816e+01
1.886179137229919434e+01
1.825430011749267578e+01
1.837478709220886230e+01
1.765992283821105957e+01
1.667067193984985352e+01
1.883082270622253418e+01
1.909141445159912109e+01
1.866384029388427734e+01
1.705729985237121582e+01
1.837660002708435059e+01
1.832375884056091309e+01
1.838271188735961914e+01
1.825409030914306641e+01
1.842089128494262695e+01
1.834500932693481445e+01
1.829255938529968262e+01
1.671186923980712891e+01
1.654200625419616699e+01
1.827238583564758301e+01
1.840449452400207520e+01
1.842095899581909180e+01
1.854781746864318848e+01
1.840300536155700684e+01
1.873178744316101074e+01
1.826186966896057129e+01
1.658136367797851562e+01
2.036438155174255371e+01
1.796277093887329102e+01
1.833323144912719727e+01
1.662676739692687988e+01
1.836603546142578125e+01
1.652345657348632812e+01
1.655450749397277832e+01
1.765704464912414551e+01
1.661958098411560059e+01
2.039023208618164062e+01
1.804717373847961426e+01
1.758448648452758789e+01
