7.577121257781982422e-01
8.341708183288574219e-01
4.838798046112060547e-01
7.056624889373779297e-01
7.581226825714111328e-01
1.061404228210449219e+00
7.268459796905517578e-01
8.228147029876708984e-01
8.572611808776855469e-01
8.007555007934570312e-01
6.892731189727783203e-01
7.671973705291748047e-01
8.711812496185302734e-01
7.343339920043945312e-01
7.242481708526611328e-01
8.024830818176269531e-01
8.114423751831054688e-01
8.369596004486083984e-01
7.128362655639648438e-01
7.546341419219970703e-01
9.242794513702392578e-01
7.144703865051269531e-01
8.064317703247070312e-01
6.688501834869384766e-01
6.743810176849365234e-01
6.529622077941894531e-01
7.033655643463134766e-01
8.371131420135498047e-01
9.779653549194335938e-01
8.657877445220947266e-01
9.480731487274169922e-01
9.020471572875976562e-01
7.155661582946777344e-01
7.215628623962402344e-01
9.597680568695068359e-01
7.562847137451171875e-01
9.108180999755859375e-01
9.320027828216552734e-01
8.833134174346923828e-01
7.826774120330810547e-01
7.209415435791015625e-01
7.592737674713134766e-01
9.216711521148681641e-01
7.558388710021972656e-01
7.476148605346679688e-01
8.523507118225097656e-01
5.687022209167480469e-01
7.833516597747802734e-01
7.156846523284912109e-01
7.836263179779052734e-01
