6.854024529457092285e-02
2.198119834065437317e-02
1.157730352133512497e-02
9.234172292053699493e-03
8.706226013600826263e-03
1.655752654187381268e-03
4.867136594839394093e-04
4.310008080210536718e-04
3.463199827820062637e-04
3.094850690104067326e-04
8.803259115666151047e-04
1.307705766521394253e-03
2.309800066768730176e-07
2.290256730930195772e-07
1.899720700748730451e-07
1.588971514365766780e-07
1.429696396826329874e-07
1.275800372013691231e-07
1.184769615747427451e-07
1.091205632519631763e-07
9.893759056467388291e-08
9.543067847062047804e-08
9.160336844615812879e-08
8.679808871647765045e-08
8.329100609216766316e-08
8.047521049547867733e-08
7.892399622733137221e-08
7.848567662449568161e-08
7.821598302371057798e-08
7.762590570337124518e-08
7.713697414146736264e-08
7.639510357648759964e-08
7.553517633596129599e-08
7.479328445469946018e-08
7.411884439534333069e-08
7.344439012513248599e-08
7.283737346597263240e-08
7.228096166045361315e-08
7.165708382217417238e-08
7.106694255298862117e-08
7.030815396547041018e-08
6.949877473516608006e-08
6.873997904222051147e-08
6.788001627455741982e-08
6.707062283339837450e-08
6.632868121414503548e-08
6.548554409846474300e-08
6.476046365833099117e-08
6.401850072279557935e-08
6.329340607180711231e-08
