1.431785464286804199e+01
1.433481550216674805e+01
1.434478902816772461e+01
1.435987901687622070e+01
1.435192227363586426e+01
2.001797723770141602e+01
2.011078500747680664e+01
1.431288266181945801e+01
1.687287187576293945e+01
1.439527010917663574e+01
1.436546611785888672e+01
1.434937977790832520e+01
1.436313986778259277e+01
1.437829804420471191e+01
1.437371373176574707e+01
1.446360850334167480e+01
1.445522236824035645e+01
1.443390655517578125e+01
1.444296383857727051e+01
1.442148375511169434e+01
1.435539770126342773e+01
1.436283755302429199e+01
1.991965842247009277e+01
1.442041468620300293e+01
1.435311675071716309e+01
1.997281241416931152e+01
1.439494609832763672e+01
1.434371352195739746e+01
1.993137145042419434e+01
1.439237737655639648e+01
1.431418657302856445e+01
2.001394557952880859e+01
1.443335962295532227e+01
2.007034659385681152e+01
1.438735008239746094e+01
1.988343429565429688e+01
1.442710018157958984e+01
1.977923321723937988e+01
1.436732363700866699e+01
1.435525965690612793e+01
1.986617040634155273e+01
1.448064661026000977e+01
1.437928199768066406e+01
1.437201738357543945e+01
1.440565848350524902e+01
1.437123060226440430e+01
1.437356829643249512e+01
1.445055437088012695e+01
1.436969637870788574e+01
1.436589193344116211e+01
