2.116143703460693359e+00
1.490554690361022949e+00
8.849049806594848633e-01
8.396161794662475586e-01
8.326285481452941895e-01
8.290317654609680176e-01
8.226829171180725098e-01
8.170413970947265625e-01
7.981213927268981934e-01
7.785887122154235840e-01
7.669455409049987793e-01
7.512605190277099609e-01
7.356213927268981934e-01
7.299177646636962891e-01
7.158187627792358398e-01
7.037739753723144531e-01
6.964948773384094238e-01
6.926391720771789551e-01
6.799089312553405762e-01
6.750456094741821289e-01
6.691800951957702637e-01
6.640267968177795410e-01
6.576744914054870605e-01
6.525163650512695312e-01
6.497805118560791016e-01
6.467185616493225098e-01
6.444542407989501953e-01
6.428931951522827148e-01
6.406728029251098633e-01
6.392458677291870117e-01
6.378389596939086914e-01
6.380910277366638184e-01
6.344296932220458984e-01
6.335331201553344727e-01
6.330540180206298828e-01
6.320343017578125000e-01
6.310294270515441895e-01
6.307269334793090820e-01
6.291959881782531738e-01
6.315502524375915527e-01
6.292618513107299805e-01
6.277707815170288086e-01
6.277775764465332031e-01
6.266335248947143555e-01
6.261321902275085449e-01
6.259972453117370605e-01
6.256111860275268555e-01
6.250223517417907715e-01
6.251071095466613770e-01
6.247100830078125000e-01
6.244896054267883301e-01
6.242073178291320801e-01
6.241583228111267090e-01
6.239402890205383301e-01
6.237645745277404785e-01
6.236202120780944824e-01
6.235204935073852539e-01
6.235200166702270508e-01
6.233016848564147949e-01
6.232450604438781738e-01
6.231318116188049316e-01
6.230725646018981934e-01
6.230831146240234375e-01
6.230050921440124512e-01
6.229060292243957520e-01
6.228286623954772949e-01
6.228266358375549316e-01
6.227968931198120117e-01
6.227111816406250000e-01
6.226712465286254883e-01
6.226408481597900391e-01
6.226035952568054199e-01
6.225873827934265137e-01
6.225584149360656738e-01
6.225221753120422363e-01
6.225330233573913574e-01
6.224988698959350586e-01
6.224862337112426758e-01
6.224629878997802734e-01
6.224479079246520996e-01
6.224447488784790039e-01
6.224318146705627441e-01
6.224357485771179199e-01
6.224142909049987793e-01
6.224227547645568848e-01
6.224012374877929688e-01
6.223883032798767090e-01
6.223898530006408691e-01
6.223726868629455566e-01
6.223672628402709961e-01
6.223646402359008789e-01
6.223589777946472168e-01
6.223559379577636719e-01
6.223521828651428223e-01
6.223511695861816406e-01
6.223484277725219727e-01
6.223400831222534180e-01
6.223373413085937500e-01
6.223378181457519531e-01
6.223343014717102051e-01
