1.687088418006896973e+01
4.089339470863342285e+01
1.685045170783996582e+01
2.481387591361999512e+01
4.087302803993225098e+01
1.709108376502990723e+01
4.088444161415100098e+01
2.712994074821472168e+01
2.941858673095703125e+01
2.962195348739624023e+01
3.402619862556457520e+01
2.972783470153808594e+01
4.091397953033447266e+01
4.089835023880004883e+01
1.658219289779663086e+01
2.481435155868530273e+01
3.174946784973144531e+01
4.091314792633056641e+01
1.858027672767639160e+01
2.181540775299072266e+01
4.091701722145080566e+01
1.900020194053649902e+01
4.089523911476135254e+01
1.708266806602478027e+01
3.406543278694152832e+01
1.712069129943847656e+01
3.210906314849853516e+01
2.713877606391906738e+01
4.090988230705261230e+01
1.827125906944274902e+01
2.742239832878112793e+01
4.091291761398315430e+01
1.720862150192260742e+01
2.589182829856872559e+01
3.032852387428283691e+01
2.382150387763977051e+01
4.091586589813232422e+01
2.045764422416687012e+01
3.428865432739257812e+01
4.091218280792236328e+01
4.094314575195312500e+01
1.652140426635742188e+01
4.088790869712829590e+01
1.644400501251220703e+01
4.090060687065124512e+01
2.042966532707214355e+01
2.300449371337890625e+01
3.137990689277648926e+01
2.604931116104125977e+01
3.080722665786743164e+01
2.043922615051269531e+01
3.131645464897155762e+01
4.090861034393310547e+01
1.643080329895019531e+01
2.574980115890502930e+01
2.822608757019042969e+01
2.392466402053833008e+01
2.687392878532409668e+01
2.404682683944702148e+01
3.281685400009155273e+01
2.092072391510009766e+01
4.091914796829223633e+01
2.043175458908081055e+01
2.904909396171569824e+01
2.943811845779418945e+01
2.985654473304748535e+01
3.071507978439331055e+01
3.357903742790222168e+01
2.886531901359558105e+01
3.016400551795959473e+01
2.831153130531311035e+01
3.146176743507385254e+01
4.090637159347534180e+01
1.933784270286560059e+01
1.652970933914184570e+01
3.160909605026245117e+01
2.636819052696228027e+01
2.860964822769165039e+01
4.092742991447448730e+01
2.044040322303771973e+01
2.095876955986022949e+01
3.323411178588867188e+01
4.091520452499389648e+01
2.045522785186767578e+01
2.008353590965270996e+01
2.918129372596740723e+01
2.078001570701599121e+01
3.418323302268981934e+01
2.319970655441284180e+01
3.500105500221252441e+01
2.207345628738403320e+01
3.397358894348144531e+01
2.223180866241455078e+01
4.090310811996459961e+01
2.121075892448425293e+01
3.112386679649353027e+01
3.044063854217529297e+01
2.524337697029113770e+01
2.568623876571655273e+01
2.870946502685546875e+01
