1.543993949890136719e-01
1.509160995483398438e-01
1.430382728576660156e-01
1.386618614196777344e-01
1.392915248870849609e-01
1.818211078643798828e-01
1.269533634185791016e-01
1.289112567901611328e-01
1.429867744445800781e-01
1.353116035461425781e-01
1.577949523925781250e-01
1.414155960083007812e-01
1.279811859130859375e-01
1.482903957366943359e-01
9.592556953430175781e-02
1.272389888763427734e-01
2.443923950195312500e-01
1.721100807189941406e-01
2.426981925964355469e-01
1.171016693115234375e-01
1.732420921325683594e-01
1.748821735382080078e-01
2.141990661621093750e-01
1.577830314636230469e-01
1.683666706085205078e-01
1.078126430511474609e-01
1.429300308227539062e-01
1.551687717437744141e-01
2.111971378326416016e-01
1.668257713317871094e-01
1.531186103820800781e-01
1.238319873809814453e-01
2.126193046569824219e-01
2.066278457641601562e-01
1.656444072723388672e-01
1.196298599243164062e-01
1.072940826416015625e-01
1.113750934600830078e-01
1.313750743865966797e-01
1.294701099395751953e-01
1.220438480377197266e-01
6.795978546142578125e-02
2.076952457427978516e-01
8.769607543945312500e-02
2.054495811462402344e-01
1.956000328063964844e-01
1.817276477813720703e-01
1.285419464111328125e-01
8.075189590454101562e-02
1.863715648651123047e-01
1.498377323150634766e-01
1.395006179809570312e-01
1.979923248291015625e-01
7.282090187072753906e-02
1.268622875213623047e-01
1.364817619323730469e-01
1.681787967681884766e-01
1.567292213439941406e-01
1.165671348571777344e-01
1.047470569610595703e-01
2.356953620910644531e-01
1.928763389587402344e-01
1.518278121948242188e-01
1.020801067352294922e-01
1.659922599792480469e-01
1.195881366729736328e-01
1.913707256317138672e-01
2.030329704284667969e-01
1.071135997772216797e-01
1.514458656311035156e-01
1.401989459991455078e-01
1.266331672668457031e-01
8.783769607543945312e-02
2.316911220550537109e-01
2.125120162963867188e-01
1.570494174957275391e-01
1.532766819000244141e-01
1.195671558380126953e-01
2.040343284606933594e-01
1.450185775756835938e-01
1.690073013305664062e-01
1.113421916961669922e-01
1.236240863800048828e-01
2.061305046081542969e-01
1.738665103912353516e-01
1.797509193420410156e-01
8.526444435119628906e-02
7.864117622375488281e-02
2.119092941284179688e-01
1.286585330963134766e-01
1.163473129272460938e-01
1.614291667938232422e-01
2.381007671356201172e-01
8.514666557312011719e-02
1.363360881805419922e-01
1.123955249786376953e-01
1.758723258972167969e-01
1.353628635406494141e-01
1.230390071868896484e-01
1.126675605773925781e-01
