2.421619677543640137e+02
2.547725811004638672e+02
2.657476429939270020e+02
2.879809243679046631e+02
3.218643393516540527e+02
2.385960886478424072e+02
3.218645627498626709e+02
2.618913092613220215e+02
2.642585358619689941e+02
3.000845820903778076e+02
3.218573596477508545e+02
2.395617034435272217e+02
2.869130494594573975e+02
2.788802664279937744e+02
2.618919210433959961e+02
3.218594067096710205e+02
2.382588832378387451e+02
3.218703296184539795e+02
2.599613151550292969e+02
3.218781945705413818e+02
2.383507928848266602e+02
3.218455960750579834e+02
2.398672566413879395e+02
2.747815062999725342e+02
2.835179135799407959e+02
2.406675829887390137e+02
2.528964459896087646e+02
2.554760501384735107e+02
2.774169149398803711e+02
3.218709695339202881e+02
2.391450655460357666e+02
3.218663663864135742e+02
2.618676757812500000e+02
2.673051517009735107e+02
3.218678827285766602e+02
2.392091090679168701e+02
3.218685059547424316e+02
2.618783295154571533e+02
2.480137531757354736e+02
2.939952843189239502e+02
2.741885097026824951e+02
2.654880926609039307e+02
2.412097322940826416e+02
2.618683061599731445e+02
2.731496229171752930e+02
2.853284730911254883e+02
3.218686578273773193e+02
2.378025770187377930e+02
2.902584705352783203e+02
2.819871754646301270e+02
2.539618723392486572e+02
2.788559694290161133e+02
2.851952977180480957e+02
2.726047389507293701e+02
3.218764069080352783e+02
2.400167722702026367e+02
2.751850500106811523e+02
2.683137273788452148e+02
3.218766548633575439e+02
2.494698810577392578e+02
2.835402190685272217e+02
2.846057839393615723e+02
3.218655066490173340e+02
2.619004251956939697e+02
3.218774380683898926e+02
2.408061354160308838e+02
3.218802855014801025e+02
3.218619294166564941e+02
2.618757662773132324e+02
2.497187819480895996e+02
2.880733492374420166e+02
3.218563129901885986e+02
2.618667893409729004e+02
3.218553805351257324e+02
2.368873889446258545e+02
2.618703615665435791e+02
2.731836333274841309e+02
2.912937545776367188e+02
2.620886218547821045e+02
2.951511459350585938e+02
2.652725932598114014e+02
2.751490745544433594e+02
3.218911280632019043e+02
2.402371165752410889e+02
2.981104993820190430e+02
2.477014915943145752e+02
3.218672616481781006e+02
2.396219184398651123e+02
2.562837512493133545e+02
3.218691370487213135e+02
2.433367750644683838e+02
2.618582708835601807e+02
2.618699367046356201e+02
3.218687741756439209e+02
2.411553709506988525e+02
2.767612783908843994e+02
2.833314926624298096e+02
2.879852514266967773e+02
2.752896025180816650e+02
2.846751337051391602e+02
