4.826366603374481201e-01
6.459807157516479492e-01
6.459807157516479492e-01
6.459807157516479492e-01
6.459807157516479492e-01
6.459807157516479492e-01
6.546623706817626953e-01
6.649517416954040527e-01
6.694533824920654297e-01
6.742765307426452637e-01
6.800643205642700195e-01
6.871382594108581543e-01
6.897106170654296875e-01
6.938906908035278320e-01
6.861736178398132324e-01
6.964630484580993652e-01
6.948553323745727539e-01
6.983922719955444336e-01
6.929260492324829102e-01
6.987138390541076660e-01
7.022507786750793457e-01
7.019292712211608887e-01
7.019292712211608887e-01
7.006430625915527344e-01
7.016077041625976562e-01
7.006430625915527344e-01
7.038584947586059570e-01
7.045016288757324219e-01
7.045016288757324219e-01
7.045016288757324219e-01
7.019292712211608887e-01
7.041800618171691895e-01
7.038584947586059570e-01
7.041800618171691895e-01
7.048231363296508789e-01
7.038584947586059570e-01
7.048231363296508789e-01
7.067524194717407227e-01
7.048231363296508789e-01
7.061093449592590332e-01
7.061093449592590332e-01
7.070739269256591797e-01
7.086816430091857910e-01
7.086816430091857910e-01
7.070739269256591797e-01
7.070739269256591797e-01
7.073954939842224121e-01
7.080385684967041016e-01
7.090032100677490234e-01
7.077170610427856445e-01
7.077170610427856445e-01
7.093247771263122559e-01
7.077170610427856445e-01
7.077170610427856445e-01
7.086816430091857910e-01
7.086816430091857910e-01
7.080385684967041016e-01
7.083601355552673340e-01
7.093247771263122559e-01
7.093247771263122559e-01
7.083601355552673340e-01
7.086816430091857910e-01
7.086816430091857910e-01
7.083601355552673340e-01
7.090032100677490234e-01
7.090032100677490234e-01
7.086816430091857910e-01
7.086816430091857910e-01
7.086816430091857910e-01
7.086816430091857910e-01
7.090032100677490234e-01
7.086816430091857910e-01
7.086816430091857910e-01
7.093247771263122559e-01
7.090032100677490234e-01
7.086816430091857910e-01
7.086816430091857910e-01
7.086816430091857910e-01
7.086816430091857910e-01
7.093247771263122559e-01
7.090032100677490234e-01
7.090032100677490234e-01
7.090032100677490234e-01
7.090032100677490234e-01
7.090032100677490234e-01
7.090032100677490234e-01
7.090032100677490234e-01
7.090032100677490234e-01
7.090032100677490234e-01
7.090032100677490234e-01
7.090032100677490234e-01
7.090032100677490234e-01
7.093247771263122559e-01
7.090032100677490234e-01
7.086816430091857910e-01
7.090032100677490234e-01
7.090032100677490234e-01
7.090032100677490234e-01
7.090032100677490234e-01
7.086816430091857910e-01
