2.528144121170043945e-01
5.027340054512023926e-01
6.021228432655334473e-01
6.880025863647460938e-01
7.468639612197875977e-01
7.861048579216003418e-01
8.346735239028930664e-01
8.629784584045410156e-01
8.941782116889953613e-01
9.060791134834289551e-01
9.247346520423889160e-01
9.385654330253601074e-01
9.443550705909729004e-01
9.491798281669616699e-01
9.620456695556640625e-01
9.636539220809936523e-01
9.671919941902160645e-01
9.720167517662048340e-01
9.707301259040832520e-01
9.739466309547424316e-01
9.810228347778320312e-01
9.819877743721008301e-01
9.832743406295776367e-01
9.842392802238464355e-01
9.855259060859680176e-01
9.839176535606384277e-01
9.884207248687744141e-01
9.868124723434448242e-01
9.880990386009216309e-01
9.893856644630432129e-01
9.874557852745056152e-01
9.890639781951904297e-01
9.884207248687744141e-01
9.868124723434448242e-01
9.900289773941040039e-01
9.897072911262512207e-01
9.890639781951904297e-01
9.874557852745056152e-01
9.909939169883728027e-01
9.916371703147888184e-01
9.890639781951904297e-01
9.903506040573120117e-01
9.880990386009216309e-01
9.909939169883728027e-01
9.900289773941040039e-01
9.880990386009216309e-01
9.900289773941040039e-01
9.880990386009216309e-01
9.887423515319824219e-01
9.900289773941040039e-01
9.887423515319824219e-01
9.890639781951904297e-01
9.922804832458496094e-01
9.877774119377136230e-01
9.903506040573120117e-01
9.893856644630432129e-01
9.890639781951904297e-01
9.871340990066528320e-01
9.903506040573120117e-01
9.906722307205200195e-01
9.903506040573120117e-01
9.897072911262512207e-01
9.900289773941040039e-01
9.909939169883728027e-01
9.900289773941040039e-01
9.884207248687744141e-01
9.897072911262512207e-01
9.903506040573120117e-01
9.900289773941040039e-01
9.890639781951904297e-01
9.893856644630432129e-01
9.868124723434448242e-01
9.890639781951904297e-01
9.880990386009216309e-01
9.900289773941040039e-01
9.897072911262512207e-01
9.909939169883728027e-01
9.897072911262512207e-01
9.864908456802368164e-01
9.890639781951904297e-01
9.890639781951904297e-01
9.897072911262512207e-01
9.877774119377136230e-01
9.884207248687744141e-01
9.887423515319824219e-01
9.887423515319824219e-01
9.900289773941040039e-01
9.893856644630432129e-01
9.880990386009216309e-01
9.877774119377136230e-01
9.880990386009216309e-01
9.877774119377136230e-01
9.861691594123840332e-01
9.877774119377136230e-01
9.913155436515808105e-01
9.874557852745056152e-01
9.864908456802368164e-01
9.916371703147888184e-01
9.890639781951904297e-01
9.874557852745056152e-01
