1.454241609573364258e+01
1.760407161712646484e+01
1.440345883369445801e+01
1.436785292625427246e+01
1.435440254211425781e+01
1.441405868530273438e+01
1.786895370483398438e+01
1.453336310386657715e+01
1.446328830718994141e+01
1.443915367126464844e+01
1.441352796554565430e+01
1.446232438087463379e+01
1.793226552009582520e+01
1.813383507728576660e+01
1.444213509559631348e+01
1.445759558677673340e+01
1.442417144775390625e+01
1.437849259376525879e+01
1.441607189178466797e+01
1.811535787582397461e+01
1.443900442123413086e+01
1.446925282478332520e+01
1.446348905563354492e+01
1.443980646133422852e+01
1.446467781066894531e+01
1.451269149780273438e+01
1.450042796134948730e+01
1.447825074195861816e+01
1.818914246559143066e+01
1.446870088577270508e+01
1.462934279441833496e+01
1.788034105300903320e+01
1.449730062484741211e+01
1.819428348541259766e+01
1.454217600822448730e+01
1.445482492446899414e+01
1.791960835456848145e+01
1.822046709060668945e+01
1.446218323707580566e+01
1.455598640441894531e+01
1.452704024314880371e+01
1.444434952735900879e+01
1.448227453231811523e+01
1.448715281486511230e+01
1.797747278213500977e+01
1.446200108528137207e+01
1.447765254974365234e+01
1.797197127342224121e+01
1.451439380645751953e+01
1.450059199333190918e+01
