1.724628853797912598e+01
2.205923151969909668e+01
3.684942364692687988e+01
2.098674559593200684e+01
3.661109685897827148e+01
2.391929435729980469e+01
3.538420271873474121e+01
2.368060421943664551e+01
3.277609181404113770e+01
4.093889093399047852e+01
1.726098132133483887e+01
2.615623545646667480e+01
3.172270774841308594e+01
2.632299757003784180e+01
3.240270161628723145e+01
2.633545613288879395e+01
3.214326930046081543e+01
2.651013398170471191e+01
4.093907046318054199e+01
1.755845046043395996e+01
3.566678500175476074e+01
2.200454163551330566e+01
4.094139528274536133e+01
1.901529669761657715e+01
1.782463455200195312e+01
2.045948076248168945e+01
1.899547505378723145e+01
1.964665722846984863e+01
2.046092009544372559e+01
1.854495453834533691e+01
2.156525564193725586e+01
1.724677991867065430e+01
2.067504143714904785e+01
3.747207307815551758e+01
2.171916842460632324e+01
3.704001569747924805e+01
2.252417922019958496e+01
3.586073207855224609e+01
2.133067536354064941e+01
4.093941164016723633e+01
1.791036295890808105e+01
4.093922758102416992e+01
1.763473463058471680e+01
3.723906016349792480e+01
2.045925974845886230e+01
1.709480428695678711e+01
2.107442092895507812e+01
4.093852376937866211e+01
1.738493609428405762e+01
4.093898725509643555e+01
