1.353482460975646973e+01
1.967031645774841309e+01
1.354523777961730957e+01
2.111126065254211426e+01
3.367204594612121582e+01
2.317752313613891602e+01
4.093975901603698730e+01
1.461388325691223145e+01
3.140015721321105957e+01
1.502769470214843750e+01
2.152109360694885254e+01
3.448719525337219238e+01
1.978397750854492188e+01
1.472541093826293945e+01
1.610187315940856934e+01
4.976194906234741211e+01
8.189932632446289062e+01
1.392832016944885254e+01
4.489704632759094238e+01
1.423607301712036133e+01
2.005549883842468262e+01
1.437069296836853027e+01
1.962670993804931641e+01
2.047545528411865234e+01
2.046745538711547852e+01
4.094090580940246582e+01
1.344094371795654297e+01
2.391194987297058105e+01
3.133372187614440918e+01
1.984580540657043457e+01
1.350780677795410156e+01
2.045827865600585938e+01
1.304492831230163574e+01
1.948682475090026855e+01
1.472070527076721191e+01
2.120993375778198242e+01
2.046010255813598633e+01
1.380336117744445801e+01
1.330652832984924316e+01
1.956018662452697754e+01
2.045966458320617676e+01
1.305208349227905273e+01
1.515705680847167969e+01
2.045982074737548828e+01
1.444816231727600098e+01
1.886956477165222168e+01
1.507001543045043945e+01
2.046037149429321289e+01
2.046838045120239258e+01
1.394073939323425293e+01
