1.275626802444458008e+01
2.072161269187927246e+01
3.273167943954467773e+01
2.229840373992919922e+01
3.218754172325134277e+01
2.056899142265319824e+01
3.273928761482238770e+01
1.284154772758483887e+01
2.042930912971496582e+01
3.213795351982116699e+01
2.234812617301940918e+01
3.192535400390625000e+01
1.410998511314392090e+01
1.338710761070251465e+01
1.857193112373352051e+01
1.478360605239868164e+01
1.925311756134033203e+01
1.401049065589904785e+01
2.070059108734130859e+01
3.247776055335998535e+01
1.360267925262451172e+01
2.090319681167602539e+01
2.156416797637939453e+01
3.408711123466491699e+01
1.978280735015869141e+01
2.045900511741638184e+01
1.325973296165466309e+01
1.368653035163879395e+01
1.993342566490173340e+01
1.336129140853881836e+01
1.990273761749267578e+01
1.499832606315612793e+01
1.887462210655212402e+01
2.105125522613525391e+01
3.325210189819335938e+01
2.087190961837768555e+01
1.423395490646362305e+01
1.892259883880615234e+01
1.405858969688415527e+01
2.003421616554260254e+01
1.422138404846191406e+01
2.018938779830932617e+01
3.299746942520141602e+01
2.211035013198852539e+01
3.098270893096923828e+01
2.297386813163757324e+01
3.039512348175048828e+01
2.334257221221923828e+01
4.093865132331848145e+01
1.315757393836975098e+01
