5.174303054809570312e-02
5.123162269592285156e-02
5.142092704772949219e-02
5.156731605529785156e-02
5.201053619384765625e-02
5.138373374938964844e-02
5.129075050354003906e-02
5.092501640319824219e-02
5.102181434631347656e-02
5.119132995605468750e-02
5.100059509277343750e-02
5.130934715270996094e-02
5.130672454833984375e-02
5.120921134948730469e-02
5.155944824218750000e-02
5.142593383789062500e-02
5.412292480468750000e-02
5.789232254028320312e-02
5.122208595275878906e-02
5.137610435485839844e-02
5.155920982360839844e-02
5.126690864562988281e-02
5.141496658325195312e-02
5.122256278991699219e-02
5.136370658874511719e-02
5.379676818847656250e-02
5.145311355590820312e-02
5.144500732421875000e-02
5.128502845764160156e-02
5.116796493530273438e-02
