5.720138549804687500e-03
3.593158721923828125e-02
5.790710449218750000e-03
5.672216415405273438e-03
2.577018737792968750e-02
2.854990959167480469e-02
4.902291297912597656e-02
5.051994323730468750e-02
5.804777145385742188e-03
5.713462829589843750e-03
5.803346633911132812e-03
2.280139923095703125e-02
5.653381347656250000e-03
5.790948867797851562e-03
2.094864845275878906e-02
4.369163513183593750e-02
4.653310775756835938e-02
5.846977233886718750e-03
4.359984397888183594e-02
5.846738815307617188e-03
4.257202148437500000e-02
2.024006843566894531e-02
2.205610275268554688e-02
3.801798820495605469e-02
1.818680763244628906e-02
4.526114463806152344e-02
5.682706832885742188e-03
5.772113800048828125e-03
5.816936492919921875e-03
5.848884582519531250e-03
5.701065063476562500e-03
2.225756645202636719e-02
5.803585052490234375e-03
5.755901336669921875e-03
5.846738815307617188e-03
3.100609779357910156e-02
1.378655433654785156e-02
5.732774734497070312e-03
1.760554313659667969e-02
5.795955657958984375e-03
4.697537422180175781e-02
5.690574645996093750e-03
5.640029907226562500e-03
5.750894546508789062e-03
5.770921707153320312e-03
5.698442459106445312e-03
5.626440048217773438e-03
5.815029144287109375e-03
2.442550659179687500e-02
5.782127380371093750e-03
