2.033269405364990234e-01
1.648192405700683594e-01
2.074761390686035156e-01
1.390013694763183594e-01
1.405165195465087891e-01
1.142008304595947266e-01
9.552550315856933594e-02
1.336259841918945312e-01
3.028979301452636719e-01
1.583178043365478516e-01
1.526031494140625000e-01
9.134483337402343750e-02
3.095507621765136719e-01
1.282227039337158203e-01
1.470746994018554688e-01
1.676909923553466797e-01
1.773996353149414062e-01
2.416231632232666016e-01
9.402775764465332031e-02
9.350585937500000000e-02
8.876514434814453125e-02
2.231149673461914062e-01
2.164125442504882812e-01
1.698861122131347656e-01
1.049909591674804688e-01
1.557707786560058594e-01
9.046602249145507812e-02
1.378536224365234375e-01
1.843171119689941406e-01
1.104314327239990234e-01
1.556227207183837891e-01
1.588017940521240234e-01
2.213859558105468750e-01
1.524236202239990234e-01
1.994802951812744141e-01
4.926109313964843750e-02
1.464657783508300781e-01
2.103328704833984375e-01
2.156970500946044922e-01
1.224358081817626953e-01
1.619169712066650391e-01
9.755849838256835938e-02
5.095195770263671875e-02
1.070313453674316406e-01
8.555173873901367188e-02
1.930117607116699219e-01
2.014749050140380859e-01
1.584761142730712891e-01
1.308286190032958984e-01
1.442177295684814453e-01
1.520235538482666016e-01
1.303777694702148438e-01
1.140024662017822266e-01
1.373364925384521484e-01
9.066367149353027344e-02
1.243035793304443359e-01
1.328482627868652344e-01
2.053678035736083984e-01
1.275644302368164062e-01
8.767509460449218750e-02
1.396679878234863281e-01
1.722633838653564453e-01
1.050729751586914062e-01
1.115145683288574219e-01
2.323868274688720703e-01
2.102634906768798828e-01
1.334984302520751953e-01
1.991136074066162109e-01
7.221055030822753906e-02
2.133636474609375000e-01
2.257063388824462891e-01
3.086977005004882812e-01
9.839391708374023438e-02
1.048083305358886719e-01
1.964125633239746094e-01
1.805715560913085938e-01
1.619846820831298828e-01
1.431419849395751953e-01
1.385145187377929688e-01
1.582701206207275391e-01
2.127263545989990234e-01
1.699130535125732422e-01
1.200478076934814453e-01
2.192416191101074219e-01
1.453962326049804688e-01
1.305558681488037109e-01
1.541817188262939453e-01
9.314179420471191406e-02
1.440458297729492188e-01
1.793432235717773438e-01
1.972634792327880859e-01
1.263835430145263672e-01
1.892538070678710938e-01
1.556406021118164062e-01
1.927680969238281250e-01
1.358191967010498047e-01
1.874480247497558594e-01
2.262010574340820312e-01
1.536149978637695312e-01
9.024691581726074219e-02
