4.286050796508789062e-03
4.098653793334960938e-03
4.069566726684570312e-03
4.085779190063476562e-03
3.989696502685546875e-03
4.098892211914062500e-03
4.033327102661132812e-03
3.998756408691406250e-03
4.103422164916992188e-03
4.076719284057617188e-03
4.015684127807617188e-03
4.034042358398437500e-03
4.126548767089843750e-03
4.128932952880859375e-03
1.324987411499023438e-02
4.078388214111328125e-03
4.127740859985351562e-03
4.085779190063476562e-03
4.153490066528320312e-03
6.134510040283203125e-03
4.124641418457031250e-03
4.153251647949218750e-03
4.073381423950195312e-03
4.094362258911132812e-03
4.113197326660156250e-03
4.151582717895507812e-03
4.046201705932617188e-03
4.099845886230468750e-03
4.110574722290039062e-03
4.041910171508789062e-03
4.082202911376953125e-03
4.105091094970703125e-03
1.293039321899414062e-02
4.189729690551757812e-03
4.112958908081054688e-03
4.091501235961914062e-03
4.100799560546875000e-03
4.063844680786132812e-03
4.174470901489257812e-03
1.032114028930664062e-02
4.129648208618164062e-03
4.029750823974609375e-03
4.074573516845703125e-03
4.067420959472656250e-03
4.067897796630859375e-03
4.118442535400390625e-03
4.163503646850585938e-03
4.053592681884765625e-03
4.101276397705078125e-03
4.056930541992187500e-03
4.066467285156250000e-03
1.707029342651367188e-02
4.123926162719726562e-03
4.040241241455078125e-03
4.087686538696289062e-03
4.163503646850585938e-03
4.033565521240234375e-03
4.095077514648437500e-03
4.029273986816406250e-03
5.439996719360351562e-03
4.024267196655273438e-03
5.556821823120117188e-03
4.054546356201171875e-03
3.987312316894531250e-03
4.168987274169921875e-03
4.035472869873046875e-03
4.054307937622070312e-03
4.079341888427734375e-03
3.997564315795898438e-03
1.867032051086425781e-02
3.986120223999023438e-03
4.043340682983398438e-03
4.017353057861328125e-03
4.042148590087890625e-03
4.087209701538085938e-03
8.324384689331054688e-03
4.031181335449218750e-03
4.107236862182617188e-03
3.995418548583984375e-03
4.051923751831054688e-03
4.058361053466796875e-03
4.028797149658203125e-03
4.026889801025390625e-03
4.093647003173828125e-03
4.148721694946289062e-03
4.003286361694335938e-03
4.055023193359375000e-03
4.009008407592773438e-03
4.079580307006835938e-03
4.011392593383789062e-03
4.039287567138671875e-03
4.072189331054687500e-03
4.058361053466796875e-03
2.264070510864257812e-02
4.211664199829101562e-03
4.007816314697265625e-03
4.098653793334960938e-03
4.047632217407226562e-03
3.996849060058593750e-03
4.010200500488281250e-03
