4.295825958251953125e-03
4.088878631591796875e-03
4.024028778076171875e-03
4.063367843627929688e-03
4.009723663330078125e-03
4.063844680786132812e-03
4.025936126708984375e-03
4.008293151855468750e-03
4.037857055664062500e-03
4.135847091674804688e-03
4.048824310302734375e-03
4.013299942016601562e-03
4.100561141967773438e-03
4.116296768188476562e-03
9.045362472534179688e-03
4.035711288452148438e-03
4.123926162719726562e-03
4.058361053466796875e-03
4.085779190063476562e-03
2.552390098571777344e-02
4.052877426147460938e-03
4.069089889526367188e-03
4.058837890625000000e-03
4.108428955078125000e-03
4.063844680786132812e-03
4.135131835937500000e-03
4.114866256713867188e-03
4.061460494995117188e-03
4.137516021728515625e-03
4.088163375854492188e-03
4.085779190063476562e-03
4.161596298217773438e-03
1.284933090209960938e-02
4.169464111328125000e-03
4.092454910278320312e-03
4.107952117919921875e-03
4.088640213012695312e-03
4.086732864379882812e-03
4.140853881835937500e-03
4.085779190063476562e-03
4.117488861083984375e-03
4.016399383544921875e-03
4.050731658935546875e-03
4.040718078613281250e-03
4.065990447998046875e-03
4.095792770385742188e-03
4.100322723388671875e-03
4.013776779174804688e-03
3.997087478637695312e-03
4.028320312500000000e-03
4.047870635986328125e-03
1.708602905273437500e-02
4.077672958374023438e-03
4.021883010864257812e-03
4.027366638183593750e-03
4.085302352905273438e-03
4.080533981323242188e-03
4.058599472045898438e-03
4.048347473144531250e-03
5.432128906250000000e-03
4.036903381347656250e-03
1.738786697387695312e-02
4.086732864379882812e-03
4.018545150756835938e-03
4.112005233764648438e-03
3.995418548583984375e-03
4.006385803222656250e-03
4.010677337646484375e-03
3.944158554077148438e-03
8.767843246459960938e-03
3.989696502685546875e-03
4.089355468750000000e-03
3.947973251342773438e-03
1.072216033935546875e-02
4.047393798828125000e-03
4.037618637084960938e-03
1.388788223266601562e-02
4.036188125610351562e-03
4.037857055664062500e-03
4.082918167114257812e-03
4.080295562744140625e-03
3.945112228393554688e-03
4.032135009765625000e-03
4.059791564941406250e-03
4.106521606445312500e-03
3.997802734375000000e-03
4.061698913574218750e-03
4.037857055664062500e-03
4.054784774780273438e-03
4.032373428344726562e-03
3.992557525634765625e-03
4.013538360595703125e-03
4.024982452392578125e-03
2.262306213378906250e-02
4.184961318969726562e-03
4.068851470947265625e-03
4.050493240356445312e-03
4.027843475341796875e-03
3.976821899414062500e-03
4.019498825073242188e-03
