1.682019114494323730e+01
1.777046322822570801e+01
1.652709817886352539e+01
1.881885600090026855e+01
1.703086209297180176e+01
1.775831627845764160e+01
1.847276949882507324e+01
1.810408520698547363e+01
1.818887042999267578e+01
1.835565400123596191e+01
1.657503914833068848e+01
1.845765042304992676e+01
1.656839370727539062e+01
1.836191391944885254e+01
1.710151767730712891e+01
1.913648462295532227e+01
1.719681811332702637e+01
1.706917452812194824e+01
1.657404804229736328e+01
1.911802172660827637e+01
1.821169352531433105e+01
2.038474678993225098e+01
1.761480689048767090e+01
1.658941173553466797e+01
1.836258149147033691e+01
1.834427428245544434e+01
2.038491964340209961e+01
1.780130624771118164e+01
1.860270833969116211e+01
1.835103631019592285e+01
1.780893635749816895e+01
1.666723394393920898e+01
1.704148006439208984e+01
1.865669250488281250e+01
1.664509773254394531e+01
1.650196647644042969e+01
1.656928205490112305e+01
1.822551822662353516e+01
1.838912010192871094e+01
1.664184546470642090e+01
1.661631655693054199e+01
1.855236840248107910e+01
1.808253550529479980e+01
2.039880299568176270e+01
1.816755032539367676e+01
1.882299089431762695e+01
1.853170084953308105e+01
1.709851217269897461e+01
1.824042034149169922e+01
1.657440257072448730e+01
1.820814132690429688e+01
1.878061437606811523e+01
1.840472078323364258e+01
1.756016850471496582e+01
1.803558588027954102e+01
1.663068342208862305e+01
1.679905271530151367e+01
1.833233904838562012e+01
1.848942065238952637e+01
1.652755022048950195e+01
1.848400998115539551e+01
1.662642645835876465e+01
1.849996685981750488e+01
1.812223863601684570e+01
1.817874336242675781e+01
1.660080718994140625e+01
1.845037841796875000e+01
1.833170342445373535e+01
1.664777684211730957e+01
1.830022931098937988e+01
1.852890276908874512e+01
1.695728516578674316e+01
1.670130181312561035e+01
1.909535026550292969e+01
2.042809438705444336e+01
1.760771226882934570e+01
1.717683625221252441e+01
1.866609835624694824e+01
1.826797962188720703e+01
1.871455669403076172e+01
2.038410902023315430e+01
1.662441253662109375e+01
1.651106929779052734e+01
1.728802680969238281e+01
1.660409593582153320e+01
1.875276875495910645e+01
1.851786208152770996e+01
1.887080550193786621e+01
1.837213206291198730e+01
1.904662322998046875e+01
1.684870076179504395e+01
1.894316887855529785e+01
1.716417765617370605e+01
1.889628195762634277e+01
1.660141396522521973e+01
1.858306360244750977e+01
1.926182603836059570e+01
1.656635022163391113e+01
1.872164583206176758e+01
1.658910298347473145e+01
