4.971758604049682617e+00
4.779583454132080078e+00
4.788952350616455078e+00
4.941403388977050781e+00
5.008905649185180664e+00
5.110402107238769531e+00
5.283711194992065430e+00
5.030585050582885742e+00
5.059281110763549805e+00
5.035350084304809570e+00
4.731543064117431641e+00
4.882249593734741211e+00
4.546627283096313477e+00
4.712985515594482422e+00
5.215552568435668945e+00
5.407118797302246094e+00
4.961024522781372070e+00
5.890908956527709961e+00
5.147479057312011719e+00
5.094095706939697266e+00
5.093805789947509766e+00
5.174915790557861328e+00
4.956410408020019531e+00
4.791936635971069336e+00
4.780697345733642578e+00
5.063162326812744141e+00
4.711275100708007812e+00
4.897835493087768555e+00
4.908175706863403320e+00
5.102783203125000000e+00
6.162989854812622070e+00
1.053577446937561035e+01
4.817160367965698242e+00
1.071904969215393066e+01
4.870317697525024414e+00
1.130469441413879395e+01
4.833131313323974609e+00
4.593122482299804688e+00
6.617731332778930664e+00
1.173282074928283691e+01
4.780349493026733398e+00
6.403097867965698242e+00
4.848154544830322266e+00
4.722701072692871094e+00
4.571357965469360352e+00
4.811282873153686523e+00
6.009238243103027344e+00
5.009881734848022461e+00
4.705663919448852539e+00
4.890696525573730469e+00
