7.320672512054443359e+00
7.539803504943847656e+00
7.424555301666259766e+00
7.471016883850097656e+00
7.478022336959838867e+00
7.032109498977661133e+00
7.524148941040039062e+00
7.303749322891235352e+00
7.771490097045898438e+00
7.146916151046752930e+00
7.157637119293212891e+00
7.199581384658813477e+00
7.415309667587280273e+00
7.526935338973999023e+00
7.349518060684204102e+00
7.365871191024780273e+00
7.438701391220092773e+00
7.289607048034667969e+00
7.471505403518676758e+00
7.391188144683837891e+00
7.588236808776855469e+00
7.442643880844116211e+00
7.499592304229736328e+00
7.493100881576538086e+00
7.251634359359741211e+00
7.393739223480224609e+00
7.335098028182983398e+00
7.649189949035644531e+00
8.777610778808593750e+00
7.248397111892700195e+00
7.615013837814331055e+00
7.424469470977783203e+00
7.346710205078125000e+00
7.579232692718505859e+00
7.385635137557983398e+00
7.459406375885009766e+00
7.432033061981201172e+00
7.313741683959960938e+00
7.421749591827392578e+00
7.626920938491821289e+00
7.501082897186279297e+00
7.519314050674438477e+00
1.314914965629577637e+01
7.463207960128784180e+00
7.188494205474853516e+00
7.376753568649291992e+00
7.372671365737915039e+00
7.443779230117797852e+00
7.586131572723388672e+00
7.609718322753906250e+00
