5.061960220336914062e-02
6.384515762329101562e-02
1.973533630371093750e-02
9.088468551635742188e-02
9.045910835266113281e-02
1.174631118774414062e-01
6.964612007141113281e-02
1.132018566131591797e-01
5.558991432189941406e-02
7.454919815063476562e-02
4.594230651855468750e-02
9.340453147888183594e-02
8.679056167602539062e-02
5.153465270996093750e-02
8.039832115173339844e-02
1.529955863952636719e-02
7.595610618591308594e-02
1.068139076232910156e-01
6.787896156311035156e-02
5.977225303649902344e-02
9.358763694763183594e-02
1.169016361236572266e-01
5.514812469482421875e-02
7.734155654907226562e-02
8.035588264465332031e-02
7.638406753540039062e-02
7.133626937866210938e-02
4.792809486389160156e-02
6.121182441711425781e-02
1.443262100219726562e-01
4.320883750915527344e-02
4.388618469238281250e-02
3.017807006835937500e-02
8.492898941040039062e-02
7.332730293273925781e-02
1.174890995025634766e-01
9.223914146423339844e-02
4.910182952880859375e-02
7.198190689086914062e-02
7.503008842468261719e-02
1.216068267822265625e-01
1.162290573120117188e-01
4.826974868774414062e-02
1.007418632507324219e-01
8.397626876831054688e-02
5.782890319824218750e-02
5.238175392150878906e-02
5.118489265441894531e-02
8.796286582946777344e-02
8.313179016113281250e-02
6.129002571105957031e-02
6.591534614562988281e-02
3.913640975952148438e-02
1.359441280364990234e-01
6.340980529785156250e-02
6.381916999816894531e-02
5.776500701904296875e-02
4.902291297912597656e-02
8.738803863525390625e-02
5.500864982604980469e-02
1.013708114624023438e-01
5.558133125305175781e-02
4.494571685791015625e-02
6.218743324279785156e-02
1.216170787811279297e-01
5.421876907348632812e-02
7.466793060302734375e-02
4.642677307128906250e-02
1.015729904174804688e-01
1.135339736938476562e-01
1.311554908752441406e-01
1.076297760009765625e-01
8.247017860412597656e-02
1.075308322906494141e-01
3.022837638854980469e-02
6.982421875000000000e-02
1.183409690856933594e-01
9.620547294616699219e-02
7.480621337890625000e-03
8.234262466430664062e-02
1.203608512878417969e-02
5.863404273986816406e-02
5.879807472229003906e-02
6.750035285949707031e-02
5.706977844238281250e-02
5.503797531127929688e-02
6.054949760437011719e-02
4.852318763732910156e-02
6.081509590148925781e-02
7.482123374938964844e-02
1.152215003967285156e-01
6.578445434570312500e-03
8.442926406860351562e-02
7.645964622497558594e-02
6.607604026794433594e-02
1.490976810455322266e-01
6.300997734069824219e-02
6.698870658874511719e-02
1.136164665222167969e-01
2.153706550598144531e-02
