7.916712760925292969e-02
7.083749771118164062e-02
3.123402595520019531e-02
5.861139297485351562e-02
9.962558746337890625e-02
1.084005832672119141e-01
8.207845687866210938e-02
1.086723804473876953e-01
5.000376701354980469e-02
1.036949157714843750e-01
4.595398902893066406e-02
1.042366027832031250e-01
1.154294013977050781e-01
5.160236358642578125e-02
9.757781028747558594e-02
3.088164329528808594e-02
5.276012420654296875e-02
1.245799064636230469e-01
6.789064407348632812e-02
4.744648933410644531e-02
1.037459373474121094e-01
1.169643402099609375e-01
5.421495437622070312e-02
6.459331512451171875e-02
9.744834899902343750e-02
6.502532958984375000e-02
5.901598930358886719e-02
1.042866706848144531e-01
6.123709678649902344e-02
1.069545745849609375e-01
5.323863029479980469e-02
3.978013992309570312e-02
4.502725601196289062e-02
8.494663238525390625e-02
6.259679794311523438e-02
1.094980239868164062e-01
8.728504180908203125e-02
5.596208572387695312e-02
6.500434875488281250e-02
7.813405990600585938e-02
1.460375785827636719e-01
1.205298900604248047e-01
4.085230827331542969e-02
9.871053695678710938e-02
1.174702644348144531e-01
1.388471126556396484e-01
5.241823196411132812e-02
5.115032196044921875e-02
1.006586551666259766e-01
8.581900596618652344e-02
6.125140190124511719e-02
6.594586372375488281e-02
4.981160163879394531e-02
1.751768589019775391e-01
6.339573860168457031e-02
6.921577453613281250e-02
3.433251380920410156e-02
4.934453964233398438e-02
7.606458663940429688e-02
8.656501770019531250e-02
1.037557125091552734e-01
6.861233711242675781e-02
5.730962753295898438e-02
1.005218029022216797e-01
1.354975700378417969e-01
5.251502990722656250e-02
6.123280525207519531e-02
5.887103080749511719e-02
1.192705631256103516e-01
1.135962009429931641e-01
1.257894039154052734e-01
9.270167350769042969e-02
7.634496688842773438e-02
1.033873558044433594e-01
4.579329490661621094e-02
6.982922554016113281e-02
1.070818901062011719e-01
8.829879760742187500e-02
7.445812225341796875e-03
9.309673309326171875e-02
1.205253601074218750e-02
6.390142440795898438e-02
5.883193016052246094e-02
6.042909622192382812e-02
5.706834793090820312e-02
4.654574394226074219e-02
6.974840164184570312e-02
4.314470291137695312e-02
6.080913543701171875e-02
9.313678741455078125e-02
1.274113655090332031e-01
6.615877151489257812e-03
8.450746536254882812e-02
8.285331726074218750e-02
7.781744003295898438e-02
1.437900066375732422e-01
6.308317184448242188e-02
6.689381599426269531e-02
8.903717994689941406e-02
3.345990180969238281e-02
