6.407214701175689697e-02
1.070840004831552505e-02
6.192569620907306671e-03
3.647022414952516556e-03
3.100856440141797066e-03
2.780305221676826477e-03
1.352512743324041367e-03
8.476367220282554626e-04
8.907971205189824104e-04
1.880319323390722275e-04
8.524916484020650387e-05
7.010102854110300541e-05
4.648835965781472623e-05
4.079697100678458810e-05
4.282956433598883450e-05
2.425800084893126041e-05
2.316546488145831972e-05
1.285838425246765837e-05
1.724384310364257544e-05
1.906563011289108545e-05
2.190594750572927296e-05
1.129706652136519551e-05
9.975835382647346705e-06
7.411212209262885153e-06
5.807441539218416438e-06
4.098289537068922073e-06
3.168625653415801935e-06
2.662789484020322561e-06
2.344016820643446408e-06
1.987350060517201200e-06
1.744897758726438042e-06
1.513668280495039653e-06
1.354280811938224360e-06
1.215753968608623836e-06
1.107936441258061677e-06
1.016110445561935194e-06
9.419832167623098940e-07
8.627218903711764142e-07
8.030317530938191339e-07
7.471145408999291249e-07
7.030562301224563271e-07
6.570089681190438569e-07
6.201795486049377359e-07
5.856239226886827964e-07
5.536469984690484125e-07
5.250909111964574549e-07
4.999395741833723150e-07
4.755801512601465220e-07
4.537821780559170293e-07
4.365023755781294312e-07
