2.307276964187622070e+00
2.116137742996215820e+00
1.716759562492370605e+00
1.536067008972167969e+00
1.503301143646240234e+00
1.475876212120056152e+00
1.426793932914733887e+00
1.378782629966735840e+00
1.279228687286376953e+00
1.213906288146972656e+00
1.183510899543762207e+00
1.152032256126403809e+00
1.161078214645385742e+00
1.123636603355407715e+00
1.125603795051574707e+00
1.108788251876831055e+00
1.088529586791992188e+00
1.084919214248657227e+00
1.070226430892944336e+00
1.079736828804016113e+00
1.041106104850769043e+00
1.056669354438781738e+00
1.024187207221984863e+00
1.076223492622375488e+00
1.018743276596069336e+00
9.995043277740478516e-01
1.014525651931762695e+00
1.052232861518859863e+00
9.847929477691650391e-01
9.630796313285827637e-01
9.642764329910278320e-01
9.478318691253662109e-01
9.193463921546936035e-01
9.257971644401550293e-01
9.148595333099365234e-01
8.927662968635559082e-01
8.964259624481201172e-01
8.931843042373657227e-01
8.666694760322570801e-01
8.815940022468566895e-01
9.001897573471069336e-01
8.566147685050964355e-01
8.544588088989257812e-01
8.255432248115539551e-01
8.312122225761413574e-01
8.384706974029541016e-01
8.136053681373596191e-01
7.925061583518981934e-01
8.230017423629760742e-01
7.853375077247619629e-01
8.262622952461242676e-01
7.617163062095642090e-01
7.505313158035278320e-01
7.569822669029235840e-01
7.684259414672851562e-01
7.386491298675537109e-01
7.276166081428527832e-01
7.605909109115600586e-01
7.322943210601806641e-01
6.911869049072265625e-01
6.863211393356323242e-01
7.119765281677246094e-01
6.965044140815734863e-01
6.953561305999755859e-01
6.515792012214660645e-01
6.504262685775756836e-01
6.268781423568725586e-01
6.191323995590209961e-01
6.179254651069641113e-01
6.280430555343627930e-01
6.100896596908569336e-01
6.800693869590759277e-01
7.045059204101562500e-01
1.118259072303771973e+00
1.031299710273742676e+00
8.701682686805725098e-01
8.451567292213439941e-01
7.941495180130004883e-01
7.642995119094848633e-01
7.296224832534790039e-01
6.948466897010803223e-01
6.827372908592224121e-01
6.515797376632690430e-01
6.330332159996032715e-01
6.016391515731811523e-01
5.994802117347717285e-01
6.396346092224121094e-01
5.946720242500305176e-01
5.870723724365234375e-01
5.448672771453857422e-01
6.000322103500366211e-01
5.336313843727111816e-01
5.353016853332519531e-01
4.834292531013488770e-01
4.799910783767700195e-01
4.673238992691040039e-01
4.694208800792694092e-01
4.898833632469177246e-01
4.866854548454284668e-01
4.488718211650848389e-01
