1.694243645668029785e+01
2.032654237747192383e+01
3.451667642593383789e+01
2.180673336982727051e+01
3.346611833572387695e+01
2.347272658348083496e+01
3.293418884277343750e+01
2.104501795768737793e+01
3.487398958206176758e+01
2.143465805053710938e+01
3.290475201606750488e+01
4.092956638336181641e+01
2.040893101692199707e+01
2.362213993072509766e+01
2.796702265739440918e+01
2.275192070007324219e+01
3.169310307502746582e+01
2.839621329307556152e+01
4.090386176109313965e+01
1.702670693397521973e+01
4.096083593368530273e+01
2.046164488792419434e+01
4.091059660911560059e+01
2.044880771636962891e+01
2.915182209014892578e+01
2.705617570877075195e+01
2.202238583564758301e+01
3.236001801490783691e+01
2.305104804039001465e+01
4.093838095664978027e+01
2.044663119316101074e+01
4.087529802322387695e+01
3.090463542938232422e+01
2.394864726066589355e+01
3.237020564079284668e+01
1.763343477249145508e+01
4.095536446571350098e+01
2.174826478958129883e+01
4.093362998962402344e+01
2.647436738014221191e+01
4.090900993347167969e+01
1.815970444679260254e+01
4.089036011695861816e+01
1.662119936943054199e+01
2.332659459114074707e+01
3.405018472671508789e+01
4.088598275184631348e+01
1.726259756088256836e+01
2.982887792587280273e+01
3.161129260063171387e+01
2.468309473991394043e+01
3.068104910850524902e+01
2.905849647521972656e+01
4.093451333045959473e+01
1.717974328994750977e+01
2.842629814147949219e+01
2.587359547615051270e+01
3.088998961448669434e+01
2.577177858352661133e+01
2.521022319793701172e+01
4.092570853233337402e+01
1.819518685340881348e+01
1.753428697586059570e+01
3.662603020668029785e+01
2.030588340759277344e+01
2.024725079536437988e+01
2.899810743331909180e+01
2.058792734146118164e+01
3.318609619140625000e+01
4.093313312530517578e+01
1.653508162498474121e+01
2.588623476028442383e+01
3.378571844100952148e+01
3.378040957450866699e+01
2.395785021781921387e+01
3.113568496704101562e+01
2.523881840705871582e+01
2.997543454170227051e+01
2.729619503021240234e+01
3.593444561958312988e+01
4.088732361793518066e+01
2.042703938484191895e+01
4.089658021926879883e+01
1.841748905181884766e+01
2.047849440574645996e+01
2.040073537826538086e+01
3.502662920951843262e+01
4.090947628021240234e+01
2.044473123550415039e+01
2.130285453796386719e+01
3.524450945854187012e+01
2.482139801979064941e+01
3.276568555831909180e+01
2.258524274826049805e+01
4.086945819854736328e+01
1.774278473854064941e+01
3.060355162620544434e+01
2.031987595558166504e+01
3.184227752685546875e+01
1.654201388359069824e+01
