8.334512710571289062e-01
8.869392871856689453e-01
9.654733538627624512e-01
9.683033823966979980e-01
9.666053652763366699e-01
9.732559919357299805e-01
9.671713709831237793e-01
9.677373766899108887e-01
9.698598980903625488e-01
9.596717357635498047e-01
9.585396647453308105e-01
9.579736590385437012e-01
9.528796076774597168e-01
9.476439952850341797e-01
9.458044171333312988e-01
9.472194910049438477e-01
9.482100009918212891e-01
9.496250152587890625e-01
9.496250152587890625e-01
9.499080181121826172e-01
9.520305395126342773e-01
9.530211091041564941e-01
9.581151604652404785e-01
9.592472314834594727e-01
9.598132371902465820e-01
9.612282514572143555e-01
9.627847671508789062e-01
9.636337757110595703e-01
9.643412828445434570e-01
9.654733538627624512e-01
9.661808609962463379e-01
9.671713709831237793e-01
9.681618809700012207e-01
9.677373766899108887e-01
9.694353938102722168e-01
9.698598980903625488e-01
9.708504080772399902e-01
9.716994762420654297e-01
9.721239805221557617e-01
9.731144905090332031e-01
9.741050004959106445e-01
9.741050004959106445e-01
9.746710062026977539e-01
9.750955104827880859e-01
9.755200147628784180e-01
9.758030176162719727e-01
9.753785133361816406e-01
9.758030176162719727e-01
9.758030176162719727e-01
9.760860204696655273e-01
