4.819116592407226562e+00
4.969347953796386719e+00
1.368796372413635254e+01
4.801710128784179688e+00
4.921266794204711914e+00
4.541652679443359375e+00
6.437501668930053711e+00
4.765970468521118164e+00
5.154025316238403320e+00
4.636112689971923828e+00
4.845841646194458008e+00
5.048310518264770508e+00
4.914608240127563477e+00
4.825095415115356445e+00
5.034779787063598633e+00
4.771983385086059570e+00
5.047224760055541992e+00
4.817756891250610352e+00
4.794116020202636719e+00
5.206619739532470703e+00
4.589814901351928711e+00
1.527901792526245117e+01
5.226696729660034180e+00
4.827989339828491211e+00
4.775074958801269531e+00
1.440926074981689453e+01
4.657147884368896484e+00
4.763184785842895508e+00
4.915009498596191406e+00
4.803152561187744141e+00
4.971284627914428711e+00
6.023325920104980469e+00
4.803251981735229492e+00
4.860488414764404297e+00
4.689469337463378906e+00
4.950642347335815430e+00
5.178519964218139648e+00
4.546574592590332031e+00
4.985296249389648438e+00
4.455360889434814453e+00
4.769829034805297852e+00
6.631342411041259766e+00
4.702287435531616211e+00
4.801190614700317383e+00
4.786002159118652344e+00
4.863441228866577148e+00
4.903663873672485352e+00
4.921562671661376953e+00
5.079938411712646484e+00
4.741771936416625977e+00
