1.010951474308967590e-01
2.647342905402183533e-02
2.632988430559635162e-02
5.626154318451881409e-02
2.399180643260478973e-02
2.490445226430892944e-02
1.689567044377326965e-02
2.063897810876369476e-02
7.869211025536060333e-03
5.528701934963464737e-03
1.986299268901348114e-02
5.933926906436681747e-03
4.882134962826967239e-03
1.364531740546226501e-02
6.935906596481800079e-03
4.078422114253044128e-02
1.211396325379610062e-02
4.404379054903984070e-03
4.255392123013734818e-03
4.201793577522039413e-03
3.787251189351081848e-03
4.194748122245073318e-03
4.258814267814159393e-03
5.397966597229242325e-03
5.243450403213500977e-03
4.285081755369901657e-03
4.503023345023393631e-03
3.776440396904945374e-03
4.096657969057559967e-03
3.540742909535765648e-03
3.547430504113435745e-03
4.001140128821134567e-03
3.953811712563037872e-03
3.931101411581039429e-03
3.919461742043495178e-03
3.760460531339049339e-03
3.791425609961152077e-03
3.747254842892289162e-03
3.654559142887592316e-03
3.568599466234445572e-03
3.544417675584554672e-03
3.461917163804173470e-03
3.308663843199610710e-03
3.087231889367103577e-03
2.919699298217892647e-03
2.870169235393404961e-03
2.851718803867697716e-03
2.836200641468167305e-03
2.814037026837468147e-03
2.791803330183029175e-03
