5.143132805824279785e-01
7.500804066658020020e-01
7.500804066658020020e-01
7.500804066658020020e-01
7.500804066658020020e-01
7.500804066658020020e-01
7.500804066658020020e-01
7.500804066658020020e-01
7.700225114822387695e-01
7.902862429618835449e-01
8.018655776977539062e-01
7.999356985092163086e-01
7.989707589149475098e-01
8.034737706184387207e-01
8.037954568862915039e-01
8.037954568862915039e-01
8.047603964805603027e-01
8.060469627380371094e-01
8.031521439552307129e-01
8.034737706184387207e-01
8.060469627380371094e-01
8.054036498069763184e-01
8.063685894012451172e-01
8.066902756690979004e-01
8.047603964805603027e-01
8.054036498069763184e-01
8.060469627380371094e-01
8.070119023323059082e-01
8.079768419265747070e-01
8.063685894012451172e-01
8.102283477783203125e-01
8.086201548576354980e-01
8.105500340461730957e-01
8.111932873725891113e-01
8.089417815208435059e-01
8.099067211151123047e-01
8.115149736404418945e-01
8.115149736404418945e-01
8.137664794921875000e-01
8.115149736404418945e-01
8.118366003036499023e-01
8.121582269668579102e-01
8.124799132347106934e-01
8.118366003036499023e-01
8.121582269668579102e-01
8.124799132347106934e-01
8.124799132347106934e-01
8.150530457496643066e-01
8.121582269668579102e-01
8.121582269668579102e-01
8.118366003036499023e-01
8.134448528289794922e-01
8.137664794921875000e-01
8.131231665611267090e-01
8.118366003036499023e-01
8.118366003036499023e-01
8.131231665611267090e-01
8.128015398979187012e-01
8.121582269668579102e-01
8.131231665611267090e-01
8.131231665611267090e-01
8.140881061553955078e-01
8.137664794921875000e-01
8.137664794921875000e-01
8.137664794921875000e-01
8.137664794921875000e-01
8.140881061553955078e-01
8.137664794921875000e-01
8.140881061553955078e-01
8.140881061553955078e-01
8.134448528289794922e-01
8.134448528289794922e-01
8.144097924232482910e-01
8.140881061553955078e-01
8.134448528289794922e-01
8.134448528289794922e-01
8.137664794921875000e-01
8.137664794921875000e-01
8.137664794921875000e-01
8.137664794921875000e-01
8.137664794921875000e-01
8.137664794921875000e-01
8.140881061553955078e-01
8.140881061553955078e-01
8.140881061553955078e-01
8.137664794921875000e-01
8.137664794921875000e-01
8.137664794921875000e-01
8.137664794921875000e-01
8.137664794921875000e-01
8.137664794921875000e-01
8.137664794921875000e-01
8.140881061553955078e-01
8.137664794921875000e-01
8.137664794921875000e-01
8.140881061553955078e-01
8.140881061553955078e-01
8.140881061553955078e-01
8.140881061553955078e-01
8.137664794921875000e-01
