1.685580110549926758e+01
2.052167701721191406e+01
4.093137145042419434e+01
1.993984031677246094e+01
3.013963365554809570e+01
2.364297890663146973e+01
3.386777639389038086e+01
2.138142085075378418e+01
3.778156161308288574e+01
4.098778843879699707e+01
1.785293126106262207e+01
2.177775573730468750e+01
4.090564584732055664e+01
1.993688678741455078e+01
3.417607593536376953e+01
2.393107628822326660e+01
2.490114378929138184e+01
4.091988086700439453e+01
2.053538465499877930e+01
2.130571031570434570e+01
3.305823707580566406e+01
2.642946887016296387e+01
3.345728325843811035e+01
4.088147020339965820e+01
1.982232403755187988e+01
3.245014691352844238e+01
2.183749127388000488e+01
3.700599837303161621e+01
2.155089330673217773e+01
3.461924123764038086e+01
1.989160275459289551e+01
3.068596315383911133e+01
2.492034554481506348e+01
4.090570783615112305e+01
1.725769782066345215e+01
3.264139151573181152e+01
2.063880085945129395e+01
3.375024962425231934e+01
2.173579788208007812e+01
3.235184597969055176e+01
2.312753033638000488e+01
4.091438579559326172e+01
1.824737167358398438e+01
2.871204090118408203e+01
3.047881484031677246e+01
3.370398473739624023e+01
4.089247059822082520e+01
2.364133000373840332e+01
3.124122071266174316e+01
2.347267246246337891e+01
3.631787371635437012e+01
1.984398412704467773e+01
1.655430436134338379e+01
3.376340532302856445e+01
2.633575630187988281e+01
2.351018977165222168e+01
2.686098361015319824e+01
4.090991497039794922e+01
1.663862824440002441e+01
3.324667024612426758e+01
2.850311923027038574e+01
2.588345479965209961e+01
2.962378072738647461e+01
3.407032227516174316e+01
3.026740312576293945e+01
2.585629701614379883e+01
3.282577896118164062e+01
2.228801870346069336e+01
3.212765526771545410e+01
2.213644671440124512e+01
3.445155262947082520e+01
4.095003914833068848e+01
1.672069454193115234e+01
4.091448616981506348e+01
2.402808403968811035e+01
4.091262149810791016e+01
1.650821185111999512e+01
2.398961448669433594e+01
3.269471120834350586e+01
4.089798021316528320e+01
1.667734479904174805e+01
4.092000937461853027e+01
1.824751138687133789e+01
2.037551045417785645e+01
2.742388463020324707e+01
3.241345310211181641e+01
2.341995501518249512e+01
3.348819279670715332e+01
4.085887694358825684e+01
1.642195105552673340e+01
2.878687429428100586e+01
2.595884799957275391e+01
3.308700966835021973e+01
2.755054402351379395e+01
3.504533028602600098e+01
3.291150188446044922e+01
2.735490870475769043e+01
3.423610758781433105e+01
4.089816331863403320e+01
1.889780354499816895e+01
