1.353193497657775879e+01
1.361445689201354980e+01
1.364275860786437988e+01
1.367288994789123535e+01
1.369954299926757812e+01
1.368608403205871582e+01
1.374764657020568848e+01
1.376954984664916992e+01
1.370917868614196777e+01
2.022062373161315918e+01
1.366164851188659668e+01
2.018583559989929199e+01
1.378456759452819824e+01
1.374982142448425293e+01
1.377698063850402832e+01
1.371640658378601074e+01
1.354776835441589355e+01
1.378287887573242188e+01
1.374964547157287598e+01
2.015873861312866211e+01
1.381515240669250488e+01
1.376618480682373047e+01
1.380344510078430176e+01
1.370373344421386719e+01
1.376018357276916504e+01
1.388320112228393555e+01
1.371706628799438477e+01
1.388175249099731445e+01
1.376033878326416016e+01
1.372700023651123047e+01
1.369569993019104004e+01
1.363403987884521484e+01
1.371179819107055664e+01
1.368623042106628418e+01
1.372343468666076660e+01
1.373859119415283203e+01
1.373198866844177246e+01
1.378411769866943359e+01
1.377207469940185547e+01
1.380650329589843750e+01
1.386893868446350098e+01
