8.597494363784790039e+00
8.545180797576904297e+00
8.593505382537841797e+00
8.582260608673095703e+00
8.539269447326660156e+00
8.573946237564086914e+00
8.598356485366821289e+00
8.566830158233642578e+00
1.529694962501525879e+01
8.549205541610717773e+00
1.534407138824462891e+01
8.584764242172241211e+00
8.555226325988769531e+00
8.562489271163940430e+00
8.563867568969726562e+00
8.585019350051879883e+00
8.594049930572509766e+00
8.564671277999877930e+00
8.612007141113281250e+00
8.582973480224609375e+00
8.574761390686035156e+00
8.570874452590942383e+00
8.586714267730712891e+00
8.519083261489868164e+00
8.577113866806030273e+00
8.572042465209960938e+00
8.518288373947143555e+00
8.509817361831665039e+00
8.444226503372192383e+00
8.385863065719604492e+00
8.384513616561889648e+00
8.354786396026611328e+00
8.281909465789794922e+00
8.312457561492919922e+00
8.274333715438842773e+00
8.282094717025756836e+00
8.267086267471313477e+00
8.262383222579956055e+00
8.252890586853027344e+00
8.274209976196289062e+00
8.220465660095214844e+00
