1.572441625595092773e+01
3.570861840248107910e+01
1.533441925048828125e+01
1.599717140197753906e+01
2.794352221488952637e+01
1.922208881378173828e+01
2.373536038398742676e+01
1.565619230270385742e+01
1.527046489715576172e+01
1.490792226791381836e+01
2.916762042045593262e+01
1.570613169670104980e+01
2.416585969924926758e+01
1.538170051574707031e+01
3.410113763809204102e+01
1.509908914566040039e+01
1.550263643264770508e+01
1.557026147842407227e+01
1.534951138496398926e+01
1.941520428657531738e+01
1.516748356819152832e+01
1.527247309684753418e+01
2.421501255035400391e+01
1.891822719573974609e+01
1.543661975860595703e+01
3.181159520149230957e+01
1.593714451789855957e+01
1.537002968788146973e+01
1.496312999725341797e+01
2.872494316101074219e+01
1.535947084426879883e+01
1.507639265060424805e+01
1.517857146263122559e+01
1.514118862152099609e+01
1.518173933029174805e+01
1.549791264533996582e+01
1.558642458915710449e+01
1.548413133621215820e+01
2.266630339622497559e+01
1.508508181571960449e+01
2.777459478378295898e+01
1.527706742286682129e+01
1.543768167495727539e+01
2.672722673416137695e+01
1.524491620063781738e+01
1.572856569290161133e+01
1.500599741935729980e+01
3.348449420928955078e+01
1.918862557411193848e+01
1.501452207565307617e+01
1.506479310989379883e+01
2.895250606536865234e+01
1.540675449371337891e+01
1.546484160423278809e+01
1.503702306747436523e+01
1.516649866104125977e+01
2.156448554992675781e+01
1.508227920532226562e+01
1.515692329406738281e+01
1.490420126914978027e+01
1.544600391387939453e+01
3.517000484466552734e+01
1.496931433677673340e+01
1.540078139305114746e+01
1.528654026985168457e+01
1.512064409255981445e+01
1.532607340812683105e+01
1.920831513404846191e+01
2.183628153800964355e+01
1.520328903198242188e+01
1.533372735977172852e+01
1.572886514663696289e+01
1.532850646972656250e+01
1.582408642768859863e+01
2.406148123741149902e+01
1.521350288391113281e+01
1.516445040702819824e+01
1.511585831642150879e+01
2.588179564476013184e+01
1.527174901962280273e+01
1.570777606964111328e+01
1.506410336494445801e+01
2.235907387733459473e+01
1.506954693794250488e+01
2.962217617034912109e+01
1.540388560295104980e+01
1.552172970771789551e+01
3.059440755844116211e+01
1.513794970512390137e+01
1.533121943473815918e+01
1.501733994483947754e+01
3.252988028526306152e+01
1.543941402435302734e+01
1.500125765800476074e+01
1.545927405357360840e+01
1.528774666786193848e+01
1.575109171867370605e+01
1.507689571380615234e+01
2.316337227821350098e+01
1.542591023445129395e+01
