4.811909437179565430e+00
5.158091068267822266e+00
4.780566453933715820e+00
4.787903070449829102e+00
4.693149566650390625e+00
5.133086442947387695e+00
5.307759284973144531e+00
4.834453344345092773e+00
4.935762643814086914e+00
4.748638868331909180e+00
4.757287025451660156e+00
4.911490678787231445e+00
4.809444904327392578e+00
4.921886205673217773e+00
5.039464473724365234e+00
5.194533586502075195e+00
1.325724101066589355e+01
4.983166694641113281e+00
4.965734720230102539e+00
2.515353941917419434e+01
4.896100044250488281e+00
5.089085817337036133e+00
4.804942607879638672e+00
4.662220954895019531e+00
4.509315252304077148e+00
4.812223434448242188e+00
4.766572475433349609e+00
2.251229381561279297e+01
1.253548622131347656e+01
4.752380371093750000e+00
4.665253877639770508e+00
4.743462085723876953e+00
4.912893056869506836e+00
4.702512264251708984e+00
4.509432315826416016e+00
4.761589765548706055e+00
1.268274521827697754e+01
4.462338447570800781e+00
4.458138704299926758e+00
4.542067289352416992e+00
4.892607927322387695e+00
4.987296581268310547e+00
2.417439484596252441e+01
1.287674736976623535e+01
4.877185583114624023e+00
1.173421144485473633e+01
4.978463172912597656e+00
1.258934617042541504e+01
4.565552234649658203e+00
1.235501122474670410e+01
