1.045192480087280273e+00
7.691383361816406250e-01
1.081567049026489258e+00
1.082826852798461914e+00
1.034301280975341797e+00
8.729376792907714844e-01
7.982182502746582031e-01
1.128978490829467773e+00
8.370444774627685547e-01
1.116451978683471680e+00
1.085179328918457031e+00
9.294176101684570312e-01
1.174257993698120117e+00
8.284878730773925781e-01
8.709914684295654297e-01
6.201608180999755859e-01
1.065160751342773438e+00
7.917630672454833984e-01
1.044042587280273438e+00
7.516522407531738281e-01
7.843043804168701172e-01
6.290783882141113281e-01
7.831790447235107422e-01
9.759821891784667969e-01
1.256737470626831055e+00
8.974223136901855469e-01
8.930983543395996094e-01
1.029826641082763672e+00
8.726737499237060547e-01
9.375874996185302734e-01
9.966139793395996094e-01
8.974165916442871094e-01
7.142119407653808594e-01
9.299378395080566406e-01
1.086730957031250000e+00
1.062405347824096680e+00
1.046132564544677734e+00
1.100751638412475586e+00
1.107426881790161133e+00
1.106526613235473633e+00
9.313135147094726562e-01
7.656114101409912109e-01
1.077490568161010742e+00
8.253729343414306641e-01
7.530298233032226562e-01
1.258991718292236328e+00
7.450480461120605469e-01
4.728760719299316406e-01
9.978988170623779297e-01
9.676382541656494141e-01
