1.383694887161254883e+00
2.071030378341674805e+00
1.698414087295532227e+00
1.430363416671752930e+00
1.802519798278808594e+00
1.907373666763305664e+00
1.594505071640014648e+00
1.419860839843750000e+00
1.514070510864257812e+00
1.279924631118774414e+00
1.285985231399536133e+00
1.699843168258666992e+00
1.397686719894409180e+00
1.814958095550537109e+00
1.612958192825317383e+00
1.463260650634765625e+00
1.700197458267211914e+00
1.602159261703491211e+00
1.390039443969726562e+00
1.633049726486206055e+00
1.915331602096557617e+00
1.663902759552001953e+00
1.214192628860473633e+00
1.872488021850585938e+00
8.535213470458984375e-01
2.004308938980102539e+00
1.330425739288330078e+00
2.124042034149169922e+00
1.643097162246704102e+00
1.935663461685180664e+00
1.521540164947509766e+00
1.469685316085815430e+00
1.332602024078369141e+00
1.709697961807250977e+00
1.479370355606079102e+00
1.725574731826782227e+00
1.322641849517822266e+00
1.725942373275756836e+00
1.453662633895874023e+00
1.653377294540405273e+00
1.856468915939331055e+00
1.031158685684204102e+00
1.678505420684814453e+00
1.734381437301635742e+00
1.848168134689331055e+00
1.595362901687622070e+00
1.999158382415771484e+00
1.551748991012573242e+00
1.682376146316528320e+00
1.756275892257690430e+00
