1.492497682571411133e+00
2.195072650909423828e+00
1.701999664306640625e+00
1.522110462188720703e+00
1.872134685516357422e+00
1.831185102462768555e+00
1.671000480651855469e+00
1.437806367874145508e+00
1.518589258193969727e+00
1.349971771240234375e+00
1.368706226348876953e+00
1.933525800704956055e+00
1.441509723663330078e+00
1.846242666244506836e+00
1.653477907180786133e+00
1.633703231811523438e+00
1.758487462997436523e+00
1.626971483230590820e+00
1.473269939422607422e+00
1.735105514526367188e+00
2.028976202011108398e+00
1.737915515899658203e+00
1.280415296554565430e+00
1.906596660614013672e+00
9.365353584289550781e-01
2.116379022598266602e+00
1.398148298263549805e+00
2.221527814865112305e+00
1.780294179916381836e+00
2.077432155609130859e+00
1.570728063583374023e+00
1.454406738281250000e+00
1.429780960083007812e+00
1.866236209869384766e+00
1.616091728210449219e+00
1.890381574630737305e+00
1.313675403594970703e+00
1.852978467941284180e+00
1.518056869506835938e+00
1.716842889785766602e+00
1.979402065277099609e+00
1.070993185043334961e+00
1.734255552291870117e+00
1.728302717208862305e+00
1.898483276367187500e+00
1.724333763122558594e+00
2.091172933578491211e+00
1.650107622146606445e+00
1.731043577194213867e+00
1.856349945068359375e+00
