1.515271186828613281e+00
2.229431629180908203e+00
1.769711494445800781e+00
1.563405275344848633e+00
1.894066095352172852e+00
1.903864860534667969e+00
1.724866867065429688e+00
1.486151933670043945e+00
1.600862503051757812e+00
1.364068269729614258e+00
1.389806985855102539e+00
1.952485084533691406e+00
1.483627319335937500e+00
1.870612621307373047e+00
1.671956777572631836e+00
1.656433820724487305e+00
1.815299749374389648e+00
1.706852197647094727e+00
1.495861291885375977e+00
1.757394313812255859e+00
2.050642967224121094e+00
1.782200813293457031e+00
1.291929006576538086e+00
1.979798793792724609e+00
9.371411800384521484e-01
2.160835504531860352e+00
1.437083244323730469e+00
2.263035774230957031e+00
1.842698097229003906e+00
2.124750137329101562e+00
1.638591051101684570e+00
1.470251560211181641e+00
1.459794998168945312e+00
1.893941640853881836e+00
1.654040813446044922e+00
1.938726663589477539e+00
1.380169868469238281e+00
1.903336286544799805e+00
1.548320293426513672e+00
1.733842849731445312e+00
2.010734796524047852e+00
1.083956956863403320e+00
1.774770259857177734e+00
1.749660968780517578e+00
1.951716423034667969e+00
1.738791227340698242e+00
2.126424074172973633e+00
1.688449144363403320e+00
1.774596691131591797e+00
1.883562803268432617e+00
