9.916568994522094727e+00
2.045879006385803223e+01
1.130268430709838867e+01
4.093885254859924316e+01
9.870707511901855469e+00
3.049267172813415527e+01
4.093905591964721680e+01
1.022274684906005859e+01
2.172554469108581543e+01
4.093979787826538086e+01
1.002427053451538086e+01
2.045987629890441895e+01
1.015201449394226074e+01
2.045928549766540527e+01
2.045934224128723145e+01
1.048149347305297852e+01
1.155297994613647461e+01
2.162654972076416016e+01
2.928105783462524414e+01
4.093946456909179688e+01
1.081040978431701660e+01
2.287420797348022461e+01
2.813679885864257812e+01
4.093908715248107910e+01
2.045999789237976074e+01
2.045974898338317871e+01
2.367031741142272949e+01
2.100197768211364746e+01
3.122779822349548340e+01
2.005383515357971191e+01
1.140104007720947266e+01
1.171374821662902832e+01
1.889364552497863770e+01
1.195578932762145996e+01
2.047661828994750977e+01
3.007654643058776855e+01
2.077566862106323242e+01
3.077368187904357910e+01
4.093927049636840820e+01
9.900654315948486328e+00
3.203504633903503418e+01
3.029831409454345703e+01
3.124920368194580078e+01
2.962364768981933594e+01
2.220435619354248047e+01
4.093876886367797852e+01
1.143914031982421875e+01
2.797970271110534668e+01
4.093944501876831055e+01
1.127690172195434570e+01
