4.741853475570678711e+00
4.754858970642089844e+00
4.750244617462158203e+00
4.796518564224243164e+00
4.969795465469360352e+00
4.955483436584472656e+00
4.634321928024291992e+00
4.849015474319458008e+00
5.224989652633666992e+00
5.050100803375244141e+00
4.673823118209838867e+00
1.258934068679809570e+01
4.899775505065917969e+00
4.704372406005859375e+00
5.074315309524536133e+00
4.929380655288696289e+00
4.890860557556152344e+00
4.797861337661743164e+00
2.468803954124450684e+01
1.242830991744995117e+01
5.068619966506958008e+00
4.628450870513916016e+00
4.671241998672485352e+00
1.518083453178405762e+01
4.646178483963012695e+00
4.887886047363281250e+00
5.124166965484619141e+00
5.153923511505126953e+00
4.917849302291870117e+00
4.821782112121582031e+00
2.534625196456909180e+01
5.062862873077392578e+00
4.885545015335083008e+00
5.119521617889404297e+00
5.018427610397338867e+00
4.651685953140258789e+00
5.108777046203613281e+00
4.945108413696289062e+00
5.125594615936279297e+00
4.762245655059814453e+00
5.067845582962036133e+00
4.682485103607177734e+00
5.029360294342041016e+00
4.565200090408325195e+00
5.075013637542724609e+00
4.893096923828125000e+00
4.960732460021972656e+00
5.109879016876220703e+00
4.720406532287597656e+00
4.811642646789550781e+00
