2.308561801910400391e+00
2.222424030303955078e+00
2.142168760299682617e+00
2.040986776351928711e+00
1.970097064971923828e+00
1.944626927375793457e+00
1.940052032470703125e+00
1.934512138366699219e+00
1.934594988822937012e+00
1.935892820358276367e+00
1.934132337570190430e+00
1.932063698768615723e+00
1.932050347328186035e+00
1.933205246925354004e+00
1.934705257415771484e+00
1.931859731674194336e+00
1.932316184043884277e+00
1.934028625488281250e+00
1.934725046157836914e+00
1.932137489318847656e+00
1.929241657257080078e+00
1.930138707160949707e+00
1.932418465614318848e+00
1.932304382324218750e+00
1.935427308082580566e+00
1.934140443801879883e+00
1.931272387504577637e+00
1.933012008666992188e+00
1.931722640991210938e+00
1.932034492492675781e+00
1.934026837348937988e+00
1.937518596649169922e+00
1.934637188911437988e+00
1.935393095016479492e+00
1.932772755622863770e+00
1.932343006134033203e+00
1.931183338165283203e+00
1.931329369544982910e+00
1.930731654167175293e+00
1.932842969894409180e+00
1.932003021240234375e+00
1.932443380355834961e+00
1.932614326477050781e+00
1.933068394660949707e+00
1.932572126388549805e+00
1.933457970619201660e+00
1.933616638183593750e+00
1.933880448341369629e+00
1.932887673377990723e+00
1.935281515121459961e+00
1.933893322944641113e+00
1.935413122177124023e+00
1.933920979499816895e+00
1.933767080307006836e+00
1.933811068534851074e+00
1.931495666503906250e+00
1.932534575462341309e+00
1.929914951324462891e+00
1.933583498001098633e+00
1.933216094970703125e+00
1.930935978889465332e+00
1.933083653450012207e+00
1.932623028755187988e+00
1.933022379875183105e+00
1.933401584625244141e+00
1.932223200798034668e+00
1.931506633758544922e+00
1.934607267379760742e+00
1.934164643287658691e+00
1.931427478790283203e+00
1.935741186141967773e+00
1.932735919952392578e+00
1.931618571281433105e+00
1.934735417366027832e+00
1.933691978454589844e+00
1.933989524841308594e+00
1.935367465019226074e+00
1.933219552040100098e+00
1.933755517005920410e+00
1.933590888977050781e+00
1.934290170669555664e+00
1.933880805969238281e+00
1.932755112648010254e+00
1.933015584945678711e+00
1.931258916854858398e+00
1.931480884552001953e+00
1.933768272399902344e+00
1.932546377182006836e+00
1.931344985961914062e+00
1.933469295501708984e+00
1.934219598770141602e+00
1.931980013847351074e+00
1.932237982749938965e+00
1.935602545738220215e+00
1.934040069580078125e+00
1.934045076370239258e+00
1.931542873382568359e+00
1.932559728622436523e+00
1.932258844375610352e+00
1.932834506034851074e+00
