5.014204978942871094e-02
8.187460899353027344e-02
4.857397079467773438e-02
4.480814933776855469e-02
4.852700233459472656e-02
2.327656745910644531e-02
4.662227630615234375e-02
7.540917396545410156e-02
5.522131919860839844e-02
3.182816505432128906e-02
8.774971961975097656e-02
8.377456665039062500e-02
5.003905296325683594e-02
4.671788215637207031e-02
6.211113929748535156e-02
7.376241683959960938e-02
8.137178421020507812e-02
6.173968315124511719e-02
6.231713294982910156e-02
6.375861167907714844e-02
1.017150878906250000e-01
4.362511634826660156e-02
7.524108886718750000e-02
7.433319091796875000e-02
8.206963539123535156e-02
1.031346321105957031e-01
5.960416793823242188e-02
5.404233932495117188e-02
8.059692382812500000e-02
2.346348762512207031e-02
5.127429962158203125e-02
4.565978050231933594e-02
5.328559875488281250e-02
7.085967063903808594e-02
7.697772979736328125e-02
3.627061843872070312e-02
2.410531044006347656e-02
1.635575294494628906e-02
7.007122039794921875e-02
8.107018470764160156e-02
8.447146415710449219e-02
1.192879676818847656e-01
4.118204116821289062e-02
5.101132392883300781e-02
9.096908569335937500e-02
5.376791954040527344e-02
7.671403884887695312e-02
1.843929290771484375e-02
2.083683013916015625e-02
4.865097999572753906e-02
5.355739593505859375e-02
3.278565406799316406e-02
4.548478126525878906e-02
4.320144653320312500e-02
8.861279487609863281e-02
6.953692436218261719e-02
7.077002525329589844e-02
4.665923118591308594e-02
1.126234531402587891e-01
5.714464187622070312e-02
5.433535575866699219e-02
5.478978157043457031e-02
7.572221755981445312e-02
7.614803314208984375e-02
5.448985099792480469e-02
3.646087646484375000e-02
1.039147377014160156e-02
4.613947868347167969e-02
1.489520072937011719e-02
7.541155815124511719e-02
2.964472770690917969e-02
5.805826187133789062e-02
1.177024841308593750e-02
6.798028945922851562e-02
3.217935562133789062e-03
7.536602020263671875e-02
3.122448921203613281e-02
1.981043815612792969e-02
5.720853805541992188e-02
7.409429550170898438e-02
3.694009780883789062e-02
1.867103576660156250e-02
6.918811798095703125e-02
2.111816406250000000e-02
3.513097763061523438e-02
9.394621849060058594e-02
5.605220794677734375e-02
4.103183746337890625e-02
9.688043594360351562e-02
5.499482154846191406e-02
5.208444595336914062e-02
4.954457283020019531e-02
8.785510063171386719e-02
9.699392318725585938e-02
2.665877342224121094e-02
1.664707660675048828e-01
9.566879272460937500e-02
7.588839530944824219e-02
7.668566703796386719e-02
5.000877380371093750e-02
