2.202037096023559570e+00
1.729587197303771973e+00
1.276978135108947754e+00
1.188017845153808594e+00
1.167886137962341309e+00
1.117456674575805664e+00
1.053686380386352539e+00
1.007187604904174805e+00
9.728747010231018066e-01
9.162657260894775391e-01
9.072195887565612793e-01
8.778285980224609375e-01
8.703647851943969727e-01
8.540372252464294434e-01
8.453718423843383789e-01
8.557577729225158691e-01
8.326814174652099609e-01
8.123131990432739258e-01
8.072308897972106934e-01
7.977151274681091309e-01
8.002843856811523438e-01
7.880396842956542969e-01
7.803199291229248047e-01
7.765458226203918457e-01
7.776764035224914551e-01
7.694840431213378906e-01
7.598873972892761230e-01
7.616365551948547363e-01
7.590041160583496094e-01
7.507831454277038574e-01
7.502076625823974609e-01
7.486971020698547363e-01
7.463420629501342773e-01
7.414494156837463379e-01
7.412463426589965820e-01
7.397643923759460449e-01
7.405737042427062988e-01
7.367094159126281738e-01
7.353864908218383789e-01
7.360097765922546387e-01
7.336160540580749512e-01
7.320907115936279297e-01
7.325506806373596191e-01
7.308967113494873047e-01
7.302063703536987305e-01
7.297716736793518066e-01
7.292518019676208496e-01
7.285904884338378906e-01
7.281087040901184082e-01
7.275841236114501953e-01
7.271392941474914551e-01
7.271252274513244629e-01
7.265696525573730469e-01
7.262017726898193359e-01
7.259540557861328125e-01
7.256691455841064453e-01
7.255550622940063477e-01
7.252146005630493164e-01
7.250362038612365723e-01
7.249559760093688965e-01
7.247677445411682129e-01
7.246536016464233398e-01
7.244383096694946289e-01
7.246197462081909180e-01
7.244238257408142090e-01
7.242424488067626953e-01
7.240741252899169922e-01
7.241680026054382324e-01
7.239454388618469238e-01
7.239555716514587402e-01
7.238673567771911621e-01
7.238643169403076172e-01
7.238122820854187012e-01
7.237953543663024902e-01
7.237301468849182129e-01
7.237091660499572754e-01
7.236733436584472656e-01
7.236681580543518066e-01
7.236468791961669922e-01
7.235858440399169922e-01
7.235836982727050781e-01
7.235675454139709473e-01
7.235606908798217773e-01
7.235305905342102051e-01
7.235374450683593750e-01
7.235201597213745117e-01
7.235178947448730469e-01
7.234930396080017090e-01
7.234876751899719238e-01
7.234810590744018555e-01
7.234793305397033691e-01
7.234699726104736328e-01
7.234505414962768555e-01
7.234480381011962891e-01
7.234491705894470215e-01
7.234438061714172363e-01
7.234414815902709961e-01
7.234334349632263184e-01
7.234349250793457031e-01
7.234311103820800781e-01
