1.577050638198852539e+01
1.513429355621337891e+01
1.945709252357482910e+01
1.508964204788208008e+01
1.527229070663452148e+01
1.500811982154846191e+01
1.497304534912109375e+01
1.545474863052368164e+01
1.550463390350341797e+01
2.794784355163574219e+01
1.539227294921875000e+01
1.518517041206359863e+01
1.533421897888183594e+01
1.575753092765808105e+01
3.467919540405273438e+01
1.506108641624450684e+01
3.516265296936035156e+01
1.497161245346069336e+01
1.527159667015075684e+01
1.490209841728210449e+01
1.529257869720458984e+01
1.504297232627868652e+01
1.569903802871704102e+01
2.458713364601135254e+01
1.536236143112182617e+01
1.555419898033142090e+01
1.565919804573059082e+01
1.485727691650390625e+01
2.698609852790832520e+01
1.545850133895874023e+01
1.527081036567687988e+01
1.543877005577087402e+01
1.514335680007934570e+01
1.572479224205017090e+01
1.527634572982788086e+01
1.539382910728454590e+01
1.520921063423156738e+01
1.544189262390136719e+01
1.534369564056396484e+01
1.514774155616760254e+01
1.546577596664428711e+01
1.514036726951599121e+01
2.647369527816772461e+01
1.526466989517211914e+01
1.535033488273620605e+01
2.798737478256225586e+01
1.507445573806762695e+01
1.556516575813293457e+01
2.464595270156860352e+01
1.532229280471801758e+01
1.519055914878845215e+01
1.521512103080749512e+01
2.938818001747131348e+01
1.495450019836425781e+01
1.522955536842346191e+01
1.574150133132934570e+01
1.487661814689636230e+01
2.135539245605468750e+01
3.452326369285583496e+01
1.518268799781799316e+01
1.533938455581665039e+01
1.537924528121948242e+01
1.600989103317260742e+01
2.696962881088256836e+01
1.513913679122924805e+01
2.254535913467407227e+01
1.552175378799438477e+01
1.531849360466003418e+01
1.556480264663696289e+01
2.596385598182678223e+01
1.513858366012573242e+01
1.521620440483093262e+01
2.234653615951538086e+01
3.484835767745971680e+01
1.940941262245178223e+01
1.482300281524658203e+01
1.532103753089904785e+01
1.540263938903808594e+01
1.538558411598205566e+01
1.534985995292663574e+01
1.550706672668457031e+01
1.589478230476379395e+01
1.561567258834838867e+01
1.523349952697753906e+01
3.116399478912353516e+01
1.765737581253051758e+01
3.006828093528747559e+01
1.855692815780639648e+01
1.493669247627258301e+01
3.012940359115600586e+01
1.529911589622497559e+01
1.497846388816833496e+01
1.534762406349182129e+01
1.521015572547912598e+01
1.522843384742736816e+01
1.548716211318969727e+01
3.183850502967834473e+01
1.546091127395629883e+01
1.549971270561218262e+01
2.291018795967102051e+01
