1.735379219055175781e+00
1.663951873779296875e+00
1.917412281036376953e+00
1.827578306198120117e+00
2.177144289016723633e+00
1.554034233093261719e+00
1.959395647048950195e+00
1.510154008865356445e+00
2.115267515182495117e+00
1.951414585113525391e+00
1.495654106140136719e+00
2.086435556411743164e+00
1.910740852355957031e+00
2.085436344146728516e+00
1.851756334304809570e+00
1.685888290405273438e+00
1.978544235229492188e+00
1.756307363510131836e+00
1.788621425628662109e+00
1.732548475265502930e+00
1.875487327575683594e+00
1.542912006378173828e+00
1.714687347412109375e+00
1.817348718643188477e+00
1.917587280273437500e+00
1.916317939758300781e+00
1.770963191986083984e+00
1.987974643707275391e+00
1.697483539581298828e+00
1.651659965515136719e+00
1.883020401000976562e+00
1.812753438949584961e+00
1.618719577789306641e+00
1.570632219314575195e+00
1.548946380615234375e+00
1.705033540725708008e+00
1.733224391937255859e+00
2.182397603988647461e+00
1.654650449752807617e+00
1.847564220428466797e+00
1.959883451461791992e+00
1.700253486633300781e+00
1.692947626113891602e+00
1.505541801452636719e+00
1.623332023620605469e+00
1.907994508743286133e+00
1.661241769790649414e+00
1.606612920761108398e+00
1.970438480377197266e+00
2.208837747573852539e+00
