8.951663970947265625e-03
8.905410766601562500e-03
9.145021438598632812e-03
8.785963058471679688e-03
8.614063262939453125e-03
8.801221847534179688e-03
9.194135665893554688e-03
8.731842041015625000e-03
8.817195892333984375e-03
8.808135986328125000e-03
8.773088455200195312e-03
8.955001831054687500e-03
8.854627609252929688e-03
8.859157562255859375e-03
9.019136428833007812e-03
9.145975112915039062e-03
8.905887603759765625e-03
9.154319763183593750e-03
8.893251419067382812e-03
9.034395217895507812e-03
8.719205856323242188e-03
8.977413177490234375e-03
8.636713027954101562e-03
9.018659591674804688e-03
9.203910827636718750e-03
8.946657180786132812e-03
9.022474288940429688e-03
8.593082427978515625e-03
8.857727050781250000e-03
8.759021759033203125e-03
8.708715438842773438e-03
9.014368057250976562e-03
8.929252624511718750e-03
8.714437484741210938e-03
8.937358856201171875e-03
8.792400360107421875e-03
8.670806884765625000e-03
8.883953094482421875e-03
8.828639984130859375e-03
8.922100067138671875e-03
9.166240692138671875e-03
8.790254592895507812e-03
8.879423141479492188e-03
9.018182754516601562e-03
8.953571319580078125e-03
8.908033370971679688e-03
8.878946304321289062e-03
9.163141250610351562e-03
8.909463882446289062e-03
8.862972259521484375e-03
