8.900679349899291992e-01
9.895302653312683105e-01
9.944821596145629883e-01
9.927843809127807617e-01
9.971703290939331055e-01
9.975947737693786621e-01
9.977362751960754395e-01
9.977362751960754395e-01
9.977362751960754395e-01
9.977362751960754395e-01
9.975947737693786621e-01
9.981607198715209961e-01
9.985851645469665527e-01
9.984436631202697754e-01
9.987266659736633301e-01
9.995755553245544434e-01
9.994340538978576660e-01
9.991511106491088867e-01
9.994340538978576660e-01
9.995755553245544434e-01
9.997170567512512207e-01
9.997170567512512207e-01
9.998584985733032227e-01
9.998584985733032227e-01
9.998584985733032227e-01
9.998584985733032227e-01
9.998584985733032227e-01
9.998584985733032227e-01
9.998584985733032227e-01
1.000000000000000000e+00
1.000000000000000000e+00
1.000000000000000000e+00
1.000000000000000000e+00
9.998584985733032227e-01
9.998584985733032227e-01
9.998584985733032227e-01
9.998584985733032227e-01
9.998584985733032227e-01
9.998584985733032227e-01
9.998584985733032227e-01
9.998584985733032227e-01
9.998584985733032227e-01
9.998584985733032227e-01
9.998584985733032227e-01
9.998584985733032227e-01
9.998584985733032227e-01
9.998584985733032227e-01
9.998584985733032227e-01
9.998584985733032227e-01
9.998584985733032227e-01
