3.279387578368186951e-02
1.104659680277109146e-02
9.947608225047588348e-03
6.663604639470577240e-03
6.281600799411535263e-03
7.247905712574720383e-03
1.750578870996832848e-03
4.378165467642247677e-04
1.852133891588891856e-06
1.013562905427534133e-05
9.863136256171856076e-06
5.206445052863273304e-07
3.509560997372318525e-07
3.090320888077258132e-07
2.871986453101271763e-07
2.251158406352260499e-07
1.734921681872947374e-07
1.375569098627238418e-07
1.042759123492942308e-07
6.605348090715779108e-08
6.530171248186888988e-08
5.740906061646455782e-08
4.868180525363641209e-08
4.144692766772095638e-08
3.604175446980661945e-08
3.169900253396917833e-08
2.811515109613083041e-08
2.534924270491956122e-08
2.242310159772387124e-08
1.971620022800379957e-08
1.805494420636932773e-08
1.691651263513449521e-08
1.608166044775316550e-08
1.525524062628846877e-08
1.458904552720241554e-08
1.402404326000805668e-08
1.366986257522739834e-08
1.330724863635168731e-08
1.299523333386787272e-08
1.266635241137237244e-08
1.244709668668519953e-08
1.233746882434161307e-08
1.223627510427149900e-08
1.211821487601127956e-08
1.199172139365600742e-08
1.194955778771600308e-08
1.178089714670704780e-08
1.165440544070861506e-08
1.158694296066187235e-08
1.139298433372459840e-08
