8.826861143112182617e+00
8.711208581924438477e+00
8.772767543792724609e+00
8.746670961380004883e+00
8.680936813354492188e+00
8.710300683975219727e+00
8.674278020858764648e+00
8.695263862609863281e+00
8.627827167510986328e+00
8.521975994110107422e+00
8.480640172958374023e+00
1.492233514785766602e+01
8.452386140823364258e+00
8.433859348297119141e+00
8.377027988433837891e+00
8.420583009719848633e+00
8.406397819519042969e+00
8.451720476150512695e+00
8.416034221649169922e+00
8.413646697998046875e+00
8.368153810501098633e+00
8.399540662765502930e+00
8.432620048522949219e+00
8.438495397567749023e+00
8.388950109481811523e+00
8.386295318603515625e+00
8.391219139099121094e+00
8.405138492584228516e+00
8.406013250350952148e+00
8.392489671707153320e+00
8.422560930252075195e+00
8.407599687576293945e+00
8.430216073989868164e+00
8.415775060653686523e+00
8.408921480178833008e+00
8.421557664871215820e+00
8.454040527343750000e+00
8.440805673599243164e+00
8.399075746536254883e+00
1.483435082435607910e+01
8.392747163772583008e+00
8.397851943969726562e+00
8.418866634368896484e+00
8.408097982406616211e+00
8.422643423080444336e+00
8.437959432601928711e+00
8.392293930053710938e+00
8.447068452835083008e+00
8.440009593963623047e+00
8.409159898757934570e+00
