1.314999818801879883e+00
1.340798377990722656e+00
1.469328880310058594e+00
1.306796073913574219e+00
2.023246765136718750e+00
1.463624477386474609e+00
1.634838581085205078e+00
1.394741296768188477e+00
2.070840358734130859e+00
1.120603561401367188e+00
1.424183607101440430e+00
1.167606830596923828e+00
1.569040298461914062e+00
1.543331384658813477e+00
1.293735742568969727e+00
1.528875827789306641e+00
1.521955966949462891e+00
1.451751947402954102e+00
1.475132465362548828e+00
1.177704572677612305e+00
1.642197132110595703e+00
1.101649999618530273e+00
1.545340538024902344e+00
1.535507917404174805e+00
1.668737173080444336e+00
1.284864425659179688e+00
1.587293386459350586e+00
1.557878017425537109e+00
1.426800727844238281e+00
1.634049892425537109e+00
1.710945367813110352e+00
1.802995681762695312e+00
1.545696258544921875e+00
1.823130369186401367e+00
1.693710088729858398e+00
1.896533727645874023e+00
1.292356252670288086e+00
1.489032983779907227e+00
1.350714206695556641e+00
1.505555868148803711e+00
1.247698068618774414e+00
1.821715831756591797e+00
1.023414134979248047e+00
1.583833932876586914e+00
1.759355783462524414e+00
1.638734340667724609e+00
1.239884614944458008e+00
1.230569601058959961e+00
1.504252910614013672e+00
1.581727504730224609e+00
