1.712743759155273438e+00
1.219159841537475586e+00
1.336749315261840820e+00
1.315046310424804688e+00
1.608394384384155273e+00
1.336883783340454102e+00
1.344629287719726562e+00
1.882856845855712891e+00
1.522150278091430664e+00
1.822300195693969727e+00
1.531675100326538086e+00
1.435213804244995117e+00
1.959508419036865234e+00
1.933202981948852539e+00
1.530968427658081055e+00
1.469769954681396484e+00
1.821454286575317383e+00
2.117732048034667969e+00
1.396716117858886719e+00
9.302487373352050781e-01
1.725792884826660156e+00
1.344695568084716797e+00
1.784340381622314453e+00
1.367608785629272461e+00
1.800181388854980469e+00
1.564274072647094727e+00
1.219675779342651367e+00
1.977542638778686523e+00
1.665516376495361328e+00
1.573110818862915039e+00
1.645691156387329102e+00
1.602553129196166992e+00
1.451936244964599609e+00
1.432248115539550781e+00
1.838866710662841797e+00
1.154814004898071289e+00
1.697463512420654297e+00
1.388784885406494141e+00
2.020818471908569336e+00
1.748125076293945312e+00
2.063988208770751953e+00
1.614348173141479492e+00
1.192321538925170898e+00
1.339364767074584961e+00
1.341091156005859375e+00
1.626795768737792969e+00
1.508337736129760742e+00
1.518401622772216797e+00
1.472571134567260742e+00
1.455490827560424805e+00
