1.245058625936508179e-01
7.179270964115858078e-03
1.190619636327028275e-02
6.839847192168235779e-03
1.942782779224216938e-03
1.329898135736584663e-03
1.112142344936728477e-03
1.037032110616564751e-03
1.284981612116098404e-03
5.993616650812327862e-04
1.032292144373059273e-03
1.278815616387873888e-04
2.290541669935919344e-05
1.536503623356111348e-05
1.166659603768493980e-05
9.211010365106631070e-06
7.656050911464262754e-06
6.474905603681690991e-06
5.598995358013780788e-06
4.859055934502976015e-06
4.353935764811467379e-06
3.936738266929751262e-06
3.503111202007858083e-06
3.026722652066382580e-06
2.706209443203988485e-06
2.531586915210937150e-06
2.371377604504232295e-06
2.226362767032696865e-06
2.095043555527809076e-06
1.973606003957684152e-06
1.862624458226491697e-06
1.757213794917333871e-06
1.661438204791920725e-06
1.577085640747100115e-06
1.498773372077266686e-06
1.427157599209749606e-06
1.363285491606802680e-06
1.309155095441383310e-06
1.251660819434619043e-06
1.200596557282551657e-06
1.152898676082259044e-06
1.110554080696601886e-06
1.066493609869212378e-06
1.028612018671992701e-06
9.902591955324169248e-07
9.552071560392505489e-07
9.235063771484419703e-07
8.907111919143062551e-07
8.620768880973628256e-07
8.358168201993976254e-07
