2.018339186906814575e-01
1.237358152866363525e-01
6.474597752094268799e-02
4.935733228921890259e-02
2.381508983671665192e-02
3.769262135028839111e-02
3.124830685555934906e-02
1.168279070407152176e-02
9.773114696145057678e-03
2.939213812351226807e-02
1.223845221102237701e-02
2.965808473527431488e-02
7.134072482585906982e-03
8.586716838181018829e-03
2.851046063005924225e-02
4.379703663289546967e-03
4.232089966535568237e-03
5.707453005015850067e-03
5.333419423550367355e-03
8.145100437104701996e-03
3.487403970211744308e-03
3.557953517884016037e-03
7.540663238614797592e-03
3.914527129381895065e-03
3.284326056018471718e-03
4.494457971304655075e-03
3.112163860350847244e-03
3.684958443045616150e-03
3.310119733214378357e-03
4.230551421642303467e-03
3.099535359069705009e-03
4.581970162689685822e-03
3.229346591979265213e-03
4.460428841412067413e-03
3.163332818076014519e-03
4.376463126391172409e-03
3.290857421234250069e-03
4.004556220024824142e-03
3.082085167989134789e-03
3.930950537323951721e-03
3.011328168213367462e-03
3.941917326301336288e-03
2.877413062378764153e-03
3.656461369246244431e-03
2.777284011244773865e-03
3.474841592833399773e-03
2.752917818725109100e-03
3.192371688783168793e-03
2.670767717063426971e-03
2.891460433602333069e-03
