1.393596053123474121e+01
2.028834772109985352e+01
1.955810570716857910e+01
1.425621891021728516e+01
1.960306644439697266e+01
2.104621148109436035e+01
3.435792517662048340e+01
4.093951296806335449e+01
1.402104878425598145e+01
2.101825833320617676e+01
3.256969642639160156e+01
2.391497278213500977e+01
3.129510593414306641e+01
2.339420509338378906e+01
3.208282709121704102e+01
2.386922240257263184e+01
4.093978619575500488e+01
1.400528073310852051e+01
2.999558377265930176e+01
2.497034978866577148e+01
3.065703630447387695e+01
2.486088395118713379e+01
3.023104476928710938e+01
4.093916344642639160e+01
2.184730839729309082e+01
2.264043521881103516e+01
4.093924069404602051e+01
1.398039221763610840e+01
4.093944811820983887e+01
2.023281550407409668e+01
4.093993139266967773e+01
1.519702339172363281e+01
3.184533739089965820e+01
2.910347342491149902e+01
3.521678376197814941e+01
3.123260664939880371e+01
4.093860650062561035e+01
2.046799945831298828e+01
2.264168047904968262e+01
4.093888664245605469e+01
1.955793833732604980e+01
4.093909478187561035e+01
1.340249967575073242e+01
2.905212998390197754e+01
2.693281555175781250e+01
2.838586139678955078e+01
4.093977713584899902e+01
1.331068372726440430e+01
2.516163897514343262e+01
4.093865919113159180e+01
