1.691757082939147949e+01
4.092482709884643555e+01
2.042459034919738770e+01
2.316221666336059570e+01
2.935795211791992188e+01
2.014432621002197266e+01
2.927041697502136230e+01
2.716589641571044922e+01
3.074526739120483398e+01
2.824509477615356445e+01
2.734952759742736816e+01
2.881969118118286133e+01
2.553747534751892090e+01
4.090183877944946289e+01
2.905179643630981445e+01
2.724214100837707520e+01
2.767815732955932617e+01
2.626086640357971191e+01
2.348904299736022949e+01
4.090966320037841797e+01
1.781229043006896973e+01
4.093428754806518555e+01
1.895660161972045898e+01
4.089551782608032227e+01
1.899813532829284668e+01
4.083557343482971191e+01
1.728696846961975098e+01
2.459799790382385254e+01
3.110290098190307617e+01
2.463747119903564453e+01
2.970562958717346191e+01
4.088934683799743652e+01
4.090034294128417969e+01
1.858588361740112305e+01
2.659956526756286621e+01
2.788246917724609375e+01
3.211067008972167969e+01
4.090290904045104980e+01
1.749059677124023438e+01
2.373864722251892090e+01
4.090757012367248535e+01
2.040300416946411133e+01
3.335587120056152344e+01
3.244620704650878906e+01
2.863174176216125488e+01
3.064286494255065918e+01
4.090123558044433594e+01
1.639810204505920410e+01
2.135675764083862305e+01
4.093010663986206055e+01
2.175038504600524902e+01
3.346053409576416016e+01
2.352200341224670410e+01
3.361177682876586914e+01
2.062724375724792480e+01
3.348190522193908691e+01
2.138441371917724609e+01
3.506479763984680176e+01
1.656935548782348633e+01
2.861480450630187988e+01
2.441723179817199707e+01
2.941465568542480469e+01
2.467782592773437500e+01
3.198150134086608887e+01
4.092819356918334961e+01
1.824384212493896484e+01
2.234375500679016113e+01
3.178249573707580566e+01
2.330358314514160156e+01
3.147174930572509766e+01
4.092913866043090820e+01
1.649792432785034180e+01
4.090278840065002441e+01
1.870637750625610352e+01
2.213381147384643555e+01
3.395466804504394531e+01
2.126574969291687012e+01
2.065744686126708984e+01
4.091700077056884766e+01
1.966615009307861328e+01
3.353639745712280273e+01
4.090631818771362305e+01
2.103574490547180176e+01
4.089541339874267578e+01
1.652850389480590820e+01
2.165109205245971680e+01
3.322862005233764648e+01
4.094157242774963379e+01
1.842027330398559570e+01
4.090866279602050781e+01
1.940798020362854004e+01
4.095476889610290527e+01
2.044936919212341309e+01
2.095646858215332031e+01
3.388860559463500977e+01
2.522399973869323730e+01
3.365642619132995605e+01
3.395434451103210449e+01
2.553552913665771484e+01
3.288657379150390625e+01
