5.456885695457458496e-01
7.062419652938842773e-01
7.062419652938842773e-01
7.062419652938842773e-01
7.062419652938842773e-01
7.062419652938842773e-01
7.062419652938842773e-01
7.062419652938842773e-01
7.062419652938842773e-01
7.181467413902282715e-01
7.525740265846252441e-01
7.738095521926879883e-01
7.786357998847961426e-01
7.831403017044067383e-01
7.831403017044067383e-01
7.870013117790222168e-01
7.853925228118896484e-01
7.812097668647766113e-01
7.876448035240173340e-01
7.860360145568847656e-01
7.863577604293823242e-01
7.879665493965148926e-01
7.882882952690124512e-01
7.905405163764953613e-01
7.915058135986328125e-01
7.937580347061157227e-01
7.924710512161254883e-01
7.934362888336181641e-01
7.947232723236083984e-01
7.947232723236083984e-01
7.956885695457458496e-01
7.969755530357360840e-01
7.972972989082336426e-01
7.985842823982238770e-01
7.998713254928588867e-01
7.995495200157165527e-01
7.995495200157165527e-01
7.972972989082336426e-01
7.992277741432189941e-01
7.995495200157165527e-01
7.976190447807312012e-01
7.979407906532287598e-01
7.989060282707214355e-01
7.979407906532287598e-01
7.989060282707214355e-01
8.001930713653564453e-01
7.998713254928588867e-01
7.998713254928588867e-01
7.989060282707214355e-01
7.992277741432189941e-01
8.005148172378540039e-01
8.008365631103515625e-01
8.001930713653564453e-01
8.011583089828491211e-01
8.001930713653564453e-01
7.995495200157165527e-01
8.001930713653564453e-01
8.008365631103515625e-01
8.005148172378540039e-01
8.005148172378540039e-01
8.005148172378540039e-01
8.005148172378540039e-01
7.998713254928588867e-01
8.001930713653564453e-01
7.998713254928588867e-01
8.005148172378540039e-01
8.001930713653564453e-01
8.008365631103515625e-01
8.005148172378540039e-01
8.005148172378540039e-01
8.005148172378540039e-01
8.001930713653564453e-01
8.001930713653564453e-01
8.005148172378540039e-01
8.005148172378540039e-01
8.005148172378540039e-01
8.005148172378540039e-01
8.008365631103515625e-01
8.008365631103515625e-01
8.005148172378540039e-01
8.008365631103515625e-01
8.008365631103515625e-01
8.011583089828491211e-01
8.005148172378540039e-01
8.008365631103515625e-01
8.005148172378540039e-01
8.005148172378540039e-01
8.005148172378540039e-01
8.005148172378540039e-01
8.005148172378540039e-01
8.005148172378540039e-01
8.008365631103515625e-01
8.005148172378540039e-01
8.005148172378540039e-01
8.005148172378540039e-01
8.005148172378540039e-01
8.005148172378540039e-01
8.005148172378540039e-01
8.005148172378540039e-01
8.005148172378540039e-01
