1.165590286254882812e-01
1.083831787109375000e-01
2.164194583892822266e-01
1.867618560791015625e-01
1.109063625335693359e-01
9.229874610900878906e-02
9.374070167541503906e-02
1.163690090179443359e-01
1.182470321655273438e-01
1.624231338500976562e-01
1.505856513977050781e-01
1.520583629608154297e-01
9.539198875427246094e-02
8.549857139587402344e-02
9.883379936218261719e-02
1.327536106109619141e-01
8.673524856567382812e-02
8.152103424072265625e-02
9.669756889343261719e-02
8.234524726867675781e-02
1.620707511901855469e-01
1.484200954437255859e-01
1.471109390258789062e-01
1.303515434265136719e-01
1.712517738342285156e-01
1.283500194549560547e-01
1.339588165283203125e-01
7.529187202453613281e-02
1.093194484710693359e-01
9.186577796936035156e-02
1.197419166564941406e-01
1.030063629150390625e-01
1.220779418945312500e-01
7.977747917175292969e-02
1.287827491760253906e-01
1.117532253265380859e-01
9.128546714782714844e-02
7.455229759216308594e-02
5.220866203308105469e-02
1.350247859954833984e-01
9.233331680297851562e-02
8.730626106262207031e-02
1.039335727691650391e-01
2.522935867309570312e-01
9.783768653869628906e-02
1.356301307678222656e-01
1.373908519744873047e-01
1.339130401611328125e-01
1.065220832824707031e-01
1.847820281982421875e-01
5.404949188232421875e-02
1.443030834197998047e-01
6.391382217407226562e-02
1.377835273742675781e-01
9.207439422607421875e-02
1.089761257171630859e-01
7.894659042358398438e-02
7.380723953247070312e-02
6.520128250122070312e-02
1.454613208770751953e-01
1.408982276916503906e-01
1.053464412689208984e-01
8.283877372741699219e-02
1.371419429779052734e-01
6.297254562377929688e-02
4.799985885620117188e-02
1.273281574249267578e-01
9.051084518432617188e-02
1.575391292572021484e-01
6.519198417663574219e-02
1.897375583648681641e-01
1.118817329406738281e-01
1.782429218292236328e-01
1.143102645874023438e-01
7.960391044616699219e-02
1.728024482727050781e-01
1.419746875762939453e-01
8.917355537414550781e-02
1.038661003112792969e-01
5.455350875854492188e-02
9.659910202026367188e-02
1.595938205718994141e-01
1.435551643371582031e-01
7.058787345886230469e-02
9.345269203186035156e-02
2.073423862457275391e-01
6.353998184204101562e-02
5.368804931640625000e-02
7.545590400695800781e-02
1.005566120147705078e-01
9.662961959838867188e-02
9.637904167175292969e-02
4.026532173156738281e-02
1.851668357849121094e-01
9.401202201843261719e-02
8.668208122253417969e-02
1.014387607574462891e-01
1.614410877227783203e-01
3.645277023315429688e-02
6.370949745178222656e-02
