2.048556637763977051e+01
2.028833103179931641e+01
4.091234016418457031e+01
1.717699790000915527e+01
3.281667780876159668e+01
4.089136695861816406e+01
2.045194554328918457e+01
1.999471473693847656e+01
2.734398674964904785e+01
2.203843212127685547e+01
3.436634230613708496e+01
2.137696671485900879e+01
3.252418684959411621e+01
4.095165205001831055e+01
2.397090029716491699e+01
4.092067480087280273e+01
2.100249099731445312e+01
3.346618604660034180e+01
4.092961311340332031e+01
2.043157362937927246e+01
4.091347551345825195e+01
2.042605257034301758e+01
2.235765409469604492e+01
2.997099995613098145e+01
2.956660914421081543e+01
4.090406799316406250e+01
4.089665246009826660e+01
2.045913577079772949e+01
4.091105484962463379e+01
2.046073055267333984e+01
3.129221582412719727e+01
4.089500594139099121e+01
1.651791858673095703e+01
2.688971614837646484e+01
2.767125916481018066e+01
3.323843050003051758e+01
4.092172646522521973e+01
1.816228652000427246e+01
4.090689110755920410e+01
2.043994998931884766e+01
2.209210300445556641e+01
4.091294622421264648e+01
2.047182869911193848e+01
3.335401034355163574e+01
4.096141767501831055e+01
2.043926644325256348e+01
1.764628267288208008e+01
4.090677022933959961e+01
2.041849136352539062e+01
4.094663929939270020e+01
2.072232151031494141e+01
2.939484786987304688e+01
2.521914696693420410e+01
3.054229569435119629e+01
2.468699574470520020e+01
4.091819143295288086e+01
1.657218265533447266e+01
4.090888643264770508e+01
2.142728304862976074e+01
2.596636390686035156e+01
2.520610523223876953e+01
3.001982975006103516e+01
4.100647306442260742e+01
1.651456332206726074e+01
2.409018588066101074e+01
3.106813812255859375e+01
4.078891301155090332e+01
2.043534493446350098e+01
1.998578000068664551e+01
4.089351415634155273e+01
2.077137541770935059e+01
4.091958236694335938e+01
1.831948065757751465e+01
2.042540431022644043e+01
4.093980336189270020e+01
4.091979598999023438e+01
1.639436793327331543e+01
2.139555287361145020e+01
2.053095149993896484e+01
4.090815591812133789e+01
2.043979597091674805e+01
4.089851164817810059e+01
1.924755072593688965e+01
3.335719156265258789e+01
2.060673499107360840e+01
4.090417242050170898e+01
2.042741203308105469e+01
2.042470240592956543e+01
3.296477699279785156e+01
4.093190908432006836e+01
2.127975630760192871e+01
4.090169048309326172e+01
1.661243033409118652e+01
2.098232960700988770e+01
4.090644741058349609e+01
1.635184597969055176e+01
3.238792419433593750e+01
4.090535473823547363e+01
2.047661089897155762e+01
4.090672039985656738e+01
