1.557765507698059082e+01
1.525999188423156738e+01
2.303596329689025879e+01
1.533586621284484863e+01
2.327774715423583984e+01
1.547978281974792480e+01
1.508861064910888672e+01
1.578316831588745117e+01
1.489388179779052734e+01
1.536687135696411133e+01
2.279170846939086914e+01
1.510934495925903320e+01
1.521716475486755371e+01
1.566034841537475586e+01
1.885545349121093750e+01
1.544946742057800293e+01
1.490152740478515625e+01
1.539755392074584961e+01
1.517516970634460449e+01
1.538597559928894043e+01
1.553393220901489258e+01
1.527045989036560059e+01
1.544338822364807129e+01
3.085019493103027344e+01
1.945906805992126465e+01
2.237059259414672852e+01
1.529972481727600098e+01
1.523570299148559570e+01
1.560966944694519043e+01
3.281654310226440430e+01
1.542316651344299316e+01
1.867522311210632324e+01
1.558863210678100586e+01
1.544714665412902832e+01
1.527850961685180664e+01
1.527835369110107422e+01
3.006624269485473633e+01
1.497834420204162598e+01
1.548371839523315430e+01
1.544756150245666504e+01
1.500962042808532715e+01
1.545456719398498535e+01
1.518679332733154297e+01
1.527591657638549805e+01
1.505282974243164062e+01
2.077750897407531738e+01
1.523659610748291016e+01
1.550322842597961426e+01
1.920820832252502441e+01
1.511789560317993164e+01
1.540235853195190430e+01
1.556804513931274414e+01
1.521864461898803711e+01
2.553709888458251953e+01
1.523496174812316895e+01
1.580779194831848145e+01
3.032046699523925781e+01
1.547351527214050293e+01
1.510721182823181152e+01
1.543318796157836914e+01
3.084240937232971191e+01
1.526670694351196289e+01
1.530601191520690918e+01
2.503282213211059570e+01
1.555801534652709961e+01
1.551647877693176270e+01
3.142069554328918457e+01
1.526658844947814941e+01
1.535222816467285156e+01
1.534416937828063965e+01
1.524396634101867676e+01
1.562660121917724609e+01
1.527566599845886230e+01
1.930193161964416504e+01
1.501487445831298828e+01
1.518842744827270508e+01
1.534647941589355469e+01
1.528124260902404785e+01
3.552473044395446777e+01
1.538723850250244141e+01
1.560882139205932617e+01
1.527691936492919922e+01
1.530845785140991211e+01
1.539207673072814941e+01
1.520889377593994141e+01
1.534225082397460938e+01
1.537670159339904785e+01
1.561788654327392578e+01
1.544162893295288086e+01
3.084784722328186035e+01
1.570353841781616211e+01
1.491353416442871094e+01
1.554882478713989258e+01
1.925730109214782715e+01
1.511208105087280273e+01
1.526438784599304199e+01
1.533745288848876953e+01
1.538902235031127930e+01
1.511344814300537109e+01
1.530055236816406250e+01
