2.274610519409179688e+00
1.984469771385192871e+00
1.612024068832397461e+00
1.523762226104736328e+00
1.491550922393798828e+00
1.509083509445190430e+00
1.487050533294677734e+00
1.415055990219116211e+00
1.385574340820312500e+00
1.383992671966552734e+00
1.362546205520629883e+00
1.258440852165222168e+00
1.201878786087036133e+00
1.158706903457641602e+00
1.085684537887573242e+00
1.101341605186462402e+00
1.099367976188659668e+00
1.068905711174011230e+00
1.035104036331176758e+00
9.933950304985046387e-01
9.739906191825866699e-01
9.422626495361328125e-01
9.195819497108459473e-01
9.104824066162109375e-01
9.121736288070678711e-01
8.892997503280639648e-01
8.338246941566467285e-01
8.831381797790527344e-01
8.121327757835388184e-01
7.931107878684997559e-01
7.664826512336730957e-01
7.407755851745605469e-01
7.802154421806335449e-01
7.159101963043212891e-01
6.694527864456176758e-01
6.692675948143005371e-01
6.523659229278564453e-01
6.410051584243774414e-01
6.023474931716918945e-01
5.851681232452392578e-01
5.487623214721679688e-01
5.405585765838623047e-01
7.421933412551879883e-01
7.983206510543823242e-01
6.242829561233520508e-01
5.894295573234558105e-01
5.005149841308593750e-01
4.590722620487213135e-01
4.291613996028900146e-01
4.247677624225616455e-01
3.997312188148498535e-01
3.624191284179687500e-01
3.293521702289581299e-01
3.138303160667419434e-01
3.257083892822265625e-01
3.064227700233459473e-01
3.254622220993041992e-01
2.573643922805786133e-01
2.741297483444213867e-01
3.090408444404602051e-01
2.187876999378204346e-01
1.733343005180358887e-01
1.552829593420028687e-01
1.928468942642211914e-01
1.672100573778152466e-01
3.957241773605346680e-01
2.327365875244140625e-01
1.331423372030258179e-01
8.996850997209548950e-02
8.945015072822570801e-02
7.136704772710800171e-02
5.688936635851860046e-02
5.695091560482978821e-02
5.282992869615554810e-02
4.917600378394126892e-02
3.916832804679870605e-02
2.406962960958480835e-02
2.108356356620788574e-02
1.696948893368244171e-02
1.549285650253295898e-02
2.238436415791511536e-02
1.313947234302759171e-02
1.013832632452249527e-02
8.667977526783943176e-03
7.679968141019344330e-03
7.550894282758235931e-03
7.018253672868013382e-03
5.964386742562055588e-03
5.492402240633964539e-03
5.078650079667568207e-03
4.936811979860067368e-03
4.595946986228227615e-03
4.336661659181118011e-03
4.379093181341886520e-03
5.286462604999542236e-03
3.977613989263772964e-03
3.556452924385666847e-03
3.354134038090705872e-03
3.184280823916196823e-03
2.945630811154842377e-03
