3.122777491807937622e-02
4.917264450341463089e-03
2.561446046456694603e-03
6.703329854644834995e-04
9.831913048401474953e-04
2.972995616801199503e-06
4.517268971540033817e-04
2.141308970749378204e-03
1.807525841286405921e-04
6.934345947229303420e-06
5.032751232647569850e-06
2.954484671136015095e-06
2.478855321896844544e-06
2.003049075938179158e-06
1.562243028274679091e-06
8.158908713085111231e-07
4.110091822440153919e-07
3.881418990658858093e-07
4.035645702060719486e-07
3.246352946462138789e-07
2.999973673922795570e-07
2.736888120580260875e-07
2.232900868648357573e-07
1.782191532129218103e-07
1.678891976553131826e-07
1.593638359054239118e-07
1.374135933929210296e-07
1.266284073153656209e-07
8.297990206074246089e-08
7.868753471029776847e-08
6.980765476782835322e-08
6.591163526081800228e-08
6.323833900978570455e-08
5.969648952941497555e-08
5.680398729168700811e-08
5.890364462857178296e-08
5.323690643876943795e-08
4.650756579849257832e-08
4.413800169800197182e-08
3.259341951888927724e-08
2.605792204235513054e-08
2.201854698569150059e-08
1.906701108111974463e-08
1.721176090541121084e-08
1.579502040272018348e-08
1.431081741998241341e-08
1.347595279810320790e-08
1.277601402449590751e-08
1.232063429057461690e-08
1.192428289442659661e-08
