2.043669112026691437e-02
3.838718170300126076e-03
7.127105491235852242e-04
1.000647316686809063e-04
2.570373908383771777e-05
2.047154521278571337e-05
2.595204932731576264e-05
3.457293496467173100e-04
2.040326216956600547e-05
1.027519374474650249e-05
1.026058635034132749e-05
8.206304300983902067e-06
8.659519153297878802e-06
5.814438736706506461e-06
4.256610736774746329e-06
3.699383341881912202e-06
2.924322416220093146e-06
7.354507397394627333e-05
2.234399062217562459e-06
2.093132479785708711e-06
1.454902985642547719e-06
1.165880689768528100e-06
9.950248340828693472e-07
8.004790288396179676e-07
6.343587415358342696e-07
4.922661673845141195e-07
5.034829086980607826e-07
4.385916554383584298e-07
3.470166234365024138e-07
2.912564127655059565e-07
2.298285579627190600e-07
1.859329614717353252e-07
1.455707803188488469e-07
1.300532801451481646e-07
1.309977051278110594e-07
1.221932137696057907e-07
1.103273987723696337e-07
1.036986390090532950e-07
9.402540968039829750e-08
8.753996638688477105e-08
8.657010397428166470e-08
8.963147735130405636e-08
7.950286828872776823e-08
6.916339145845995517e-08
6.421292653158161556e-08
5.918658985137881245e-08
5.601561881007910415e-08
5.362049293466952804e-08
5.096394772863277467e-08
4.883871440597431501e-08
