6.832026958465576172e+00
6.519156455993652344e+00
6.571355581283569336e+00
6.830865383148193359e+00
7.190160989761352539e+00
6.762518405914306641e+00
6.438486337661743164e+00
6.751577615737915039e+00
6.406181335449218750e+00
6.766382455825805664e+00
6.650798320770263672e+00
6.950801849365234375e+00
6.403617382049560547e+00
6.640220880508422852e+00
7.451956987380981445e+00
6.992096424102783203e+00
7.165171384811401367e+00
7.511465549468994141e+00
6.933418273925781250e+00
6.673392534255981445e+00
6.728717565536499023e+00
6.256804943084716797e+00
6.828691720962524414e+00
6.485815048217773438e+00
6.669129610061645508e+00
7.104178667068481445e+00
6.792459011077880859e+00
7.122917175292968750e+00
6.475905418395996094e+00
8.326006174087524414e+00
7.021935462951660156e+00
6.648982763290405273e+00
6.737823486328125000e+00
6.809946298599243164e+00
7.175694942474365234e+00
6.523160457611083984e+00
6.348551034927368164e+00
6.918303489685058594e+00
6.874138832092285156e+00
7.134233951568603516e+00
1.427734851837158203e+01
7.617786884307861328e+00
6.960822582244873047e+00
6.986244440078735352e+00
6.826402902603149414e+00
6.848333358764648438e+00
8.775447130203247070e+00
7.436502456665039062e+00
7.019837856292724609e+00
6.803094148635864258e+00
