1.422726869583129883e+00
1.619892835617065430e+00
1.411483287811279297e+00
1.669316291809082031e+00
1.502094030380249023e+00
1.914486885070800781e+00
1.161747455596923828e+00
1.752921104431152344e+00
1.581047296524047852e+00
1.105971336364746094e+00
1.398567914962768555e+00
1.642190694808959961e+00
1.648219108581542969e+00
1.132239103317260742e+00
1.248484134674072266e+00
1.272821426391601562e+00
1.484840869903564453e+00
1.571211814880371094e+00
1.891314029693603516e+00
1.548636913299560547e+00
1.705100774765014648e+00
1.866009235382080078e+00
1.942875623703002930e+00
1.664252281188964844e+00
1.292600154876708984e+00
1.834156036376953125e+00
1.583591461181640625e+00
1.398445844650268555e+00
1.530269145965576172e+00
1.676361799240112305e+00
1.613170623779296875e+00
1.788887500762939453e+00
1.270004034042358398e+00
1.755987882614135742e+00
1.881514310836791992e+00
1.502709150314331055e+00
1.401613712310791016e+00
1.233958482742309570e+00
1.720510482788085938e+00
1.581487894058227539e+00
1.052078723907470703e+00
1.675500392913818359e+00
1.554883956909179688e+00
1.528300762176513672e+00
1.396650791168212891e+00
1.870614290237426758e+00
1.867432117462158203e+00
1.590840339660644531e+00
1.727208137512207031e+00
1.058874368667602539e+00
