9.557834863662719727e-01
9.693668484687805176e-01
9.743190407752990723e-01
9.755924940109252930e-01
9.761584997177124023e-01
9.794127941131591797e-01
9.755217432975769043e-01
9.723381400108337402e-01
9.799787998199462891e-01
9.792712926864624023e-01
9.787053465843200684e-01
9.804032444953918457e-01
9.788468480110168457e-01
9.755924940109252930e-01
9.748850464820861816e-01
9.757339954376220703e-01
9.748142957687377930e-01
9.761584997177124023e-01
9.743190407752990723e-01
9.719844460487365723e-01
9.708524942398071289e-01
9.707817435264587402e-01
9.687300920486450195e-01
9.683056473731994629e-01
9.663954973220825195e-01
9.656879901885986328e-01
9.642023444175720215e-01
9.640608429908752441e-01
9.642730951309204102e-01
9.644145965576171875e-01
9.655464887619018555e-01
9.659709930419921875e-01
9.671736955642700195e-01
9.678103923797607422e-01
9.677396416664123535e-01
9.692253470420837402e-01
9.700742959976196289e-01
9.703572988510131836e-01
9.707109928131103516e-01
9.714891910552978516e-01
9.717721939086914062e-01
9.721966981887817383e-01
9.731163978576660156e-01
9.732578992843627930e-01
9.737530946731567383e-01
9.744605422019958496e-01
9.747435450553894043e-01
9.750265479087829590e-01
9.755924940109252930e-01
9.757339954376220703e-01
