7.833242416381835938e-03
7.555723190307617188e-03
7.656335830688476562e-03
7.609128952026367188e-03
7.637739181518554688e-03
7.700920104980468750e-03
7.676362991333007812e-03
7.637262344360351562e-03
7.662057876586914062e-03
7.684230804443359375e-03
7.652759552001953125e-03
7.724761962890625000e-03
7.727622985839843750e-03
7.748365402221679688e-03
7.730007171630859375e-03
7.758378982543945312e-03
7.725000381469726562e-03
7.774114608764648438e-03
7.796525955200195312e-03
7.747650146484375000e-03
7.731914520263671875e-03
7.651567459106445312e-03
7.680416107177734375e-03
7.714509963989257812e-03
7.670402526855468750e-03
7.683515548706054688e-03
7.678747177124023438e-03
7.715225219726562500e-03
7.734537124633789062e-03
7.725715637207031250e-03
7.680416107177734375e-03
7.705211639404296875e-03
7.718563079833984375e-03
7.691144943237304688e-03
7.676362991333007812e-03
7.649183273315429688e-03
7.690668106079101562e-03
7.697582244873046875e-03
7.745265960693359375e-03
7.774591445922851562e-03
7.661581039428710938e-03
7.699012756347656250e-03
7.608175277709960938e-03
7.677316665649414062e-03
7.732629776000976562e-03
7.694482803344726562e-03
7.699966430664062500e-03
7.625818252563476562e-03
7.645130157470703125e-03
7.692575454711914062e-03
7.714271545410156250e-03
7.639408111572265625e-03
7.728815078735351562e-03
7.651329040527343750e-03
7.746458053588867188e-03
7.621765136718750000e-03
7.691621780395507812e-03
7.707834243774414062e-03
7.709264755249023438e-03
7.683277130126953125e-03
7.701873779296875000e-03
7.629632949829101562e-03
7.637023925781250000e-03
7.602930068969726562e-03
7.725238800048828125e-03
7.576704025268554688e-03
7.689952850341796875e-03
7.613182067871093750e-03
7.630825042724609375e-03
7.676124572753906250e-03
7.673025131225585938e-03
7.665634155273437500e-03
7.616519927978515625e-03
7.693529129028320312e-03
7.626533508300781250e-03
7.606267929077148438e-03
7.680177688598632812e-03
7.684230804443359375e-03
7.595300674438476562e-03
7.683753967285156250e-03
7.648468017578125000e-03
7.709026336669921875e-03
7.683753967285156250e-03
7.628440856933593750e-03
7.605552673339843750e-03
7.657527923583984375e-03
7.684946060180664062e-03
7.660388946533203125e-03
7.721424102783203125e-03
7.589578628540039062e-03
7.598400115966796875e-03
7.623910903930664062e-03
7.593154907226562500e-03
7.584333419799804688e-03
7.697343826293945312e-03
7.751464843750000000e-03
7.693052291870117188e-03
7.621526718139648438e-03
7.640123367309570312e-03
7.654666900634765625e-03
