1.258752083778381348e+01
2.017405652999877930e+01
3.966386795043945312e+01
1.380631518363952637e+01
3.373450899124145508e+01
1.963520741462707520e+01
3.968981003761291504e+01
1.282041859626770020e+01
1.815096592903137207e+01
1.959959435462951660e+01
3.147782826423645020e+01
2.220205807685852051e+01
3.089911580085754395e+01
2.644757533073425293e+01
2.551026344299316406e+01
3.967708444595336914e+01
1.260508155822753906e+01
3.968000555038452148e+01
1.498181295394897461e+01
3.152597665786743164e+01
2.566783809661865234e+01
1.867550110816955566e+01
1.301839017868041992e+01
1.706351661682128906e+01
1.430818963050842285e+01
1.918096041679382324e+01
1.841120076179504395e+01
1.247187900543212891e+01
3.969317817687988281e+01
1.284255790710449219e+01
1.921989822387695312e+01
3.968957757949829102e+01
1.279902696609497070e+01
3.966883158683776855e+01
1.922074651718139648e+01
2.566563344001770020e+01
2.127155900001525879e+01
3.966112303733825684e+01
1.200843548774719238e+01
3.069972944259643555e+01
3.969132328033447266e+01
1.916278529167175293e+01
1.461154484748840332e+01
3.151550364494323730e+01
2.149110126495361328e+01
3.101135420799255371e+01
2.118346285820007324e+01
3.193813896179199219e+01
3.968798637390136719e+01
1.197250652313232422e+01
