5.031919479370117188e-02
4.993867874145507812e-02
5.012965202331542969e-02
5.074334144592285156e-02
4.995536804199218750e-02
4.990339279174804688e-02
4.973602294921875000e-02
4.981660842895507812e-02
5.027461051940917969e-02
5.008339881896972656e-02
5.002379417419433594e-02
5.027747154235839844e-02
4.972219467163085938e-02
5.001974105834960938e-02
5.007648468017578125e-02
5.032253265380859375e-02
4.997897148132324219e-02
5.005812644958496094e-02
4.990077018737792969e-02
5.055403709411621094e-02
5.000495910644531250e-02
5.033111572265625000e-02
5.048537254333496094e-02
5.058860778808593750e-02
5.065798759460449219e-02
4.974508285522460938e-02
5.030369758605957031e-02
5.007719993591308594e-02
5.046319961547851562e-02
5.013942718505859375e-02
5.121040344238281250e-02
5.036354064941406250e-02
5.045700073242187500e-02
5.114722251892089844e-02
5.104589462280273438e-02
5.058717727661132812e-02
5.095648765563964844e-02
5.110549926757812500e-02
5.035519599914550781e-02
5.062913894653320312e-02
5.071616172790527344e-02
5.028295516967773438e-02
5.090761184692382812e-02
5.094552040100097656e-02
5.084300041198730469e-02
5.119276046752929688e-02
5.091476440429687500e-02
5.132508277893066406e-02
5.135345458984375000e-02
5.075788497924804688e-02
