4.348972558975219727e+00
6.345714807510375977e+00
1.050740504264831543e+01
3.920923233032226562e+00
4.270103693008422852e+00
4.624995470046997070e+00
4.052803039550781250e+00
4.632517337799072266e+00
4.575348854064941406e+00
4.331697463989257812e+00
4.599911928176879883e+00
4.383558750152587891e+00
4.299196004867553711e+00
1.168143391609191895e+01
4.503468990325927734e+00
4.308019638061523438e+00
4.476746797561645508e+00
3.888247013092041016e+00
3.938951969146728516e+00
4.146779537200927734e+00
4.703821897506713867e+00
4.549434423446655273e+00
5.912230491638183594e+00
3.785475254058837891e+00
9.985305070877075195e+00
4.049685239791870117e+00
4.382607936859130859e+00
4.512303829193115234e+00
3.942721366882324219e+00
4.593145370483398438e+00
4.244454860687255859e+00
4.507648944854736328e+00
4.140758752822875977e+00
4.127620935440063477e+00
4.275780916213989258e+00
4.059172630310058594e+00
4.286235570907592773e+00
4.221768856048583984e+00
4.670773744583129883e+00
4.384689331054687500e+00
1.052748394012451172e+01
4.102582693099975586e+00
4.440374851226806641e+00
4.097574234008789062e+00
4.488659143447875977e+00
4.427048921585083008e+00
1.023964953422546387e+01
4.396609783172607422e+00
4.193981885910034180e+00
3.939731836318969727e+00
