6.283919095993041992e+00
6.649790048599243164e+00
6.101506471633911133e+00
7.267414569854736328e+00
7.136245012283325195e+00
6.588238477706909180e+00
6.829613447189331055e+00
6.861371755599975586e+00
6.346766233444213867e+00
6.357977867126464844e+00
7.123783349990844727e+00
6.420920133590698242e+00
7.347920417785644531e+00
6.260377645492553711e+00
6.248039484024047852e+00
6.264045238494873047e+00
6.551011323928833008e+00
6.357996940612792969e+00
6.535460233688354492e+00
7.066233873367309570e+00
6.839051961898803711e+00
6.713162899017333984e+00
7.004114866256713867e+00
6.598325490951538086e+00
6.881678819656372070e+00
6.905866622924804688e+00
6.342140436172485352e+00
6.724333286285400391e+00
1.042302536964416504e+01
6.657056570053100586e+00
6.541131258010864258e+00
6.464684009552001953e+00
6.772471427917480469e+00
6.805791616439819336e+00
6.776784420013427734e+00
6.102773666381835938e+00
6.659698247909545898e+00
6.404487848281860352e+00
6.729998588562011719e+00
6.696482896804809570e+00
6.710026264190673828e+00
6.565424203872680664e+00
6.632696866989135742e+00
6.506273746490478516e+00
6.609111547470092773e+00
6.322636842727661133e+00
6.918647766113281250e+00
6.494122743606567383e+00
6.650527000427246094e+00
6.115265607833862305e+00
