6.274148464202880859e+00
1.343132066726684570e+01
6.037009239196777344e+00
7.135820865631103516e+00
6.865581989288330078e+00
6.522039413452148438e+00
6.646962165832519531e+00
6.712760448455810547e+00
6.485259294509887695e+00
6.533229351043701172e+00
7.256871223449707031e+00
6.424278020858764648e+00
7.261108636856079102e+00
6.503452301025390625e+00
6.271818161010742188e+00
6.221040964126586914e+00
6.306118965148925781e+00
6.296357154846191406e+00
6.582767009735107422e+00
7.045380830764770508e+00
6.671279430389404297e+00
6.862513780593872070e+00
6.921322107315063477e+00
6.657557964324951172e+00
6.964717149734497070e+00
6.823575735092163086e+00
6.463175773620605469e+00
7.094210147857666016e+00
5.990270853042602539e+00
6.564950704574584961e+00
6.647351264953613281e+00
6.674605846405029297e+00
6.765712976455688477e+00
6.775688171386718750e+00
6.738109827041625977e+00
6.128591537475585938e+00
6.636269569396972656e+00
6.240938663482666016e+00
6.397077560424804688e+00
6.233301877975463867e+00
6.612064599990844727e+00
6.012685060501098633e+00
6.142839908599853516e+00
5.777149677276611328e+00
5.759706497192382812e+00
5.939576625823974609e+00
6.492643833160400391e+00
6.444001913070678711e+00
7.003022432327270508e+00
5.872491359710693359e+00
