1.882088184356689453e+00
1.342416048049926758e+00
1.918384790420532227e+00
9.209842681884765625e-01
1.144505262374877930e+00
1.386556863784790039e+00
1.350629091262817383e+00
1.355278968811035156e+00
1.547055006027221680e+00
1.647680044174194336e+00
1.130298376083374023e+00
1.687932729721069336e+00
1.042867660522460938e+00
1.453324556350708008e+00
1.808445453643798828e+00
1.583239316940307617e+00
1.481048822402954102e+00
1.695916414260864258e+00
1.318702697753906250e+00
1.093838214874267578e+00
1.430347442626953125e+00
1.193521499633789062e+00
1.138932228088378906e+00
1.621367454528808594e+00
1.121130466461181641e+00
1.287105321884155273e+00
1.715765237808227539e+00
1.247133016586303711e+00
1.806104660034179688e+00
1.506098747253417969e+00
1.401920795440673828e+00
1.596545219421386719e+00
1.376385688781738281e+00
1.246668100357055664e+00
1.334774017333984375e+00
1.949419498443603516e+00
1.421004295349121094e+00
1.484548807144165039e+00
1.478689432144165039e+00
1.379415750503540039e+00
1.320257425308227539e+00
1.629547834396362305e+00
1.492362499237060547e+00
1.837828636169433594e+00
1.823679924011230469e+00
1.851356744766235352e+00
1.284912109375000000e+00
1.615374803543090820e+00
1.109071016311645508e+00
2.045617341995239258e+00
