1.387594795227050781e+01
1.392856144905090332e+01
1.391982674598693848e+01
1.406379628181457520e+01
1.407025623321533203e+01
1.411572360992431641e+01
1.405139017105102539e+01
1.419606876373291016e+01
1.399664497375488281e+01
1.402587676048278809e+01
1.400076818466186523e+01
1.408054876327514648e+01
1.405870962142944336e+01
1.418732380867004395e+01
1.403214645385742188e+01
1.402354884147644043e+01
1.402900409698486328e+01
1.395159912109375000e+01
1.399175453186035156e+01
1.400195336341857910e+01
1.400771212577819824e+01
1.408676218986511230e+01
1.402853965759277344e+01
1.405168843269348145e+01
1.436754894256591797e+01
1.416983866691589355e+01
1.404268383979797363e+01
1.416414093971252441e+01
2.015479350090026855e+01
1.409900259971618652e+01
1.406981611251831055e+01
1.388382434844970703e+01
1.417116189002990723e+01
2.012580108642578125e+01
1.412644863128662109e+01
1.407717180252075195e+01
1.409794402122497559e+01
1.406489276885986328e+01
1.409376025199890137e+01
1.417814660072326660e+01
1.405962944030761719e+01
1.409337615966796875e+01
1.390682911872863770e+01
1.406016659736633301e+01
1.406854820251464844e+01
1.427487421035766602e+01
1.403397321701049805e+01
1.374313688278198242e+01
1.362225341796875000e+01
1.379605937004089355e+01
