1.588898539543151855e+01
1.580381083488464355e+01
2.346253299713134766e+01
1.913390612602233887e+01
1.534297895431518555e+01
1.515429258346557617e+01
4.417836499214172363e+01
1.845422148704528809e+01
4.775103974342346191e+01
1.550566124916076660e+01
1.540135335922241211e+01
4.496190023422241211e+01
1.930451536178588867e+01
1.522812771797180176e+01
1.532924270629882812e+01
1.580529904365539551e+01
1.526522564888000488e+01
1.494431042671203613e+01
1.491205477714538574e+01
1.579895091056823730e+01
1.517845630645751953e+01
1.555814409255981445e+01
1.510032176971435547e+01
1.538438916206359863e+01
2.386604189872741699e+01
1.532576704025268555e+01
1.552679634094238281e+01
1.531332755088806152e+01
1.572893977165222168e+01
2.867897272109985352e+01
1.537882709503173828e+01
1.538228988647460938e+01
2.541867661476135254e+01
1.573730134963989258e+01
1.543952369689941406e+01
1.543517494201660156e+01
1.561499476432800293e+01
1.540104103088378906e+01
1.946847820281982422e+01
1.528542733192443848e+01
1.555373072624206543e+01
1.556499648094177246e+01
1.535162734985351562e+01
1.510341334342956543e+01
1.948686957359313965e+01
1.545041537284851074e+01
1.540616321563720703e+01
1.527080726623535156e+01
2.673195576667785645e+01
3.262376070022583008e+01
1.570119428634643555e+01
1.558097457885742188e+01
1.540926718711853027e+01
1.538068485260009766e+01
1.555582928657531738e+01
1.513239908218383789e+01
2.083113288879394531e+01
1.523848199844360352e+01
1.513943266868591309e+01
1.535748171806335449e+01
1.556692004203796387e+01
2.143306994438171387e+01
3.450532031059265137e+01
1.931314349174499512e+01
1.531581807136535645e+01
1.541727495193481445e+01
1.526623177528381348e+01
2.484313130378723145e+01
3.199354147911071777e+01
1.557114768028259277e+01
1.525297737121582031e+01
1.536788725852966309e+01
1.538094854354858398e+01
1.524820590019226074e+01
1.531907629966735840e+01
2.518352913856506348e+01
1.540951466560363770e+01
1.500079464912414551e+01
1.526939320564270020e+01
1.511337733268737793e+01
1.519213581085205078e+01
1.520822429656982422e+01
1.482704281806945801e+01
3.475693655014038086e+01
1.546417307853698730e+01
1.582368612289428711e+01
1.542575931549072266e+01
1.501752305030822754e+01
1.522096300125122070e+01
1.527145910263061523e+01
1.559859466552734375e+01
1.498430395126342773e+01
1.510802054405212402e+01
3.120483970642089844e+01
1.534631705284118652e+01
3.217841887474060059e+01
1.502784895896911621e+01
1.510580706596374512e+01
2.170270133018493652e+01
1.526675653457641602e+01
