1.328931593894958496e+01
2.082557964324951172e+01
3.375122952461242676e+01
2.123674702644348145e+01
4.064885830879211426e+01
1.456777119636535645e+01
2.015175342559814453e+01
3.312944889068603516e+01
4.066477036476135254e+01
1.405425953865051270e+01
2.802959585189819336e+01
4.066759133338928223e+01
1.434303283691406250e+01
3.351073145866394043e+01
4.065452122688293457e+01
2.050355672836303711e+01
2.599744820594787598e+01
2.871658444404602051e+01
2.017975234985351562e+01
1.318609929084777832e+01
4.067063260078430176e+01
1.448157215118408203e+01
3.133997678756713867e+01
2.221905589103698730e+01
3.252188777923583984e+01
2.321487617492675781e+01
3.038980960845947266e+01
2.410002183914184570e+01
2.835163450241088867e+01
2.584886431694030762e+01
2.844875621795654297e+01
2.539403891563415527e+01
4.067116951942443848e+01
2.020199942588806152e+01
2.315108585357666016e+01
2.012523317337036133e+01
1.483991336822509766e+01
3.277633500099182129e+01
2.066058039665222168e+01
4.066849541664123535e+01
1.406614422798156738e+01
3.220239090919494629e+01
2.910747289657592773e+01
4.060698962211608887e+01
1.254760694503784180e+01
3.178276324272155762e+01
2.278457093238830566e+01
3.017654418945312500e+01
2.983061456680297852e+01
4.067219376564025879e+01
