1.653753590583801270e+01
9.372998237609863281e+00
3.696725988388061523e+01
9.908788442611694336e+00
3.177792310714721680e+01
1.626761245727539062e+01
1.633630132675170898e+01
2.876450347900390625e+01
1.798321270942687988e+01
3.704450702667236328e+01
1.666141200065612793e+01
2.301278018951416016e+01
3.695980525016784668e+01
1.742640113830566406e+01
3.053693127632141113e+01
2.296656489372253418e+01
3.708584427833557129e+01
9.607892751693725586e+00
9.931436061859130859e+00
1.594807124137878418e+01
3.704143142700195312e+01
9.577809572219848633e+00
2.775744867324829102e+01
3.694516181945800781e+01
1.004341268539428711e+01
1.919243288040161133e+01
2.669674324989318848e+01
2.034550786018371582e+01
3.705421614646911621e+01
9.905856847763061523e+00
2.437083053588867188e+01
3.696551275253295898e+01
1.650897383689880371e+01
1.620063424110412598e+01
2.451895332336425781e+01
9.807112455368041992e+00
1.804496979713439941e+01
2.893627548217773438e+01
1.705795574188232422e+01
2.905225658416748047e+01
1.867758893966674805e+01
2.837963271141052246e+01
2.526628565788269043e+01
3.692743253707885742e+01
8.994448900222778320e+00
2.788829445838928223e+01
1.892673754692077637e+01
2.642888140678405762e+01
2.624232172966003418e+01
2.135067987442016602e+01
