2.273631095886230469e+00
2.140354871749877930e+00
1.913826465606689453e+00
1.864426136016845703e+00
1.828856945037841797e+00
1.741641163825988770e+00
1.648604989051818848e+00
1.607939481735229492e+00
1.521377086639404297e+00
1.479972720146179199e+00
1.429706454277038574e+00
1.394398570060729980e+00
1.374015688896179199e+00
1.347053050994873047e+00
1.315452575683593750e+00
1.305048227310180664e+00
1.325737476348876953e+00
1.300868630409240723e+00
1.265834093093872070e+00
1.251189231872558594e+00
1.237154722213745117e+00
1.233201146125793457e+00
1.221538901329040527e+00
1.216451287269592285e+00
1.210152506828308105e+00
1.193995952606201172e+00
1.202437996864318848e+00
1.188977360725402832e+00
1.177616715431213379e+00
1.175424337387084961e+00
1.175166845321655273e+00
1.169348478317260742e+00
1.164136886596679688e+00
1.158113241195678711e+00
1.154756546020507812e+00
1.153090715408325195e+00
1.153057336807250977e+00
1.146580815315246582e+00
1.146801114082336426e+00
1.142831802368164062e+00
1.143335938453674316e+00
1.140776634216308594e+00
1.139397501945495605e+00
1.137538909912109375e+00
1.136532425880432129e+00
1.135411143302917480e+00
1.135678648948669434e+00
1.133188366889953613e+00
1.132941365242004395e+00
1.131365418434143066e+00
1.130969285964965820e+00
1.130217671394348145e+00
1.129924297332763672e+00
1.128973245620727539e+00
1.129235744476318359e+00
1.128714203834533691e+00
1.127962708473205566e+00
1.127831339836120605e+00
1.127425670623779297e+00
1.127395272254943848e+00
1.127373576164245605e+00
1.126798868179321289e+00
1.126505494117736816e+00
1.126338720321655273e+00
1.126067161560058594e+00
1.125829577445983887e+00
1.125710725784301758e+00
1.125672936439514160e+00
1.125549435615539551e+00
1.125565767288208008e+00
1.125355720520019531e+00
1.125239253044128418e+00
1.125159382820129395e+00
1.125100255012512207e+00
1.125064730644226074e+00
1.125011324882507324e+00
1.124967575073242188e+00
1.124893903732299805e+00
1.124853253364562988e+00
1.124778032302856445e+00
1.124766588211059570e+00
1.124717354774475098e+00
1.124685049057006836e+00
1.124659657478332520e+00
1.124658465385437012e+00
1.124620676040649414e+00
1.124595046043395996e+00
1.124582171440124512e+00
1.124577522277832031e+00
1.124572634696960449e+00
1.124550700187683105e+00
1.124535441398620605e+00
1.124535799026489258e+00
1.124520301818847656e+00
1.124515056610107422e+00
1.124498486518859863e+00
1.124495267868041992e+00
1.124490022659301758e+00
1.124483823776245117e+00
1.124474048614501953e+00
