5.218277573585510254e-01
6.506597995758056641e-01
6.174753308296203613e-01
4.483523964881896973e-01
2.973406612873077393e-01
3.533838689327239990e-01
2.094773203134536743e-01
1.675739288330078125e-01
3.179624378681182861e-01
1.740332394838333130e-01
3.142262101173400879e-01
2.904308140277862549e-01
2.723956704139709473e-01
9.143777936697006226e-02
1.681676208972930908e-01
1.101742610335350037e-01
8.599144220352172852e-02
7.901805639266967773e-02
7.844891399145126343e-02
6.353200227022171021e-02
5.833014100790023804e-02
5.720338970422744751e-02
5.607957020401954651e-02
5.446460843086242676e-02
5.354225635528564453e-02
5.492227151989936829e-02
5.454749986529350281e-02
5.447397753596305847e-02
5.586051568388938904e-02
5.841880664229393005e-02
5.928312242031097412e-02
5.893036723136901855e-02
5.979058146476745605e-02
6.185718253254890442e-02
6.434357911348342896e-02
6.584466248750686646e-02
6.728480756282806396e-02
6.975363940000534058e-02
7.284621149301528931e-02
7.638313621282577515e-02
8.006392419338226318e-02
8.391129225492477417e-02
8.820969611406326294e-02
9.265489131212234497e-02
9.679350256919860840e-02
1.007705032825469971e-01
1.039818674325942993e-01
1.076563000679016113e-01
1.114260479807853699e-01
1.150971353054046631e-01
