9.881673812866210938e+00
9.956576824188232422e+00
9.846757888793945312e+00
2.045893049240112305e+01
1.022575569152832031e+01
1.971727943420410156e+01
1.915083765983581543e+01
1.249012303352355957e+01
2.045945620536804199e+01
1.138466143608093262e+01
2.052178049087524414e+01
3.257452678680419922e+01
2.812320876121520996e+01
3.039265036582946777e+01
4.093910264968872070e+01
1.120763349533081055e+01
2.057694482803344727e+01
4.093926548957824707e+01
1.108660626411437988e+01
4.093885850906372070e+01
2.045960688591003418e+01
2.182867121696472168e+01
2.045931577682495117e+01
1.084069991111755371e+01
1.949259042739868164e+01
1.080114388465881348e+01
2.045888876914978027e+01
1.027659344673156738e+01
1.984962892532348633e+01
1.093694877624511719e+01
2.052833127975463867e+01
3.184409070014953613e+01
2.017767024040222168e+01
1.971544933319091797e+01
1.145822548866271973e+01
1.901004886627197266e+01
1.193870592117309570e+01
2.019784760475158691e+01
2.046817159652709961e+01
1.104547381401062012e+01
1.991860103607177734e+01
1.881445980072021484e+01
1.217412781715393066e+01
1.970157003402709961e+01
1.883002424240112305e+01
1.198770070075988770e+01
2.045984363555908203e+01
9.825917243957519531e+00
2.046296024322509766e+01
2.045954585075378418e+01
