9.925014376640319824e-01
9.978777766227722168e-01
9.995755553245544434e-01
9.995755553245544434e-01
9.997170567512512207e-01
9.995755553245544434e-01
9.990096092224121094e-01
9.995755553245544434e-01
9.988681674003601074e-01
9.997170567512512207e-01
9.995755553245544434e-01
9.995755553245544434e-01
9.997170567512512207e-01
9.995755553245544434e-01
9.997170567512512207e-01
9.997170567512512207e-01
9.998584985733032227e-01
9.997170567512512207e-01
9.998584985733032227e-01
9.998584985733032227e-01
9.998584985733032227e-01
9.998584985733032227e-01
9.997170567512512207e-01
9.998584985733032227e-01
9.998584985733032227e-01
9.998584985733032227e-01
9.998584985733032227e-01
9.998584985733032227e-01
9.998584985733032227e-01
9.998584985733032227e-01
9.998584985733032227e-01
9.998584985733032227e-01
9.998584985733032227e-01
9.998584985733032227e-01
9.998584985733032227e-01
9.998584985733032227e-01
9.998584985733032227e-01
9.998584985733032227e-01
9.998584985733032227e-01
9.998584985733032227e-01
9.998584985733032227e-01
9.997170567512512207e-01
9.997170567512512207e-01
9.997170567512512207e-01
9.997170567512512207e-01
9.997170567512512207e-01
9.995755553245544434e-01
9.995755553245544434e-01
9.995755553245544434e-01
9.994340538978576660e-01
