9.918641448020935059e-01
9.970993995666503906e-01
9.981606006622314453e-01
9.991510510444641113e-01
9.983728528022766113e-01
9.995048046112060547e-01
9.996462464332580566e-01
9.996462464332580566e-01
9.996462464332580566e-01
9.995754957199096680e-01
9.992218017578125000e-01
9.995048046112060547e-01
9.993633031845092773e-01
9.995754957199096680e-01
9.996462464332580566e-01
9.997169971466064453e-01
9.997169971466064453e-01
9.997169971466064453e-01
9.997877478599548340e-01
9.997169971466064453e-01
9.999292492866516113e-01
9.999292492866516113e-01
9.998584985733032227e-01
1.000000000000000000e+00
9.999292492866516113e-01
1.000000000000000000e+00
1.000000000000000000e+00
1.000000000000000000e+00
1.000000000000000000e+00
1.000000000000000000e+00
1.000000000000000000e+00
1.000000000000000000e+00
1.000000000000000000e+00
1.000000000000000000e+00
1.000000000000000000e+00
1.000000000000000000e+00
1.000000000000000000e+00
1.000000000000000000e+00
1.000000000000000000e+00
1.000000000000000000e+00
1.000000000000000000e+00
1.000000000000000000e+00
1.000000000000000000e+00
1.000000000000000000e+00
1.000000000000000000e+00
1.000000000000000000e+00
1.000000000000000000e+00
1.000000000000000000e+00
1.000000000000000000e+00
1.000000000000000000e+00
