1.441940808296203613e+01
1.337046337127685547e+01
2.101360535621643066e+01
1.348495125770568848e+01
5.136968064308166504e+01
1.349746918678283691e+01
1.312160181999206543e+01
1.335880637168884277e+01
1.329990148544311523e+01
4.467568659782409668e+01
2.538691926002502441e+01
1.367979907989501953e+01
5.148356938362121582e+01
1.381235980987548828e+01
1.365938544273376465e+01
6.880726742744445801e+01
4.791970777511596680e+01
6.765015935897827148e+01
1.339674448966979980e+01
1.367232990264892578e+01
1.370780706405639648e+01
1.324098610877990723e+01
6.296704483032226562e+01
2.579895210266113281e+01
1.339402937889099121e+01
1.377818822860717773e+01
3.741205835342407227e+01
1.327199578285217285e+01
1.331384015083312988e+01
6.202770113945007324e+01
1.335714745521545410e+01
1.319438338279724121e+01
1.335022902488708496e+01
1.351986980438232422e+01
4.170584535598754883e+01
1.328206515312194824e+01
1.321113848686218262e+01
1.335298848152160645e+01
1.346118974685668945e+01
1.312965989112854004e+01
1.345739316940307617e+01
3.194103670120239258e+01
2.131965327262878418e+01
4.236528110504150391e+01
1.325802731513977051e+01
1.333961868286132812e+01
5.127431917190551758e+01
2.643174695968627930e+01
1.323094463348388672e+01
5.824327301979064941e+01
1.327723073959350586e+01
1.371059966087341309e+01
1.340295290946960449e+01
1.317236995697021484e+01
6.293819713592529297e+01
1.333678650856018066e+01
5.811102175712585449e+01
1.314149141311645508e+01
1.340958690643310547e+01
6.947669458389282227e+01
1.323755216598510742e+01
1.374574041366577148e+01
1.341930937767028809e+01
1.356003236770629883e+01
3.882068920135498047e+01
1.353600883483886719e+01
1.324377918243408203e+01
1.376466417312622070e+01
1.628232884407043457e+01
1.293213272094726562e+01
1.316046047210693359e+01
5.141922044754028320e+01
1.365618968009948730e+01
1.376776337623596191e+01
4.850035786628723145e+01
1.346880960464477539e+01
1.323074173927307129e+01
4.932724237442016602e+01
1.358809113502502441e+01
1.343526220321655273e+01
1.345675587654113770e+01
1.349047040939331055e+01
1.327943205833435059e+01
1.346364068984985352e+01
5.481334543228149414e+01
2.755241894721984863e+01
6.780982303619384766e+01
1.342917275428771973e+01
1.379970812797546387e+01
1.338170957565307617e+01
1.357763051986694336e+01
4.816355228424072266e+01
1.368298840522766113e+01
5.407625746726989746e+01
1.345786976814270020e+01
5.405801177024841309e+01
1.332520127296447754e+01
1.327383208274841309e+01
5.359154748916625977e+01
1.347954702377319336e+01
