4.476825147867202759e-02
4.600660502910614014e-02
1.737916725687682629e-03
9.832243813434615731e-05
5.174828038434498012e-05
3.743090201169252396e-05
2.529178709664847702e-05
1.734981924528256059e-05
1.623569733055774122e-05
1.878267539723310620e-05
1.874629291705787182e-03
5.856718053109943867e-05
1.546607563795987517e-05
1.087828331947093830e-05
7.504164386773481965e-06
6.159598342492245138e-06
5.148708623892161995e-06
4.472272848943248391e-06
4.075596280017634854e-06
3.582128329071565531e-06
3.409339342397288419e-06
2.301347421962418593e-06
1.786578877727151848e-06
1.677162231317197438e-06
1.350421939605439547e-06
4.159121999691706151e-06
4.304691628931323066e-06
1.100124109143507667e-06
8.590041034040041268e-07
6.946650614736427087e-07
5.705899184249574319e-07
5.028816758567700163e-07
4.758825014050671598e-07
3.924792224552220432e-07
3.534372865487966919e-07
3.018647873886948219e-07
2.654787465417030035e-07
2.225994961690958007e-07
2.051691012638912071e-07
1.882702775901634595e-07
1.806640312906893087e-07
1.681248420482006622e-07
1.580899464670437737e-07
1.480212432625194197e-07
1.328930920863058418e-07
1.219391378981526941e-07
1.113307774858185439e-07
1.015318815689170151e-07
9.498807429508815403e-08
9.157281510852044448e-08
