9.673133492469787598e-02
2.869163453578948975e-02
1.939774490892887115e-02
1.174260955303907394e-02
8.376399055123329163e-03
7.099872920662164688e-03
1.685183122754096985e-02
9.413922205567359924e-03
5.214917007833719254e-03
3.642179304733872414e-03
2.592073287814855576e-03
2.664574887603521347e-03
3.191979369148612022e-03
5.731706973165273666e-03
2.666346728801727295e-03
2.336634555831551552e-03
2.663975348696112633e-03
1.826281310059130192e-03
1.653273939155042171e-03
1.522901467978954315e-03
1.473593059927225113e-03
1.414022292010486126e-03
1.336627872660756111e-03
1.278259092941880226e-03
1.182142295874655247e-03
1.166124013252556324e-03
1.136247068643569946e-03
1.079351291991770267e-03
1.038811053149402142e-03
9.489176445640623569e-04
8.828564314171671867e-04
8.216472342610359192e-04
7.627581362612545490e-04
7.133900071494281292e-04
6.810057093389332294e-04
6.567653617821633816e-04
6.387328030541539192e-04
6.226766854524612427e-04
6.096301949582993984e-04
5.982602597214281559e-04
5.868161679245531559e-04
5.763254594057798386e-04
5.689382669515907764e-04
5.619393778033554554e-04
5.563472514040768147e-04
5.512764910236001015e-04
5.515192751772701740e-04
5.474174977280199528e-04
5.409884615801274776e-04
5.131631623953580856e-04
