4.768733307719230652e-02
9.204981848597526550e-03
4.726657178252935410e-03
5.756092257797718048e-03
4.531608428806066513e-03
5.688129737973213196e-02
7.280379068106412888e-03
1.056233653798699379e-03
6.586819072254002094e-04
3.270979505032300949e-03
4.491614818107336760e-04
3.291444154456257820e-04
2.188736834796145558e-04
1.944924879353493452e-04
3.109446726739406586e-03
3.353946667630225420e-04
2.344107197131961584e-04
1.494998141424730420e-04
1.801599501050077379e-05
1.697566290204122197e-06
2.676782060007099062e-06
2.117773874488193542e-06
1.513411575615464244e-06
1.214243525282654446e-06
1.026965946948621422e-06
8.857464877110032830e-07
7.553130103588046040e-07
6.599998414458241314e-07
5.889539238523866516e-07
5.284969688545970712e-07
4.752116637973813340e-07
4.146263563598040491e-07
3.714290528478159104e-07
3.377942618953966303e-07
3.089153040036762832e-07
2.866632087261677952e-07
2.674718757589289453e-07
2.504164910988038173e-07
2.354304058371781139e-07
2.222109998228916083e-07
2.102705565221185680e-07
1.995755098960216856e-07
1.898903434494059184e-07
1.811478540503230761e-07
1.734156995780722355e-07
1.664749333940562792e-07
1.600223669129263726e-07
1.545972878602697165e-07
1.497111838943965267e-07
1.450270872282999335e-07
