9.661124944686889648e-01
9.886806011199951172e-01
9.876194000244140625e-01
9.875486493110656738e-01
9.841174483299255371e-01
9.851432442665100098e-01
9.866289496421813965e-01
9.861336946487426758e-01
9.891050457954406738e-01
9.889989495277404785e-01
9.877254962921142578e-01
9.891050457954406738e-01
9.873363971710205078e-01
9.878316521644592285e-01
9.900247454643249512e-01
9.880084991455078125e-01
9.876194000244140625e-01
9.876547455787658691e-01
9.873717427253723145e-01
9.900247454643249512e-01
9.871948957443237305e-01
9.870533943176269531e-01
9.868765473365783691e-01
9.857445955276489258e-01
9.861690998077392578e-01
9.858507513999938965e-01
9.852139949798583984e-01
9.846480488777160645e-01
9.841527938842773438e-01
9.837636947631835938e-01
9.832684993743896484e-01
9.827378988265991211e-01
9.824548959732055664e-01
9.820303916931152344e-01
9.817120432853698730e-01
9.818535447120666504e-01
9.819242954254150391e-01
9.816766977310180664e-01
9.813229441642761230e-01
9.816412925720214844e-01
9.812521934509277344e-01
9.807215929031372070e-01
9.807215929031372070e-01
9.806154966354370117e-01
9.805094003677368164e-01
9.802971482276916504e-01
9.805447459220886230e-01
9.802617430686950684e-01
9.801202416419982910e-01
9.800141453742980957e-01
