9.698598980903625488e-01
9.838686585426330566e-01
9.859912395477294922e-01
9.876892566680908203e-01
9.889627695083618164e-01
9.882552623748779297e-01
9.899532794952392578e-01
9.889627695083618164e-01
9.866987466812133789e-01
9.869817495346069336e-01
9.857082366943359375e-01
9.878307580947875977e-01
9.868402481079101562e-01
9.876892566680908203e-01
9.908023476600646973e-01
9.898117780685424805e-01
9.891042709350585938e-01
9.886797666549682617e-01
9.909438490867614746e-01
9.917928576469421387e-01
9.917928576469421387e-01
9.922173619270324707e-01
9.925003647804260254e-01
9.932078719139099121e-01
9.937738776206970215e-01
9.943398833274841309e-01
9.954718947410583496e-01
9.960379004478454590e-01
9.964624047279357910e-01
9.964624047279357910e-01
9.963209033012390137e-01
9.970284700393676758e-01
9.974529743194580078e-01
9.975944757461547852e-01
9.978774785995483398e-01
9.977359771728515625e-01
9.978774785995483398e-01
9.978774785995483398e-01
9.978774785995483398e-01
9.980189800262451172e-01
9.980189800262451172e-01
9.980189800262451172e-01
9.980189800262451172e-01
9.981604814529418945e-01
9.981604814529418945e-01
9.981604814529418945e-01
9.984434843063354492e-01
9.985849857330322266e-01
9.985849857330322266e-01
9.985849857330322266e-01
