5.102308511734008789e+00
4.795192718505859375e+00
4.813246011734008789e+00
1.264577507972717285e+01
4.717697858810424805e+00
5.035238504409790039e+00
4.652013778686523438e+00
4.741570711135864258e+00
4.822191238403320312e+00
5.133422851562500000e+00
4.782474279403686523e+00
4.983101844787597656e+00
4.879726886749267578e+00
4.920325517654418945e+00
4.933997154235839844e+00
4.730558156967163086e+00
6.997999668121337891e+00
4.841950416564941406e+00
4.748505592346191406e+00
4.797753810882568359e+00
4.902770757675170898e+00
4.879453420639038086e+00
4.866792440414428711e+00
4.934154748916625977e+00
1.520586037635803223e+01
5.040114164352416992e+00
4.877990961074829102e+00
4.931239843368530273e+00
1.593564629554748535e+01
4.809610128402709961e+00
5.023774385452270508e+00
4.770960092544555664e+00
5.322368860244750977e+00
4.790659904479980469e+00
4.765668630599975586e+00
5.149116754531860352e+00
5.032679796218872070e+00
4.811687946319580078e+00
5.147336959838867188e+00
4.786674976348876953e+00
5.051975011825561523e+00
5.130007982254028320e+00
4.920148372650146484e+00
5.078985214233398438e+00
4.820976018905639648e+00
4.948548793792724609e+00
1.141186380386352539e+01
5.055451154708862305e+00
4.979807615280151367e+00
6.083465576171875000e+00
