5.092753410339355469e+00
4.863948822021484375e+00
2.472126150131225586e+01
1.150091981887817383e+01
5.140190601348876953e+00
5.069990158081054688e+00
4.731404304504394531e+00
5.129576444625854492e+00
5.208627223968505859e+00
5.269804954528808594e+00
4.878038167953491211e+00
5.187335014343261719e+00
5.012854099273681641e+00
1.217798757553100586e+01
4.780014276504516602e+00
5.122063159942626953e+00
4.960409402847290039e+00
5.062398195266723633e+00
4.967441558837890625e+00
5.068865299224853516e+00
4.986371755599975586e+00
4.878493070602416992e+00
1.241154050827026367e+01
5.043975591659545898e+00
5.022496223449707031e+00
5.446503162384033203e+00
4.746429204940795898e+00
4.931720495223999023e+00
5.267224788665771484e+00
2.245279884338378906e+01
5.012006759643554688e+00
5.111752748489379883e+00
1.768537449836730957e+01
4.997591257095336914e+00
4.856009483337402344e+00
5.085884571075439453e+00
6.382333278656005859e+00
4.807783365249633789e+00
5.178241729736328125e+00
1.008548355102539062e+01
1.203949928283691406e+01
5.295006752014160156e+00
5.079848289489746094e+00
5.041959047317504883e+00
5.095874547958374023e+00
4.996702909469604492e+00
5.215648651123046875e+00
5.371829748153686523e+00
5.120064020156860352e+00
4.995709180831909180e+00
