4.854292154312133789e+00
5.017257690429687500e+00
5.063717842102050781e+00
5.099083185195922852e+00
4.753164052963256836e+00
4.763765573501586914e+00
4.695184707641601562e+00
4.814332962036132812e+00
4.854984998703002930e+00
4.741317510604858398e+00
5.023524045944213867e+00
4.736012220382690430e+00
4.526988506317138672e+00
1.405638051033020020e+01
4.832557439804077148e+00
4.649018526077270508e+00
4.758707761764526367e+00
4.721208810806274414e+00
4.843210935592651367e+00
4.841790676116943359e+00
4.857621669769287109e+00
4.951351165771484375e+00
5.026293992996215820e+00
4.910950899124145508e+00
4.822849273681640625e+00
4.779625177383422852e+00
4.859671592712402344e+00
4.549163103103637695e+00
4.674535751342773438e+00
4.920448541641235352e+00
4.524186611175537109e+00
4.834989786148071289e+00
4.898970365524291992e+00
4.888894081115722656e+00
4.521629333496093750e+00
4.554297447204589844e+00
2.316463375091552734e+01
1.367857336997985840e+01
4.681860208511352539e+00
4.696954965591430664e+00
4.524597883224487305e+00
4.694858551025390625e+00
4.578744411468505859e+00
4.515786886215209961e+00
4.875642061233520508e+00
4.814311981201171875e+00
4.795314073562622070e+00
4.515552282333374023e+00
4.561692476272583008e+00
4.836103916168212891e+00
