1.110162210464477539e+01
2.069866466522216797e+01
3.095053052902221680e+01
1.221965932846069336e+01
1.201391291618347168e+01
1.949764776229858398e+01
2.040163230895996094e+01
1.090707278251647949e+01
1.955421900749206543e+01
1.168330359458923340e+01
1.986493492126464844e+01
1.220042681694030762e+01
1.844380593299865723e+01
1.147131371498107910e+01
2.123840117454528809e+01
3.068345808982849121e+01
2.062881851196289062e+01
3.282524323463439941e+01
1.240760827064514160e+01
2.038833785057067871e+01
1.234003019332885742e+01
1.951183509826660156e+01
1.246821904182434082e+01
1.886353230476379395e+01
1.251347708702087402e+01
1.258020353317260742e+01
1.196439504623413086e+01
1.985944747924804688e+01
1.227033305168151855e+01
2.014092874526977539e+01
1.109753537178039551e+01
1.231200385093688965e+01
2.045895934104919434e+01
1.967141580581665039e+01
2.177577137947082520e+01
3.075062084197998047e+01
2.283800840377807617e+01
2.967093324661254883e+01
2.373013162612915039e+01
2.876115083694458008e+01
2.509143638610839844e+01
1.248889517784118652e+01
1.242512273788452148e+01
2.042999410629272461e+01
1.118840932846069336e+01
1.950738334655761719e+01
2.046063065528869629e+01
1.237235546112060547e+01
3.154347133636474609e+01
2.068863987922668457e+01
