8.107256889343261719e-02
4.205489158630371094e-02
4.366850852966308594e-02
5.116915702819824219e-02
6.678199768066406250e-02
4.369401931762695312e-02
3.890442848205566406e-02
4.823350906372070312e-02
7.786488533020019531e-02
7.763385772705078125e-02
3.168630599975585938e-02
3.784775733947753906e-02
5.646085739135742188e-02
9.700965881347656250e-02
5.690979957580566406e-02
9.091663360595703125e-02
3.832006454467773438e-02
3.986787796020507812e-02
6.435370445251464844e-02
5.753707885742187500e-02
3.544068336486816406e-02
9.252381324768066406e-02
3.969526290893554688e-02
7.418990135192871094e-02
3.691291809082031250e-02
8.336973190307617188e-02
5.852794647216796875e-02
5.637383460998535156e-02
7.821106910705566406e-02
3.359937667846679688e-02
4.086732864379882812e-02
4.503512382507324219e-02
2.005457878112792969e-02
2.233862876892089844e-02
3.653907775878906250e-02
2.944946289062500000e-02
7.031822204589843750e-02
3.924918174743652344e-02
4.358434677124023438e-02
7.110762596130371094e-02
1.431846618652343750e-02
1.724219322204589844e-02
5.229425430297851562e-02
9.263014793395996094e-02
2.580857276916503906e-02
7.576489448547363281e-02
4.992580413818359375e-02
4.854750633239746094e-02
2.642989158630371094e-02
7.482028007507324219e-02
6.523847579956054688e-02
1.330790519714355469e-01
4.193329811096191406e-02
1.954102516174316406e-02
4.397296905517578125e-02
8.350443840026855469e-02
7.314300537109375000e-02
4.984116554260253906e-02
8.001947402954101562e-02
7.626247406005859375e-02
5.446410179138183594e-02
4.371118545532226562e-02
8.207821846008300781e-02
5.665588378906250000e-02
8.656501770019531250e-03
1.346898078918457031e-02
6.070470809936523438e-02
4.817891120910644531e-02
3.336977958679199219e-02
8.860039710998535156e-02
6.473612785339355469e-02
5.573654174804687500e-02
3.003358840942382812e-02
7.920527458190917969e-02
6.732726097106933594e-02
4.985737800598144531e-02
3.218889236450195312e-03
7.077574729919433594e-02
9.147000312805175781e-02
3.897881507873535156e-02
7.659649848937988281e-02
6.137490272521972656e-02
5.486655235290527344e-02
4.157590866088867188e-02
5.524277687072753906e-02
8.225560188293457031e-02
6.901454925537109375e-02
4.213070869445800781e-02
5.036377906799316406e-02
8.724403381347656250e-02
6.395888328552246094e-02
9.910368919372558594e-02
1.035406589508056641e-01
1.112303733825683594e-01
4.612064361572265625e-02
6.552600860595703125e-02
3.433489799499511719e-02
5.539894104003906250e-02
7.764887809753417969e-02
9.392809867858886719e-02
