1.193196773529052734e-01
4.206871986389160156e-02
5.840396881103515625e-02
3.364014625549316406e-02
9.298372268676757812e-02
4.881858825683593750e-02
4.371690750122070312e-02
7.914519309997558594e-02
8.967041969299316406e-02
1.162180900573730469e-01
7.633042335510253906e-02
3.103089332580566406e-02
4.666519165039062500e-02
4.443097114562988281e-02
4.672074317932128906e-02
7.861995697021484375e-02
2.087426185607910156e-02
5.273032188415527344e-02
5.824160575866699219e-02
7.007169723510742188e-02
4.429578781127929688e-02
4.702091217041015625e-02
4.756641387939453125e-02
1.038303375244140625e-01
7.031655311584472656e-02
4.910421371459960938e-02
6.415987014770507812e-02
7.692527770996093750e-02
6.334257125854492188e-02
3.361892700195312500e-02
5.230998992919921875e-02
7.676339149475097656e-02
2.021503448486328125e-02
2.234864234924316406e-02
2.879548072814941406e-02
3.322792053222656250e-02
6.705665588378906250e-02
6.610465049743652344e-02
5.242013931274414062e-02
5.247879028320312500e-02
1.434254646301269531e-02
3.062057495117187500e-02
8.233046531677246094e-02
6.009960174560546875e-02
2.585172653198242188e-02
6.183052062988281250e-02
2.879023551940917969e-02
5.369830131530761719e-02
2.432918548583984375e-02
8.600163459777832031e-02
9.170794486999511719e-02
8.977127075195312500e-02
4.191470146179199219e-02
3.370857238769531250e-02
5.277037620544433594e-02
9.686660766601562500e-02
1.033859252929687500e-01
3.064775466918945312e-02
7.857203483581542969e-02
9.857106208801269531e-02
9.114360809326171875e-02
3.765320777893066406e-02
4.957222938537597656e-02
5.625963211059570312e-02
8.652687072753906250e-03
1.352071762084960938e-02
6.566309928894042969e-02
4.820871353149414062e-02
5.891537666320800781e-02
6.060719490051269531e-02
8.283948898315429688e-02
6.117272377014160156e-02
9.211158752441406250e-02
5.858731269836425781e-02
3.641247749328613281e-02
7.331490516662597656e-02
3.239154815673828125e-03
9.824824333190917969e-02
3.999757766723632812e-02
5.579018592834472656e-02
7.408475875854492188e-02
5.049967765808105469e-02
3.542232513427734375e-02
3.511977195739746094e-02
3.112196922302246094e-02
4.332208633422851562e-02
5.223035812377929688e-02
4.525208473205566406e-02
5.410909652709960938e-02
8.009266853332519531e-02
5.243945121765136719e-02
1.110720634460449219e-01
9.095168113708496094e-02
1.188170909881591797e-01
4.618668556213378906e-02
5.755233764648437500e-02
3.744244575500488281e-02
5.620002746582031250e-02
5.976009368896484375e-02
6.831121444702148438e-02
