5.256489515304565430e+00
5.018676280975341797e+00
4.684341907501220703e+00
4.476753950119018555e+00
4.760337591171264648e+00
5.161805629730224609e+00
5.186681747436523438e+00
1.057357668876647949e+01
4.739856004714965820e+00
4.822873353958129883e+00
4.545113325119018555e+00
4.691883563995361328e+00
5.150062799453735352e+00
4.972563982009887695e+00
4.955309391021728516e+00
5.089119434356689453e+00
5.026745557785034180e+00
5.029222726821899414e+00
5.068172693252563477e+00
2.241879034042358398e+01
5.025082826614379883e+00
5.185838460922241211e+00
2.107770419120788574e+01
4.806777000427246094e+00
4.738760709762573242e+00
5.227360248565673828e+00
5.058761835098266602e+00
1.210713744163513184e+01
4.945471525192260742e+00
1.367386555671691895e+01
4.721244335174560547e+00
4.910105466842651367e+00
4.741795778274536133e+00
4.688395023345947266e+00
1.242238497734069824e+01
4.708388805389404297e+00
4.711012840270996094e+00
4.870239019393920898e+00
1.211133193969726562e+01
4.930023670196533203e+00
1.351100134849548340e+01
5.093376159667968750e+00
5.107431888580322266e+00
4.812577724456787109e+00
1.464403510093688965e+01
4.945501565933227539e+00
1.362527346611022949e+01
4.497956991195678711e+00
1.326143693923950195e+01
2.455060744285583496e+01
