1.282379937171936035e+01
1.311043763160705566e+01
2.010203599929809570e+01
2.004624795913696289e+01
1.352628803253173828e+01
1.344354081153869629e+01
1.914155197143554688e+01
1.340058422088623047e+01
1.908025741577148438e+01
1.376500940322875977e+01
2.045941734313964844e+01
1.960373306274414062e+01
3.183396553993225098e+01
2.264073753356933594e+01
4.093895602226257324e+01
1.226522159576416016e+01
3.155689334869384766e+01
2.136065721511840820e+01
4.093817591667175293e+01
1.315429353713989258e+01
2.991834497451782227e+01
2.768724346160888672e+01
2.574946331977844238e+01
2.890090799331665039e+01
2.549592924118041992e+01
2.719078016281127930e+01
2.598216581344604492e+01
1.318854451179504395e+01
2.134831333160400391e+01
3.192466187477111816e+01
2.241021895408630371e+01
1.990709304809570312e+01
1.373313498497009277e+01
2.060682773590087891e+01
1.283226728439331055e+01
2.007870173454284668e+01
1.374979710578918457e+01
1.929055714607238770e+01
1.298524236679077148e+01
2.039929509162902832e+01
3.234411883354187012e+01
2.018291234970092773e+01
3.259372901916503906e+01
2.160200500488281250e+01
3.095034551620483398e+01
2.195059370994567871e+01
3.186333727836608887e+01
2.262794327735900879e+01
3.209593749046325684e+01
2.900354886054992676e+01
