1.241844248771667480e+01
1.278130817413330078e+01
1.372747755050659180e+01
1.312701225280761719e+01
2.041134953498840332e+01
2.176084351539611816e+01
4.093884086608886719e+01
1.234106087684631348e+01
4.093793845176696777e+01
1.253369903564453125e+01
3.150695204734802246e+01
2.295324921607971191e+01
4.093954133987426758e+01
2.046743965148925781e+01
2.512517905235290527e+01
2.212163829803466797e+01
4.562615704536437988e+01
4.882141280174255371e+01
8.189885187149047852e+01
1.223357200622558594e+01
4.829941010475158691e+01
8.189953374862670898e+01
1.384615254402160645e+01
8.190010499954223633e+01
1.245965385437011719e+01
4.500955891609191895e+01
1.233517217636108398e+01
1.941604042053222656e+01
4.094008874893188477e+01
1.213683772087097168e+01
4.094013762474060059e+01
1.241389036178588867e+01
2.310756516456604004e+01
3.233576107025146484e+01
4.093907094001770020e+01
1.258795833587646484e+01
2.744531202316284180e+01
2.731154322624206543e+01
4.093917512893676758e+01
1.356350350379943848e+01
2.668596100807189941e+01
1.380494904518127441e+01
2.146200132369995117e+01
3.348473644256591797e+01
1.968175148963928223e+01
3.231425333023071289e+01
1.990480065345764160e+01
1.368373703956604004e+01
1.941068410873413086e+01
2.029919576644897461e+01
