9.151442348957061768e-02
1.815400086343288422e-02
7.828249596059322357e-03
5.877687595784664154e-03
3.446911228820681572e-03
3.215031232684850693e-03
2.774166874587535858e-03
1.996570499613881111e-03
1.291100052185356617e-03
7.758876890875399113e-04
8.196772541850805283e-04
6.153815193101763725e-04
5.985373281873762608e-04
4.708571650553494692e-04
4.255328676663339138e-04
3.987729141954332590e-04
3.169646079186350107e-04
2.674768620636314154e-04
2.658203593455255032e-04
2.149843785446137190e-04
1.772504037944599986e-04
1.472413568990305066e-04
1.229166518896818161e-04
1.062282681232318282e-04
9.595786104910075665e-05
8.530519698979333043e-05
7.617939263582229614e-05
6.904330075485631824e-05
6.249405851121991873e-05
5.711010089726187289e-05
5.247703666100278497e-05
4.863129288423806429e-05
4.561826062854379416e-05
4.347806316218338907e-05
4.138715667068026960e-05
3.956654836656525731e-05
3.771654519368894398e-05
3.652216764749027789e-05
3.527264561853371561e-05
3.414766615605913103e-05
3.294632188044488430e-05
3.150047632516361773e-05
3.047249083465430886e-05
2.953216971945948899e-05
2.878153827623464167e-05
2.826977652148343623e-05
2.774783206405118108e-05
2.744025550782680511e-05
2.711225897655822337e-05
2.689934808586258441e-05
