9.898301959037780762e-01
9.908913969993591309e-01
9.915988445281982422e-01
9.926600456237792969e-01
9.936328530311584473e-01
9.961974024772644043e-01
9.941634535789489746e-01
9.943403005599975586e-01
9.934559464454650879e-01
9.930137991905212402e-01
9.935443997383117676e-01
9.939865469932556152e-01
9.933675527572631836e-01
9.931022524833679199e-01
9.941634535789489746e-01
9.934559464454650879e-01
9.943403005599975586e-01
9.947824478149414062e-01
9.949592947959899902e-01
9.955783486366271973e-01
9.954015016555786133e-01
9.954015016555786133e-01
9.957551956176757812e-01
9.961974024772644043e-01
9.956668019294738770e-01
9.955783486366271973e-01
9.967280030250549316e-01
9.972586035728454590e-01
9.972586035728454590e-01
9.969048500061035156e-01
