5.463583022356033325e-02
1.706454716622829437e-02
7.301990874111652374e-03
3.443465335294604301e-03
2.626728499308228493e-03
1.792362541891634464e-03
1.442339853383600712e-03
1.165251131169497967e-03
9.684736141934990883e-04
1.434981240890920162e-03
8.840580703690648079e-04
8.862207178026437759e-04
7.482082000933587551e-04
5.600246950052678585e-04
4.512119630817323923e-04
3.349896287545561790e-04
2.222707407781854272e-04
1.747038040775805712e-04
1.315556874033063650e-04
1.352777617285028100e-04
1.040576826198957860e-04
7.227077730931341648e-05
6.983888306422159076e-05
5.289730324875563383e-05
4.381326652946881950e-05
4.280708890291862190e-05
3.461624510237015784e-05
2.906462214014027268e-05
2.405969462415669113e-05
1.857217648648656905e-05
1.415000679116928950e-05
1.021091247821459547e-05
7.731165169388987124e-06
6.565271178260445595e-06
5.778863396699307486e-06
5.409362984210019931e-06
4.678294317272957414e-06
4.296505267120664939e-06
3.475184257695218548e-06
3.152980980303254910e-06
3.089651954724104144e-06
2.789943664538441226e-06
2.528459845052566379e-06
2.380949354119366035e-06
2.244892129965592176e-06
2.170319248762098141e-06
2.051376895906287245e-06
1.956597998287179507e-06
1.890980115604179446e-06
1.835511284298263490e-06
