6.451813876628875732e-02
3.086654543876647949e-01
3.993273153901100159e-02
1.359541621059179306e-02
2.715086564421653748e-03
5.904002318857237697e-05
1.053585765475872904e-05
9.182277608488220721e-06
5.908607818128075451e-06
4.326444923208327964e-06
3.309061139589175582e-05
4.549181994661921635e-06
2.935669044745736755e-06
2.293482339155161753e-06
1.684681592450942844e-06
1.329995257037808187e-06
1.155402742369915359e-06
1.008948061098635662e-06
8.181684734154259786e-07
6.812195465499826241e-07
6.527221216856560204e-07
5.830406166751345154e-07
5.058086571807507426e-07
4.585810415846935939e-07
4.565762026231823256e-07
4.472613852612994378e-07
4.017240371467778459e-07
3.081185582232137676e-07
2.717592906265053898e-07
2.469263051807502052e-07
2.237053280396139598e-07
1.808299003869251464e-07
1.485424974134730292e-07
1.645479983380937483e-07
1.315763142883952241e-07
1.069029309519464732e-07
9.023154490250817616e-08
8.873056600577911013e-08
7.266617529921859386e-08
6.635006855049141450e-08
5.652582402149164409e-08
5.919065770854103903e-08
5.386949908370297635e-08
4.849777823778822494e-08
4.509935891405802977e-08
4.029262257176924322e-08
3.905299905682113604e-08
3.551118510358719504e-08
3.538470849662189721e-08
3.275363269494846463e-08
