5.883563692569732666e+02
5.873252468109130859e+02
5.905749785900115967e+02
5.854763221740722656e+02
6.218771555423736572e+02
5.891360328197479248e+02
5.857473816871643066e+02
5.844193575382232666e+02
5.855297908782958984e+02
5.902871756553649902e+02
5.901255755424499512e+02
5.863422958850860596e+02
5.844623117446899414e+02
5.859986362457275391e+02
5.857360498905181885e+02
5.863425047397613525e+02
5.863174815177917480e+02
5.889259340763092041e+02
5.843038053512573242e+02
5.857878572940826416e+02
5.852850484848022461e+02
5.865845994949340820e+02
5.855321941375732422e+02
6.185166845321655273e+02
5.859025485515594482e+02
5.852796778678894043e+02
5.870283515453338623e+02
5.905103709697723389e+02
5.863790998458862305e+02
5.863192677497863770e+02
5.865329711437225342e+02
5.905759224891662598e+02
5.861507639884948730e+02
5.861615197658538818e+02
5.852074160575866699e+02
5.854395987987518311e+02
5.910473184585571289e+02
5.853528556823730469e+02
5.841151299476623535e+02
5.859828898906707764e+02
5.861479623317718506e+02
5.866476554870605469e+02
5.906740176677703857e+02
5.860463542938232422e+02
5.858080060482025146e+02
5.856103844642639160e+02
5.858593502044677734e+02
5.863812491893768311e+02
5.858276159763336182e+02
5.870538644790649414e+02
5.863925566673278809e+02
5.859448623657226562e+02
5.900721049308776855e+02
5.869538078308105469e+02
5.861256470680236816e+02
5.858471834659576416e+02
5.862533023357391357e+02
5.907137234210968018e+02
5.860203833580017090e+02
5.858651936054229736e+02
5.853042593002319336e+02
5.857198979854583740e+02
5.908603603839874268e+02
5.861133856773376465e+02
5.865501570701599121e+02
5.895987389087677002e+02
6.157746107578277588e+02
5.850804874897003174e+02
6.210331172943115234e+02
5.857163879871368408e+02
5.852962532043457031e+02
5.866539146900177002e+02
