2.046753954887390137e+01
1.131547570228576660e+01
1.243409061431884766e+01
1.920362877845764160e+01
1.208434724807739258e+01
1.994324493408203125e+01
1.237269854545593262e+01
2.047027468681335449e+01
1.127805519104003906e+01
2.045836329460144043e+01
1.275174784660339355e+01
3.102091240882873535e+01
2.045849394798278809e+01
1.114457583427429199e+01
1.244137191772460938e+01
1.216337013244628906e+01
1.214771246910095215e+01
1.950658464431762695e+01
2.052794480323791504e+01
3.144505953788757324e+01
1.228609323501586914e+01
1.911484479904174805e+01
1.292801070213317871e+01
1.857106328010559082e+01
1.232367324829101562e+01
1.931475353240966797e+01
2.045898866653442383e+01
2.046926617622375488e+01
1.125439405441284180e+01
1.195763301849365234e+01
2.016073155403137207e+01
2.045985794067382812e+01
1.138460397720336914e+01
2.045911383628845215e+01
1.236965250968933105e+01
1.200430655479431152e+01
2.045938277244567871e+01
2.046797275543212891e+01
1.094813966751098633e+01
1.101886272430419922e+01
1.941502237319946289e+01
2.093148493766784668e+01
3.093402791023254395e+01
2.097485327720642090e+01
1.221197557449340820e+01
1.923623919486999512e+01
1.254361915588378906e+01
2.022995495796203613e+01
1.242000365257263184e+01
1.235148620605468750e+01
