3.436651080846786499e-02
5.898631643503904343e-03
7.335786358453333378e-04
3.085241041844710708e-05
6.305475380941061303e-06
3.483866976239369251e-06
2.073105406452668831e-06
1.386413828186050523e-06
1.095973516385129187e-06
9.253470238945737947e-07
8.085745548669365235e-07
7.179899057518923655e-07
6.476275302702561021e-07
5.883695735064975452e-07
5.373710223466332536e-07
4.907041670776379760e-07
4.486721252305869712e-07
4.109896281079272740e-07
3.801343950726732146e-07
3.486379398509598104e-07
3.257399896483548218e-07
3.028753212674928363e-07
2.843272000063734595e-07
2.676335668638785137e-07
2.508723468963580672e-07
2.377026220301559079e-07
2.250723554197975318e-07
2.144486899169351091e-07
2.047355280865303939e-07
1.945839613881616970e-07
1.862703271626742207e-07
1.786143286608421477e-07
1.705535339624475455e-07
1.640441809058756917e-07
1.578046067152172327e-07
1.520371881724713603e-07
1.466407439920658362e-07
1.413454953080872656e-07
1.367247648431657581e-07
1.324413005932001397e-07
1.282252668488581548e-07
1.242116098865153617e-07
1.206363862138459808e-07
1.173815888932949747e-07
1.139412830752917216e-07
1.110911966861749534e-07
1.083085621189638914e-07
1.055596641208467190e-07
1.032998468986079388e-07
1.008544785463527660e-07
