2.088064432144165039e+00
1.670569539070129395e+00
1.407655477523803711e+00
1.346522212028503418e+00
1.258428335189819336e+00
1.213292241096496582e+00
1.161651849746704102e+00
1.130433917045593262e+00
1.090721487998962402e+00
1.049019694328308105e+00
1.046898603439331055e+00
1.006987452507019043e+00
9.996415972709655762e-01
1.054307103157043457e+00
1.055923938751220703e+00
9.967965483665466309e-01
9.582573771476745605e-01
9.166701436042785645e-01
8.979160785675048828e-01
8.745252490043640137e-01
8.538486361503601074e-01
8.377217054367065430e-01
8.222782611846923828e-01
8.433265089988708496e-01
7.903674840927124023e-01
7.716317772865295410e-01
7.451898455619812012e-01
7.375099062919616699e-01
7.100541591644287109e-01
9.851663112640380859e-01
7.649428844451904297e-01
7.210023999214172363e-01
6.885821223258972168e-01
6.695429086685180664e-01
6.498705148696899414e-01
6.514275074005126953e-01
6.176001429557800293e-01
6.033065319061279297e-01
5.970650315284729004e-01
5.904076695442199707e-01
7.902671098709106445e-01
6.636671423912048340e-01
5.606225132942199707e-01
5.307121872901916504e-01
5.066922307014465332e-01
5.094161629676818848e-01
5.036955475807189941e-01
6.327027082443237305e-01
4.674255251884460449e-01
4.415843188762664795e-01
4.161714911460876465e-01
3.854812383651733398e-01
3.761899471282958984e-01
3.936221301555633545e-01
4.127372503280639648e-01
3.715648651123046875e-01
3.152451217174530029e-01
2.930329442024230957e-01
2.785213291645050049e-01
2.742043435573577881e-01
2.410526424646377563e-01
2.793364226818084717e-01
1.086506962776184082e+00
9.388231039047241211e-01
5.251269936561584473e-01
3.654996752738952637e-01
2.794914543628692627e-01
2.340644896030426025e-01
2.434031367301940918e-01
2.701875269412994385e-01
2.805626690387725830e-01
2.448550462722778320e-01
2.368119508028030396e-01
1.458017677068710327e-01
1.170115917921066284e-01
1.260699927806854248e-01
1.487724035978317261e-01
6.508698463439941406e-01
1.796448826789855957e-01
1.057146191596984863e-01
9.392967820167541504e-02
8.006606251001358032e-02
9.334816783666610718e-02
1.081838160753250122e-01
1.296375691890716553e-01
1.517792344093322754e-01
1.639022529125213623e-01
1.039371788501739502e-01
1.003712117671966553e-01
1.793898791074752808e-01
1.377298682928085327e-01
9.775473922491073608e-02
5.749128013849258423e-02
7.642581313848495483e-02
8.760881423950195312e-02
7.906933128833770752e-02
2.270899116992950439e-01
5.072559118270874023e-01
2.098346054553985596e-01
6.171912699937820435e-02
