8.669812917709350586e+00
8.598947048187255859e+00
8.622035980224609375e+00
8.708736181259155273e+00
8.602862834930419922e+00
8.629327774047851562e+00
8.627275943756103516e+00
8.634310007095336914e+00
8.638556957244873047e+00
8.650501251220703125e+00
8.662593841552734375e+00
8.670917510986328125e+00
8.642321348190307617e+00
8.659925937652587891e+00
8.658740758895874023e+00
8.680577754974365234e+00
8.657481431961059570e+00
8.710331678390502930e+00
8.673342466354370117e+00
8.612861394882202148e+00
8.646889686584472656e+00
8.651755332946777344e+00
8.630338907241821289e+00
8.628920078277587891e+00
8.651918172836303711e+00
8.686787128448486328e+00
8.638044118881225586e+00
8.632562160491943359e+00
8.667951345443725586e+00
8.656159639358520508e+00
8.659137010574340820e+00
8.633389711380004883e+00
8.657932519912719727e+00
8.698975324630737305e+00
8.666450023651123047e+00
8.663243055343627930e+00
8.662371873855590820e+00
1.520696687698364258e+01
8.626887559890747070e+00
8.682382583618164062e+00
8.656316041946411133e+00
8.698869466781616211e+00
8.705210685729980469e+00
8.674724340438842773e+00
8.668493032455444336e+00
8.699621915817260742e+00
8.710530757904052734e+00
8.715516328811645508e+00
8.718683481216430664e+00
8.702294111251831055e+00
