1.379417490959167480e+01
1.385171556472778320e+01
1.373623204231262207e+01
1.400142741203308105e+01
1.400099349021911621e+01
1.397318625450134277e+01
1.409200716018676758e+01
2.004163622856140137e+01
1.396479392051696777e+01
1.391399526596069336e+01
1.375441265106201172e+01
1.376898813247680664e+01
1.395991778373718262e+01
1.389776110649108887e+01
1.398058676719665527e+01
1.395715832710266113e+01
1.395084977149963379e+01
1.399609708786010742e+01
1.393250918388366699e+01
1.395404076576232910e+01
1.398344326019287109e+01
1.396670913696289062e+01
1.384350395202636719e+01
1.392480349540710449e+01
1.393201255798339844e+01
1.394325494766235352e+01
1.390936899185180664e+01
1.399309062957763672e+01
1.407303857803344727e+01
1.407180857658386230e+01
1.391173934936523438e+01
1.376293897628784180e+01
1.384993553161621094e+01
1.388452768325805664e+01
1.391038537025451660e+01
1.369750261306762695e+01
1.396199703216552734e+01
1.393462228775024414e+01
2.013627934455871582e+01
1.397534847259521484e+01
1.404130125045776367e+01
1.383741593360900879e+01
1.397690057754516602e+01
1.406423950195312500e+01
1.399789047241210938e+01
1.416698527336120605e+01
1.409534573554992676e+01
1.385255861282348633e+01
1.395876693725585938e+01
1.406261658668518066e+01
