1.450946331024169922e-01
8.984613418579101562e-02
7.005929946899414062e-02
3.212063312530517578e-01
1.114943027496337891e-01
7.347607612609863281e-02
6.311964988708496094e-02
7.846403121948242188e-02
2.182710170745849609e-01
9.087681770324707031e-02
1.048381328582763672e-01
5.292582511901855469e-02
1.530737876892089844e-01
1.196906566619873047e-01
1.829047203063964844e-01
1.344017982482910156e-01
1.322226524353027344e-01
6.923866271972656250e-02
1.983022689819335938e-01
1.471850872039794922e-01
8.954977989196777344e-02
9.511733055114746094e-02
1.072578430175781250e-01
1.319730281829833984e-01
1.979312896728515625e-01
1.514642238616943359e-01
1.642758846282958984e-01
1.288506984710693359e-01
1.609797477722167969e-01
9.886336326599121094e-02
3.956341743469238281e-02
1.752824783325195312e-01
7.824134826660156250e-02
6.347465515136718750e-02
1.605403423309326172e-01
2.079591751098632812e-01
1.688573360443115234e-01
8.015751838684082031e-02
1.099581718444824219e-01
1.908504962921142578e-01
7.700157165527343750e-02
1.442072391510009766e-01
5.361843109130859375e-02
1.195387840270996094e-01
1.314470767974853516e-01
1.120581626892089844e-01
1.146950721740722656e-01
8.550024032592773438e-02
1.270065307617187500e-01
1.049900054931640625e-01
6.717038154602050781e-02
1.343986988067626953e-01
7.940721511840820312e-02
3.264307975769042969e-02
1.473815441131591797e-01
8.157038688659667969e-02
5.804228782653808594e-02
1.649327278137207031e-01
8.524084091186523438e-02
1.321868896484375000e-01
1.361916065216064453e-01
1.121141910552978516e-01
2.878508567810058594e-01
7.975792884826660156e-02
7.917904853820800781e-02
5.966329574584960938e-02
9.953999519348144531e-02
1.279056072235107422e-01
9.978127479553222656e-02
9.262323379516601562e-02
1.388618946075439453e-01
1.341526508331298828e-01
1.119465827941894531e-01
7.698774337768554688e-02
1.292543411254882812e-01
2.233245372772216797e-01
7.847213745117187500e-02
9.048724174499511719e-02
9.697031974792480469e-02
7.391285896301269531e-02
8.061480522155761719e-02
6.669235229492187500e-02
4.892015457153320312e-02
7.020473480224609375e-02
7.834482192993164062e-02
1.700105667114257812e-01
1.231646537780761719e-01
5.810928344726562500e-02
9.257125854492187500e-02
1.021225452423095703e-01
9.282732009887695312e-02
2.182478904724121094e-01
9.840297698974609375e-02
5.412745475769042969e-02
7.726168632507324219e-02
1.271760463714599609e-01
7.680034637451171875e-02
1.070778369903564453e-01
7.532048225402832031e-02
1.067240238189697266e-01
