2.049675703048706055e+01
2.043338418006896973e+01
4.090684175491333008e+01
2.391689181327819824e+01
4.090337371826171875e+01
1.687267923355102539e+01
4.096746158599853516e+01
1.860954403877258301e+01
4.090559434890747070e+01
2.370567536354064941e+01
3.193922257423400879e+01
4.094268083572387695e+01
1.884603810310363770e+01
2.372579312324523926e+01
4.091547274589538574e+01
1.787560057640075684e+01
3.600606870651245117e+01
2.409675931930541992e+01
3.001794910430908203e+01
1.952171492576599121e+01
3.325112080574035645e+01
2.790238738059997559e+01
4.091668152809143066e+01
2.086293792724609375e+01
2.353477525711059570e+01
3.225902748107910156e+01
4.091549921035766602e+01
2.042788720130920410e+01
4.090586400032043457e+01
1.695524072647094727e+01
4.090708208084106445e+01
2.040755391120910645e+01
4.090927720069885254e+01
1.651116013526916504e+01
2.025622558593750000e+01
3.061949014663696289e+01
2.627974867820739746e+01
4.089116048812866211e+01
1.972893214225769043e+01
3.096252965927124023e+01
1.927296018600463867e+01
4.090119504928588867e+01
2.043891334533691406e+01
4.090291953086853027e+01
1.709926342964172363e+01
4.091138982772827148e+01
4.090173506736755371e+01
1.870504450798034668e+01
3.037900161743164062e+01
2.516204810142517090e+01
3.194446969032287598e+01
2.725312709808349609e+01
4.088396358489990234e+01
2.962274932861328125e+01
2.678966450691223145e+01
2.866358399391174316e+01
4.090943574905395508e+01
1.689286518096923828e+01
2.415391469001770020e+01
2.783152699470520020e+01
3.104795718193054199e+01
3.523045086860656738e+01
3.020639872550964355e+01
2.313944458961486816e+01
2.617658710479736328e+01
4.088188576698303223e+01
2.091323590278625488e+01
4.092241096496582031e+01
1.789409518241882324e+01
3.057967376708984375e+01
3.551651740074157715e+01
2.818891668319702148e+01
3.198523020744323730e+01
3.338501858711242676e+01
2.762297701835632324e+01
3.151918911933898926e+01
3.012578678131103516e+01
4.087668132781982422e+01
2.349636769294738770e+01
3.001800775527954102e+01
2.507038521766662598e+01
2.910336875915527344e+01
2.819465041160583496e+01
4.088815999031066895e+01
1.934898066520690918e+01
2.104703068733215332e+01
3.577089166641235352e+01
2.131562471389770508e+01
3.330288124084472656e+01
2.420979094505310059e+01
3.354005694389343262e+01
2.435437345504760742e+01
3.092711186408996582e+01
4.090074872970581055e+01
1.994292950630187988e+01
4.088880228996276855e+01
1.648117089271545410e+01
2.442078495025634766e+01
4.091012072563171387e+01
2.045643687248229980e+01
