9.282196760177612305e+00
9.219330787658691406e+00
9.060397863388061523e+00
9.217249631881713867e+00
9.143572092056274414e+00
9.065764188766479492e+00
9.144435644149780273e+00
9.010658264160156250e+00
8.984613180160522461e+00
9.042983293533325195e+00
9.026272058486938477e+00
9.017499446868896484e+00
8.994406223297119141e+00
9.105120182037353516e+00
8.958255767822265625e+00
9.153534650802612305e+00
9.022233247756958008e+00
9.066814184188842773e+00
8.962542057037353516e+00
8.968463182449340820e+00
9.080618143081665039e+00
9.084697961807250977e+00
9.779240131378173828e+00
9.048178434371948242e+00
8.991401433944702148e+00
8.966683626174926758e+00
9.073645353317260742e+00
9.018624067306518555e+00
9.074021339416503906e+00
9.062062263488769531e+00
