1.004699543118476868e-01
5.247670784592628479e-02
5.066340416669845581e-02
4.560512304306030273e-02
4.238469153642654419e-02
4.031054675579071045e-02
3.690500184893608093e-02
3.555118292570114136e-02
3.417231515049934387e-02
3.300157189369201660e-02
3.022445552051067352e-02
3.020289354026317596e-02
2.650948613882064819e-02
2.723228745162487030e-02
2.788587473332881927e-02
2.619981206953525543e-02
2.629970572888851166e-02
2.615387737751007080e-02
2.866346202790737152e-02
2.697513625025749207e-02
2.566239424049854279e-02
2.236349321901798248e-02
2.208668552339076996e-02
1.809854619204998016e-02
1.426647789776325226e-02
1.307621132582426071e-02
1.117044966667890549e-02
9.741320274770259857e-03
9.057773277163505554e-03
8.299291133880615234e-03
7.492230739444494247e-03
6.983352359384298325e-03
6.546854041516780853e-03
6.081146188080310822e-03
5.537104792892932892e-03
4.992499947547912598e-03
4.612879827618598938e-03
4.320675041526556015e-03
4.157637711614370346e-03
3.901012241840362549e-03
3.710023825988173485e-03
3.531652502715587616e-03
3.403034294024109840e-03
3.274890128523111343e-03
3.175934311002492905e-03
3.091248683631420135e-03
3.026107093319296837e-03
2.951231552287936211e-03
2.900441642850637436e-03
2.851526718586683273e-03
