5.005650997161865234e+00
5.031053543090820312e+00
1.538797140121459961e+01
1.334697866439819336e+01
4.916697740554809570e+00
4.870059251785278320e+00
4.925202846527099609e+00
4.921588420867919922e+00
5.029896974563598633e+00
4.806672096252441406e+00
5.109687089920043945e+00
1.221994137763977051e+01
1.100625371932983398e+01
4.939902782440185547e+00
5.574422597885131836e+00
5.006798028945922852e+00
4.816966533660888672e+00
5.110327243804931641e+00
5.064186811447143555e+00
4.951460838317871094e+00
4.845305919647216797e+00
4.903089523315429688e+00
5.716963052749633789e+00
1.311200284957885742e+01
5.050929546356201172e+00
4.991136074066162109e+00
6.136861562728881836e+00
4.946710586547851562e+00
4.888283014297485352e+00
4.719264745712280273e+00
6.109818220138549805e+00
4.881587266921997070e+00
5.173073768615722656e+00
1.315963411331176758e+01
5.180073022842407227e+00
1.405150580406188965e+01
5.003868103027343750e+00
5.477046728134155273e+00
4.823796987533569336e+00
5.271749258041381836e+00
5.021366834640502930e+00
4.675827741622924805e+00
5.308422565460205078e+00
5.271022319793701172e+00
4.848909139633178711e+00
1.219176459312438965e+01
1.271837759017944336e+01
5.042776346206665039e+00
4.911975622177124023e+00
1.335445189476013184e+01
