1.569380664825439453e+01
1.515668940544128418e+01
1.553516221046447754e+01
1.529706835746765137e+01
1.512913775444030762e+01
1.518480038642883301e+01
1.517457914352416992e+01
1.557473921775817871e+01
1.522723340988159180e+01
3.292035746574401855e+01
1.528879070281982422e+01
1.558421707153320312e+01
1.523910355567932129e+01
2.679451441764831543e+01
1.522992420196533203e+01
1.517137551307678223e+01
1.540166711807250977e+01
1.539443492889404297e+01
1.578020215034484863e+01
1.543608856201171875e+01
1.559179401397705078e+01
3.254092860221862793e+01
1.506162738800048828e+01
2.641804552078247070e+01
1.492108464241027832e+01
1.548986363410949707e+01
1.526357531547546387e+01
1.540552949905395508e+01
1.574172735214233398e+01
1.549702548980712891e+01
1.567913627624511719e+01
1.548021340370178223e+01
1.538792443275451660e+01
1.535513997077941895e+01
1.571605062484741211e+01
1.527916121482849121e+01
2.500917887687683105e+01
1.489698767662048340e+01
3.048901772499084473e+01
3.539544320106506348e+01
1.539162731170654297e+01
1.531909823417663574e+01
2.934772682189941406e+01
1.536716890335083008e+01
3.127526831626892090e+01
1.555444169044494629e+01
1.529574704170227051e+01
1.537970638275146484e+01
1.528478646278381348e+01
1.541516661643981934e+01
1.524373364448547363e+01
1.565822601318359375e+01
1.498258972167968750e+01
1.505859780311584473e+01
1.552980446815490723e+01
3.442063379287719727e+01
1.897582554817199707e+01
1.492852711677551270e+01
1.527445220947265625e+01
1.503498840332031250e+01
2.182867336273193359e+01
1.520236539840698242e+01
1.531975173950195312e+01
1.530015754699707031e+01
1.505130505561828613e+01
1.515698027610778809e+01
1.565267848968505859e+01
1.506779289245605469e+01
1.563165760040283203e+01
1.561620998382568359e+01
1.526083183288574219e+01
1.579818701744079590e+01
2.613712453842163086e+01
1.513627433776855469e+01
1.574408459663391113e+01
1.549197459220886230e+01
1.516316318511962891e+01
3.062871813774108887e+01
1.553252649307250977e+01
1.519675898551940918e+01
1.520533156394958496e+01
1.572961997985839844e+01
2.709163856506347656e+01
1.506625699996948242e+01
1.538976407051086426e+01
1.515942931175231934e+01
2.417997169494628906e+01
1.516114783287048340e+01
1.522255849838256836e+01
1.570603227615356445e+01
2.342214989662170410e+01
1.576883125305175781e+01
1.550288820266723633e+01
2.765717840194702148e+01
3.383204102516174316e+01
1.923694038391113281e+01
1.542022967338562012e+01
1.555846810340881348e+01
1.542341065406799316e+01
2.551727795600891113e+01
