1.552993249893188477e+01
1.492144536972045898e+01
1.516084766387939453e+01
1.514170837402343750e+01
1.507391571998596191e+01
1.547371244430541992e+01
1.510883808135986328e+01
1.550630021095275879e+01
1.492406535148620605e+01
1.518169665336608887e+01
1.527690362930297852e+01
1.516483879089355469e+01
1.483208584785461426e+01
1.504910397529602051e+01
1.529727125167846680e+01
3.559490871429443359e+01
1.514616775512695312e+01
3.247000098228454590e+01
1.520325899124145508e+01
1.546684360504150391e+01
2.437973046302795410e+01
1.535122799873352051e+01
1.518979358673095703e+01
1.486545562744140625e+01
1.498115944862365723e+01
1.490272283554077148e+01
1.485669708251953125e+01
1.558027338981628418e+01
1.481682157516479492e+01
1.534194040298461914e+01
2.483116579055786133e+01
1.539849781990051270e+01
1.516312193870544434e+01
1.472625756263732910e+01
1.515773200988769531e+01
2.597208905220031738e+01
1.522268056869506836e+01
1.486080312728881836e+01
2.903169822692871094e+01
3.356102633476257324e+01
1.503507709503173828e+01
1.496143794059753418e+01
2.962813043594360352e+01
1.505295443534851074e+01
1.545397305488586426e+01
1.492983865737915039e+01
2.908241200447082520e+01
1.520143723487854004e+01
3.482923579216003418e+01
1.526571059226989746e+01
1.480984067916870117e+01
1.487597513198852539e+01
1.480561852455139160e+01
3.166647386550903320e+01
1.545293235778808594e+01
1.509740257263183594e+01
1.499692702293395996e+01
1.526619815826416016e+01
1.538258624076843262e+01
1.517059850692749023e+01
2.194808769226074219e+01
1.514884448051452637e+01
1.485895204544067383e+01
1.535852694511413574e+01
1.484083151817321777e+01
3.184771680831909180e+01
1.527794361114501953e+01
1.501503825187683105e+01
2.961008620262145996e+01
1.547981715202331543e+01
2.631942749023437500e+01
1.494974255561828613e+01
1.530303645133972168e+01
1.513216185569763184e+01
3.557982110977172852e+01
1.483964943885803223e+01
1.484942269325256348e+01
2.530660176277160645e+01
1.475109219551086426e+01
2.997680401802062988e+01
1.503469300270080566e+01
3.080174946784973145e+01
1.890239381790161133e+01
3.175021243095397949e+01
1.506339120864868164e+01
3.337137818336486816e+01
1.521434617042541504e+01
2.586035990715026855e+01
1.500205230712890625e+01
1.845865488052368164e+01
2.429118990898132324e+01
1.538134193420410156e+01
1.467169499397277832e+01
1.538629484176635742e+01
1.504501485824584961e+01
1.512738609313964844e+01
1.551842713356018066e+01
1.540326380729675293e+01
1.533792018890380859e+01
1.502285647392272949e+01
