1.765874028205871582e+01
1.739194560050964355e+01
1.977930188179016113e+01
1.748269486427307129e+01
1.984483265876770020e+01
1.748826026916503906e+01
1.741264772415161133e+01
1.746509718894958496e+01
1.746665740013122559e+01
1.744915747642517090e+01
1.744020986557006836e+01
1.989011430740356445e+01
1.744383668899536133e+01
1.741706180572509766e+01
1.755709481239318848e+01
1.745954275131225586e+01
1.748523402214050293e+01
1.907162308692932129e+01
1.751810121536254883e+01
1.766915631294250488e+01
1.765348625183105469e+01
1.750112032890319824e+01
1.746029925346374512e+01
1.987857151031494141e+01
1.743436837196350098e+01
1.737294173240661621e+01
1.744687724113464355e+01
1.742586660385131836e+01
1.745846056938171387e+01
1.746416354179382324e+01
1.742022919654846191e+01
2.009227633476257324e+01
1.755368804931640625e+01
1.896956491470336914e+01
1.992597389221191406e+01
1.748658609390258789e+01
1.751185798645019531e+01
1.747864198684692383e+01
1.982964468002319336e+01
1.741916608810424805e+01
1.738189888000488281e+01
1.970708727836608887e+01
1.744885706901550293e+01
1.737319540977478027e+01
1.982983326911926270e+01
1.752549624443054199e+01
1.972810125350952148e+01
1.748762178421020508e+01
1.737244844436645508e+01
1.742106556892395020e+01
