1.031177759170532227e+01
1.089319729804992676e+01
1.948371696472167969e+01
2.045992183685302734e+01
1.165286850929260254e+01
2.028454351425170898e+01
2.045796585083007812e+01
1.094618654251098633e+01
4.094265151023864746e+01
1.013739991188049316e+01
2.059905719757080078e+01
3.034548068046569824e+01
4.093885540962219238e+01
1.024802184104919434e+01
2.317437434196472168e+01
2.831975317001342773e+01
2.305554008483886719e+01
2.966994237899780273e+01
2.152607369422912598e+01
4.093936944007873535e+01
2.045901179313659668e+01
2.016201376914978027e+01
2.994548916816711426e+01
2.108580064773559570e+01
4.093907809257507324e+01
1.030527424812316895e+01
3.023529076576232910e+01
2.064829516410827637e+01
2.910826826095581055e+01
2.196697783470153809e+01
4.093897509574890137e+01
1.127021265029907227e+01
2.702567481994628906e+01
2.475259256362915039e+01
2.617975926399230957e+01
2.605611968040466309e+01
2.455471158027648926e+01
2.645134544372558594e+01
4.093904304504394531e+01
9.639097929000854492e+00
2.580300784111022949e+01
2.480977559089660645e+01
2.657403755187988281e+01
2.464734601974487305e+01
4.093935632705688477e+01
2.046690988540649414e+01
1.500130510330200195e+01
4.093907928466796875e+01
1.006670355796813965e+01
2.843027400970458984e+01
