1.280904817581176758e+01
2.029178595542907715e+01
2.045963597297668457e+01
2.046762204170227051e+01
1.474926853179931641e+01
1.448080706596374512e+01
1.987004280090332031e+01
1.869580507278442383e+01
1.342975306510925293e+01
2.147881388664245605e+01
3.323115754127502441e+01
2.007191252708435059e+01
4.093940114974975586e+01
1.513744902610778809e+01
3.160320806503295898e+01
2.299745702743530273e+01
4.093870949745178223e+01
1.457833695411682129e+01
2.045897078514099121e+01
3.370498061180114746e+01
2.182534790039062500e+01
4.093838810920715332e+01
1.519672989845275879e+01
3.418568205833435059e+01
1.840351867675781250e+01
1.502089881896972656e+01
1.993014454841613770e+01
1.557498502731323242e+01
1.817921042442321777e+01
1.695536828041076660e+01
1.522015690803527832e+01
1.477323031425476074e+01
1.353051304817199707e+01
2.084338760375976562e+01
3.341891288757324219e+01
4.094028854370117188e+01
2.046840620040893555e+01
1.635899710655212402e+01
3.539332222938537598e+01
2.026007676124572754e+01
2.075719761848449707e+01
1.391752052307128906e+01
1.915356016159057617e+01
1.444025444984436035e+01
2.041154384613037109e+01
1.468444204330444336e+01
2.002143120765686035e+01
2.046831130981445312e+01
1.342417454719543457e+01
1.863683223724365234e+01
