5.552692338824272156e-02
1.024804916232824326e-02
6.071941461414098740e-03
1.918626716360449791e-03
1.939052832312881947e-03
3.329658880829811096e-03
3.029588144272565842e-03
1.033314852975308895e-03
1.128562726080417633e-03
1.187246059998869896e-03
5.887568695470690727e-04
2.844526898115873337e-04
1.004594727419316769e-03
5.748413386754691601e-04
4.947404377162456512e-04
2.045795699814334512e-04
1.853915891842916608e-04
3.962103510275483131e-04
1.919585629366338253e-04
1.603862328920513391e-04
1.389204262522980571e-04
1.161503751063719392e-04
1.069036297849379480e-04
8.989017078420147300e-05
7.787810318404808640e-05
6.627346010645851493e-05
5.479044557432644069e-05
4.448590698302723467e-05
3.837898839265108109e-05
3.326186197227798402e-05
