3.761261403560638428e-01
5.112612843513488770e-01
5.994208455085754395e-01
6.660231947898864746e-01
7.458172440528869629e-01
8.034105300903320312e-01
8.690476417541503906e-01
9.121621847152709961e-01
9.321106672286987305e-01
9.601029753684997559e-01
9.745817184448242188e-01
9.871299862861633301e-01
9.942085146903991699e-01
9.964607357978820801e-01
9.980695247650146484e-01
9.967824816703796387e-01
9.990347623825073242e-01
9.990347623825073242e-01
1.000000000000000000e+00
9.990347623825073242e-01
9.993565082550048828e-01
9.996782541275024414e-01
9.996782541275024414e-01
9.974259734153747559e-01
1.000000000000000000e+00
9.993565082550048828e-01
9.990347623825073242e-01
9.996782541275024414e-01
1.000000000000000000e+00
9.993565082550048828e-01
9.996782541275024414e-01
9.996782541275024414e-01
9.996782541275024414e-01
1.000000000000000000e+00
1.000000000000000000e+00
9.990347623825073242e-01
1.000000000000000000e+00
9.996782541275024414e-01
1.000000000000000000e+00
9.996782541275024414e-01
1.000000000000000000e+00
9.996782541275024414e-01
9.996782541275024414e-01
9.993565082550048828e-01
9.996782541275024414e-01
9.987130165100097656e-01
9.993565082550048828e-01
9.996782541275024414e-01
1.000000000000000000e+00
9.993565082550048828e-01
9.990347623825073242e-01
1.000000000000000000e+00
9.990347623825073242e-01
9.993565082550048828e-01
9.990347623825073242e-01
1.000000000000000000e+00
1.000000000000000000e+00
9.996782541275024414e-01
1.000000000000000000e+00
1.000000000000000000e+00
9.996782541275024414e-01
1.000000000000000000e+00
1.000000000000000000e+00
1.000000000000000000e+00
1.000000000000000000e+00
9.993565082550048828e-01
1.000000000000000000e+00
1.000000000000000000e+00
9.993565082550048828e-01
1.000000000000000000e+00
9.996782541275024414e-01
1.000000000000000000e+00
1.000000000000000000e+00
1.000000000000000000e+00
1.000000000000000000e+00
9.993565082550048828e-01
1.000000000000000000e+00
9.993565082550048828e-01
9.983912706375122070e-01
9.996782541275024414e-01
9.996782541275024414e-01
9.987130165100097656e-01
9.996782541275024414e-01
9.996782541275024414e-01
1.000000000000000000e+00
1.000000000000000000e+00
9.996782541275024414e-01
9.996782541275024414e-01
9.996782541275024414e-01
1.000000000000000000e+00
9.996782541275024414e-01
9.996782541275024414e-01
1.000000000000000000e+00
9.996782541275024414e-01
9.993565082550048828e-01
9.996782541275024414e-01
9.996782541275024414e-01
9.996782541275024414e-01
9.996782541275024414e-01
1.000000000000000000e+00
