2.296380996704101562e+00
2.114267587661743164e+00
1.828812003135681152e+00
1.769677996635437012e+00
1.759130358695983887e+00
1.766957163810729980e+00
1.736240386962890625e+00
1.707672595977783203e+00
1.580111622810363770e+00
1.506335616111755371e+00
1.430688381195068359e+00
1.410671830177307129e+00
1.383817315101623535e+00
1.363347053527832031e+00
1.333823323249816895e+00
1.313072085380554199e+00
1.290500640869140625e+00
1.287482023239135742e+00
1.279629707336425781e+00
1.258273005485534668e+00
1.221420049667358398e+00
1.221646666526794434e+00
1.224578499794006348e+00
1.206424593925476074e+00
1.188651680946350098e+00
1.169367551803588867e+00
1.176767945289611816e+00
1.170448780059814453e+00
1.165778279304504395e+00
1.129626631736755371e+00
1.103139877319335938e+00
1.092766165733337402e+00
1.099829316139221191e+00
1.071144104003906250e+00
1.070101499557495117e+00
1.062665820121765137e+00
1.055192947387695312e+00
1.028759717941284180e+00
1.020901918411254883e+00
1.029974937438964844e+00
9.765877723693847656e-01
1.015133619308471680e+00
9.893029332160949707e-01
9.847137928009033203e-01
9.988691210746765137e-01
9.401283264160156250e-01
9.275622963905334473e-01
9.021126627922058105e-01
9.269539713859558105e-01
9.164939522743225098e-01
8.637219071388244629e-01
9.432454109191894531e-01
9.227733612060546875e-01
8.437133431434631348e-01
8.301707506179809570e-01
8.351233005523681641e-01
8.225378990173339844e-01
7.973862886428833008e-01
1.420570611953735352e+00
2.078318834304809570e+00
1.713006019592285156e+00
1.553032159805297852e+00
1.377353906631469727e+00
1.283316969871520996e+00
1.241045951843261719e+00
1.143200159072875977e+00
1.127096056938171387e+00
1.088492631912231445e+00
1.083291172981262207e+00
1.047645688056945801e+00
1.023430824279785156e+00
9.883965849876403809e-01
9.770002365112304688e-01
9.453815817832946777e-01
9.324158430099487305e-01
9.431304931640625000e-01
9.324364066123962402e-01
8.672105073928833008e-01
8.690017461776733398e-01
8.692570924758911133e-01
8.033375144004821777e-01
8.239941000938415527e-01
7.890197038650512695e-01
7.639784216880798340e-01
7.411339282989501953e-01
7.227919101715087891e-01
7.191256880760192871e-01
6.850488781929016113e-01
6.982510685920715332e-01
6.515377163887023926e-01
6.332907676696777344e-01
6.346561312675476074e-01
6.116023063659667969e-01
6.133385896682739258e-01
5.724458098411560059e-01
5.389362573623657227e-01
5.327751636505126953e-01
5.113591551780700684e-01
4.900796115398406982e-01
5.066012740135192871e-01
