2.980707287788391113e-01
5.000000000000000000e-01
5.000000000000000000e-01
5.000000000000000000e-01
5.000000000000000000e-01
5.000000000000000000e-01
5.141479372978210449e-01
5.334405303001403809e-01
5.771704316139221191e-01
5.967845916748046875e-01
5.324758887290954590e-01
6.067523956298828125e-01
6.115755438804626465e-01
6.321543455123901367e-01
6.276527047157287598e-01
6.340836286544799805e-01
6.533762216567993164e-01
6.469453573226928711e-01
6.575562953948974609e-01
6.536977291107177734e-01
6.768488883972167969e-01
6.681671738624572754e-01
6.771703958511352539e-01
6.569131612777709961e-01
6.929260492324829102e-01
6.861736178398132324e-01
6.983922719955444336e-01
6.929260492324829102e-01
7.073954939842224121e-01
7.093247771263122559e-01
7.093247771263122559e-01
7.228295803070068359e-01
7.154340744018554688e-01
7.260450124740600586e-01
7.372990250587463379e-01
7.501607537269592285e-01
7.385852336883544922e-01
7.318328022956848145e-01
7.601286172866821289e-01
7.652733325958251953e-01
7.787781357765197754e-01
7.630224823951721191e-01
7.864951491355895996e-01
7.819935679435729980e-01
7.781350612640380859e-01
7.852090001106262207e-01
8.012861609458923340e-01
8.144694566726684570e-01
8.147910237312316895e-01
8.003215193748474121e-01
7.839228510856628418e-01
8.295819759368896484e-01
8.360128402709960938e-01
8.237941861152648926e-01
8.379421234130859375e-01
8.607717156410217285e-01
8.569132089614868164e-01
8.524115681648254395e-01
8.733118772506713867e-01
8.926045298576354980e-01
8.929260373115539551e-01
8.964630365371704102e-01
9.028939008712768555e-01
8.861736059188842773e-01
9.083601236343383789e-01
9.163987040519714355e-01
9.295819997787475586e-01
9.083601236343383789e-01
9.167202711105346680e-01
9.241157770156860352e-01
9.540193080902099609e-01
9.562700986862182617e-01
9.543408155441284180e-01
9.543408155441284180e-01
9.675241112709045410e-01
9.762057662010192871e-01
9.575562477111816406e-01
9.694533944129943848e-01
9.842443466186523438e-01
9.858520627021789551e-01
9.884244203567504883e-01
9.665594696998596191e-01
9.749196171760559082e-01
9.803858399391174316e-01
9.488745927810668945e-01
8.977491855621337891e-01
9.565916657447814941e-01
9.620578885078430176e-01
9.800643324851989746e-01
9.954984188079833984e-01
9.929260611534118652e-01
9.967845678329467773e-01
9.954984188079833984e-01
9.977492094039916992e-01
1.000000000000000000e+00
9.996784329414367676e-01
9.967845678329467773e-01
9.993569254875183105e-01
1.000000000000000000e+00
1.000000000000000000e+00
