6.091284751892089844e-02
2.830910682678222656e-02
3.865790367126464844e-02
8.994054794311523438e-02
7.912063598632812500e-02
6.523752212524414062e-02
1.093797683715820312e-01
5.702042579650878906e-02
1.358644962310791016e-01
7.660818099975585938e-02
1.003019809722900391e-01
3.960371017456054688e-02
8.418774604797363281e-02
5.348467826843261719e-02
3.854513168334960938e-02
1.264448165893554688e-01
7.381749153137207031e-02
5.150699615478515625e-02
1.200978755950927734e-01
1.309182643890380859e-01
6.648755073547363281e-02
7.932806015014648438e-02
3.142476081848144531e-02
2.709865570068359375e-02
8.186292648315429688e-02
1.534826755523681641e-01
6.195902824401855469e-02
4.338788986206054688e-02
6.716609001159667969e-02
1.135261058807373047e-01
6.414914131164550781e-02
1.328256130218505859e-01
1.977610588073730469e-02
7.425308227539062500e-02
8.053922653198242188e-02
6.911301612854003906e-02
8.792734146118164062e-02
7.722759246826171875e-02
2.763628959655761719e-02
8.839583396911621094e-02
4.110264778137207031e-02
1.010892391204833984e-01
1.083905696868896484e-01
8.270144462585449219e-02
5.815720558166503906e-02
5.442738533020019531e-02
8.956170082092285156e-02
1.252269744873046875e-02
2.577853202819824219e-02
9.811520576477050781e-02
7.692837715148925781e-02
5.788326263427734375e-02
8.093142509460449219e-02
1.348495483398437500e-01
6.987261772155761719e-02
5.821156501770019531e-02
9.861707687377929688e-02
7.968568801879882812e-02
6.125640869140625000e-02
1.168906688690185547e-01
8.776426315307617188e-02
9.710955619812011719e-02
1.774191856384277344e-02
6.060194969177246094e-02
2.773404121398925781e-02
8.398222923278808594e-02
5.353426933288574219e-02
8.405423164367675781e-02
1.116416454315185547e-01
5.847883224487304688e-02
1.333189010620117188e-02
1.122817993164062500e-01
1.378817558288574219e-01
1.167004108428955078e-01
1.334996223449707031e-01
4.579353332519531250e-02
7.884430885314941406e-02
7.700943946838378906e-02
1.108648777008056641e-01
4.196357727050781250e-02
5.486845970153808594e-02
6.556248664855957031e-02
8.621191978454589844e-02
5.062556266784667969e-02
7.118749618530273438e-02
2.889084815979003906e-02
2.570724487304687500e-02
5.054855346679687500e-02
1.128833293914794922e-01
4.643440246582031250e-02
4.741072654724121094e-02
6.643104553222656250e-02
8.111953735351562500e-02
1.056931018829345703e-01
8.186888694763183594e-02
5.762696266174316406e-02
8.501005172729492188e-02
5.603075027465820312e-02
2.849102020263671875e-02
2.146720886230468750e-02
