1.307085490226745605e+01
1.402675867080688477e+01
2.020633506774902344e+01
1.316746068000793457e+01
1.319382762908935547e+01
1.935284781455993652e+01
1.385843181610107422e+01
2.044985032081604004e+01
3.239366602897644043e+01
2.190319824218750000e+01
1.928587698936462402e+01
2.045914316177368164e+01
1.347567129135131836e+01
1.842924833297729492e+01
1.366192507743835449e+01
1.409978413581848145e+01
1.933364486694335938e+01
2.133176469802856445e+01
3.222621917724609375e+01
2.269794178009033203e+01
4.733754563331604004e+01
4.831450796127319336e+01
4.731017780303955078e+01
4.776209998130798340e+01
4.762268805503845215e+01
8.189714121818542480e+01
1.265620207786560059e+01
4.585119819641113281e+01
4.932381033897399902e+01
4.644340586662292480e+01
5.221167373657226562e+01
4.149470520019531250e+01
5.201912188529968262e+01
4.213725590705871582e+01
5.180400371551513672e+01
4.372731184959411621e+01
1.309930133819580078e+01
2.055115246772766113e+01
3.287394142150878906e+01
1.996250057220458984e+01
1.384098219871520996e+01
1.922343993186950684e+01
1.409186577796936035e+01
1.943369722366333008e+01
3.408771514892578125e+01
1.893768024444580078e+01
1.384217953681945801e+01
2.004016661643981934e+01
1.377824497222900391e+01
1.935267949104309082e+01
