4.999157905578613281e+00
4.741353034973144531e+00
4.872166395187377930e+00
5.315154552459716797e+00
5.190196275711059570e+00
5.050622224807739258e+00
4.845284938812255859e+00
4.657521009445190430e+00
4.621310949325561523e+00
4.332019567489624023e+00
5.646585464477539062e+00
4.546066761016845703e+00
4.737764596939086914e+00
5.089549303054809570e+00
5.041519641876220703e+00
4.637929201126098633e+00
4.681578636169433594e+00
4.888923883438110352e+00
4.635945081710815430e+00
4.702718496322631836e+00
5.087822198867797852e+00
3.820295357704162598e+01
4.877436637878417969e+00
4.693712472915649414e+00
5.173610448837280273e+00
5.029870748519897461e+00
5.167865991592407227e+00
4.817215919494628906e+00
4.724869251251220703e+00
4.836438179016113281e+00
5.178367853164672852e+00
4.976727008819580078e+00
3.411679553985595703e+01
5.302191495895385742e+00
3.502284669876098633e+01
4.876659393310546875e+00
5.217332839965820312e+00
4.899805784225463867e+00
4.838243961334228516e+00
4.793277263641357422e+00
4.829143524169921875e+00
7.051438808441162109e+00
4.715231418609619141e+00
4.744148015975952148e+00
4.858250856399536133e+00
4.873291730880737305e+00
1.248622274398803711e+01
5.003079891204833984e+00
1.119125723838806152e+01
4.739546537399291992e+00
