1.058843135833740234e-01
6.680655479431152344e-02
2.639322280883789062e-01
2.534534931182861328e-01
7.306504249572753906e-02
1.086211204528808594e-01
1.454732418060302734e-01
1.110396385192871094e-01
1.057770252227783203e-01
2.488009929656982422e-01
1.771252155303955078e-01
1.034805774688720703e-01
1.288564205169677734e-01
1.143112182617187500e-01
9.340429306030273438e-02
1.285564899444580078e-01
1.305897235870361328e-01
8.001828193664550781e-02
1.193423271179199219e-01
7.714629173278808594e-02
1.259250640869140625e-01
2.197027206420898438e-01
1.341814994812011719e-01
1.105334758758544922e-01
1.335701942443847656e-01
7.059621810913085938e-02
1.554400920867919922e-01
1.317355632781982422e-01
1.442093849182128906e-01
1.233582496643066406e-01
1.363863945007324219e-01
1.536893844604492188e-01
7.542586326599121094e-02
1.619248390197753906e-01
4.681134223937988281e-02
1.253371238708496094e-01
6.880116462707519531e-02
1.580224037170410156e-01
8.982586860656738281e-02
1.286566257476806641e-01
1.172916889190673828e-01
1.294581890106201172e-01
7.791829109191894531e-02
2.268702983856201172e-01
2.696757316589355469e-01
1.105773448944091797e-01
9.174060821533203125e-02
9.968852996826171875e-02
8.744621276855468750e-02
7.234525680541992188e-02
6.407308578491210938e-02
9.043598175048828125e-02
2.131011486053466797e-01
8.911299705505371094e-02
9.214091300964355469e-02
1.743462085723876953e-01
1.663379669189453125e-01
1.349492073059082031e-01
1.835711002349853516e-01
1.210122108459472656e-01
1.417047977447509766e-01
8.470082283020019531e-02
8.006072044372558594e-02
1.568744182586669922e-01
8.836960792541503906e-02
6.794834136962890625e-02
1.155929565429687500e-01
1.354749202728271484e-01
1.331746578216552734e-01
5.469679832458496094e-02
1.389489173889160156e-01
5.811071395874023438e-02
1.315953731536865234e-01
4.513645172119140625e-02
6.072664260864257812e-02
3.449044227600097656e-01
1.485877037048339844e-01
9.853959083557128906e-02
1.045408248901367188e-01
9.792947769165039062e-02
2.039167881011962891e-01
3.746552467346191406e-01
1.242501735687255859e-01
1.044516563415527344e-01
1.381309032440185547e-01
4.583072662353515625e-02
1.195127964019775391e-01
1.095578670501708984e-01
1.637120246887207031e-01
1.873002052307128906e-01
1.818349361419677734e-01
2.940869331359863281e-02
9.276175498962402344e-02
1.654553413391113281e-02
1.359977722167968750e-01
1.445231437683105469e-01
1.231520175933837891e-01
1.269145011901855469e-01
9.601545333862304688e-02
2.168343067169189453e-01
