1.678302597999572754e+01
2.043808817863464355e+01
1.965146660804748535e+01
3.302096581459045410e+01
2.745684528350830078e+01
2.801023554801940918e+01
4.092157578468322754e+01
1.929060840606689453e+01
2.444558858871459961e+01
4.091556406021118164e+01
2.039917993545532227e+01
2.744340705871582031e+01
2.575538849830627441e+01
2.712987899780273438e+01
2.557967090606689453e+01
4.089993929862976074e+01
2.044225955009460449e+01
3.010249042510986328e+01
2.801947689056396484e+01
2.614009594917297363e+01
4.088758897781372070e+01
1.668966364860534668e+01
4.089668846130371094e+01
2.922770071029663086e+01
2.685783743858337402e+01
3.036526465415954590e+01
2.375770807266235352e+01
3.201950287818908691e+01
2.474258661270141602e+01
2.693875765800476074e+01
4.090844774246215820e+01
2.519724750518798828e+01
2.725151920318603516e+01
2.806138205528259277e+01
3.278791785240173340e+01
3.364453172683715820e+01
2.057404470443725586e+01
3.459642815589904785e+01
2.375966286659240723e+01
3.547508454322814941e+01
2.536784195899963379e+01
2.876980543136596680e+01
4.092179894447326660e+01
1.947060799598693848e+01
2.594455146789550781e+01
2.979774641990661621e+01
4.092811703681945801e+01
1.680882763862609863e+01
2.088652157783508301e+01
2.888429880142211914e+01
2.281300783157348633e+01
3.468131709098815918e+01
2.102484655380249023e+01
4.095994710922241211e+01
4.089535260200500488e+01
1.648544120788574219e+01
2.046193981170654297e+01
3.182813096046447754e+01
4.090314483642578125e+01
2.045354604721069336e+01
2.373900532722473145e+01
3.258053612709045410e+01
2.315497279167175293e+01
3.295823550224304199e+01
2.554703760147094727e+01
4.090805196762084961e+01
1.699974441528320312e+01
3.263376474380493164e+01
2.475679659843444824e+01
3.369312906265258789e+01
2.142990779876708984e+01
3.294027733802795410e+01
2.353196096420288086e+01
3.419249701499938965e+01
4.095109653472900391e+01
1.647156238555908203e+01
4.091365790367126465e+01
1.796911835670471191e+01
2.046375536918640137e+01
3.221914434432983398e+01
2.714295053482055664e+01
3.160326981544494629e+01
4.090223455429077148e+01
2.042751407623291016e+01
1.989319515228271484e+01
4.090832901000976562e+01
1.639375948905944824e+01
3.245945596694946289e+01
2.153494215011596680e+01
3.272127699851989746e+01
2.903512644767761230e+01
3.366658473014831543e+01
1.641258406639099121e+01
3.278659915924072266e+01
2.715916991233825684e+01
3.271536827087402344e+01
2.850745844841003418e+01
4.091667294502258301e+01
4.089888978004455566e+01
2.044619798660278320e+01
