9.896507024765014648e+00
1.199220085144042969e+01
2.126465630531311035e+01
3.048478102684020996e+01
2.965848159790039062e+01
1.281135940551757812e+01
1.856105613708496094e+01
2.045882058143615723e+01
2.045952892303466797e+01
1.144366478919982910e+01
4.093941831588745117e+01
1.180705595016479492e+01
4.093893504142761230e+01
2.046709442138671875e+01
1.900654244422912598e+01
1.203572702407836914e+01
2.045850038528442383e+01
4.093935751914978027e+01
1.120768404006958008e+01
3.101077485084533691e+01
2.041836905479431152e+01
2.038476228713989258e+01
4.093980431556701660e+01
2.046319174766540527e+01
2.231557202339172363e+01
4.093870544433593750e+01
1.102629876136779785e+01
2.817170310020446777e+01
2.255181241035461426e+01
3.050621438026428223e+01
4.093925213813781738e+01
1.130115699768066406e+01
2.177300119400024414e+01
4.093936014175415039e+01
1.131111311912536621e+01
3.065245747566223145e+01
2.968254780769348145e+01
3.039814543724060059e+01
2.149922084808349609e+01
2.045885515213012695e+01
1.191769027709960938e+01
2.068365621566772461e+01
3.237024021148681641e+01
2.065505290031433105e+01
3.189905571937561035e+01
2.016514849662780762e+01
2.045887231826782227e+01
1.094409847259521484e+01
2.045852208137512207e+01
2.045866155624389648e+01
