6.594181060791015625e-03
6.988024711608886719e-02
6.006479263305664062e-03
6.381988525390625000e-03
6.308555603027343750e-03
9.816265106201171875e-02
6.090402603149414062e-03
5.922317504882812500e-03
1.155900955200195312e-02
6.296634674072265625e-03
4.537606239318847656e-02
7.146549224853515625e-02
6.264209747314453125e-03
9.431028366088867188e-02
6.150245666503906250e-03
4.710721969604492188e-02
6.187915802001953125e-03
6.104707717895507812e-03
2.039074897766113281e-02
6.052255630493164062e-03
6.114482879638671875e-03
6.050109863281250000e-03
1.245114803314208984e-01
6.859326362609863281e-02
5.899190902709960938e-03
1.439285278320312500e-02
4.678392410278320312e-02
6.107807159423828125e-03
6.021499633789062500e-03
1.795315742492675781e-02
7.329702377319335938e-03
5.958080291748046875e-03
6.227016448974609375e-03
6.301164627075195312e-03
7.697629928588867188e-02
6.025075912475585938e-03
6.219863891601562500e-03
1.508545875549316406e-02
4.097676277160644531e-02
7.905006408691406250e-03
6.172895431518554688e-03
6.198883056640625000e-03
6.120204925537109375e-03
6.034183502197265625e-02
8.451724052429199219e-02
5.560302734375000000e-02
6.113290786743164062e-03
5.303978919982910156e-02
3.416323661804199219e-02
1.899886131286621094e-02
