9.345093965530395508e+00
1.105908536911010742e+01
2.046969509124755859e+01
4.004981493949890137e+01
1.954121351242065430e+01
9.944540262222290039e+00
1.954125976562500000e+01
1.682391119003295898e+01
1.159406805038452148e+01
1.913196134567260742e+01
2.055568408966064453e+01
4.004168248176574707e+01
1.069018673896789551e+01
2.975448369979858398e+01
2.857030272483825684e+01
9.947156429290771484e+00
1.955544948577880859e+01
2.931601333618164062e+01
2.141323733329772949e+01
3.031551527976989746e+01
1.960133481025695801e+01
1.959336185455322266e+01
3.183580231666564941e+01
2.714838576316833496e+01
2.208045196533203125e+01
2.890218424797058105e+01
2.232054352760314941e+01
4.002974772453308105e+01
9.332453727722167969e+00
2.919737553596496582e+01
4.004221987724304199e+01
1.954486608505249023e+01
1.267187952995300293e+01
2.940811467170715332e+01
4.004527854919433594e+01
1.078273177146911621e+01
2.886067414283752441e+01
2.953566455841064453e+01
2.023648118972778320e+01
1.925881791114807129e+01
1.952971196174621582e+01
1.125392317771911621e+01
3.164568042755126953e+01
1.984532117843627930e+01
3.107494926452636719e+01
1.889613175392150879e+01
1.956082201004028320e+01
1.005065488815307617e+01
1.954448366165161133e+01
1.951728367805480957e+01
