9.667515754699707031e-01
9.830220937728881836e-01
9.937747716903686523e-01
9.919354915618896484e-01
9.978777766227722168e-01
9.975947737693786621e-01
9.966044425964355469e-01
9.974533319473266602e-01
9.991511106491088867e-01
9.981607198715209961e-01
9.980192184448242188e-01
9.980192184448242188e-01
9.981607198715209961e-01
9.984436631202697754e-01
9.990096092224121094e-01
9.994340538978576660e-01
9.994340538978576660e-01
9.995755553245544434e-01
9.997170567512512207e-01
9.997170567512512207e-01
9.997170567512512207e-01
9.994340538978576660e-01
9.994340538978576660e-01
9.992926120758056641e-01
9.994340538978576660e-01
9.994340538978576660e-01
9.994340538978576660e-01
9.994340538978576660e-01
9.994340538978576660e-01
9.992926120758056641e-01
9.991511106491088867e-01
9.990096092224121094e-01
9.990096092224121094e-01
9.988681674003601074e-01
9.990096092224121094e-01
9.990096092224121094e-01
9.990096092224121094e-01
9.990096092224121094e-01
9.990096092224121094e-01
9.991511106491088867e-01
9.990096092224121094e-01
9.990096092224121094e-01
9.990096092224121094e-01
9.990096092224121094e-01
9.990096092224121094e-01
9.990096092224121094e-01
9.990096092224121094e-01
9.990096092224121094e-01
9.990096092224121094e-01
9.990096092224121094e-01
