9.676004648208618164e-01
9.862761497497558594e-01
9.940577149391174316e-01
9.889643192291259766e-01
9.961799383163452148e-01
9.968873858451843262e-01
9.956140518188476562e-01
9.978777766227722168e-01
9.974533319473266602e-01
9.974533319473266602e-01
9.980192184448242188e-01
9.980192184448242188e-01
9.975947737693786621e-01
9.981607198715209961e-01
9.985851645469665527e-01
9.987266659736633301e-01
9.994340538978576660e-01
9.990096092224121094e-01
9.995755553245544434e-01
9.995755553245544434e-01
9.995755553245544434e-01
9.997170567512512207e-01
9.995755553245544434e-01
9.992926120758056641e-01
9.991511106491088867e-01
9.992926120758056641e-01
9.992926120758056641e-01
9.994340538978576660e-01
9.992926120758056641e-01
9.991511106491088867e-01
9.991511106491088867e-01
9.991511106491088867e-01
9.991511106491088867e-01
9.990096092224121094e-01
9.991511106491088867e-01
9.991511106491088867e-01
9.992926120758056641e-01
9.992926120758056641e-01
9.992926120758056641e-01
9.991511106491088867e-01
9.991511106491088867e-01
9.990096092224121094e-01
9.990096092224121094e-01
9.990096092224121094e-01
9.990096092224121094e-01
9.990096092224121094e-01
9.991511106491088867e-01
9.991511106491088867e-01
9.991511106491088867e-01
9.991511106491088867e-01
