9.700013995170593262e-01
9.891042709350585938e-01
9.956133961677551270e-01
9.974529743194580078e-01
9.956133961677551270e-01
9.985849857330322266e-01
9.984434843063354492e-01
9.978774785995483398e-01
9.992924928665161133e-01
9.988679885864257812e-01
9.992924928665161133e-01
9.995754957199096680e-01
9.995754957199096680e-01
9.997169971466064453e-01
9.997169971466064453e-01
9.997169971466064453e-01
9.998584985733032227e-01
9.997169971466064453e-01
9.998584985733032227e-01
1.000000000000000000e+00
1.000000000000000000e+00
1.000000000000000000e+00
1.000000000000000000e+00
1.000000000000000000e+00
1.000000000000000000e+00
1.000000000000000000e+00
1.000000000000000000e+00
1.000000000000000000e+00
1.000000000000000000e+00
1.000000000000000000e+00
1.000000000000000000e+00
1.000000000000000000e+00
1.000000000000000000e+00
1.000000000000000000e+00
1.000000000000000000e+00
1.000000000000000000e+00
1.000000000000000000e+00
