5.626417323946952820e-02
3.414076194167137146e-02
2.875131554901599884e-02
9.932337328791618347e-03
6.089087575674057007e-03
5.374950356781482697e-03
8.071701973676681519e-03
2.261770190671086311e-03
1.603173906914889812e-03
1.075325184501707554e-03
5.323304212652146816e-04
8.202811004593968391e-04
2.975111419800668955e-04
4.498333873925730586e-05
1.651800266699865460e-05
1.070994221663568169e-05
7.584965715068392456e-06
5.667247933160979301e-06
4.479173185245599598e-06
3.659517005871748552e-06
3.063802068936638534e-06
2.615354333102004603e-06
2.266766387037932873e-06
1.989525117096491158e-06
1.764590820130251814e-06
1.579984768795839045e-06
1.413438326380855870e-06
1.263621129510283936e-06
1.171437588709522970e-06
1.086125621441169642e-06
1.007135551844839938e-06
9.175835202768212184e-07
8.635571475679171272e-07
8.111632041618577205e-07
7.489369977520254906e-07
7.105566055543022230e-07
6.741536253684898838e-07
6.279620947680086829e-07
5.962020850347471423e-07
5.636031232825189363e-07
5.410856260823493358e-07
5.197767336539982352e-07
4.905909918306861073e-07
4.719419450793793658e-07
4.493207086397887906e-07
4.328435352363158017e-07
4.144309286857605912e-07
3.999574857971310848e-07
3.842555429400817957e-07
3.717862284702277975e-07
