8.845689296722412109e-01
6.450257301330566406e-01
6.150250434875488281e-01
7.536680698394775391e-01
7.452223300933837891e-01
6.291401386260986328e-01
7.027623653411865234e-01
8.613629341125488281e-01
7.780518531799316406e-01
5.735130310058593750e-01
8.812394142150878906e-01
5.548086166381835938e-01
6.026451587677001953e-01
7.420499324798583984e-01
7.764618396759033203e-01
5.220785140991210938e-01
6.678614616394042969e-01
7.033390998840332031e-01
5.801444053649902344e-01
7.905054092407226562e-01
6.183140277862548828e-01
6.455190181732177734e-01
6.329305171966552734e-01
7.170269489288330078e-01
6.796064376831054688e-01
9.470024108886718750e-01
6.669363975524902344e-01
6.412715911865234375e-01
6.226947307586669922e-01
6.985151767730712891e-01
7.612245082855224609e-01
7.342011928558349609e-01
8.046700954437255859e-01
9.124159812927246094e-01
6.734220981597900391e-01
5.682609081268310547e-01
6.554684638977050781e-01
7.795684337615966797e-01
6.181802749633789062e-01
5.470793247222900391e-01
5.587997436523437500e-01
8.110022544860839844e-01
6.723651885986328125e-01
8.639173507690429688e-01
6.510903835296630859e-01
8.293271064758300781e-01
6.030876636505126953e-01
8.159708976745605469e-01
8.369450569152832031e-01
6.645827293395996094e-01
