7.855784893035888672e-01
6.400887966156005859e-01
5.946073532104492188e-01
7.420954704284667969e-01
7.477095127105712891e-01
6.123220920562744141e-01
6.858222484588623047e-01
8.048555850982666016e-01
7.213554382324218750e-01
5.888202190399169922e-01
8.719303607940673828e-01
5.204417705535888672e-01
5.600335597991943359e-01
7.396855354309082031e-01
8.073468208312988281e-01
5.326921939849853516e-01
6.829619407653808594e-01
6.870071887969970703e-01
5.322365760803222656e-01
7.981200218200683594e-01
6.407170295715332031e-01
6.103708744049072266e-01
6.604588031768798828e-01
6.702630519866943359e-01
6.188285350799560547e-01
9.379534721374511719e-01
6.560201644897460938e-01
6.512379646301269531e-01
6.130180358886718750e-01
7.091901302337646484e-01
7.674036026000976562e-01
7.242245674133300781e-01
8.106558322906494141e-01
9.102644920349121094e-01
6.630203723907470703e-01
5.029416084289550781e-01
6.765954494476318359e-01
7.808585166931152344e-01
6.207437515258789062e-01
5.102314949035644531e-01
5.398049354553222656e-01
8.064641952514648438e-01
6.454153060913085938e-01
8.083627223968505859e-01
6.037547588348388672e-01
8.172099590301513672e-01
6.073961257934570312e-01
8.381178379058837891e-01
7.753865718841552734e-01
6.285674571990966797e-01
