1.005341768264770508e+00
9.069650173187255859e-01
8.360319137573242188e-01
8.923883438110351562e-01
8.018338680267333984e-01
9.635491371154785156e-01
1.085178375244140625e+00
9.444606304168701172e-01
9.870905876159667969e-01
8.793311119079589844e-01
9.825832843780517578e-01
1.087847948074340820e+00
7.512447834014892578e-01
8.755006790161132812e-01
7.703566551208496094e-01
8.802020549774169922e-01
1.035469055175781250e+00
1.019809484481811523e+00
8.153271675109863281e-01
1.044091939926147461e+00
1.069674968719482422e+00
1.180841445922851562e+00
9.146416187286376953e-01
9.386932849884033203e-01
7.325448989868164062e-01
1.018116474151611328e+00
7.342815399169921875e-01
1.032990694046020508e+00
7.125127315521240234e-01
1.053938388824462891e+00
9.236419200897216797e-01
7.825024127960205078e-01
1.161073207855224609e+00
7.979140281677246094e-01
1.199441671371459961e+00
8.782341480255126953e-01
1.061634540557861328e+00
1.156866073608398438e+00
9.446992874145507812e-01
1.051469802856445312e+00
6.145920753479003906e-01
1.369843721389770508e+00
1.043821811676025391e+00
9.963214397430419922e-01
8.114416599273681641e-01
1.042851448059082031e+00
1.035851478576660156e+00
1.167770385742187500e+00
7.553467750549316406e-01
9.197154045104980469e-01
