1.281309771537780762e+01
1.955657577514648438e+01
1.330530762672424316e+01
2.107678842544555664e+01
3.330917000770568848e+01
2.082403445243835449e+01
3.268544006347656250e+01
2.032649731636047363e+01
1.360759854316711426e+01
2.027409267425537109e+01
1.352544260025024414e+01
2.037581992149353027e+01
1.364240980148315430e+01
2.041690039634704590e+01
3.363836145401000977e+01
2.113372063636779785e+01
2.045914411544799805e+01
1.330468034744262695e+01
3.224929642677307129e+01
1.990280890464782715e+01
1.434577536582946777e+01
2.089598894119262695e+01
3.166609072685241699e+01
2.139025998115539551e+01
3.169757509231567383e+01
2.143922734260559082e+01
4.093874359130859375e+01
1.282273697853088379e+01
3.267820024490356445e+01
2.067607140541076660e+01
3.287078738212585449e+01
2.158085608482360840e+01
3.144810509681701660e+01
2.177661919593811035e+01
3.159969544410705566e+01
2.152475285530090332e+01
4.093883109092712402e+01
1.398923707008361816e+01
1.325766301155090332e+01
1.959797763824462891e+01
1.838183712959289551e+01
1.624472475051879883e+01
1.784251594543457031e+01
2.027529072761535645e+01
1.344333720207214355e+01
1.906561636924743652e+01
1.975146126747131348e+01
1.388950014114379883e+01
2.002069830894470215e+01
1.350279903411865234e+01
