2.385688564777374268e+02
2.602430441379547119e+02
3.218356559276580811e+02
2.391568489074707031e+02
2.798853187561035156e+02
2.833481914997100830e+02
2.764120388031005859e+02
2.868427596092224121e+02
3.218656501770019531e+02
2.408208451271057129e+02
2.912035160064697266e+02
3.218619945049285889e+02
2.465511271953582764e+02
2.697243201732635498e+02
2.925766041278839111e+02
3.218658690452575684e+02
2.371381623744964600e+02
2.686358838081359863e+02
2.885429897308349609e+02
2.878489723205566406e+02
3.218705773353576660e+02
2.365872621536254883e+02
2.750386993885040283e+02
2.602339365482330322e+02
2.739251596927642822e+02
2.747007832527160645e+02
3.218654975891113281e+02
2.429805090427398682e+02
3.218682672977447510e+02
2.384511694908142090e+02
2.792140929698944092e+02
2.812610421180725098e+02
3.218427379131317139e+02
2.402871985435485840e+02
2.824397032260894775e+02
2.760611937046051025e+02
3.218608005046844482e+02
2.368681805133819580e+02
2.944216744899749756e+02
2.672365128993988037e+02
2.948892631530761719e+02
2.817628941535949707e+02
2.935214183330535889e+02
2.720042552947998047e+02
2.882300190925598145e+02
3.218356440067291260e+02
2.394272537231445312e+02
2.843948676586151123e+02
2.791248996257781982e+02
2.722249090671539307e+02
2.643356573581695557e+02
2.835724673271179199e+02
2.791657233238220215e+02
2.460055072307586670e+02
2.794591984748840332e+02
2.861206209659576416e+02
2.713160908222198486e+02
3.218514263629913330e+02
2.416675808429718018e+02
3.218677003383636475e+02
2.618734221458435059e+02
3.218427500724792480e+02
2.381732895374298096e+02
3.218797931671142578e+02
2.383033010959625244e+02
2.743827755451202393e+02
2.723252677917480469e+02
3.218422832489013672e+02
2.389180197715759277e+02
2.735942761898040771e+02
2.819717798233032227e+02
3.218674011230468750e+02
2.399557664394378662e+02
2.618793315887451172e+02
2.729237852096557617e+02
2.624590601921081543e+02
3.218456971645355225e+02
2.503976588249206543e+02
2.541917183399200439e+02
2.793489406108856201e+02
3.218914053440093994e+02
2.618867113590240479e+02
2.577000262737274170e+02
2.586870052814483643e+02
2.735048420429229736e+02
2.893672156333923340e+02
3.218670005798339844e+02
2.618659734725952148e+02
2.618888981342315674e+02
2.774477934837341309e+02
2.708124513626098633e+02
2.586778845787048340e+02
3.218879134654998779e+02
2.373485550880432129e+02
3.218707971572875977e+02
2.618628859519958496e+02
2.618507187366485596e+02
2.720521187782287598e+02
2.629890725612640381e+02
2.842331149578094482e+02
