2.134386539459228516e+00
1.109780192375183105e+00
8.775268793106079102e-01
8.463144898414611816e-01
8.481093049049377441e-01
8.260577321052551270e-01
8.225273489952087402e-01
8.052644133567810059e-01
7.934884428977966309e-01
7.729477286338806152e-01
7.529653906822204590e-01
7.569959759712219238e-01
7.362681627273559570e-01
7.213960886001586914e-01
7.041020989418029785e-01
6.867510080337524414e-01
6.779039502143859863e-01
6.571114659309387207e-01
6.384172439575195312e-01
6.230803132057189941e-01
6.190892457962036133e-01
6.120225787162780762e-01
6.053814888000488281e-01
6.042465567588806152e-01
5.923902988433837891e-01
5.848905444145202637e-01
5.906358957290649414e-01
5.814646482467651367e-01
5.752221345901489258e-01
5.717526674270629883e-01
5.745121240615844727e-01
5.665217041969299316e-01
5.697984695434570312e-01
5.634938478469848633e-01
5.606849193572998047e-01
5.592154860496520996e-01
5.602537393569946289e-01
5.571240186691284180e-01
5.584456324577331543e-01
5.532244443893432617e-01
5.521535277366638184e-01
5.540087223052978516e-01
5.518150925636291504e-01
5.519061088562011719e-01
5.503449440002441406e-01
5.495006442070007324e-01
5.487896203994750977e-01
5.477501153945922852e-01
5.480131506919860840e-01
5.471997857093811035e-01
5.464303493499755859e-01
5.457627177238464355e-01
5.456317067146301270e-01
5.454889535903930664e-01
5.455166697502136230e-01
5.452551245689392090e-01
5.454050302505493164e-01
5.446435213088989258e-01
5.444635152816772461e-01
5.444965958595275879e-01
5.440765023231506348e-01
5.439019203186035156e-01
5.437136292457580566e-01
5.436670780181884766e-01
5.438145995140075684e-01
5.436580181121826172e-01
5.436483025550842285e-01
5.433011054992675781e-01
5.432709455490112305e-01
5.431788563728332520e-01
5.431624650955200195e-01
5.430637001991271973e-01
5.430510044097900391e-01
5.430514812469482422e-01
5.429958105087280273e-01
5.429509878158569336e-01
5.429276227951049805e-01
5.429211258888244629e-01
5.428668260574340820e-01
5.428643822669982910e-01
5.428454279899597168e-01
5.428103208541870117e-01
5.427882075309753418e-01
5.427616238594055176e-01
5.427736043930053711e-01
5.427172183990478516e-01
5.427261590957641602e-01
5.427241921424865723e-01
5.427037477493286133e-01
5.426958203315734863e-01
5.426793694496154785e-01
5.426846742630004883e-01
5.426746606826782227e-01
5.426670908927917480e-01
5.426696538925170898e-01
5.426580905914306641e-01
5.426567196846008301e-01
5.426536202430725098e-01
5.426445603370666504e-01
5.426443219184875488e-01
