2.073924541473388672e-01
2.664198875427246094e-01
2.005183696746826172e-01
3.958621025085449219e-01
1.884467601776123047e-01
1.781439781188964844e-01
3.667373657226562500e-01
1.768341064453125000e-01
2.763340473175048828e-01
2.214627265930175781e-01
2.205126285552978516e-01
2.763938903808593750e-01
2.443521022796630859e-01
1.906547546386718750e-01
3.047058582305908203e-01
2.263576984405517578e-01
2.579894065856933594e-01
1.979365348815917969e-01
2.670927047729492188e-01
2.366573810577392578e-01
2.700874805450439453e-01
2.755820751190185547e-01
2.209329605102539062e-01
2.519965171813964844e-01
2.846963405609130859e-01
1.526162624359130859e-01
2.066297531127929688e-01
3.360056877136230469e-01
3.287808895111083984e-01
2.333950996398925781e-01
2.302477359771728516e-01
2.199428081512451172e-01
2.692813873291015625e-01
2.996854782104492188e-01
3.156998157501220703e-01
2.134566307067871094e-01
2.849321365356445312e-01
2.790110111236572266e-01
2.057058811187744141e-01
2.871115207672119141e-01
2.269425392150878906e-01
2.549846172332763672e-01
1.942095756530761719e-01
2.410988807678222656e-01
1.747405529022216797e-01
2.296679019927978516e-01
2.818531990051269531e-01
2.225604057312011719e-01
1.663072109222412109e-01
2.566545009613037109e-01
2.458579540252685547e-01
2.963552474975585938e-01
1.667768955230712891e-01
2.183070182800292969e-01
2.097880840301513672e-01
2.219893932342529297e-01
2.254953384399414062e-01
1.753880977630615234e-01
2.999610900878906250e-01
2.393319606781005859e-01
2.774353027343750000e-01
1.362836360931396484e-01
1.903817653656005859e-01
2.293567657470703125e-01
2.055408954620361328e-01
2.205462455749511719e-01
2.705891132354736328e-01
3.030824661254882812e-01
1.755733489990234375e-01
2.868003845214843750e-01
3.445496559143066406e-01
3.678381443023681641e-01
2.210621833801269531e-01
2.285141944885253906e-01
1.953845024108886719e-01
2.445762157440185547e-01
2.742674350738525391e-01
1.936790943145751953e-01
2.863447666168212891e-01
1.839396953582763672e-01
2.079930305480957031e-01
2.361698150634765625e-01
2.438023090362548828e-01
2.797639369964599609e-01
2.367422580718994141e-01
3.043587207794189453e-01
2.005267143249511719e-01
3.405122756958007812e-01
2.303810119628906250e-01
2.235021591186523438e-01
2.762658596038818359e-01
2.893896102905273438e-01
3.812949657440185547e-01
2.879214286804199219e-01
3.012125492095947266e-01
3.346114158630371094e-01
2.018525600433349609e-01
2.079920768737792969e-01
2.863774299621582031e-01
2.272551059722900391e-01
2.157297134399414062e-01
3.896572589874267578e-01
1.974413394927978516e-01
2.910096645355224609e-01
2.144372463226318359e-01
2.183775901794433594e-01
2.287805080413818359e-01
1.806933879852294922e-01
2.883203029632568359e-01
3.614327907562255859e-01
2.594261169433593750e-01
2.840626239776611328e-01
2.603049278259277344e-01
2.321248054504394531e-01
1.893341541290283203e-01
2.774212360382080078e-01
2.952864170074462891e-01
1.908614635467529297e-01
1.983752250671386719e-01
4.477632045745849609e-01
2.048869132995605469e-01
3.424005508422851562e-01
2.666971683502197266e-01
3.249962329864501953e-01
2.711861133575439453e-01
2.680001258850097656e-01
2.046110630035400391e-01
2.580575942993164062e-01
2.243742942810058594e-01
1.793754100799560547e-01
2.302260398864746094e-01
2.178046703338623047e-01
2.180294990539550781e-01
3.241367340087890625e-01
1.602079868316650391e-01
1.819815635681152344e-01
2.657954692840576172e-01
3.095028400421142578e-01
2.038829326629638672e-01
2.293603420257568359e-01
3.214344978332519531e-01
3.107042312622070312e-01
3.052728176116943359e-01
1.799013614654541016e-01
2.943117618560791016e-01
2.738296985626220703e-01
2.265570163726806641e-01
2.783956527709960938e-01
2.279827594757080078e-01
2.355704307556152344e-01
3.518834114074707031e-01
2.949278354644775391e-01
2.425963878631591797e-01
1.954951286315917969e-01
2.122449874877929688e-01
2.357604503631591797e-01
2.632069587707519531e-01
2.191748619079589844e-01
2.646710872650146484e-01
3.926744461059570312e-01
2.457320690155029297e-01
1.687929630279541016e-01
3.517234325408935547e-01
3.031339645385742188e-01
2.989039421081542969e-01
2.933499813079833984e-01
2.956442832946777344e-01
1.782112121582031250e-01
2.425899505615234375e-01
2.635695934295654297e-01
2.922332286834716797e-01
2.558262348175048828e-01
2.756805419921875000e-01
3.283302783966064453e-01
1.998405456542968750e-01
2.737748622894287109e-01
2.220442295074462891e-01
1.940019130706787109e-01
2.639918327331542969e-01
2.215356826782226562e-01
2.634127140045166016e-01
3.118221759796142578e-01
2.713391780853271484e-01
4.433767795562744141e-01
2.129983901977539062e-01
2.142899036407470703e-01
2.438523769378662109e-01
1.967811584472656250e-01
2.120268344879150391e-01
2.678880691528320312e-01
2.398948669433593750e-01
2.643027305603027344e-01
3.121564388275146484e-01
4.671819210052490234e-01
2.425169944763183594e-01
2.157583236694335938e-01
4.630291461944580078e-01
2.462561130523681641e-01
3.397073745727539062e-01
2.911603450775146484e-01
