9.877734631299972534e-02
9.491634368896484375e-02
9.491634368896484375e-02
9.491634368896484375e-02
9.491634368896484375e-02
9.555984288454055786e-02
9.491634368896484375e-02
1.071428582072257996e-01
1.180823668837547302e-01
1.158301159739494324e-01
1.727799177169799805e-01
2.117117047309875488e-01
2.271557301282882690e-01
2.059202045202255249e-01
2.084942013025283813e-01
2.126769572496414185e-01
2.184684723615646362e-01
2.271557301282882690e-01
2.345559895038604736e-01
2.454954981803894043e-01
2.438867390155792236e-01
2.274774760007858276e-01
2.277992218732833862e-01
2.255469709634780884e-01
2.323037385940551758e-01
2.168597131967544556e-01
2.142857164144515991e-01
2.133204638957977295e-01
2.068854570388793945e-01
2.027027010917663574e-01
2.030244469642639160e-01
1.981981992721557617e-01
1.924066990613937378e-01
2.014157027006149292e-01
1.904761940240859985e-01
1.869369298219680786e-01
1.862934380769729614e-01
1.885456889867782593e-01
1.846846789121627808e-01
1.843629330396652222e-01
1.837194263935089111e-01
1.856499314308166504e-01
1.850064396858215332e-01
1.821106821298599243e-01
1.840411871671676636e-01
1.830759346485137939e-01
1.824324280023574829e-01
1.833976805210113525e-01
1.821106821298599243e-01
1.792149245738983154e-01
1.785714328289031982e-01
1.782496720552444458e-01
1.792149245738983154e-01
1.785714328289031982e-01
1.782496720552444458e-01
1.779279261827468872e-01
1.782496720552444458e-01
1.785714328289031982e-01
1.779279261827468872e-01
1.779279261827468872e-01
1.776061803102493286e-01
1.776061803102493286e-01
1.772844344377517700e-01
1.769626736640930176e-01
1.769626736640930176e-01
1.769626736640930176e-01
1.759974211454391479e-01
1.766409277915954590e-01
1.769626736640930176e-01
1.766409277915954590e-01
1.763191819190979004e-01
1.766409277915954590e-01
1.763191819190979004e-01
1.763191819190979004e-01
1.759974211454391479e-01
1.759974211454391479e-01
1.759974211454391479e-01
1.759974211454391479e-01
1.759974211454391479e-01
1.763191819190979004e-01
1.763191819190979004e-01
1.759974211454391479e-01
1.759974211454391479e-01
1.763191819190979004e-01
1.763191819190979004e-01
1.766409277915954590e-01
1.763191819190979004e-01
1.763191819190979004e-01
1.763191819190979004e-01
1.763191819190979004e-01
1.763191819190979004e-01
1.763191819190979004e-01
1.763191819190979004e-01
1.763191819190979004e-01
1.763191819190979004e-01
1.763191819190979004e-01
1.763191819190979004e-01
1.763191819190979004e-01
1.763191819190979004e-01
1.763191819190979004e-01
1.763191819190979004e-01
1.763191819190979004e-01
1.763191819190979004e-01
1.763191819190979004e-01
1.763191819190979004e-01
1.759974211454391479e-01
1.759974211454391479e-01
1.759974211454391479e-01
1.759974211454391479e-01
1.759974211454391479e-01
1.759974211454391479e-01
1.759974211454391479e-01
1.759974211454391479e-01
1.759974211454391479e-01
1.759974211454391479e-01
1.759974211454391479e-01
1.759974211454391479e-01
1.759974211454391479e-01
1.759974211454391479e-01
1.759974211454391479e-01
1.759974211454391479e-01
1.759974211454391479e-01
1.759974211454391479e-01
1.759974211454391479e-01
1.759974211454391479e-01
1.759974211454391479e-01
1.759974211454391479e-01
1.759974211454391479e-01
1.759974211454391479e-01
1.759974211454391479e-01
1.759974211454391479e-01
1.759974211454391479e-01
1.759974211454391479e-01
1.759974211454391479e-01
1.759974211454391479e-01
1.759974211454391479e-01
1.759974211454391479e-01
1.759974211454391479e-01
1.759974211454391479e-01
1.759974211454391479e-01
1.759974211454391479e-01
1.759974211454391479e-01
1.759974211454391479e-01
1.759974211454391479e-01
1.759974211454391479e-01
1.759974211454391479e-01
1.759974211454391479e-01
1.759974211454391479e-01
1.759974211454391479e-01
1.759974211454391479e-01
1.759974211454391479e-01
1.759974211454391479e-01
1.759974211454391479e-01
1.759974211454391479e-01
1.759974211454391479e-01
1.759974211454391479e-01
1.759974211454391479e-01
1.759974211454391479e-01
1.759974211454391479e-01
1.759974211454391479e-01
1.759974211454391479e-01
1.759974211454391479e-01
1.759974211454391479e-01
1.759974211454391479e-01
1.759974211454391479e-01
1.759974211454391479e-01
1.759974211454391479e-01
1.759974211454391479e-01
1.759974211454391479e-01
1.759974211454391479e-01
1.759974211454391479e-01
1.759974211454391479e-01
1.759974211454391479e-01
1.759974211454391479e-01
1.759974211454391479e-01
1.759974211454391479e-01
1.759974211454391479e-01
1.759974211454391479e-01
1.759974211454391479e-01
1.759974211454391479e-01
1.759974211454391479e-01
1.759974211454391479e-01
1.759974211454391479e-01
1.759974211454391479e-01
1.759974211454391479e-01
1.759974211454391479e-01
1.759974211454391479e-01
1.759974211454391479e-01
1.759974211454391479e-01
1.759974211454391479e-01
1.759974211454391479e-01
1.759974211454391479e-01
1.759974211454391479e-01
1.759974211454391479e-01
1.759974211454391479e-01
1.759974211454391479e-01
1.759974211454391479e-01
1.759974211454391479e-01
1.759974211454391479e-01
1.759974211454391479e-01
