2.056710720062255859e-01
2.669301033020019531e-01
1.993319988250732422e-01
3.952405452728271484e-01
1.858401298522949219e-01
1.827771663665771484e-01
3.742241859436035156e-01
1.856548786163330078e-01
2.740855216979980469e-01
2.125408649444580078e-01
1.986861228942871094e-01
2.714869976043701172e-01
2.729065418243408203e-01
1.930036544799804688e-01
3.041009902954101562e-01
2.275483608245849609e-01
2.771315574645996094e-01
2.079172134399414062e-01
2.835631370544433594e-01
2.406847476959228516e-01
2.426733970642089844e-01
2.236409187316894531e-01
2.196693420410156250e-01
2.605476379394531250e-01
2.955541610717773438e-01
1.673660278320312500e-01
2.224020957946777344e-01
2.812597751617431641e-01
3.130021095275878906e-01
2.577579021453857422e-01
2.196443080902099609e-01
2.189853191375732422e-01
2.581810951232910156e-01
3.093204498291015625e-01
2.959356307983398438e-01
2.152709960937500000e-01
2.820532321929931641e-01
2.337217330932617188e-01
2.080447673797607422e-01
2.450795173645019531e-01
1.888496875762939453e-01
2.564029693603515625e-01
1.960296630859375000e-01
2.608816623687744141e-01
1.719672679901123047e-01
2.225956916809082031e-01
2.777376174926757812e-01
2.396452426910400391e-01
1.679563522338867188e-01
2.539041042327880859e-01
2.933726310729980469e-01
2.948040962219238281e-01
1.716403961181640625e-01
2.412762641906738281e-01
1.734142303466796875e-01
2.173264026641845703e-01
2.144091129302978516e-01
1.618545055389404297e-01
2.951776981353759766e-01
2.777428627014160156e-01
2.617843151092529297e-01
1.495685577392578125e-01
2.000126838684082031e-01
2.198698520660400391e-01
2.008383274078369141e-01
2.035875320434570312e-01
3.045704364776611328e-01
3.059718608856201172e-01
1.758298873901367188e-01
3.084883689880371094e-01
3.112003803253173828e-01
3.699097633361816406e-01
2.155067920684814453e-01
2.154073715209960938e-01
2.011179924011230469e-01
2.387292385101318359e-01
2.795658111572265625e-01
2.037079334259033203e-01
2.608344554901123047e-01
1.596593856811523438e-01
2.094383239746093750e-01
2.356193065643310547e-01
2.172276973724365234e-01
2.858428955078125000e-01
2.278318405151367188e-01
3.055155277252197266e-01
2.223396301269531250e-01
3.288087844848632812e-01
2.427005767822265625e-01
1.957585811614990234e-01
2.735462188720703125e-01
3.141615390777587891e-01
4.175295829772949219e-01
2.843105792999267578e-01
2.982070446014404297e-01
3.041741847991943359e-01
1.927073001861572266e-01
2.091133594512939453e-01
2.874863147735595703e-01
2.706162929534912109e-01
2.262020111083984375e-01
3.749001026153564453e-01
1.974220275878906250e-01
2.935192584991455078e-01
2.139270305633544922e-01
2.373003959655761719e-01
2.522804737091064453e-01
1.833655834197998047e-01
2.765583992004394531e-01
3.755178451538085938e-01
3.042531013488769531e-01
3.274967670440673828e-01
2.672753334045410156e-01
2.295122146606445312e-01
1.783547401428222656e-01
2.791256904602050781e-01
3.266301155090332031e-01
2.066693305969238281e-01
1.934471130371093750e-01
4.791958332061767578e-01
2.192387580871582031e-01
3.139808177947998047e-01
2.818880081176757812e-01
3.664755821228027344e-01
2.828140258789062500e-01
2.721679210662841797e-01
2.098896503448486328e-01
2.474622726440429688e-01
2.252385616302490234e-01
1.733419895172119141e-01
2.591922283172607422e-01
2.009527683258056641e-01
2.383222579956054688e-01
3.602437973022460938e-01
1.761775016784667969e-01
2.146298885345458984e-01
2.838473320007324219e-01
2.755196094512939453e-01
1.885154247283935547e-01
2.325046062469482422e-01
3.497838973999023438e-01
3.162674903869628906e-01
3.185625076293945312e-01
1.878492832183837891e-01
2.838494777679443359e-01
2.849090099334716797e-01
2.130482196807861328e-01
2.988762855529785156e-01
2.517087459564208984e-01
2.518916130065917969e-01
3.638978004455566406e-01
2.899594306945800781e-01
2.272768020629882812e-01
1.957747936248779297e-01
1.834053993225097656e-01
2.266235351562500000e-01
2.532837390899658203e-01
2.407288551330566406e-01
2.572562694549560547e-01
4.105842113494873047e-01
2.693250179290771484e-01
1.687285900115966797e-01
3.051352500915527344e-01
2.909555435180664062e-01
2.934408187866210938e-01
3.463051319122314453e-01
3.041374683380126953e-01
1.783368587493896484e-01
2.345132827758789062e-01
2.296922206878662109e-01
3.347120285034179688e-01
2.736728191375732422e-01
2.521522045135498047e-01
3.583920001983642578e-01
2.404019832611083984e-01
2.786772251129150391e-01
2.431445121765136719e-01
1.889960765838623047e-01
2.669131755828857422e-01
1.954445838928222656e-01
2.846808433532714844e-01
3.197443485260009766e-01
2.861084938049316406e-01
4.614489078521728516e-01
2.015705108642578125e-01
2.460699081420898438e-01
2.374045848846435547e-01
2.169575691223144531e-01
2.127819061279296875e-01
2.796537876129150391e-01
2.409133911132812500e-01
2.499756813049316406e-01
3.118808269500732422e-01
5.332145690917968750e-01
2.433500289916992188e-01
2.081277370452880859e-01
5.328159332275390625e-01
2.617590427398681641e-01
3.103373050689697266e-01
2.257270812988281250e-01
