2.399216198921203613e+02
2.522031419277191162e+02
2.699281110763549805e+02
3.218487937450408936e+02
2.618832356929779053e+02
2.615964412689208984e+02
3.218658680915832520e+02
2.618718149662017822e+02
2.662623343467712402e+02
2.724863300323486328e+02
3.218697137832641602e+02
2.618568091392517090e+02
2.480308368206024170e+02
2.412001354694366455e+02
2.581371500492095947e+02
2.644234101772308350e+02
3.218805413246154785e+02
2.476605627536773682e+02
3.218513960838317871e+02
2.369968421459197998e+02
3.218684051036834717e+02
2.401555120944976807e+02
2.663401508331298828e+02
2.850801098346710205e+02
2.618767480850219727e+02
3.218728926181793213e+02
2.391019961833953857e+02
3.218786516189575195e+02
2.618659949302673340e+02
2.618860876560211182e+02
2.840397930145263672e+02
2.894769761562347412e+02
3.218274512290954590e+02
2.386554973125457764e+02
2.722701990604400635e+02
2.871201696395874023e+02
3.218309030532836914e+02
2.618607265949249268e+02
2.696774287223815918e+02
2.709488115310668945e+02
2.877531998157501221e+02
3.218658597469329834e+02
2.381523468494415283e+02
2.708498063087463379e+02
3.218635442256927490e+02
2.402209272384643555e+02
2.687232072353363037e+02
2.801798422336578369e+02
3.218482556343078613e+02
2.618720347881317139e+02
2.554448845386505127e+02
3.218633213043212891e+02
2.624897124767303467e+02
3.218651592731475830e+02
2.397871713638305664e+02
3.218728971481323242e+02
2.618829267024993896e+02
2.618588757514953613e+02
3.218394761085510254e+02
2.618675043582916260e+02
2.618708627223968506e+02
2.828628633022308350e+02
2.618604452610015869e+02
2.716147434711456299e+02
2.781164333820343018e+02
3.218586130142211914e+02
2.618563268184661865e+02
2.430887076854705811e+02
2.971274311542510986e+02
2.640618288516998291e+02
2.929884095191955566e+02
3.218633875846862793e+02
2.618792824745178223e+02
2.618735237121582031e+02
2.755805537700653076e+02
2.904969589710235596e+02
3.218696041107177734e+02
2.402075176239013672e+02
2.810451076030731201e+02
2.797556087970733643e+02
3.218733606338500977e+02
2.498038096427917480e+02
2.782198247909545898e+02
2.874360909461975098e+02
2.697985715866088867e+02
3.218195796012878418e+02
2.395010585784912109e+02
2.871441898345947266e+02
2.719875071048736572e+02
2.855750055313110352e+02
3.218918926715850830e+02
2.364502182006835938e+02
2.629048507213592529e+02
3.218460688591003418e+02
2.405293896198272705e+02
2.694415132999420166e+02
2.918509814739227295e+02
2.771335434913635254e+02
2.618724093437194824e+02
2.638352603912353516e+02
