7.035541534423828125e-02
8.092164993286132812e-03
3.183722496032714844e-02
1.049470901489257812e-02
3.948211669921875000e-02
7.263422012329101562e-02
5.840682983398437500e-02
2.080488204956054688e-02
1.086893081665039062e-01
5.070686340332031250e-02
4.462027549743652344e-02
3.536772727966308594e-02
5.038809776306152344e-02
2.036118507385253906e-02
2.116799354553222656e-02
4.773521423339843750e-02
4.515981674194335938e-02
3.295183181762695312e-02
3.486537933349609375e-02
4.040861129760742188e-02
4.533171653747558594e-02
6.458425521850585938e-02
5.248355865478515625e-02
3.980565071105957031e-02
5.024814605712890625e-02
4.907917976379394531e-02
3.565740585327148438e-02
3.983664512634277344e-02
4.774451255798339844e-02
1.092746257781982422e-01
7.057833671569824219e-02
2.268338203430175781e-02
6.084299087524414062e-02
4.302811622619628906e-02
7.250785827636718750e-02
5.362820625305175781e-02
9.754443168640136719e-02
4.093718528747558594e-02
3.875446319580078125e-02
8.043575286865234375e-02
9.036898612976074219e-02
3.025007247924804688e-02
5.560636520385742188e-02
1.645684242248535156e-02
5.191087722778320312e-02
4.064965248107910156e-02
7.977032661437988281e-02
4.530382156372070312e-02
5.571293830871582031e-02
6.672883033752441406e-02
5.135202407836914062e-02
5.211639404296875000e-02
5.088353157043457031e-02
1.144554615020751953e-01
4.485774040222167969e-02
1.002967357635498047e-01
3.753161430358886719e-02
4.791474342346191406e-02
2.651643753051757812e-02
2.487301826477050781e-02
4.916214942932128906e-02
2.017259597778320312e-02
9.150600433349609375e-02
7.189226150512695312e-02
2.858233451843261719e-02
5.873346328735351562e-02
6.993198394775390625e-02
4.699182510375976562e-02
4.984188079833984375e-02
5.529832839965820312e-02
3.813886642456054688e-02
5.052947998046875000e-02
5.335831642150878906e-02
3.727555274963378906e-02
5.812931060791015625e-02
3.240346908569335938e-02
5.693554878234863281e-02
3.266382217407226562e-02
4.318785667419433594e-02
4.789257049560546875e-02
7.026791572570800781e-02
1.467537879943847656e-02
9.061789512634277344e-02
2.821445465087890625e-03
7.746577262878417969e-02
2.565908432006835938e-02
3.742361068725585938e-02
6.710648536682128906e-02
5.005216598510742188e-02
3.279852867126464844e-02
2.883577346801757812e-02
5.702853202819824219e-02
1.068429946899414062e-01
6.078243255615234375e-02
2.724051475524902344e-02
1.628780364990234375e-02
1.210901737213134766e-01
4.679656028747558594e-02
2.034401893615722656e-02
3.093385696411132812e-02
