2.932475805282592773e-01
5.000000000000000000e-01
5.000000000000000000e-01
5.000000000000000000e-01
5.000000000000000000e-01
5.000000000000000000e-01
5.000000000000000000e-01
5.000000000000000000e-01
5.000000000000000000e-01
5.000000000000000000e-01
5.000000000000000000e-01
5.000000000000000000e-01
5.000000000000000000e-01
5.000000000000000000e-01
5.006430745124816895e-01
5.083601474761962891e-01
5.128617286682128906e-01
5.305466055870056152e-01
5.369774699211120605e-01
5.472669005393981934e-01
5.453376173973083496e-01
5.450160503387451172e-01
5.382636785507202148e-01
5.453376173973083496e-01
5.485530495643615723e-01
5.488746166229248047e-01
5.437299013137817383e-01
5.536977648735046387e-01
5.556269884109497070e-01
5.643087029457092285e-01
5.617363452911376953e-01
5.514469742774963379e-01
5.736334323883056641e-01
5.713826417922973633e-01
5.655948519706726074e-01
5.713826417922973633e-01
5.829582214355468750e-01
5.864951610565185547e-01
5.823150873184204102e-01
5.848874449729919434e-01
5.868167281150817871e-01
5.971060991287231445e-01
5.845659375190734863e-01
6.035369634628295898e-01
6.064308881759643555e-01
5.906752347946166992e-01
6.073954701423645020e-01
6.128617525100708008e-01
6.122186779975891113e-01
5.958199501037597656e-01
4.591639935970306396e-01
5.045015811920166016e-01
5.302250981330871582e-01
5.546624064445495605e-01
5.749196410179138184e-01
5.954983830451965332e-01
5.977491736412048340e-01
6.102893948554992676e-01
6.090031862258911133e-01
6.212218403816223145e-01
6.225080490112304688e-01
6.337620615959167480e-01
6.225080490112304688e-01
6.379421353340148926e-01
6.327974200248718262e-01
6.430867910385131836e-01
6.427652835845947266e-01
6.405144929885864258e-01
6.527331471443176270e-01
6.411575675010681152e-01
6.527331471443176270e-01
6.678456664085388184e-01
6.556270122528076172e-01
6.672025918960571289e-01
6.726688146591186523e-01
6.694533824920654297e-01
6.752411723136901855e-01
6.855305433273315430e-01
6.948553323745727539e-01
6.951768398284912109e-01
6.987138390541076660e-01
6.964630484580993652e-01
6.916399002075195312e-01
7.115755677223205566e-01
7.135048508644104004e-01
7.199357151985168457e-01
7.106109261512756348e-01
7.128617167472839355e-01
7.311897277832031250e-01
7.086816430091857910e-01
7.311897277832031250e-01
7.356913089752197266e-01
7.324758768081665039e-01
7.514469623565673828e-01
7.659164071083068848e-01
7.598070502281188965e-01
7.405144572257995605e-01
7.424437403678894043e-01
7.485530376434326172e-01
7.498392462730407715e-01
