4.820211604237556458e-02
1.818906515836715698e-02
6.278858520090579987e-03
6.302151014097034931e-04
3.028068225830793381e-03
1.917885856528300792e-05
3.305106019979575649e-06
2.046796907961834222e-06
1.413983909515081905e-06
1.055397888194420375e-06
8.509886129104415886e-07
7.112204798431775998e-07
6.115902237979753409e-07
5.356293399927380960e-07
4.750105802031612257e-07
4.254013390436739428e-07
3.845935339086281601e-07
3.502603647120849928e-07
3.213904165022540838e-07
2.987933669373887824e-07
2.792146744923229562e-07
2.619292729377775686e-07
2.463976045419258298e-07
2.325185022300502169e-07
2.199040807226992911e-07
2.083858134938054718e-07
1.979973660581890726e-07
1.885195786144322483e-07
1.798680955289455596e-07
1.718911448733706493e-07
1.647574237040316802e-07
1.581296089625539025e-07
1.520076864380826009e-07
1.464591861122244154e-07
1.411973755693907151e-07
1.363571300316834822e-07
1.318542217632057145e-07
1.277729069215638447e-07
1.238771005773742218e-07
1.202173933734229649e-07
1.168781267324447981e-07
1.136568812398763839e-07
1.106717633092557662e-07
1.078552855915404507e-07
1.053761167213451699e-07
1.027957523547229357e-07
1.004683696237407275e-07
9.822530699921117048e-08
9.616774576670650276e-08
9.424510238886796287e-08
