5.046219110488891602e+00
5.020184278488159180e+00
5.178987264633178711e+00
4.846903800964355469e+00
1.140169143676757812e+01
5.000420570373535156e+00
1.262013721466064453e+01
1.286453795433044434e+01
5.259533166885375977e+00
1.240422129631042480e+01
1.178766536712646484e+01
5.293289184570312500e+00
5.188319683074951172e+00
4.929032087326049805e+00
4.920589447021484375e+00
6.685498714447021484e+00
4.910744190216064453e+00
4.942849636077880859e+00
1.192419290542602539e+01
4.966547966003417969e+00
4.988994836807250977e+00
5.280782461166381836e+00
5.047696590423583984e+00
4.818025588989257812e+00
5.209562540054321289e+00
1.189600658416748047e+01
5.261322975158691406e+00
5.120097160339355469e+00
5.231430530548095703e+00
5.215762853622436523e+00
5.121924161911010742e+00
5.177408933639526367e+00
5.215595960617065430e+00
5.053789138793945312e+00
5.256577730178833008e+00
4.889872312545776367e+00
5.291996955871582031e+00
4.673054456710815430e+00
4.896124839782714844e+00
5.013121843338012695e+00
2.248168969154357910e+01
5.304623365402221680e+00
5.201377868652343750e+00
1.107900238037109375e+01
5.101036310195922852e+00
5.235043048858642578e+00
5.154815196990966797e+00
4.895875453948974609e+00
4.812664508819580078e+00
5.346239805221557617e+00
