7.364072799682617188e-01
6.022427082061767578e-01
7.941763401031494141e-01
9.430854320526123047e-01
9.126036167144775391e-01
7.668914794921875000e-01
6.460156440734863281e-01
9.349956512451171875e-01
6.481449604034423828e-01
6.579649448394775391e-01
5.682539939880371094e-01
8.103127479553222656e-01
6.964881420135498047e-01
6.058943271636962891e-01
6.493246555328369141e-01
8.760728836059570312e-01
7.002952098846435547e-01
7.283194065093994141e-01
7.497210502624511719e-01
6.520771980285644531e-01
7.733566761016845703e-01
6.150994300842285156e-01
6.588759422302246094e-01
6.522870063781738281e-01
8.799018859863281250e-01
5.614349842071533203e-01
8.822460174560546875e-01
7.087788581848144531e-01
5.238816738128662109e-01
6.709318161010742188e-01
6.805036067962646484e-01
8.201913833618164062e-01
6.200945377349853516e-01
7.863109111785888672e-01
6.677577495574951172e-01
6.382925510406494141e-01
9.486267566680908203e-01
8.361623287200927734e-01
6.647489070892333984e-01
7.448883056640625000e-01
7.695593833923339844e-01
7.452716827392578125e-01
6.645696163177490234e-01
7.161693572998046875e-01
8.829076290130615234e-01
8.031399250030517578e-01
8.532738685607910156e-01
6.639657020568847656e-01
8.523344993591308594e-01
7.196919918060302734e-01
