9.395109117031097412e-02
7.271557301282882690e-02
0.000000000000000000e+00
4.559202194213867188e-01
5.000000000000000000e-01
5.000000000000000000e-01
3.236808180809020996e-01
3.314028382301330566e-01
1.290218830108642578e-01
1.483269035816192627e-01
1.586229056119918823e-01
2.796010375022888184e-01
2.812097668647766113e-01
3.452380895614624023e-01
3.651866018772125244e-01
3.265765905380249023e-01
3.555341064929962158e-01
3.799871206283569336e-01
4.395109415054321289e-01
4.034748971462249756e-01
3.741956353187561035e-01
3.899613916873931885e-01
4.124839007854461670e-01
5.048262476921081543e-01
5.701415538787841797e-01
5.588803291320800781e-01
4.652509689331054688e-01
4.710424840450286865e-01
4.488416910171508789e-01
4.083011448383331299e-01
4.935649931430816650e-01
5.444015264511108398e-01
5.704632997512817383e-01
5.579150319099426270e-01
5.740025639533996582e-01
5.820463299751281738e-01
5.888031125068664551e-01
5.701415538787841797e-01
5.881595611572265625e-01
5.926640629768371582e-01
5.842986106872558594e-01
5.891248583793640137e-01
5.839768052101135254e-01
5.852638483047485352e-01
5.833333134651184082e-01
5.823680758476257324e-01
5.646718144416809082e-01
5.820463299751281738e-01
5.756113529205322266e-01
5.588803291320800781e-01
5.472972989082336426e-01
5.460103154182434082e-01
5.421493053436279297e-01
5.324968099594116211e-01
5.205920338630676270e-01
5.028957724571228027e-01
4.935649931430816650e-01
4.810167253017425537e-01
4.665379524230957031e-01
4.594594538211822510e-01
4.321106672286987305e-01
4.317889213562011719e-01
4.214929342269897461e-01
4.066924154758453369e-01
4.018661379814147949e-01
3.883526325225830078e-01
3.735521137714385986e-01
3.703346252441406250e-01
3.635778725147247314e-01
3.548906147480010986e-01
3.487773537635803223e-01
3.404118418693542480e-01
3.339768350124359131e-01
3.294723331928253174e-01
3.281853199005126953e-01
3.230373263359069824e-01
3.188545703887939453e-01
3.185328245162963867e-01
3.114543259143829346e-01
3.130630552768707275e-01
3.085585534572601318e-01
3.088802993297576904e-01
3.082368075847625732e-01
3.072715699672698975e-01
3.046975433826446533e-01
3.050193190574645996e-01
3.024452924728393555e-01
3.008365631103515625e-01
3.008365631103515625e-01
3.021235466003417969e-01
2.998712956905364990e-01
2.966538071632385254e-01
2.950450479984283447e-01
2.918275296688079834e-01
2.972972989082336426e-01
2.931145429611206055e-01
2.944015562534332275e-01
2.953667938709259033e-01
2.947233021259307861e-01
2.934362888336181641e-01
