1.705145430564880371e+01
4.096490192413330078e+01
1.641235494613647461e+01
2.148779129981994629e+01
3.348892807960510254e+01
2.155238723754882812e+01
3.341007900238037109e+01
4.090929627418518066e+01
2.032989406585693359e+01
3.526270747184753418e+01
2.730382704734802246e+01
3.190308380126953125e+01
3.424521851539611816e+01
4.095585179328918457e+01
2.626720476150512695e+01
2.306152558326721191e+01
3.054315066337585449e+01
2.924165487289428711e+01
2.522351121902465820e+01
2.937802553176879883e+01
2.687099289894104004e+01
3.058815813064575195e+01
2.632630324363708496e+01
3.020774221420288086e+01
3.347722625732421875e+01
2.632139468193054199e+01
2.327674198150634766e+01
3.476347780227661133e+01
2.045223212242126465e+01
3.113432216644287109e+01
4.090487623214721680e+01
1.648007392883300781e+01
2.491660547256469727e+01
3.230390954017639160e+01
2.236645340919494629e+01
4.090403532981872559e+01
2.030171895027160645e+01
2.353223514556884766e+01
3.060596585273742676e+01
3.481062936782836914e+01
3.387746977806091309e+01
4.094811725616455078e+01
1.663130378723144531e+01
4.089099168777465820e+01
1.671186327934265137e+01
4.093049883842468262e+01
2.044203329086303711e+01
2.055457901954650879e+01
3.299428606033325195e+01
2.186799645423889160e+01
3.255563974380493164e+01
4.090392494201660156e+01
2.043060016632080078e+01
2.044611096382141113e+01
2.045654177665710449e+01
2.853288626670837402e+01
1.761352682113647461e+01
3.178907942771911621e+01
2.233981037139892578e+01
3.419905376434326172e+01
2.137968301773071289e+01
3.783282828330993652e+01
2.107172703742980957e+01
3.386855077743530273e+01
2.133866095542907715e+01
3.372033095359802246e+01
2.111433696746826172e+01
3.500889492034912109e+01
4.090740203857421875e+01
2.043856072425842285e+01
2.115800499916076660e+01
4.090824556350708008e+01
2.153230643272399902e+01
4.086895656585693359e+01
2.650546336174011230e+01
2.313040041923522949e+01
2.771764278411865234e+01
2.808286857604980469e+01
3.321110963821411133e+01
3.266743397712707520e+01
4.091771674156188965e+01
4.089484286308288574e+01
1.638582038879394531e+01
4.090682196617126465e+01
2.348560166358947754e+01
2.372105956077575684e+01
3.179884552955627441e+01
2.868881416320800781e+01
2.155560040473937988e+01
3.246814608573913574e+01
2.470332074165344238e+01
4.091139173507690430e+01
2.045006442070007324e+01
3.146311354637145996e+01
2.536733579635620117e+01
2.859888529777526855e+01
2.785709404945373535e+01
2.859266448020935059e+01
2.916579318046569824e+01
3.342880606651306152e+01
