2.154950380325317383e+00
1.158604145050048828e+00
8.616663217544555664e-01
8.270355463027954102e-01
8.191532492637634277e-01
8.104072213172912598e-01
8.033969402313232422e-01
8.012135028839111328e-01
7.854449748992919922e-01
7.743782401084899902e-01
7.597807645797729492e-01
7.726677060127258301e-01
7.535896301269531250e-01
7.440703511238098145e-01
7.359140515327453613e-01
7.334882616996765137e-01
7.265258431434631348e-01
7.163974642753601074e-01
7.155700325965881348e-01
7.129205465316772461e-01
7.104850411415100098e-01
7.056055068969726562e-01
6.917775869369506836e-01
6.813048124313354492e-01
6.730698943138122559e-01
6.649978756904602051e-01
6.595094799995422363e-01
6.569074392318725586e-01
6.461593508720397949e-01
6.517960429191589355e-01
6.436129212379455566e-01
6.395094394683837891e-01
6.372966766357421875e-01
6.350255608558654785e-01
6.290707588195800781e-01
6.273969411849975586e-01
6.269571781158447266e-01
6.238084435462951660e-01
6.238020658493041992e-01
6.209697127342224121e-01
6.199642419815063477e-01
6.185822486877441406e-01
6.183483004570007324e-01
6.183115839958190918e-01
6.167517304420471191e-01
6.157163977622985840e-01
6.153737902641296387e-01
6.143081188201904297e-01
6.142515540122985840e-01
6.140976548194885254e-01
6.133614182472229004e-01
6.129006743431091309e-01
6.124562621116638184e-01
6.123812198638916016e-01
6.118779778480529785e-01
6.118294596672058105e-01
6.114382147789001465e-01
6.112587451934814453e-01
6.111033558845520020e-01
6.111299991607666016e-01
6.108102202415466309e-01
6.107099652290344238e-01
6.105163097381591797e-01
6.104363203048706055e-01
6.103658676147460938e-01
6.101855635643005371e-01
6.101449728012084961e-01
6.100401282310485840e-01
6.099933981895446777e-01
6.099577546119689941e-01
6.099357604980468750e-01
6.098760366439819336e-01
6.097798943519592285e-01
6.097443103790283203e-01
6.096736192703247070e-01
6.096576452255249023e-01
6.097030043601989746e-01
6.095807552337646484e-01
6.095520853996276855e-01
6.095405817031860352e-01
6.095361709594726562e-01
6.094924211502075195e-01
6.094873547554016113e-01
6.094624400138854980e-01
6.094598770141601562e-01
6.094278097152709961e-01
6.094335913658142090e-01
6.094265580177307129e-01
6.094062328338623047e-01
6.093934774398803711e-01
6.093933582305908203e-01
6.093802452087402344e-01
6.093727350234985352e-01
6.093716621398925781e-01
6.093781590461730957e-01
6.093558669090270996e-01
6.093570590019226074e-01
6.093454360961914062e-01
6.093443632125854492e-01
6.093419790267944336e-01
