5.606603622436523438e-02
6.680989265441894531e-02
9.099984169006347656e-02
1.497342586517333984e-01
6.974196434020996094e-02
7.949042320251464844e-02
7.904458045959472656e-02
1.318142414093017578e-01
7.175135612487792969e-02
1.187021732330322266e-01
9.158873558044433594e-02
1.462807655334472656e-01
9.462022781372070312e-02
1.058239936828613281e-01
1.905627250671386719e-01
1.217958927154541016e-01
1.186354160308837891e-01
6.466221809387207031e-02
1.825733184814453125e-01
1.199645996093750000e-01
7.568860054016113281e-02
8.554291725158691406e-02
1.263749599456787109e-01
7.426357269287109375e-02
1.130461692810058594e-01
1.296968460083007812e-01
1.542634963989257812e-01
9.894704818725585938e-02
9.906601905822753906e-02
9.958791732788085938e-02
1.420464515686035156e-01
1.323721408843994141e-01
7.745647430419921875e-02
1.323747634887695312e-01
1.189754009246826172e-01
1.070995330810546875e-01
1.115994453430175781e-01
1.465036869049072266e-01
1.633126735687255859e-01
1.667358875274658203e-01
2.012047767639160156e-01
9.448146820068359375e-02
8.764147758483886719e-02
1.072607040405273438e-01
1.427235603332519531e-01
1.701850891113281250e-01
1.434893608093261719e-01
1.117186546325683594e-01
1.194930076599121094e-01
7.953882217407226562e-02
2.293078899383544922e-01
8.422231674194335938e-02
1.019251346588134766e-01
9.127545356750488281e-02
1.482520103454589844e-01
1.754322052001953125e-01
1.113684177398681641e-01
7.447576522827148438e-02
6.673002243041992188e-02
9.524965286254882812e-02
1.398367881774902344e-01
7.092499732971191406e-02
4.451346397399902344e-02
4.938006401062011719e-02
1.788015365600585938e-01
1.217849254608154297e-01
8.719611167907714844e-02
5.877280235290527344e-02
1.636240482330322266e-01
5.932164192199707031e-02
6.739544868469238281e-02
9.311127662658691406e-02
7.325863838195800781e-02
1.272475719451904297e-01
1.521310806274414062e-01
1.069509983062744141e-01
1.950247287750244141e-01
1.914176940917968750e-01
1.181898117065429688e-01
1.678681373596191406e-01
1.446125507354736328e-01
9.012413024902343750e-02
1.120011806488037109e-01
9.525656700134277344e-02
1.651878356933593750e-01
6.500458717346191406e-02
7.282662391662597656e-02
8.491110801696777344e-02
8.432602882385253906e-02
1.038184165954589844e-01
1.233537197113037109e-01
1.005191802978515625e-01
2.788741588592529297e-01
9.481692314147949219e-02
1.504347324371337891e-01
9.980750083923339844e-02
1.917948722839355469e-01
1.084585189819335938e-01
1.193373203277587891e-01
1.058089733123779297e-01
