1.702924132347106934e+01
2.140106129646301270e+01
3.382996010780334473e+01
2.111958551406860352e+01
3.335357856750488281e+01
2.100878715515136719e+01
3.384991645812988281e+01
2.702151560783386230e+01
3.298499202728271484e+01
3.591943621635437012e+01
2.622616124153137207e+01
3.234565258026123047e+01
4.090825963020324707e+01
4.088983273506164551e+01
2.270174336433410645e+01
2.315335464477539062e+01
3.157643628120422363e+01
2.819337940216064453e+01
2.551964759826660156e+01
2.417009139060974121e+01
2.681535172462463379e+01
3.009310483932495117e+01
4.090267562866210938e+01
4.091830587387084961e+01
1.634932065010070801e+01
3.152972316741943359e+01
2.324217867851257324e+01
4.091240286827087402e+01
1.874480986595153809e+01
3.301629567146301270e+01
4.089602160453796387e+01
1.641703367233276367e+01
2.297121143341064453e+01
4.089557981491088867e+01
1.680496931076049805e+01
3.290729165077209473e+01
2.593789052963256836e+01
2.822859811782836914e+01
4.085329818725585938e+01
2.653503942489624023e+01
4.090149283409118652e+01
2.029037070274353027e+01
3.236254119873046875e+01
4.088598728179931641e+01
1.641532540321350098e+01
2.782654571533203125e+01
3.211537528038024902e+01
2.057470822334289551e+01
3.196851658821105957e+01
2.220086145401000977e+01
3.317968177795410156e+01
2.129882907867431641e+01
4.091726946830749512e+01
2.042621231079101562e+01
1.995665597915649414e+01
4.092640829086303711e+01
1.651647233963012695e+01
3.174825215339660645e+01
4.090914392471313477e+01
2.041129255294799805e+01
2.114652752876281738e+01
4.089842391014099121e+01
2.041430544853210449e+01
3.355401897430419922e+01
2.156736707687377930e+01
3.359042692184448242e+01
2.101215052604675293e+01
4.090272617340087891e+01
2.041239023208618164e+01
3.202825379371643066e+01
2.182477545738220215e+01
3.155663371086120605e+01
4.090664410591125488e+01
2.238677501678466797e+01
3.154384374618530273e+01
4.089530062675476074e+01
1.804875230789184570e+01
2.682589864730834961e+01
4.090045142173767090e+01
2.645223617553710938e+01
2.968372297286987305e+01
3.274506330490112305e+01
4.090328168869018555e+01
2.192147254943847656e+01
3.079919266700744629e+01
2.341910004615783691e+01
3.150195097923278809e+01
2.023718166351318359e+01
1.649881958961486816e+01
3.187753701210021973e+01
4.090263438224792480e+01
1.709412479400634766e+01
2.137862443923950195e+01
3.244166612625122070e+01
2.845981264114379883e+01
2.411930012702941895e+01
2.179394817352294922e+01
2.245863151550292969e+01
4.090093398094177246e+01
1.644422006607055664e+01
