5.466237664222717285e-01
6.459807157516479492e-01
6.459807157516479492e-01
6.459807157516479492e-01
6.459807157516479492e-01
6.459807157516479492e-01
6.459807157516479492e-01
6.472668647766113281e-01
6.536977291107177734e-01
6.668810248374938965e-01
6.704180240631103516e-01
6.717041730880737305e-01
6.781350374221801758e-01
6.787781119346618652e-01
6.890675425529479980e-01
6.861736178398132324e-01
6.890675425529479980e-01
6.897106170654296875e-01
6.916399002075195312e-01
6.906752586364746094e-01
6.906752586364746094e-01
6.945337653160095215e-01
6.945337653160095215e-01
6.993569135665893555e-01
6.974276304244995117e-01
6.967845559120178223e-01
6.990353465080261230e-01
6.983922719955444336e-01
6.971061229705810547e-01
7.019292712211608887e-01
7.022507786750793457e-01
7.016077041625976562e-01
7.016077041625976562e-01
7.025723457336425781e-01
7.035369873046875000e-01
7.028939127922058105e-01
7.016077041625976562e-01
7.038584947586059570e-01
7.028939127922058105e-01
7.051447033882141113e-01
7.038584947586059570e-01
7.048231363296508789e-01
7.054662108421325684e-01
7.051447033882141113e-01
7.041800618171691895e-01
7.061093449592590332e-01
7.054662108421325684e-01
7.057877779006958008e-01
7.057877779006958008e-01
7.051447033882141113e-01
7.041800618171691895e-01
7.045016288757324219e-01
7.051447033882141113e-01
7.045016288757324219e-01
7.057877779006958008e-01
7.067524194717407227e-01
7.051447033882141113e-01
7.070739269256591797e-01
7.070739269256591797e-01
7.061093449592590332e-01
7.061093449592590332e-01
7.057877779006958008e-01
7.057877779006958008e-01
7.064308524131774902e-01
7.064308524131774902e-01
7.070739269256591797e-01
7.067524194717407227e-01
7.067524194717407227e-01
7.064308524131774902e-01
7.067524194717407227e-01
7.064308524131774902e-01
7.070739269256591797e-01
7.064308524131774902e-01
7.061093449592590332e-01
7.064308524131774902e-01
7.061093449592590332e-01
7.061093449592590332e-01
7.064308524131774902e-01
7.064308524131774902e-01
7.064308524131774902e-01
7.064308524131774902e-01
7.064308524131774902e-01
7.064308524131774902e-01
7.064308524131774902e-01
7.064308524131774902e-01
7.064308524131774902e-01
7.064308524131774902e-01
7.064308524131774902e-01
7.064308524131774902e-01
7.064308524131774902e-01
7.064308524131774902e-01
7.064308524131774902e-01
7.064308524131774902e-01
7.064308524131774902e-01
7.064308524131774902e-01
7.064308524131774902e-01
7.064308524131774902e-01
7.064308524131774902e-01
7.064308524131774902e-01
7.064308524131774902e-01
