9.792937338352203369e-02
6.902012228965759277e-02
5.613015592098236084e-02
6.272875517606735229e-02
5.583366751670837402e-02
5.606255680322647095e-02
4.781728982925415039e-02
4.943841323256492615e-02
5.530013516545295715e-02
4.641432687640190125e-02
4.794861748814582825e-02
4.397786408662796021e-02
4.058425500988960266e-02
4.026075080037117004e-02
3.787140920758247375e-02
3.570287302136421204e-02
3.508815914392471313e-02
3.029040619730949402e-02
2.844054996967315674e-02
2.978819608688354492e-02
2.923219092190265656e-02
2.588534913957118988e-02
2.318627759814262390e-02
1.980066299438476562e-02
1.765812933444976807e-02
1.690518297255039215e-02
1.581923104822635651e-02
1.629328168928623199e-02
1.562434155493974686e-02
1.508330740034580231e-02
1.325395982712507248e-02
1.217438932508230209e-02
1.236403640359640121e-02
1.102938316762447357e-02
9.998268447816371918e-03
8.703184314072132111e-03
8.116901852190494537e-03
7.740515284240245819e-03
7.381683681160211563e-03
7.084561977535486221e-03
6.859282962977886200e-03
6.648993119597434998e-03
6.476026494055986404e-03
6.274912972003221512e-03
6.006184034049510956e-03
5.837146658450365067e-03
5.703846924006938934e-03
5.567850079387426376e-03
5.479784682393074036e-03
5.379838403314352036e-03
