4.711675271391868591e-02
8.203451521694660187e-03
6.713233888149261475e-03
9.560329839587211609e-03
2.980593824759125710e-03
1.982787856832146645e-03
2.917270874604582787e-03
1.440692460164427757e-03
1.411668141372501850e-03
1.094459439627826214e-03
1.174740376882255077e-03
1.349648460745811462e-03
8.404462132602930069e-04
1.127422874560579658e-04
1.526452135294675827e-03
2.139044227078557014e-04
8.708481909707188606e-04
1.103876275010406971e-04
7.145909876271616668e-06
6.854465937067288905e-06
6.055021913198288530e-06
5.001119916414609179e-06
4.165111931797582656e-06
3.558089019861654378e-06
3.073611651416285895e-06
2.688753738766536117e-06
2.386153482802910730e-06
2.123208560078637674e-06
1.911109848151681945e-06
1.724065441521815956e-06
1.568724883327377029e-06
1.433323518540419172e-06
1.313850020778772887e-06
1.215783527186431456e-06
1.125444327954028267e-06
1.046812030836008489e-06
9.810199799176189117e-07
9.163426852865086403e-07
8.598831868766865227e-07
8.114611773635260761e-07
7.674007065361365676e-07
7.261758696586184669e-07
6.904589326950372197e-07
6.569241577381035313e-07
6.278585260588442907e-07
6.003884891470079310e-07
5.750688387706759386e-07
5.527916755454498343e-07
5.324139920048764907e-07
5.122707875671039801e-07
