1.732109379768371582e+01
7.646027326583862305e+00
8.445463418960571289e+00
1.750078201293945312e+01
7.717632055282592773e+00
1.693074727058410645e+01
7.599338293075561523e+00
1.802925419807434082e+01
2.717729401588439941e+01
3.795850682258605957e+01
7.569945573806762695e+00
3.792958521842956543e+01
7.461873054504394531e+00
1.855659914016723633e+01
2.744628238677978516e+01
2.568059706687927246e+01
1.952443408966064453e+01
3.761083078384399414e+01
7.167027711868286133e+00
2.536740422248840332e+01
3.806391024589538574e+01
1.712943744659423828e+01
1.771886205673217773e+01
1.803735160827636719e+01
3.809521079063415527e+01
7.018083810806274414e+00
3.804259347915649414e+01
1.755551648139953613e+01
8.098095655441284180e+00
2.760396623611450195e+01
3.810006856918334961e+01
7.067575693130493164e+00
1.805335664749145508e+01
3.794959640502929688e+01
8.657283306121826172e+00
2.451593756675720215e+01
2.093928503990173340e+01
3.775206184387207031e+01
7.459400653839111328e+00
2.499921417236328125e+01
2.148419499397277832e+01
3.803317451477050781e+01
8.323872327804565430e+00
2.303430914878845215e+01
3.784350419044494629e+01
1.007302570343017578e+01
3.793729925155639648e+01
6.862689256668090820e+00
2.288179445266723633e+01
1.574066734313964844e+01
