2.088308334350585938e-03
2.150058746337890625e-03
2.069711685180664062e-03
2.151012420654296875e-03
2.100229263305664062e-03
2.116918563842773438e-03
2.115964889526367188e-03
2.085447311401367188e-03
2.114295959472656250e-03
2.104282379150390625e-03
2.151012420654296875e-03
2.074003219604492188e-03
2.086639404296875000e-03
2.077579498291015625e-03
2.096891403198242188e-03
2.087354660034179688e-03
2.069473266601562500e-03
2.061843872070312500e-03
2.089738845825195312e-03
2.126216888427734375e-03
2.104043960571289062e-03
2.123117446899414062e-03
2.111911773681640625e-03
2.089738845825195312e-03
2.130508422851562500e-03
2.121210098266601562e-03
2.089738845825195312e-03
2.084732055664062500e-03
2.097606658935546875e-03
2.090930938720703125e-03
2.147436141967773438e-03
2.078771591186523438e-03
2.099990844726562500e-03
2.030849456787109375e-03
2.158164978027343750e-03
2.106904983520507812e-03
2.112865447998046875e-03
2.091646194458007812e-03
2.088546752929687500e-03
2.118349075317382812e-03
2.160549163818359375e-03
2.059221267700195312e-03
2.096414566040039062e-03
2.097368240356445312e-03
2.086639404296875000e-03
2.116680145263671875e-03
2.071380615234375000e-03
2.030134201049804688e-03
2.102613449096679688e-03
2.069950103759765625e-03
