3.639590151309967041e+02
3.701945149898529053e+02
3.812948265075683594e+02
4.201544723510742188e+02
4.027234640121459961e+02
4.153162481784820557e+02
3.962139785289764404e+02
4.100296618938446045e+02
4.418321242332458496e+02
3.758517231941223145e+02
4.418725771903991699e+02
3.818683826923370361e+02
4.418786480426788330e+02
3.818826024532318115e+02
4.418355102539062500e+02
3.624402649402618408e+02
3.931574032306671143e+02
3.985666918754577637e+02
3.953710572719573975e+02
3.930648169517517090e+02
4.418796286582946777e+02
3.737602782249450684e+02
4.055574743747711182e+02
4.418421685695648193e+02
3.818461163043975830e+02
4.078214645385742188e+02
4.418634040355682373e+02
3.818639731407165527e+02
4.022235617637634277e+02
4.418320558071136475e+02
3.818347790241241455e+02
4.418527989387512207e+02
3.818628413677215576e+02
3.818672418594360352e+02
4.418574862480163574e+02
3.679918463230133057e+02
4.418663766384124756e+02
3.670888149738311768e+02
4.418422727584838867e+02
3.818748650550842285e+02
4.418386211395263672e+02
3.817945611476898193e+02
4.418308074474334717e+02
3.818371324539184570e+02
3.975122702121734619e+02
4.418300502300262451e+02
3.818515093326568604e+02
4.418261983394622803e+02
3.818299832344055176e+02
4.029366085529327393e+02
4.165771551132202148e+02
4.183467156887054443e+02
4.418555660247802734e+02
4.418314566612243652e+02
3.818297560214996338e+02
4.418409447669982910e+02
3.818904907703399658e+02
4.418163981437683105e+02
4.418600788116455078e+02
3.818760373592376709e+02
4.418455233573913574e+02
3.643379487991333008e+02
3.971461012363433838e+02
4.418577294349670410e+02
3.818402817249298096e+02
4.418430497646331787e+02
3.818257517814636230e+02
3.818496568202972412e+02
4.163922948837280273e+02
3.892171347141265869e+02
3.993320388793945312e+02
4.418419485092163086e+02
3.818585319519042969e+02
3.887088489532470703e+02
4.234647483825683594e+02
3.939705152511596680e+02
4.137116370201110840e+02
4.418501460552215576e+02
3.729577136039733887e+02
4.006543867588043213e+02
4.170253217220306396e+02
3.917795271873474121e+02
4.418521809577941895e+02
3.724670298099517822e+02
4.418637540340423584e+02
3.818677463531494141e+02
3.976674871444702148e+02
4.095064697265625000e+02
4.083677999973297119e+02
3.887506794929504395e+02
4.418528430461883545e+02
3.635106453895568848e+02
4.104669380187988281e+02
3.964978361129760742e+02
4.418200938701629639e+02
3.739118130207061768e+02
3.941649899482727051e+02
4.418366098403930664e+02
3.818028402328491211e+02
4.418764514923095703e+02
