5.243190526962280273e-01
5.480191111564636230e-01
5.633180141448974609e-01
5.732225179672241211e-01
5.824195146560668945e-01
5.894057154655456543e-01
5.945348143577575684e-01
6.001945734024047852e-01
6.055005192756652832e-01
6.100990176200866699e-01
6.140785217285156250e-01
6.162893772125244141e-01
6.188539266586303711e-01
6.204457283020019531e-01
6.224796772003173828e-01
6.240714788436889648e-01
6.250442266464233398e-01
6.265475749969482422e-01
6.276972293853759766e-01
6.285815238952636719e-01
6.292005777359008789e-01
6.300848722457885742e-01
6.312345266342163086e-01
6.315882802009582520e-01
6.321188807487487793e-01
6.324725747108459473e-01
6.329147219657897949e-01
6.332684755325317383e-01
6.337106227874755859e-01
6.339759230613708496e-01
