2.619194200038909912e+02
2.324776895046234131e+02
3.218733875751495361e+02
2.531447987556457520e+02
2.915987343788146973e+02
2.812365593910217285e+02
2.921736083030700684e+02
3.007462713718414307e+02
2.976592392921447754e+02
2.716256093978881836e+02
3.218535771369934082e+02
2.537627365589141846e+02
2.432801852226257324e+02
2.520275008678436279e+02
3.218675572872161865e+02
2.524940066337585449e+02
2.644179103374481201e+02
3.218575065135955811e+02
2.547363035678863525e+02
2.739508366584777832e+02
2.757961380481719971e+02
3.218756179809570312e+02
2.618498299121856689e+02
3.218685517311096191e+02
2.619913470745086670e+02
2.785949316024780273e+02
3.218597600460052490e+02
2.618733510971069336e+02
2.802994465827941895e+02
3.218807108402252197e+02
2.618793756961822510e+02
2.757281470298767090e+02
3.218664991855621338e+02
2.290703310966491699e+02
3.218700199127197266e+02
2.584939372539520264e+02
2.858700799942016602e+02
2.914919826984405518e+02
2.979266104698181152e+02
2.785752105712890625e+02
2.930720536708831787e+02
3.218708808422088623e+02
2.797763097286224365e+02
3.218941409587860107e+02
2.465058453083038330e+02
2.998219034671783447e+02
2.674754106998443604e+02
3.002044162750244141e+02
3.218671059608459473e+02
2.513792262077331543e+02
2.654749937057495117e+02
2.646681046485900879e+02
2.488519797325134277e+02
2.664196233749389648e+02
3.218887772560119629e+02
2.718443596363067627e+02
2.993467316627502441e+02
2.909444248676300049e+02
2.792903282642364502e+02
2.941845684051513672e+02
3.218842124938964844e+02
2.618759939670562744e+02
2.688275644779205322e+02
2.694326026439666748e+02
3.011014909744262695e+02
3.218688116073608398e+02
2.454500007629394531e+02
2.829115560054779053e+02
2.868377943038940430e+02
3.218525989055633545e+02
2.512283344268798828e+02
2.869632368087768555e+02
2.851293609142303467e+02
3.218609209060668945e+02
2.508632109165191650e+02
2.860967276096343994e+02
2.865665023326873779e+02
2.826996576786041260e+02
2.909711956977844238e+02
2.809875061511993408e+02
2.904812130928039551e+02
2.792241537570953369e+02
2.915248374938964844e+02
3.218882615566253662e+02
2.289764246940612793e+02
2.982459428310394287e+02
2.726573309898376465e+02
2.981035912036895752e+02
2.709429821968078613e+02
3.020500371456146240e+02
2.657121193408966064e+02
2.815538504123687744e+02
3.218887841701507568e+02
2.525237081050872803e+02
2.892713913917541504e+02
3.218724758625030518e+02
2.618746020793914795e+02
2.877837061882019043e+02
2.896398103237152100e+02
3.043453371524810791e+02
