7.206845283508300781e-02
8.832836151123046875e-02
7.838869094848632812e-02
1.777553558349609375e-02
5.658602714538574219e-02
7.153701782226562500e-02
1.089162826538085938e-01
9.498643875122070312e-02
6.116986274719238281e-02
5.821108818054199219e-02
5.528235435485839844e-02
1.454873085021972656e-01
6.667160987854003906e-02
8.133029937744140625e-02
4.650616645812988281e-02
1.968836784362792969e-02
5.218958854675292969e-02
1.214218139648437500e-02
1.597990989685058594e-01
7.332372665405273438e-02
1.563315391540527344e-01
3.763031959533691406e-02
1.207356452941894531e-01
4.257106781005859375e-02
8.756184577941894531e-02
8.013963699340820312e-02
9.414649009704589844e-02
9.926271438598632812e-02
7.642531394958496094e-02
1.060206890106201172e-01
1.101064682006835938e-01
7.849574089050292969e-02
9.149026870727539062e-02
7.770657539367675781e-02
1.233963966369628906e-01
1.237225532531738281e-02
4.843473434448242188e-02
6.237840652465820312e-02
3.436470031738281250e-02
6.246805191040039062e-02
9.359455108642578125e-02
8.458900451660156250e-02
2.716660499572753906e-02
9.173130989074707031e-02
4.960799217224121094e-02
7.659435272216796875e-02
7.253241539001464844e-02
8.880496025085449219e-02
1.068146228790283203e-01
8.235645294189453125e-02
9.366965293884277344e-02
4.385614395141601562e-02
7.326030731201171875e-02
7.732963562011718750e-02
9.027886390686035156e-02
6.059408187866210938e-02
1.264307498931884766e-01
5.889797210693359375e-02
1.215398311614990234e-01
5.640792846679687500e-02
8.349585533142089844e-02
1.052417755126953125e-01
8.285212516784667969e-02
4.821252822875976562e-02
1.172525882720947266e-01
1.040482521057128906e-01
6.284141540527343750e-02
1.389799118041992188e-01
9.365296363830566406e-02
9.675216674804687500e-02
8.187317848205566406e-02
5.934834480285644531e-02
1.403713226318359375e-01
6.329560279846191406e-02
4.905128479003906250e-02
6.618833541870117188e-02
5.807447433471679688e-02
7.047986984252929688e-02
1.250181198120117188e-01
8.316922187805175781e-02
5.652976036071777344e-02
1.020591259002685547e-01
4.723882675170898438e-02
1.186125278472900391e-01
1.335349082946777344e-01
9.591412544250488281e-02
1.604137420654296875e-01
4.373931884765625000e-02
8.339643478393554688e-02
9.681630134582519531e-02
1.115448474884033203e-01
1.130764484405517578e-01
6.390237808227539062e-02
1.367194652557373047e-01
3.858280181884765625e-02
1.046192646026611328e-01
3.799033164978027344e-02
8.771347999572753906e-02
7.399463653564453125e-02
5.475902557373046875e-02
