1.366926240921020508e+01
1.381741452217102051e+01
1.903627967834472656e+01
1.370159149169921875e+01
1.954083561897277832e+01
1.414724493026733398e+01
1.936747050285339355e+01
1.599594855308532715e+01
1.847887253761291504e+01
1.482628250122070312e+01
1.964200472831726074e+01
1.456616330146789551e+01
2.168534278869628906e+01
4.093919539451599121e+01
1.339594578742980957e+01
3.332195949554443359e+01
2.083627820014953613e+01
3.265382218360900879e+01
2.277174687385559082e+01
3.237734937667846680e+01
1.376900792121887207e+01
1.357192444801330566e+01
2.011438775062561035e+01
1.371975016593933105e+01
1.997839713096618652e+01
1.366845440864562988e+01
2.048075246810913086e+01
1.460834717750549316e+01
1.967414546012878418e+01
1.459234070777893066e+01
1.423772215843200684e+01
2.001623749732971191e+01
1.385695385932922363e+01
1.984971833229064941e+01
1.394741368293762207e+01
2.031398773193359375e+01
1.879436087608337402e+01
1.998506975173950195e+01
1.390866923332214355e+01
1.957076692581176758e+01
1.488047623634338379e+01
1.940344810485839844e+01
1.479161620140075684e+01
1.842541623115539551e+01
1.894562029838562012e+01
1.368520927429199219e+01
2.027987027168273926e+01
3.399875187873840332e+01
2.064266538619995117e+01
3.267627310752868652e+01
