1.364656162261962891e+01
1.381797480583190918e+01
1.900729322433471680e+01
1.371676373481750488e+01
1.954227972030639648e+01
1.413200616836547852e+01
2.045935225486755371e+01
1.526070713996887207e+01
1.847358322143554688e+01
1.483808374404907227e+01
1.968595218658447266e+01
1.452141308784484863e+01
2.174771332740783691e+01
3.381212234497070312e+01
2.052170562744140625e+01
3.333761239051818848e+01
2.080866289138793945e+01
3.218149280548095703e+01
2.279691743850708008e+01
3.240584707260131836e+01
1.373463249206542969e+01
1.357699871063232422e+01
2.011086010932922363e+01
1.363010168075561523e+01
2.002470397949218750e+01
1.363434958457946777e+01
2.048735880851745605e+01
1.463136768341064453e+01
1.962654614448547363e+01
1.462906622886657715e+01
1.418972754478454590e+01
2.002915620803833008e+01
1.391932034492492676e+01
1.985154938697814941e+01
4.447003388404846191e+01
2.037640380859375000e+01
1.881781792640686035e+01
1.995745015144348145e+01
1.390125751495361328e+01
1.955175924301147461e+01
1.486693167686462402e+01
2.045915269851684570e+01
1.326529264450073242e+01
2.045937991142272949e+01
1.763134598731994629e+01
1.377641725540161133e+01
2.045949006080627441e+01
3.386587643623352051e+01
2.065880298614501953e+01
3.194691634178161621e+01
