1.343892526626586914e+01
1.385563516616821289e+01
1.817814469337463379e+01
1.987470197677612305e+01
3.249001526832580566e+01
2.134015250205993652e+01
3.277254319190979004e+01
2.134436440467834473e+01
3.131428885459899902e+01
2.059931063652038574e+01
3.292927312850952148e+01
2.750555396080017090e+01
2.661125469207763672e+01
2.831569743156433105e+01
2.512180948257446289e+01
1.381554365158081055e+01
1.942564129829406738e+01
1.417769503593444824e+01
2.071196293830871582e+01
3.179904460906982422e+01
2.271390557289123535e+01
3.071618819236755371e+01
2.293799829483032227e+01
3.164341044425964355e+01
2.314115190505981445e+01
3.111355638504028320e+01
2.145594048500061035e+01
3.100330972671508789e+01
2.308337092399597168e+01
1.388730454444885254e+01
1.864318227767944336e+01
1.398242425918579102e+01
2.022945308685302734e+01
3.299413990974426270e+01
2.240934062004089355e+01
1.370173764228820801e+01
2.031805849075317383e+01
2.120236110687255859e+01
3.216759586334228516e+01
2.122759604454040527e+01
4.093973660469055176e+01
1.391023302078247070e+01
1.856751012802124023e+01
1.344717454910278320e+01
2.091383457183837891e+01
3.370206069946289062e+01
2.103090214729309082e+01
3.244594693183898926e+01
2.182718658447265625e+01
3.458344602584838867e+01
