1.685585927963256836e+01
1.657813048362731934e+01
1.830124282836914062e+01
1.663769102096557617e+01
1.657788586616516113e+01
1.807719421386718750e+01
1.842485117912292480e+01
1.834256172180175781e+01
2.039853501319885254e+01
1.835868334770202637e+01
1.732792878150939941e+01
1.812153553962707520e+01
1.656144165992736816e+01
1.722270131111145020e+01
1.970920753479003906e+01
2.039396667480468750e+01
1.786342930793762207e+01
1.665124893188476562e+01
1.812566113471984863e+01
1.674764299392700195e+01
1.844848942756652832e+01
1.835304522514343262e+01
1.707373595237731934e+01
2.040136432647705078e+01
1.814366030693054199e+01
1.832395315170288086e+01
1.824141287803649902e+01
1.654490494728088379e+01
2.039955306053161621e+01
1.652916145324707031e+01
1.836456179618835449e+01
2.040267634391784668e+01
2.038420820236206055e+01
1.657321453094482422e+01
1.654051399230957031e+01
1.868914437294006348e+01
1.828416037559509277e+01
1.660090470314025879e+01
1.830930590629577637e+01
1.679016590118408203e+01
1.910441684722900391e+01
1.853173923492431641e+01
1.668644022941589355e+01
1.853927445411682129e+01
1.656178712844848633e+01
1.692888474464416504e+01
1.833871865272521973e+01
1.875880789756774902e+01
1.829483509063720703e+01
1.670146918296813965e+01
1.661968040466308594e+01
1.837355399131774902e+01
1.826054310798645020e+01
1.849289870262145996e+01
1.904452443122863770e+01
2.037917613983154297e+01
1.770824623107910156e+01
1.667221903800964355e+01
1.840140295028686523e+01
1.754953193664550781e+01
1.659984683990478516e+01
1.849247932434082031e+01
2.040251517295837402e+01
1.780667591094970703e+01
1.659691524505615234e+01
1.917748928070068359e+01
1.659723567962646484e+01
1.659207677841186523e+01
1.815993952751159668e+01
1.846971130371093750e+01
1.821695446968078613e+01
1.773073959350585938e+01
1.924928951263427734e+01
1.659378385543823242e+01
1.856332588195800781e+01
1.818038725852966309e+01
1.661660814285278320e+01
1.825422215461730957e+01
1.804355192184448242e+01
1.845134615898132324e+01
1.971478486061096191e+01
1.828294372558593750e+01
1.825712442398071289e+01
2.039636301994323730e+01
2.039592528343200684e+01
1.656824779510498047e+01
1.824309420585632324e+01
1.832824873924255371e+01
1.849559164047241211e+01
1.816279006004333496e+01
1.900251173973083496e+01
2.038880062103271484e+01
1.781767272949218750e+01
1.884015655517578125e+01
1.658824872970581055e+01
2.039517402648925781e+01
1.797921681404113770e+01
1.673277401924133301e+01
1.823300933837890625e+01
1.882677316665649414e+01
