8.534018695354461670e-02
6.713882088661193848e-02
4.356953501701354980e-02
4.410350695252418518e-02
4.066069424152374268e-02
4.405688121914863586e-02
5.046179518103599548e-02
6.981340050697326660e-02
6.129441782832145691e-02
6.391184777021408081e-02
6.847976148128509521e-02
6.460902094841003418e-02
6.782693415880203247e-02
6.641235202550888062e-02
6.654968857765197754e-02
6.452011317014694214e-02
6.439562141895294189e-02
6.295415014028549194e-02
5.963642150163650513e-02
5.646917968988418579e-02
5.141296982765197754e-02
4.737315326929092407e-02
4.582647234201431274e-02
4.433109238743782043e-02
4.338383302092552185e-02
4.212383180856704712e-02
4.121057316660881042e-02
4.107373207807540894e-02
3.981343284249305725e-02
3.771869465708732605e-02
3.589900210499763489e-02
3.423905000090599060e-02
3.319657221436500549e-02
3.217500075697898865e-02
3.096394985914230347e-02
2.984408475458621979e-02
2.921006456017494202e-02
2.834124304354190826e-02
2.765575237572193146e-02
2.712474018335342407e-02
2.665309421718120575e-02
2.625505626201629639e-02
2.579852938652038574e-02
2.554566785693168640e-02
2.524773031473159790e-02
2.500808797776699066e-02
2.476044185459613800e-02
2.459464594721794128e-02
2.436274290084838867e-02
2.427510172128677368e-02
