2.084131166338920593e-02
7.671695202589035034e-04
5.318750045262277126e-04
3.351113991811871529e-04
2.475339861121028662e-04
2.300400956301018596e-04
2.690400579012930393e-04
3.685271658468991518e-04
2.916612720582634211e-04
3.259177610743790865e-04
3.949224192183464766e-04
4.501545918174088001e-04
4.578962980303913355e-04
5.025743739679455757e-04
5.460400134325027466e-04
5.818917998112738132e-04
5.991444922983646393e-04
6.010395591147243977e-04
6.123481434769928455e-04
6.275189225561916828e-04
6.278732907958328724e-04
6.530683604069054127e-04
6.725037819705903530e-04
6.810214254073798656e-04
7.085807737894356251e-04
7.139214430935680866e-04
7.185409194789826870e-04
7.262087310664355755e-04
7.404323550872504711e-04
7.529974682256579399e-04
7.631607586517930031e-04
7.726393523626029491e-04
7.777606952004134655e-04
7.859067991375923157e-04
7.962489034980535507e-04
8.076700614765286446e-04
8.163937018252909184e-04
8.239536546170711517e-04
8.316051680594682693e-04
8.403559913858771324e-04
8.478243835270404816e-04
8.549215272068977356e-04
8.638370200060307980e-04
8.695884025655686855e-04
8.773779845796525478e-04
8.818279602564871311e-04
8.867771248333156109e-04
8.898891974240541458e-04
8.929679752327501774e-04
8.957057725638151169e-04
