2.212941087782382965e-02
1.930167898535728455e-03
1.800445606932044029e-03
1.419287058524787426e-03
1.359407906420528889e-03
1.254630391485989094e-03
1.321500749327242374e-03
1.119389431551098824e-03
1.032701809890568256e-03
9.823234286159276962e-04
8.780820062384009361e-04
8.498624665662646294e-04
7.554700714536011219e-04
6.953224074095487595e-04
6.582275382243096828e-04
6.146022933535277843e-04
6.110334070399403572e-04
5.658974405378103256e-04
5.375583423301577568e-04
5.023702979087829590e-04
4.697139374911785126e-04
4.421408812049776316e-04
4.213243082631379366e-04
4.089549765922129154e-04
3.964214993175119162e-04
3.887741477228701115e-04
3.823385923169553280e-04
3.811475471593439579e-04
3.790088812820613384e-04
3.748647286556661129e-04
3.783323918469250202e-04
3.756014048121869564e-04
3.728901210706681013e-04
3.686263808049261570e-04
3.669180441647768021e-04
3.664105315692722797e-04
3.651116276159882545e-04
3.621520590968430042e-04
3.602541401050984859e-04
3.583121579140424728e-04
3.561417688615620136e-04
3.544514183886349201e-04
3.522215411067008972e-04
3.519450838211923838e-04
3.512887051329016685e-04
3.515105636324733496e-04
3.516026772558689117e-04
3.514495911076664925e-04
3.508374502416700125e-04
3.507319488562643528e-04
