2.682534456253051758e-01
4.448375701904296875e-01
4.232872426509857178e-01
4.448375701904296875e-01
4.686394333839416504e-01
5.249276161193847656e-01
5.381151437759399414e-01
5.577356219291687012e-01
5.632035732269287109e-01
5.786426663398742676e-01
5.770344138145446777e-01
5.950466394424438477e-01
6.037310957908630371e-01
6.082341670989990234e-01
6.207783818244934082e-01
6.252814531326293945e-01
6.233515739440917969e-01
6.368607282638549805e-01
6.403988599777221680e-01
6.378256678581237793e-01
6.503698825836181641e-01
6.477966904640197754e-01
6.484400033950805664e-01
6.574461460113525391e-01
6.494049429893493652e-01
6.545513272285461426e-01
6.551945805549621582e-01
6.558378934860229492e-01
6.593760251998901367e-01
6.648439764976501465e-01
6.629140973091125488e-01
6.677387952804565430e-01
6.661306023597717285e-01
6.654872894287109375e-01
6.680604815483093262e-01
6.645223498344421387e-01
6.654872894287109375e-01
6.661306023597717285e-01
6.670955419540405273e-01
6.680604815483093262e-01
6.706336736679077148e-01
6.677387952804565430e-01
6.674171686172485352e-01
6.677387952804565430e-01
6.719202399253845215e-01
6.712769269943237305e-01
6.706336736679077148e-01
6.719202399253845215e-01
6.693470478057861328e-01
6.719202399253845215e-01
6.715986132621765137e-01
6.709553003311157227e-01
6.696686744689941406e-01
6.719202399253845215e-01
6.744934320449829102e-01
6.712769269943237305e-01
6.728851795196533203e-01
6.699903607368469238e-01
6.719202399253845215e-01
6.719202399253845215e-01
6.712769269943237305e-01
6.715986132621765137e-01
6.709553003311157227e-01
6.706336736679077148e-01
6.712769269943237305e-01
6.709553003311157227e-01
6.706336736679077148e-01
6.719202399253845215e-01
6.719202399253845215e-01
6.722418665885925293e-01
6.709553003311157227e-01
6.715986132621765137e-01
6.722418665885925293e-01
6.712769269943237305e-01
6.719202399253845215e-01
6.709553003311157227e-01
6.709553003311157227e-01
6.709553003311157227e-01
6.712769269943237305e-01
6.712769269943237305e-01
6.712769269943237305e-01
6.719202399253845215e-01
6.715986132621765137e-01
6.715986132621765137e-01
6.715986132621765137e-01
6.715986132621765137e-01
6.712769269943237305e-01
6.709553003311157227e-01
6.712769269943237305e-01
6.715986132621765137e-01
6.715986132621765137e-01
6.715986132621765137e-01
6.712769269943237305e-01
6.712769269943237305e-01
6.709553003311157227e-01
6.712769269943237305e-01
6.709553003311157227e-01
6.712769269943237305e-01
6.712769269943237305e-01
6.712769269943237305e-01
