1.571602535247802734e+01
1.509757208824157715e+01
1.530078482627868652e+01
1.541993308067321777e+01
1.515473818778991699e+01
1.526942825317382812e+01
1.531942653656005859e+01
3.504861998558044434e+01
1.927945017814636230e+01
1.546855211257934570e+01
2.168718338012695312e+01
1.552921772003173828e+01
1.532076096534729004e+01
1.525880813598632812e+01
1.502378273010253906e+01
1.522435355186462402e+01
1.526751208305358887e+01
1.596295404434204102e+01
1.527190375328063965e+01
1.556460547447204590e+01
1.555576586723327637e+01
1.510853242874145508e+01
1.531432247161865234e+01
2.789819097518920898e+01
1.529660153388977051e+01
2.871766734123229980e+01
1.536031913757324219e+01
1.540546751022338867e+01
1.522833561897277832e+01
2.519585037231445312e+01
1.523104834556579590e+01
1.561583900451660156e+01
1.553655481338500977e+01
1.530592298507690430e+01
3.275340318679809570e+01
1.544326734542846680e+01
1.521413540840148926e+01
1.545136976242065430e+01
1.531490135192871094e+01
2.329565620422363281e+01
1.592169666290283203e+01
1.533126854896545410e+01
1.507911252975463867e+01
2.662439107894897461e+01
1.512565326690673828e+01
1.567248392105102539e+01
2.528544926643371582e+01
1.533450245857238770e+01
1.505263471603393555e+01
1.488785123825073242e+01
1.475937485694885254e+01
2.337842845916748047e+01
1.519891166687011719e+01
1.518463373184204102e+01
1.548240184783935547e+01
1.516227054595947266e+01
1.499917459487915039e+01
2.587142395973205566e+01
1.557617926597595215e+01
1.494950294494628906e+01
1.524235343933105469e+01
1.495860004425048828e+01
1.484539270401000977e+01
2.430624890327453613e+01
1.551253652572631836e+01
1.527300834655761719e+01
1.527178430557250977e+01
1.521733689308166504e+01
1.509214639663696289e+01
1.497444891929626465e+01
1.548249459266662598e+01
1.496663212776184082e+01
3.494336414337158203e+01
1.502872538566589355e+01
3.534145712852478027e+01
1.524154162406921387e+01
1.520396542549133301e+01
3.505769324302673340e+01
1.535637187957763672e+01
3.466137170791625977e+01
1.912953472137451172e+01
1.496815156936645508e+01
1.507407069206237793e+01
1.566748929023742676e+01
2.203296232223510742e+01
1.484147620201110840e+01
1.511566305160522461e+01
1.517953062057495117e+01
1.499307417869567871e+01
1.514210343360900879e+01
1.556639957427978516e+01
1.522504687309265137e+01
2.183120775222778320e+01
1.476711225509643555e+01
1.548765087127685547e+01
2.922408223152160645e+01
1.520693254470825195e+01
1.545102930068969727e+01
1.536716556549072266e+01
1.567659211158752441e+01
