1.365842819213867188e-01
9.259223937988281250e-02
1.852734088897705078e-01
2.057666778564453125e-01
1.263670921325683594e-01
7.934427261352539062e-02
1.399641036987304688e-01
5.066752433776855469e-02
1.674928665161132812e-01
2.228856086730957031e-01
1.976678371429443359e-01
1.951422691345214844e-01
1.903657913208007812e-01
1.310718059539794922e-01
1.882090568542480469e-01
2.132244110107421875e-01
1.628804206848144531e-01
2.166867256164550781e-02
2.062091827392578125e-01
1.795849800109863281e-01
9.947228431701660156e-02
1.110706329345703125e-01
1.773996353149414062e-01
1.890850067138671875e-01
1.231091022491455078e-01
1.332297325134277344e-01
1.928389072418212891e-01
1.448998451232910156e-01
1.541724205017089844e-01
1.027767658233642578e-01
1.508815288543701172e-01
5.772447586059570312e-02
1.601681709289550781e-01
1.263914108276367188e-01
1.468899250030517578e-01
1.606705188751220703e-01
1.335866451263427734e-01
1.856436729431152344e-01
8.495402336120605469e-02
2.258810997009277344e-01
4.092836380004882812e-02
1.013097763061523438e-01
1.134762763977050781e-01
1.192462444305419922e-01
1.808335781097412109e-01
1.228251457214355469e-01
1.273367404937744141e-01
2.061054706573486328e-01
1.658565998077392578e-01
1.861240863800048828e-01
1.327378749847412109e-01
1.776285171508789062e-01
1.708853244781494141e-01
1.961174011230468750e-01
1.865885257720947266e-01
1.597945690155029297e-01
1.713051795959472656e-01
2.219150066375732422e-01
1.222255229949951172e-01
2.499794960021972656e-01
1.339063644409179688e-01
1.466808319091796875e-01
1.578588485717773438e-01
1.055679321289062500e-01
2.191500663757324219e-01
2.275719642639160156e-01
1.609799861907958984e-01
1.864216327667236328e-01
3.290884494781494141e-01
2.952959537506103516e-01
1.070921421051025391e-01
2.261476516723632812e-01
1.396007537841796875e-01
1.952905654907226562e-01
1.295182704925537109e-01
1.170420646667480469e-01
1.717216968536376953e-01
2.753489017486572266e-01
1.334867477416992188e-01
2.352683544158935547e-01
6.193184852600097656e-02
1.202189922332763672e-01
2.400922775268554688e-01
1.471164226531982422e-01
6.510090827941894531e-02
1.081144809722900391e-01
9.721851348876953125e-02
1.725046634674072266e-01
1.709165573120117188e-01
8.592844009399414062e-02
1.454646587371826172e-01
2.144303321838378906e-01
1.458745002746582031e-01
1.646914482116699219e-01
1.050345897674560547e-01
2.140510082244873047e-01
1.732203960418701172e-01
1.083006858825683594e-01
1.414418220520019531e-01
1.662368774414062500e-01
