2.050287413597106934e+01
1.641188669204711914e+01
4.091765856742858887e+01
1.643567514419555664e+01
4.089465260505676270e+01
1.650244379043579102e+01
3.212322592735290527e+01
1.710923433303833008e+01
3.414918947219848633e+01
4.093016719818115234e+01
1.826541113853454590e+01
2.455283832550048828e+01
4.091005921363830566e+01
1.650458621978759766e+01
3.283604931831359863e+01
2.363672661781311035e+01
4.094584178924560547e+01
1.652994632720947266e+01
4.090089774131774902e+01
1.723856663703918457e+01
4.090913414955139160e+01
2.043464422225952148e+01
2.342051243782043457e+01
4.090587282180786133e+01
1.862088155746459961e+01
4.090655946731567383e+01
1.747318506240844727e+01
2.722160482406616211e+01
2.951198410987854004e+01
3.093114280700683594e+01
3.397180032730102539e+01
2.588803172111511230e+01
2.792423105239868164e+01
3.158284354209899902e+01
2.394656991958618164e+01
4.091919827461242676e+01
1.687513184547424316e+01
3.577542757987976074e+01
2.123676109313964844e+01
3.275089383125305176e+01
2.328568840026855469e+01
3.287176918983459473e+01
4.095482754707336426e+01
1.710103297233581543e+01
3.063843083381652832e+01
3.240319371223449707e+01
3.067768192291259766e+01
2.738299870491027832e+01
4.089563655853271484e+01
1.874876284599304199e+01
4.089827418327331543e+01
2.097316026687622070e+01
2.480500221252441406e+01
3.269240427017211914e+01
4.094160580635070801e+01
1.694767069816589355e+01
2.480257773399353027e+01
4.093498969078063965e+01
1.639826655387878418e+01
2.885769987106323242e+01
2.563941454887390137e+01
2.988468170166015625e+01
2.345269727706909180e+01
4.092500066757202148e+01
2.047720360755920410e+01
2.980471420288085938e+01
2.365792584419250488e+01
3.603517174720764160e+01
4.091585040092468262e+01
1.711549091339111328e+01
2.110357785224914551e+01
3.433188676834106445e+01
2.110035943984985352e+01
4.085688924789428711e+01
1.843384146690368652e+01
4.092121696472167969e+01
2.061206293106079102e+01
1.677492094039916992e+01
4.091289186477661133e+01
1.731007766723632812e+01
3.273743772506713867e+01
4.093123674392700195e+01
1.802788305282592773e+01
2.249120354652404785e+01
3.397338652610778809e+01
2.235108423233032227e+01
3.324448966979980469e+01
2.402000236511230469e+01
3.205957412719726562e+01
2.042983269691467285e+01
3.013948750495910645e+01
4.089485096931457520e+01
2.386831021308898926e+01
3.309708786010742188e+01
4.089569377899169922e+01
1.684265494346618652e+01
3.506491160392761230e+01
3.396054744720458984e+01
2.157598590850830078e+01
3.421373200416564941e+01
