1.260845661163330078e-01
9.222769737243652344e-02
2.302222251892089844e-01
1.969749927520751953e-01
1.971468925476074219e-01
7.936954498291015625e-02
1.505784988403320312e-01
5.066442489624023438e-02
1.618938446044921875e-01
2.404899597167968750e-01
2.056944370269775391e-01
1.750600337982177734e-01
1.493711471557617188e-01
1.381816864013671875e-01
1.543469429016113281e-01
1.520414352416992188e-01
1.500453948974609375e-01
1.532936096191406250e-02
2.070331573486328125e-01
1.771872043609619141e-01
9.944391250610351562e-02
1.001391410827636719e-01
1.827092170715332031e-01
1.872322559356689453e-01
1.295583248138427734e-01
1.332428455352783203e-01
1.759305000305175781e-01
1.834223270416259766e-01
1.182672977447509766e-01
9.441876411437988281e-02
1.765122413635253906e-01
5.775332450866699219e-02
1.512770652770996094e-01
1.554861068725585938e-01
1.657440662384033203e-01
1.393144130706787109e-01
1.187150478363037109e-01
1.813848018646240234e-01
8.494663238525390625e-02
1.988284587860107422e-01
4.093813896179199219e-02
1.108860969543457031e-01
1.244802474975585938e-01
1.192231178283691406e-01
1.493690013885498047e-01
1.228711605072021484e-01
1.533665657043457031e-01
1.761558055877685547e-01
1.658470630645751953e-01
2.165799140930175781e-01
1.257567405700683594e-01
1.361579895019531250e-01
1.470353603363037109e-01
1.923687458038330078e-01
1.485903263092041016e-01
1.899623870849609375e-01
1.712744235992431641e-01
2.623209953308105469e-01
1.331758499145507812e-01
2.130999565124511719e-01
1.689386367797851562e-01
1.277301311492919922e-01
1.388564109802246094e-01
9.556031227111816406e-02
1.317589282989501953e-01
2.523739337921142578e-01
1.384656429290771484e-01
2.643146514892578125e-01
2.473976612091064453e-01
2.759160995483398438e-01
1.071226596832275391e-01
1.960463523864746094e-01
1.490902900695800781e-01
2.064099311828613281e-01
1.778421401977539062e-01
1.260676383972167969e-01
1.420626640319824219e-01
2.471187114715576172e-01
1.508691310882568359e-01
2.242534160614013672e-01
6.992602348327636719e-02
1.225829124450683594e-01
1.383709907531738281e-01
7.102560997009277344e-02
5.861878395080566406e-02
9.924101829528808594e-02
8.849763870239257812e-02
1.761178970336914062e-01
1.747832298278808594e-01
9.768295288085937500e-02
1.419153213500976562e-01
2.144381999969482422e-01
1.615004539489746094e-01
1.673295497894287109e-01
9.377479553222656250e-02
1.723461151123046875e-01
1.801297664642333984e-01
1.056482791900634766e-01
1.402864456176757812e-01
1.440329551696777344e-01
