1.686320710182189941e+01
2.010428452491760254e+01
2.883212995529174805e+01
2.585041403770446777e+01
3.099588656425476074e+01
2.349530124664306641e+01
3.210417389869689941e+01
2.110724997520446777e+01
4.089891815185546875e+01
1.764437365531921387e+01
3.436244893074035645e+01
2.454367971420288086e+01
3.024527144432067871e+01
4.091802144050598145e+01
1.774971508979797363e+01
2.395373106002807617e+01
3.315431690216064453e+01
2.337757706642150879e+01
1.654754328727722168e+01
3.409270524978637695e+01
4.091526985168457031e+01
2.045004153251647949e+01
2.333408927917480469e+01
2.986255717277526855e+01
2.796812415122985840e+01
2.258017778396606445e+01
2.885909104347229004e+01
2.826871418952941895e+01
4.089464879035949707e+01
2.206147503852844238e+01
3.319491744041442871e+01
3.064607882499694824e+01
4.096232748031616211e+01
2.045903563499450684e+01
2.043436145782470703e+01
3.177676534652709961e+01
4.093017125129699707e+01
1.661899876594543457e+01
2.136675095558166504e+01
4.092634296417236328e+01
2.047446703910827637e+01
3.105427718162536621e+01
2.538398814201354980e+01
2.990655183792114258e+01
3.077380084991455078e+01
4.094940233230590820e+01
2.306873774528503418e+01
2.632241249084472656e+01
2.923465013504028320e+01
2.691076493263244629e+01
2.273119354248046875e+01
4.092710804939270020e+01
1.650559163093566895e+01
4.090003561973571777e+01
2.086011409759521484e+01
3.129916381835937500e+01
2.375396347045898438e+01
3.030411934852600098e+01
2.634709191322326660e+01
2.909220814704895020e+01
2.525431132316589355e+01
3.002054762840270996e+01
2.342619585990905762e+01
3.220938611030578613e+01
2.419913768768310547e+01
3.073372840881347656e+01
4.092396688461303711e+01
2.045299124717712402e+01
4.091857409477233887e+01
1.697825980186462402e+01
1.643526506423950195e+01
3.414218449592590332e+01
1.642750501632690430e+01
3.487217092514038086e+01
2.124172353744506836e+01
3.323885846138000488e+01
2.770392918586730957e+01
4.093986773490905762e+01
1.917315459251403809e+01
2.148673510551452637e+01
2.795479798316955566e+01
2.208322525024414062e+01
4.091406250000000000e+01
2.049373078346252441e+01
4.091913604736328125e+01
1.656777262687683105e+01
4.089274048805236816e+01
2.043649363517761230e+01
4.089875006675720215e+01
1.640800094604492188e+01
3.034909391403198242e+01
2.837647986412048340e+01
3.458873558044433594e+01
3.303434085845947266e+01
2.893173217773437500e+01
2.654319477081298828e+01
3.493737721443176270e+01
3.410066056251525879e+01
2.137256145477294922e+01
3.395061945915222168e+01
