1.467138957977294922e+01
2.010545563697814941e+01
1.606908106803894043e+01
1.373769736289978027e+01
1.751465034484863281e+01
4.069290924072265625e+01
2.009662318229675293e+01
1.907775497436523438e+01
4.054444766044616699e+01
1.603466796875000000e+01
4.059909415245056152e+01
2.115442204475402832e+01
3.179413008689880371e+01
2.792613315582275391e+01
4.046058893203735352e+01
2.016397047042846680e+01
2.323247361183166504e+01
3.081494379043579102e+01
2.439257431030273438e+01
2.987413454055786133e+01
2.548688769340515137e+01
2.923223614692687988e+01
4.061994361877441406e+01
1.535855507850646973e+01
2.581308531761169434e+01
2.852485561370849609e+01
2.519017553329467773e+01
4.058651471138000488e+01
1.622107243537902832e+01
2.903804492950439453e+01
2.859422254562377930e+01
2.346785712242126465e+01
2.784205269813537598e+01
3.001395058631896973e+01
2.529441881179809570e+01
3.107771134376525879e+01
2.682762980461120605e+01
2.793046426773071289e+01
4.054805898666381836e+01
1.516410636901855469e+01
2.249953246116638184e+01
2.610014581680297852e+01
2.802972149848937988e+01
2.877588796615600586e+01
4.069068002700805664e+01
1.795229315757751465e+01
4.060060071945190430e+01
1.647102403640747070e+01
4.065443754196166992e+01
2.002942013740539551e+01
2.005997490882873535e+01
2.889883041381835938e+01
2.802988195419311523e+01
4.050878357887268066e+01
2.018255376815795898e+01
1.890295791625976562e+01
3.083104181289672852e+01
4.059797954559326172e+01
1.785831785202026367e+01
2.278299975395202637e+01
4.053728199005126953e+01
1.517817640304565430e+01
4.057711482048034668e+01
1.392591023445129395e+01
4.049364137649536133e+01
2.018057966232299805e+01
2.626360058784484863e+01
4.050638127326965332e+01
2.009672737121582031e+01
2.354734921455383301e+01
1.700236248970031738e+01
3.088345122337341309e+01
4.059493184089660645e+01
1.390640497207641602e+01
2.814816832542419434e+01
2.199675416946411133e+01
4.065820980072021484e+01
1.807211351394653320e+01
2.764013814926147461e+01
4.061333394050598145e+01
1.583908510208129883e+01
2.768358469009399414e+01
4.058482074737548828e+01
2.008383440971374512e+01
2.742514705657958984e+01
4.061179351806640625e+01
1.360042452812194824e+01
2.733804035186767578e+01
4.059137296676635742e+01
4.049831414222717285e+01
1.374186825752258301e+01
2.219857978820800781e+01
2.535710716247558594e+01
2.679901146888732910e+01
3.047071647644042969e+01
2.748861527442932129e+01
2.674321222305297852e+01
2.606728577613830566e+01
3.039548587799072266e+01
2.010225105285644531e+01
