2.273555278778076172e+00
2.267703294754028320e+00
2.248518228530883789e+00
2.150334358215332031e+00
2.030694723129272461e+00
2.003762483596801758e+00
1.976831436157226562e+00
1.993543028831481934e+00
1.990467786788940430e+00
1.965976595878601074e+00
1.914075255393981934e+00
1.873552322387695312e+00
1.862287044525146484e+00
1.856315493583679199e+00
1.814507484436035156e+00
1.771068811416625977e+00
1.724057912826538086e+00
1.733502864837646484e+00
1.709730148315429688e+00
1.702818989753723145e+00
1.697819590568542480e+00
1.682373523712158203e+00
1.676558256149291992e+00
1.668810844421386719e+00
1.647322177886962891e+00
1.615451931953430176e+00
1.642467379570007324e+00
1.621702075004577637e+00
1.621415853500366211e+00
1.617236852645874023e+00
1.616282701492309570e+00
1.598412513732910156e+00
1.598181009292602539e+00
1.592445850372314453e+00
1.588520407676696777e+00
1.580386877059936523e+00
1.575997233390808105e+00
1.579963088035583496e+00
1.575437307357788086e+00
1.576928377151489258e+00
1.573414206504821777e+00
1.578288435935974121e+00
1.576757192611694336e+00
1.584600687026977539e+00
1.584649920463562012e+00
1.588642358779907227e+00
1.593215346336364746e+00
1.600440502166748047e+00
1.603873252868652344e+00
1.613124608993530273e+00
1.617238759994506836e+00
1.627319216728210449e+00
1.636457204818725586e+00
1.643329143524169922e+00
1.655075192451477051e+00
1.669802784919738770e+00
1.676358461380004883e+00
1.685082793235778809e+00
1.696339368820190430e+00
1.706136107444763184e+00
1.717369079589843750e+00
1.729102611541748047e+00
1.737054228782653809e+00
1.745783925056457520e+00
1.754553318023681641e+00
1.762136220932006836e+00
1.770629048347473145e+00
1.778335213661193848e+00
1.784621119499206543e+00
1.792332291603088379e+00
1.796905755996704102e+00
1.802056670188903809e+00
1.807692766189575195e+00
1.811546802520751953e+00
1.814585924148559570e+00
1.818854451179504395e+00
1.821744680404663086e+00
1.824355244636535645e+00
1.827005147933959961e+00
1.829220652580261230e+00
1.831430792808532715e+00
1.832925915718078613e+00
1.834464192390441895e+00
1.836328029632568359e+00
1.837399363517761230e+00
1.838611245155334473e+00
1.839875221252441406e+00
1.840672969818115234e+00
1.841643571853637695e+00
1.842571854591369629e+00
1.843304753303527832e+00
1.843963503837585449e+00
1.844449281692504883e+00
1.844876289367675781e+00
1.845286965370178223e+00
1.845718383789062500e+00
1.846064805984497070e+00
1.846425771713256836e+00
1.846732974052429199e+00
1.846993923187255859e+00
