1.153961920738220215e+01
1.154095816612243652e+01
1.151074671745300293e+01
1.155248308181762695e+01
1.153120756149291992e+01
1.152495479583740234e+01
1.151607084274291992e+01
1.151565480232238770e+01
1.155733275413513184e+01
1.154767680168151855e+01
1.154370021820068359e+01
1.155068755149841309e+01
1.155581378936767578e+01
1.157827186584472656e+01
1.158793926239013672e+01
1.156089949607849121e+01
1.154905152320861816e+01
1.159765958786010742e+01
1.156885290145874023e+01
1.156471133232116699e+01
1.159953284263610840e+01
1.156866908073425293e+01
1.156506991386413574e+01
1.159383535385131836e+01
1.154457116127014160e+01
1.154269671440124512e+01
1.153858947753906250e+01
1.154259586334228516e+01
1.155376815795898438e+01
1.153314566612243652e+01
1.154268741607666016e+01
1.151817321777343750e+01
1.152480173110961914e+01
1.152006173133850098e+01
1.152112102508544922e+01
1.154796648025512695e+01
1.158053326606750488e+01
1.161624240875244141e+01
1.159917902946472168e+01
1.158033680915832520e+01
1.157461929321289062e+01
1.160431170463562012e+01
1.159533095359802246e+01
1.158887958526611328e+01
1.159989213943481445e+01
1.157611227035522461e+01
1.156219029426574707e+01
1.155208706855773926e+01
1.145671391487121582e+01
1.135905337333679199e+01
