6.229400634765625000e-02
6.260466575622558594e-02
6.224727630615234375e-02
6.305027008056640625e-02
6.255984306335449219e-02
6.246185302734375000e-02
6.296277046203613281e-02
6.278896331787109375e-02
6.271457672119140625e-02
6.285715103149414062e-02
6.231999397277832031e-02
6.269073486328125000e-02
6.277036666870117188e-02
6.268000602722167969e-02
6.269383430480957031e-02
6.298995018005371094e-02
6.276345252990722656e-02
6.322193145751953125e-02
6.292867660522460938e-02
6.268930435180664062e-02
6.264567375183105469e-02
6.249594688415527344e-02
6.266713142395019531e-02
6.264853477478027344e-02
6.228709220886230469e-02
6.267666816711425781e-02
6.266522407531738281e-02
6.262445449829101562e-02
6.299090385437011719e-02
6.263208389282226562e-02
6.305384635925292969e-02
6.341218948364257812e-02
6.314706802368164062e-02
6.349492073059082031e-02
6.335639953613281250e-02
6.286764144897460938e-02
6.335687637329101562e-02
6.359982490539550781e-02
6.334447860717773438e-02
6.290435791015625000e-02
6.296420097351074219e-02
6.335306167602539062e-02
6.324791908264160156e-02
6.325387954711914062e-02
6.330490112304687500e-02
6.267404556274414062e-02
6.353139877319335938e-02
6.328368186950683594e-02
6.329727172851562500e-02
6.357955932617187500e-02
