3.523778915405273438e-02
5.842566490173339844e-02
7.534742355346679688e-02
4.896569252014160156e-02
3.635406494140625000e-02
9.688854217529296875e-02
3.510665893554687500e-02
1.120746135711669922e-01
3.511691093444824219e-02
7.867264747619628906e-02
5.600261688232421875e-02
5.766773223876953125e-02
5.324006080627441406e-02
9.532809257507324219e-02
7.724809646606445312e-02
1.244831085205078125e-01
1.277759075164794922e-01
4.065418243408203125e-02
5.762743949890136719e-02
5.618834495544433594e-02
5.663943290710449219e-02
7.891893386840820312e-02
8.875441551208496094e-02
7.279849052429199219e-02
5.993866920471191406e-02
2.384448051452636719e-02
1.252181529998779297e-01
1.043255329132080078e-01
5.189108848571777344e-02
9.211754798889160156e-02
7.547450065612792969e-02
9.837484359741210938e-02
7.218742370605468750e-02
5.417537689208984375e-02
2.359676361083984375e-02
8.107018470764160156e-02
4.490399360656738281e-02
8.234214782714843750e-02
9.025144577026367188e-02
6.516766548156738281e-02
1.258969306945800781e-02
8.173727989196777344e-02
7.340908050537109375e-02
8.460474014282226562e-02
6.995153427124023438e-02
7.847857475280761719e-02
7.772898674011230469e-02
8.852243423461914062e-02
7.315564155578613281e-02
4.676008224487304688e-02
6.012296676635742188e-02
6.152462959289550781e-02
1.107151508331298828e-01
2.420592308044433594e-02
8.998823165893554688e-02
6.123900413513183594e-02
5.759739875793457031e-02
6.525635719299316406e-02
6.805443763732910156e-02
9.058451652526855469e-02
7.562613487243652344e-02
8.323407173156738281e-02
1.204624176025390625e-01
7.165360450744628906e-02
1.051828861236572266e-01
6.271243095397949219e-02
9.650468826293945312e-02
6.415724754333496094e-02
8.492231369018554688e-02
7.641220092773437500e-02
2.056214809417724609e-01
6.415772438049316406e-02
1.014685630798339844e-01
1.048505306243896484e-01
1.046314239501953125e-01
9.179902076721191406e-02
6.533980369567871094e-02
6.269288063049316406e-02
7.686519622802734375e-02
6.206703186035156250e-02
2.590036392211914062e-02
3.655195236206054688e-02
1.124362945556640625e-01
8.873677253723144531e-02
1.184945106506347656e-01
5.799007415771484375e-02
6.423377990722656250e-02
1.029148101806640625e-01
9.613633155822753906e-02
1.162068843841552734e-01
1.358313560485839844e-01
5.966854095458984375e-02
1.473698616027832031e-01
4.322838783264160156e-02
9.399843215942382812e-02
2.009773254394531250e-02
6.353187561035156250e-02
6.090164184570312500e-02
4.300594329833984375e-02
8.716368675231933594e-02
