4.110646545886993408e-01
5.467996001243591309e-01
5.467996001243591309e-01
5.467996001243591309e-01
5.467996001243591309e-01
5.467996001243591309e-01
5.467996001243591309e-01
5.467996001243591309e-01
5.467996001243591309e-01
5.467996001243591309e-01
5.484078526496887207e-01
5.612736940383911133e-01
5.882920622825622559e-01
5.947250127792358398e-01
6.307494640350341797e-01
6.397555470466613770e-01
6.465101242065429688e-01
6.551945805549621582e-01
6.587327122688293457e-01
6.667738556861877441e-01
6.725635528564453125e-01
6.719202399253845215e-01
6.761016249656677246e-01
6.851077675819396973e-01
6.918623447418212891e-01
6.944355368614196777e-01
6.902540922164916992e-01
7.005468010902404785e-01
6.995818614959716797e-01
7.011901140213012695e-01
7.002251744270324707e-01
7.066580653190612793e-01
7.056931257247924805e-01
7.053714990615844727e-01
7.108395099639892578e-01
7.069797515869140625e-01
7.118044495582580566e-01
7.085879445075988770e-01
7.143776416778564453e-01
7.095528841018676758e-01
7.105178236961364746e-01
7.195239663124084473e-01
7.153425812721252441e-01
7.195239663124084473e-01
7.172724604606628418e-01
7.185590267181396484e-01
7.188806533813476562e-01
7.163075208663940430e-01
7.175940871238708496e-01
7.208105325698852539e-01
7.204889059066772461e-01
7.201672792434692383e-01
7.201672792434692383e-01
7.211322188377380371e-01
7.233837246894836426e-01
7.220971584320068359e-01
7.220971584320068359e-01
7.220971584320068359e-01
7.208105325698852539e-01
7.195239663124084473e-01
7.198455929756164551e-01
7.204889059066772461e-01
7.217754721641540527e-01
7.198455929756164551e-01
7.214538455009460449e-01
7.233837246894836426e-01
7.230620980262756348e-01
7.211322188377380371e-01
7.224187850952148438e-01
7.217754721641540527e-01
7.224187850952148438e-01
7.224187850952148438e-01
7.217754721641540527e-01
7.214538455009460449e-01
7.198455929756164551e-01
7.201672792434692383e-01
7.201672792434692383e-01
7.211322188377380371e-01
7.208105325698852539e-01
7.204889059066772461e-01
7.208105325698852539e-01
7.214538455009460449e-01
7.211322188377380371e-01
7.217754721641540527e-01
7.208105325698852539e-01
7.208105325698852539e-01
7.217754721641540527e-01
7.217754721641540527e-01
7.217754721641540527e-01
7.214538455009460449e-01
7.211322188377380371e-01
7.211322188377380371e-01
7.217754721641540527e-01
7.211322188377380371e-01
7.208105325698852539e-01
7.208105325698852539e-01
7.208105325698852539e-01
7.211322188377380371e-01
7.211322188377380371e-01
7.217754721641540527e-01
