7.325656414031982422e-01
8.672683238983154297e-01
7.253086566925048828e-01
8.171021938323974609e-01
6.723635196685791016e-01
8.043630123138427734e-01
7.598502635955810547e-01
9.057030677795410156e-01
5.970335006713867188e-01
8.534908294677734375e-01
9.233808517456054688e-01
6.271941661834716797e-01
7.205414772033691406e-01
6.824018955230712891e-01
7.242829799652099609e-01
8.737826347351074219e-01
6.319863796234130859e-01
7.910845279693603516e-01
7.690639495849609375e-01
6.259975433349609375e-01
6.495094299316406250e-01
8.445994853973388672e-01
7.182962894439697266e-01
8.796989917755126953e-01
6.285541057586669922e-01
4.777908325195312500e-01
5.982868671417236328e-01
7.051355838775634766e-01
8.076045513153076172e-01
8.785500526428222656e-01
5.871586799621582031e-01
6.110126972198486328e-01
8.912935256958007812e-01
7.780494689941406250e-01
7.631392478942871094e-01
7.662730216979980469e-01
7.433290481567382812e-01
5.642986297607421875e-01
7.852740287780761719e-01
6.423797607421875000e-01
5.822794437408447266e-01
7.651338577270507812e-01
6.786899566650390625e-01
7.811615467071533203e-01
5.922906398773193359e-01
6.432218551635742188e-01
8.144555091857910156e-01
6.589739322662353516e-01
6.705384254455566406e-01
8.575832843780517578e-01
