8.154001235961914062e-01
8.691504001617431641e-01
6.569826602935791016e-01
7.575106620788574219e-01
6.334967613220214844e-01
8.564367294311523438e-01
6.673119068145751953e-01
8.768882751464843750e-01
6.175997257232666016e-01
8.084263801574707031e-01
9.237694740295410156e-01
6.475174427032470703e-01
7.601044178009033203e-01
7.229015827178955078e-01
8.095400333404541016e-01
9.209635257720947266e-01
6.702156066894531250e-01
8.419640064239501953e-01
7.481105327606201172e-01
6.637427806854248047e-01
6.648216247558593750e-01
8.539943695068359375e-01
7.154607772827148438e-01
9.497931003570556641e-01
6.848623752593994141e-01
5.096378326416015625e-01
5.597794055938720703e-01
7.109081745147705078e-01
7.607593536376953125e-01
8.809814453125000000e-01
6.979441642761230469e-01
7.319347858428955078e-01
9.577999114990234375e-01
7.907721996307373047e-01
7.479269504547119141e-01
7.025728225708007812e-01
7.032895088195800781e-01
6.062915325164794922e-01
8.599512577056884766e-01
6.264467239379882812e-01
5.642056465148925781e-01
7.770497798919677734e-01
6.768276691436767578e-01
7.947523593902587891e-01
5.560522079467773438e-01
5.525388717651367188e-01
7.971646785736083984e-01
6.424248218536376953e-01
6.325666904449462891e-01
8.453609943389892578e-01
