1.244400814175605774e-01
7.834728062152862549e-02
9.409082680940628052e-02
9.818463772535324097e-02
7.486227154731750488e-02
5.955537036061286926e-02
4.517444223165512085e-02
5.460476875305175781e-02
4.925125092267990112e-02
4.745103791356086731e-02
4.580315947532653809e-02
4.077156633138656616e-02
3.798627853393554688e-02
3.710090741515159607e-02
3.494479507207870483e-02
3.650921210646629333e-02
3.381779789924621582e-02
3.447717800736427307e-02
3.021205030381679535e-02
2.818982303142547607e-02
2.679565362632274628e-02
2.537304162979125977e-02
2.419592067599296570e-02
2.381584048271179199e-02
2.110133320093154907e-02
2.028719335794448853e-02
1.927832886576652527e-02
1.716521196067333221e-02
1.666202023625373840e-02
1.591801457107067108e-02
1.517662685364484787e-02
1.423059310764074326e-02
1.383190695196390152e-02
1.355595421046018600e-02
1.247884333133697510e-02
1.131719257682561874e-02
1.106617040932178497e-02
1.011799275875091553e-02
9.819117374718189240e-03
9.440509602427482605e-03
8.814730681478977203e-03
8.465003222227096558e-03
7.933897897601127625e-03
7.828531786799430847e-03
7.594830822199583054e-03
7.452848367393016815e-03
7.048527710139751434e-03
6.997523363679647446e-03
6.685790140181779861e-03
6.622363347560167313e-03
