1.681636333465576172e+00
1.916121959686279297e+00
1.711684465408325195e+00
1.335707664489746094e+00
2.012339830398559570e+00
1.694653511047363281e+00
1.177050352096557617e+00
1.771256208419799805e+00
1.416729927062988281e+00
1.611078023910522461e+00
1.506857156753540039e+00
1.508080959320068359e+00
1.899980545043945312e+00
1.876575231552124023e+00
1.554104804992675781e+00
1.423502206802368164e+00
1.285751342773437500e+00
1.583611488342285156e+00
1.724904298782348633e+00
1.706626176834106445e+00
1.848295211791992188e+00
1.849388837814331055e+00
1.349379539489746094e+00
1.736459493637084961e+00
1.813718318939208984e+00
1.818686246871948242e+00
1.262045145034790039e+00
1.516819953918457031e+00
1.583023548126220703e+00
1.531508445739746094e+00
1.669590950012207031e+00
1.582270622253417969e+00
1.551892995834350586e+00
1.433091878890991211e+00
1.189459800720214844e+00
1.234866142272949219e+00
1.768352508544921875e+00
1.804290771484375000e+00
1.504765033721923828e+00
1.814924001693725586e+00
1.319174289703369141e+00
1.669661521911621094e+00
1.454097986221313477e+00
1.477461814880371094e+00
1.317737579345703125e+00
1.798762798309326172e+00
1.263938426971435547e+00
1.458492517471313477e+00
1.592275381088256836e+00
1.664989948272705078e+00
