8.132696151733398438e-01
1.180959224700927734e+00
9.004099369049072266e-01
1.081038951873779297e+00
8.003873825073242188e-01
1.231137037277221680e+00
8.233227729797363281e-01
8.753538131713867188e-01
9.312438964843750000e-01
8.584318161010742188e-01
8.458077907562255859e-01
8.406877517700195312e-01
1.059094905853271484e+00
1.196834325790405273e+00
1.116640567779541016e+00
9.860994815826416016e-01
1.077963590621948242e+00
1.003932237625122070e+00
7.323129177093505859e-01
1.291509866714477539e+00
1.025629997253417969e+00
1.028890132904052734e+00
1.232650279998779297e+00
1.188224077224731445e+00
1.046824455261230469e+00
8.460829257965087891e-01
1.031860589981079102e+00
8.686017990112304688e-01
1.127605915069580078e+00
1.199779272079467773e+00
1.015963554382324219e+00
1.086055278778076172e+00
1.011852025985717773e+00
1.036402225494384766e+00
8.361363410949707031e-01
7.655189037322998047e-01
8.706734180450439453e-01
9.083757400512695312e-01
8.517787456512451172e-01
1.221229791641235352e+00
1.008299827575683594e+00
1.065052509307861328e+00
1.078035354614257812e+00
9.740667343139648438e-01
1.079884290695190430e+00
8.869607448577880859e-01
9.375422000885009766e-01
8.777174949645996094e-01
9.236207008361816406e-01
9.855225086212158203e-01
