1.981196451187133789e+01
1.584206390380859375e+01
1.789223265647888184e+01
1.572455191612243652e+01
1.597085857391357422e+01
1.585686516761779785e+01
1.580531644821166992e+01
1.576627683639526367e+01
1.585678911209106445e+01
1.593808078765869141e+01
1.591379261016845703e+01
1.965357351303100586e+01
1.595900416374206543e+01
1.591543936729431152e+01
1.600384759902954102e+01
1.610768413543701172e+01
1.586010193824768066e+01
1.577593183517456055e+01
1.581139802932739258e+01
1.591306424140930176e+01
1.588457942008972168e+01
1.574726152420043945e+01
1.806049418449401855e+01
1.581732678413391113e+01
1.595790386199951172e+01
1.573604655265808105e+01
1.591707682609558105e+01
1.580534267425537109e+01
1.594200682640075684e+01
1.598479509353637695e+01
1.583473610877990723e+01
1.587732458114624023e+01
1.582995796203613281e+01
1.608155083656311035e+01
1.601251101493835449e+01
1.593733310699462891e+01
1.584994697570800781e+01
1.569746255874633789e+01
1.587995219230651855e+01
1.596427702903747559e+01
1.960193276405334473e+01
1.582186079025268555e+01
1.566878795623779297e+01
1.600895047187805176e+01
1.591707491874694824e+01
1.593761062622070312e+01
1.716432285308837891e+01
1.581182479858398438e+01
1.620780897140502930e+01
1.848221039772033691e+01
1.589111161231994629e+01
1.587953209877014160e+01
1.590019750595092773e+01
1.977292370796203613e+01
1.581489634513854980e+01
1.587540888786315918e+01
1.593200111389160156e+01
1.791523885726928711e+01
1.586639213562011719e+01
1.590082478523254395e+01
1.588257980346679688e+01
1.598601412773132324e+01
1.577958774566650391e+01
1.596624350547790527e+01
1.596214246749877930e+01
1.605291271209716797e+01
1.595427465438842773e+01
1.609383845329284668e+01
1.593179249763488770e+01
1.584977746009826660e+01
1.583493781089782715e+01
1.594536375999450684e+01
1.582729506492614746e+01
1.582003259658813477e+01
1.595582699775695801e+01
1.578338098526000977e+01
1.733369445800781250e+01
1.589918065071105957e+01
1.600404429435729980e+01
1.944341373443603516e+01
1.593283200263977051e+01
1.603600287437438965e+01
1.701071071624755859e+01
1.594186830520629883e+01
1.589551687240600586e+01
1.589228010177612305e+01
1.960604095458984375e+01
1.579360866546630859e+01
1.595643258094787598e+01
1.605586886405944824e+01
1.577844929695129395e+01
1.603182053565979004e+01
1.595239925384521484e+01
1.589598083496093750e+01
1.577949333190917969e+01
1.788831591606140137e+01
1.579536819458007812e+01
1.587909007072448730e+01
1.591317629814147949e+01
1.593916535377502441e+01
