1.684332132339477539e+01
1.901382017135620117e+01
1.830378890037536621e+01
1.895484685897827148e+01
1.658240675926208496e+01
1.827314567565917969e+01
1.664923596382141113e+01
1.827342987060546875e+01
1.796111655235290527e+01
1.669480967521667480e+01
1.829114747047424316e+01
1.658055686950683594e+01
1.881873703002929688e+01
1.877838301658630371e+01
1.710498881340026855e+01
1.831570386886596680e+01
1.847427344322204590e+01
1.876235246658325195e+01
1.822560882568359375e+01
1.852355265617370605e+01
1.695629072189331055e+01
1.735020804405212402e+01
2.036959838867187500e+01
1.748713779449462891e+01
1.689861106872558594e+01
1.669688534736633301e+01
1.660455179214477539e+01
1.664948153495788574e+01
1.684348416328430176e+01
1.718791389465332031e+01
1.666371345520019531e+01
1.837669372558593750e+01
1.810630083084106445e+01
1.843832159042358398e+01
1.660006093978881836e+01
1.706600141525268555e+01
1.825490808486938477e+01
1.854426050186157227e+01
1.679751634597778320e+01
1.840276956558227539e+01
1.846988487243652344e+01
1.895328593254089355e+01
1.839009833335876465e+01
1.834718489646911621e+01
1.842332720756530762e+01
2.039217066764831543e+01
1.667522716522216797e+01
1.766341900825500488e+01
2.037710237503051758e+01
1.661737298965454102e+01
1.893237948417663574e+01
1.828179764747619629e+01
1.809382057189941406e+01
1.901373934745788574e+01
1.907197475433349609e+01
1.812745857238769531e+01
1.821023869514465332e+01
1.837479543685913086e+01
1.986389660835266113e+01
1.666305184364318848e+01
1.653025984764099121e+01
1.663326597213745117e+01
1.670950818061828613e+01
1.829934334754943848e+01
1.656680393218994141e+01
2.040011000633239746e+01
1.747477388381958008e+01
1.855465936660766602e+01
1.709828543663024902e+01
1.665673327445983887e+01
1.677973437309265137e+01
1.881534528732299805e+01
1.666293048858642578e+01
1.840254640579223633e+01
1.838416099548339844e+01
1.663413262367248535e+01
1.904163026809692383e+01
1.657630467414855957e+01
1.726384949684143066e+01
1.671248626708984375e+01
1.903408455848693848e+01
1.810457372665405273e+01
2.038586902618408203e+01
1.686561846733093262e+01
1.669837808609008789e+01
1.828967189788818359e+01
1.842594027519226074e+01
1.898583865165710449e+01
1.706333136558532715e+01
1.820836830139160156e+01
1.656274008750915527e+01
1.875156044960021973e+01
1.665579009056091309e+01
1.661135315895080566e+01
1.828522491455078125e+01
1.831974005699157715e+01
1.778212475776672363e+01
1.659905338287353516e+01
1.726758098602294922e+01
1.714603066444396973e+01
