6.264376640319824219e-02
6.268262863159179688e-02
6.225872039794921875e-02
6.262302398681640625e-02
6.270265579223632812e-02
6.232643127441406250e-02
6.225728988647460938e-02
6.246638298034667969e-02
6.231713294982910156e-02
6.218457221984863281e-02
6.230330467224121094e-02
6.253480911254882812e-02
6.223702430725097656e-02
6.204199790954589844e-02
6.291222572326660156e-02
6.261062622070312500e-02
6.194448471069335938e-02
6.268787384033203125e-02
6.233978271484375000e-02
6.209206581115722656e-02
6.238865852355957031e-02
6.231498718261718750e-02
6.224894523620605469e-02
6.220769882202148438e-02
6.238007545471191406e-02
6.238198280334472656e-02
6.161618232727050781e-02
6.250119209289550781e-02
6.239414215087890625e-02
6.225633621215820312e-02
6.196665763854980469e-02
6.247115135192871094e-02
6.242275238037109375e-02
6.219816207885742188e-02
6.240868568420410156e-02
6.235861778259277344e-02
6.246590614318847656e-02
6.209063529968261719e-02
6.248617172241210938e-02
6.208324432373046875e-02
6.214761734008789062e-02
6.231999397277832031e-02
6.191873550415039062e-02
6.257748603820800781e-02
6.202435493469238281e-02
6.185364723205566406e-02
6.238293647766113281e-02
6.205129623413085938e-02
6.172180175781250000e-02
6.217026710510253906e-02
