2.286476516723632812e+02
2.618692183494567871e+02
2.562227110862731934e+02
2.618677272796630859e+02
2.574044919013977051e+02
2.601832230091094971e+02
2.596435046195983887e+02
2.602429647445678711e+02
2.554762449264526367e+02
3.218661284446716309e+02
2.267753958702087402e+02
2.955124413967132568e+02
2.737337975502014160e+02
2.995095884799957275e+02
2.816466653347015381e+02
2.876503689289093018e+02
3.218676118850708008e+02
2.585587046146392822e+02
3.218785977363586426e+02
2.502621676921844482e+02
2.952055554389953613e+02
3.218681640625000000e+02
2.659201917648315430e+02
2.717877531051635742e+02
2.917729709148406982e+02
2.991834905147552490e+02
2.919250080585479736e+02
2.997964446544647217e+02
2.781900117397308350e+02
3.218730778694152832e+02
2.509803714752197266e+02
3.218765072822570801e+02
2.618677463531494141e+02
2.596274065971374512e+02
2.921496603488922119e+02
2.802093706130981445e+02
2.907071876525878906e+02
2.975412082672119141e+02
3.218713994026184082e+02
2.567797539234161377e+02
2.740838646888732910e+02
2.970906579494476318e+02
2.706790716648101807e+02
3.218740260601043701e+02
2.537432341575622559e+02
3.218678784370422363e+02
2.516211507320404053e+02
2.849989440441131592e+02
2.978696980476379395e+02
3.218706870079040527e+02
2.478770787715911865e+02
2.956675598621368408e+02
2.642654736042022705e+02
2.825267722606658936e+02
2.909280223846435547e+02
2.764224083423614502e+02
3.218664097785949707e+02
2.607551181316375732e+02
3.218819556236267090e+02
2.515258111953735352e+02
2.858086757659912109e+02
2.858662767410278320e+02
2.813961756229400635e+02
2.992095348834991455e+02
3.218662085533142090e+02
2.493691005706787109e+02
3.218720495700836182e+02
2.494049875736236572e+02
3.218883452415466309e+02
2.475035467147827148e+02
2.873229103088378906e+02
2.840651588439941406e+02
2.874902727603912354e+02
2.812100362777709961e+02
2.896084496974945068e+02
2.781309084892272949e+02
2.904878327846527100e+02
2.867220628261566162e+02
2.841987848281860352e+02
2.825335042476654053e+02
3.218703985214233398e+02
2.618691287040710449e+02
3.218684594631195068e+02
2.493712918758392334e+02
3.218769283294677734e+02
2.638303670883178711e+02
3.218795974254608154e+02
2.518855519294738770e+02
2.591339194774627686e+02
3.218739089965820312e+02
2.260721392631530762e+02
3.218648989200592041e+02
2.509396605491638184e+02
2.764335298538208008e+02
3.218623328208923340e+02
2.618544354438781738e+02
2.598151431083679199e+02
2.985106410980224609e+02
2.726461749076843262e+02
2.984809443950653076e+02
