7.651120901107788086e+00
7.445665836334228516e+00
7.643324613571166992e+00
7.931587696075439453e+00
7.521364927291870117e+00
7.208195209503173828e+00
7.527034759521484375e+00
7.211148500442504883e+00
7.660644531250000000e+00
7.345611572265625000e+00
7.358586311340332031e+00
7.567391633987426758e+00
7.395420312881469727e+00
7.753999948501586914e+00
7.335885047912597656e+00
7.531303644180297852e+00
7.685285806655883789e+00
7.731480121612548828e+00
7.714908838272094727e+00
7.665219783782958984e+00
7.123404502868652344e+00
7.753153085708618164e+00
7.478584527969360352e+00
7.241600751876831055e+00
7.638910770416259766e+00
1.358517336845397949e+01
8.107786893844604492e+00
7.550209283828735352e+00
7.381419420242309570e+00
7.315858364105224609e+00
7.478221893310546875e+00
7.366984605789184570e+00
7.445658683776855469e+00
7.430110692977905273e+00
7.733289957046508789e+00
7.518105745315551758e+00
7.581686496734619141e+00
7.889973640441894531e+00
7.744476318359375000e+00
7.630616426467895508e+00
7.317658424377441406e+00
7.468067407608032227e+00
7.238662242889404297e+00
7.732496738433837891e+00
7.600246191024780273e+00
7.880763530731201172e+00
7.395231246948242188e+00
7.215728282928466797e+00
7.138467073440551758e+00
7.389856338500976562e+00
