1.014362335205078125e+00
9.465479850769042969e-01
6.971714496612548828e-01
7.584645748138427734e-01
8.918278217315673828e-01
1.161035537719726562e+00
9.323632717132568359e-01
1.202895402908325195e+00
8.576769828796386719e-01
1.155166625976562500e+00
9.659667015075683594e-01
1.027054548263549805e+00
9.105391502380371094e-01
7.387328147888183594e-01
9.484424591064453125e-01
9.398076534271240234e-01
7.946741580963134766e-01
6.097478866577148438e-01
8.650078773498535156e-01
8.522009849548339844e-01
1.109639167785644531e+00
8.055763244628906250e-01
9.388895034790039062e-01
1.251379489898681641e+00
7.825500965118408203e-01
9.476289749145507812e-01
6.203677654266357422e-01
9.145486354827880859e-01
1.036768436431884766e+00
1.143602371215820312e+00
9.147739410400390625e-01
1.084660291671752930e+00
8.397459983825683594e-01
8.368196487426757812e-01
8.669161796569824219e-01
1.021621942520141602e+00
7.608401775360107422e-01
7.000155448913574219e-01
7.214751243591308594e-01
9.929301738739013672e-01
1.091274738311767578e+00
8.874378204345703125e-01
1.138442277908325195e+00
8.026390075683593750e-01
9.753406047821044922e-01
7.227919101715087891e-01
1.074725389480590820e+00
1.098536014556884766e+00
1.219805002212524414e+00
1.224145889282226562e+00
