9.937286376953125000e-04
1.021623611450195312e-03
1.013040542602539062e-03
1.023292541503906250e-03
1.044750213623046875e-03
1.006603240966796875e-03
1.018285751342773438e-03
1.021385192871093750e-03
1.024007797241210938e-03
1.010179519653320312e-03
1.038551330566406250e-03
1.003026962280273438e-03
1.016616821289062500e-03
1.022100448608398438e-03
1.012086868286132812e-03
1.015901565551757812e-03
1.047611236572265625e-03
1.002550125122070312e-03
1.016616821289062500e-03
1.003265380859375000e-03
1.027822494506835938e-03
1.046895980834960938e-03
1.017570495605468750e-03
1.061439514160156250e-03
1.037836074829101562e-03
1.030683517456054688e-03
1.049757003784179688e-03
1.058101654052734375e-03
1.037359237670898438e-03
1.008987426757812500e-03
1.066684722900390625e-03
1.032114028930664062e-03
1.024484634399414062e-03
1.034021377563476562e-03
1.021385192871093750e-03
1.012802124023437500e-03
9.915828704833984375e-04
1.047372817993164062e-03
1.014947891235351562e-03
1.011371612548828125e-03
1.045227050781250000e-03
1.038312911987304688e-03
1.046419143676757812e-03
1.007556915283203125e-03
1.012325286865234375e-03
1.029014587402343750e-03
1.036405563354492188e-03
1.026630401611328125e-03
1.038789749145507812e-03
1.012563705444335938e-03
