8.842514944262802601e-05
8.842514944262802601e-05
8.842514944262802601e-05
8.842514944262802601e-05
8.842514944262802601e-05
8.842514944262802601e-05
8.842514944262802601e-05
8.842514944262802601e-05
8.842514944262802601e-05
8.842514944262802601e-05
8.842514944262802601e-05
8.842514944262802601e-05
8.842514944262802601e-05
8.842514944262802601e-05
8.842514944262802601e-05
8.842514944262802601e-05
8.842514944262802601e-05
8.842514944262802601e-05
8.842514944262802601e-05
8.842514944262802601e-05
8.842514944262802601e-05
8.842514944262802601e-05
8.842514944262802601e-05
8.842514944262802601e-05
8.842514944262802601e-05
8.842514944262802601e-05
8.842514944262802601e-05
8.842514944262802601e-05
8.842514944262802601e-05
8.842514944262802601e-05
