1.173084163665771484e+01
1.722291493415832520e+01
1.149863624572753906e+01
1.157542538642883301e+01
1.143968796730041504e+01
1.159556818008422852e+01
1.138593387603759766e+01
1.143616104125976562e+01
1.141672706604003906e+01
1.149967861175537109e+01
1.145152211189270020e+01
1.146310138702392578e+01
1.155910539627075195e+01
1.142881178855895996e+01
1.171073675155639648e+01
1.164012312889099121e+01
1.161910986900329590e+01
1.164314651489257812e+01
1.160840439796447754e+01
1.161777019500732422e+01
1.166168904304504395e+01
1.175998926162719727e+01
1.161972236633300781e+01
1.160840058326721191e+01
1.159061551094055176e+01
1.155941438674926758e+01
1.157106566429138184e+01
1.172347879409790039e+01
1.149799966812133789e+01
1.154434084892272949e+01
