5.081486701965332031e-02
5.585241317749023438e-02
5.062413215637207031e-02
5.073070526123046875e-02
5.032539367675781250e-02
5.047988891601562500e-02
5.064940452575683594e-02
5.052900314331054688e-02
5.050969123840332031e-02
5.061388015747070312e-02
5.054664611816406250e-02
5.077791213989257812e-02
5.046463012695312500e-02
5.084538459777832031e-02
5.181598663330078125e-02
5.184268951416015625e-02
5.184245109558105469e-02
5.181574821472167969e-02
5.092763900756835938e-02
5.096030235290527344e-02
5.183482170104980469e-02
5.074238777160644531e-02
5.104923248291015625e-02
5.106687545776367188e-02
5.086970329284667969e-02
5.103874206542968750e-02
5.080199241638183594e-02
5.086302757263183594e-02
5.075144767761230469e-02
5.074119567871093750e-02
