1.456788277626037598e+01
1.558251643180847168e+01
1.636279511451721191e+01
1.576357841491699219e+01
1.429726409912109375e+01
1.729420328140258789e+01
1.563440895080566406e+01
1.861912274360656738e+01
1.414627099037170410e+01
1.577498173713684082e+01
1.462711477279663086e+01
1.429589653015136719e+01
1.586006999015808105e+01
2.003822374343872070e+01
2.008058834075927734e+01
1.402334022521972656e+01
1.744372701644897461e+01
1.674383521080017090e+01
1.588914203643798828e+01
2.007764744758605957e+01
1.517907571792602539e+01
1.582224583625793457e+01
1.672587895393371582e+01
1.404320359230041504e+01
1.609353446960449219e+01
2.000433444976806641e+01
1.399811840057373047e+01
1.577066302299499512e+01
2.005456805229187012e+01
1.620370626449584961e+01
1.783974170684814453e+01
1.537549257278442383e+01
1.646269416809082031e+01
1.585921597480773926e+01
1.692533731460571289e+01
1.775692176818847656e+01
1.840440130233764648e+01
1.449802684783935547e+01
1.573111605644226074e+01
1.590992617607116699e+01
1.624334716796875000e+01
1.650560045242309570e+01
1.683967471122741699e+01
1.596535491943359375e+01
1.414309287071228027e+01
1.447932147979736328e+01
1.757491946220397949e+01
1.392215275764465332e+01
1.559428572654724121e+01
1.717583322525024414e+01
1.406190109252929688e+01
1.785375428199768066e+01
1.730914378166198730e+01
1.400229549407958984e+01
1.586240077018737793e+01
1.860478258132934570e+01
2.002544426918029785e+01
2.003820896148681641e+01
1.402462911605834961e+01
2.008494210243225098e+01
1.589697957038879395e+01
1.870732498168945312e+01
1.675461626052856445e+01
1.777767157554626465e+01
1.410343813896179199e+01
1.398307108879089355e+01
1.703250169754028320e+01
1.788158059120178223e+01
1.459137368202209473e+01
1.757252979278564453e+01
1.865608263015747070e+01
1.430351352691650391e+01
1.788598418235778809e+01
1.576560568809509277e+01
2.010754871368408203e+01
1.420472025871276855e+01
1.629667901992797852e+01
1.637715268135070801e+01
1.461810755729675293e+01
1.814001297950744629e+01
1.866330409049987793e+01
1.575610685348510742e+01
1.576890087127685547e+01
1.700024223327636719e+01
1.662575364112854004e+01
2.004575204849243164e+01
1.527824735641479492e+01
1.946199083328247070e+01
1.582521963119506836e+01
1.719536328315734863e+01
1.797589087486267090e+01
2.011037921905517578e+01
1.498454236984252930e+01
1.396689295768737793e+01
1.435274028778076172e+01
1.432920265197753906e+01
1.426827597618103027e+01
1.563871455192565918e+01
1.695344114303588867e+01
1.873221802711486816e+01
2.011459302902221680e+01
1.401167225837707520e+01
1.588332200050354004e+01
1.698037171363830566e+01
1.555381584167480469e+01
1.641304349899291992e+01
1.427601146697998047e+01
1.568167662620544434e+01
1.685706639289855957e+01
1.627371168136596680e+01
2.008056187629699707e+01
1.403005361557006836e+01
1.434381628036499023e+01
1.830116486549377441e+01
1.575550413131713867e+01
1.699637937545776367e+01
1.449706959724426270e+01
1.573470306396484375e+01
1.438419079780578613e+01
1.830817461013793945e+01
1.508917117118835449e+01
1.736429834365844727e+01
1.572752881050109863e+01
1.573332285881042480e+01
1.802061700820922852e+01
1.429679894447326660e+01
1.580704832077026367e+01
1.620989346504211426e+01
1.811058402061462402e+01
1.553034949302673340e+01
1.652634239196777344e+01
1.726790332794189453e+01
1.427098846435546875e+01
1.847162151336669922e+01
1.839904284477233887e+01
1.395416498184204102e+01
1.726102280616760254e+01
2.005008745193481445e+01
1.403493404388427734e+01
1.565278959274291992e+01
1.638803887367248535e+01
1.632387828826904297e+01
1.641050648689270020e+01
1.854565095901489258e+01
1.580237364768981934e+01
1.556816673278808594e+01
1.595267677307128906e+01
1.799618315696716309e+01
1.436913633346557617e+01
1.768594884872436523e+01
1.578149604797363281e+01
1.627675652503967285e+01
1.817985987663269043e+01
1.457297825813293457e+01
2.008816123008728027e+01
1.525775337219238281e+01
1.565719318389892578e+01
1.436415433883666992e+01
1.762270665168762207e+01
1.570492053031921387e+01
2.005657243728637695e+01
1.400487852096557617e+01
1.772506618499755859e+01
1.916820478439331055e+01
1.583082127571105957e+01
1.435283851623535156e+01
1.440687823295593262e+01
1.573420453071594238e+01
1.587058448791503906e+01
1.762291717529296875e+01
1.429047775268554688e+01
1.580090451240539551e+01
1.807928562164306641e+01
1.710610961914062500e+01
2.005399274826049805e+01
1.494917774200439453e+01
1.689408230781555176e+01
1.415858316421508789e+01
1.425101399421691895e+01
1.580683827400207520e+01
1.691371631622314453e+01
1.592901110649108887e+01
1.793045592308044434e+01
1.574869918823242188e+01
1.427343821525573730e+01
1.830411005020141602e+01
1.526603364944458008e+01
1.417766547203063965e+01
1.438828897476196289e+01
1.856734251976013184e+01
1.627182555198669434e+01
1.527395677566528320e+01
1.717595124244689941e+01
1.638242983818054199e+01
2.005540633201599121e+01
1.399804306030273438e+01
1.443231344223022461e+01
1.835562181472778320e+01
2.005829143524169922e+01
1.409709596633911133e+01
