1.459972739219665527e+01
1.401298594474792480e+01
1.454444074630737305e+01
1.559514403343200684e+01
1.429911947250366211e+01
1.730041098594665527e+01
1.566816616058349609e+01
2.007623457908630371e+01
1.549100637435913086e+01
1.406652879714965820e+01
1.444100451469421387e+01
1.601279759407043457e+01
1.585322499275207520e+01
2.008614754676818848e+01
1.415307164192199707e+01
1.869904470443725586e+01
1.740895080566406250e+01
1.678366112709045410e+01
1.574554586410522461e+01
1.626665997505187988e+01
1.614366674423217773e+01
1.602457284927368164e+01
1.679548692703247070e+01
1.573832654953002930e+01
1.609231090545654297e+01
1.572302341461181641e+01
1.700874423980712891e+01
1.579912900924682617e+01
1.808457446098327637e+01
1.871626782417297363e+01
1.785983753204345703e+01
1.538134193420410156e+01
1.826058459281921387e+01
2.005207681655883789e+01
1.400894474983215332e+01
1.775115656852722168e+01
1.611657547950744629e+01
1.446623682975769043e+01
1.582290124893188477e+01
1.594969511032104492e+01
2.007384538650512695e+01
1.415254664421081543e+01
1.438460111618041992e+01
1.600297737121582031e+01
1.595342254638671875e+01
1.432026648521423340e+01
1.776627182960510254e+01
1.648241257667541504e+01
2.005033445358276367e+01
1.398879837989807129e+01
1.571097564697265625e+01
2.006996440887451172e+01
1.488713598251342773e+01
1.571916699409484863e+01
2.005858826637268066e+01
1.392769193649291992e+01
2.002600216865539551e+01
1.411220884323120117e+01
1.915574550628662109e+01
1.580080604553222656e+01
1.941024947166442871e+01
1.885347795486450195e+01
1.667917823791503906e+01
1.624250745773315430e+01
1.417232489585876465e+01
1.569104576110839844e+01
1.475388097763061523e+01
1.783410954475402832e+01
1.434203600883483887e+01
1.745792317390441895e+01
1.871388006210327148e+01
1.432085037231445312e+01
1.791734385490417480e+01
1.577459764480590820e+01
2.010838484764099121e+01
1.418697834014892578e+01
1.615682387351989746e+01
1.637923216819763184e+01
1.456083869934082031e+01
1.812139487266540527e+01
1.867489647865295410e+01
1.570200872421264648e+01
2.006276082992553711e+01
1.406015229225158691e+01
2.005837130546569824e+01
1.588455176353454590e+01
1.604900169372558594e+01
1.944638013839721680e+01
1.584665250778198242e+01
1.709262013435363770e+01
1.791860485076904297e+01
1.631912398338317871e+01
1.614311647415161133e+01
1.566992235183715820e+01
1.438480091094970703e+01
1.440912961959838867e+01
1.428581118583679199e+01
1.558676028251647949e+01
1.698601841926574707e+01
1.872424650192260742e+01
1.464444899559020996e+01
1.791152071952819824e+01
1.396712541580200195e+01
1.692185378074645996e+01
1.551856017112731934e+01
1.656395697593688965e+01
1.424923634529113770e+01
1.573104071617126465e+01
1.684239196777343750e+01
1.866761136054992676e+01
1.583055710792541504e+01
1.710734677314758301e+01
1.429507017135620117e+01
1.828279924392700195e+01
2.008501315116882324e+01
1.399998164176940918e+01
1.446956372261047363e+01
1.581318902969360352e+01
1.436242985725402832e+01
1.829980492591857910e+01
1.514560508728027344e+01
1.746581339836120605e+01
1.573139643669128418e+01
1.575777673721313477e+01
1.811534094810485840e+01
1.427100253105163574e+01
1.399622821807861328e+01
1.449408030509948730e+01
1.807729792594909668e+01
1.556638669967651367e+01
1.650192666053771973e+01
1.723817372322082520e+01
1.430699896812438965e+01
2.009956979751586914e+01
1.738520312309265137e+01
1.538433527946472168e+01
1.724388027191162109e+01
1.571608066558837891e+01
1.694935584068298340e+01
1.572902584075927734e+01
2.005515789985656738e+01
1.414386725425720215e+01
2.008965992927551270e+01
1.633377742767333984e+01
1.571773219108581543e+01
1.551905393600463867e+01
1.394120454788208008e+01
1.615179800987243652e+01
1.439693117141723633e+01
1.761761975288391113e+01
1.400635814666748047e+01
1.632605028152465820e+01
1.814718270301818848e+01
1.461606454849243164e+01
1.626079535484313965e+01
1.647412419319152832e+01
1.397772026062011719e+01
1.436491847038269043e+01
1.774675679206848145e+01
1.569603180885314941e+01
1.695217394828796387e+01
1.577371311187744141e+01
1.774319911003112793e+01
1.735159826278686523e+01
1.582513356208801270e+01
1.438358926773071289e+01
1.443766975402832031e+01
1.567052578926086426e+01
1.595458674430847168e+01
1.758448648452758789e+01
1.438547420501708984e+01
1.575653052330017090e+01
2.008895468711853027e+01
2.008868670463562012e+01
1.398705053329467773e+01
1.396482801437377930e+01
1.696023130416870117e+01
1.594445443153381348e+01
1.431326174736022949e+01
1.582434225082397461e+01
1.702543878555297852e+01
1.600974774360656738e+01
1.798483228683471680e+01
1.566314053535461426e+01
2.005101609230041504e+01
1.402428650856018066e+01
1.519945526123046875e+01
1.415066194534301758e+01
1.622544217109680176e+01
1.865391016006469727e+01
1.805619430541992188e+01
1.529624748229980469e+01
1.729185891151428223e+01
1.643910622596740723e+01
1.571231365203857422e+01
1.688952040672302246e+01
1.443500471115112305e+01
1.839963746070861816e+01
1.895038485527038574e+01
1.446977758407592773e+01
