3.734319806098937988e-01
5.484078526496887207e-01
5.836281776428222656e-01
6.001929640769958496e-01
6.213412880897521973e-01
6.225474476814270020e-01
6.383081674575805664e-01
6.451431512832641602e-01
6.567224264144897461e-01
6.673367619514465332e-01
6.732068061828613281e-01
6.785944104194641113e-01
6.818108558654785156e-01
6.866355538368225098e-01
6.900128722190856934e-01
6.970890760421752930e-01
7.021550536155700684e-01
7.049694657325744629e-01
7.067384719848632812e-01
7.081859111785888672e-01
7.152621150016784668e-01
7.163075208663940430e-01
7.181569933891296387e-01
7.206497192382812500e-01
7.227404117584228516e-01
7.226600050926208496e-01
7.258765101432800293e-01
7.268414497375488281e-01
7.287713289260864258e-01
7.280476093292236328e-01
7.314248681068420410e-01
7.323898077011108398e-01
7.323094010353088379e-01
7.338372468948364258e-01
7.333547472953796387e-01
7.340784668922424316e-01
7.372145652770996094e-01
7.347217798233032227e-01
7.362496256828308105e-01
7.358475327491760254e-01
7.372145652770996094e-01
7.377774119377136230e-01
7.399485111236572266e-01
7.380186319351196289e-01
7.397876977920532227e-01
7.387423515319824219e-01
7.386619448661804199e-01
7.393856644630432129e-01
7.401093840599060059e-01
7.402701973915100098e-01
7.403506040573120117e-01
7.391444444656372070e-01
7.397072911262512207e-01
7.415567636489868164e-01
7.407526373863220215e-01
7.400289773941040039e-01
7.413155436515808105e-01
7.413959503173828125e-01
7.420392632484436035e-01
7.409939169883728027e-01
7.405114173889160156e-01
7.401093840599060059e-01
7.394660711288452148e-01
7.401093840599060059e-01
7.406722307205200195e-01
7.403506040573120117e-01
7.402701973915100098e-01
7.406722307205200195e-01
7.409134507179260254e-01
7.403506040573120117e-01
7.408330440521240234e-01
7.405918240547180176e-01
7.407526373863220215e-01
7.405918240547180176e-01
7.409134507179260254e-01
7.405114173889160156e-01
7.410743236541748047e-01
7.407526373863220215e-01
7.406722307205200195e-01
7.405918240547180176e-01
7.409134507179260254e-01
7.407526373863220215e-01
7.408330440521240234e-01
7.409939169883728027e-01
7.407526373863220215e-01
7.413155436515808105e-01
7.409134507179260254e-01
7.410743236541748047e-01
7.409134507179260254e-01
7.407526373863220215e-01
7.409939169883728027e-01
7.410743236541748047e-01
7.408330440521240234e-01
7.409939169883728027e-01
7.409134507179260254e-01
7.408330440521240234e-01
7.407526373863220215e-01
7.409939169883728027e-01
7.409134507179260254e-01
7.409939169883728027e-01
