1.370589542388916016e+01
1.389462423324584961e+01
1.397607111930847168e+01
1.391995501518249512e+01
1.416348290443420410e+01
1.381184792518615723e+01
1.400342535972595215e+01
2.056242728233337402e+01
1.391925024986267090e+01
1.379450750350952148e+01
1.423645567893981934e+01
1.398775339126586914e+01
1.400199294090270996e+01
1.401943397521972656e+01
1.428612351417541504e+01
1.394149661064147949e+01
1.420703959465026855e+01
1.392069268226623535e+01
1.394875693321228027e+01
1.390490007400512695e+01
1.397990202903747559e+01
1.391278910636901855e+01
1.398776984214782715e+01
1.388823795318603516e+01
1.392529869079589844e+01
1.394641661643981934e+01
1.399090123176574707e+01
1.396862554550170898e+01
1.401539397239685059e+01
1.398421764373779297e+01
1.381485891342163086e+01
1.387307405471801758e+01
1.398487353324890137e+01
1.403378915786743164e+01
1.397934341430664062e+01
1.380891180038452148e+01
1.382334327697753906e+01
2.031697916984558105e+01
1.402993607521057129e+01
1.400443983078002930e+01
1.403918409347534180e+01
2.012793493270874023e+01
1.391064333915710449e+01
1.394522070884704590e+01
1.406901478767395020e+01
1.413767933845520020e+01
1.403378677368164062e+01
1.374728202819824219e+01
1.383821034431457520e+01
1.381445050239562988e+01
