1.095855236053466797e+01
2.018771004676818848e+01
1.195394086837768555e+01
1.980561137199401855e+01
1.200927877426147461e+01
1.920055747032165527e+01
1.413506984710693359e+01
1.851308846473693848e+01
2.046758103370666504e+01
1.074035358428955078e+01
1.227520942687988281e+01
1.871963930130004883e+01
1.239640951156616211e+01
1.861311793327331543e+01
1.343894577026367188e+01
1.626730489730834961e+01
1.318932676315307617e+01
1.778487396240234375e+01
1.105762028694152832e+01
1.961681079864501953e+01
1.188443970680236816e+01
1.216134262084960938e+01
1.908623623847961426e+01
1.967179322242736816e+01
3.049174118041992188e+01
1.991562652587890625e+01
3.104486823081970215e+01
1.979971027374267578e+01
2.012734317779541016e+01
3.079001402854919434e+01
2.073577308654785156e+01
3.104540395736694336e+01
2.067323732376098633e+01
3.293112444877624512e+01
1.917817401885986328e+01
1.178771924972534180e+01
1.955500841140747070e+01
1.164860820770263672e+01
1.996809315681457520e+01
1.196963810920715332e+01
1.170590877532958984e+01
2.024560737609863281e+01
3.261195564270019531e+01
1.905470061302185059e+01
1.220067334175109863e+01
1.770901632308959961e+01
1.147740244865417480e+01
1.833872580528259277e+01
1.281609988212585449e+01
1.851844429969787598e+01
