7.051517963409423828e-01
5.155606269836425781e-01
6.404476165771484375e-01
8.620884418487548828e-01
6.897678375244140625e-01
8.371489048004150391e-01
5.752403736114501953e-01
8.502535820007324219e-01
9.011421203613281250e-01
6.293144226074218750e-01
7.319047451019287109e-01
7.668364048004150391e-01
7.595350742340087891e-01
8.594551086425781250e-01
7.201707363128662109e-01
6.910326480865478516e-01
5.792663097381591797e-01
5.451290607452392578e-01
6.538753509521484375e-01
8.957633972167968750e-01
6.221885681152343750e-01
6.436109542846679688e-01
8.461673259735107422e-01
4.929382801055908203e-01
6.024341583251953125e-01
6.936857700347900391e-01
1.007231235504150391e+00
5.748777389526367188e-01
5.643098354339599609e-01
6.394321918487548828e-01
7.585051059722900391e-01
7.422659397125244141e-01
6.714355945587158203e-01
7.932651042938232422e-01
7.919564247131347656e-01
6.725702285766601562e-01
8.338391780853271484e-01
6.367774009704589844e-01
6.858949661254882812e-01
7.451765537261962891e-01
5.475280284881591797e-01
6.760578155517578125e-01
7.870209217071533203e-01
6.690676212310791016e-01
7.378120422363281250e-01
7.385528087615966797e-01
7.732052803039550781e-01
5.523412227630615234e-01
7.881243228912353516e-01
7.406582832336425781e-01
