4.780996590852737427e-02
1.849601417779922485e-02
1.036771852523088455e-02
2.217546850442886353e-02
1.115709915757179260e-02
1.465897425077855587e-03
2.608656650409102440e-03
8.291594567708671093e-04
1.508720451965928078e-03
7.610099273733794689e-04
3.426139883231371641e-04
1.279136777156963944e-04
1.536289637442678213e-04
1.009374245768412948e-04
1.854669972090050578e-04
8.570020145270973444e-05
4.694777817348949611e-05
1.734203578962478787e-05
7.775120138830970973e-06
5.301539658830733970e-06
4.031911430502077565e-06
3.251714360885671340e-06
2.723581474128877744e-06
2.329686367374961264e-06
2.038898401224287227e-06
1.798920607143372763e-06
1.597454229340655729e-06
1.433460283806198277e-06
1.298377469538536388e-06
1.187088173537631519e-06
1.089052602765150368e-06
1.004750856736791320e-06
9.317939202446723357e-07
8.692275628163770307e-07
8.120001098177453969e-07
7.611419050590484403e-07
7.158539574447786435e-07
6.754032142453070264e-07
6.394408273990848102e-07
6.059722750251239631e-07
5.754523613177298103e-07
5.479502078742370941e-07
5.235685307525272947e-07
5.014516659684886690e-07
4.804745117326092441e-07
4.610577661878778599e-07
4.430845592651166953e-07
4.264543065346515505e-07
4.109825226805696730e-07
3.968378621266310802e-07
