5.392002314329147339e-02
2.546989172697067261e-02
1.197487767785787582e-02
1.791494898498058319e-03
6.498747970908880234e-04
6.681800732621923089e-05
5.843884355272166431e-05
1.259826058230828494e-05
1.159688054030993953e-06
1.265678406525694299e-06
9.535899607726605609e-07
9.232044817508722190e-07
8.054261115830740891e-07
6.807581485190894455e-07
5.959698228252818808e-07
5.298171572576393373e-07
4.729753584342688555e-07
4.205788570743607124e-07
3.778759207762050210e-07
3.450076633271237370e-07
3.245670825435809093e-07
3.049489691875351127e-07
2.794029967390088132e-07
2.587257199593295809e-07
2.417889390926575288e-07
2.259466782561503351e-07
2.067511246650610701e-07
1.923410337667519343e-07
1.808798231195396511e-07
1.722324469710656558e-07
1.624390364440841950e-07
1.535049989342951449e-07
1.456833587099026772e-07
1.398167626120994100e-07
1.323150371490555699e-07
1.261617654790825327e-07
1.202444224190912792e-07
1.149339112771485816e-07
1.078871321169572184e-07
1.047512228069535922e-07
9.994619176723062992e-08
9.571435555244534044e-08
9.224115871120375232e-08
8.800926565299960203e-08
8.534524198466897360e-08
8.246197324979220866e-08
7.935958734606174403e-08
7.713389038599416381e-08
7.404828750168235274e-08
7.167081150782905752e-08
