1.122600841522216797e+01
2.043857765197753906e+01
1.204389834403991699e+01
1.109542942047119141e+01
2.074116802215576172e+01
3.291491365432739258e+01
1.775652527809143066e+01
2.045884871482849121e+01
1.502240800857543945e+01
1.239985990524291992e+01
1.914134526252746582e+01
1.270081353187561035e+01
1.864741826057434082e+01
1.354635357856750488e+01
1.212963533401489258e+01
1.917622065544128418e+01
2.045871138572692871e+01
1.083208966255187988e+01
2.152024364471435547e+01
3.159988856315612793e+01
2.084962987899780273e+01
3.148463654518127441e+01
2.038800287246704102e+01
1.130146694183349609e+01
1.924367260932922363e+01
2.020574378967285156e+01
1.242934632301330566e+01
4.094013285636901855e+01
1.099421715736389160e+01
2.127507233619689941e+01
1.121215176582336426e+01
2.045885729789733887e+01
1.152696299552917480e+01
1.097402286529541016e+01
1.945368528366088867e+01
2.070363092422485352e+01
1.232984066009521484e+01
1.221388411521911621e+01
1.908612012863159180e+01
1.388082551956176758e+01
1.909854078292846680e+01
1.902161169052124023e+01
2.192489075660705566e+01
1.270968103408813477e+01
2.123837471008300781e+01
1.105726361274719238e+01
2.053851366043090820e+01
3.066052579879760742e+01
2.155762267112731934e+01
1.264022803306579590e+01
