1.582677960395812988e+01
1.541443467140197754e+01
2.278242993354797363e+01
1.527116441726684570e+01
1.536334967613220215e+01
1.506834506988525391e+01
1.531570744514465332e+01
1.507485008239746094e+01
2.955117750167846680e+01
1.926532387733459473e+01
1.560496115684509277e+01
1.523919057846069336e+01
2.701061797142028809e+01
1.543593072891235352e+01
1.490369701385498047e+01
2.675502872467041016e+01
1.552294588088989258e+01
1.524064564704895020e+01
1.966327047348022461e+01
1.546189141273498535e+01
1.504226446151733398e+01
3.078698706626892090e+01
1.515232324600219727e+01
1.535678243637084961e+01
1.539311194419860840e+01
1.529380702972412109e+01
2.421423721313476562e+01
1.524690413475036621e+01
1.536556005477905273e+01
1.515696835517883301e+01
1.996364569664001465e+01
1.523438191413879395e+01
1.529078793525695801e+01
1.571104073524475098e+01
1.529002976417541504e+01
1.533737754821777344e+01
1.509413766860961914e+01
1.551021575927734375e+01
1.536219716072082520e+01
2.211686015129089355e+01
1.532760643959045410e+01
1.512224721908569336e+01
1.496236038208007812e+01
1.475916099548339844e+01
3.078468060493469238e+01
1.563246726989746094e+01
1.537114810943603516e+01
3.113358139991760254e+01
1.558580017089843750e+01
3.357215905189514160e+01
1.706464409828186035e+01
1.534428524971008301e+01
1.542963647842407227e+01
2.802032589912414551e+01
1.888377022743225098e+01
1.515398693084716797e+01
1.562562870979309082e+01
2.441434502601623535e+01
1.795418334007263184e+01
1.537870144844055176e+01
3.190614056587219238e+01
1.545856165885925293e+01
3.155348110198974609e+01
1.539556193351745605e+01
3.570275902748107910e+01
1.544249057769775391e+01
1.511147069931030273e+01
1.512735319137573242e+01
1.546048498153686523e+01
1.960281133651733398e+01
1.597149515151977539e+01
2.057997822761535645e+01
1.532932209968566895e+01
1.546417284011840820e+01
3.496342062950134277e+01
1.490971231460571289e+01
1.515291190147399902e+01
1.536430191993713379e+01
1.506901574134826660e+01
2.215174293518066406e+01
1.532901215553283691e+01
1.517915153503417969e+01
2.310094070434570312e+01
1.531680202484130859e+01
2.497922468185424805e+01
1.533800244331359863e+01
2.386131620407104492e+01
1.947262263298034668e+01
1.514415359497070312e+01
2.854337024688720703e+01
1.527660799026489258e+01
1.527698922157287598e+01
1.541234993934631348e+01
1.543092036247253418e+01
2.960421395301818848e+01
1.517488265037536621e+01
1.538723301887512207e+01
1.545862269401550293e+01
1.550030255317687988e+01
1.558165526390075684e+01
