6.648445129394531250e-02
6.330180168151855469e-02
1.008613109588623047e-01
7.780742645263671875e-02
1.982226371765136719e-01
5.764365196228027344e-02
1.080105304718017578e-01
7.602334022521972656e-02
1.259188652038574219e-01
8.145284652709960938e-02
9.622168540954589844e-02
2.398064136505126953e-01
1.515567302703857422e-01
1.807031631469726562e-01
8.164262771606445312e-02
2.097423076629638672e-01
1.604862213134765625e-01
9.137320518493652344e-02
1.497595310211181641e-01
2.372536659240722656e-01
1.736199855804443359e-01
8.224678039550781250e-02
1.469614505767822266e-01
1.773951053619384766e-01
1.221852302551269531e-01
1.158263683319091797e-01
1.680152416229248047e-01
8.126282691955566406e-02
1.084706783294677734e-01
1.370594501495361328e-01
7.961249351501464844e-02
1.033306121826171875e-01
4.649639129638671875e-02
1.204156875610351562e-01
1.068294048309326172e-01
1.223709583282470703e-01
2.074990272521972656e-01
2.029333114624023438e-01
1.070442199707031250e-01
8.619594573974609375e-02
2.485132217407226562e-02
1.160738468170166016e-01
7.380199432373046875e-02
9.109640121459960938e-02
7.723689079284667969e-02
1.572074890136718750e-01
8.050274848937988281e-02
1.257014274597167969e-01
1.124773025512695312e-01
9.976935386657714844e-02
1.515874862670898438e-01
7.747960090637207031e-02
5.299019813537597656e-02
6.784772872924804688e-02
1.497275829315185547e-01
1.377537250518798828e-01
4.348349571228027344e-02
1.172285079956054688e-01
3.552675247192382812e-02
1.023828983306884766e-01
1.600999832153320312e-01
1.207113265991210938e-01
8.158063888549804688e-02
1.168708801269531250e-01
8.986806869506835938e-02
6.925559043884277344e-02
1.725683212280273438e-01
1.378147602081298828e-01
6.157684326171875000e-02
1.253061294555664062e-01
5.320453643798828125e-02
1.390323638916015625e-01
4.175519943237304688e-02
6.101107597351074219e-02
1.154274940490722656e-01
8.508062362670898438e-02
9.339666366577148438e-02
7.763409614562988281e-02
2.267289161682128906e-01
9.768009185791015625e-02
1.315348148345947266e-01
1.219601631164550781e-01
1.498341560363769531e-01
1.917312145233154297e-01
1.059772968292236328e-01
1.722011566162109375e-01
1.750025749206542969e-01
5.924081802368164062e-02
1.941423416137695312e-01
2.219045162200927734e-01
9.048795700073242188e-02
1.610856056213378906e-01
1.123371124267578125e-01
1.196079254150390625e-01
1.368787288665771484e-01
1.315062046051025391e-01
1.298775672912597656e-01
1.584289073944091797e-01
6.472611427307128906e-02
6.181216239929199219e-02
