9.389067441225051880e-02
9.807074069976806641e-02
9.967845678329467773e-02
9.935691207647323608e-02
1.266881078481674194e-01
1.643086820840835571e-01
2.096462994813919067e-01
2.054662406444549561e-01
2.633440494537353516e-01
2.961414754390716553e-01
2.598070800304412842e-01
2.614147961139678955e-01
2.498392313718795776e-01
2.729903459548950195e-01
2.488746047019958496e-01
2.414790987968444824e-01
2.524115741252899170e-01
2.639871239662170410e-01
2.720257341861724854e-01
2.688103020191192627e-01
1.964630186557769775e-01
3.093247711658477783e-01
2.035369724035263062e-01
2.546623647212982178e-01
3.006430864334106445e-01
3.051446974277496338e-01
3.131832778453826904e-01
3.125402033329010010e-01
3.157556354999542236e-01
3.128617405891418457e-01
3.135048151016235352e-01
3.173633515834808350e-01
3.106109201908111572e-01
3.141479194164276123e-01
3.109324872493743896e-01
3.102893829345703125e-01
3.067524135112762451e-01
3.061093389987945557e-01
3.009646236896514893e-01
3.051446974277496338e-01
3.064308762550354004e-01
3.057877719402313232e-01
3.051446974277496338e-01
3.064308762550354004e-01
3.061093389987945557e-01
3.057877719402313232e-01
3.061093389987945557e-01
3.057877719402313232e-01
3.051446974277496338e-01
3.057877719402313232e-01
3.080385923385620117e-01
3.090032041072845459e-01
3.077170550823211670e-01
3.080385923385620117e-01
3.080385923385620117e-01
3.090032041072845459e-01
3.093247711658477783e-01
3.083601295948028564e-01
3.077170550823211670e-01
3.090032041072845459e-01
3.083601295948028564e-01
3.086816668510437012e-01
3.083601295948028564e-01
3.090032041072845459e-01
3.093247711658477783e-01
3.086816668510437012e-01
3.090032041072845459e-01
3.096463084220886230e-01
3.096463084220886230e-01
3.099678456783294678e-01
3.099678456783294678e-01
3.096463084220886230e-01
3.096463084220886230e-01
3.096463084220886230e-01
3.099678456783294678e-01
3.096463084220886230e-01
3.093247711658477783e-01
3.093247711658477783e-01
3.093247711658477783e-01
3.096463084220886230e-01
3.096463084220886230e-01
3.099678456783294678e-01
3.099678456783294678e-01
3.099678456783294678e-01
3.099678456783294678e-01
3.099678456783294678e-01
3.099678456783294678e-01
3.099678456783294678e-01
3.099678456783294678e-01
3.099678456783294678e-01
3.096463084220886230e-01
3.093247711658477783e-01
3.093247711658477783e-01
3.093247711658477783e-01
3.093247711658477783e-01
3.093247711658477783e-01
3.093247711658477783e-01
3.093247711658477783e-01
3.093247711658477783e-01
3.093247711658477783e-01
