4.325389862060546875e-03
4.070520401000976562e-03
1.736450195312500000e-02
4.002094268798828125e-03
4.043340682983398438e-03
4.055738449096679688e-03
4.046916961669921875e-03
4.039287567138671875e-03
4.013538360595703125e-03
4.057645797729492188e-03
4.060983657836914062e-03
4.061937332153320312e-03
4.017591476440429688e-03
4.016160964965820312e-03
4.066944122314453125e-03
4.037857055664062500e-03
4.028558731079101562e-03
3.955841064453125000e-03
4.075050354003906250e-03
4.021644592285156250e-03
4.134178161621093750e-03
4.124402999877929688e-03
4.237174987792968750e-03
4.080295562744140625e-03
4.065513610839843750e-03
4.073381423950195312e-03
4.118680953979492188e-03
4.231929779052734375e-03
4.147768020629882812e-03
4.057168960571289062e-03
4.005908966064453125e-03
4.057407379150390625e-03
3.994464874267578125e-03
4.075527191162109375e-03
4.113674163818359375e-03
4.051685333251953125e-03
6.201744079589843750e-03
2.710938453674316406e-02
4.073619842529296875e-03
4.080533981323242188e-03
4.043817520141601562e-03
3.974914550781250000e-03
3.957033157348632812e-03
4.070043563842773438e-03
4.061698913574218750e-03
3.953933715820312500e-03
4.034519195556640625e-03
4.010915756225585938e-03
4.044771194458007812e-03
4.006385803222656250e-03
3.977298736572265625e-03
4.111766815185546875e-03
4.032611846923828125e-03
4.060506820678710938e-03
4.960298538208007812e-03
4.037380218505859375e-03
3.961801528930664062e-03
3.999471664428710938e-03
3.983020782470703125e-03
3.967761993408203125e-03
4.028320312500000000e-03
4.031419754028320312e-03
4.031658172607421875e-03
3.968000411987304688e-03
3.983020782470703125e-03
4.025697708129882812e-03
3.973484039306640625e-03
4.051685333251953125e-03
3.951787948608398438e-03
3.988504409790039062e-03
3.989696502685546875e-03
3.937959671020507812e-03
3.957509994506835938e-03
4.097938537597656250e-03
4.020690917968750000e-03
3.994941711425781250e-03
4.013776779174804688e-03
4.007339477539062500e-03
3.970623016357421875e-03
4.036188125610351562e-03
3.992795944213867188e-03
3.961324691772460938e-03
4.112720489501953125e-03
3.908395767211914062e-03
4.002094268798828125e-03
3.997564315795898438e-03
3.959178924560546875e-03
3.956794738769531250e-03
3.988265991210937500e-03
4.021406173706054688e-03
3.980875015258789062e-03
3.972530364990234375e-03
3.966808319091796875e-03
4.034519195556640625e-03
3.999948501586914062e-03
3.951311111450195312e-03
3.959178924560546875e-03
3.998041152954101562e-03
1.288676261901855469e-02
3.991603851318359375e-03
