2.660272121429443359e-01
1.984844207763671875e-01
3.159523010253906250e-01
2.631428241729736328e-01
2.056050300598144531e-01
1.816804409027099609e-01
1.846709251403808594e-01
2.521376609802246094e-01
1.650767326354980469e-01
2.234399318695068359e-01
2.137248516082763672e-01
3.509082794189453125e-01
3.177294731140136719e-01
1.790640354156494141e-01
2.181594371795654297e-01
2.683081626892089844e-01
1.718089580535888672e-01
2.718842029571533203e-01
2.092106342315673828e-01
2.353146076202392578e-01
2.144393920898437500e-01
2.061769962310791016e-01
1.949603557586669922e-01
2.628631591796875000e-01
2.603983879089355469e-01
1.919469833374023438e-01
2.846872806549072266e-01
2.145056724548339844e-01
2.848162651062011719e-01
2.393832206726074219e-01
1.975886821746826172e-01
2.484967708587646484e-01
3.546071052551269531e-01
2.064230442047119141e-01
2.796370983123779297e-01
1.865429878234863281e-01
2.005612850189208984e-01
1.922686100006103516e-01
1.643385887145996094e-01
2.410252094268798828e-01
2.771661281585693359e-01
2.606911659240722656e-01
2.094519138336181641e-01
2.285587787628173828e-01
1.988036632537841797e-01
2.580757141113281250e-01
2.711811065673828125e-01
2.652063369750976562e-01
2.746303081512451172e-01
2.872240543365478516e-01
1.794867515563964844e-01
3.126721382141113281e-01
2.637336254119873047e-01
1.757154464721679688e-01
1.768980026245117188e-01
2.423636913299560547e-01
2.108831405639648438e-01
3.264472484588623047e-01
2.538361549377441406e-01
2.583236694335937500e-01
3.348968029022216797e-01
2.057573795318603516e-01
3.033967018127441406e-01
2.141430377960205078e-01
1.961359977722167969e-01
2.211658954620361328e-01
3.400509357452392578e-01
3.638153076171875000e-01
2.375254631042480469e-01
2.492506504058837891e-01
2.773606777191162109e-01
2.499051094055175781e-01
2.050147056579589844e-01
2.957210540771484375e-01
2.460052967071533203e-01
2.051389217376708984e-01
2.252669334411621094e-01
2.101972103118896484e-01
2.679538726806640625e-01
2.397444248199462891e-01
1.928377151489257812e-01
1.697609424591064453e-01
2.688951492309570312e-01
2.629468441009521484e-01
2.289595603942871094e-01
1.855325698852539062e-01
2.317776679992675781e-01
2.195866107940673828e-01
3.364980220794677734e-01
2.233474254608154297e-01
2.137143611907958984e-01
2.364184856414794922e-01
2.717499732971191406e-01
2.788827419281005859e-01
1.854884624481201172e-01
2.529604434967041016e-01
2.095422744750976562e-01
2.015531063079833984e-01
3.011162281036376953e-01
2.538557052612304688e-01
