2.756643295288085938e-01
2.280249595642089844e-01
2.983469963073730469e-01
2.241640090942382812e-01
1.843860149383544922e-01
1.925396919250488281e-01
1.725986003875732422e-01
2.550349235534667969e-01
1.697411537170410156e-01
2.215714454650878906e-01
2.140946388244628906e-01
3.192129135131835938e-01
2.663981914520263672e-01
1.790127754211425781e-01
2.200274467468261719e-01
3.011050224304199219e-01
1.686103343963623047e-01
2.662880420684814453e-01
2.026951313018798828e-01
2.053170204162597656e-01
2.058603763580322266e-01
1.730382442474365234e-01
1.973068714141845703e-01
2.527887821197509766e-01
2.695639133453369141e-01
1.911087036132812500e-01
2.891185283660888672e-01
2.328989505767822266e-01
2.825915813446044922e-01
2.334003448486328125e-01
2.092034816741943359e-01
2.404885292053222656e-01
3.482477664947509766e-01
2.152538299560546875e-01
2.757527828216552734e-01
2.041890621185302734e-01
2.294924259185791016e-01
1.963663101196289062e-01
1.642987728118896484e-01
2.409462928771972656e-01
2.848007678985595703e-01
2.325818538665771484e-01
2.094233036041259766e-01
2.162470817565917969e-01
1.897740364074707031e-01
2.507727146148681641e-01
2.696433067321777344e-01
2.743389606475830078e-01
2.543199062347412109e-01
3.020915985107421875e-01
1.845107078552246094e-01
3.657035827636718750e-01
2.480018138885498047e-01
1.808176040649414062e-01
1.740894317626953125e-01
2.489047050476074219e-01
2.204811573028564453e-01
3.359227180480957031e-01
2.440202236175537109e-01
2.608256340026855469e-01
3.353705406188964844e-01
2.166295051574707031e-01
2.795176506042480469e-01
2.085771560668945312e-01
2.001309394836425781e-01
2.307529449462890625e-01
3.465707302093505859e-01
3.608198165893554688e-01
2.277238368988037109e-01
2.119536399841308594e-01
2.735130786895751953e-01
2.628645896911621094e-01
2.305090427398681641e-01
3.545808792114257812e-01
2.832183837890625000e-01
2.158851623535156250e-01
2.603712081909179688e-01
2.241926193237304688e-01
2.715015411376953125e-01
2.407357692718505859e-01
1.806962490081787109e-01
1.782615184783935547e-01
2.572841644287109375e-01
2.703211307525634766e-01
2.180757522583007812e-01
1.932063102722167969e-01
2.295067310333251953e-01
2.013223171234130859e-01
3.415300846099853516e-01
2.213628292083740234e-01
2.250919342041015625e-01
2.363831996917724609e-01
2.713122367858886719e-01
2.929065227508544922e-01
1.806817054748535156e-01
2.549984455108642578e-01
2.081391811370849609e-01
2.114875316619873047e-01
2.867653369903564453e-01
2.596371173858642578e-01
