2.308555841445922852e+00
2.310654163360595703e+00
2.312284946441650391e+00
2.304604530334472656e+00
2.286797523498535156e+00
2.275871753692626953e+00
2.254263639450073242e+00
2.232476472854614258e+00
2.210590600967407227e+00
2.195053577423095703e+00
2.184123039245605469e+00
2.160102605819702148e+00
2.136677503585815430e+00
2.114789962768554688e+00
2.105710268020629883e+00
2.089133977890014648e+00
2.082698583602905273e+00
2.090422868728637695e+00
2.075482845306396484e+00
2.067907571792602539e+00
2.062838077545166016e+00
2.056092023849487305e+00
2.054676294326782227e+00
2.052375555038452148e+00
2.048035621643066406e+00
2.044293165206909180e+00
2.051714897155761719e+00
2.048885822296142578e+00
2.049539566040039062e+00
2.049391269683837891e+00
2.048471927642822266e+00
2.044756174087524414e+00
2.042775869369506836e+00
2.046771049499511719e+00
2.042383670806884766e+00
2.042916774749755859e+00
2.042261362075805664e+00
2.042076349258422852e+00
2.039005279541015625e+00
2.038571357727050781e+00
2.037997722625732422e+00
2.036545991897583008e+00
2.035704612731933594e+00
2.034314393997192383e+00
2.033615827560424805e+00
2.031261205673217773e+00
2.032338619232177734e+00
2.032523155212402344e+00
2.031904935836791992e+00
2.032740354537963867e+00
2.032591581344604492e+00
2.032274246215820312e+00
2.030928134918212891e+00
2.030196666717529297e+00
2.029385328292846680e+00
2.028943061828613281e+00
2.028274536132812500e+00
2.027903079986572266e+00
2.027289867401123047e+00
2.027017116546630859e+00
2.027467727661132812e+00
2.027540683746337891e+00
2.027092456817626953e+00
2.026533842086791992e+00
2.026198625564575195e+00
2.026088953018188477e+00
2.025767803192138672e+00
2.025540828704833984e+00
2.025467634201049805e+00
2.025222778320312500e+00
2.025062561035156250e+00
2.024976253509521484e+00
2.024892568588256836e+00
2.024661302566528320e+00
2.024563074111938477e+00
2.024435043334960938e+00
2.024428844451904297e+00
2.024350643157958984e+00
2.024265766143798828e+00
2.024201154708862305e+00
2.024112224578857422e+00
2.024032592773437500e+00
2.023939371109008789e+00
2.023856878280639648e+00
2.023763895034790039e+00
2.023701667785644531e+00
2.023691892623901367e+00
2.023680210113525391e+00
2.023665428161621094e+00
2.023629903793334961e+00
2.023569345474243164e+00
2.023523569107055664e+00
2.023524045944213867e+00
2.023487567901611328e+00
2.023481845855712891e+00
2.023453950881958008e+00
2.023417472839355469e+00
2.023391723632812500e+00
2.023372650146484375e+00
2.023353815078735352e+00
