2.596185207366943359e-01
1.885685920715332031e-01
2.179853916168212891e-01
2.337486743927001953e-01
2.459096908569335938e-01
2.046279907226562500e-01
2.625596523284912109e-01
2.577111721038818359e-01
2.441406250000000000e-01
2.087826728820800781e-01
1.728878021240234375e-01
2.942032814025878906e-01
2.144422531127929688e-01
2.259790897369384766e-01
1.939239501953125000e-01
1.870052814483642578e-01
2.154433727264404297e-01
2.532405853271484375e-01
2.245151996612548828e-01
1.966185569763183594e-01
1.656322479248046875e-01
2.200193405151367188e-01
2.670288085937500000e-01
2.158052921295166016e-01
2.207720279693603516e-01
2.308661937713623047e-01
2.502715587615966797e-01
1.837639808654785156e-01
2.712759971618652344e-01
2.556180953979492188e-01
2.297999858856201172e-01
1.815659999847412109e-01
2.142572402954101562e-01
2.045726776123046875e-01
2.339963912963867188e-01
2.717833518981933594e-01
2.771980762481689453e-01
2.728202342987060547e-01
2.988796234130859375e-01
1.905591487884521484e-01
2.593297958374023438e-01
2.378692626953125000e-01
3.015727996826171875e-01
1.951034069061279297e-01
2.340114116668701172e-01
1.814620494842529297e-01
2.339401245117187500e-01
2.857685089111328125e-01
1.752417087554931641e-01
2.666804790496826172e-01
2.363269329071044922e-01
2.102668285369873047e-01
2.974083423614501953e-01
3.484067916870117188e-01
2.335820198059082031e-01
2.431135177612304688e-01
2.264053821563720703e-01
2.027566432952880859e-01
2.384803295135498047e-01
2.317955493927001953e-01
2.683837413787841797e-01
2.196037769317626953e-01
3.288023471832275391e-01
3.369877338409423828e-01
4.410781860351562500e-01
1.536989212036132812e-01
2.517213821411132812e-01
2.773597240447998047e-01
3.050200939178466797e-01
2.363002300262451172e-01
2.408559322357177734e-01
2.058341503143310547e-01
1.558527946472167969e-01
1.823780536651611328e-01
3.517971038818359375e-01
2.291367053985595703e-01
2.450675964355468750e-01
2.358126640319824219e-01
1.867587566375732422e-01
2.075586318969726562e-01
1.900134086608886719e-01
2.819139957427978516e-01
3.027923107147216797e-01
1.844420433044433594e-01
1.783266067504882812e-01
2.973299026489257812e-01
2.206151485443115234e-01
2.702889442443847656e-01
2.125642299652099609e-01
2.078230381011962891e-01
1.980061531066894531e-01
2.934389114379882812e-01
3.409140110015869141e-01
2.344546318054199219e-01
2.577736377716064453e-01
2.038176059722900391e-01
2.032678127288818359e-01
2.326421737670898438e-01
1.794965267181396484e-01
2.199330329895019531e-01
2.511844635009765625e-01
2.113797664642333984e-01
1.949200630187988281e-01
2.155134677886962891e-01
2.761697769165039062e-01
2.214579582214355469e-01
2.742989063262939453e-01
2.007932662963867188e-01
2.029876708984375000e-01
2.338855266571044922e-01
2.175421714782714844e-01
1.749579906463623047e-01
2.214512825012207031e-01
2.364861965179443359e-01
1.885752677917480469e-01
2.723839282989501953e-01
1.907649040222167969e-01
2.210123538970947266e-01
3.307850360870361328e-01
2.452149391174316406e-01
2.451074123382568359e-01
2.952029705047607422e-01
2.057418823242187500e-01
3.372924327850341797e-01
2.554323673248291016e-01
1.595673561096191406e-01
1.716740131378173828e-01
2.059326171875000000e-01
2.327823638916015625e-01
3.026559352874755859e-01
3.241417407989501953e-01
1.691961288452148438e-01
1.886811256408691406e-01
3.671483993530273438e-01
1.969470977783203125e-01
3.323578834533691406e-01
2.619419097900390625e-01
2.441396713256835938e-01
2.209706306457519531e-01
3.402824401855468750e-01
3.056144714355468750e-01
2.668488025665283203e-01
2.619590759277343750e-01
3.065321445465087891e-01
3.490965366363525391e-01
1.605494022369384766e-01
2.841851711273193359e-01
2.695114612579345703e-01
3.053259849548339844e-01
1.889135837554931641e-01
1.662213802337646484e-01
3.844671249389648438e-01
1.773545742034912109e-01
2.120485305786132812e-01
2.960674762725830078e-01
2.306876182556152344e-01
3.394999504089355469e-01
2.328720092773437500e-01
3.287508487701416016e-01
3.052685260772705078e-01
4.092838764190673828e-01
2.059261798858642578e-01
2.757489681243896484e-01
1.910672187805175781e-01
2.113029956817626953e-01
2.235240936279296875e-01
3.076698780059814453e-01
2.354640960693359375e-01
2.139639854431152344e-01
3.438875675201416016e-01
3.195190429687500000e-01
1.675190925598144531e-01
3.089718818664550781e-01
2.604930400848388672e-01
2.647819519042968750e-01
1.710541248321533203e-01
2.758564949035644531e-01
3.100981712341308594e-01
2.187721729278564453e-01
3.142488002777099609e-01
2.440819740295410156e-01
2.814867496490478516e-01
2.500340938568115234e-01
2.132654190063476562e-01
3.189783096313476562e-01
2.818458080291748047e-01
1.661257743835449219e-01
1.866686344146728516e-01
2.864375114440917969e-01
2.768647670745849609e-01
2.380754947662353516e-01
1.840627193450927734e-01
3.178012371063232422e-01
3.110778331756591797e-01
2.806112766265869141e-01
1.846361160278320312e-01
2.126240730285644531e-01
2.105128765106201172e-01
2.109761238098144531e-01
2.539045810699462891e-01
