2.005145406723022461e+01
1.460240387916564941e+01
4.054282259941101074e+01
1.682772445678710938e+01
4.050702524185180664e+01
1.794029831886291504e+01
2.950345087051391602e+01
2.455066227912902832e+01
4.050927257537841797e+01
1.370447707176208496e+01
4.052096438407897949e+01
1.489897513389587402e+01
4.045345878601074219e+01
2.008191514015197754e+01
4.056948995590209961e+01
2.017164707183837891e+01
4.056776571273803711e+01
1.367065024375915527e+01
2.789333868026733398e+01
4.058964371681213379e+01
1.883196973800659180e+01
4.056558322906494141e+01
1.992804956436157227e+01
4.047604942321777344e+01
1.360342025756835938e+01
4.049952864646911621e+01
2.004338979721069336e+01
4.062650728225708008e+01
1.999355268478393555e+01
2.404158663749694824e+01
4.059694552421569824e+01
1.446791028976440430e+01
2.303121423721313477e+01
3.070365738868713379e+01
2.660624194145202637e+01
2.966621661186218262e+01
4.046330690383911133e+01
1.559742426872253418e+01
2.825289130210876465e+01
2.957029128074645996e+01
4.051827287673950195e+01
1.860238885879516602e+01
2.734238648414611816e+01
2.767522549629211426e+01
4.055074596405029297e+01
1.594195508956909180e+01
2.909146952629089355e+01
2.437168717384338379e+01
4.064293789863586426e+01
2.003315949440002441e+01
4.058965182304382324e+01
1.514319586753845215e+01
3.021507883071899414e+01
4.047279381752014160e+01
1.385204911231994629e+01
2.656532049179077148e+01
4.057191205024719238e+01
2.006031990051269531e+01
2.443016505241394043e+01
3.008490085601806641e+01
4.039775204658508301e+01
2.013103055953979492e+01
4.041100788116455078e+01
1.351120400428771973e+01
4.025888180732727051e+01
1.601598215103149414e+01
4.052595758438110352e+01
2.007261347770690918e+01
2.421768832206726074e+01
2.481681799888610840e+01
4.045783710479736328e+01
1.592805528640747070e+01
3.255067443847656250e+01
4.061279487609863281e+01
1.477021741867065430e+01
4.044795274734497070e+01
1.595827317237854004e+01
2.125517582893371582e+01
2.132923102378845215e+01
3.049344038963317871e+01
4.059541440010070801e+01
1.515053677558898926e+01
2.233229136466979980e+01
4.051481318473815918e+01
2.013101911544799805e+01
3.088188099861145020e+01
4.057757115364074707e+01
2.001595354080200195e+01
2.126493549346923828e+01
2.440157246589660645e+01
3.089904022216796875e+01
4.039846611022949219e+01
1.488618516921997070e+01
2.944293093681335449e+01
4.052706623077392578e+01
2.190195822715759277e+01
2.959679913520812988e+01
4.056877756118774414e+01
1.510725879669189453e+01
4.046984457969665527e+01
4.054272103309631348e+01
1.366603207588195801e+01
3.160327601432800293e+01
4.060350513458251953e+01
1.365184187889099121e+01
3.046513557434082031e+01
2.154329299926757812e+01
2.896454739570617676e+01
4.055527830123901367e+01
1.886543178558349609e+01
4.055271363258361816e+01
2.013213419914245605e+01
1.927594757080078125e+01
4.053927421569824219e+01
1.421473026275634766e+01
3.192552900314331055e+01
2.538499689102172852e+01
4.054974651336669922e+01
2.001763343811035156e+01
4.051450800895690918e+01
1.972679686546325684e+01
4.046730089187622070e+01
1.745964646339416504e+01
1.924709415435791016e+01
2.006617259979248047e+01
2.018166637420654297e+01
2.016602301597595215e+01
4.069251370429992676e+01
1.484384679794311523e+01
2.865498518943786621e+01
4.042307686805725098e+01
2.013914060592651367e+01
2.533027005195617676e+01
2.734906911849975586e+01
4.056931233406066895e+01
1.997078299522399902e+01
4.048631811141967773e+01
1.484980297088623047e+01
2.914600324630737305e+01
2.485530161857604980e+01
2.826467514038085938e+01
2.486077332496643066e+01
3.038066411018371582e+01
4.046875286102294922e+01
2.460239505767822266e+01
2.980862474441528320e+01
2.786257719993591309e+01
4.056575751304626465e+01
4.044326257705688477e+01
2.012726163864135742e+01
2.851941585540771484e+01
4.039940071105957031e+01
2.013365125656127930e+01
2.539607429504394531e+01
2.894757151603698730e+01
2.590090250968933105e+01
4.044956517219543457e+01
2.008849716186523438e+01
4.041339468955993652e+01
1.998431611061096191e+01
2.168055272102355957e+01
2.985451793670654297e+01
4.042482948303222656e+01
2.010002136230468750e+01
1.896885895729064941e+01
3.176810836791992188e+01
4.047211337089538574e+01
2.075984549522399902e+01
2.100092315673828125e+01
4.046986126899719238e+01
1.600373482704162598e+01
4.064051318168640137e+01
1.657593512535095215e+01
4.054529857635498047e+01
2.008042335510253906e+01
2.507247352600097656e+01
2.710455179214477539e+01
4.049155521392822266e+01
2.011686348915100098e+01
2.517051243782043457e+01
4.061217164993286133e+01
4.048246693611145020e+01
2.008899164199829102e+01
4.057121181488037109e+01
1.368535065650939941e+01
4.051316666603088379e+01
2.015282940864562988e+01
2.339846897125244141e+01
4.051521086692810059e+01
1.545948958396911621e+01
4.056515383720397949e+01
1.506750750541687012e+01
2.849517464637756348e+01
2.590879297256469727e+01
2.998255562782287598e+01
2.350760912895202637e+01
4.058192086219787598e+01
2.012785172462463379e+01
4.053523421287536621e+01
1.991938352584838867e+01
