2.293477535247802734e+00
2.300637722015380859e+00
2.299990653991699219e+00
2.297204256057739258e+00
2.293398618698120117e+00
2.291281700134277344e+00
2.287833213806152344e+00
2.296658039093017578e+00
2.281350612640380859e+00
2.263619184494018555e+00
2.268441200256347656e+00
2.231870412826538086e+00
2.183707237243652344e+00
2.147812604904174805e+00
2.111472368240356445e+00
2.094570398330688477e+00
2.076019287109375000e+00
2.066688776016235352e+00
2.069342374801635742e+00
2.068804264068603516e+00
2.064172506332397461e+00
2.055553913116455078e+00
2.060647010803222656e+00
2.051203250885009766e+00
2.056174755096435547e+00
2.053076744079589844e+00
2.048369407653808594e+00
2.045547962188720703e+00
2.041706323623657227e+00
2.044731378555297852e+00
2.039982557296752930e+00
2.039792060852050781e+00
2.040257692337036133e+00
2.037913560867309570e+00
2.039716243743896484e+00
2.035022020339965820e+00
2.035761594772338867e+00
2.037132501602172852e+00
2.035621881484985352e+00
2.034531116485595703e+00
2.036154031753540039e+00
2.035756826400756836e+00
2.034413814544677734e+00
2.033979892730712891e+00
2.035749673843383789e+00
2.034826040267944336e+00
2.034378051757812500e+00
2.034988403320312500e+00
2.035343647003173828e+00
2.034532546997070312e+00
2.034697532653808594e+00
2.036264181137084961e+00
2.035370826721191406e+00
2.035173416137695312e+00
2.035488843917846680e+00
2.035352230072021484e+00
2.035173416137695312e+00
2.035448789596557617e+00
2.035750150680541992e+00
2.036132097244262695e+00
2.036588430404663086e+00
2.036374568939208984e+00
2.035835981369018555e+00
2.035389423370361328e+00
2.035230875015258789e+00
2.034860849380493164e+00
2.034696817398071289e+00
2.034760236740112305e+00
2.034932851791381836e+00
2.035270214080810547e+00
2.035355329513549805e+00
2.035366058349609375e+00
2.035270452499389648e+00
2.035318374633789062e+00
2.035468816757202148e+00
2.035500288009643555e+00
2.035528421401977539e+00
2.035578012466430664e+00
2.035614013671875000e+00
2.035613536834716797e+00
2.035638809204101562e+00
2.035614967346191406e+00
2.035609245300292969e+00
2.035654067993164062e+00
2.035670995712280273e+00
2.035700559616088867e+00
2.035709857940673828e+00
2.035752058029174805e+00
2.035795688629150391e+00
2.035828113555908203e+00
2.035837173461914062e+00
2.035843372344970703e+00
2.035848140716552734e+00
2.035866975784301758e+00
2.035870313644409180e+00
2.035869359970092773e+00
2.035881757736206055e+00
2.035879373550415039e+00
2.035894155502319336e+00
2.035899400711059570e+00
2.035901069641113281e+00
2.035914897918701172e+00
2.035926342010498047e+00
2.035930633544921875e+00
2.035933732986450195e+00
2.035934448242187500e+00
2.035938501358032227e+00
2.035944223403930664e+00
2.035948276519775391e+00
2.035950899124145508e+00
2.035951137542724609e+00
2.035952091217041016e+00
2.035956144332885742e+00
2.035956382751464844e+00
2.035958051681518555e+00
2.035959243774414062e+00
2.035959005355834961e+00
2.035959005355834961e+00
2.035958528518676758e+00
2.035958528518676758e+00
2.035958051681518555e+00
2.035958051681518555e+00
2.035957574844360352e+00
2.035956144332885742e+00
2.035954475402832031e+00
2.035953521728515625e+00
2.035953283309936523e+00
2.035952806472778320e+00
2.035952091217041016e+00
2.035951614379882812e+00
2.035951375961303711e+00
2.035950899124145508e+00
2.035950183868408203e+00
2.035949945449829102e+00
2.035949945449829102e+00
2.035949707031250000e+00
2.035949230194091797e+00
2.035949468612670898e+00
2.035949468612670898e+00
2.035948991775512695e+00
2.035948991775512695e+00
2.035948991775512695e+00
2.035948991775512695e+00
2.035948991775512695e+00
2.035948991775512695e+00
2.035948991775512695e+00
2.035948991775512695e+00
2.035948991775512695e+00
2.035948991775512695e+00
2.035948991775512695e+00
2.035948991775512695e+00
2.035948991775512695e+00
2.035948753356933594e+00
2.035948991775512695e+00
2.035949230194091797e+00
2.035948991775512695e+00
2.035948991775512695e+00
2.035948991775512695e+00
2.035948991775512695e+00
2.035948991775512695e+00
2.035949230194091797e+00
2.035948991775512695e+00
2.035949230194091797e+00
2.035948991775512695e+00
2.035949230194091797e+00
2.035948991775512695e+00
2.035948991775512695e+00
2.035948991775512695e+00
2.035948991775512695e+00
2.035949230194091797e+00
2.035948991775512695e+00
2.035949468612670898e+00
2.035948991775512695e+00
2.035948991775512695e+00
2.035948991775512695e+00
2.035949230194091797e+00
2.035949468612670898e+00
2.035948991775512695e+00
2.035949230194091797e+00
2.035948991775512695e+00
2.035948991775512695e+00
2.035948991775512695e+00
2.035948991775512695e+00
2.035948991775512695e+00
2.035948991775512695e+00
2.035948991775512695e+00
2.035948991775512695e+00
2.035948991775512695e+00
2.035949230194091797e+00
2.035948991775512695e+00
2.035948991775512695e+00
2.035948991775512695e+00
2.035949230194091797e+00
2.035949230194091797e+00
2.035948991775512695e+00
2.035949230194091797e+00
2.035948991775512695e+00
2.035948991775512695e+00
2.035948991775512695e+00
2.035948991775512695e+00
