2.682423591613769531e-02
2.680659294128417969e-02
2.666258811950683594e-02
2.663350105285644531e-02
2.629256248474121094e-02
2.636694908142089844e-02
2.654790878295898438e-02
2.689075469970703125e-02
2.596998214721679688e-02
2.651619911193847656e-02
2.650260925292968750e-02
2.647089958190917969e-02
2.668833732604980469e-02
2.697110176086425781e-02
2.651047706604003906e-02
2.761411666870117188e-02
2.658987045288085938e-02
2.646112442016601562e-02
2.677536010742187500e-02
2.694082260131835938e-02
2.667641639709472656e-02
2.637124061584472656e-02
2.667665481567382812e-02
2.666854858398437500e-02
2.670598030090332031e-02
2.686476707458496094e-02
2.646327018737792969e-02
2.679157257080078125e-02
2.651214599609375000e-02
2.676939964294433594e-02
2.659463882446289062e-02
2.707147598266601562e-02
2.689313888549804688e-02
2.638363838195800781e-02
2.662134170532226562e-02
2.686905860900878906e-02
2.678060531616210938e-02
2.710914611816406250e-02
2.673435211181640625e-02
2.644538879394531250e-02
2.682900428771972656e-02
2.665638923645019531e-02
2.652859687805175781e-02
2.663564682006835938e-02
2.668833732604980469e-02
2.660727500915527344e-02
2.655506134033203125e-02
2.686834335327148438e-02
2.653980255126953125e-02
2.645945549011230469e-02
