1.683586502075195312e+01
2.167922091484069824e+01
4.089393711090087891e+01
1.816181254386901855e+01
3.434890985488891602e+01
2.338539385795593262e+01
2.871607422828674316e+01
2.142785048484802246e+01
3.523835396766662598e+01
4.096215653419494629e+01
1.666865420341491699e+01
2.178541469573974609e+01
4.093589282035827637e+01
1.754239583015441895e+01
2.543086481094360352e+01
2.415139436721801758e+01
3.382214760780334473e+01
4.089003992080688477e+01
1.692425990104675293e+01
2.039063644409179688e+01
3.384963536262512207e+01
2.265551877021789551e+01
3.433873224258422852e+01
2.184076476097106934e+01
4.093110060691833496e+01
2.042438650131225586e+01
2.078057169914245605e+01
3.238680315017700195e+01
2.755088901519775391e+01
4.090876913070678711e+01
4.090446019172668457e+01
2.870931792259216309e+01
2.228436183929443359e+01
4.090930128097534180e+01
1.634389758110046387e+01
3.077594304084777832e+01
2.475514984130859375e+01
3.295134568214416504e+01
2.282009816169738770e+01
3.306765127182006836e+01
4.090240240097045898e+01
2.133780050277709961e+01
2.458542442321777344e+01
3.166447663307189941e+01
4.098773264884948730e+01
1.647207760810852051e+01
2.317138600349426270e+01
3.215596365928649902e+01
2.410471582412719727e+01
2.998128581047058105e+01
2.041161131858825684e+01
3.634536242485046387e+01
1.652815818786621094e+01
3.272169113159179688e+01
2.780611371994018555e+01
3.389146852493286133e+01
3.122421383857727051e+01
2.464895629882812500e+01
2.835547375679016113e+01
4.095040416717529297e+01
1.706284546852111816e+01
2.461976838111877441e+01
3.187149834632873535e+01
4.093534970283508301e+01
1.684738254547119141e+01
4.091909646987915039e+01
2.043479061126708984e+01
2.071790480613708496e+01
3.587641119956970215e+01
2.336321878433227539e+01
3.278948473930358887e+01
4.090711975097656250e+01
1.868591618537902832e+01
2.567177343368530273e+01
2.951953887939453125e+01
2.515594720840454102e+01
3.034548234939575195e+01
2.258959841728210449e+01
2.282161569595336914e+01
2.904687643051147461e+01
2.819763231277465820e+01
1.663282537460327148e+01
3.676484203338623047e+01
2.070593214035034180e+01
3.699449276924133301e+01
1.671441388130187988e+01
3.598479413986206055e+01
2.056186151504516602e+01
2.145404124259948730e+01
4.091273236274719238e+01
1.693329477310180664e+01
3.576393699645996094e+01
2.136947894096374512e+01
4.089439678192138672e+01
1.658134365081787109e+01
4.090186357498168945e+01
1.646359467506408691e+01
4.088524818420410156e+01
1.672912168502807617e+01
2.765354681015014648e+01
