3.259330689907073975e-01
5.003217458724975586e-01
5.003217458724975586e-01
5.003217458724975586e-01
5.003217458724975586e-01
5.003217458724975586e-01
5.003217458724975586e-01
5.054697394371032715e-01
5.189832448959350586e-01
5.337837934494018555e-01
5.312097668647766113e-01
5.456885695457458496e-01
5.469755530357360840e-01
5.540540814399719238e-01
5.595238208770751953e-01
5.736808180809020996e-01
5.759330987930297852e-01
5.823680758476257324e-01
5.810810923576354980e-01
5.836550593376159668e-01
6.142213344573974609e-01
6.145431399345397949e-01
6.145431399345397949e-01
6.309523582458496094e-01
6.261261105537414551e-01
6.315959095954895020e-01
6.463963985443115234e-01
6.328828930854797363e-01
6.460746526718139648e-01
6.338481307029724121e-01
6.618404388427734375e-01
6.566923856735229492e-01
6.676319241523742676e-01
6.901544332504272461e-01
6.811454296112060547e-01
6.898326873779296875e-01
6.991634368896484375e-01
7.091377377510070801e-01
6.985199451446533203e-01
7.181467413902282715e-01
7.387387156486511230e-01
7.239382266998291016e-01
7.380952239036560059e-01
7.120334506034851074e-01
7.384169697761535645e-01
7.525740265846252441e-01
7.400257587432861328e-01
7.670527696609497070e-01
7.725225090980529785e-01
7.760617733001708984e-01
7.821750044822692871e-01
7.789575457572937012e-01
8.005148172378540039e-01
8.088803291320800781e-01
7.995495200157165527e-01
7.979407906532287598e-01
8.330115675926208496e-01
8.326898217201232910e-01
8.355855941772460938e-01
8.388031125068664551e-01
7.947232723236083984e-01
8.037322759628295898e-01
8.095238208770751953e-01
7.915058135986328125e-01
8.416988253593444824e-01
8.371943235397338867e-01
8.581081032752990723e-01
8.671171069145202637e-01
8.809523582458496094e-01
8.931788802146911621e-01
9.009009003639221191e-01
8.844916224479675293e-01
9.128056764602661133e-01
8.928571343421936035e-01
9.131274223327636719e-01
9.092664122581481934e-01
9.153796434402465820e-01
9.337194561958312988e-01
9.243886470794677734e-01
9.111968874931335449e-01
9.321106672286987305e-01
9.189189076423645020e-01
9.314671754837036133e-01
8.767696022987365723e-01
9.266409277915954590e-01
8.606821298599243164e-01
9.169884324073791504e-01
9.433719515800476074e-01
9.687902331352233887e-01
9.720077514648437500e-01
9.681467413902282715e-01
9.752252101898193359e-01
9.761904478073120117e-01
9.700772166252136230e-01
9.839124679565429688e-01
9.913127422332763672e-01
9.887387156486511230e-01
9.909909963607788086e-01
9.945302605628967285e-01
9.948520064353942871e-01
