1.690260958671569824e+01
2.098140001296997070e+01
3.395518827438354492e+01
4.090454149246215820e+01
1.648659181594848633e+01
2.329341316223144531e+01
3.415398001670837402e+01
2.076735854148864746e+01
3.480043482780456543e+01
2.091581702232360840e+01
3.232513737678527832e+01
2.068838214874267578e+01
4.091390442848205566e+01
1.786286211013793945e+01
4.084059119224548340e+01
2.049692964553833008e+01
3.353664255142211914e+01
2.046404218673706055e+01
3.394208502769470215e+01
4.090441322326660156e+01
1.844760203361511230e+01
4.089495849609375000e+01
1.659720969200134277e+01
1.643414926528930664e+01
1.647948241233825684e+01
4.091466689109802246e+01
1.827965044975280762e+01
4.090857672691345215e+01
4.088778829574584961e+01
1.637127184867858887e+01
3.313030457496643066e+01
4.092192959785461426e+01
1.672117018699645996e+01
4.090853762626647949e+01
2.042232847213745117e+01
3.186039876937866211e+01
2.479036593437194824e+01
3.304827046394348145e+01
2.136449718475341797e+01
3.407455730438232422e+01
4.088518190383911133e+01
1.647504186630249023e+01
2.308659338951110840e+01
3.120673966407775879e+01
2.404055333137512207e+01
3.236379098892211914e+01
2.312698388099670410e+01
4.091250872611999512e+01
1.724595785140991211e+01
2.995856618881225586e+01
1.652775478363037109e+01
3.670670294761657715e+01
4.096757936477661133e+01
1.659911417961120605e+01
4.091422128677368164e+01
4.087056875228881836e+01
1.695507335662841797e+01
2.579872369766235352e+01
3.005416440963745117e+01
4.093415784835815430e+01
1.643559050559997559e+01
4.089837813377380371e+01
2.035903286933898926e+01
2.487752318382263184e+01
4.092988491058349609e+01
1.669127750396728516e+01
3.435650825500488281e+01
1.640767717361450195e+01
3.441392064094543457e+01
4.092683625221252441e+01
1.648905324935913086e+01
4.086661314964294434e+01
1.664095187187194824e+01
4.090422797203063965e+01
2.044967508316040039e+01
4.089575076103210449e+01
2.045168638229370117e+01
4.089182186126708984e+01
1.814158654212951660e+01
2.677750539779663086e+01
2.861614036560058594e+01
2.053197455406188965e+01
3.873047590255737305e+01
2.062531828880310059e+01
4.091720151901245117e+01
1.996121454238891602e+01
3.577201271057128906e+01
1.946797609329223633e+01
4.096287059783935547e+01
2.042042732238769531e+01
1.967192697525024414e+01
3.602196979522705078e+01
4.093158125877380371e+01
1.648582029342651367e+01
2.837377500534057617e+01
2.861379265785217285e+01
2.049099063873291016e+01
3.033039617538452148e+01
2.723706912994384766e+01
2.743885993957519531e+01
