1.575859236717224121e+01
1.576408028602600098e+01
1.576919245719909668e+01
1.586766266822814941e+01
1.585469913482666016e+01
1.577585959434509277e+01
1.580100893974304199e+01
1.580881595611572266e+01
1.590239048004150391e+01
1.587537813186645508e+01
1.588200402259826660e+01
1.588517832756042480e+01
1.586081361770629883e+01
1.596394443511962891e+01
1.583563780784606934e+01
1.588650608062744141e+01
1.581214141845703125e+01
1.577955055236816406e+01
1.584337615966796875e+01
1.577944254875183105e+01
1.579117822647094727e+01
1.582947421073913574e+01
1.583693313598632812e+01
1.581890630722045898e+01
1.595694684982299805e+01
1.581360125541687012e+01
1.584039711952209473e+01
1.585894322395324707e+01
1.584477853775024414e+01
1.585023307800292969e+01
1.594568729400634766e+01
1.586044645309448242e+01
1.587764334678649902e+01
1.595741987228393555e+01
1.582250022888183594e+01
1.583400392532348633e+01
1.585515570640563965e+01
1.583327317237854004e+01
1.589962267875671387e+01
1.582933926582336426e+01
1.578160142898559570e+01
1.574260830879211426e+01
1.589711666107177734e+01
1.595199823379516602e+01
1.577669787406921387e+01
1.569559931755065918e+01
1.581836557388305664e+01
1.576656079292297363e+01
1.574133324623107910e+01
1.574488425254821777e+01
