5.293035507202148438e-02
5.230855941772460938e-02
5.248403549194335938e-02
5.284166336059570312e-02
6.211471557617187500e-02
5.279636383056640625e-02
5.698204040527343750e-02
5.260705947875976562e-02
5.247330665588378906e-02
5.241179466247558594e-02
5.273151397705078125e-02
5.278301239013671875e-02
5.588054656982421875e-02
5.279231071472167969e-02
5.291962623596191406e-02
5.262136459350585938e-02
5.283498764038085938e-02
5.279874801635742188e-02
5.319356918334960938e-02
5.285120010375976562e-02
5.306553840637207031e-02
5.279350280761718750e-02
5.753064155578613281e-02
5.306124687194824219e-02
5.297899246215820312e-02
5.270314216613769531e-02
5.328965187072753906e-02
5.313777923583984375e-02
5.734539031982421875e-02
5.334806442260742188e-02
