1.133868694305419922e-01
1.620752811431884766e-01
7.173442840576171875e-02
6.189870834350585938e-02
8.696556091308593750e-02
8.621096611022949219e-02
6.862211227416992188e-02
1.102180480957031250e-01
5.553269386291503906e-02
6.697106361389160156e-02
1.814072132110595703e-01
1.658875942230224609e-01
9.041881561279296875e-02
6.143307685852050781e-02
2.751100063323974609e-01
1.910669803619384766e-01
8.603978157043457031e-02
1.184518337249755859e-01
4.993915557861328125e-02
1.511101722717285156e-01
1.533873081207275391e-01
1.137120723724365234e-01
9.385895729064941406e-02
4.819464683532714844e-02
9.008336067199707031e-02
7.335042953491210938e-02
1.414437294006347656e-01
1.298027038574218750e-01
1.453380584716796875e-01
7.866954803466796875e-02
1.725425720214843750e-01
1.227054595947265625e-01
1.084780693054199219e-01
1.711337566375732422e-01
7.679438591003417969e-02
9.469079971313476562e-02
1.512126922607421875e-01
1.756854057312011719e-01
1.404204368591308594e-01
2.524836063385009766e-01
5.525636672973632812e-02
1.574602127075195312e-01
6.379818916320800781e-02
8.388066291809082031e-02
1.435875892639160156e-01
1.591091156005859375e-01
2.036309242248535156e-01
1.377267837524414062e-01
5.929780006408691406e-02
7.300734519958496094e-02
1.060760021209716797e-01
5.525350570678710938e-02
3.741383552551269531e-02
4.844832420349121094e-02
8.163380622863769531e-02
3.695774078369140625e-02
7.800769805908203125e-02
8.618235588073730469e-02
5.116844177246093750e-02
3.368806838989257812e-02
1.817238330841064453e-01
8.117890357971191406e-02
7.513642311096191406e-02
2.103018760681152344e-02
1.071734428405761719e-01
6.554365158081054688e-02
1.093618869781494141e-01
9.048962593078613281e-02
1.069741249084472656e-01
4.326939582824707031e-02
8.047151565551757812e-02
1.455235481262207031e-01
7.942867279052734375e-02
1.288149356842041016e-01
1.251094341278076172e-01
1.191387176513671875e-01
6.517839431762695312e-02
7.804894447326660156e-02
7.163500785827636719e-02
8.639216423034667969e-02
1.030371189117431641e-01
1.700730323791503906e-01
1.209473609924316406e-01
7.554769515991210938e-02
1.686925888061523438e-01
1.245741844177246094e-01
1.307189464569091797e-01
4.977250099182128906e-02
1.263256072998046875e-01
6.322216987609863281e-02
4.481744766235351562e-02
1.178910732269287109e-01
1.650011539459228516e-01
9.807538986206054688e-02
1.132664680480957031e-01
5.096364021301269531e-02
9.561419486999511719e-02
6.729364395141601562e-02
1.185023784637451172e-01
6.020116806030273438e-02
