2.267361402511596680e+00
2.063198328018188477e+00
1.750980019569396973e+00
1.521893978118896484e+00
1.501091718673706055e+00
1.491494178771972656e+00
1.477715373039245605e+00
1.426417708396911621e+00
1.354239463806152344e+00
1.291665196418762207e+00
1.250470161437988281e+00
1.214204668998718262e+00
1.209676265716552734e+00
1.187168717384338379e+00
1.172415971755981445e+00
1.151990532875061035e+00
1.117774009704589844e+00
1.109751582145690918e+00
1.119040608406066895e+00
1.097856998443603516e+00
1.131714463233947754e+00
1.108171582221984863e+00
1.064900517463684082e+00
1.034055829048156738e+00
1.044575452804565430e+00
1.001358509063720703e+00
9.816146492958068848e-01
9.792193174362182617e-01
9.442759752273559570e-01
9.567984938621520996e-01
9.206381440162658691e-01
1.007224321365356445e+00
9.271662831306457520e-01
8.646324872970581055e-01
9.001223444938659668e-01
8.441317677497863770e-01
8.571053743362426758e-01
8.949720859527587891e-01
8.173585534095764160e-01
7.762084603309631348e-01
7.915419340133666992e-01
7.822012901306152344e-01
7.949799895286560059e-01
7.287049293518066406e-01
7.485103607177734375e-01
7.309705615043640137e-01
7.041548490524291992e-01
6.585736870765686035e-01
6.880065798759460449e-01
7.418296337127685547e-01
6.528995633125305176e-01
6.243217587471008301e-01
5.920166373252868652e-01
6.072451472282409668e-01
6.141934990882873535e-01
5.778596401214599609e-01
7.235305309295654297e-01
6.331182718276977539e-01
6.532025337219238281e-01
5.527963042259216309e-01
5.436686277389526367e-01
5.166186690330505371e-01
5.015280246734619141e-01
4.570491611957550049e-01
4.655821919441223145e-01
4.401277303695678711e-01
4.374577701091766357e-01
4.400036931037902832e-01
4.185003936290740967e-01
4.090991020202636719e-01
3.923588991165161133e-01
3.555500507354736328e-01
3.414457738399505615e-01
4.333389401435852051e-01
3.373458683490753174e-01
3.229763209819793701e-01
2.923195958137512207e-01
2.801589965820312500e-01
3.164473772048950195e-01
2.909473776817321777e-01
2.653271853923797607e-01
2.584412992000579834e-01
2.329741716384887695e-01
2.615714371204376221e-01
2.181907594203948975e-01
3.085397183895111084e-01
2.667397856712341309e-01
1.951882541179656982e-01
1.539389640092849731e-01
1.709931343793869019e-01
1.403616666793823242e-01
1.349153667688369751e-01
1.476492732763290405e-01
1.889328509569168091e-01
1.818754822015762329e-01
1.551155596971511841e-01
1.208519041538238525e-01
1.835140734910964966e-01
2.270498722791671753e-01
1.749951392412185669e-01
