1.563790822029113770e+01
1.973291158676147461e+01
2.396808552742004395e+01
1.526353931427001953e+01
1.560925650596618652e+01
2.376938438415527344e+01
1.521473789215087891e+01
1.547952675819396973e+01
1.524661445617675781e+01
2.381919288635253906e+01
1.548435258865356445e+01
1.538158226013183594e+01
1.516681027412414551e+01
1.515374302864074707e+01
1.501367735862731934e+01
1.527835536003112793e+01
2.556742596626281738e+01
1.546079897880554199e+01
1.519739317893981934e+01
1.521712136268615723e+01
1.536224436759948730e+01
3.036744666099548340e+01
1.523288440704345703e+01
1.531238722801208496e+01
2.275194668769836426e+01
1.492049050331115723e+01
1.522681260108947754e+01
1.510763669013977051e+01
1.512452650070190430e+01
1.549134111404418945e+01
1.596602392196655273e+01
1.515882706642150879e+01
1.509934115409851074e+01
4.291898345947265625e+01
1.553508162498474121e+01
1.493429732322692871e+01
1.706321525573730469e+01
1.534736013412475586e+01
2.224670958518981934e+01
1.559828805923461914e+01
1.967148470878601074e+01
1.538047051429748535e+01
1.507433938980102539e+01
1.453935551643371582e+01
1.513658976554870605e+01
1.567848801612854004e+01
2.322507262229919434e+01
1.839478754997253418e+01
1.522254514694213867e+01
1.532710814476013184e+01
1.537837648391723633e+01
1.514126253128051758e+01
1.538542270660400391e+01
1.532625150680541992e+01
1.528328943252563477e+01
1.556541824340820312e+01
1.536861228942871094e+01
3.081396532058715820e+01
1.550653481483459473e+01
2.341498112678527832e+01
1.524307656288146973e+01
3.176195120811462402e+01
1.523678016662597656e+01
1.558979558944702148e+01
2.804904961585998535e+01
1.511226820945739746e+01
2.268776488304138184e+01
1.578022265434265137e+01
1.540967845916748047e+01
3.357671141624450684e+01
1.926363158226013184e+01
2.438718366622924805e+01
1.505483770370483398e+01
2.350190806388854980e+01
3.051099419593811035e+01
1.560301518440246582e+01
2.980529069900512695e+01
1.514646768569946289e+01
2.123507285118103027e+01
1.621969079971313477e+01
1.524165177345275879e+01
1.585723829269409180e+01
2.302033829689025879e+01
1.940888214111328125e+01
2.454107451438903809e+01
1.530203866958618164e+01
1.488488960266113281e+01
2.843914866447448730e+01
1.514880514144897461e+01
1.541038274765014648e+01
1.541631650924682617e+01
2.273045063018798828e+01
1.529033517837524414e+01
2.725523185729980469e+01
1.544124507904052734e+01
2.968769860267639160e+01
1.752319073677062988e+01
1.567752766609191895e+01
2.436900210380554199e+01
1.549214935302734375e+01
