6.334514170885086060e-02
1.131435669958591461e-02
1.017095521092414856e-03
3.292193696324829943e-06
7.209889645309885964e-07
4.610803614468750311e-07
3.246039739224215737e-07
2.433959309655620018e-07
1.929028314862080151e-07
1.556570765615106211e-07
1.275533065836498281e-07
1.069400710207446537e-07
9.109993470701738261e-08
7.897958909097724245e-08
6.928303974973459844e-08
6.127268648015160579e-08
5.456919183188801981e-08
4.877204773379162361e-08
4.375484152774333779e-08
3.931730674366917810e-08
3.562812267432491353e-08
3.227621192536389572e-08
2.937753329490533361e-08
2.687938049916738237e-08
2.465528581296894117e-08
2.265253584710080759e-08
2.077627136998216884e-08
1.908973423780935263e-08
1.763509338559288153e-08
1.634910695713642781e-08
