5.075239896774291992e+00
5.161836862564086914e+00
4.948064804077148438e+00
4.852822065353393555e+00
4.736779689788818359e+00
4.852968692779541016e+00
4.793061494827270508e+00
4.937243938446044922e+00
5.006923198699951172e+00
4.948548555374145508e+00
5.098778724670410156e+00
4.716665267944335938e+00
4.757937431335449219e+00
4.901983737945556641e+00
4.935657262802124023e+00
4.948895931243896484e+00
5.024862051010131836e+00
4.970438957214355469e+00
4.847553968429565430e+00
4.672442674636840820e+00
4.967450141906738281e+00
4.948903560638427734e+00
4.856500625610351562e+00
4.995939016342163086e+00
4.907227993011474609e+00
4.851698875427246094e+00
4.556082010269165039e+00
4.671804189682006836e+00
4.807609796524047852e+00
4.621825695037841797e+00
4.689694643020629883e+00
4.806067228317260742e+00
4.682729244232177734e+00
4.478352546691894531e+00
4.820042133331298828e+00
4.738222122192382812e+00
4.643989086151123047e+00
4.931326627731323242e+00
4.873857021331787109e+00
4.364513397216796875e+00
4.697816371917724609e+00
4.663594484329223633e+00
4.876259803771972656e+00
4.928828239440917969e+00
4.514193534851074219e+00
4.462414979934692383e+00
1.217755961418151855e+01
4.857516288757324219e+00
4.657504081726074219e+00
4.917565345764160156e+00
