1.117938566207885742e+01
2.045916056632995605e+01
1.231404542922973633e+01
1.912949180603027344e+01
1.248340845108032227e+01
1.219810295104980469e+01
1.961687040328979492e+01
2.138444328308105469e+01
1.258096075057983398e+01
1.855713152885437012e+01
1.298709845542907715e+01
2.022658085823059082e+01
1.874296045303344727e+01
1.305883121490478516e+01
2.043852853775024414e+01
1.207065415382385254e+01
1.902524352073669434e+01
1.227106475830078125e+01
2.045906758308410645e+01
1.277076983451843262e+01
1.975835728645324707e+01
1.219085144996643066e+01
1.980449461936950684e+01
1.984386038780212402e+01
1.229963421821594238e+01
2.098877096176147461e+01
3.089454364776611328e+01
2.149200701713562012e+01
3.082752537727355957e+01
4.093857216835021973e+01
1.122145557403564453e+01
2.005117368698120117e+01
1.275642848014831543e+01
1.899858069419860840e+01
1.256384348869323730e+01
1.201908302307128906e+01
2.070060348510742188e+01
3.116210079193115234e+01
2.239771914482116699e+01
3.082695102691650391e+01
2.179895830154418945e+01
4.093852353096008301e+01
1.110567665100097656e+01
3.017330908775329590e+01
1.253979802131652832e+01
1.908666110038757324e+01
1.268339538574218750e+01
1.872087788581848145e+01
1.286564040184020996e+01
1.880462431907653809e+01
