2.704245746135711670e-01
3.176262378692626953e-01
4.014956653118133545e-01
4.534416198730468750e-01
4.721775352954864502e-01
5.000804066658020020e-01
4.907526671886444092e-01
5.202637314796447754e-01
5.364264845848083496e-01
5.500965118408203125e-01
5.531521439552307129e-01
4.367159903049468994e-01
4.930845797061920166e-01
5.225152969360351562e-01
5.368285775184631348e-01
5.495336055755615234e-01
5.500161051750183105e-01
5.628015398979187012e-01
5.699582099914550781e-01
5.714055895805358887e-01
5.811353921890258789e-01
5.733354687690734863e-01
5.736570954322814941e-01
5.942425131797790527e-01
6.006754636764526367e-01
6.030073761940002441e-01
6.149887442588806152e-01
6.185268759727478027e-01
5.622386336326599121e-01
4.967835247516632080e-01
5.546799898147583008e-01
5.706818699836730957e-01
5.875683426856994629e-01
5.968157052993774414e-01
6.123351454734802246e-01
6.353328824043273926e-01
6.329205632209777832e-01
6.508523821830749512e-01
6.607429981231689453e-01
6.724830865859985352e-01
6.864747405052185059e-01
6.834191083908081055e-01
6.977323889732360840e-01
6.851881742477416992e-01
6.666130423545837402e-01
7.004663944244384766e-01
7.179157137870788574e-01
7.290125489234924316e-01
7.375361919403076172e-01
7.457382082939147949e-01
7.651174068450927734e-01
7.711482644081115723e-01
7.703441381454467773e-01
6.778706908226013184e-01
5.219523906707763672e-01
6.292216181755065918e-01
6.669347286224365234e-01
6.884046196937561035e-01
7.075425982475280762e-01
7.123672962188720703e-01
7.372145652770996094e-01
7.450144886970520020e-01
7.526535987854003906e-01
7.698616981506347656e-01
7.671276926994323730e-01
7.714699506759643555e-01
7.944676876068115234e-01
8.099067211151123047e-01
8.222901225090026855e-01
8.370054960250854492e-01
8.461723923683166504e-01
8.567867279052734375e-01
8.039562702178955078e-01
7.353650927543640137e-01
8.259086608886718750e-01
8.620135188102722168e-01
8.758442997932434082e-01
8.904792666435241699e-01
8.957059979438781738e-01
8.893535137176513672e-01
8.555805683135986328e-01
8.664361238479614258e-01
8.723866343498229980e-01
9.042296409606933594e-01
9.278706908226013184e-01
8.969122171401977539e-01
8.809102773666381836e-01
8.559021949768066406e-01
9.208748936653137207e-01
9.529591798782348633e-01
9.686394333839416504e-01
9.764393568038940430e-01
9.412190318107604980e-01
6.145867109298706055e-01
8.472981452941894531e-01
9.235284924507141113e-01
9.301221966743469238e-01
9.377613663673400879e-01
9.562560319900512695e-01
9.244934320449829102e-01
