1.798096489906311035e+01
1.798250937461853027e+01
1.791396212577819824e+01
2.025017070770263672e+01
1.793546175956726074e+01
2.030517005920410156e+01
1.794245171546936035e+01
2.036969566345214844e+01
1.815143489837646484e+01
1.803014540672302246e+01
1.792052769660949707e+01
1.801660037040710449e+01
2.019717860221862793e+01
1.794423794746398926e+01
1.797193980216979980e+01
1.795709443092346191e+01
1.796467638015747070e+01
1.792437148094177246e+01
1.802812480926513672e+01
1.793260407447814941e+01
1.802448225021362305e+01
1.791293692588806152e+01
2.033439755439758301e+01
2.031409978866577148e+01
1.806732344627380371e+01
1.785587692260742188e+01
2.032931756973266602e+01
3.809083724021911621e+01
1.788383150100708008e+01
1.787973928451538086e+01
2.032366538047790527e+01
1.781412053108215332e+01
1.782509946823120117e+01
2.045953011512756348e+01
1.785332155227661133e+01
1.786930966377258301e+01
1.787292885780334473e+01
1.784500002861022949e+01
2.024087500572204590e+01
1.787540555000305176e+01
2.019666647911071777e+01
1.786234116554260254e+01
1.788222050666809082e+01
1.790635514259338379e+01
1.779266095161437988e+01
2.045857930183410645e+01
1.780025076866149902e+01
1.805879688262939453e+01
1.780101394653320312e+01
2.028424715995788574e+01
