1.452593505382537842e-01
6.836909055709838867e-02
5.476688221096992493e-02
5.172141268849372864e-02
3.941763937473297119e-02
2.991435118019580841e-02
2.317348681390285492e-02
1.856118440628051758e-02
1.503092702478170395e-02
2.028083801269531250e-02
1.211966760456562042e-02
8.896442130208015442e-03
7.556812372058629990e-03
6.569582037627696991e-03
5.878489930182695389e-03
5.250932183116674423e-03
4.711062181740999222e-03
4.304400179535150528e-03
4.033474717289209366e-03
4.078238736838102341e-03
3.852832829579710960e-03
3.467205213382840157e-03
3.292473498731851578e-03
3.144112415611743927e-03
3.015572903677821159e-03
2.928579691797494888e-03
2.871786709874868393e-03
2.702463883906602859e-03
2.603453118354082108e-03
2.509889192879199982e-03
2.407298889011144638e-03
2.295567188411951065e-03
2.184985904023051262e-03
2.001524902880191803e-03
1.769546535797417164e-03
1.610019942745566368e-03
1.573837827891111374e-03
1.509518595412373543e-03
1.472427044063806534e-03
1.437530154362320900e-03
1.400861423462629318e-03
1.373145380057394505e-03
1.350135542452335358e-03
1.329682068899273872e-03
1.309484359808266163e-03
1.291446387767791748e-03
1.274793641641736031e-03
1.259552896954119205e-03
1.245810301043093204e-03
1.232444541528820992e-03
