1.693299245834350586e+01
1.655374622344970703e+01
4.090929126739501953e+01
2.042511653900146484e+01
4.090649509429931641e+01
2.045361900329589844e+01
4.089962577819824219e+01
1.646819901466369629e+01
3.585245656967163086e+01
2.159520888328552246e+01
2.865248298645019531e+01
2.164047551155090332e+01
3.301829028129577637e+01
2.683299541473388672e+01
2.846928501129150391e+01
2.090809488296508789e+01
4.091859340667724609e+01
1.661651396751403809e+01
2.641639924049377441e+01
3.297972035408020020e+01
4.090975713729858398e+01
1.644785499572753906e+01
2.605563092231750488e+01
4.089735102653503418e+01
2.044339108467102051e+01
3.061384177207946777e+01
2.389416146278381348e+01
2.984807777404785156e+01
2.821949863433837891e+01
3.334565758705139160e+01
4.089818692207336426e+01
1.842215466499328613e+01
2.002840757369995117e+01
3.368864345550537109e+01
2.595403480529785156e+01
3.523798155784606934e+01
2.147448110580444336e+01
3.267817616462707520e+01
1.884672236442565918e+01
3.089209151268005371e+01
2.883239626884460449e+01
2.914984416961669922e+01
4.089269328117370605e+01
1.648496055603027344e+01
4.090610504150390625e+01
1.726671147346496582e+01
2.622503519058227539e+01
2.554437780380249023e+01
2.569339609146118164e+01
2.973461818695068359e+01
2.712856745719909668e+01
4.088686847686767578e+01
2.046103334426879883e+01
4.090857863426208496e+01
1.854967498779296875e+01
4.091598296165466309e+01
1.828716325759887695e+01
2.759701156616210938e+01
2.187312221527099609e+01
4.087245082855224609e+01
2.043469238281250000e+01
2.931874966621398926e+01
2.631998348236083984e+01
4.089525961875915527e+01
2.043844747543334961e+01
4.086225342750549316e+01
2.046738839149475098e+01
2.840540075302124023e+01
2.710589289665222168e+01
3.141534352302551270e+01
2.552386021614074707e+01
3.388064837455749512e+01
4.090524148941040039e+01
4.096394038200378418e+01
1.641743421554565430e+01
4.088454699516296387e+01
1.641520833969116211e+01
2.451728177070617676e+01
3.248871183395385742e+01
2.305034875869750977e+01
3.236916208267211914e+01
2.116592383384704590e+01
4.090111255645751953e+01
2.008181905746459961e+01
4.089810633659362793e+01
1.867262196540832520e+01
3.307191419601440430e+01
4.089629840850830078e+01
2.046267890930175781e+01
2.057395291328430176e+01
2.040664172172546387e+01
3.498445177078247070e+01
2.129454731941223145e+01
4.089431905746459961e+01
2.046162843704223633e+01
3.555573320388793945e+01
2.061803197860717773e+01
4.093267655372619629e+01
1.643677306175231934e+01
1.992302966117858887e+01
