2.078682780265808105e-01
2.346662990748882294e-02
1.960921101272106171e-02
9.196465834975242615e-03
6.744731217622756958e-03
6.431067828088998795e-03
4.488215781748294830e-03
4.150925204157829285e-03
5.673098843544721603e-03
1.707235234789550304e-03
1.894246088340878487e-03
1.579424832016229630e-03
7.538225036114454269e-04
9.135067812167108059e-04
5.960973794572055340e-04
4.549992154352366924e-04
3.689465229399502277e-04
2.696577867027372122e-04
3.991707926616072655e-04
1.507264532847329974e-04
1.217709577758796513e-04
1.034481247188523412e-04
8.900483953766524792e-05
7.838129386072978377e-05
7.075494067976251245e-05
6.486454367404803634e-05
5.904570207349024713e-05
5.291155684972181916e-05
4.699120836448855698e-05
4.328173235990107059e-05
3.944513446185737848e-05
3.639914939412847161e-05
3.380846465006470680e-05
3.151546843582764268e-05
2.946146378235425800e-05
2.807072269206400961e-05
2.669570494617801160e-05
2.530841447878628969e-05
2.400802441115956753e-05
2.284627771587111056e-05
2.169899380533024669e-05
2.068802132271230221e-05
1.985693961614742875e-05
1.912652078317478299e-05
1.840574986999854445e-05
1.774153679434675723e-05
1.717907434795051813e-05
1.664756564423441887e-05
1.616306508367415518e-05
1.575235182826872915e-05
