9.858517050743103027e-01
9.963214397430419922e-01
9.973118305206298828e-01
9.967458844184875488e-01
9.985851645469665527e-01
9.987266659736633301e-01
9.987266659736633301e-01
9.987266659736633301e-01
9.987266659736633301e-01
9.987266659736633301e-01
9.987266659736633301e-01
9.987266659736633301e-01
9.987266659736633301e-01
9.987266659736633301e-01
9.987266659736633301e-01
9.987266659736633301e-01
9.987266659736633301e-01
9.987266659736633301e-01
9.987266659736633301e-01
9.987266659736633301e-01
9.987266659736633301e-01
9.987266659736633301e-01
9.987266659736633301e-01
9.987266659736633301e-01
9.987266659736633301e-01
9.987266659736633301e-01
9.987266659736633301e-01
9.987266659736633301e-01
9.987266659736633301e-01
9.987266659736633301e-01
9.987266659736633301e-01
9.987266659736633301e-01
9.987266659736633301e-01
9.987266659736633301e-01
9.987266659736633301e-01
9.987266659736633301e-01
9.987266659736633301e-01
9.987266659736633301e-01
9.987266659736633301e-01
9.987266659736633301e-01
9.987266659736633301e-01
9.987266659736633301e-01
9.987266659736633301e-01
9.987266659736633301e-01
9.987266659736633301e-01
9.987266659736633301e-01
9.987266659736633301e-01
9.987266659736633301e-01
9.987266659736633301e-01
9.987266659736633301e-01
