9.728314876556396484e-01
9.876892566680908203e-01
9.908023476600646973e-01
9.940568804740905762e-01
9.950473904609680176e-01
9.963209033012390137e-01
9.963209033012390137e-01
9.978774785995483398e-01
9.985849857330322266e-01
9.980189800262451172e-01
9.984434843063354492e-01
9.988679885864257812e-01
9.981604814529418945e-01
9.983019828796386719e-01
9.987264871597290039e-01
9.988679885864257812e-01
9.988679885864257812e-01
9.991509914398193359e-01
9.991509914398193359e-01
9.991509914398193359e-01
9.991509914398193359e-01
9.991509914398193359e-01
9.991509914398193359e-01
9.990094900131225586e-01
9.992924928665161133e-01
9.992924928665161133e-01
9.992924928665161133e-01
9.992924928665161133e-01
9.994339942932128906e-01
9.994339942932128906e-01
9.994339942932128906e-01
9.995754957199096680e-01
9.995754957199096680e-01
9.995754957199096680e-01
9.995754957199096680e-01
9.995754957199096680e-01
9.995754957199096680e-01
9.995754957199096680e-01
9.997169971466064453e-01
9.998584985733032227e-01
1.000000000000000000e+00
1.000000000000000000e+00
1.000000000000000000e+00
1.000000000000000000e+00
1.000000000000000000e+00
1.000000000000000000e+00
1.000000000000000000e+00
1.000000000000000000e+00
1.000000000000000000e+00
1.000000000000000000e+00
