5.124053359031677246e-01
3.659185469150543213e-01
1.871003061532974243e-01
2.048884481191635132e-01
1.648032069206237793e-01
1.419098079204559326e-01
1.166402995586395264e-01
1.281864494085311890e-01
1.198247224092483521e-01
1.782674789428710938e-01
1.260027140378952026e-01
1.146316379308700562e-01
1.277025640010833740e-01
1.220948398113250732e-01
1.174333021044731140e-01
1.302691102027893066e-01
1.280833184719085693e-01
1.238136962056159973e-01
1.183617934584617615e-01
1.124679595232009888e-01
1.062560081481933594e-01
1.009456515312194824e-01
1.006476134061813354e-01
9.844955801963806152e-02
9.751226007938385010e-02
9.700787067413330078e-02
9.648022055625915527e-02
9.220376610755920410e-02
8.775088936090469360e-02
8.286342769861221313e-02
7.833166420459747314e-02
7.414959371089935303e-02
7.268276065587997437e-02
7.005963474512100220e-02
6.793770194053649902e-02
6.619561463594436646e-02
6.520619988441467285e-02
6.372342258691787720e-02
6.209508702158927917e-02
6.030409783124923706e-02
5.897609516978263855e-02
5.795538425445556641e-02
5.695740878582000732e-02
5.599342659115791321e-02
5.506311357021331787e-02
5.431740358471870422e-02
5.352307856082916260e-02
5.286183580756187439e-02
5.230782926082611084e-02
5.181591585278511047e-02
