2.046841263771057129e+01
1.101071929931640625e+01
3.244919657707214355e+01
1.260015344619750977e+01
1.894505286216735840e+01
2.045865201950073242e+01
1.260240459442138672e+01
2.068053793907165527e+01
2.011172056198120117e+01
1.259177470207214355e+01
1.219991183280944824e+01
2.040925645828247070e+01
3.138775730133056641e+01
2.090499114990234375e+01
3.102789974212646484e+01
4.093938612937927246e+01
1.122664070129394531e+01
2.289397692680358887e+01
3.095457410812377930e+01
1.254400157928466797e+01
1.866659426689147949e+01
1.274494624137878418e+01
2.060578656196594238e+01
4.093951463699340820e+01
1.142920374870300293e+01
2.987390255928039551e+01
2.211881494522094727e+01
3.009750151634216309e+01
2.216925239562988281e+01
2.986410355567932129e+01
1.220037364959716797e+01
2.048213791847229004e+01
1.092687487602233887e+01
1.240708994865417480e+01
2.070278501510620117e+01
3.128256011009216309e+01
2.105239129066467285e+01
3.062183165550231934e+01
2.091449546813964844e+01
