2.131319046020507812e-02
2.139878273010253906e-02
2.135133743286132812e-02
2.174925804138183594e-02
2.143907546997070312e-02
2.132177352905273438e-02
2.129817008972167969e-02
2.122521400451660156e-02
2.128005027770996094e-02
2.126336097717285156e-02
2.140021324157714844e-02
2.121376991271972656e-02
2.132344245910644531e-02
2.150225639343261719e-02
2.143239974975585938e-02
2.134442329406738281e-02
2.148771286010742188e-02
2.107572555541992188e-02
2.131342887878417969e-02
2.124428749084472656e-02
2.141332626342773438e-02
2.127766609191894531e-02
2.131724357604980469e-02
2.132391929626464844e-02
2.125144004821777344e-02
2.139949798583984375e-02
2.134227752685546875e-02
2.119636535644531250e-02
2.111315727233886719e-02
2.116036415100097656e-02
2.133750915527343750e-02
2.140903472900390625e-02
2.130317687988281250e-02
2.226471900939941406e-02
2.130985260009765625e-02
2.111530303955078125e-02
2.140665054321289062e-02
2.134275436401367188e-02
2.125740051269531250e-02
2.125215530395507812e-02
2.115297317504882812e-02
2.146959304809570312e-02
2.127766609191894531e-02
2.121162414550781250e-02
2.140092849731445312e-02
2.116799354553222656e-02
2.129292488098144531e-02
2.127552032470703125e-02
2.153635025024414062e-02
2.154064178466796875e-02
