1.236094832420349121e+01
1.958700346946716309e+01
3.206708216667175293e+01
3.966583585739135742e+01
1.253799223899841309e+01
2.626351451873779297e+01
2.736561822891235352e+01
3.966128730773925781e+01
1.269108915328979492e+01
3.225938081741333008e+01
2.641275191307067871e+01
2.590424108505249023e+01
3.964971590042114258e+01
1.277515983581542969e+01
3.964720773696899414e+01
1.389548802375793457e+01
3.963940596580505371e+01
1.231633138656616211e+01
3.961937093734741211e+01
1.264632010459899902e+01
2.488128566741943359e+01
3.963894152641296387e+01
1.897726607322692871e+01
3.960191535949707031e+01
1.220714306831359863e+01
2.730107665061950684e+01
2.478732609748840332e+01
3.961975646018981934e+01
1.298074841499328613e+01
2.794224619865417480e+01
2.438840079307556152e+01
3.131300044059753418e+01
3.962368059158325195e+01
2.001490402221679688e+01
2.495536136627197266e+01
2.808900666236877441e+01
3.964736890792846680e+01
1.916293334960937500e+01
1.609054923057556152e+01
3.046303749084472656e+01
3.966167783737182617e+01
1.917867875099182129e+01
1.458490443229675293e+01
3.333383154869079590e+01
1.952072715759277344e+01
3.290099573135375977e+01
2.083026981353759766e+01
3.963737320899963379e+01
1.764427876472473145e+01
2.628022265434265137e+01
