6.044445559382438660e-02
3.391779586672782898e-02
3.413350507616996765e-02
3.415821120142936707e-02
3.473859652876853943e-02
3.581583127379417419e-02
3.192937374114990234e-02
3.590285778045654297e-02
3.234204649925231934e-02
3.987883403897285461e-02
3.145554661750793457e-02
3.483946248888969421e-02
2.777143009006977081e-02
2.795058488845825195e-02
2.591155096888542175e-02
2.334680035710334778e-02
2.303100377321243286e-02
2.191569283604621887e-02
1.968425326049327850e-02
1.912295259535312653e-02
1.761894859373569489e-02
1.616890914738178253e-02
1.451693382114171982e-02
1.431707851588726044e-02
1.394956558942794800e-02
1.403795648366212845e-02
1.367338467389345169e-02
1.403904240578413010e-02
1.341038569808006287e-02
1.342834066599607468e-02
