3.348343372344970703e-01
4.084914624691009521e-01
2.856223881244659424e-01
4.599549770355224609e-01
4.644580185413360596e-01
5.059504508972167969e-01
3.242200016975402832e-01
4.274686276912689209e-01
3.731103241443634033e-01
4.544869661331176758e-01
4.689610898494720459e-01
4.946928322315216064e-01
5.291090607643127441e-01
5.442264676094055176e-01
5.677066445350646973e-01
5.625603199005126953e-01
5.651335120201110840e-01
5.320038795471191406e-01
5.689932703971862793e-01
5.821807384490966797e-01
5.837889909744262695e-01
5.882920622825622559e-01
5.841106176376342773e-01
5.403666496276855469e-01
5.796076059341430664e-01
5.882920622825622559e-01
5.911868810653686523e-01
5.664200782775878906e-01
5.657767653465270996e-01
5.709231495857238770e-01
5.889353752136230469e-01
6.101640462875366211e-01
6.214216947555541992e-01
6.307494640350341797e-01
6.291412115097045898e-01
6.323576569557189941e-01
6.307494640350341797e-01
6.362174153327941895e-01
6.307494640350341797e-01
6.355741620063781738e-01
6.320360302925109863e-01
6.317144036293029785e-01
6.326793432235717773e-01
6.320360302925109863e-01
6.336442828178405762e-01
6.330009698867797852e-01
6.307494640350341797e-01
6.291412115097045898e-01
6.281762719154357910e-01
6.278546452522277832e-01
6.249597668647766113e-01
6.236732006072998047e-01
6.243165135383605957e-01
6.188485026359558105e-01
6.227082610130310059e-01
6.172402501106262207e-01
6.169186234474182129e-01
6.075908541679382324e-01
6.046960353851318359e-01
5.989063978195190430e-01
5.828240513801574707e-01
5.792859196662902832e-01
5.699582099914550781e-01
5.641685724258422852e-01
5.484078526496887207e-01
5.342553853988647461e-01
5.181730389595031738e-01
5.107751488685607910e-01
4.963010549545288086e-01
4.750723838806152344e-01
4.599549770355224609e-01
4.432293474674224854e-01
4.229655861854553223e-01
4.072048962116241455e-01
4.001286625862121582e-01
3.859761953353881836e-01
3.753618597984313965e-01
3.721453845500946045e-01
3.618526756763458252e-01
3.499517440795898438e-01
3.441621065139770508e-01
3.367642462253570557e-01
3.329044580459594727e-01
3.284014165401458740e-01
3.264715373516082764e-01
3.229334056377410889e-01
3.197169601917266846e-01
3.145706057548522949e-01
3.145706057548522949e-01
3.136056661605834961e-01
3.100675344467163086e-01
3.052428364753723145e-01
3.062077760696411133e-01
3.042778968811035156e-01
3.039562702178955078e-01
3.045995533466339111e-01
3.055644929409027100e-01
3.017047345638275146e-01
2.981666028499603271e-01
2.984882593154907227e-01
2.972016632556915283e-01
2.981666028499603271e-01
2.949501574039459229e-01
2.968800365924835205e-01
2.975233197212219238e-01
2.965583801269531250e-01
2.972016632556915283e-01
2.968800365924835205e-01
2.955934405326843262e-01
2.946285009384155273e-01
2.959150969982147217e-01
2.949501574039459229e-01
2.965583801269531250e-01
2.910903692245483398e-01
2.962367236614227295e-01
2.917336821556091309e-01
2.949501574039459229e-01
2.930202782154083252e-01
2.933419048786163330e-01
2.962367236614227295e-01
2.946285009384155273e-01
2.952717840671539307e-01
2.926986217498779297e-01
2.943068444728851318e-01
2.920553088188171387e-01
2.946285009384155273e-01
2.943068444728851318e-01
2.930202782154083252e-01
2.933419048786163330e-01
2.955934405326843262e-01
2.939852178096771240e-01
2.959150969982147217e-01
2.926986217498779297e-01
2.910903692245483398e-01
2.955934405326843262e-01
2.943068444728851318e-01
2.933419048786163330e-01
2.955934405326843262e-01
2.952717840671539307e-01
2.930202782154083252e-01
2.946285009384155273e-01
2.939852178096771240e-01
2.949501574039459229e-01
2.930202782154083252e-01
2.933419048786163330e-01
2.933419048786163330e-01
2.949501574039459229e-01
2.917336821556091309e-01
2.952717840671539307e-01
2.926986217498779297e-01
2.952717840671539307e-01
2.926986217498779297e-01
2.923769652843475342e-01
2.923769652843475342e-01
2.946285009384155273e-01
2.926986217498779297e-01
2.917336821556091309e-01
2.917336821556091309e-01
2.943068444728851318e-01
2.946285009384155273e-01
2.952717840671539307e-01
2.936635613441467285e-01
2.930202782154083252e-01
2.926986217498779297e-01
2.936635613441467285e-01
2.943068444728851318e-01
2.917336821556091309e-01
2.933419048786163330e-01
2.946285009384155273e-01
2.946285009384155273e-01
2.939852178096771240e-01
2.933419048786163330e-01
2.936635613441467285e-01
2.933419048786163330e-01
2.926986217498779297e-01
2.936635613441467285e-01
2.933419048786163330e-01
2.949501574039459229e-01
2.920553088188171387e-01
2.946285009384155273e-01
2.943068444728851318e-01
2.933419048786163330e-01
2.988099157810211182e-01
2.949501574039459229e-01
2.943068444728851318e-01
2.946285009384155273e-01
2.939852178096771240e-01
2.946285009384155273e-01
2.943068444728851318e-01
2.933419048786163330e-01
2.936635613441467285e-01
2.914120256900787354e-01
2.907687425613403320e-01
2.959150969982147217e-01
2.920553088188171387e-01
2.920553088188171387e-01
2.933419048786163330e-01
2.910903692245483398e-01
2.965583801269531250e-01
2.943068444728851318e-01
