1.101710438728332520e+01
2.018585920333862305e+01
1.055470466613769531e+01
2.192458510398864746e+01
2.973040032386779785e+01
2.152825808525085449e+01
4.066952776908874512e+01
1.131781935691833496e+01
2.981993174552917480e+01
3.072786474227905273e+01
2.072773718833923340e+01
3.139154601097106934e+01
4.067619037628173828e+01
1.068589282035827637e+01
3.087390255928039551e+01
2.193378710746765137e+01
2.908122444152832031e+01
2.910968708992004395e+01
2.263577342033386230e+01
2.978617310523986816e+01
4.067780733108520508e+01
1.060578989982604980e+01
4.066730308532714844e+01
2.020274114608764648e+01
1.952253270149230957e+01
4.067516183853149414e+01
2.019253373146057129e+01
2.019602131843566895e+01
2.357895994186401367e+01
1.920688104629516602e+01
2.019782662391662598e+01
2.019886159896850586e+01
2.359819817543029785e+01
4.067925167083740234e+01
1.130833506584167480e+01
1.995800542831420898e+01
1.957396411895751953e+01
2.028319215774536133e+01
4.066897511482238770e+01
1.024220371246337891e+01
2.019932413101196289e+01
1.159373784065246582e+01
4.067451882362365723e+01
1.095586514472961426e+01
2.055853462219238281e+01
4.067691373825073242e+01
1.045944523811340332e+01
3.019237852096557617e+01
2.319320464134216309e+01
4.067834472656250000e+01
