8.706665039062500000e-01
9.782086014747619629e-01
9.831611514091491699e-01
9.845762252807617188e-01
9.816046357154846191e-01
9.854252338409423828e-01
9.858497381210327148e-01
9.859912395477294922e-01
9.851422309875488281e-01
9.842932224273681641e-01
9.833026528358459473e-01
9.831611514091491699e-01
9.852837324142456055e-01
9.850007295608520508e-01
9.848592281341552734e-01
9.885382652282714844e-01
9.878307580947875977e-01
9.883967638015747070e-01
9.888212680816650391e-01
9.892457723617553711e-01
9.889627695083618164e-01
9.902362823486328125e-01
9.925003647804260254e-01
9.933493733406066895e-01
9.927833676338195801e-01
9.940568804740905762e-01
9.944813847541809082e-01
9.941983819007873535e-01
9.950473904609680176e-01
9.949058890342712402e-01
9.958963990211486816e-01
9.960379004478454590e-01
9.957548975944519043e-01
9.963209033012390137e-01
9.968869686126708984e-01
9.970284700393676758e-01
9.970284700393676758e-01
9.974529743194580078e-01
9.974529743194580078e-01
9.974529743194580078e-01
9.975944757461547852e-01
9.978774785995483398e-01
9.978774785995483398e-01
9.978774785995483398e-01
9.978774785995483398e-01
9.978774785995483398e-01
9.978774785995483398e-01
9.978774785995483398e-01
9.980189800262451172e-01
9.980189800262451172e-01
