7.110352516174316406e-01
1.325483560562133789e+00
9.820559024810791016e-01
9.869179725646972656e-01
1.230728149414062500e+00
8.215892314910888672e-01
9.382390975952148438e-01
8.820631504058837891e-01
1.231917381286621094e+00
1.111667871475219727e+00
1.147501230239868164e+00
9.150478839874267578e-01
8.762252330780029297e-01
7.095000743865966797e-01
9.637966156005859375e-01
6.167457103729248047e-01
1.042138338088989258e+00
9.730145931243896484e-01
1.273001194000244141e+00
1.058359861373901367e+00
9.825348854064941406e-01
9.395873546600341797e-01
7.306966781616210938e-01
1.056852817535400391e+00
1.093913316726684570e+00
8.716547489166259766e-01
1.167725801467895508e+00
9.981582164764404297e-01
8.969929218292236328e-01
1.056218147277832031e+00
1.416842699050903320e+00
1.091672897338867188e+00
9.644451141357421875e-01
8.997838497161865234e-01
1.155818223953247070e+00
1.107384443283081055e+00
1.024118423461914062e+00
9.105064868927001953e-01
1.195060491561889648e+00
1.065693855285644531e+00
1.211501598358154297e+00
1.162716388702392578e+00
9.273898601531982422e-01
6.497144699096679688e-01
9.939522743225097656e-01
8.232295513153076172e-01
1.103702306747436523e+00
7.236092090606689453e-01
1.054365396499633789e+00
1.058712720870971680e+00
