1.535129547119140625e-02
2.200937271118164062e-02
4.443597793579101562e-02
9.615492820739746094e-02
4.312062263488769531e-02
5.026793479919433594e-02
6.648683547973632812e-02
4.807806015014648438e-02
5.201792716979980469e-02
4.998278617858886719e-02
7.278037071228027344e-02
7.227754592895507812e-02
3.692054748535156250e-02
6.695866584777832031e-02
5.476832389831542969e-02
7.594895362854003906e-02
5.670595169067382812e-02
6.135821342468261719e-02
4.879927635192871094e-02
5.425286293029785156e-02
5.981492996215820312e-02
2.695393562316894531e-02
6.579208374023437500e-02
7.202863693237304688e-02
3.781175613403320312e-02
6.911087036132812500e-02
8.173990249633789062e-02
7.523965835571289062e-02
7.211804389953613281e-02
5.164432525634765625e-02
4.066824913024902344e-02
8.908462524414062500e-02
4.100179672241210938e-02
4.656124114990234375e-02
1.474881172180175781e-02
5.247139930725097656e-02
4.877448081970214844e-02
3.249049186706542969e-02
3.721570968627929688e-02
3.907418251037597656e-02
5.672979354858398438e-02
7.388973236083984375e-02
5.384469032287597656e-02
3.855085372924804688e-02
6.582665443420410156e-02
7.862448692321777344e-02
5.600094795227050781e-02
2.893114089965820312e-02
4.403066635131835938e-02
5.925750732421875000e-02
7.212948799133300781e-02
6.164884567260742188e-02
6.166553497314453125e-02
2.350711822509765625e-02
3.867888450622558594e-02
3.624010086059570312e-02
6.441402435302734375e-02
2.785611152648925781e-02
3.886413574218750000e-02
2.978801727294921875e-02
2.821135520935058594e-02
7.796072959899902344e-02
5.556273460388183594e-02
1.045491695404052734e-01
3.028821945190429688e-02
4.127669334411621094e-02
6.394028663635253906e-02
7.785272598266601562e-02
7.576656341552734375e-02
5.582690238952636719e-02
2.107691764831542969e-02
1.163640022277832031e-01
1.021842956542968750e-01
8.479285240173339844e-02
5.817055702209472656e-02
5.999755859375000000e-02
5.743718147277832031e-02
3.367567062377929688e-02
7.002496719360351562e-02
6.815242767333984375e-02
4.273319244384765625e-02
4.861354827880859375e-02
6.889128684997558594e-02
8.304023742675781250e-02
1.965069770812988281e-02
6.854534149169921875e-02
3.839278221130371094e-02
7.444167137145996094e-02
3.705167770385742188e-02
9.938764572143554688e-02
4.938292503356933594e-02
2.092242240905761719e-02
3.236436843872070312e-02
5.868268013000488281e-02
6.645655632019042969e-02
4.423260688781738281e-02
2.045273780822753906e-02
2.161931991577148438e-02
1.195666790008544922e-01
9.480571746826171875e-02
