2.385852038860321045e-01
5.000000000000000000e-01
5.000000000000000000e-01
5.000000000000000000e-01
5.000000000000000000e-01
5.000000000000000000e-01
4.990353584289550781e-01
5.125402212142944336e-01
5.286173820495605469e-01
5.517684817314147949e-01
5.530546903610229492e-01
5.665594935417175293e-01
5.749196410179138184e-01
5.771704316139221191e-01
5.864951610565185547e-01
6.022508144378662109e-01
6.045016050338745117e-01
6.106109619140625000e-01
6.199356913566589355e-01
6.218649744987487793e-01
6.221864819526672363e-01
6.247588396072387695e-01
6.125401854515075684e-01
6.270096302032470703e-01
6.363344192504882812e-01
6.183279752731323242e-01
6.427652835845947266e-01
6.498392224311828613e-01
6.475884318351745605e-01
6.614148020744323730e-01
6.636655926704406738e-01
6.591640114784240723e-01
6.540192961692810059e-01
6.639871597290039062e-01
6.790996789932250977e-01
6.636655926704406738e-01
6.881029009819030762e-01
6.916399002075195312e-01
6.893890500068664551e-01
6.961414813995361328e-01
6.848874688148498535e-01
6.999999880790710449e-01
6.897106170654296875e-01
6.922829747200012207e-01
7.080385684967041016e-01
7.038584947586059570e-01
7.212218642234802246e-01
7.308681607246398926e-01
7.019292712211608887e-01
7.196141481399536133e-01
7.360128760337829590e-01
7.443729639053344727e-01
7.273311614990234375e-01
7.276527285575866699e-01
7.469453215599060059e-01
7.491961121559143066e-01
7.340835928916931152e-01
7.581993341445922852e-01
7.533761858940124512e-01
7.652733325958251953e-01
7.713826298713684082e-01
7.659164071083068848e-01
7.604501843452453613e-01
7.826366424560546875e-01
7.781350612640380859e-01
7.755627036094665527e-01
7.890675067901611328e-01
7.829582095146179199e-01
7.784565687179565430e-01
8.009646534919738770e-01
7.958199381828308105e-01
8.215433955192565918e-01
8.186495304107666016e-01
7.987138032913208008e-01
8.141478896141052246e-01
8.122186660766601562e-01
7.745980620384216309e-01
8.302251100540161133e-01
8.295819759368896484e-01
8.327974081039428711e-01
8.118970990180969238e-01
8.324759006500244141e-01
8.466237783432006836e-01
8.363344073295593262e-01
8.424437046051025391e-01
8.363344073295593262e-01
8.533762097358703613e-01
8.627009391784667969e-01
8.479099869728088379e-01
8.707395792007446289e-01
8.430868387222290039e-01
8.704180121421813965e-01
8.630225062370300293e-01
8.694533705711364746e-01
8.762058019638061523e-01
8.694533705711364746e-01
8.736334443092346191e-01
8.591639995574951172e-01
8.697749376296997070e-01
8.742765188217163086e-01
