2.395535452365875244e+02
2.530986623764038086e+02
2.430325064659118652e+02
3.218697814941406250e+02
2.618786408901214600e+02
2.618798835277557373e+02
2.618662431240081787e+02
2.711368265151977539e+02
2.795765886306762695e+02
3.218862700462341309e+02
2.396255750656127930e+02
2.983073675632476807e+02
2.895473194122314453e+02
2.744834008216857910e+02
3.218653068542480469e+02
2.576729156970977783e+02
2.726546771526336670e+02
2.946214356422424316e+02
3.218581213951110840e+02
2.402354922294616699e+02
2.832065105438232422e+02
2.773102586269378662e+02
2.589037189483642578e+02
2.911552801132202148e+02
2.494910805225372314e+02
2.618335158824920654e+02
2.618688242435455322e+02
2.618899331092834473e+02
2.564015355110168457e+02
2.919972846508026123e+02
2.697406516075134277e+02
2.912542450428009033e+02
2.662528543472290039e+02
2.940099580287933350e+02
2.532728059291839600e+02
3.218672502040863037e+02
2.384859800338745117e+02
3.218726654052734375e+02
2.593477535247802734e+02
3.218673765659332275e+02
2.389088916778564453e+02
2.790717377662658691e+02
3.218743965625762939e+02
2.367612938880920410e+02
2.854164371490478516e+02
2.744065089225769043e+02
2.825943224430084229e+02
2.898748028278350830e+02
2.782980172634124756e+02
3.218724539279937744e+02
2.483305361270904541e+02
2.761484086513519287e+02
2.841339886188507080e+02
2.923786265850067139e+02
3.218671593666076660e+02
2.405731463432312012e+02
2.921102378368377686e+02
2.435294795036315918e+02
2.618750197887420654e+02
3.218950419425964355e+02
2.389796252250671387e+02
2.689908096790313721e+02
2.899314301013946533e+02
2.679778752326965332e+02
3.218462119102478027e+02
2.618588304519653320e+02
2.618695638179779053e+02
3.218638575077056885e+02
2.371197278499603271e+02
2.803194625377655029e+02
2.855420765876770020e+02
2.908674082756042480e+02
2.715123126506805420e+02
3.218906605243682861e+02
2.492004470825195312e+02
2.785963754653930664e+02
2.833150174617767334e+02
3.218550393581390381e+02
2.383391706943511963e+02
3.218532102108001709e+02
2.479706151485443115e+02
2.572907295227050781e+02
2.807342405319213867e+02
3.218864750862121582e+02
2.618744688034057617e+02
2.491145362854003906e+02
3.218664753437042236e+02
2.384377179145812988e+02
3.094978814125061035e+02
2.618769278526306152e+02
3.218693535327911377e+02
2.618830304145812988e+02
2.618755917549133301e+02
2.786598002910614014e+02
3.218984017372131348e+02
2.397524728775024414e+02
3.218836276531219482e+02
2.618634610176086426e+02
2.463496849536895752e+02
2.824527981281280518e+02
