1.562309265136718750e-02
2.206730842590332031e-02
7.684040069580078125e-02
1.058690547943115234e-01
4.320263862609863281e-02
5.817365646362304688e-02
1.097817420959472656e-01
4.766893386840820312e-02
4.834055900573730469e-02
4.651069641113281250e-02
7.731175422668457031e-02
6.326770782470703125e-02
3.975343704223632812e-02
6.701588630676269531e-02
8.310937881469726562e-02
7.601523399353027344e-02
4.391741752624511719e-02
6.143927574157714844e-02
3.607511520385742188e-02
7.133746147155761719e-02
6.265616416931152344e-02
2.703022956848144531e-02
6.586122512817382812e-02
8.410668373107910156e-02
6.386637687683105469e-02
3.486156463623046875e-02
7.006692886352539062e-02
7.531619071960449219e-02
5.159521102905273438e-02
5.170869827270507812e-02
5.094361305236816406e-02
5.661964416503906250e-02
4.105329513549804688e-02
4.139661788940429688e-02
1.542377471923828125e-02
5.131745338439941406e-02
6.118392944335937500e-02
3.256916999816894531e-02
6.677579879760742188e-02
3.912949562072753906e-02
6.543064117431640625e-02
4.664516448974609375e-02
4.828095436096191406e-02
3.221082687377929688e-02
3.888916969299316406e-02
9.632563591003417969e-02
5.054020881652832031e-02
2.902603149414062500e-02
4.408288002014160156e-02
1.224470138549804688e-01
7.447218894958496094e-02
7.410931587219238281e-02
6.177806854248046875e-02
4.399824142456054688e-02
3.964471817016601562e-02
4.167723655700683594e-02
1.246559619903564453e-01
2.792692184448242188e-02
5.452823638916015625e-02
2.216124534606933594e-02
3.206157684326171875e-02
9.088015556335449219e-02
5.561614036560058594e-02
9.431004524230957031e-02
3.040409088134765625e-02
4.133033752441406250e-02
6.499075889587402344e-02
7.792854309082031250e-02
9.172296524047851562e-02
5.594158172607421875e-02
2.407479286193847656e-02
9.968042373657226562e-02
1.199078559875488281e-01
1.068820953369140625e-01
4.919958114624023438e-02
6.007909774780273438e-02
5.738019943237304688e-02
4.605913162231445312e-02
1.255815029144287109e-01
7.046365737915039062e-02
5.493950843811035156e-02
4.868698120117187500e-02
7.365036010742187500e-02
6.626749038696289062e-02
1.972079277038574219e-02
6.361770629882812500e-02
3.091979026794433594e-02
7.744884490966796875e-02
3.710865974426269531e-02
1.497266292572021484e-01
6.911873817443847656e-02
2.101278305053710938e-02
6.137537956237792969e-02
5.879044532775878906e-02
5.947160720825195312e-02
4.434108734130859375e-02
3.250837326049804688e-02
2.168178558349609375e-02
1.207251548767089844e-01
9.856247901916503906e-02
