2.316711132526397705e+02
2.326886496543884277e+02
2.324001941680908203e+02
2.351022849082946777e+02
2.282822666168212891e+02
2.316344406604766846e+02
2.333760275840759277e+02
2.295286560058593750e+02
2.291030278205871582e+02
2.313621077537536621e+02
2.279281892776489258e+02
2.299889392852783203e+02
2.324266669750213623e+02
2.824661509990692139e+02
2.536637952327728271e+02
2.300282437801361084e+02
2.284911417961120605e+02
2.675111246109008789e+02
2.310092263221740723e+02
2.315692403316497803e+02
2.704622986316680908e+02
2.296255946159362793e+02
2.893321540355682373e+02
2.302619202136993408e+02
2.329727449417114258e+02
2.305981976985931396e+02
2.418137309551239014e+02
2.451813032627105713e+02
2.298566124439239502e+02
2.584399735927581787e+02
2.302274305820465088e+02
2.316576373577117920e+02
2.307639663219451904e+02
2.297577753067016602e+02
2.886522557735443115e+02
2.314157052040100098e+02
2.913289954662322998e+02
2.536846640110015869e+02
2.308082079887390137e+02
2.297518174648284912e+02
2.676971933841705322e+02
2.299183585643768311e+02
2.308971438407897949e+02
2.282839732170104980e+02
2.641631112098693848e+02
2.504931554794311523e+02
2.850528316497802734e+02
2.525147221088409424e+02
2.292194590568542480e+02
2.713298134803771973e+02
2.285109329223632812e+02
2.311923794746398926e+02
2.323582351207733154e+02
2.605954055786132812e+02
2.539344403743743896e+02
2.312254340648651123e+02
2.304629232883453369e+02
2.296646029949188232e+02
2.300121436119079590e+02
2.265666079521179199e+02
2.317974104881286621e+02
2.312886896133422852e+02
2.317342951297760010e+02
2.284152374267578125e+02
2.569866809844970703e+02
2.296834800243377686e+02
2.300005195140838623e+02
2.291257848739624023e+02
2.764468979835510254e+02
2.520542123317718506e+02
2.320438685417175293e+02
2.606473834514617920e+02
2.516893055438995361e+02
2.770589804649353027e+02
2.287908291816711426e+02
2.309928455352783203e+02
2.301325256824493408e+02
2.637243337631225586e+02
2.306040346622467041e+02
2.294246108531951904e+02
2.315255196094512939e+02
2.288298978805541992e+02
2.729822101593017578e+02
2.299320385456085205e+02
2.299049487113952637e+02
2.856399531364440918e+02
2.276525399684906006e+02
2.291869072914123535e+02
2.475771102905273438e+02
2.535172603130340576e+02
2.336002528667449951e+02
2.294245741367340088e+02
2.815073733329772949e+02
2.515127232074737549e+02
2.290206444263458252e+02
2.690037748813629150e+02
2.313620986938476562e+02
2.591276481151580811e+02
2.301996667385101318e+02
2.657999401092529297e+02
