4.780121850967407227e+01
1.367448377609252930e+01
1.363258910179138184e+01
1.333689546585083008e+01
1.347139358520507812e+01
5.164406061172485352e+01
4.740021562576293945e+01
1.338905525207519531e+01
3.944178056716918945e+01
2.306060242652893066e+01
1.351261138916015625e+01
1.391562008857727051e+01
1.414539957046508789e+01
6.024782156944274902e+01
1.383061385154724121e+01
4.467674231529235840e+01
1.341338539123535156e+01
1.349468016624450684e+01
5.857680678367614746e+01
1.302758574485778809e+01
1.337945485115051270e+01
1.388935518264770508e+01
1.341023826599121094e+01
3.568608117103576660e+01
4.241023087501525879e+01
1.330535387992858887e+01
1.358759832382202148e+01
7.225782799720764160e+01
1.330010294914245605e+01
3.715880489349365234e+01
2.386905336380004883e+01
1.376977348327636719e+01
1.392719697952270508e+01
3.721110701560974121e+01
1.334055042266845703e+01
1.368801641464233398e+01
1.362092208862304688e+01
1.348114418983459473e+01
1.359196710586547852e+01
1.380902147293090820e+01
4.949441766738891602e+01
1.394892120361328125e+01
1.354682207107543945e+01
1.361425209045410156e+01
4.541650152206420898e+01
1.401443243026733398e+01
1.314363741874694824e+01
1.375697398185729980e+01
1.345764517784118652e+01
1.368212819099426270e+01
1.349257802963256836e+01
1.378747057914733887e+01
4.805840969085693359e+01
1.356374263763427734e+01
1.342515230178833008e+01
1.364192771911621094e+01
3.768134975433349609e+01
1.351671099662780762e+01
1.380794429779052734e+01
1.352371287345886230e+01
3.885244035720825195e+01
1.347528219223022461e+01
1.372173714637756348e+01
1.351321578025817871e+01
1.377635955810546875e+01
5.259641575813293457e+01
1.354548406600952148e+01
5.106194663047790527e+01
2.566576004028320312e+01
1.369249320030212402e+01
1.386520791053771973e+01
1.335036754608154297e+01
1.344960784912109375e+01
1.367752718925476074e+01
1.340698218345642090e+01
1.383997821807861328e+01
1.341538333892822266e+01
1.344024300575256348e+01
1.335127592086791992e+01
1.345515275001525879e+01
1.367471098899841309e+01
7.133411884307861328e+01
1.355084180831909180e+01
1.370565414428710938e+01
1.358333301544189453e+01
1.356094837188720703e+01
3.744566106796264648e+01
1.340964746475219727e+01
1.354079580307006836e+01
1.380217075347900391e+01
1.361615514755249023e+01
1.365345692634582520e+01
1.395087385177612305e+01
1.375144410133361816e+01
1.386747574806213379e+01
1.367242527008056641e+01
1.379136943817138672e+01
1.367936968803405762e+01
1.356423687934875488e+01
4.624257612228393555e+01
