1.888519406318664551e+01
1.865947389602661133e+01
1.868677210807800293e+01
1.870620465278625488e+01
1.874652791023254395e+01
1.873235654830932617e+01
1.871515703201293945e+01
1.872310948371887207e+01
1.872236061096191406e+01
1.874986839294433594e+01
1.872033143043518066e+01
1.868738937377929688e+01
1.873765134811401367e+01
1.871779656410217285e+01
1.871193099021911621e+01
1.875208020210266113e+01
1.876514554023742676e+01
1.880552053451538086e+01
1.869648790359497070e+01
1.873868584632873535e+01
1.878928709030151367e+01
1.871744251251220703e+01
1.870717811584472656e+01
1.878883695602416992e+01
1.874591970443725586e+01
1.885212349891662598e+01
1.868512916564941406e+01
1.877296447753906250e+01
1.868516516685485840e+01
1.866809058189392090e+01
1.870998597145080566e+01
1.950164318084716797e+01
1.869698619842529297e+01
1.864221024513244629e+01
1.871229958534240723e+01
1.877503967285156250e+01
1.870382404327392578e+01
1.872358417510986328e+01
1.871518659591674805e+01
1.870161557197570801e+01
1.877994179725646973e+01
1.873558878898620605e+01
1.943211865425109863e+01
1.922981214523315430e+01
1.871097517013549805e+01
1.867124629020690918e+01
1.862429833412170410e+01
1.876961016654968262e+01
1.874989199638366699e+01
1.874037408828735352e+01
1.870488762855529785e+01
1.877648806571960449e+01
1.876417589187622070e+01
1.872873449325561523e+01
1.872286772727966309e+01
1.873444557189941406e+01
1.874430871009826660e+01
1.870468044281005859e+01
1.875083470344543457e+01
1.890127038955688477e+01
1.869603109359741211e+01
1.870214986801147461e+01
1.866866493225097656e+01
1.866278719902038574e+01
1.872950506210327148e+01
1.868647122383117676e+01
1.864963889122009277e+01
1.862911510467529297e+01
1.870379114151000977e+01
1.871259188652038574e+01
1.870457720756530762e+01
1.876603651046752930e+01
1.869533348083496094e+01
1.867415261268615723e+01
1.865743255615234375e+01
1.866423892974853516e+01
1.872887873649597168e+01
1.869358634948730469e+01
2.027608108520507812e+01
1.869904899597167969e+01
1.868559265136718750e+01
1.872724485397338867e+01
1.871932029724121094e+01
1.862662768363952637e+01
1.872471952438354492e+01
1.871992254257202148e+01
1.866330075263977051e+01
1.866301226615905762e+01
1.865661382675170898e+01
1.865176177024841309e+01
1.866373896598815918e+01
1.872490668296813965e+01
1.866592574119567871e+01
1.867406153678894043e+01
1.865797495841979980e+01
1.865782117843627930e+01
1.870257019996643066e+01
1.862345004081726074e+01
1.869363999366760254e+01
1.865537381172180176e+01
