1.798967409133911133e+01
1.795935130119323730e+01
1.792852544784545898e+01
2.025205206871032715e+01
1.794204783439636230e+01
2.030934500694274902e+01
1.794256377220153809e+01
2.038054704666137695e+01
1.815751004219055176e+01
1.808643913269042969e+01
1.796525406837463379e+01
2.045949149131774902e+01
1.794822645187377930e+01
1.795848464965820312e+01
1.801245236396789551e+01
1.797235441207885742e+01
1.798581957817077637e+01
1.796714782714843750e+01
1.805137801170349121e+01
1.791435074806213379e+01
1.801500129699707031e+01
1.793801307678222656e+01
2.035307621955871582e+01
2.034678888320922852e+01
1.802455091476440430e+01
1.789539837837219238e+01
2.037472367286682129e+01
3.812011647224426270e+01
1.790905857086181641e+01
2.045960545539855957e+01
1.795534038543701172e+01
1.784828472137451172e+01
1.785652565956115723e+01
1.788592123985290527e+01
2.073145604133605957e+01
1.789104151725769043e+01
1.789322447776794434e+01
2.045929718017578125e+01
1.782507419586181641e+01
1.791899347305297852e+01
2.022971105575561523e+01
1.788332366943359375e+01
1.790505552291870117e+01
1.793428421020507812e+01
1.781449270248413086e+01
1.789280366897583008e+01
2.030089735984802246e+01
1.807539153099060059e+01
1.784921669960021973e+01
2.029313540458679199e+01
