1.380478429794311523e+01
1.396612811088562012e+01
1.406173729896545410e+01
1.404206442832946777e+01
1.421897125244140625e+01
1.983689475059509277e+01
1.397020792961120605e+01
1.400221538543701172e+01
1.403975176811218262e+01
1.405336570739746094e+01
1.401006960868835449e+01
1.382869839668273926e+01
1.396238684654235840e+01
1.455801701545715332e+01
2.000055527687072754e+01
1.402476167678833008e+01
1.409309244155883789e+01
1.394288372993469238e+01
1.460562872886657715e+01
1.394705557823181152e+01
1.396530985832214355e+01
1.407847309112548828e+01
1.420640611648559570e+01
1.407914590835571289e+01
1.408199691772460938e+01
1.483848166465759277e+01
1.422182059288024902e+01
1.415477466583251953e+01
1.435476374626159668e+01
1.388020896911621094e+01
1.413196325302124023e+01
1.401436042785644531e+01
1.394859170913696289e+01
1.399771046638488770e+01
1.411045455932617188e+01
1.385279273986816406e+01
1.379425835609436035e+01
1.387166142463684082e+01
2.037684345245361328e+01
1.406533265113830566e+01
2.045877933502197266e+01
1.384388899803161621e+01
1.416698575019836426e+01
2.045921468734741211e+01
1.399955534934997559e+01
1.447026062011718750e+01
1.409384727478027344e+01
2.045953726768493652e+01
1.383741140365600586e+01
1.412511610984802246e+01
