1.440364646911621094e+01
1.443413448333740234e+01
1.441000247001647949e+01
1.441648483276367188e+01
1.440930414199829102e+01
1.438305473327636719e+01
1.995837950706481934e+01
1.441021823883056641e+01
1.443666934967041016e+01
1.983071184158325195e+01
1.441023349761962891e+01
1.992352461814880371e+01
2.006503152847290039e+01
1.444923090934753418e+01
1.991489195823669434e+01
1.444890189170837402e+01
1.453839349746704102e+01
1.451395177841186523e+01
1.458211469650268555e+01
1.972906017303466797e+01
1.449005031585693359e+01
1.991262555122375488e+01
1.447112941741943359e+01
1.987724661827087402e+01
1.442482042312622070e+01
1.441410660743713379e+01
1.443943166732788086e+01
1.447909474372863770e+01
1.991410994529724121e+01
1.451368999481201172e+01
1.442314648628234863e+01
1.997689986228942871e+01
1.442418885231018066e+01
1.445189452171325684e+01
1.442675781250000000e+01
1.448745799064636230e+01
1.448704576492309570e+01
1.456335711479187012e+01
1.453134250640869141e+01
1.447349548339843750e+01
1.447662210464477539e+01
1.449059009552001953e+01
1.447581982612609863e+01
1.451673936843872070e+01
1.989645147323608398e+01
1.449170446395874023e+01
1.993667197227478027e+01
1.450133633613586426e+01
1.453930568695068359e+01
1.449351263046264648e+01
