7.517425060272216797e+00
7.219752311706542969e+00
7.565175056457519531e+00
7.114503860473632812e+00
7.201481103897094727e+00
7.626815080642700195e+00
7.377866268157958984e+00
7.616274595260620117e+00
7.410113096237182617e+00
7.323844194412231445e+00
7.437067747116088867e+00
7.435172319412231445e+00
7.365453004837036133e+00
7.471318960189819336e+00
7.615139484405517578e+00
7.297531843185424805e+00
7.139603376388549805e+00
7.578660488128662109e+00
7.193289041519165039e+00
7.495671033859252930e+00
7.152570486068725586e+00
7.407454013824462891e+00
7.255653381347656250e+00
7.134759664535522461e+00
7.378369092941284180e+00
7.432288885116577148e+00
7.494259595870971680e+00
7.364712238311767578e+00
7.335228919982910156e+00
7.220840454101562500e+00
7.600745439529418945e+00
7.298804998397827148e+00
7.465146780014038086e+00
7.445728063583374023e+00
7.048034191131591797e+00
7.553880929946899414e+00
7.405235767364501953e+00
7.291874885559082031e+00
7.719636917114257812e+00
7.061753034591674805e+00
7.334230422973632812e+00
7.582750320434570312e+00
7.223581790924072266e+00
7.341576814651489258e+00
7.278680562973022461e+00
7.476489067077636719e+00
7.295155286788940430e+00
7.424333095550537109e+00
7.530632019042968750e+00
7.363617420196533203e+00
