5.302591994404792786e-02
1.147017907351255417e-02
5.893086083233356476e-03
3.943513706326484680e-02
6.796161178499460220e-03
2.519077621400356293e-03
3.388299839571118355e-03
2.820027293637394905e-03
2.414144575595855713e-03
8.505351142957806587e-04
1.738725462928414345e-03
6.074217162677086890e-05
5.557824806601274759e-06
3.082641342189162970e-06
2.633406211316469125e-06
2.174065457438700832e-06
1.833670353335037362e-06
1.524625417914649006e-06
1.285968551201221999e-06
1.116631210607010871e-06
9.843217867455678061e-07
8.777761877354350872e-07
7.916311801636766177e-07
7.191855502242106013e-07
6.583932758985611144e-07
6.073238978387962561e-07
5.642806968353397679e-07
5.263696607471501920e-07
4.920426022181345616e-07
4.611825374922773335e-07
4.335544474542984972e-07
4.088222738118929556e-07
3.865146709358668886e-07
3.663962502287176903e-07
3.481471821942250244e-07
3.313633385459979763e-07
3.160617154662759276e-07
3.019897576450603083e-07
2.890801340527104912e-07
2.771139122614840744e-07
2.660237612417404307e-07
2.557760296895139618e-07
2.461685255639167735e-07
2.377069705516987597e-07
2.302903254758348339e-07
2.229915168072693632e-07
2.158611636104978970e-07
2.089835220431268681e-07
2.023417664531734772e-07
