1.136708930134773254e-01
6.417218130081892014e-03
7.305456325411796570e-03
5.520078353583812714e-03
1.412946730852127075e-03
1.113091595470905304e-03
9.859192650765180588e-04
1.170666306279599667e-03
9.635068126954138279e-04
9.275693446397781372e-04
1.020275376504287124e-04
4.449298103281762451e-06
3.277046516814152710e-06
2.489308599251671694e-06
1.967276375580695458e-06
1.640388745727250353e-06
1.417741373188619036e-06
1.242057805939111859e-06
1.094667254619707819e-06
9.753364338394021615e-07
8.833567335386760533e-07
8.089893412943638396e-07
7.462206212949240580e-07
6.922933266650943551e-07
6.472262157330987975e-07
6.061335398044320755e-07
5.672631004927097820e-07
5.317109526004060172e-07
4.991070454707369208e-07
4.691148660640465096e-07
4.416673107243695995e-07
4.170512966084061190e-07
3.940359647458535619e-07
3.732796187705389457e-07
3.545461026988050435e-07
3.375659218818327645e-07
3.218163158180686878e-07
3.072805725423677359e-07
2.942454386811732547e-07
2.818002258209162392e-07
2.706364625737478491e-07
2.590510916888888460e-07
2.471451239216548856e-07
2.367569180705686449e-07
2.267394592081473093e-07
2.178855424972425681e-07
2.096724074363010004e-07
2.024204661665862659e-07
1.958599540330396849e-07
1.896872277029615361e-07
