1.517278265953063965e+01
1.509483146667480469e+01
1.518518471717834473e+01
1.507241511344909668e+01
1.524791717529296875e+01
1.981753420829772949e+01
1.518322181701660156e+01
1.511284685134887695e+01
1.498612070083618164e+01
2.051663303375244141e+01
1.485435771942138672e+01
1.480941438674926758e+01
1.471343779563903809e+01
1.487509799003601074e+01
1.486914110183715820e+01
1.468023729324340820e+01
1.443203830718994141e+01
1.471482896804809570e+01
1.479159450531005859e+01
1.461872601509094238e+01
1.453483915328979492e+01
1.479557609558105469e+01
1.998718619346618652e+01
1.474206995964050293e+01
1.453250741958618164e+01
1.475240731239318848e+01
1.445542287826538086e+01
1.440669751167297363e+01
1.456932711601257324e+01
1.447468900680541992e+01
