2.148247480392456055e+00
1.604288816452026367e+00
8.941646218299865723e-01
8.376359939575195312e-01
8.323241472244262695e-01
8.115848302841186523e-01
7.931036949157714844e-01
7.839503884315490723e-01
7.751481533050537109e-01
7.603096365928649902e-01
7.493517994880676270e-01
7.339887022972106934e-01
7.158299684524536133e-01
7.077223658561706543e-01
6.918024420738220215e-01
6.791762709617614746e-01
6.769570708274841309e-01
6.730382442474365234e-01
6.573495864868164062e-01
6.535651683807373047e-01
6.456931829452514648e-01
6.410718560218811035e-01
6.353612542152404785e-01
6.323755383491516113e-01
6.301329731941223145e-01
6.271467804908752441e-01
6.248680949211120605e-01
6.239969134330749512e-01
6.218201518058776855e-01
6.209532022476196289e-01
6.196882128715515137e-01
6.198567748069763184e-01
6.168613433837890625e-01
6.166653633117675781e-01
6.159294247627258301e-01
6.153087019920349121e-01
6.143943071365356445e-01
6.145998239517211914e-01
6.133275032043457031e-01
6.153697371482849121e-01
6.138684153556823730e-01
6.122242808341979980e-01
6.122968792915344238e-01
6.115306019783020020e-01
6.112121939659118652e-01
6.113179326057434082e-01
6.110315322875976562e-01
6.105520725250244141e-01
6.106716990470886230e-01
6.102594137191772461e-01
6.101633310317993164e-01
6.101217865943908691e-01
6.101101040840148926e-01
6.098662018775939941e-01
6.097645163536071777e-01
6.097087264060974121e-01
6.096050143241882324e-01
6.096590757369995117e-01
6.095731854438781738e-01
6.095576286315917969e-01
6.095121502876281738e-01
6.094797849655151367e-01
6.095429658889770508e-01
6.095780730247497559e-01
6.095544099807739258e-01
6.095097661018371582e-01
6.095500588417053223e-01
6.095366477966308594e-01
6.095547080039978027e-01
6.095366477966308594e-01
6.095266342163085938e-01
6.095184087753295898e-01
6.095449328422546387e-01
6.095209121704101562e-01
6.095141172409057617e-01
6.095409393310546875e-01
6.095429062843322754e-01
6.095458269119262695e-01
6.095426678657531738e-01
6.095380187034606934e-01
6.095458865165710449e-01
6.095576882362365723e-01
6.095658540725708008e-01
6.095643639564514160e-01
6.095847487449645996e-01
6.095839738845825195e-01
6.095846891403198242e-01
6.096106767654418945e-01
6.096054315567016602e-01
6.096178293228149414e-01
6.096301674842834473e-01
6.096372604370117188e-01
6.096488237380981445e-01
6.096541285514831543e-01
6.096608638763427734e-01
6.096662878990173340e-01
6.096694469451904297e-01
6.096731424331665039e-01
6.096791028976440430e-01
6.096794605255126953e-01
