2.558650493621826172e+00
1.822137475013732910e+00
1.453929424285888672e+00
1.187793016433715820e+00
9.860572218894958496e-01
8.310580849647521973e-01
6.983909010887145996e-01
6.165003776550292969e-01
5.340973138809204102e-01
4.876444935798645020e-01
4.280815720558166504e-01
3.984363079071044922e-01
3.723542392253875732e-01
3.423334360122680664e-01
3.107665181159973145e-01
2.997737228870391846e-01
2.806487679481506348e-01
2.653482854366302490e-01
2.555343508720397949e-01
2.492160499095916748e-01
2.368118911981582642e-01
2.354858815670013428e-01
2.198579162359237671e-01
2.191255539655685425e-01
2.071098238229751587e-01
2.094109803438186646e-01
2.028196901082992554e-01
1.939472258090972900e-01
1.985531896352767944e-01
1.964940428733825684e-01
1.916480511426925659e-01
1.886922866106033325e-01
1.861831098794937134e-01
1.877987533807754517e-01
1.814053207635879517e-01
1.812105774879455566e-01
1.832244545221328735e-01
1.795490384101867676e-01
1.770066022872924805e-01
1.861637830734252930e-01
1.742909550666809082e-01
1.770042777061462402e-01
1.685838997364044189e-01
1.752462238073348999e-01
1.734114885330200195e-01
1.768389046192169189e-01
1.790640950202941895e-01
1.747031211853027344e-01
1.742997765541076660e-01
1.709930300712585449e-01
1.778575181961059570e-01
1.711606979370117188e-01
1.734283715486526489e-01
1.749283075332641602e-01
1.755030304193496704e-01
1.766810715198516846e-01
1.723062545061111450e-01
1.735178828239440918e-01
1.757765412330627441e-01
1.786844879388809204e-01
1.734202355146408081e-01
1.747895032167434692e-01
1.731265485286712646e-01
1.728830784559249878e-01
1.755880713462829590e-01
1.813372373580932617e-01
1.756946891546249390e-01
1.801555156707763672e-01
1.822880953550338745e-01
1.755702942609786987e-01
1.732977330684661865e-01
1.760997623205184937e-01
1.787676513195037842e-01
1.719463616609573364e-01
1.833963096141815186e-01
1.779072284698486328e-01
1.751146167516708374e-01
1.731678098440170288e-01
1.760018467903137207e-01
1.761786639690399170e-01
1.791116297245025635e-01
1.833935230970382690e-01
1.775076389312744141e-01
1.763668805360794067e-01
1.741127371788024902e-01
1.777289211750030518e-01
1.783209294080734253e-01
1.766167134046554565e-01
1.822586208581924438e-01
1.808716505765914917e-01
1.769373565912246704e-01
1.773147135972976685e-01
1.782862097024917603e-01
1.768929362297058105e-01
1.754548698663711548e-01
1.716054826974868774e-01
1.829588264226913452e-01
1.762387156486511230e-01
1.761731058359146118e-01
1.820593476295471191e-01
