4.121494293212890625e-02
6.120944023132324219e-02
2.359056472778320312e-02
2.312111854553222656e-02
7.479906082153320312e-02
3.024244308471679688e-02
1.609396934509277344e-02
2.335524559020996094e-02
7.237386703491210938e-02
5.540919303894042969e-02
8.401894569396972656e-02
4.683232307434082031e-02
3.493666648864746094e-02
4.602193832397460938e-02
6.012248992919921875e-02
4.029655456542968750e-02
4.637694358825683594e-02
1.650238037109375000e-02
3.469252586364746094e-02
5.673837661743164062e-02
7.110524177551269531e-02
6.101083755493164062e-02
1.931571960449218750e-02
5.311989784240722656e-02
7.021164894104003906e-02
1.010797023773193359e-01
6.028079986572265625e-02
2.988171577453613281e-02
3.808760643005371094e-02
4.609799385070800781e-02
3.882384300231933594e-02
4.010319709777832031e-02
2.864122390747070312e-02
4.413723945617675781e-02
1.496934890747070312e-02
2.863121032714843750e-02
2.921509742736816406e-02
2.017831802368164062e-02
2.642035484313964844e-02
1.930832862854003906e-02
6.792831420898437500e-02
5.930376052856445312e-02
5.132102966308593750e-02
8.666014671325683594e-02
5.891227722167968750e-02
8.726310729980468750e-02
4.968523979187011719e-02
5.253767967224121094e-02
6.518459320068359375e-02
5.757784843444824219e-02
7.083749771118164062e-02
4.040122032165527344e-02
3.963398933410644531e-02
2.803540229797363281e-02
4.740738868713378906e-02
2.031826972961425781e-02
4.128456115722656250e-02
5.517101287841796875e-02
6.993222236633300781e-02
2.847003936767578125e-02
5.965137481689453125e-02
4.335880279541015625e-02
4.248833656311035156e-02
4.933023452758789062e-02
6.153297424316406250e-02
7.457685470581054688e-02
4.336023330688476562e-02
4.225611686706542969e-02
2.471470832824707031e-02
7.344222068786621094e-02
3.541612625122070312e-02
7.958674430847167969e-02
3.303980827331542969e-02
5.111980438232421875e-02
8.846282958984375000e-03
4.354763031005859375e-02
1.657485961914062500e-02
4.720902442932128906e-02
2.993083000183105469e-02
2.346801757812500000e-02
6.202363967895507812e-02
3.828716278076171875e-02
6.128835678100585938e-02
5.765795707702636719e-02
1.108098030090332031e-02
4.465270042419433594e-02
5.772089958190917969e-02
6.144952774047851562e-02
5.213952064514160156e-02
5.669665336608886719e-02
2.608132362365722656e-02
5.833816528320312500e-02
2.935004234313964844e-02
3.058552742004394531e-02
4.827165603637695312e-02
6.895327568054199219e-02
6.918811798095703125e-02
7.866454124450683594e-02
4.536509513854980469e-02
1.865911483764648438e-02
