3.634500503540039062e-02
8.152835071086883545e-03
4.939415492117404938e-03
4.815482068806886673e-03
3.807500936090946198e-03
3.595013404265046120e-03
1.457779086194932461e-03
2.068270230665802956e-03
8.952389471232891083e-04
1.392482197843492031e-03
9.175029117614030838e-04
8.022755500860512257e-04
7.328644278459250927e-04
5.371046136133372784e-04
3.893621033057570457e-04
1.451695570722222328e-04
4.210073529975488782e-05
2.175348708988167346e-05
1.723580680845770985e-05
1.667916149017401040e-05
1.597022856003604829e-05
1.544923361507244408e-05
1.234904539160197601e-05
1.079059074982069433e-05
9.700859664008021355e-06
8.985123713500797749e-06
8.594628525315783918e-06
7.359644314419711009e-06
6.931555617484264076e-06
6.722931630065431818e-06
6.188675797602627426e-06
6.024117283232044429e-06
5.299407803249778226e-06
5.193567631067708135e-06
5.054768735135439783e-06
4.610176347341621295e-06
4.141652425460051745e-06
3.561186986189568415e-06
3.117035475952434354e-06
2.813523906297632493e-06
2.548040129113360308e-06
2.338540070923045278e-06
2.170942480006488040e-06
2.035402758338022977e-06
1.922871661008684896e-06
1.829422330956731457e-06
1.750167257341672666e-06
1.685645202087471262e-06
1.629569737815472763e-06
1.578164301463402808e-06
