1.447329187393188477e+01
9.321918964385986328e+00
9.331787824630737305e+00
9.251464843750000000e+00
9.197771310806274414e+00
9.156077623367309570e+00
9.143275737762451172e+00
9.154755353927612305e+00
9.225649595260620117e+00
1.463563990592956543e+01
9.263237476348876953e+00
9.172301769256591797e+00
9.248187780380249023e+00
9.110278129577636719e+00
9.138355731964111328e+00
9.208014726638793945e+00
9.174832105636596680e+00
9.264608144760131836e+00
9.329715013504028320e+00
9.166892290115356445e+00
9.195502996444702148e+00
9.207699298858642578e+00
9.236245393753051758e+00
9.252996683120727539e+00
9.229693889617919922e+00
1.442574381828308105e+01
9.224044561386108398e+00
9.248684167861938477e+00
9.205867767333984375e+00
9.070148944854736328e+00
