2.607857584953308105e-01
9.097917377948760986e-02
9.595414251089096069e-02
1.047876402735710144e-01
1.009908914566040039e-01
1.095561608672142029e-01
9.396612644195556641e-02
9.655196219682693481e-02
1.073167100548744202e-01
1.058929115533828735e-01
1.235317885875701904e-01
1.118184477090835571e-01
1.158663481473922729e-01
1.234511360526084900e-01
1.241518631577491760e-01
1.309287846088409424e-01
1.222282424569129944e-01
1.197466254234313965e-01
1.235979497432708740e-01
1.239752620458602905e-01
1.199119389057159424e-01
1.162521839141845703e-01
1.134223863482475281e-01
1.189671158790588379e-01
1.104536056518554688e-01
1.056731119751930237e-01
1.005875170230865479e-01
9.661971032619476318e-02
9.105391800403594971e-02
9.277317672967910767e-02
