3.685268461704254150e-01
4.380025863647460938e-01
4.922804832458496094e-01
5.266966819763183594e-01
5.468800067901611328e-01
5.676262378692626953e-01
5.578160285949707031e-01
5.332904458045959473e-01
5.746220946311950684e-01
5.856384634971618652e-01
5.955290794372558594e-01
5.937600731849670410e-01
6.144258379936218262e-01
6.222258210182189941e-01
6.288999915122985840e-01
6.444194316864013672e-01
6.473142504692077637e-01
6.252814531326293945e-01
6.502090692520141602e-01
6.619491577148437500e-01
6.722418665885925293e-01
6.799613833427429199e-01
6.881633996963500977e-01
6.996622681617736816e-01
7.010292410850524902e-01
7.088292241096496582e-01
6.148279309272766113e-01
5.400450229644775391e-01
6.193310022354125977e-01
6.484400033950805664e-01
6.461884975433349609e-01
6.598584651947021484e-01
6.617079377174377441e-01
6.755387783050537109e-01
6.871180534362792969e-01
6.846252679824829102e-01
6.908974051475524902e-01
6.968478560447692871e-01
7.081055045127868652e-01
7.163075208663940430e-01
7.173528671264648438e-01
7.155838012695312500e-01
7.357671260833740234e-01
7.462206482887268066e-01
7.541009783744812012e-01
7.481505274772644043e-01
7.548246979713439941e-01
7.578803300857543945e-01
7.582020163536071777e-01
7.563525438308715820e-01
7.874718308448791504e-01
7.928594350814819336e-01
8.044387102127075195e-01
8.088613748550415039e-01
8.190736770629882812e-01
7.413959503173828125e-01
7.627050280570983887e-01
8.187519907951354980e-01
8.316982984542846680e-01
8.427147269248962402e-01
8.548568487167358398e-01
8.563846945762634277e-01
7.524927854537963867e-01
8.304117321968078613e-01
8.621743321418762207e-01
8.736732006072998047e-01
8.858957886695861816e-01
8.862174153327941895e-01
8.928915858268737793e-01
9.009327888488769531e-01
9.079285860061645508e-01
9.046317338943481445e-01
9.173367619514465332e-01
8.838050961494445801e-01
8.273560404777526855e-01
7.577195167541503906e-01
8.470569252967834473e-01
8.934544920921325684e-01
9.065616130828857422e-01
9.278706908226013184e-01
9.322129487991333008e-01
9.411386251449584961e-01
9.318108558654785156e-01
9.425860643386840820e-01
9.452396035194396973e-01
9.485365152359008789e-01
9.490189552307128906e-01
9.512705206871032715e-01
9.396107792854309082e-01
7.881955504417419434e-01
8.050820231437683105e-01
8.887102007865905762e-01
9.236088991165161133e-01
9.500643014907836914e-01
9.625281691551208496e-01
9.718558788299560547e-01
9.813444614410400391e-01
9.796558618545532227e-01
9.830331206321716309e-01
9.676744937896728516e-01
