1.175980472564697266e+01
1.175360202789306641e+01
1.175984120368957520e+01
1.176342058181762695e+01
1.176740694046020508e+01
1.175858044624328613e+01
1.176521515846252441e+01
1.178652572631835938e+01
1.179715132713317871e+01
1.177946448326110840e+01
1.179858660697937012e+01
1.183133006095886230e+01
1.180790662765502930e+01
1.179598116874694824e+01
1.786571455001831055e+01
1.177892708778381348e+01
1.179872822761535645e+01
1.182177329063415527e+01
1.179363870620727539e+01
1.178801751136779785e+01
1.180639815330505371e+01
1.178746676445007324e+01
1.182513785362243652e+01
1.178635048866271973e+01
1.175732755661010742e+01
1.176251506805419922e+01
1.174541711807250977e+01
1.176443243026733398e+01
1.180467605590820312e+01
1.174448490142822266e+01
1.175222969055175781e+01
1.180113315582275391e+01
1.178352284431457520e+01
1.177851176261901855e+01
1.178191447257995605e+01
1.179716134071350098e+01
1.180554056167602539e+01
1.184475445747375488e+01
1.184305071830749512e+01
1.179148650169372559e+01
1.174557685852050781e+01
1.172226381301879883e+01
1.157298779487609863e+01
1.154814243316650391e+01
1.154987621307373047e+01
1.146270990371704102e+01
1.135396385192871094e+01
1.136949896812438965e+01
1.135519456863403320e+01
1.133423662185668945e+01
