1.807186603546142578e-01
5.428242683410644531e-02
7.983493804931640625e-02
9.324622154235839844e-02
7.133698463439941406e-02
1.053507328033447266e-01
1.057496070861816406e-01
1.043643951416015625e-01
1.246688365936279297e-01
5.261731147766113281e-02
1.419053077697753906e-01
1.060972213745117188e-01
7.189846038818359375e-02
1.018984317779541016e-01
2.350683212280273438e-01
1.770133972167968750e-01
5.895519256591796875e-02
1.344029903411865234e-01
1.189134120941162109e-01
1.267926692962646484e-01
1.592366695404052734e-01
6.618642807006835938e-02
1.351218223571777344e-01
8.533525466918945312e-02
1.461145877838134766e-01
5.183887481689453125e-02
1.650104522705078125e-01
1.454133987426757812e-01
4.114675521850585938e-02
8.498048782348632812e-02
1.392216682434082031e-01
5.964708328247070312e-02
1.401269435882568359e-01
9.812808036804199219e-02
8.941698074340820312e-02
6.558942794799804688e-02
9.189534187316894531e-02
1.162960529327392578e-01
3.147351741790771484e-01
1.352281570434570312e-01
9.116411209106445312e-02
1.357920169830322266e-01
1.117298603057861328e-01
1.165139675140380859e-01
1.552562713623046875e-01
9.533476829528808594e-02
8.467459678649902344e-02
1.119883060455322266e-01
1.019661426544189453e-01
2.112197875976562500e-01
1.137895584106445312e-01
1.482462882995605469e-01
1.992983818054199219e-01
1.076369285583496094e-01
1.089057922363281250e-01
8.598232269287109375e-02
7.924747467041015625e-02
9.025192260742187500e-02
8.890795707702636719e-02
1.243040561676025391e-01
1.623809337615966797e-01
1.354444026947021484e-01
1.027691364288330078e-01
5.233550071716308594e-02
7.685637474060058594e-02
1.180748939514160156e-01
1.356687545776367188e-01
1.090967655181884766e-01
6.095075607299804688e-02
9.018611907958984375e-02
1.367881298065185547e-01
1.307206153869628906e-01
8.705306053161621094e-02
1.637783050537109375e-01
1.293401718139648438e-01
7.923483848571777344e-02
1.571779251098632812e-01
1.267445087432861328e-01
2.020092010498046875e-01
1.102015972137451172e-01
1.231298446655273438e-01
5.193376541137695312e-02
1.317355632781982422e-01
1.348357200622558594e-01
9.566140174865722656e-02
1.027081012725830078e-01
1.795973777770996094e-01
3.429555892944335938e-02
1.330883502960205078e-01
1.284692287445068359e-01
1.974222660064697266e-01
1.221306324005126953e-01
1.464400291442871094e-01
6.324434280395507812e-02
7.300114631652832031e-02
8.678340911865234375e-02
2.467164993286132812e-01
1.287255287170410156e-01
6.491136550903320312e-02
1.301519870758056641e-01
