1.214084172248840332e+01
1.916081714630126953e+01
3.240143990516662598e+01
2.513396167755126953e+01
3.959031081199645996e+01
1.396450853347778320e+01
2.576514887809753418e+01
2.571146154403686523e+01
3.155818653106689453e+01
2.089527869224548340e+01
3.147961354255676270e+01
2.307265281677246094e+01
2.963816857337951660e+01
2.455177187919616699e+01
2.731680345535278320e+01
3.961271500587463379e+01
1.819071745872497559e+01
2.154420685768127441e+01
3.140457415580749512e+01
3.960122776031494141e+01
1.195431303977966309e+01
3.959402942657470703e+01
1.274467754364013672e+01
3.959955000877380371e+01
1.912881851196289062e+01
2.373769569396972656e+01
3.966055321693420410e+01
1.263555741310119629e+01
2.189449739456176758e+01
3.228756189346313477e+01
2.308012318611145020e+01
2.969423103332519531e+01
2.624267792701721191e+01
3.966994166374206543e+01
1.387369012832641602e+01
2.549606847763061523e+01
2.680205368995666504e+01
2.727540826797485352e+01
2.599561285972595215e+01
3.345966839790344238e+01
2.478802442550659180e+01
2.772576785087585449e+01
2.584153032302856445e+01
1.920296382904052734e+01
1.225007486343383789e+01
1.250474452972412109e+01
1.887197113037109375e+01
1.943310856819152832e+01
3.191682791709899902e+01
3.969798946380615234e+01
