3.904255479574203491e-02
5.965620279312133789e-03
1.260585500858724117e-03
3.530718386173248291e-03
7.824663771316409111e-04
1.019797869957983494e-03
1.070336438715457916e-03
1.631467603147029877e-04
3.531918628141283989e-04
5.618343129754066467e-04
1.014462977764196694e-04
5.009536471334286034e-05
1.059374262695200741e-04
1.326188561506569386e-03
2.525763920857571065e-05
1.895891728054266423e-05
1.691121906333137304e-05
1.115460963774239644e-05
8.802171578281559050e-06
3.223897920179297216e-06
4.351218649389920756e-06
2.493957026672433130e-06
1.088421981876308564e-06
5.380659899856254924e-07
4.664853179292549612e-07
3.252255567076645093e-07
1.785644343499370734e-07
1.277389287679397967e-07
9.058285854735004250e-08
7.257798273485605023e-08
6.143758923826680984e-08
5.277662040725772385e-08
4.586973645359648799e-08
4.036275669250244391e-08
3.590147201748550287e-08
3.284857541530072922e-08
3.019203731469133345e-08
2.736682525039668690e-08
2.548615363195949612e-08
2.336092030930103647e-08
2.193566039920824551e-08
2.024053813443060790e-08
1.872250798840013886e-08
1.720447784236966982e-08
1.620089129517054971e-08
1.532380622393247904e-08
1.451418896181166929e-08
1.390697423886422257e-08
1.319855957859772388e-08
1.276001615480026885e-08
