9.760169982910156250e-01
9.880438446998596191e-01
9.902369976043701172e-01
9.921471476554870605e-01
9.943403005599975586e-01
9.948354959487915039e-01
9.934206008911132812e-01
9.947647452354431152e-01
9.946233034133911133e-01
9.944818019866943359e-01
9.939157962799072266e-01
9.942695498466491699e-01
9.947647452354431152e-01
9.946233034133911133e-01
9.943403005599975586e-01
9.936328530311584473e-01
9.936328530311584473e-01
9.940572977066040039e-01
9.941280484199523926e-01
9.945525527000427246e-01
9.954015016555786133e-01
9.955430030822753906e-01
9.953307509422302246e-01
9.955430030822753906e-01
9.953307509422302246e-01
9.955430030822753906e-01
9.956844449043273926e-01
9.954722523689270020e-01
9.958259463310241699e-01
9.964627027511596680e-01
9.966041445732116699e-01
9.974531531333923340e-01
9.973824024200439453e-01
9.978068470954895020e-01
9.978068470954895020e-01
9.979483485221862793e-01
9.982313513755798340e-01
9.981606006622314453e-01
9.982313513755798340e-01
9.983021020889282227e-01
9.984436035156250000e-01
9.984436035156250000e-01
9.985143542289733887e-01
9.985850453376770020e-01
9.985850453376770020e-01
9.985850453376770020e-01
9.986557960510253906e-01
9.986557960510253906e-01
9.986557960510253906e-01
9.987265467643737793e-01
