2.121608972549438477e+00
1.857890725135803223e+00
1.849143028259277344e+00
1.771192073822021484e+00
1.534969210624694824e+00
1.466316819190979004e+00
1.411870360374450684e+00
1.374001979827880859e+00
1.349524855613708496e+00
1.314983606338500977e+00
1.284414291381835938e+00
1.272513866424560547e+00
1.248126745223999023e+00
1.257465600967407227e+00
1.218632936477661133e+00
1.190234541893005371e+00
1.179384112358093262e+00
1.170980811119079590e+00
1.139701962471008301e+00
1.171912431716918945e+00
1.149285316467285156e+00
1.135492205619812012e+00
1.113662123680114746e+00
1.095804214477539062e+00
1.076720595359802246e+00
1.066039085388183594e+00
1.057488918304443359e+00
1.050816297531127930e+00
1.023414373397827148e+00
1.008023738861083984e+00
1.016501307487487793e+00
9.858499765396118164e-01
9.668979644775390625e-01
9.697105288505554199e-01
9.581366181373596191e-01
9.377565383911132812e-01
9.158880114555358887e-01
9.046692252159118652e-01
8.890476226806640625e-01
8.808103203773498535e-01
8.514166474342346191e-01
8.340514898300170898e-01
8.301577568054199219e-01
8.195504546165466309e-01
8.159409761428833008e-01
7.743420004844665527e-01
7.682293653488159180e-01
7.608206868171691895e-01
7.399799227714538574e-01
7.262100577354431152e-01
6.967456936836242676e-01
6.718451380729675293e-01
6.845957040786743164e-01
6.526495218276977539e-01
6.380532979965209961e-01
6.200254559516906738e-01
6.079869866371154785e-01
6.230694651603698730e-01
5.534043908119201660e-01
5.437629818916320801e-01
5.320543646812438965e-01
5.202173590660095215e-01
5.222070813179016113e-01
5.059070587158203125e-01
4.667895734310150146e-01
4.333656430244445801e-01
4.508827328681945801e-01
4.409624934196472168e-01
3.942590355873107910e-01
4.032214879989624023e-01
3.724243938922882080e-01
3.882856070995330811e-01
3.591527342796325684e-01
3.269716203212738037e-01
3.117375075817108154e-01
2.926864922046661377e-01
3.052607774734497070e-01
4.386272430419921875e-01
3.434081971645355225e-01
2.553144097328186035e-01
2.970195710659027100e-01
3.070218861103057861e-01
2.229715883731842041e-01
2.123779356479644775e-01
2.202175110578536987e-01
2.146397531032562256e-01
2.442428618669509888e-01
2.062187939882278442e-01
1.910598874092102051e-01
1.973599344491958618e-01
1.948449760675430298e-01
1.877620071172714233e-01
1.698026657104492188e-01
3.849640488624572754e-01
2.577580511569976807e-01
1.722572445869445801e-01
1.306640058755874634e-01
1.445671319961547852e-01
2.184982299804687500e-01
1.602384597063064575e-01
