7.874529361724853516e-01
8.871476650238037109e-01
8.175330162048339844e-01
9.036214351654052734e-01
8.539452552795410156e-01
1.041895151138305664e+00
9.775037765502929688e-01
8.952684402465820312e-01
9.606029987335205078e-01
8.792443275451660156e-01
1.074450492858886719e+00
9.211421012878417969e-01
1.119416713714599609e+00
1.151470899581909180e+00
1.099169492721557617e+00
1.062905311584472656e+00
9.497632980346679688e-01
9.700698852539062500e-01
8.421807289123535156e-01
1.385222673416137695e+00
1.123090267181396484e+00
9.593479633331298828e-01
1.513635635375976562e+00
1.154453277587890625e+00
1.051134109497070312e+00
9.356694221496582031e-01
8.839895725250244141e-01
9.740164279937744141e-01
8.815019130706787109e-01
1.124527931213378906e+00
1.316197633743286133e+00
1.084223747253417969e+00
1.073034048080444336e+00
8.528037071228027344e-01
9.901762008666992188e-01
7.324624061584472656e-01
1.182783842086791992e+00
8.663897514343261719e-01
1.366893291473388672e+00
9.074382781982421875e-01
6.913950443267822266e-01
9.847211837768554688e-01
1.010007381439208984e+00
8.963732719421386719e-01
7.855818271636962891e-01
6.960029602050781250e-01
8.655688762664794922e-01
1.087031602859497070e+00
9.093236923217773438e-01
9.627840518951416016e-01
