2.927067279815673828e-01
9.228873252868652344e-02
1.237297058105468750e-01
1.972265243530273438e-01
8.180308341979980469e-02
1.100695133209228516e-01
1.561017036437988281e-01
1.415107250213623047e-01
1.761355400085449219e-01
8.177709579467773438e-02
1.814255714416503906e-01
1.736483573913574219e-01
1.109592914581298828e-01
2.283785343170166016e-01
1.315655708312988281e-01
1.741275787353515625e-01
2.162241935729980469e-01
1.295170783996582031e-01
1.064517498016357422e-01
2.975940704345703125e-01
1.689381599426269531e-01
7.726025581359863281e-02
1.561441421508789062e-01
1.789410114288330078e-01
1.620833873748779297e-01
1.184887886047363281e-01
1.802589893341064453e-01
1.429920196533203125e-01
1.480667591094970703e-01
1.469337940216064453e-01
1.858146190643310547e-01
1.608304977416992188e-01
1.358687877655029297e-01
2.804722785949707031e-01
1.919729709625244141e-01
1.392281055450439453e-01
2.194964885711669922e-01
1.644623279571533203e-01
1.802334785461425781e-01
1.710486412048339844e-01
1.345143318176269531e-01
2.151415348052978516e-01
1.813588142395019531e-01
1.146259307861328125e-01
1.570696830749511719e-01
1.755640506744384766e-01
1.818194389343261719e-01
1.208424568176269531e-01
1.374664306640625000e-01
1.533737182617187500e-01
2.485010623931884766e-01
4.499125480651855469e-02
9.332084655761718750e-02
1.246254444122314453e-01
2.169568538665771484e-01
1.390948295593261719e-01
1.375164985656738281e-01
1.779887676239013672e-01
1.887652873992919922e-01
8.929777145385742188e-02
1.146404743194580078e-01
1.266961097717285156e-01
8.768057823181152344e-02
2.098596096038818359e-01
1.091685295104980469e-01
1.803936958312988281e-01
1.581265926361083984e-01
1.780862808227539062e-01
1.205561161041259766e-01
1.397957801818847656e-01
1.501040458679199219e-01
8.933496475219726562e-02
1.106877326965332031e-01
1.651554107666015625e-01
1.732814311981201172e-01
1.354122161865234375e-01
1.760673522949218750e-01
1.872377395629882812e-01
6.736397743225097656e-02
1.361818313598632812e-01
1.982553005218505859e-01
1.120455265045166016e-01
1.762986183166503906e-01
1.263334751129150391e-01
2.145395278930664062e-01
1.172971725463867188e-01
1.036119461059570312e-01
1.855719089508056641e-01
2.163827419281005859e-01
1.858303546905517578e-01
1.154663562774658203e-01
2.375473976135253906e-01
1.355071067810058594e-01
1.797554492950439453e-01
1.358566284179687500e-01
2.025694847106933594e-01
1.001083850860595703e-01
1.315157413482666016e-01
1.635422706604003906e-01
1.632330417633056641e-01
