1.526036190986633301e+01
1.795690345764160156e+01
1.533756017684936523e+01
2.238510847091674805e+01
3.541139578819274902e+01
1.495243906974792480e+01
1.505406665802001953e+01
1.520087265968322754e+01
3.096532225608825684e+01
1.917271828651428223e+01
1.464902019500732422e+01
1.502081871032714844e+01
3.283278942108154297e+01
1.735564756393432617e+01
3.375590825080871582e+01
1.500528717041015625e+01
1.525352048873901367e+01
2.579291558265686035e+01
1.523830986022949219e+01
1.503203725814819336e+01
1.492315220832824707e+01
1.523578190803527832e+01
1.535380697250366211e+01
2.205370688438415527e+01
1.521377205848693848e+01
2.407333469390869141e+01
1.935173964500427246e+01
1.482967233657836914e+01
1.478293323516845703e+01
2.089989352226257324e+01
1.530515646934509277e+01
1.965043854713439941e+01
1.506914377212524414e+01
1.524455785751342773e+01
1.538931536674499512e+01
1.487178730964660645e+01
1.524404811859130859e+01
1.551392269134521484e+01
3.151606512069702148e+01
1.540171051025390625e+01
3.538009357452392578e+01
1.838585805892944336e+01
1.534818243980407715e+01
1.509202671051025391e+01
3.154743576049804688e+01
1.490287423133850098e+01
1.523731136322021484e+01
1.498074769973754883e+01
3.043939566612243652e+01
1.775057268142700195e+01
1.529313039779663086e+01
2.304475259780883789e+01
1.530810904502868652e+01
1.516508054733276367e+01
1.510567212104797363e+01
3.214812731742858887e+01
1.512869668006896973e+01
1.498749470710754395e+01
1.516746711730957031e+01
2.892356014251708984e+01
1.538306212425231934e+01
3.313343667984008789e+01
1.750679302215576172e+01
1.505910420417785645e+01
1.546188020706176758e+01
3.333330345153808594e+01
1.926796603202819824e+01
1.503203582763671875e+01
1.485905122756958008e+01
2.749344801902770996e+01
1.458842945098876953e+01
1.534162044525146484e+01
2.428273677825927734e+01
1.526916623115539551e+01
2.667496252059936523e+01
1.521342706680297852e+01
1.513981485366821289e+01
1.500768828392028809e+01
1.570811581611633301e+01
2.428449106216430664e+01
1.501083493232727051e+01
2.303384208679199219e+01
1.498214554786682129e+01
2.902436542510986328e+01
1.515061020851135254e+01
1.512467312812805176e+01
1.549251699447631836e+01
1.479181933403015137e+01
3.031845569610595703e+01
1.908605360984802246e+01
1.524635314941406250e+01
1.484740614891052246e+01
1.499881625175476074e+01
2.915762472152709961e+01
1.805300855636596680e+01
1.525535154342651367e+01
1.532192897796630859e+01
2.633967781066894531e+01
1.549405550956726074e+01
1.523507332801818848e+01
