1.456814289093017578e+01
1.457015490531921387e+01
1.466583967208862305e+01
1.990240550041198730e+01
1.463908720016479492e+01
1.971238279342651367e+01
2.015960025787353516e+01
1.457122969627380371e+01
2.009450435638427734e+01
1.465543818473815918e+01
1.466379022598266602e+01
1.464844536781311035e+01
1.468894505500793457e+01
1.468049430847167969e+01
1.978743243217468262e+01
1.466128659248352051e+01
1.459852075576782227e+01
1.474648189544677734e+01
1.473734712600708008e+01
1.469360709190368652e+01
1.467363834381103516e+01
1.466524624824523926e+01
1.474905824661254883e+01
1.470099401473999023e+01
1.462235093116760254e+01
1.463952040672302246e+01
1.456426191329956055e+01
1.995815873146057129e+01
1.446238851547241211e+01
1.442018818855285645e+01
1.994124841690063477e+01
1.446709036827087402e+01
1.440648198127746582e+01
1.437809777259826660e+01
1.982765483856201172e+01
1.442491054534912109e+01
1.439688158035278320e+01
1.439838695526123047e+01
1.440790486335754395e+01
1.441441488265991211e+01
1.433426761627197266e+01
1.442399692535400391e+01
1.994179892539978027e+01
1.465255188941955566e+01
1.437788367271423340e+01
1.995010519027709961e+01
1.449967050552368164e+01
1.435228180885314941e+01
1.427148532867431641e+01
1.430991697311401367e+01
