6.828190386295318604e-02
6.196547765284776688e-03
2.375464420765638351e-03
1.871395390480756760e-03
7.560774683952331543e-03
3.637266810983419418e-03
9.554859716445207596e-04
1.616443914826959372e-04
1.147418806795030832e-04
1.208871472044847906e-04
6.727918662363663316e-05
7.572650793008506298e-05
6.157977622933685780e-05
5.991501166136004031e-05
7.610329339513555169e-05
6.481877790065482259e-05
6.630301504628732800e-05
5.359917122405022383e-05
4.294600876164622605e-05
5.240212703938595951e-05
4.345833804109133780e-05
4.073772288393229246e-05
4.184019053354859352e-05
4.439930489752441645e-05
3.841003854176960886e-05
3.628843842307105660e-05
3.481015301076695323e-05
3.110573743470013142e-05
2.828298238455317914e-05
2.611055970191955566e-05
2.322008913324680179e-05
2.053044590866193175e-05
1.838161006162408739e-05
1.611600418982561678e-05
1.488967609475366771e-05
1.410313507221871987e-05
1.358625650027533993e-05
1.255999086424708366e-05
1.194204014609567821e-05
1.091129433916648850e-05
1.005498415906913579e-05
9.194369340548291802e-06
8.533181244274601340e-06
7.927341357572004199e-06
7.464282134606037289e-06
7.016914423729758710e-06
6.634474630118347704e-06
6.303943791863275692e-06
6.034818852640455589e-06
5.805932687508175150e-06
