4.335880279541015625e-03
4.072666168212890625e-03
4.078626632690429688e-03
4.099369049072265625e-03
4.000186920166015625e-03
4.048824310302734375e-03
4.076004028320312500e-03
1.501274108886718750e-02
4.038095474243164062e-03
1.888871192932128906e-02
4.112482070922851562e-03
4.090547561645507812e-03
4.106283187866210938e-03
4.056930541992187500e-03
4.052639007568359375e-03
1.305317878723144531e-02
1.135087013244628906e-02
4.013061523437500000e-03
4.098415374755859375e-03
4.288196563720703125e-03
4.072904586791992188e-03
4.077672958374023438e-03
4.030227661132812500e-03
4.129886627197265625e-03
4.118919372558593750e-03
4.103660583496093750e-03
4.103660583496093750e-03
4.062652587890625000e-03
6.688594818115234375e-03
4.078149795532226562e-03
4.087209701538085938e-03
4.006624221801757812e-03
4.107952117919921875e-03
4.100322723388671875e-03
1.129508018493652344e-02
4.079580307006835938e-03
4.021644592285156250e-03
8.745908737182617188e-03
2.812767028808593750e-02
4.020690917968750000e-03
4.112243652343750000e-03
3.989696502685546875e-03
1.220679283142089844e-02
6.029367446899414062e-03
4.047155380249023438e-03
3.995180130004882812e-03
4.043102264404296875e-03
4.077196121215820312e-03
4.063606262207031250e-03
4.114151000976562500e-03
4.073619842529296875e-03
3.960132598876953125e-03
4.072189331054687500e-03
7.425069808959960938e-03
3.952503204345703125e-03
4.025697708129882812e-03
4.019975662231445312e-03
2.136754989624023438e-02
4.084348678588867188e-03
4.037380218505859375e-03
4.061222076416015625e-03
4.055738449096679688e-03
3.999710083007812500e-03
4.036903381347656250e-03
3.948450088500976562e-03
4.024267196655273438e-03
4.041910171508789062e-03
3.976345062255859375e-03
4.027128219604492188e-03
3.995418548583984375e-03
4.052400588989257812e-03
4.109621047973632812e-03
3.989219665527343750e-03
3.981828689575195312e-03
4.023551940917968750e-03
4.141092300415039062e-03
8.213520050048828125e-03
3.953695297241210938e-03
4.041433334350585938e-03
4.016637802124023438e-03
4.049777984619140625e-03
4.033327102661132812e-03
4.019975662231445312e-03
4.052639007568359375e-03
3.995895385742187500e-03
6.050586700439453125e-03
4.022836685180664062e-03
4.060983657836914062e-03
4.029273986816406250e-03
4.108190536499023438e-03
4.077196121215820312e-03
4.111528396606445312e-03
4.102230072021484375e-03
4.035472869873046875e-03
4.016876220703125000e-03
1.371645927429199219e-02
4.094839096069335938e-03
4.013299942016601562e-03
4.070043563842773438e-03
1.094722747802734375e-02
