1.680319809913635254e+01
2.039225506782531738e+01
1.655590915679931641e+01
2.037889122962951660e+01
1.653803682327270508e+01
1.837239789962768555e+01
1.825478816032409668e+01
1.819474148750305176e+01
1.812170410156250000e+01
1.832579064369201660e+01
1.971529006958007812e+01
1.810408949851989746e+01
1.678487443923950195e+01
1.668683028221130371e+01
1.923794054985046387e+01
1.826805543899536133e+01
1.884540820121765137e+01
1.639814233779907227e+01
1.895241618156433105e+01
1.721403241157531738e+01
1.828265666961669922e+01
1.662819528579711914e+01
2.216766023635864258e+01
1.826140499114990234e+01
1.867683482170104980e+01
2.040452671051025391e+01
1.649634742736816406e+01
1.826611351966857910e+01
2.039310812950134277e+01
1.695445132255554199e+01
1.731067752838134766e+01
2.039068222045898438e+01
1.653668236732482910e+01
1.845030689239501953e+01
1.834847569465637207e+01
1.741547989845275879e+01
1.830945110321044922e+01
1.825313401222229004e+01
1.919975519180297852e+01
1.814024901390075684e+01
2.037471127510070801e+01
1.796102857589721680e+01
1.830827617645263672e+01
2.040041327476501465e+01
1.652965831756591797e+01
1.655070018768310547e+01
2.038859629631042480e+01
1.786610651016235352e+01
1.706808137893676758e+01
1.824240255355834961e+01
1.659184408187866211e+01
1.649523210525512695e+01
1.886068201065063477e+01
1.822858166694641113e+01
1.842042636871337891e+01
1.840503144264221191e+01
1.823853969573974609e+01
1.832929253578186035e+01
1.746733260154724121e+01
1.837196469306945801e+01
1.839681458473205566e+01
1.651982188224792480e+01
1.670430421829223633e+01
1.810064911842346191e+01
2.039463162422180176e+01
1.798629426956176758e+01
1.843948149681091309e+01
1.831719636917114258e+01
2.039376211166381836e+01
1.651826524734497070e+01
2.038530468940734863e+01
1.650973725318908691e+01
2.037424898147583008e+01
1.651406598091125488e+01
2.038431143760681152e+01
2.037592792510986328e+01
1.685487127304077148e+01
1.659686136245727539e+01
1.657925963401794434e+01
2.038553023338317871e+01
1.646646094322204590e+01
1.856826472282409668e+01
1.830840396881103516e+01
1.849226808547973633e+01
1.872777557373046875e+01
1.828205657005310059e+01
1.723615288734436035e+01
1.824727177619934082e+01
1.918518352508544922e+01
1.836517643928527832e+01
1.913382530212402344e+01
2.038742232322692871e+01
1.653437948226928711e+01
1.807955479621887207e+01
1.832581353187561035e+01
1.671866083145141602e+01
1.825890660285949707e+01
1.737675142288208008e+01
1.840285468101501465e+01
1.818221497535705566e+01
