1.571206521987915039e+01
1.532642412185668945e+01
1.542428898811340332e+01
1.899058842658996582e+01
1.826403832435607910e+01
1.499907350540161133e+01
2.867448163032531738e+01
1.495684003829956055e+01
1.557402133941650391e+01
2.519389986991882324e+01
1.707298445701599121e+01
1.512101674079895020e+01
1.550193500518798828e+01
1.535027790069580078e+01
1.497633862495422363e+01
1.525634360313415527e+01
1.541743874549865723e+01
1.503847026824951172e+01
2.319769811630249023e+01
1.560812234878540039e+01
1.519131302833557129e+01
2.828861403465270996e+01
3.482752490043640137e+01
1.472000336647033691e+01
2.974415588378906250e+01
1.550512218475341797e+01
1.509254837036132812e+01
1.554516959190368652e+01
1.527239418029785156e+01
3.039432001113891602e+01
3.430634045600891113e+01
1.920280575752258301e+01
1.498381590843200684e+01
1.535160970687866211e+01
3.121043610572814941e+01
1.906942677497863770e+01
3.154161477088928223e+01
1.503112030029296875e+01
1.534828233718872070e+01
1.499857735633850098e+01
3.236617469787597656e+01
1.495925116539001465e+01
1.524160647392272949e+01
1.532887792587280273e+01
1.521564269065856934e+01
2.316582775115966797e+01
1.533623480796813965e+01
1.527091813087463379e+01
1.514264345169067383e+01
2.384182763099670410e+01
1.928262925148010254e+01
2.558525943756103516e+01
1.508060956001281738e+01
2.690157985687255859e+01
1.533840799331665039e+01
1.501082181930541992e+01
2.870827341079711914e+01
1.551519799232482910e+01
1.541249108314514160e+01
1.504763507843017578e+01
1.529862403869628906e+01
1.541582679748535156e+01
1.501283001899719238e+01
2.734220480918884277e+01
1.885903668403625488e+01
1.516557121276855469e+01
1.543442201614379883e+01
1.504692864418029785e+01
1.550949358940124512e+01
1.508229732513427734e+01
1.516320300102233887e+01
3.380848026275634766e+01
1.784161853790283203e+01
3.180944776535034180e+01
1.531998348236083984e+01
1.518591761589050293e+01
2.726497006416320801e+01
1.904536914825439453e+01
2.271914744377136230e+01
1.552411460876464844e+01
1.525712656974792480e+01
1.516263198852539062e+01
1.535986518859863281e+01
1.552884960174560547e+01
1.560498523712158203e+01
1.562625718116760254e+01
1.512541198730468750e+01
1.517551612854003906e+01
1.534800696372985840e+01
2.267461752891540527e+01
1.805727720260620117e+01
1.487152099609375000e+01
3.461286187171936035e+01
1.941696739196777344e+01
1.528134346008300781e+01
2.669907355308532715e+01
1.513084125518798828e+01
1.477520108222961426e+01
1.525771307945251465e+01
1.490112638473510742e+01
