1.691124892234802246e+01
1.843320989608764648e+01
1.883358526229858398e+01
1.841297292709350586e+01
1.851018643379211426e+01
1.766550183296203613e+01
1.653736448287963867e+01
1.849094104766845703e+01
1.665344190597534180e+01
1.833365583419799805e+01
1.664682793617248535e+01
2.035425448417663574e+01
3.496415996551513672e+01
1.831776428222656250e+01
1.831480646133422852e+01
1.658094429969787598e+01
1.755963516235351562e+01
1.840694737434387207e+01
1.666216564178466797e+01
1.998692345619201660e+01
1.837161588668823242e+01
1.816416025161743164e+01
1.657979846000671387e+01
1.908704876899719238e+01
1.738254404067993164e+01
2.040922951698303223e+01
1.663361001014709473e+01
1.663781166076660156e+01
1.838258814811706543e+01
1.890779376029968262e+01
1.910740184783935547e+01
1.956342482566833496e+01
1.819317173957824707e+01
1.671791100502014160e+01
1.845736050605773926e+01
1.895156431198120117e+01
1.829289031028747559e+01
1.659364271163940430e+01
1.831539273262023926e+01
2.039780449867248535e+01
1.661063337326049805e+01
1.668411850929260254e+01
1.676151323318481445e+01
1.653722691535949707e+01
2.037978196144104004e+01
1.807872462272644043e+01
1.657542347908020020e+01
2.037358522415161133e+01
1.656939363479614258e+01
1.654026603698730469e+01
1.661769819259643555e+01
1.830361914634704590e+01
1.827896142005920410e+01
1.836599445343017578e+01
1.866815996170043945e+01
1.662039470672607422e+01
1.819109249114990234e+01
1.805103826522827148e+01
2.039672374725341797e+01
1.653234243392944336e+01
1.845677399635314941e+01
1.845125508308410645e+01
1.692795896530151367e+01
1.891461467742919922e+01
1.652491569519042969e+01
1.865581250190734863e+01
1.665004682540893555e+01
1.666262674331665039e+01
1.653874039649963379e+01
1.657682824134826660e+01
1.660290265083312988e+01
1.824101996421813965e+01
1.653769278526306152e+01
1.652943229675292969e+01
1.843769454956054688e+01
1.821637058258056641e+01
1.838290786743164062e+01
1.815111279487609863e+01
2.039138936996459961e+01
1.655830430984497070e+01
1.697874307632446289e+01
1.694758772850036621e+01
1.899298024177551270e+01
1.662619662284851074e+01
2.038844251632690430e+01
1.654111933708190918e+01
1.843219757080078125e+01
1.826417851448059082e+01
1.788119673728942871e+01
1.851138949394226074e+01
2.039207148551940918e+01
1.649799776077270508e+01
1.745328760147094727e+01
1.861139321327209473e+01
1.829848265647888184e+01
1.661051821708679199e+01
1.810588622093200684e+01
1.849086976051330566e+01
1.748902606964111328e+01
1.652818989753723145e+01
