8.764724254608154297e+00
1.947544050216674805e+01
8.937435388565063477e+00
1.951682448387145996e+01
9.093869686126708984e+00
9.983444690704345703e+00
1.990385961532592773e+01
2.987174320220947266e+01
2.747935032844543457e+01
2.095249962806701660e+01
3.992995715141296387e+01
8.883487224578857422e+00
2.914209175109863281e+01
2.008757543563842773e+01
2.837519288063049316e+01
3.993120646476745605e+01
9.915110826492309570e+00
1.987481737136840820e+01
2.902271270751953125e+01
3.995019149780273438e+01
8.365322351455688477e+00
3.997172117233276367e+01
8.228005647659301758e+00
2.105034565925598145e+01
2.718266963958740234e+01
2.217739558219909668e+01
3.997363686561584473e+01
8.796097040176391602e+00
3.996998715400695801e+01
9.772837877273559570e+00
2.577048110961914062e+01
2.295778036117553711e+01
2.579518127441406250e+01
2.427390098571777344e+01
1.001933145523071289e+01
1.953567504882812500e+01
4.002963566780090332e+01
9.746691465377807617e+00
2.823041224479675293e+01
2.033064317703247070e+01
2.681392288208007812e+01
3.998970675468444824e+01
9.114694833755493164e+00
3.998771905899047852e+01
8.854505062103271484e+00
2.299227142333984375e+01
4.000599789619445801e+01
8.545972824096679688e+00
2.817948794364929199e+01
2.058686161041259766e+01
