7.539997100830078125e-01
7.121987342834472656e-01
9.336338043212890625e-01
1.013950586318969727e+00
7.587115764617919922e-01
1.083613634109497070e+00
8.738968372344970703e-01
8.870141506195068359e-01
9.828932285308837891e-01
1.323642015457153320e+00
9.909260272979736328e-01
1.275465965270996094e+00
1.014335155487060547e+00
1.209933280944824219e+00
1.266526937484741211e+00
1.018372535705566406e+00
1.423589468002319336e+00
9.636349678039550781e-01
1.174391508102416992e+00
9.615058898925781250e-01
9.051167964935302734e-01
9.232316017150878906e-01
1.113547563552856445e+00
8.983530998229980469e-01
8.414933681488037109e-01
7.788159847259521484e-01
7.380070686340332031e-01
1.227365732192993164e+00
1.035045623779296875e+00
1.052238941192626953e+00
1.102335929870605469e+00
9.087216854095458984e-01
8.261499404907226562e-01
8.288435935974121094e-01
7.988886833190917969e-01
8.559706211090087891e-01
1.193838357925415039e+00
8.286671638488769531e-01
8.972339630126953125e-01
9.926247596740722656e-01
9.978353977203369141e-01
9.099299907684326172e-01
9.857349395751953125e-01
8.989984989166259766e-01
7.119534015655517578e-01
7.948794364929199219e-01
9.539587497711181641e-01
1.041436910629272461e+00
9.954390525817871094e-01
1.270103216171264648e+00
