7.331568002700805664e+00
7.528484582901000977e+00
7.303087234497070312e+00
7.592515230178833008e+00
7.442059993743896484e+00
6.903115034103393555e+00
7.504374742507934570e+00
7.459204912185668945e+00
7.455371618270874023e+00
7.088675737380981445e+00
7.497198820114135742e+00
7.305080175399780273e+00
7.502882242202758789e+00
7.157325983047485352e+00
7.153487920761108398e+00
7.169677972793579102e+00
7.090120315551757812e+00
7.272006750106811523e+00
7.362925767898559570e+00
7.470057249069213867e+00
7.234895944595336914e+00
7.790078639984130859e+00
7.407432317733764648e+00
7.432093143463134766e+00
7.654639244079589844e+00
7.633404254913330078e+00
7.678411960601806641e+00
7.055357456207275391e+00
7.460800647735595703e+00
7.331704378128051758e+00
7.141635417938232422e+00
7.594680309295654297e+00
7.583847284317016602e+00
7.531477212905883789e+00
7.973256349563598633e+00
7.565724134445190430e+00
7.425084352493286133e+00
8.590252637863159180e+00
7.418608427047729492e+00
7.468259096145629883e+00
7.204473972320556641e+00
7.516876935958862305e+00
7.704849958419799805e+00
7.616455078125000000e+00
7.826692819595336914e+00
7.609553337097167969e+00
7.309083700180053711e+00
7.596678972244262695e+00
7.491893768310546875e+00
7.105700254440307617e+00
