8.582319498062133789e+00
8.562616348266601562e+00
8.557923078536987305e+00
8.603978872299194336e+00
8.595640182495117188e+00
1.439156699180603027e+01
8.589927434921264648e+00
8.601748704910278320e+00
8.598758220672607422e+00
8.610133171081542969e+00
8.620465278625488281e+00
8.615427732467651367e+00
1.466606807708740234e+01
8.603554010391235352e+00
8.612003803253173828e+00
1.462916159629821777e+01
8.616358280181884766e+00
1.461700963973999023e+01
8.656884670257568359e+00
8.607087373733520508e+00
8.576277256011962891e+00
8.612260818481445312e+00
8.616501569747924805e+00
8.587391376495361328e+00
8.590631008148193359e+00
8.548930406570434570e+00
8.505784749984741211e+00
8.598333597183227539e+00
8.555685520172119141e+00
8.537928342819213867e+00
8.543996334075927734e+00
8.547178745269775391e+00
8.520007610321044922e+00
8.561958551406860352e+00
8.564316749572753906e+00
8.539167165756225586e+00
8.568270444869995117e+00
8.540430545806884766e+00
8.556704521179199219e+00
8.562709093093872070e+00
8.542243719100952148e+00
8.555431365966796875e+00
8.628643274307250977e+00
8.623258590698242188e+00
8.594297885894775391e+00
8.578294038772583008e+00
8.579261541366577148e+00
8.554569482803344727e+00
8.557867050170898438e+00
8.601655721664428711e+00
