6.171774864196777344e-02
6.199645996093750000e-02
6.175184249877929688e-02
6.177520751953125000e-02
6.162357330322265625e-02
6.142377853393554688e-02
6.156516075134277344e-02
6.148719787597656250e-02
6.182861328125000000e-02
6.139802932739257812e-02
6.136155128479003906e-02
6.189084053039550781e-02
6.205892562866210938e-02
6.211376190185546875e-02
6.242394447326660156e-02
6.215548515319824219e-02
6.180405616760253906e-02
6.183075904846191406e-02
6.211376190185546875e-02
6.173253059387207031e-02
6.154870986938476562e-02
6.184220314025878906e-02
6.202530860900878906e-02
6.216263771057128906e-02
6.198453903198242188e-02
6.167006492614746094e-02
6.199979782104492188e-02
6.185054779052734375e-02
6.161308288574218750e-02
6.147265434265136719e-02
6.163477897644042969e-02
6.160974502563476562e-02
6.176066398620605469e-02
6.208062171936035156e-02
6.162881851196289062e-02
6.154251098632812500e-02
6.193947792053222656e-02
6.196022033691406250e-02
6.151866912841796875e-02
6.205272674560546875e-02
6.168031692504882812e-02
6.180453300476074219e-02
6.166553497314453125e-02
6.143617630004882812e-02
6.123614311218261719e-02
6.125307083129882812e-02
6.136918067932128906e-02
6.215596199035644531e-02
6.180763244628906250e-02
6.164145469665527344e-02
