3.192098855972290039e+00
2.385089397430419922e+00
1.968310117721557617e+00
1.615363001823425293e+00
1.313869595527648926e+00
1.060988068580627441e+00
8.627281785011291504e-01
6.987160444259643555e-01
5.775859355926513672e-01
4.744156301021575928e-01
3.754692971706390381e-01
3.198590874671936035e-01
2.599717974662780762e-01
2.140254378318786621e-01
1.834562420845031738e-01
1.512640118598937988e-01
1.370083093643188477e-01
1.162738576531410217e-01
9.725970029830932617e-02
9.399219602346420288e-02
1.606870740652084351e-01
2.017339766025543213e-01
1.720681339502334595e-01
1.265307813882827759e-01
1.050949022173881531e-01
8.684929460287094116e-02
7.383376359939575195e-02
6.476986408233642578e-02
5.881692096590995789e-02
4.974933341145515442e-02
4.475335031747817993e-02
4.334560036659240723e-02
3.779720515012741089e-02
3.827343136072158813e-02
3.321232274174690247e-02
3.322055935859680176e-02
3.082643449306488037e-02
3.036674484610557556e-02
2.724780514836311340e-02
2.996571175754070282e-02
2.725587785243988037e-02
2.699759416282176971e-02
2.170293778181076050e-02
2.043728157877922058e-02
1.968711800873279572e-02
2.199647203087806702e-02
1.937489956617355347e-02
1.849994063377380371e-02
1.875574514269828796e-02
1.611964963376522064e-02
1.904792524874210358e-02
1.563058421015739441e-02
1.589149050414562225e-02
1.457925140857696533e-02
1.358142774552106857e-02
1.148272398859262466e-02
1.218887232244014740e-02
1.276412419974803925e-02
1.142307650297880173e-02
1.214124821126461029e-02
1.034839265048503876e-02
1.088384445756673813e-02
9.220929816365242004e-03
1.161355618387460709e-02
9.383382275700569153e-03
1.313934382051229477e-02
9.243693202733993530e-03
1.086000725626945496e-02
9.344943799078464508e-03
1.275407243520021439e-02
1.016605179756879807e-02
1.062537729740142822e-02
8.960931561887264252e-03
8.039963431656360626e-03
6.894451100379228592e-03
6.904939655214548111e-03
6.536992732435464859e-03
6.185499485582113266e-03
5.313626490533351898e-03
5.651294719427824020e-03
1.011912338435649872e-02
1.243832893669605255e-02
9.035665541887283325e-03
7.835187017917633057e-03
6.814931053668260574e-03
6.438656710088253021e-03
6.003858987241983414e-03
6.816040258854627609e-03
4.431743919849395752e-02
5.808145403861999512e-01
6.309220790863037109e-01
3.930299878120422363e-01
2.524137496948242188e-01
1.825476884841918945e-01
1.331230998039245605e-01
1.110374107956886292e-01
8.673290163278579712e-02
7.675951719284057617e-02
6.786946207284927368e-02
6.075820699334144592e-02
