2.276507353782653809e+02
2.666832094192504883e+02
3.051149814128875732e+02
3.218687355518341064e+02
2.618544270992279053e+02
2.702696223258972168e+02
2.923939237594604492e+02
2.979325392246246338e+02
2.732655184268951416e+02
2.952266192436218262e+02
2.963777370452880859e+02
2.775238201618194580e+02
3.218617410659790039e+02
2.721685848236083984e+02
2.741863746643066406e+02
3.007987461090087891e+02
2.702518820762634277e+02
3.218488757610321045e+02
2.726121563911437988e+02
2.988412857055664062e+02
2.776069538593292236e+02
2.930765857696533203e+02
2.637371258735656738e+02
3.218771207332611084e+02
2.568577101230621338e+02
2.753851602077484131e+02
2.958492980003356934e+02
3.218575310707092285e+02
2.272786350250244141e+02
2.948794083595275879e+02
3.218667082786560059e+02
2.618824558258056641e+02
2.625570275783538818e+02
2.737553660869598389e+02
2.979002609252929688e+02
2.732186238765716553e+02
2.921156899929046631e+02
2.812430408000946045e+02
3.218561856746673584e+02
2.693251171112060547e+02
3.218697705268859863e+02
2.510590755939483643e+02
3.218807489871978760e+02
2.476720125675201416e+02
2.914928503036499023e+02
2.997376205921173096e+02
2.830409607887268066e+02
2.838763372898101807e+02
2.886681981086730957e+02
3.218700249195098877e+02
2.549067037105560303e+02
2.764716277122497559e+02
3.218732147216796875e+02
2.549186210632324219e+02
2.936652419567108154e+02
2.780069274902343750e+02
2.693340537548065186e+02
3.218741474151611328e+02
2.618526382446289062e+02
2.921352488994598389e+02
3.218672368526458740e+02
2.618655362129211426e+02
2.795944030284881592e+02
3.218725938796997070e+02
2.618788869380950928e+02
2.667588322162628174e+02
2.921683890819549561e+02
3.218735768795013428e+02
2.618890502452850342e+02
2.430548970699310303e+02
2.618390169143676758e+02
2.541502873897552490e+02
2.557495591640472412e+02
2.665132544040679932e+02
3.218821122646331787e+02
2.467921409606933594e+02
3.218709468841552734e+02
2.559928474426269531e+02
3.218721299171447754e+02
2.618742957115173340e+02
2.618815236091613770e+02
2.743906202316284180e+02
2.945329926013946533e+02
2.751829988956451416e+02
2.907188510894775391e+02
2.797918884754180908e+02
2.918458747863769531e+02
3.218685755729675293e+02
2.502628502845764160e+02
2.811974790096282959e+02
3.218889331817626953e+02
2.465404553413391113e+02
2.920487771034240723e+02
3.218748104572296143e+02
2.619073884487152100e+02
2.719160687923431396e+02
2.875251672267913818e+02
2.866599788665771484e+02
2.867474069595336914e+02
3.218922469615936279e+02
