8.367848396301269531e-02
5.589246749877929688e-03
5.003094673156738281e-02
2.923822402954101562e-02
7.560801506042480469e-02
3.668045997619628906e-02
3.532719612121582031e-02
6.467509269714355469e-02
2.134132385253906250e-02
2.199244499206542969e-02
7.701182365417480469e-02
5.744194984436035156e-02
3.871560096740722656e-02
5.111241340637207031e-02
3.470039367675781250e-02
1.024723052978515625e-02
6.115937232971191406e-02
5.083179473876953125e-02
5.475258827209472656e-02
1.043131351470947266e-01
7.511806488037109375e-02
5.233931541442871094e-02
4.167866706848144531e-02
2.662014961242675781e-02
7.687401771545410156e-02
6.875038146972656250e-02
2.932953834533691406e-02
6.281018257141113281e-02
3.041267395019531250e-02
4.235243797302246094e-02
2.187800407409667969e-02
1.777577400207519531e-02
7.706856727600097656e-02
6.166195869445800781e-02
3.426337242126464844e-02
3.192639350891113281e-02
3.428983688354492188e-02
6.542706489562988281e-02
4.718804359436035156e-02
3.982281684875488281e-02
6.545472145080566406e-02
4.964351654052734375e-02
1.713895797729492188e-02
4.130291938781738281e-02
6.133604049682617188e-02
6.906366348266601562e-02
1.120457649230957031e-01
5.309677124023437500e-02
6.182003021240234375e-02
4.968214035034179688e-02
5.580019950866699219e-02
3.982591629028320312e-02
2.080059051513671875e-02
3.783226013183593750e-02
2.811312675476074219e-02
7.151269912719726562e-02
7.206153869628906250e-02
2.365732192993164062e-02
1.246459484100341797e-01
1.385617256164550781e-02
8.201432228088378906e-02
3.774333000183105469e-02
4.046082496643066406e-02
4.596853256225585938e-02
2.794146537780761719e-02
1.711320877075195312e-02
7.381033897399902344e-02
7.594466209411621094e-02
3.741979598999023438e-02
3.748631477355957031e-02
2.669882774353027344e-02
5.090594291687011719e-02
2.970314025878906250e-02
3.754878044128417969e-02
8.313322067260742188e-02
4.237008094787597656e-02
2.869367599487304688e-02
2.669334411621093750e-02
6.869459152221679688e-02
7.499313354492187500e-02
7.699894905090332031e-02
4.876613616943359375e-02
4.993867874145507812e-02
7.696390151977539062e-02
6.584167480468750000e-02
5.960512161254882812e-02
1.205711364746093750e-01
5.735802650451660156e-02
8.157396316528320312e-02
6.521773338317871094e-02
5.633687973022460938e-02
6.603789329528808594e-02
3.387856483459472656e-02
4.629993438720703125e-02
3.509211540222167969e-02
4.859542846679687500e-02
4.072546958923339844e-02
5.446839332580566406e-02
5.151104927062988281e-02
8.158969879150390625e-02
