1.421145224571228027e+01
1.373848199844360352e+01
1.394560194015502930e+01
1.353787350654602051e+01
1.356718683242797852e+01
1.374927520751953125e+01
1.383465838432312012e+01
1.357950949668884277e+01
1.358580636978149414e+01
1.367715954780578613e+01
1.325829839706420898e+01
5.983595752716064453e+01
1.365327405929565430e+01
1.354316401481628418e+01
6.136233377456665039e+01
1.310087490081787109e+01
1.380891942977905273e+01
1.357049894332885742e+01
4.351738715171813965e+01
1.336421084403991699e+01
5.862266063690185547e+01
1.351806426048278809e+01
7.295604419708251953e+01
4.728416156768798828e+01
1.415465569496154785e+01
1.330370926856994629e+01
1.364381027221679688e+01
1.360409784317016602e+01
6.097481608390808105e+01
1.384331822395324707e+01
1.364263129234313965e+01
1.344913029670715332e+01
1.350659775733947754e+01
6.330967545509338379e+01
1.349968028068542480e+01
1.383015584945678711e+01
1.377162289619445801e+01
1.403625750541687012e+01
1.371995091438293457e+01
1.397828173637390137e+01
1.345930171012878418e+01
1.395978093147277832e+01
1.353137969970703125e+01
4.105498600006103516e+01
1.387687063217163086e+01
1.349026703834533691e+01
1.371980404853820801e+01
1.350344491004943848e+01
4.665082907676696777e+01
1.366309118270874023e+01
4.569825839996337891e+01
1.355293631553649902e+01
1.342144036293029785e+01
1.360965394973754883e+01
4.237901115417480469e+01
2.567578554153442383e+01
1.613825440406799316e+01
1.407735013961791992e+01
1.373558354377746582e+01
1.336734390258789062e+01
1.316656827926635742e+01
5.611261844635009766e+01
2.318857789039611816e+01
1.379254770278930664e+01
1.361406922340393066e+01
1.364735651016235352e+01
1.348187875747680664e+01
7.010639047622680664e+01
1.367611885070800781e+01
1.333465528488159180e+01
1.346940708160400391e+01
1.382712697982788086e+01
1.385780525207519531e+01
1.364694786071777344e+01
1.366972398757934570e+01
1.365032243728637695e+01
1.364399909973144531e+01
1.371412181854248047e+01
1.327598047256469727e+01
4.513211870193481445e+01
1.388673925399780273e+01
1.387448573112487793e+01
1.370665025711059570e+01
1.388797497749328613e+01
1.376115083694458008e+01
1.348428201675415039e+01
1.345512127876281738e+01
1.372316622734069824e+01
4.862359786033630371e+01
2.639391732215881348e+01
1.371545982360839844e+01
1.367724180221557617e+01
4.332436132431030273e+01
1.381153106689453125e+01
1.376312088966369629e+01
1.385105133056640625e+01
1.326948523521423340e+01
1.384862160682678223e+01
4.937879037857055664e+01
2.450352835655212402e+01
