2.405619668960571289e+02
2.620720736980438232e+02
2.756725704669952393e+02
3.218525028228759766e+02
2.618711273670196533e+02
2.717116672992706299e+02
3.218621809482574463e+02
2.618706502914428711e+02
2.766383674144744873e+02
3.218599374294281006e+02
2.618735120296478271e+02
2.448086078166961670e+02
2.950686044692993164e+02
2.546570963859558105e+02
2.765869197845458984e+02
2.877694313526153564e+02
3.218952648639678955e+02
2.618712468147277832e+02
3.218730051517486572e+02
2.393747410774230957e+02
3.218651983737945557e+02
2.618339374065399170e+02
2.618497560024261475e+02
2.750902409553527832e+02
2.632983155250549316e+02
2.937305746078491211e+02
3.218628525733947754e+02
2.618930158615112305e+02
2.573724310398101807e+02
2.799086353778839111e+02
2.803276803493499756e+02
2.778806211948394775e+02
3.218559250831604004e+02
2.380268893241882324e+02
2.874219079017639160e+02
2.618841419219970703e+02
2.818325562477111816e+02
2.618741314411163330e+02
3.218648736476898193e+02
2.406025080680847168e+02
2.680702748298645020e+02
2.900350222587585449e+02
3.218665623664855957e+02
2.619006059169769287e+02
2.476794993877410889e+02
2.869158418178558350e+02
2.903726060390472412e+02
3.218664405345916748e+02
2.442557477951049805e+02
2.640183186531066895e+02
2.975738723278045654e+02
2.774869668483734131e+02
2.798388161659240723e+02
2.773369541168212891e+02
3.218640315532684326e+02
2.398496484756469727e+02
2.532082130908966064e+02
2.593828017711639404e+02
2.639713528156280518e+02
2.969203455448150635e+02
2.649678580760955811e+02
2.959662466049194336e+02
3.218656041622161865e+02
2.618298101425170898e+02
2.594016613960266113e+02
2.786219530105590820e+02
2.784917266368865967e+02
2.598881702423095703e+02
3.218502204418182373e+02
2.419187552928924561e+02
2.638012444972991943e+02
3.218684129714965820e+02
2.391862449645996094e+02
2.778160955905914307e+02
3.218689179420471191e+02
2.618945195674896240e+02
2.636046345233917236e+02
2.758845667839050293e+02
3.218667385578155518e+02
2.618717715740203857e+02
2.738252193927764893e+02
2.865586416721343994e+02
2.711317121982574463e+02
2.875955092906951904e+02
3.218414118289947510e+02
2.619012608528137207e+02
3.218758151531219482e+02
2.618975899219512939e+02
3.218666570186614990e+02
2.393166525363922119e+02
2.833489134311676025e+02
2.836093196868896484e+02
2.618748714923858643e+02
3.218657109737396240e+02
2.392427234649658203e+02
3.218419921398162842e+02
2.390192968845367432e+02
2.661730990409851074e+02
2.994578509330749512e+02
2.787888951301574707e+02
