2.281317880153656006e+02
2.656459975242614746e+02
2.823973484039306641e+02
2.908964049816131592e+02
2.823299987316131592e+02
2.892316207885742188e+02
2.993683271408081055e+02
2.749560217857360840e+02
3.218670520782470703e+02
2.493627424240112305e+02
3.218868250846862793e+02
2.618605535030364990e+02
2.913615772724151611e+02
2.643402352333068848e+02
3.218506047725677490e+02
2.549231362342834473e+02
3.218726601600646973e+02
2.539457039833068848e+02
2.940678400993347168e+02
3.218747603893280029e+02
2.618581187725067139e+02
2.882210028171539307e+02
2.656774961948394775e+02
3.218789975643157959e+02
2.465867042541503906e+02
3.029862816333770752e+02
2.681786165237426758e+02
3.034802739620208740e+02
2.846448032855987549e+02
2.858313064575195312e+02
3.218730444908142090e+02
2.497403142452239990e+02
3.218686063289642334e+02
2.549562301635742188e+02
2.925919709205627441e+02
2.667041354179382324e+02
3.013763599395751953e+02
2.664988515377044678e+02
3.218783774375915527e+02
2.618737173080444336e+02
3.218560097217559814e+02
2.475859060287475586e+02
3.218691990375518799e+02
2.506650700569152832e+02
2.746802332401275635e+02
2.947884852886199951e+02
2.935356528759002686e+02
2.755733151435852051e+02
3.218703818321228027e+02
2.503867702484130859e+02
3.218772721290588379e+02
3.218798751831054688e+02
2.618966054916381836e+02
2.565417244434356689e+02
2.878923165798187256e+02
2.938754057884216309e+02
2.568865776062011719e+02
2.650904626846313477e+02
2.824561891555786133e+02
3.001429159641265869e+02
3.218809494972229004e+02
2.481513733863830566e+02
2.867047119140625000e+02
2.855723192691802979e+02
2.836821577548980713e+02
2.863351678848266602e+02
2.849430916309356689e+02
2.650189895629882812e+02
2.824105324745178223e+02
3.218718497753143311e+02
2.540471196174621582e+02
2.909402158260345459e+02
3.218912951946258545e+02
2.464561166763305664e+02
2.904615983963012695e+02
2.805678853988647461e+02
2.909419212341308594e+02
2.780774583816528320e+02
2.931680235862731934e+02
2.982097408771514893e+02
2.751900343894958496e+02
2.940498843193054199e+02
2.769852452278137207e+02
2.935461354255676270e+02
3.218863432407379150e+02
2.546898262500762939e+02
2.958059763908386230e+02
2.938241753578186035e+02
3.218868606090545654e+02
3.218704192638397217e+02
2.408333780765533447e+02
2.814445440769195557e+02
2.640497577190399170e+02
3.218824222087860107e+02
2.536473653316497803e+02
2.815626862049102783e+02
2.907260828018188477e+02
3.218686683177947998e+02
2.618668868541717529e+02
2.768185606002807617e+02
