2.386619448661804199e-01
4.297201633453369141e-01
5.320038795471191406e-01
6.127372384071350098e-01
6.709553003311157227e-01
7.381795048713684082e-01
7.603731155395507812e-01
8.005789518356323242e-01
8.176262378692626953e-01
8.497909307479858398e-01
8.620135188102722168e-01
8.784174919128417969e-01
8.951431512832641602e-01
9.089739322662353516e-01
9.128336906433105469e-01
9.269861578941345215e-01
9.340624213218688965e-01
9.308459162712097168e-01
9.276294708251953125e-01
9.359923005104064941e-01
9.440334439277648926e-01
9.543261528015136719e-01
9.591508507728576660e-01
9.559344053268432617e-01
9.607591032981872559e-01
9.585075378417968750e-01
9.655838012695312500e-01
9.617240428924560547e-01
9.614023566246032715e-01
9.623672962188720703e-01
9.662270545959472656e-01
9.665487408638000488e-01
9.684786200523376465e-01
9.601157903671264648e-01
9.704084992408752441e-01
9.610807299613952637e-01
9.681569933891296387e-01
9.668703675270080566e-01
9.671919941902160645e-01
9.758765101432800293e-01
9.671919941902160645e-01
9.668703675270080566e-01
9.671919941902160645e-01
9.652621150016784668e-01
9.697651863098144531e-01
9.723383784294128418e-01
9.652621150016784668e-01
9.668703675270080566e-01
9.688002467155456543e-01
9.755548238754272461e-01
9.697651863098144531e-01
9.665487408638000488e-01
9.662270545959472656e-01
9.697651863098144531e-01
9.665487408638000488e-01
9.704084992408752441e-01
9.704084992408752441e-01
9.642971754074096680e-01
9.739466309547424316e-01
9.630106091499328613e-01
9.655838012695312500e-01
9.659054279327392578e-01
9.659054279327392578e-01
9.652621150016784668e-01
9.704084992408752441e-01
9.610807299613952637e-01
9.697651863098144531e-01
9.684786200523376465e-01
9.652621150016784668e-01
9.642971754074096680e-01
9.646188616752624512e-01
9.707301259040832520e-01
9.694435596466064453e-01
9.565776586532592773e-01
9.697651863098144531e-01
9.668703675270080566e-01
9.655838012695312500e-01
9.671919941902160645e-01
9.626889824867248535e-01
9.671919941902160645e-01
9.678353071212768555e-01
9.665487408638000488e-01
9.639755487442016602e-01
9.662270545959472656e-01
9.649404883384704590e-01
9.620456695556640625e-01
9.630106091499328613e-01
9.630106091499328613e-01
9.601157903671264648e-01
9.671919941902160645e-01
9.607591032981872559e-01
9.652621150016784668e-01
9.697651863098144531e-01
9.585075378417968750e-01
9.678353071212768555e-01
9.655838012695312500e-01
9.700868725776672363e-01
9.591508507728576660e-01
9.659054279327392578e-01
9.617240428924560547e-01
