1.454031467437744141e-01
1.770186424255371094e-01
1.212029457092285156e-01
1.245367527008056641e-01
3.999185562133789062e-02
8.911466598510742188e-02
1.667370796203613281e-01
7.374119758605957031e-02
6.174564361572265625e-02
1.245574951171875000e-01
1.754999160766601562e-01
1.042754650115966797e-01
7.180070877075195312e-02
1.380398273468017578e-01
1.634447574615478516e-01
1.054780483245849609e-01
1.161007881164550781e-01
1.131534576416015625e-01
2.439141273498535156e-02
7.183408737182617188e-02
5.239391326904296875e-02
9.255266189575195312e-02
1.140961647033691406e-01
1.223533153533935547e-01
1.379537582397460938e-01
1.129403114318847656e-01
6.197524070739746094e-02
6.887936592102050781e-02
1.031768321990966797e-01
9.639525413513183594e-02
1.482632160186767578e-01
1.191968917846679688e-01
1.606318950653076172e-01
1.037149429321289062e-01
1.470379829406738281e-01
9.607124328613281250e-02
9.492731094360351562e-02
1.135520935058593750e-01
5.467033386230468750e-02
3.361654281616210938e-02
9.060025215148925781e-02
1.203758716583251953e-01
7.543396949768066406e-02
2.462205886840820312e-01
1.100790500640869141e-01
9.844994544982910156e-02
1.917364597320556641e-01
1.004357337951660156e-01
7.685685157775878906e-02
1.510794162750244141e-01
8.241605758666992188e-02
1.063899993896484375e-01
1.378748416900634766e-01
1.535305976867675781e-01
1.203362941741943359e-01
9.987640380859375000e-02
2.018265724182128906e-01
1.005678176879882812e-01
7.566070556640625000e-02
6.094288825988769531e-02
1.280639171600341797e-01
1.260194778442382812e-01
1.268954277038574219e-01
1.104106903076171875e-01
1.810398101806640625e-01
5.078339576721191406e-02
1.218762397766113281e-01
8.111166954040527344e-02
2.309811115264892578e-01
1.038794517517089844e-01
1.173658370971679688e-01
1.107752323150634766e-01
5.728173255920410156e-02
9.788608551025390625e-02
9.822034835815429688e-02
6.409573554992675781e-02
6.241393089294433594e-02
1.111800670623779297e-01
1.496622562408447266e-01
1.061110496520996094e-01
1.520221233367919922e-01
1.402626037597656250e-01
1.462378501892089844e-01
1.221034526824951172e-01
9.108948707580566406e-02
9.818911552429199219e-02
9.440112113952636719e-02
5.719041824340820312e-02
6.898236274719238281e-02
1.272323131561279297e-01
8.486199378967285156e-02
1.432869434356689453e-01
2.402758598327636719e-01
1.576471328735351562e-01
7.038903236389160156e-02
1.001155376434326172e-01
8.721137046813964844e-02
9.588623046875000000e-02
9.276962280273437500e-02
1.144990921020507812e-01
