1.938475012779235840e+01
1.502111387252807617e+01
1.516402387619018555e+01
1.501182270050048828e+01
1.583984875679016113e+01
3.565099382400512695e+01
1.522820234298706055e+01
1.493487834930419922e+01
2.715241789817810059e+01
1.545661616325378418e+01
1.597947263717651367e+01
1.527822470664978027e+01
1.545614242553710938e+01
1.529008245468139648e+01
1.517933297157287598e+01
1.554243993759155273e+01
1.571422553062438965e+01
2.354866051673889160e+01
1.536550068855285645e+01
2.356749939918518066e+01
1.540265417098999023e+01
1.487530207633972168e+01
1.541716790199279785e+01
1.527694630622863770e+01
1.542341113090515137e+01
1.548474669456481934e+01
1.527235841751098633e+01
1.525757217407226562e+01
2.267103314399719238e+01
1.533641576766967773e+01
1.540003132820129395e+01
1.552400827407836914e+01
1.535556793212890625e+01
1.548447918891906738e+01
1.541527891159057617e+01
1.530795574188232422e+01
1.529917788505554199e+01
5.133582973480224609e+01
1.902178025245666504e+01
1.600172543525695801e+01
1.535439920425415039e+01
1.570639228820800781e+01
1.525422549247741699e+01
1.531768846511840820e+01
5.082351446151733398e+01
1.503906607627868652e+01
1.531953644752502441e+01
1.550928306579589844e+01
1.526621365547180176e+01
1.542991685867309570e+01
1.521290087699890137e+01
1.535578656196594238e+01
1.535824584960937500e+01
1.540373849868774414e+01
1.523321008682250977e+01
1.523711800575256348e+01
4.981368422508239746e+01
1.517389512062072754e+01
1.552541089057922363e+01
1.529774737358093262e+01
1.552423834800720215e+01
1.536512613296508789e+01
1.557079386711120605e+01
4.866331243515014648e+01
1.522182631492614746e+01
1.563037347793579102e+01
4.877692246437072754e+01
3.465432691574096680e+01
1.508997535705566406e+01
1.529070115089416504e+01
1.518897676467895508e+01
1.532109284400939941e+01
4.621411371231079102e+01
1.498106908798217773e+01
1.539767384529113770e+01
1.511885881423950195e+01
1.519027948379516602e+01
1.534182548522949219e+01
4.258290719985961914e+01
1.516837382316589355e+01
1.527975153923034668e+01
4.843531203269958496e+01
1.512986063957214355e+01
1.520855426788330078e+01
1.482080221176147461e+01
4.957905292510986328e+01
1.520367908477783203e+01
1.532550978660583496e+01
1.526842737197875977e+01
1.525910353660583496e+01
2.501145482063293457e+01
1.523115038871765137e+01
1.487500166893005371e+01
1.512758731842041016e+01
1.549223160743713379e+01
2.818938779830932617e+01
1.959398388862609863e+01
3.532226014137268066e+01
1.516801714897155762e+01
1.808252406120300293e+01
