1.335732889175415039e+01
2.047429871559143066e+01
1.356156754493713379e+01
2.009112691879272461e+01
2.045862054824829102e+01
1.319672536849975586e+01
1.898250174522399902e+01
1.475607800483703613e+01
1.992743444442749023e+01
1.863057422637939453e+01
1.393912982940673828e+01
1.352530884742736816e+01
1.953144717216491699e+01
1.422059273719787598e+01
1.922457551956176758e+01
1.923450684547424316e+01
2.050356101989746094e+01
3.452620291709899902e+01
1.854574632644653320e+01
1.395298886299133301e+01
2.019734621047973633e+01
3.316294050216674805e+01
1.994988465309143066e+01
1.320375061035156250e+01
1.879233574867248535e+01
2.045862197875976562e+01
1.348232078552246094e+01
1.327306056022644043e+01
1.894627594947814941e+01
1.496022033691406250e+01
1.390863919258117676e+01
1.865787553787231445e+01
1.392539954185485840e+01
1.995064854621887207e+01
1.377953767776489258e+01
2.107141137123107910e+01
3.405339074134826660e+01
1.928037309646606445e+01
1.401106381416320801e+01
2.037255883216857910e+01
1.381235218048095703e+01
1.996201276779174805e+01
1.488558197021484375e+01
1.861286282539367676e+01
1.397075653076171875e+01
1.988051652908325195e+01
2.091537451744079590e+01
3.351963615417480469e+01
1.874945306777954102e+01
1.488967728614807129e+01
