4.532913208007812500e+00
4.027029514312744141e+00
3.884466648101806641e+00
4.447165250778198242e+00
4.317264795303344727e+00
5.192322015762329102e+00
4.113277912139892578e+00
4.282945871353149414e+00
4.393992185592651367e+00
4.224887132644653320e+00
4.171353101730346680e+00
4.207777976989746094e+00
4.425112009048461914e+00
2.421698737144470215e+01
4.639629602432250977e+00
3.766031026840209961e+00
4.488974809646606445e+00
4.486353397369384766e+00
2.150739288330078125e+01
4.479603767395019531e+00
4.504877328872680664e+00
4.222629308700561523e+00
3.842709302902221680e+00
4.431582927703857422e+00
4.079796791076660156e+00
1.114135885238647461e+01
4.498624563217163086e+00
4.284758090972900391e+00
4.471443176269531250e+00
4.384603023529052734e+00
1.107016730308532715e+01
4.702411174774169922e+00
4.554393053054809570e+00
4.366495847702026367e+00
4.446820497512817383e+00
4.465831041336059570e+00
4.464601516723632812e+00
4.413553714752197266e+00
4.441886663436889648e+00
3.784230709075927734e+00
4.244555473327636719e+00
3.698367357254028320e+00
4.277993440628051758e+00
4.336143970489501953e+00
4.266932010650634766e+00
4.371754646301269531e+00
4.271184444427490234e+00
4.334896564483642578e+00
3.860542774200439453e+00
4.222803592681884766e+00
