1.603039550781250000e+01
1.582508277893066406e+01
1.579869842529296875e+01
1.586594605445861816e+01
1.581669926643371582e+01
1.586679792404174805e+01
1.590169072151184082e+01
1.597380065917968750e+01
1.597354316711425781e+01
1.596001005172729492e+01
1.596185040473937988e+01
1.592226409912109375e+01
1.593274760246276855e+01
1.592756748199462891e+01
1.576900601387023926e+01
1.798509550094604492e+01
1.604473257064819336e+01
1.585924744606018066e+01
1.589148163795471191e+01
1.591541314125061035e+01
1.590286397933959961e+01
1.591689634323120117e+01
1.594117450714111328e+01
1.594458460807800293e+01
1.592248940467834473e+01
1.596789979934692383e+01
1.595281338691711426e+01
1.578445076942443848e+01
1.581990432739257812e+01
1.600134849548339844e+01
1.820551323890686035e+01
1.583240532875061035e+01
1.811134338378906250e+01
1.598677563667297363e+01
1.584757637977600098e+01
1.590784740447998047e+01
1.599986910820007324e+01
1.586830234527587891e+01
1.575873231887817383e+01
1.573744463920593262e+01
1.597341084480285645e+01
1.590085339546203613e+01
1.593302035331726074e+01
1.791192722320556641e+01
1.597926139831542969e+01
1.588133859634399414e+01
1.584636139869689941e+01
1.580013489723205566e+01
1.591315197944641113e+01
1.585834455490112305e+01
1.574792671203613281e+01
1.596376919746398926e+01
1.587131547927856445e+01
1.586368823051452637e+01
1.602322959899902344e+01
1.927365612983703613e+01
1.969810223579406738e+01
1.574631428718566895e+01
1.575823879241943359e+01
1.600906562805175781e+01
1.588385629653930664e+01
1.594258642196655273e+01
1.593062925338745117e+01
1.584488081932067871e+01
1.590988588333129883e+01
1.584086513519287109e+01
1.593704962730407715e+01
1.588416361808776855e+01
1.576790142059326172e+01
1.592482089996337891e+01
1.604443240165710449e+01
1.584666609764099121e+01
1.580749893188476562e+01
1.586450576782226562e+01
1.595743227005004883e+01
1.581121420860290527e+01
1.583860921859741211e+01
1.583594822883605957e+01
1.571066284179687500e+01
1.596646595001220703e+01
1.587620162963867188e+01
1.598824739456176758e+01
1.594190239906311035e+01
1.594917106628417969e+01
1.587603044509887695e+01
1.592287397384643555e+01
1.592748737335205078e+01
1.588582396507263184e+01
1.590731883049011230e+01
1.590569591522216797e+01
1.588986468315124512e+01
1.581497764587402344e+01
1.808604812622070312e+01
1.580517983436584473e+01
1.582643699645996094e+01
1.975910019874572754e+01
1.589003658294677734e+01
1.596351146697998047e+01
1.592912149429321289e+01
1.586186909675598145e+01
