4.430055618286132812e-03
4.170656204223632812e-03
4.144668579101562500e-03
4.105329513549804688e-03
4.080772399902343750e-03
4.173994064331054688e-03
4.102706909179687500e-03
4.131317138671875000e-03
4.097938537597656250e-03
4.139661788940429688e-03
4.179954528808593750e-03
1.059746742248535156e-02
4.194498062133789062e-03
4.133939743041992188e-03
4.109621047973632812e-03
4.160642623901367188e-03
4.153966903686523438e-03
4.071950912475585938e-03
4.132747650146484375e-03
4.171609878540039062e-03
4.062414169311523438e-03
4.132747650146484375e-03
4.133939743041992188e-03
4.093885421752929688e-03
4.103899002075195312e-03
4.140138626098632812e-03
4.140377044677734375e-03
4.043102264404296875e-03
4.079103469848632812e-03
4.111289978027343750e-03
4.214763641357421875e-03
8.800268173217773438e-03
4.190683364868164062e-03
4.203796386718750000e-03
4.099845886230468750e-03
4.304647445678710938e-03
4.095315933227539062e-03
4.150629043579101562e-03
4.071235656738281250e-03
4.148960113525390625e-03
4.095554351806640625e-03
4.133462905883789062e-03
4.111528396606445312e-03
4.134416580200195312e-03
4.186391830444335938e-03
4.118680953979492188e-03
4.062414169311523438e-03
4.049062728881835938e-03
4.198789596557617188e-03
4.116773605346679688e-03
4.090309143066406250e-03
4.094839096069335938e-03
4.117727279663085938e-03
4.056215286254882812e-03
4.053354263305664062e-03
4.124164581298828125e-03
9.928464889526367188e-03
4.080533981323242188e-03
4.038810729980468750e-03
4.095792770385742188e-03
4.090070724487304688e-03
4.056215286254882812e-03
4.108190536499023438e-03
4.067182540893554688e-03
4.137992858886718750e-03
4.055261611938476562e-03
4.130363464355468750e-03
4.084825515747070312e-03
2.537202835083007812e-02
4.073381423950195312e-03
4.090785980224609375e-03
1.009774208068847656e-02
1.764369010925292969e-02
4.100084304809570312e-03
4.085779190063476562e-03
3.998041152954101562e-03
4.092216491699218750e-03
4.081726074218750000e-03
4.061937332153320312e-03
4.062652587890625000e-03
4.060745239257812500e-03
4.022598266601562500e-03
4.106283187866210938e-03
4.093170166015625000e-03
4.086256027221679688e-03
4.108905792236328125e-03
4.056692123413085938e-03
4.087448120117187500e-03
4.086732864379882812e-03
1.354169845581054688e-02
4.076957702636718750e-03
4.004240036010742188e-03
4.030942916870117188e-03
9.151220321655273438e-03
4.091978073120117188e-03
6.475925445556640625e-03
4.076719284057617188e-03
1.902604103088378906e-02
4.111528396606445312e-03
4.133224487304687500e-03
