1.364583325386047363e+01
1.363736152648925781e+01
1.435568618774414062e+01
1.368777966499328613e+01
1.411024570465087891e+01
1.370890903472900391e+01
1.394902038574218750e+01
1.374146294593811035e+01
1.388093090057373047e+01
1.372788381576538086e+01
1.389408421516418457e+01
1.374273729324340820e+01
1.372217702865600586e+01
1.408150720596313477e+01
1.393348693847656250e+01
1.380048799514770508e+01
1.414601278305053711e+01
1.386013484001159668e+01
1.387041068077087402e+01
1.386903405189514160e+01
1.412976884841918945e+01
1.938828516006469727e+01
1.385652804374694824e+01
1.381883692741394043e+01
1.416485214233398438e+01
1.382107615470886230e+01
1.378098225593566895e+01
1.425298643112182617e+01
1.375206780433654785e+01
1.381237053871154785e+01
1.379142785072326660e+01
1.361593890190124512e+01
1.369222593307495117e+01
1.364069008827209473e+01
1.371546268463134766e+01
1.364328718185424805e+01
1.383275651931762695e+01
1.375995016098022461e+01
1.382301712036132812e+01
1.365268397331237793e+01
1.381000232696533203e+01
1.369358897209167480e+01
1.380103492736816406e+01
1.374947714805603027e+01
1.361184573173522949e+01
1.378270292282104492e+01
1.380553317070007324e+01
1.364618396759033203e+01
1.418596100807189941e+01
1.405229115486145020e+01
