1.702019095420837402e+01
4.093692946434020996e+01
2.046674752235412598e+01
2.020851922035217285e+01
4.092009353637695312e+01
1.842665004730224609e+01
3.282855868339538574e+01
2.127884912490844727e+01
3.288115930557250977e+01
4.091653180122375488e+01
1.664600539207458496e+01
2.766301250457763672e+01
4.093697905540466309e+01
1.648491787910461426e+01
4.090674161911010742e+01
2.041806626319885254e+01
3.108695316314697266e+01
2.075176739692687988e+01
3.316391062736511230e+01
4.091667842864990234e+01
1.641156101226806641e+01
4.091499090194702148e+01
2.086395335197448730e+01
4.089826583862304688e+01
2.514234495162963867e+01
3.133395099639892578e+01
4.090673375129699707e+01
1.767151665687561035e+01
4.091980099678039551e+01
1.880815625190734863e+01
3.381161379814147949e+01
2.089159774780273438e+01
3.498399567604064941e+01
2.317572379112243652e+01
4.092815279960632324e+01
1.665959930419921875e+01
3.109191346168518066e+01
2.436906671524047852e+01
3.146758198738098145e+01
2.920828056335449219e+01
2.857670211791992188e+01
3.074397039413452148e+01
3.042717552185058594e+01
3.402155590057373047e+01
3.145317387580871582e+01
4.090926504135131836e+01
1.663704562187194824e+01
4.096743226051330566e+01
1.831027746200561523e+01
1.968616986274719238e+01
2.572968244552612305e+01
2.566311049461364746e+01
3.288573670387268066e+01
1.944065475463867188e+01
2.556135654449462891e+01
1.911681604385375977e+01
4.089431214332580566e+01
1.760663199424743652e+01
4.093429732322692871e+01
2.120722031593322754e+01
2.239289879798889160e+01
4.093435454368591309e+01
2.044587922096252441e+01
4.090820717811584473e+01
2.043076658248901367e+01
3.146818780899047852e+01
1.725426840782165527e+01
3.570238518714904785e+01
2.061152863502502441e+01
4.090925121307373047e+01
1.666126012802124023e+01
3.604615688323974609e+01
2.131869244575500488e+01
4.091401219367980957e+01
2.164177465438842773e+01
3.292418336868286133e+01
3.603555870056152344e+01
4.091770648956298828e+01
4.091494107246398926e+01
2.046277809143066406e+01
2.698649048805236816e+01
4.089668941497802734e+01
1.646877098083496094e+01
2.572636651992797852e+01
3.219479918479919434e+01
2.163869261741638184e+01
3.375677180290222168e+01
4.090692424774169922e+01
1.879391837120056152e+01
2.278759980201721191e+01
3.598264718055725098e+01
2.590843605995178223e+01
2.371262764930725098e+01
3.114789628982543945e+01
2.297116780281066895e+01
3.354515194892883301e+01
2.172495961189270020e+01
3.438115906715393066e+01
1.661257052421569824e+01
3.794173479080200195e+01
