2.491798400878906250e-01
2.024738788604736328e-01
1.836960315704345703e-01
3.297863006591796875e-01
1.913449764251708984e-01
2.094256877899169922e-01
2.165155410766601562e-01
2.255415916442871094e-01
2.198865413665771484e-01
2.390298843383789062e-01
2.404401302337646484e-01
2.733778953552246094e-01
1.787662506103515625e-01
2.487852573394775391e-01
2.410042285919189453e-01
2.308042049407958984e-01
3.323423862457275391e-01
3.252918720245361328e-01
1.992454528808593750e-01
2.050926685333251953e-01
2.375116348266601562e-01
2.111678123474121094e-01
3.263256549835205078e-01
2.054803371429443359e-01
3.059623241424560547e-01
2.913591861724853516e-01
2.857308387756347656e-01
2.168130874633789062e-01
4.662683010101318359e-01
1.917090415954589844e-01
2.044086456298828125e-01
2.236177921295166016e-01
2.710866928100585938e-01
2.708203792572021484e-01
2.751150131225585938e-01
1.910405158996582031e-01
2.251081466674804688e-01
2.079000473022460938e-01
2.604622840881347656e-01
1.815636157989501953e-01
2.090415954589843750e-01
1.907508373260498047e-01
2.266800403594970703e-01
2.659912109375000000e-01
2.239916324615478516e-01
2.439656257629394531e-01
2.578938007354736328e-01
2.513935565948486328e-01
1.828389167785644531e-01
1.949121952056884766e-01
1.748471260070800781e-01
2.515006065368652344e-01
2.579417228698730469e-01
2.573397159576416016e-01
2.153561115264892578e-01
3.307957649230957031e-01
2.059690952301025391e-01
2.931611537933349609e-01
2.192161083221435547e-01
2.713594436645507812e-01
2.376363277435302734e-01
2.799570560455322266e-01
2.053413391113281250e-01
1.842401027679443359e-01
2.182133197784423828e-01
2.178857326507568359e-01
2.767717838287353516e-01
2.456305027008056641e-01
3.136336803436279297e-01
2.732536792755126953e-01
2.761199474334716797e-01
2.175958156585693359e-01
2.365403175354003906e-01
2.006123065948486328e-01
2.261881828308105469e-01
1.964716911315917969e-01
2.857594490051269531e-01
2.436323165893554688e-01
2.703082561492919922e-01
2.430210113525390625e-01
3.897132873535156250e-01
1.843402385711669922e-01
2.080013751983642578e-01
2.508018016815185547e-01
1.849849224090576172e-01
2.706084251403808594e-01
1.980938911437988281e-01
1.717393398284912109e-01
2.823591232299804688e-01
2.112240791320800781e-01
2.213573455810546875e-01
2.690343856811523438e-01
2.311792373657226562e-01
2.081391811370849609e-01
2.685687541961669922e-01
2.095112800598144531e-01
2.929542064666748047e-01
2.214317321777343750e-01
3.631145954132080078e-01
2.452690601348876953e-01
1.955978870391845703e-01
2.429156303405761719e-01
2.009065151214599609e-01
2.173972129821777344e-01
2.746214866638183594e-01
2.450706958770751953e-01
2.515699863433837891e-01
2.555167675018310547e-01
2.317225933074951172e-01
3.251364231109619141e-01
3.174607753753662109e-01
2.687478065490722656e-01
1.995136737823486328e-01
2.404396533966064453e-01
2.539572715759277344e-01
1.974961757659912109e-01
2.111067771911621094e-01
2.517030239105224609e-01
3.860616683959960938e-01
2.117183208465576172e-01
2.608122825622558594e-01
2.618649005889892578e-01
2.985672950744628906e-01
2.279701232910156250e-01
1.651504039764404297e-01
2.259929180145263672e-01
2.495005130767822266e-01
2.242512702941894531e-01
2.222514152526855469e-01
2.152800559997558594e-01
2.274100780487060547e-01
3.489799499511718750e-01
2.483141422271728516e-01
1.922388076782226562e-01
2.828934192657470703e-01
2.699713706970214844e-01
2.498049736022949219e-01
3.125789165496826172e-01
2.124829292297363281e-01
2.302086353302001953e-01
2.147896289825439453e-01
1.984755992889404297e-01
2.321293354034423828e-01
1.668877601623535156e-01
1.713762283325195312e-01
2.323849201202392578e-01
2.561979293823242188e-01
2.127797603607177734e-01
2.425596714019775391e-01
2.749996185302734375e-01
2.739369869232177734e-01
1.815736293792724609e-01
2.848536968231201172e-01
3.162877559661865234e-01
2.224326133728027344e-01
1.935791969299316406e-01
2.164230346679687500e-01
2.896735668182373047e-01
2.893652915954589844e-01
2.961640357971191406e-01
2.657792568206787109e-01
2.666702270507812500e-01
1.556248664855957031e-01
3.313074111938476562e-01
1.954486370086669922e-01
2.352988719940185547e-01
2.761471271514892578e-01
2.137484550476074219e-01
2.199892997741699219e-01
2.315814495086669922e-01
3.013327121734619141e-01
2.815067768096923828e-01
3.633201122283935547e-01
2.921562194824218750e-01
4.345312118530273438e-01
3.465027809143066406e-01
3.233964443206787109e-01
1.931338310241699219e-01
2.737443447113037109e-01
3.069701194763183594e-01
1.993775367736816406e-01
3.289322853088378906e-01
2.062070369720458984e-01
1.753110885620117188e-01
2.892858982086181641e-01
1.765847206115722656e-01
3.367128372192382812e-01
2.641036510467529297e-01
1.973438262939453125e-01
3.309466838836669922e-01
3.108158111572265625e-01
2.842574119567871094e-01
2.159879207611083984e-01
2.379131317138671875e-01
2.116115093231201172e-01
1.928622722625732422e-01
2.712297439575195312e-01
4.044656753540039062e-01
2.594614028930664062e-01
2.955863475799560547e-01
