2.410204410552978516e-01
2.077906131744384766e-01
1.860003471374511719e-01
2.962911128997802734e-01
1.978917121887207031e-01
1.987648010253906250e-01
2.320177555084228516e-01
2.330882549285888672e-01
2.123012542724609375e-01
2.587020397186279297e-01
2.511866092681884766e-01
2.128112316131591797e-01
1.810679435729980469e-01
2.605123519897460938e-01
2.230856418609619141e-01
2.288327217102050781e-01
2.896556854248046875e-01
3.462536334991455078e-01
1.879291534423828125e-01
1.680393218994140625e-01
2.115836143493652344e-01
2.047367095947265625e-01
3.367664813995361328e-01
1.789970397949218750e-01
2.646882534027099609e-01
3.200461864471435547e-01
2.950334548950195312e-01
2.066740989685058594e-01
4.331884384155273438e-01
1.992113590240478516e-01
2.004358768463134766e-01
2.201564311981201172e-01
2.346920967102050781e-01
2.876262664794921875e-01
2.967743873596191406e-01
1.941194534301757812e-01
2.191927433013916016e-01
2.058804035186767578e-01
2.741672992706298828e-01
1.770658493041992188e-01
2.322728633880615234e-01
1.978528499603271484e-01
2.430968284606933594e-01
2.493863105773925781e-01
2.396264076232910156e-01
2.324924468994140625e-01
2.485575675964355469e-01
2.412488460540771484e-01
1.963338851928710938e-01
2.078275680541992188e-01
1.742768287658691406e-01
2.609782218933105469e-01
2.668771743774414062e-01
2.414739131927490234e-01
2.159061431884765625e-01
3.225777149200439453e-01
2.024784088134765625e-01
3.080520629882812500e-01
2.041847705841064453e-01
2.901141643524169922e-01
2.172193527221679688e-01
2.769441604614257812e-01
1.816797256469726562e-01
1.762440204620361328e-01
2.298026084899902344e-01
2.090640068054199219e-01
2.807919979095458984e-01
2.200019359588623047e-01
2.920436859130859375e-01
2.529275417327880859e-01
2.730412483215332031e-01
2.034735679626464844e-01
2.545258998870849609e-01
2.002091407775878906e-01
2.216904163360595703e-01
1.984920501708984375e-01
2.827801704406738281e-01
2.235980033874511719e-01
2.329938411712646484e-01
2.526216506958007812e-01
3.894019126892089844e-01
1.874868869781494141e-01
2.210388183593750000e-01
2.534649372100830078e-01
1.930315494537353516e-01
2.405567169189453125e-01
1.707751750946044922e-01
1.964859962463378906e-01
2.763040065765380859e-01
2.131805419921875000e-01
2.343688011169433594e-01
2.909266948699951172e-01
2.328908443450927734e-01
2.014966011047363281e-01
2.518811225891113281e-01
2.015843391418457031e-01
2.839756011962890625e-01
2.208888530731201172e-01
3.546581268310546875e-01
3.491437435150146484e-01
2.029979228973388672e-01
2.435419559478759766e-01
1.829121112823486328e-01
2.378091812133789062e-01
2.935338020324707031e-01
2.447547912597656250e-01
2.638015747070312500e-01
2.426156997680664062e-01
2.364122867584228516e-01
3.397419452667236328e-01
3.005313873291015625e-01
2.637965679168701172e-01
2.005758285522460938e-01
2.217025756835937500e-01
2.439761161804199219e-01
1.783909797668457031e-01
2.492797374725341797e-01
2.875032424926757812e-01
3.356225490570068359e-01
2.214696407318115234e-01
2.654016017913818359e-01
2.799570560455322266e-01
3.232939243316650391e-01
2.131807804107666016e-01
1.595480442047119141e-01
1.933853626251220703e-01
2.278020381927490234e-01
2.381768226623535156e-01
2.482845783233642578e-01
2.430508136749267578e-01
2.511248588562011719e-01
3.480520248413085938e-01
2.480173110961914062e-01
2.080698013305664062e-01
2.987184524536132812e-01
2.857811450958251953e-01
2.216482162475585938e-01
3.246650695800781250e-01
1.896338462829589844e-01
2.170848846435546875e-01
2.310574054718017578e-01
2.088921070098876953e-01
2.669513225555419922e-01
1.530678272247314453e-01
1.820392608642578125e-01
2.060818672180175781e-01
3.038530349731445312e-01
2.281014919281005859e-01
2.473237514495849609e-01
2.809522151947021484e-01
2.774851322174072266e-01
1.940488815307617188e-01
2.926852703094482422e-01
2.792000770568847656e-01
2.247710227966308594e-01
1.851511001586914062e-01
2.158520221710205078e-01
2.529239654541015625e-01
2.738277912139892578e-01
2.988319396972656250e-01
2.691619396209716797e-01
2.983818054199218750e-01
1.788828372955322266e-01
2.992632389068603516e-01
1.781332492828369141e-01
2.343366146087646484e-01
2.660224437713623047e-01
2.208349704742431641e-01
2.595355510711669922e-01
2.267727851867675781e-01
3.136839866638183594e-01
2.570641040802001953e-01
3.594269752502441406e-01
2.952287197113037109e-01
4.148418903350830078e-01
3.298010826110839844e-01
3.617036342620849609e-01
1.819152832031250000e-01
2.515485286712646484e-01
2.857949733734130859e-01
2.078580856323242188e-01
3.017594814300537109e-01
2.538521289825439453e-01
1.860418319702148438e-01
3.133587837219238281e-01
1.698424816131591797e-01
2.678933143615722656e-01
2.838587760925292969e-01
2.000865936279296875e-01
3.039460182189941406e-01
3.156011104583740234e-01
2.972130775451660156e-01
2.066769599914550781e-01
2.377197742462158203e-01
2.317237854003906250e-01
1.895983219146728516e-01
2.778103351593017578e-01
3.556542396545410156e-01
2.651147842407226562e-01
2.741425037384033203e-01
