1.704513907432556152e+01
2.090615677833557129e+01
3.680287289619445801e+01
4.091091012954711914e+01
2.045564293861389160e+01
2.105634164810180664e+01
4.090964174270629883e+01
2.046218037605285645e+01
4.090526795387268066e+01
2.044349956512451172e+01
3.337461018562316895e+01
4.089709115028381348e+01
1.665363597869873047e+01
3.057091736793518066e+01
2.353564381599426270e+01
3.206305742263793945e+01
4.090865087509155273e+01
2.042674756050109863e+01
2.229093074798583984e+01
3.250472950935363770e+01
2.141947531700134277e+01
3.178753638267517090e+01
2.867665171623229980e+01
3.219470357894897461e+01
3.289314889907836914e+01
2.309799027442932129e+01
3.465933179855346680e+01
1.654799175262451172e+01
3.598248767852783203e+01
4.096901321411132812e+01
1.973736953735351562e+01
2.207389378547668457e+01
3.341401004791259766e+01
1.933351182937622070e+01
2.983086681365966797e+01
2.916596269607543945e+01
3.311774158477783203e+01
2.634423017501831055e+01
4.090162444114685059e+01
1.690698337554931641e+01
3.645751690864562988e+01
2.086712694168090820e+01
3.353871202468872070e+01
4.089844870567321777e+01
1.651138901710510254e+01
4.090881371498107910e+01
1.868822765350341797e+01
2.671584081649780273e+01
2.459002637863159180e+01
2.966902375221252441e+01
2.947651290893554688e+01
3.412085986137390137e+01
3.592139124870300293e+01
2.592564249038696289e+01
3.542170023918151855e+01
4.090097641944885254e+01
1.981993651390075684e+01
2.163455963134765625e+01
2.811239480972290039e+01
2.215118074417114258e+01
3.529570245742797852e+01
4.096139383316040039e+01
2.046558165550231934e+01
4.089627242088317871e+01
1.644196581840515137e+01
1.903089022636413574e+01
4.091869497299194336e+01
1.874632787704467773e+01
4.089983749389648438e+01
1.901784777641296387e+01
3.644861316680908203e+01
4.094516563415527344e+01
1.752939295768737793e+01
2.319935512542724609e+01
4.091397714614868164e+01
2.071273756027221680e+01
2.756246638298034668e+01
2.946907138824462891e+01
2.380492329597473145e+01
3.150590968132019043e+01
4.090499353408813477e+01
2.318546032905578613e+01
2.140469264984130859e+01
3.691430354118347168e+01
2.177897167205810547e+01
3.362800240516662598e+01
2.315045380592346191e+01
3.279392623901367188e+01
2.697100090980529785e+01
3.264569592475891113e+01
2.557037711143493652e+01
2.665511393547058105e+01
2.635362482070922852e+01
3.297788524627685547e+01
2.732912611961364746e+01
4.092041802406311035e+01
1.653780436515808105e+01
3.215509724617004395e+01
4.087999081611633301e+01
1.653913402557373047e+01
