2.167590618133544922e+00
1.474405050277709961e+00
9.080367088317871094e-01
8.386753201484680176e-01
8.319056034088134766e-01
8.307524919509887695e-01
8.282191753387451172e-01
8.200525045394897461e-01
8.019512295722961426e-01
7.763014435768127441e-01
6.955049633979797363e-01
6.294571757316589355e-01
6.093701720237731934e-01
5.798006653785705566e-01
5.586068034172058105e-01
5.499100685119628906e-01
5.438616871833801270e-01
5.297253727912902832e-01
5.201857686042785645e-01
5.106346011161804199e-01
4.932283759117126465e-01
4.903742372989654541e-01
4.907636046409606934e-01
4.814571738243103027e-01
4.768069982528686523e-01
4.797150790691375732e-01
4.709934890270233154e-01
4.655555188655853271e-01
4.684885740280151367e-01
4.601082801818847656e-01
4.588732123374938965e-01
4.586711823940277100e-01
4.556281268596649170e-01
4.542223513126373291e-01
4.514672160148620605e-01
4.505229294300079346e-01
4.492180943489074707e-01
4.478160738945007324e-01
4.463391900062561035e-01
4.470613002777099609e-01
4.446441233158111572e-01
4.444870948791503906e-01
4.458321630954742432e-01
4.456590712070465088e-01
4.427462816238403320e-01
4.432435333728790283e-01
4.410590827465057373e-01
4.410468637943267822e-01
4.404872059822082520e-01
4.399678409099578857e-01
4.395890533924102783e-01
4.396713972091674805e-01
4.393142163753509521e-01
4.390129745006561279e-01
4.389644265174865723e-01
4.386722445487976074e-01
4.382779598236083984e-01
4.383466541767120361e-01
4.380786120891571045e-01
4.380156993865966797e-01
4.380034804344177246e-01
4.377647936344146729e-01
4.375295937061309814e-01
4.375688433647155762e-01
4.374203681945800781e-01
4.373297989368438721e-01
4.372833371162414551e-01
4.372264444828033447e-01
4.371954798698425293e-01
4.373270571231842041e-01
4.370479881763458252e-01
4.369805157184600830e-01
4.369719922542572021e-01
4.369165897369384766e-01
4.369410872459411621e-01
4.369023442268371582e-01
4.368299245834350586e-01
4.367997050285339355e-01
4.367877542972564697e-01
4.368004500865936279e-01
4.367647767066955566e-01
4.367436766624450684e-01
4.367455542087554932e-01
4.367058873176574707e-01
4.367012083530426025e-01
4.366958141326904297e-01
4.366755485534667969e-01
4.366774559020996094e-01
4.366773366928100586e-01
4.366637766361236572e-01
4.366749823093414307e-01
4.366439282894134521e-01
4.366564154624938965e-01
4.366486370563507080e-01
4.366466403007507324e-01
4.366346597671508789e-01
4.366423189640045166e-01
4.366286695003509521e-01
4.366270601749420166e-01
4.366233348846435547e-01
