8.076143264770507812e-02
8.001136779785156250e-02
4.288077354431152344e-02
9.077978134155273438e-02
8.343911170959472656e-02
6.996059417724609375e-02
1.167416572570800781e-01
5.278968811035156250e-02
5.959391593933105469e-02
8.463907241821289062e-02
1.179041862487792969e-01
7.802700996398925781e-02
8.833980560302734375e-02
4.442429542541503906e-02
3.616094589233398438e-02
1.072933673858642578e-01
7.508993148803710938e-02
6.289529800415039062e-02
6.527304649353027344e-02
1.019399166107177734e-01
5.541634559631347656e-02
6.284046173095703125e-02
4.548668861389160156e-02
3.593564033508300781e-02
4.325842857360839844e-02
8.884429931640625000e-02
5.341291427612304688e-02
1.101059913635253906e-01
5.147099494934082031e-02
2.747011184692382812e-02
7.942843437194824219e-02
1.417357921600341797e-01
1.007909774780273438e-01
1.150734424591064453e-01
6.731009483337402344e-02
7.795858383178710938e-02
5.551457405090332031e-02
1.130559444427490234e-01
9.656786918640136719e-02
4.888939857482910156e-02
6.737804412841796875e-02
9.850811958312988281e-02
2.843952178955078125e-02
5.182385444641113281e-02
8.806896209716796875e-02
7.036018371582031250e-02
7.694840431213378906e-02
5.436801910400390625e-02
6.057476997375488281e-02
2.771162986755371094e-02
9.637069702148437500e-02
5.921363830566406250e-02
3.985023498535156250e-02
6.511998176574707031e-02
8.529901504516601562e-02
4.050707817077636719e-02
1.253278255462646484e-01
7.811236381530761719e-02
6.440162658691406250e-02
1.171123981475830078e-01
3.904724121093750000e-02
7.841610908508300781e-02
9.355998039245605469e-02
8.401536941528320312e-02
5.903720855712890625e-02
9.536051750183105469e-02
2.714729309082031250e-02
7.965087890625000000e-02
1.146929264068603516e-01
1.507425308227539062e-01
7.549715042114257812e-02
1.029422283172607422e-01
3.115773200988769531e-02
6.675004959106445312e-03
5.004453659057617188e-02
6.355619430541992188e-02
1.525244712829589844e-01
8.925962448120117188e-02
1.130542755126953125e-01
5.950903892517089844e-02
1.218481063842773438e-01
7.119488716125488281e-02
8.020687103271484375e-02
8.835649490356445312e-02
9.865784645080566406e-02
1.275966167449951172e-01
5.533313751220703125e-02
5.475568771362304688e-02
2.642965316772460938e-02
8.098363876342773438e-02
8.181238174438476562e-02
1.189377307891845703e-01
3.128361701965332031e-02
4.923844337463378906e-02
9.184956550598144531e-02
6.904554367065429688e-02
8.373618125915527344e-02
2.800536155700683594e-02
7.033443450927734375e-02
2.252769470214843750e-02
