2.279393565654754639e+02
3.218721892833709717e+02
2.288397231101989746e+02
3.219159526824951172e+02
2.495932066440582275e+02
3.218839278221130371e+02
2.652161557674407959e+02
2.768219628334045410e+02
2.942903242111206055e+02
2.779386446475982666e+02
2.919432232379913330e+02
3.218678109645843506e+02
2.509654598236083984e+02
3.002164492607116699e+02
2.716011092662811279e+02
3.015229544639587402e+02
2.544051415920257568e+02
3.218718590736389160e+02
2.618939909934997559e+02
2.610797049999237061e+02
2.935074851512908936e+02
2.737498269081115723e+02
3.218706579208374023e+02
2.618686859607696533e+02
3.218788702487945557e+02
2.577139675617218018e+02
3.218665249347686768e+02
2.831338496208190918e+02
2.934045476913452148e+02
2.645021541118621826e+02
3.218798236846923828e+02
2.618467335700988770e+02
2.701227099895477295e+02
2.945681571960449219e+02
3.218581330776214600e+02
2.542312970161437988e+02
2.842366509437561035e+02
3.218746273517608643e+02
2.597678079605102539e+02
2.753207924365997314e+02
2.973802661895751953e+02
2.943116233348846436e+02
3.218735370635986328e+02
2.618570759296417236e+02
2.816955933570861816e+02
3.218733403682708740e+02
2.525928664207458496e+02
2.671886341571807861e+02
3.017137706279754639e+02
2.858433637619018555e+02
3.035458621978759766e+02
2.881852681636810303e+02
3.218782567977905273e+02
2.618770070075988770e+02
2.553659849166870117e+02
2.803897895812988281e+02
3.218675785064697266e+02
2.686716527938842773e+02
2.687232875823974609e+02
3.018061084747314453e+02
3.218600642681121826e+02
2.280084958076477051e+02
2.887364530563354492e+02
2.837887372970581055e+02
2.988501605987548828e+02
2.925215880870819092e+02
3.218686516284942627e+02
2.618514280319213867e+02
2.670235095024108887e+02
2.949325075149536133e+02
3.218845682144165039e+02
2.491954460144042969e+02
3.218911762237548828e+02
2.517762422561645508e+02
3.011963803768157959e+02
3.218740494251251221e+02
2.619016075134277344e+02
2.806014597415924072e+02
3.218945536613464355e+02
2.618765132427215576e+02
2.566259081363677979e+02
2.772217438220977783e+02
2.968231966495513916e+02
2.733883519172668457e+02
3.218809118270874023e+02
2.396769258975982666e+02
2.850711858272552490e+02
2.885212943553924561e+02
3.218730986118316650e+02
2.473006899356842041e+02
2.864646916389465332e+02
2.619025700092315674e+02
2.618796384334564209e+02
3.038256013393402100e+02
3.218921723365783691e+02
2.449655792713165283e+02
2.844203391075134277e+02
2.889188759326934814e+02
3.218758447170257568e+02
2.495298290252685547e+02
