3.633440434932708740e-01
5.000000000000000000e-01
5.000000000000000000e-01
5.000000000000000000e-01
5.000000000000000000e-01
5.000000000000000000e-01
5.000000000000000000e-01
5.000000000000000000e-01
5.012861490249633789e-01
5.353697538375854492e-01
5.479099750518798828e-01
5.749196410179138184e-01
5.700964927673339844e-01
5.906752347946166992e-01
6.022508144378662109e-01
6.080386042594909668e-01
6.045016050338745117e-01
6.163986921310424805e-01
6.163986921310424805e-01
6.250804066658020020e-01
6.363344192504882812e-01
6.430867910385131836e-01
6.514469385147094727e-01
6.620578765869140625e-01
6.717041730880737305e-01
6.755626797676086426e-01
6.823151111602783203e-01
6.832797527313232422e-01
6.961414813995361328e-01
6.893890500068664551e-01
6.909967660903930664e-01
6.996784806251525879e-01
7.257234454154968262e-01
7.135048508644104004e-01
7.308681607246398926e-01
7.128617167472839355e-01
7.270096540451049805e-01
7.305466532707214355e-01
7.536977529525756836e-01
7.543408274650573730e-01
7.340835928916931152e-01
7.713826298713684082e-01
7.884244322776794434e-01
7.864951491355895996e-01
7.881028652191162109e-01
8.045015931129455566e-01
8.083600997924804688e-01
8.170418143272399902e-01
8.189710378646850586e-01
8.363344073295593262e-01
8.430868387222290039e-01
8.405144810676574707e-01
8.286173343658447266e-01
8.398714065551757812e-01
8.350482583045959473e-01
8.514469265937805176e-01
8.681672215461730957e-01
8.813504576683044434e-01
8.707395792007446289e-01
8.983922600746154785e-01
8.836013078689575195e-01
9.057877659797668457e-01
8.881028890609741211e-01
9.125401973724365234e-01
9.109324812889099121e-01
9.350482225418090820e-01
9.202572107315063477e-01
9.395498633384704590e-01
9.453375935554504395e-01
9.556270241737365723e-01
9.501608014106750488e-01
9.533762335777282715e-01
9.440514445304870605e-01
9.688102602958679199e-01
9.707395434379577637e-01
9.823151230812072754e-01
9.758842587471008301e-01
9.826366305351257324e-01
9.861736297607421875e-01
9.884244203567504883e-01
9.771704077720642090e-01
9.826366305351257324e-01
9.884244203567504883e-01
9.942122101783752441e-01
9.932475686073303223e-01
9.974276423454284668e-01
9.958199262619018555e-01
9.987138509750366211e-01
9.987138509750366211e-01
9.990353584289550781e-01
9.996784329414367676e-01
9.990353584289550781e-01
1.000000000000000000e+00
9.993569254875183105e-01
1.000000000000000000e+00
1.000000000000000000e+00
1.000000000000000000e+00
1.000000000000000000e+00
1.000000000000000000e+00
1.000000000000000000e+00
