2.046298050880432129e+01
2.047546195983886719e+01
4.093862700462341309e+01
2.045749187469482422e+01
4.091591739654541016e+01
2.186383032798767090e+01
2.946792411804199219e+01
4.090745735168457031e+01
1.820159363746643066e+01
4.091839528083801270e+01
2.042419552803039551e+01
4.088803100585937500e+01
2.041629695892333984e+01
4.090071272850036621e+01
1.387715101242065430e+01
4.088429641723632812e+01
2.044478559494018555e+01
4.090575838088989258e+01
1.414088988304138184e+01
4.088251686096191406e+01
2.046185302734375000e+01
4.092410326004028320e+01
1.404942727088928223e+01
2.042098832130432129e+01
3.242393374443054199e+01
4.090610718727111816e+01
1.615498924255371094e+01
4.091334223747253418e+01
2.043068957328796387e+01
4.089175128936767578e+01
2.044256567955017090e+01
4.090834879875183105e+01
1.411408495903015137e+01
4.090816831588745117e+01
1.583859062194824219e+01
4.090405130386352539e+01
1.713888740539550781e+01
3.386741423606872559e+01
4.091034483909606934e+01
1.589986824989318848e+01
2.714360260963439941e+01
2.772315382957458496e+01
3.092186713218688965e+01
4.090458536148071289e+01
2.042659974098205566e+01
2.640513086318969727e+01
3.194687962532043457e+01
2.716188216209411621e+01
3.005940842628479004e+01
2.331981825828552246e+01
4.091102170944213867e+01
1.507422614097595215e+01
3.035400104522705078e+01
2.742196130752563477e+01
4.091098380088806152e+01
2.045630908012390137e+01
2.042247819900512695e+01
2.046059298515319824e+01
2.955334711074829102e+01
4.091289234161376953e+01
1.450735282897949219e+01
3.055616617202758789e+01
4.092238759994506836e+01
1.600268077850341797e+01
2.558345890045166016e+01
4.090891718864440918e+01
2.047664594650268555e+01
2.676122236251831055e+01
4.091834807395935059e+01
2.042801690101623535e+01
2.215935134887695312e+01
2.688736867904663086e+01
4.093017148971557617e+01
2.043589735031127930e+01
1.877541279792785645e+01
3.446773958206176758e+01
4.090333986282348633e+01
2.040785408020019531e+01
1.734311151504516602e+01
4.087470483779907227e+01
2.045741677284240723e+01
4.091682291030883789e+01
2.042940759658813477e+01
1.747810316085815430e+01
3.000656318664550781e+01
2.948567748069763184e+01
2.794006538391113281e+01
4.087881159782409668e+01
1.784341502189636230e+01
4.088939332962036133e+01
1.780234146118164062e+01
4.090183854103088379e+01
2.043243384361267090e+01
1.909921884536743164e+01
4.085773110389709473e+01
2.053028368949890137e+01
2.573488879203796387e+01
3.251912140846252441e+01
2.036674356460571289e+01
3.196807622909545898e+01
