9.872656464576721191e-01
9.978775978088378906e-01
9.986734986305236816e-01
9.995578527450561523e-01
9.995578527450561523e-01
9.998231530189514160e-01
9.998231530189514160e-01
9.998231530189514160e-01
9.998231530189514160e-01
9.998231530189514160e-01
9.996462464332580566e-01
9.993809461593627930e-01
9.998231530189514160e-01
9.999115467071533203e-01
1.000000000000000000e+00
1.000000000000000000e+00
1.000000000000000000e+00
1.000000000000000000e+00
1.000000000000000000e+00
1.000000000000000000e+00
1.000000000000000000e+00
1.000000000000000000e+00
1.000000000000000000e+00
1.000000000000000000e+00
1.000000000000000000e+00
1.000000000000000000e+00
1.000000000000000000e+00
1.000000000000000000e+00
1.000000000000000000e+00
1.000000000000000000e+00
