1.503879737854003906e+01
2.192261505126953125e+01
2.995210552215576172e+01
4.086631011962890625e+01
1.472849345207214355e+01
2.686390089988708496e+01
4.090539956092834473e+01
1.834970927238464355e+01
4.088953924179077148e+01
1.462336754798889160e+01
1.815651822090148926e+01
1.932724046707153320e+01
3.258976459503173828e+01
2.780066871643066406e+01
4.091133141517639160e+01
1.916563653945922852e+01
4.091321897506713867e+01
1.781250762939453125e+01
1.532803773880004883e+01
2.554781842231750488e+01
4.091555452346801758e+01
1.409634184837341309e+01
2.747111797332763672e+01
2.554606485366821289e+01
4.090629315376281738e+01
2.043480420112609863e+01
4.090433526039123535e+01
2.042666840553283691e+01
3.251466536521911621e+01
3.193794703483581543e+01
4.091020894050598145e+01
2.043133974075317383e+01
3.040955066680908203e+01
4.091404366493225098e+01
2.042840099334716797e+01
4.092385149002075195e+01
2.151577091217041016e+01
2.907413673400878906e+01
4.090638160705566406e+01
2.043932437896728516e+01
4.090396642684936523e+01
1.407699322700500488e+01
3.033913779258728027e+01
2.617327523231506348e+01
4.090655970573425293e+01
2.043689894676208496e+01
4.088618755340576172e+01
1.397157883644104004e+01
4.087740230560302734e+01
1.873942208290100098e+01
3.040636610984802246e+01
2.410148382186889648e+01
4.090804052352905273e+01
2.043566823005676270e+01
3.076639103889465332e+01
1.530100417137145996e+01
1.459217834472656250e+01
4.661978936195373535e+01
5.267215108871459961e+01
4.329516792297363281e+01
1.850771260261535645e+01
1.824755525588989258e+01
1.837085604667663574e+01
2.043086099624633789e+01
1.514118432998657227e+01
1.843760609626770020e+01
1.875121808052062988e+01
2.048908400535583496e+01
1.785617303848266602e+01
3.197742033004760742e+01
4.092222595214843750e+01
2.043235468864440918e+01
2.209338688850402832e+01
3.074133133888244629e+01
4.090437245368957520e+01
1.553501367568969727e+01
4.090377402305603027e+01
1.784203004837036133e+01
2.195853209495544434e+01
3.120782732963562012e+01
2.881822991371154785e+01
4.091729927062988281e+01
1.504341268539428711e+01
3.301197147369384766e+01
2.564125585556030273e+01
3.109378433227539062e+01
2.285996770858764648e+01
4.089444661140441895e+01
1.855546665191650391e+01
4.088586902618408203e+01
1.388972854614257812e+01
3.357080745697021484e+01
2.500243115425109863e+01
1.433600687980651855e+01
4.090903806686401367e+01
1.755764508247375488e+01
4.090447807312011719e+01
1.722048544883728027e+01
1.934221529960632324e+01
2.042367696762084961e+01
