2.388062477111816406e-01
1.959447860717773438e-01
1.717059612274169922e-01
2.892689704895019531e-01
2.814271450042724609e-01
1.833891868591308594e-01
3.060154914855957031e-01
2.153377532958984375e-01
2.238171100616455078e-01
2.337625026702880859e-01
2.946405410766601562e-01
2.422120571136474609e-01
1.758100986480712891e-01
2.342612743377685547e-01
2.378587722778320312e-01
1.837139129638671875e-01
2.759199142456054688e-01
1.747353076934814453e-01
1.752314567565917969e-01
1.821894645690917969e-01
2.582864761352539062e-01
2.320663928985595703e-01
2.798075675964355469e-01
1.782622337341308594e-01
2.769155502319335938e-01
2.556238174438476562e-01
1.460185050964355469e-01
2.828865051269531250e-01
2.875812053680419922e-01
2.295951843261718750e-01
2.054469585418701172e-01
2.364115715026855469e-01
1.749975681304931641e-01
3.002533912658691406e-01
1.666555404663085938e-01
2.256140708923339844e-01
2.303674221038818359e-01
2.724115848541259766e-01
2.021403312683105469e-01
1.863698959350585938e-01
2.128503322601318359e-01
2.694270610809326172e-01
2.494211196899414062e-01
1.751744747161865234e-01
2.278480529785156250e-01
3.612937927246093750e-01
2.006945610046386719e-01
2.210195064544677734e-01
2.448327541351318359e-01
2.578620910644531250e-01
2.296857833862304688e-01
2.391626834869384766e-01
1.645534038543701172e-01
2.618710994720458984e-01
2.392876148223876953e-01
2.882795333862304688e-01
1.929450035095214844e-01
2.471141815185546875e-01
2.257554531097412109e-01
2.665486335754394531e-01
3.045556545257568359e-01
3.114266395568847656e-01
2.355539798736572266e-01
2.156286239624023438e-01
2.108905315399169922e-01
2.828571796417236328e-01
1.766905784606933594e-01
2.243139743804931641e-01
2.850813865661621094e-01
2.965409755706787109e-01
1.823914051055908203e-01
2.320594787597656250e-01
2.547392845153808594e-01
1.223244667053222656e-01
2.159013748168945312e-01
1.833271980285644531e-01
2.052905559539794922e-01
2.951116561889648438e-01
2.338509559631347656e-01
2.536609172821044922e-01
2.176938056945800781e-01
3.017668724060058594e-01
3.101327419281005859e-01
2.102432250976562500e-01
2.242467403411865234e-01
1.830189228057861328e-01
2.864642143249511719e-01
1.872320175170898438e-01
3.267879486083984375e-01
2.263171672821044922e-01
2.333903312683105469e-01
2.195892333984375000e-01
2.761092185974121094e-01
2.050752639770507812e-01
3.275678157806396484e-01
2.789413928985595703e-01
2.458949089050292969e-01
2.500624656677246094e-01
2.067275047302246094e-01
2.161240577697753906e-01
