5.266732573509216309e-01
7.813782095909118652e-01
8.405264019966125488e-01
7.917079329490661621e-01
8.116598129272460938e-01
7.965190410614013672e-01
9.037781357765197754e-01
8.914673924446105957e-01
8.664214015007019043e-01
9.172208905220031738e-01
8.016131520271301270e-01
9.443894028663635254e-01
9.429743885993957520e-01
8.594877719879150391e-01
9.250035285949707031e-01
8.535446524620056152e-01
9.090137481689453125e-01
9.020801186561584473e-01
9.207584261894226074e-01
9.265600442886352539e-01
9.357577562332153320e-01
9.201924204826354980e-01
9.217489957809448242e-01
9.306636452674865723e-01
9.374557733535766602e-01
9.424083828926086426e-01
9.432573914527893066e-01
9.436818957328796387e-01
9.469364881515502930e-01
9.511815309524536133e-01
9.469364881515502930e-01
9.475024938583374023e-01
9.469364881515502930e-01
9.460874199867248535e-01
9.422668814659118652e-01
9.412763714790344238e-01
9.385877847671508789e-01
9.356162548065185547e-01
9.325031638145446777e-01
9.292486310005187988e-01
9.279751181602478027e-01
9.247205257415771484e-01
9.203339219093322754e-01
9.173623919486999512e-01
9.148153662681579590e-01
9.143908023834228516e-01
9.111362695693969727e-01
9.100042581558227539e-01
9.078816771507263184e-01
9.046271443367004395e-01
