2.219680070877075195e+00
1.467063665390014648e+00
8.884260654449462891e-01
8.278885483741760254e-01
8.196373581886291504e-01
8.008449673652648926e-01
7.908836603164672852e-01
8.034497499465942383e-01
7.781532406806945801e-01
7.668150067329406738e-01
7.591178417205810547e-01
7.510241270065307617e-01
7.428652048110961914e-01
7.256082892417907715e-01
7.207855582237243652e-01
7.076218128204345703e-01
6.938645839691162109e-01
6.887793540954589844e-01
6.743642091751098633e-01
6.668835282325744629e-01
6.666450500488281250e-01
6.546159982681274414e-01
6.534461379051208496e-01
6.467591524124145508e-01
6.395063400268554688e-01
6.338145732879638672e-01
6.298151016235351562e-01
6.269372701644897461e-01
6.261010766029357910e-01
6.212266683578491211e-01
6.196269392967224121e-01
6.197751760482788086e-01
6.142828464508056641e-01
6.145421266555786133e-01
6.109026670455932617e-01
6.093418598175048828e-01
6.076489686965942383e-01
6.088691949844360352e-01
6.060384511947631836e-01
6.069958209991455078e-01
6.041224002838134766e-01
6.024659872055053711e-01
6.020070910453796387e-01
6.018241643905639648e-01
6.015396118164062500e-01
6.002738475799560547e-01
5.997063517570495605e-01
5.997080802917480469e-01
5.992993116378784180e-01
5.989449024200439453e-01
5.983096361160278320e-01
5.980354547500610352e-01
5.978619456291198730e-01
5.975815653800964355e-01
5.972929596900939941e-01
5.971146225929260254e-01
5.968183875083923340e-01
5.966724753379821777e-01
5.965172052383422852e-01
5.963965654373168945e-01
5.963640213012695312e-01
5.961856842041015625e-01
5.961008071899414062e-01
5.959144830703735352e-01
5.958372950553894043e-01
5.957826375961303711e-01
5.957337021827697754e-01
5.956864356994628906e-01
5.957738757133483887e-01
5.956448912620544434e-01
5.955766439437866211e-01
5.954641103744506836e-01
5.954273343086242676e-01
5.953812003135681152e-01
5.953395962715148926e-01
5.953187346458435059e-01
5.953165292739868164e-01
5.952719449996948242e-01
5.952515602111816406e-01
5.952493548393249512e-01
5.952153205871582031e-01
5.952172279357910156e-01
5.951855778694152832e-01
5.951851606369018555e-01
5.951715707778930664e-01
5.951600074768066406e-01
5.951440334320068359e-01
5.951392054557800293e-01
5.951325893402099609e-01
5.951269865036010742e-01
5.951261520385742188e-01
5.951197743415832520e-01
5.951138734817504883e-01
5.951092243194580078e-01
5.951033830642700195e-01
5.951001644134521484e-01
5.950945615768432617e-01
5.950939059257507324e-01
5.950900912284851074e-01
5.950884819030761719e-01
