2.013782978057861328e+00
1.762162685394287109e+00
1.516536593437194824e+00
1.427876472473144531e+00
1.367901206016540527e+00
1.282245874404907227e+00
1.226873755455017090e+00
1.185202717781066895e+00
1.145333528518676758e+00
1.095472216606140137e+00
1.091785311698913574e+00
1.071646094322204590e+00
1.026402354240417480e+00
1.014845252037048340e+00
9.884467124938964844e-01
9.805672168731689453e-01
9.508554339408874512e-01
9.714850783348083496e-01
9.534653425216674805e-01
9.300793409347534180e-01
9.189074635505676270e-01
8.941867351531982422e-01
8.887364268302917480e-01
8.741503953933715820e-01
8.746185302734375000e-01
8.630254864692687988e-01
8.424107432365417480e-01
8.367053270339965820e-01
8.237031698226928711e-01
7.943314313888549805e-01
7.833946347236633301e-01
7.969283461570739746e-01
7.877025604248046875e-01
7.682424783706665039e-01
7.472410798072814941e-01
7.412412762641906738e-01
7.117583155632019043e-01
6.901175975799560547e-01
6.846605539321899414e-01
6.728916764259338379e-01
6.694024205207824707e-01
6.488084793090820312e-01
6.352386474609375000e-01
6.367816925048828125e-01
6.187540292739868164e-01
6.076343655586242676e-01
6.080648899078369141e-01
5.578261613845825195e-01
5.692558288574218750e-01
5.127592086791992188e-01
5.255780816078186035e-01
5.358743071556091309e-01
5.879956483840942383e-01
5.065281391143798828e-01
4.875976443290710449e-01
4.880707859992980957e-01
4.413348734378814697e-01
4.850177764892578125e-01
4.390453696250915527e-01
4.281138479709625244e-01
4.016244709491729736e-01
4.197317361831665039e-01
3.822022676467895508e-01
3.567214906215667725e-01
3.668943047523498535e-01
3.830304145812988281e-01
3.480884134769439697e-01
2.987071573734283447e-01
3.054887354373931885e-01
3.276682198047637939e-01
3.000195622444152832e-01
3.466032743453979492e-01
4.937659800052642822e-01
2.801861763000488281e-01
2.358048409223556519e-01
2.361162751913070679e-01
2.317772507667541504e-01
2.381408214569091797e-01
2.612752914428710938e-01
2.194978296756744385e-01
2.717165350914001465e-01
2.220115959644317627e-01
1.972590535879135132e-01
1.802533417940139771e-01
2.184381335973739624e-01
1.852843165397644043e-01
1.764347255229949951e-01
2.340371906757354736e-01
3.783165216445922852e-01
2.032685875892639160e-01
1.333417743444442749e-01
1.016666591167449951e-01
1.315074115991592407e-01
1.750086098909378052e-01
1.408506333827972412e-01
1.381136924028396606e-01
1.572161912918090820e-01
2.517828047275543213e-01
1.870504170656204224e-01
1.225142255425453186e-01
