1.429959225654602051e+01
1.456287693977355957e+01
1.457272911071777344e+01
4.163682389259338379e+01
1.457682299613952637e+01
1.441659498214721680e+01
2.011496019363403320e+01
1.427495098114013672e+01
2.025081181526184082e+01
1.448480439186096191e+01
1.414725470542907715e+01
1.452515459060668945e+01
1.440329694747924805e+01
1.447410440444946289e+01
1.445960903167724609e+01
1.449388837814331055e+01
1.448680996894836426e+01
1.450714874267578125e+01
1.455188059806823730e+01
1.451872062683105469e+01
1.452585315704345703e+01
1.460033512115478516e+01
1.449760007858276367e+01
1.453210568428039551e+01
1.451729607582092285e+01
1.449882268905639648e+01
1.460237264633178711e+01
1.458016228675842285e+01
1.456186842918395996e+01
1.456253337860107422e+01
1.463539576530456543e+01
1.459181714057922363e+01
1.457741498947143555e+01
1.451533746719360352e+01
1.444844245910644531e+01
1.443300604820251465e+01
1.453197646141052246e+01
1.467825078964233398e+01
1.459230422973632812e+01
1.434297990798950195e+01
1.454878473281860352e+01
1.454568409919738770e+01
1.436101937294006348e+01
1.464152669906616211e+01
1.455051851272583008e+01
2.012446308135986328e+01
1.423300409317016602e+01
1.450879240036010742e+01
1.450678491592407227e+01
1.455207777023315430e+01
