8.738771438598632812e+00
8.683947563171386719e+00
8.710731506347656250e+00
8.761153459548950195e+00
8.678362369537353516e+00
8.746225118637084961e+00
9.033479928970336914e+00
8.758001089096069336e+00
8.733947277069091797e+00
8.749989271163940430e+00
8.765337944030761719e+00
8.747220754623413086e+00
8.764007806777954102e+00
8.725909471511840820e+00
8.764303445816040039e+00
8.800117254257202148e+00
8.771830320358276367e+00
8.774579524993896484e+00
8.813060998916625977e+00
8.762438058853149414e+00
8.746165275573730469e+00
8.826009035110473633e+00
8.780631303787231445e+00
8.785196781158447266e+00
8.812984228134155273e+00
8.737888574600219727e+00
8.728402137756347656e+00
8.805660009384155273e+00
8.753946781158447266e+00
8.798289537429809570e+00
8.762839317321777344e+00
8.760062217712402344e+00
8.779180049896240234e+00
8.816157817840576172e+00
8.772376775741577148e+00
8.775840520858764648e+00
8.810161590576171875e+00
8.822473526000976562e+00
8.801353693008422852e+00
8.776937246322631836e+00
8.772452354431152344e+00
8.793402910232543945e+00
8.899125099182128906e+00
8.840907335281372070e+00
8.797750234603881836e+00
8.785426616668701172e+00
8.823177099227905273e+00
8.740980386734008789e+00
8.777239322662353516e+00
8.788440942764282227e+00
