1.494600296020507812e+01
2.152016496658325195e+01
4.089636516571044922e+01
2.043153715133666992e+01
3.043881916999816895e+01
2.497270441055297852e+01
3.245294070243835449e+01
4.091391015052795410e+01
2.044020819664001465e+01
2.511872005462646484e+01
4.090504050254821777e+01
1.650014209747314453e+01
2.923724579811096191e+01
4.090167117118835449e+01
2.042044639587402344e+01
2.043354392051696777e+01
4.090029478073120117e+01
1.638944578170776367e+01
2.900356745719909668e+01
2.255791568756103516e+01
3.336101222038269043e+01
2.475048112869262695e+01
4.092811131477355957e+01
2.045784139633178711e+01
4.092016124725341797e+01
1.423644757270812988e+01
4.091353917121887207e+01
1.706068253517150879e+01
4.089518976211547852e+01
2.043520808219909668e+01
4.091449999809265137e+01
1.408989334106445312e+01
4.091864681243896484e+01
2.043135499954223633e+01
2.092749047279357910e+01
4.095831155776977539e+01
1.629442071914672852e+01
4.089904069900512695e+01
2.041150712966918945e+01
2.812913608551025391e+01
2.549421238899230957e+01
4.090672492980957031e+01
1.431687641143798828e+01
4.090442085266113281e+01
2.040991091728210449e+01
4.090320062637329102e+01
2.043393588066101074e+01
2.599997544288635254e+01
2.691848707199096680e+01
3.063516283035278320e+01
4.091008448600769043e+01
1.994176864624023438e+01
4.091744875907897949e+01
1.421141815185546875e+01
4.089946508407592773e+01
2.040865850448608398e+01
2.949343228340148926e+01
2.464423155784606934e+01
4.087057089805603027e+01
2.039992523193359375e+01
2.981222987174987793e+01
2.619712424278259277e+01
4.090490531921386719e+01
1.524284744262695312e+01
2.803144288063049316e+01
2.826630449295043945e+01
4.087469744682312012e+01
1.887328195571899414e+01
2.568097662925720215e+01
4.091653227806091309e+01
1.558202314376831055e+01
4.090908122062683105e+01
1.877585458755493164e+01
2.962023162841796875e+01
2.237287521362304688e+01
4.091824865341186523e+01
1.798459744453430176e+01
4.091091370582580566e+01
1.616880726814270020e+01
4.094968485832214355e+01
2.045676898956298828e+01
2.042372918128967285e+01
3.214633417129516602e+01
2.604013299942016602e+01
3.011585235595703125e+01
2.847237443923950195e+01
3.047545218467712402e+01
2.439512324333190918e+01
3.131927013397216797e+01
2.593756818771362305e+01
4.092108631134033203e+01
2.704417634010314941e+01
2.043983864784240723e+01
3.000607180595397949e+01
4.090181159973144531e+01
1.674588799476623535e+01
2.690620994567871094e+01
4.094062423706054688e+01
2.245005512237548828e+01
4.091891479492187500e+01
