1.495274615287780762e+01
4.090192174911499023e+01
2.043953585624694824e+01
2.021891951560974121e+01
3.195990276336669922e+01
4.091119217872619629e+01
2.043561673164367676e+01
2.110726642608642578e+01
3.271437001228332520e+01
4.086529088020324707e+01
1.546788620948791504e+01
4.091113448143005371e+01
1.551307487487792969e+01
4.089533805847167969e+01
1.615298032760620117e+01
4.090622591972351074e+01
2.042316746711730957e+01
2.058502006530761719e+01
2.991457366943359375e+01
2.496636223793029785e+01
3.095219206809997559e+01
2.507299518585205078e+01
2.813649392127990723e+01
2.646164011955261230e+01
3.091971230506896973e+01
2.891372394561767578e+01
3.084197807312011719e+01
4.090580368041992188e+01
2.044118714332580566e+01
4.088996338844299316e+01
2.042380809783935547e+01
4.091170668601989746e+01
1.406484270095825195e+01
3.043090987205505371e+01
2.619779491424560547e+01
3.365272164344787598e+01
2.399697661399841309e+01
3.075901937484741211e+01
4.086426520347595215e+01
1.483791756629943848e+01
2.526053619384765625e+01
3.016135168075561523e+01
4.089279723167419434e+01
1.422695064544677734e+01
4.090425062179565430e+01
1.596064877510070801e+01
2.567976474761962891e+01
4.089614725112915039e+01
1.593400168418884277e+01
4.090776443481445312e+01
2.040782880783081055e+01
2.718103623390197754e+01
2.954117035865783691e+01
2.307700657844543457e+01
3.190389680862426758e+01
2.361850881576538086e+01
4.092751598358154297e+01
1.539064025878906250e+01
3.291861605644226074e+01
2.585204958915710449e+01
2.969998788833618164e+01
4.090128707885742188e+01
2.043203020095825195e+01
2.715357851982116699e+01
3.005879735946655273e+01
2.831986689567565918e+01
2.463505053520202637e+01
4.088826322555541992e+01
1.520292925834655762e+01
2.881839418411254883e+01
2.547568726539611816e+01
4.095273447036743164e+01
1.558357119560241699e+01
3.110917067527770996e+01
2.108459901809692383e+01
3.171332740783691406e+01
2.659174394607543945e+01
4.089130258560180664e+01
2.042765045166015625e+01
2.477857470512390137e+01
3.187597560882568359e+01
2.159016036987304688e+01
4.090509700775146484e+01
2.043660020828247070e+01
4.090161609649658203e+01
2.042520809173583984e+01
2.592429590225219727e+01
4.094828605651855469e+01
1.546264719963073730e+01
4.087795162200927734e+01
4.090936446189880371e+01
1.385503125190734863e+01
2.132911539077758789e+01
3.248835873603820801e+01
2.691043806076049805e+01
3.233922505378723145e+01
4.091986513137817383e+01
2.042419314384460449e+01
2.753342127799987793e+01
4.089192128181457520e+01
