9.692938923835754395e-01
9.786331057548522949e-01
9.859912395477294922e-01
9.882552623748779297e-01
9.919343590736389160e-01
9.908023476600646973e-01
9.927833676338195801e-01
9.925003647804260254e-01
9.926418662071228027e-01
9.905193448066711426e-01
9.906608462333679199e-01
9.882552623748779297e-01
9.899532794952392578e-01
9.893872737884521484e-01
9.906608462333679199e-01
9.910853505134582520e-01
9.922173619270324707e-01
9.920758605003356934e-01
9.927833676338195801e-01
9.941983819007873535e-01
9.940568804740905762e-01
9.950473904609680176e-01
9.949058890342712402e-01
9.953303933143615723e-01
9.947643876075744629e-01
9.956133961677551270e-01
9.961794018745422363e-01
9.957548975944519043e-01
9.957548975944519043e-01
9.958963990211486816e-01
9.966039061546325684e-01
9.971699714660644531e-01
9.980189800262451172e-01
9.983019828796386719e-01
9.984434843063354492e-01
9.988679885864257812e-01
9.987264871597290039e-01
9.988679885864257812e-01
9.991509914398193359e-01
9.991509914398193359e-01
9.992924928665161133e-01
9.992924928665161133e-01
9.994339942932128906e-01
9.994339942932128906e-01
9.994339942932128906e-01
9.995754957199096680e-01
9.997169971466064453e-01
9.997169971466064453e-01
9.997169971466064453e-01
9.997169971466064453e-01
