5.250904560089111328e-01
4.272902011871337891e-01
3.233738839626312256e-01
3.076149523258209229e-01
2.902370691299438477e-01
2.795775234699249268e-01
2.014700472354888916e-01
1.989431083202362061e-01
1.541961431503295898e-01
1.598548293113708496e-01
1.498851776123046875e-01
1.498158872127532959e-01
1.418331265449523926e-01
1.423430442810058594e-01
1.412151455879211426e-01
1.400779187679290771e-01
1.385804563760757446e-01
1.339420229196548462e-01
1.264922320842742920e-01
1.227792277932167053e-01
1.212211996316909790e-01
1.181249469518661499e-01
1.138151735067367554e-01
1.106417179107666016e-01
1.065422445535659790e-01
1.023719683289527893e-01
9.918781369924545288e-02
9.538254141807556152e-02
9.132769703865051270e-02
8.745544403791427612e-02
8.386930078268051147e-02
8.085501194000244141e-02
7.763692736625671387e-02
7.548376172780990601e-02
7.265549153089523315e-02
7.003180682659149170e-02
6.812603771686553955e-02
6.613872200250625610e-02
6.440662592649459839e-02
6.285285949707031250e-02
6.141073256731033325e-02
6.011664122343063354e-02
5.893473699688911438e-02
5.789769440889358521e-02
5.681538581848144531e-02
5.589670315384864807e-02
5.502745509147644043e-02
5.426500737667083740e-02
5.353653058409690857e-02
5.296183750033378601e-02
