4.647710323333740234e-01
4.637038707733154297e-01
4.615967273712158203e-01
4.639897346496582031e-01
4.616751670837402344e-01
4.629375934600830078e-01
4.653787612915039062e-01
4.659688472747802734e-01
4.662284851074218750e-01
4.649412631988525391e-01
4.614763259887695312e-01
4.640822410583496094e-01
4.664921760559082031e-01
4.648408889770507812e-01
4.597520828247070312e-01
4.596383571624755859e-01
4.607708454132080078e-01
4.614546298980712891e-01
4.621894359588623047e-01
4.605498313903808594e-01
4.609394073486328125e-01
4.596331119537353516e-01
4.603424072265625000e-01
4.605665206909179688e-01
4.636492729187011719e-01
4.667980670928955078e-01
4.638557434082031250e-01
4.633538722991943359e-01
4.634714126586914062e-01
4.649233818054199219e-01
4.613921642303466797e-01
4.601135253906250000e-01
4.619255065917968750e-01
4.577012062072753906e-01
4.607834815979003906e-01
4.633989334106445312e-01
4.614813327789306641e-01
4.632952213287353516e-01
4.645495414733886719e-01
4.659883975982666016e-01
4.648432731628417969e-01
4.654970169067382812e-01
4.646263122558593750e-01
4.656271934509277344e-01
4.693353176116943359e-01
4.636282920837402344e-01
4.655609130859375000e-01
4.639348983764648438e-01
4.637632369995117188e-01
4.627151489257812500e-01
