9.896481752395629883e+00
1.011083006858825684e+01
9.882813453674316406e+00
9.858262062072753906e+00
1.988844728469848633e+01
9.918144226074218750e+00
1.994373726844787598e+01
9.896677494049072266e+00
9.929600477218627930e+00
1.994069886207580566e+01
9.821831226348876953e+00
1.005503749847412109e+01
1.936011838912963867e+01
1.042366290092468262e+01
9.870171785354614258e+00
9.883875131607055664e+00
9.901798009872436523e+00
1.014483547210693359e+01
9.865841388702392578e+00
9.943332910537719727e+00
9.938455581665039062e+00
9.849938869476318359e+00
9.913680315017700195e+00
9.819069623947143555e+00
2.027519083023071289e+01
9.885327816009521484e+00
9.918347120285034180e+00
1.976045751571655273e+01
9.861014366149902344e+00
1.993901371955871582e+01
9.889584541320800781e+00
9.939589977264404297e+00
1.994328165054321289e+01
9.855966806411743164e+00
1.960147070884704590e+01
1.995617818832397461e+01
1.995717906951904297e+01
9.864235877990722656e+00
1.006354904174804688e+01
1.995902800559997559e+01
1.996052765846252441e+01
9.828629255294799805e+00
9.989841938018798828e+00
9.853857755661010742e+00
9.925666809082031250e+00
1.971917343139648438e+01
1.010408902168273926e+01
1.965927767753601074e+01
9.892290592193603516e+00
9.890194654464721680e+00
