7.916927337646484375e-03
7.722854614257812500e-03
7.531166076660156250e-03
7.656574249267578125e-03
7.604837417602539062e-03
7.576465606689453125e-03
7.620334625244140625e-03
7.659912109375000000e-03
7.618904113769531250e-03
7.629632949829101562e-03
7.692098617553710938e-03
7.673263549804687500e-03
7.680177688598632812e-03
7.587909698486328125e-03
7.650613784790039062e-03
7.621288299560546875e-03
7.684469223022460938e-03
7.752656936645507812e-03
7.607221603393554688e-03
7.660627365112304688e-03
7.683277130126953125e-03
7.492542266845703125e-03
7.574081420898437500e-03
7.558345794677734375e-03
7.452249526977539062e-03
7.639169692993164062e-03
7.452487945556640625e-03
7.549047470092773438e-03
7.537603378295898438e-03
7.515907287597656250e-03
7.517576217651367188e-03
7.549762725830078125e-03
7.578849792480468750e-03
7.434368133544921875e-03
7.546901702880859375e-03
7.569551467895507812e-03
7.466316223144531250e-03
7.549762725830078125e-03
7.503509521484375000e-03
7.517576217651367188e-03
7.573127746582031250e-03
7.535934448242187500e-03
7.451057434082031250e-03
7.613420486450195312e-03
7.493257522583007812e-03
7.560491561889648438e-03
7.571458816528320312e-03
7.601976394653320312e-03
7.532119750976562500e-03
7.519960403442382812e-03
7.543802261352539062e-03
7.547855377197265625e-03
7.509708404541015625e-03
7.485866546630859375e-03
7.552623748779296875e-03
7.482051849365234375e-03
7.560253143310546875e-03
7.542610168457031250e-03
7.563591003417968750e-03
7.509231567382812500e-03
7.551431655883789062e-03
7.587432861328125000e-03
7.521390914916992188e-03
7.492780685424804688e-03
7.509231567382812500e-03
7.521867752075195312e-03
7.546663284301757812e-03
7.502317428588867188e-03
7.502794265747070312e-03
7.577419281005859375e-03
7.480144500732421875e-03
7.556676864624023438e-03
7.491350173950195312e-03
7.538557052612304688e-03
7.499456405639648438e-03
7.441520690917968750e-03
7.498502731323242188e-03
7.506370544433593750e-03
7.568836212158203125e-03
7.529497146606445312e-03
7.457256317138671875e-03
7.472753524780273438e-03
7.484197616577148438e-03
7.479906082153320312e-03
7.451295852661132812e-03
7.516622543334960938e-03
7.473707199096679688e-03
7.532835006713867188e-03
7.542371749877929688e-03
7.425069808959960938e-03
7.513284683227539062e-03
7.370948791503906250e-03
7.452964782714843750e-03
7.432460784912109375e-03
7.448911666870117188e-03
7.460832595825195312e-03
7.477760314941406250e-03
7.420539855957031250e-03
7.481575012207031250e-03
7.513999938964843750e-03
