1.048707962036132812e-01
8.673739433288574219e-02
1.229190826416015625e-01
1.779489517211914062e-01
5.089950561523437500e-02
9.502983093261718750e-02
8.678984642028808594e-02
1.664197444915771484e-01
1.104755401611328125e-01
9.894752502441406250e-02
1.257793903350830078e-01
1.457457542419433594e-01
1.524312496185302734e-01
1.392455101013183594e-01
8.398866653442382812e-02
6.257772445678710938e-02
2.337343692779541016e-01
1.043999195098876953e-01
1.243035793304443359e-01
6.538414955139160156e-02
1.495556831359863281e-01
1.522457599639892578e-01
1.218240261077880859e-01
1.361553668975830078e-01
1.604924201965332031e-01
1.723120212554931641e-01
1.350271701812744141e-01
1.675906181335449219e-01
8.146786689758300781e-02
1.722521781921386719e-01
1.975803375244140625e-01
8.172321319580078125e-02
1.904833316802978516e-01
1.565072536468505859e-01
1.767334938049316406e-01
1.225640773773193359e-01
4.078841209411621094e-02
9.335255622863769531e-02
2.137727737426757812e-01
1.524624824523925781e-01
1.502625942230224609e-01
6.035447120666503906e-02
1.991145610809326172e-01
7.899975776672363281e-02
1.047933101654052734e-01
8.470201492309570312e-02
9.257411956787109375e-02
1.319451332092285156e-01
7.524490356445312500e-02
1.686925888061523438e-01
1.110184192657470703e-01
9.674263000488281250e-02
6.267929077148437500e-02
1.792900562286376953e-01
1.101813316345214844e-01
9.153413772583007812e-02
9.736394882202148438e-02
1.398749351501464844e-01
1.994214057922363281e-01
1.352071762084960938e-01
1.991660594940185547e-01
1.056900024414062500e-01
2.033658027648925781e-01
1.046695709228515625e-01
1.074647903442382812e-01
1.042001247406005859e-01
1.062624454498291016e-01
8.798789978027343750e-02
1.129267215728759766e-01
1.564121246337890625e-01
9.916877746582031250e-02
1.086447238922119141e-01
1.228334903717041016e-01
6.315779685974121094e-02
1.312367916107177734e-01
1.012823581695556641e-01
8.717155456542968750e-02
7.244300842285156250e-02
8.112525939941406250e-02
2.651298046112060547e-01
1.373465061187744141e-01
1.590008735656738281e-01
8.471226692199707031e-02
4.813742637634277344e-02
1.238145828247070312e-01
1.248631477355957031e-01
6.541037559509277344e-02
2.203471660614013672e-01
1.456530094146728516e-01
8.758115768432617188e-02
1.016945838928222656e-01
1.244380474090576172e-01
1.533522605895996094e-01
8.299207687377929688e-02
1.614484786987304688e-01
1.970579624176025391e-01
8.272266387939453125e-02
9.016680717468261719e-02
1.647379398345947266e-01
1.103541851043701172e-01
