7.869720458984375000e-03
7.629394531250000000e-03
7.603645324707031250e-03
7.628202438354492188e-03
7.583379745483398438e-03
7.570505142211914062e-03
7.694244384765625000e-03
7.638931274414062500e-03
7.623434066772460938e-03
7.592201232910156250e-03
7.628917694091796875e-03
7.666587829589843750e-03
7.629156112670898438e-03
7.581472396850585938e-03
7.659912109375000000e-03
7.626056671142578125e-03
7.658720016479492188e-03
7.629632949829101562e-03
7.612943649291992188e-03
7.612705230712890625e-03
7.630825042724609375e-03
7.523536682128906250e-03
7.513523101806640625e-03
7.483959197998046875e-03
7.594347000122070312e-03
7.508516311645507812e-03
7.421970367431640625e-03
7.520198822021484375e-03
7.479429244995117188e-03
7.499933242797851562e-03
7.585763931274414062e-03
7.455825805664062500e-03
7.575750350952148438e-03
7.569074630737304688e-03
7.522106170654296875e-03
7.436275482177734375e-03
7.449865341186523438e-03
7.519483566284179688e-03
7.534027099609375000e-03
7.546424865722656250e-03
7.403850555419921875e-03
7.556915283203125000e-03
7.486820220947265625e-03
7.511138916015625000e-03
7.513761520385742188e-03
7.565021514892578125e-03
7.513523101806640625e-03
7.557153701782226562e-03
7.519483566284179688e-03
7.596254348754882812e-03
7.602214813232421875e-03
7.570505142211914062e-03
7.687807083129882812e-03
7.550716400146484375e-03
7.517576217651367188e-03
7.487535476684570312e-03
7.526159286499023438e-03
7.495641708374023438e-03
7.524967193603515625e-03
7.518529891967773438e-03
7.539033889770507812e-03
7.482767105102539062e-03
7.557153701782226562e-03
7.530212402343750000e-03
7.499694824218750000e-03
7.505655288696289062e-03
7.497072219848632812e-03
7.513284683227539062e-03
7.441043853759765625e-03
7.558345794677734375e-03
7.502555847167968750e-03
7.539033889770507812e-03
7.503271102905273438e-03
7.570981979370117188e-03
7.509469985961914062e-03
7.546901702880859375e-03
7.519245147705078125e-03
7.508039474487304688e-03
7.473945617675781250e-03
7.467031478881835938e-03
7.522821426391601562e-03
7.461071014404296875e-03
7.498264312744140625e-03
7.530212402343750000e-03
7.477045059204101562e-03
7.476806640625000000e-03
7.493495941162109375e-03
7.497549057006835938e-03
7.450342178344726562e-03
7.472515106201171875e-03
7.516145706176757812e-03
7.532358169555664062e-03
7.483243942260742188e-03
7.474660873413085938e-03
7.474422454833984375e-03
7.525205612182617188e-03
7.540702819824218750e-03
7.477760314941406250e-03
7.570505142211914062e-03
7.447957992553710938e-03
