1.384052085876464844e+01
1.373784208297729492e+01
1.367808151245117188e+01
1.365229272842407227e+01
1.372103452682495117e+01
1.370291137695312500e+01
1.367488145828247070e+01
1.369197511672973633e+01
1.366407895088195801e+01
1.368950247764587402e+01
1.370224142074584961e+01
1.369670486450195312e+01
1.371197581291198730e+01
1.368288612365722656e+01
1.376165461540222168e+01
1.366914963722229004e+01
1.382709145545959473e+01
1.366040706634521484e+01
1.363706898689270020e+01
1.364819788932800293e+01
1.357757639884948730e+01
1.365541505813598633e+01
1.363588762283325195e+01
1.357863783836364746e+01
1.361699342727661133e+01
1.382178807258605957e+01
1.367754840850830078e+01
1.369838571548461914e+01
1.372272634506225586e+01
1.368115854263305664e+01
1.365690779685974121e+01
1.376011824607849121e+01
1.367535209655761719e+01
1.367818856239318848e+01
1.361886715888977051e+01
1.373532247543334961e+01
1.370320439338684082e+01
1.369724750518798828e+01
1.368082356452941895e+01
1.368117070198059082e+01
1.965684032440185547e+01
1.371931409835815430e+01
1.371185803413391113e+01
1.369010615348815918e+01
1.383727025985717773e+01
1.379568266868591309e+01
1.929619288444519043e+01
1.372092342376708984e+01
1.366883683204650879e+01
1.366570687294006348e+01
