8.784092426300048828e+00
8.617905855178833008e+00
8.622887611389160156e+00
8.612119913101196289e+00
8.635420322418212891e+00
8.652930498123168945e+00
8.632447242736816406e+00
8.632142782211303711e+00
8.651344537734985352e+00
8.653869152069091797e+00
8.628010511398315430e+00
8.638086795806884766e+00
8.672788381576538086e+00
8.641296863555908203e+00
8.651862859725952148e+00
8.665165185928344727e+00
8.636603832244873047e+00
8.622176885604858398e+00
8.646699905395507812e+00
8.642762184143066406e+00
8.604081392288208008e+00
8.639701604843139648e+00
8.602623701095581055e+00
8.596613168716430664e+00
8.608711719512939453e+00
8.640438318252563477e+00
8.634510278701782227e+00
8.626157522201538086e+00
8.632082223892211914e+00
8.609737634658813477e+00
8.645978212356567383e+00
8.628884077072143555e+00
8.625766515731811523e+00
8.637927532196044922e+00
8.628933906555175781e+00
8.643467426300048828e+00
8.622505903244018555e+00
8.634775638580322266e+00
8.615122079849243164e+00
8.649714469909667969e+00
8.643727064132690430e+00
8.649961948394775391e+00
8.628526926040649414e+00
8.592449665069580078e+00
8.601502895355224609e+00
8.582381725311279297e+00
8.456959962844848633e+00
8.465016126632690430e+00
8.408000230789184570e+00
8.372529029846191406e+00
