3.998541831970214844e-02
4.947400093078613281e-02
5.072855949401855469e-02
4.813861846923828125e-02
4.195928573608398438e-02
9.342455863952636719e-02
3.687715530395507812e-02
6.282806396484375000e-02
9.346151351928710938e-02
2.381682395935058594e-02
6.890225410461425781e-02
8.065390586853027344e-02
4.418301582336425781e-02
6.436109542846679688e-02
4.486441612243652344e-02
3.411912918090820312e-02
2.975988388061523438e-02
5.068159103393554688e-02
3.700828552246093750e-02
2.370119094848632812e-03
4.144096374511718750e-02
4.209494590759277344e-02
5.385446548461914062e-02
4.076123237609863281e-02
4.392600059509277344e-02
3.521037101745605469e-02
3.265213966369628906e-02
2.700090408325195312e-02
8.922934532165527344e-02
8.201837539672851562e-02
4.417181015014648438e-02
5.406236648559570312e-02
7.568931579589843750e-02
4.924583435058593750e-02
3.780984878540039062e-02
3.913688659667968750e-02
4.923033714294433594e-02
5.472183227539062500e-02
3.426241874694824219e-02
2.190947532653808594e-02
4.233646392822265625e-02
3.666281700134277344e-02
1.780056953430175781e-02
4.725909233093261719e-02
1.123909950256347656e-01
4.937982559204101562e-02
2.534699440002441406e-02
3.940033912658691406e-02
3.487133979797363281e-02
7.646989822387695312e-02
1.472401618957519531e-02
5.329370498657226562e-02
5.738139152526855469e-02
1.248412132263183594e-01
4.107832908630371094e-02
1.179480552673339844e-01
1.813101768493652344e-02
6.767129898071289062e-02
2.090358734130859375e-02
2.726149559020996094e-02
6.918334960937500000e-02
7.306337356567382812e-02
2.948713302612304688e-02
5.106306076049804688e-02
5.067491531372070312e-02
2.406716346740722656e-02
1.206760406494140625e-01
3.515505790710449219e-02
6.289267539978027344e-02
9.340810775756835938e-02
1.623964309692382812e-02
4.147505760192871094e-02
5.309867858886718750e-02
5.152368545532226562e-02
7.914376258850097656e-02
4.406642913818359375e-02
7.304120063781738281e-02
4.796481132507324219e-02
1.306717395782470703e-01
4.411745071411132812e-02
7.405567169189453125e-02
4.535317420959472656e-02
3.201389312744140625e-02
4.189157485961914062e-02
9.037590026855468750e-02
2.642679214477539062e-02
9.112644195556640625e-02
4.092693328857421875e-02
6.828308105468750000e-02
5.526494979858398438e-02
2.960920333862304688e-02
4.363298416137695312e-02
5.680251121520996094e-02
3.303122520446777344e-02
7.002735137939453125e-02
3.748559951782226562e-02
3.483414649963378906e-02
3.528642654418945312e-02
3.850579261779785156e-02
4.970002174377441406e-02
