1.695012068748474121e+01
1.674267268180847168e+01
1.668981337547302246e+01
1.671611237525939941e+01
1.676078033447265625e+01
1.680900192260742188e+01
1.679327726364135742e+01
1.681051230430603027e+01
1.683461523056030273e+01
1.682873535156250000e+01
1.682963824272155762e+01
1.677209711074829102e+01
1.658320641517639160e+01
1.631154799461364746e+01
1.611261034011840820e+01
1.621485781669616699e+01
1.609768176078796387e+01
1.615597200393676758e+01
1.614355325698852539e+01
1.617376089096069336e+01
1.614333224296569824e+01
1.615915942192077637e+01
1.620168924331665039e+01
1.615067672729492188e+01
1.621878433227539062e+01
1.620737457275390625e+01
1.617573952674865723e+01
1.624963545799255371e+01
1.620931792259216309e+01
1.612520432472229004e+01
1.617693138122558594e+01
1.613679289817810059e+01
1.613671827316284180e+01
1.621090149879455566e+01
1.615439558029174805e+01
1.616871261596679688e+01
1.619583964347839355e+01
1.617175221443176270e+01
1.615278673171997070e+01
1.622100758552551270e+01
1.613703346252441406e+01
1.613441896438598633e+01
1.616348195075988770e+01
1.617404341697692871e+01
1.620334196090698242e+01
1.620691776275634766e+01
1.617308115959167480e+01
1.618820691108703613e+01
1.623839735984802246e+01
1.619857931137084961e+01
