4.070577621459960938e-01
4.097483158111572266e-01
4.062237739562988281e-01
4.048299789428710938e-01
4.063868522644042969e-01
4.091227054595947266e-01
4.103260040283203125e-01
4.091942310333251953e-01
4.084844589233398438e-01
4.068765640258789062e-01
4.074399471282958984e-01
4.079618453979492188e-01
4.080648422241210938e-01
4.065225124359130859e-01
4.050633907318115234e-01
4.051525592803955078e-01
4.090733528137207031e-01
4.076075553894042969e-01
4.085471630096435547e-01
4.060432910919189453e-01
4.066975116729736328e-01
4.074761867523193359e-01
4.066855907440185547e-01
4.059419631958007812e-01
4.086844921112060547e-01
4.093291759490966797e-01
4.064636230468750000e-01
4.101285934448242188e-01
4.113397598266601562e-01
4.084744453430175781e-01
4.077661037445068359e-01
4.082474708557128906e-01
4.092621803283691406e-01
4.073531627655029297e-01
4.084699153900146484e-01
4.072439670562744141e-01
4.062025547027587891e-01
4.074621200561523438e-01
4.067456722259521484e-01
4.075541496276855469e-01
4.100520610809326172e-01
4.071946144104003906e-01
4.080657958984375000e-01
4.091148376464843750e-01
4.086160659790039062e-01
4.061429500579833984e-01
4.044950008392333984e-01
4.062578678131103516e-01
4.060032367706298828e-01
4.087235927581787109e-01
