3.500643372535705566e-01
5.000000000000000000e-01
5.000000000000000000e-01
5.000000000000000000e-01
5.000000000000000000e-01
5.000000000000000000e-01
5.000000000000000000e-01
5.000000000000000000e-01
5.000000000000000000e-01
5.003217458724975586e-01
5.167310237884521484e-01
5.318532586097717285e-01
5.444015264511108398e-01
5.469755530357360840e-01
5.527670383453369141e-01
5.617760419845581055e-01
5.685328245162963867e-01
5.717503428459167480e-01
5.749678015708923340e-01
5.785070657730102539e-01
5.852638483047485352e-01
5.894466042518615723e-01
5.884813666343688965e-01
5.942728519439697266e-01
5.987773537635803223e-01
5.990990996360778809e-01
5.942728519439697266e-01
5.971686244010925293e-01
5.994208455085754395e-01
6.003860831260681152e-01
6.007078289985656738e-01
6.026383638381958008e-01
6.032818555831909180e-01
6.023166179656982422e-01
6.042470932006835938e-01
6.036036014556884766e-01
6.045688390731811523e-01
6.032818555831909180e-01
6.029601097106933594e-01
6.032818555831909180e-01
6.068211197853088379e-01
6.064993739128112793e-01
6.052123308181762695e-01
6.052123308181762695e-01
6.042470932006835938e-01
6.064993739128112793e-01
6.068211197853088379e-01
6.068211197853088379e-01
6.061776280403137207e-01
6.093950867652893066e-01
6.068211197853088379e-01
6.087515950202941895e-01
6.077863574028015137e-01
6.077863574028015137e-01
6.068211197853088379e-01
6.061776280403137207e-01
6.084298491477966309e-01
6.077863574028015137e-01
6.084298491477966309e-01
6.068211197853088379e-01
6.081081032752990723e-01
6.084298491477966309e-01
6.081081032752990723e-01
6.077863574028015137e-01
6.077863574028015137e-01
6.077863574028015137e-01
6.077863574028015137e-01
6.087515950202941895e-01
6.084298491477966309e-01
6.090733408927917480e-01
6.087515950202941895e-01
6.087515950202941895e-01
6.084298491477966309e-01
6.081081032752990723e-01
6.087515950202941895e-01
6.090733408927917480e-01
6.093950867652893066e-01
6.097168326377868652e-01
6.090733408927917480e-01
6.090733408927917480e-01
6.093950867652893066e-01
6.093950867652893066e-01
6.093950867652893066e-01
6.093950867652893066e-01
6.093950867652893066e-01
6.093950867652893066e-01
6.093950867652893066e-01
6.093950867652893066e-01
6.097168326377868652e-01
6.093950867652893066e-01
6.093950867652893066e-01
6.093950867652893066e-01
6.093950867652893066e-01
6.093950867652893066e-01
6.093950867652893066e-01
6.093950867652893066e-01
6.093950867652893066e-01
6.093950867652893066e-01
6.093950867652893066e-01
6.093950867652893066e-01
