2.018114495277404785e+01
1.412487864494323730e+01
1.867162489891052246e+01
2.011875939369201660e+01
2.010847902297973633e+01
2.016387867927551270e+01
2.012087416648864746e+01
2.889703464508056641e+01
2.447770166397094727e+01
2.820515584945678711e+01
2.867040014266967773e+01
3.016758179664611816e+01
4.058864855766296387e+01
1.783046007156372070e+01
4.059950995445251465e+01
2.014412713050842285e+01
2.176869392395019531e+01
4.058819699287414551e+01
2.015685915946960449e+01
2.542147588729858398e+01
2.541914486885070801e+01
4.065246844291687012e+01
2.012602925300598145e+01
4.061533093452453613e+01
1.559172916412353516e+01
2.528926515579223633e+01
3.283953094482421875e+01
2.393432164192199707e+01
4.060877585411071777e+01
1.662261819839477539e+01
4.059134244918823242e+01
2.007749772071838379e+01
4.048343634605407715e+01
1.635398340225219727e+01
4.053953194618225098e+01
2.015251851081848145e+01
4.052639913558959961e+01
2.017054510116577148e+01
2.012845063209533691e+01
4.066093444824218750e+01
2.000085067749023438e+01
2.560088062286376953e+01
2.498782658576965332e+01
4.061555552482604980e+01
2.013680839538574219e+01
4.061274552345275879e+01
1.414882540702819824e+01
4.059893822669982910e+01
1.998741316795349121e+01
2.425130367279052734e+01
4.062537837028503418e+01
4.061855506896972656e+01
2.008564972877502441e+01
4.056825256347656250e+01
2.007664203643798828e+01
4.063306355476379395e+01
2.447886633872985840e+01
2.557439565658569336e+01
4.058434128761291504e+01
2.015088629722595215e+01
4.064558172225952148e+01
1.368485498428344727e+01
3.055936717987060547e+01
2.783070135116577148e+01
4.051875972747802734e+01
1.660904812812805176e+01
2.314910554885864258e+01
2.564026737213134766e+01
4.058276700973510742e+01
1.724419283866882324e+01
2.180808877944946289e+01
3.427262735366821289e+01
2.007483625411987305e+01
1.979430770874023438e+01
3.514100170135498047e+01
2.309439969062805176e+01
4.055564713478088379e+01
1.613983941078186035e+01
4.057039332389831543e+01
1.624621129035949707e+01
4.065460109710693359e+01
1.725396728515625000e+01
4.058783411979675293e+01
2.019731664657592773e+01
4.057013559341430664e+01
1.361755442619323730e+01
4.062797689437866211e+01
2.010037517547607422e+01
4.058967471122741699e+01
2.004689311981201172e+01
2.954077196121215820e+01
3.298022699356079102e+01
1.809434318542480469e+01
2.012616419792175293e+01
3.025561761856079102e+01
4.065620112419128418e+01
2.010860681533813477e+01
4.053918576240539551e+01
2.014542818069458008e+01
2.117326354980468750e+01
