2.337451457977294922e+00
2.283501863479614258e+00
2.274190425872802734e+00
2.249997615814208984e+00
2.194384574890136719e+00
2.135976791381835938e+00
2.085465192794799805e+00
2.050819158554077148e+00
2.073745727539062500e+00
2.022119998931884766e+00
1.999368071556091309e+00
1.941155314445495605e+00
1.945476531982421875e+00
1.917195796966552734e+00
1.902007341384887695e+00
1.885472178459167480e+00
1.879960775375366211e+00
1.858353376388549805e+00
1.846258997917175293e+00
1.833716630935668945e+00
1.828164458274841309e+00
1.822620153427124023e+00
1.808384180068969727e+00
1.808385610580444336e+00
1.805489063262939453e+00
1.798450589179992676e+00
1.793136715888977051e+00
1.795786857604980469e+00
1.791466712951660156e+00
1.782965421676635742e+00
1.787702441215515137e+00
1.782034397125244141e+00
1.778419494628906250e+00
1.777176260948181152e+00
1.780419230461120605e+00
1.783518433570861816e+00
1.788128018379211426e+00
1.789719462394714355e+00
1.795551896095275879e+00
1.801209568977355957e+00
1.804800152778625488e+00
1.808739542961120605e+00
1.817896246910095215e+00
1.826012849807739258e+00
1.834350705146789551e+00
1.840408563613891602e+00
1.847132563591003418e+00
1.860355854034423828e+00
1.868303298950195312e+00
1.878438234329223633e+00
1.890630125999450684e+00
1.899963974952697754e+00
1.910992980003356934e+00
1.923051357269287109e+00
1.930827736854553223e+00
1.942519307136535645e+00
1.955475807189941406e+00
1.963389873504638672e+00
1.973122835159301758e+00
1.980009794235229492e+00
1.989405632019042969e+00
1.999007582664489746e+00
2.005164384841918945e+00
2.012349128723144531e+00
2.018618106842041016e+00
2.026114463806152344e+00
2.030855655670166016e+00
2.035551309585571289e+00
2.039273023605346680e+00
2.043313503265380859e+00
2.046849250793457031e+00
2.050249576568603516e+00
2.052954435348510742e+00
2.055899620056152344e+00
2.058239936828613281e+00
2.060638904571533203e+00
2.062492847442626953e+00
2.064442873001098633e+00
2.066079378128051758e+00
2.067366361618041992e+00
2.068711519241333008e+00
2.069793224334716797e+00
2.070514917373657227e+00
2.071567535400390625e+00
2.072583198547363281e+00
2.073230981826782227e+00
2.073789834976196289e+00
2.074522495269775391e+00
2.074999332427978516e+00
2.075397014617919922e+00
2.075925827026367188e+00
2.076288223266601562e+00
2.076645612716674805e+00
2.076807260513305664e+00
2.077067852020263672e+00
2.077347993850708008e+00
2.077594995498657227e+00
2.077741622924804688e+00
2.077906370162963867e+00
2.078086376190185547e+00
