1.824629163742065430e+01
1.797379755973815918e+01
1.796131181716918945e+01
1.801607155799865723e+01
1.804737305641174316e+01
1.799298095703125000e+01
1.802730584144592285e+01
1.794273900985717773e+01
1.809791684150695801e+01
1.798798155784606934e+01
1.798404049873352051e+01
1.794182395935058594e+01
1.800172400474548340e+01
1.801725554466247559e+01
1.808035278320312500e+01
1.800880432128906250e+01
1.801013803482055664e+01
1.807130098342895508e+01
1.794547986984252930e+01
1.803665494918823242e+01
1.803477859497070312e+01
1.805891799926757812e+01
1.803431034088134766e+01
1.812848377227783203e+01
1.801324892044067383e+01
1.805354356765747070e+01
1.796304512023925781e+01
1.801241922378540039e+01
1.799291062355041504e+01
1.804139780998229980e+01
1.801374554634094238e+01
1.811070632934570312e+01
1.800632691383361816e+01
1.799913501739501953e+01
1.804845428466796875e+01
1.807998371124267578e+01
1.806033921241760254e+01
1.800194239616394043e+01
1.807961821556091309e+01
1.800219559669494629e+01
1.800807023048400879e+01
1.803565764427185059e+01
1.812539100646972656e+01
1.799769639968872070e+01
1.795430040359497070e+01
1.810039782524108887e+01
1.807885146141052246e+01
1.800349354743957520e+01
1.811717820167541504e+01
1.799269032478332520e+01
1.798260927200317383e+01
1.798275041580200195e+01
1.806438803672790527e+01
1.799467229843139648e+01
1.802550077438354492e+01
1.797715497016906738e+01
1.802858352661132812e+01
1.803382515907287598e+01
1.804946517944335938e+01
1.790622830390930176e+01
1.801004219055175781e+01
1.800042700767517090e+01
1.801616096496582031e+01
1.802494835853576660e+01
1.796574831008911133e+01
1.803259825706481934e+01
1.801884675025939941e+01
1.795664119720458984e+01
1.794309496879577637e+01
1.799417591094970703e+01
1.798116135597229004e+01
1.793857049942016602e+01
1.805472540855407715e+01
1.798916077613830566e+01
1.798626899719238281e+01
1.791519355773925781e+01
1.796978831291198730e+01
1.797357296943664551e+01
1.805145812034606934e+01
1.797642326354980469e+01
1.794520974159240723e+01
1.796799087524414062e+01
1.789037704467773438e+01
1.797602510452270508e+01
1.794839835166931152e+01
1.801177620887756348e+01
1.796617579460144043e+01
1.804326677322387695e+01
1.792640590667724609e+01
1.795599842071533203e+01
1.805012416839599609e+01
1.807307195663452148e+01
1.978925538063049316e+01
1.801877117156982422e+01
1.806650590896606445e+01
1.800054430961608887e+01
1.802674603462219238e+01
1.798970437049865723e+01
1.803752517700195312e+01
1.797204637527465820e+01
