2.086517572402954102e+00
1.797807455062866211e+00
1.853246331214904785e+00
1.690923571586608887e+00
1.586256742477416992e+00
1.549816727638244629e+00
1.507656693458557129e+00
1.457582354545593262e+00
1.441617131233215332e+00
1.415184617042541504e+00
1.382572054862976074e+00
1.390712022781372070e+00
1.356271624565124512e+00
1.342255949974060059e+00
1.324195623397827148e+00
1.316625475883483887e+00
1.313816308975219727e+00
1.300841927528381348e+00
1.297266125679016113e+00
1.297229647636413574e+00
1.287894010543823242e+00
1.275864362716674805e+00
1.252616167068481445e+00
1.255812764167785645e+00
1.246948719024658203e+00
1.238673567771911621e+00
1.347481489181518555e+00
1.311321973800659180e+00
1.227679848670959473e+00
1.209562659263610840e+00
1.200489163398742676e+00
1.183741331100463867e+00
1.192957758903503418e+00
1.170526504516601562e+00
1.163949251174926758e+00
1.189841628074645996e+00
1.161649346351623535e+00
1.153220176696777344e+00
1.148614883422851562e+00
1.144584059715270996e+00
1.182828068733215332e+00
1.134998321533203125e+00
1.123656272888183594e+00
1.127711653709411621e+00
1.137274742126464844e+00
1.149687051773071289e+00
1.148876428604125977e+00
1.106795191764831543e+00
1.105283975601196289e+00
1.151839017868041992e+00
1.126011848449707031e+00
1.111258268356323242e+00
1.126530766487121582e+00
1.138300657272338867e+00
1.100882887840270996e+00
1.094911932945251465e+00
1.117967247962951660e+00
1.064959168434143066e+00
1.057066798210144043e+00
1.041210174560546875e+00
1.123535990715026855e+00
1.064356684684753418e+00
1.023874640464782715e+00
1.013846158981323242e+00
9.830144643783569336e-01
9.996200799942016602e-01
1.011412501335144043e+00
1.013333916664123535e+00
1.017879605293273926e+00
1.000294208526611328e+00
1.224418878555297852e+00
1.018910169601440430e+00
9.945996999740600586e-01
1.010803461074829102e+00
9.963942766189575195e-01
9.852602481842041016e-01
9.638878107070922852e-01
9.564638137817382812e-01
1.020213007926940918e+00
9.893582463264465332e-01
1.079382658004760742e+00
9.742022156715393066e-01
1.037005305290222168e+00
1.017111659049987793e+00
9.749343395233154297e-01
9.375281929969787598e-01
9.200305342674255371e-01
8.920542001724243164e-01
1.258250474929809570e+00
1.196604013442993164e+00
1.030557990074157715e+00
1.362630248069763184e+00
1.264516592025756836e+00
1.124899506568908691e+00
1.010424971580505371e+00
9.400358200073242188e-01
9.782946705818176270e-01
9.182066917419433594e-01
8.741891980171203613e-01
8.498231172561645508e-01
