1.092597985267639160e+01
1.902978563308715820e+01
2.067763209342956543e+01
3.206197667121887207e+01
2.158743906021118164e+01
3.117834639549255371e+01
2.046008729934692383e+01
4.093906140327453613e+01
2.045932888984680176e+01
1.183480501174926758e+01
4.093965554237365723e+01
1.066055369377136230e+01
4.093906235694885254e+01
1.160454988479614258e+01
2.012663245201110840e+01
1.226188898086547852e+01
4.093874764442443848e+01
1.179772686958312988e+01
4.093843698501586914e+01
1.235403060913085938e+01
2.677730631828308105e+01
4.093875622749328613e+01
1.204647755622863770e+01
2.539633584022521973e+01
2.620158028602600098e+01
4.093862414360046387e+01
2.045938920974731445e+01
1.482592773437500000e+01
2.716797447204589844e+01
4.093917036056518555e+01
2.046638751029968262e+01
1.946268486976623535e+01
2.242463779449462891e+01
2.947692584991455078e+01
2.220866084098815918e+01
4.093956017494201660e+01
2.046379470825195312e+01
2.045870113372802734e+01
2.312830781936645508e+01
4.093861651420593262e+01
1.032634639739990234e+01
2.111650395393371582e+01
3.095528674125671387e+01
2.278032636642456055e+01
3.059783363342285156e+01
2.990156245231628418e+01
2.164085149765014648e+01
4.094017386436462402e+01
1.140787410736083984e+01
4.093956136703491211e+01
