1.442517590522766113e+01
1.444388222694396973e+01
1.797424387931823730e+01
1.816748619079589844e+01
1.444112753868103027e+01
1.449482417106628418e+01
1.815918588638305664e+01
1.445732831954956055e+01
1.449722766876220703e+01
1.441061520576477051e+01
1.447926235198974609e+01
1.440531897544860840e+01
1.439260578155517578e+01
1.441763448715209961e+01
1.444829201698303223e+01
1.444201231002807617e+01
1.796317839622497559e+01
1.483073925971984863e+01
1.446349191665649414e+01
1.795813345909118652e+01
1.444610881805419922e+01
1.449497866630554199e+01
1.445117783546447754e+01
1.813899302482604980e+01
1.452887868881225586e+01
1.446983528137207031e+01
1.451850557327270508e+01
1.456600642204284668e+01
1.797404122352600098e+01
1.455358600616455078e+01
1.802693247795104980e+01
1.453924489021301270e+01
1.453492593765258789e+01
1.454834485054016113e+01
1.809985256195068359e+01
1.451930069923400879e+01
1.812531208992004395e+01
1.462898445129394531e+01
1.809583497047424316e+01
1.466385746002197266e+01
1.452123188972473145e+01
1.810523319244384766e+01
1.459600710868835449e+01
1.455388498306274414e+01
1.457567286491394043e+01
1.805787158012390137e+01
1.450041580200195312e+01
1.829481101036071777e+01
3.482632374763488770e+01
1.828309273719787598e+01
