3.316792547702789307e-01
3.144651353359222412e-01
2.213136702775955200e-01
1.261877864599227905e-01
1.787245869636535645e-01
9.375770390033721924e-02
9.283540397882461548e-02
7.993189245462417603e-02
7.846804708242416382e-02
7.361923158168792725e-02
7.235348969697952271e-02
7.143428921699523926e-02
7.109110802412033081e-02
7.461572438478469849e-02
7.885410636663436890e-02
8.168381452560424805e-02
8.509618788957595825e-02
9.060449153184890747e-02
9.082907438278198242e-02
9.358376264572143555e-02
9.732367843389511108e-02
9.928657114505767822e-02
9.921288490295410156e-02
9.887041896581649780e-02
9.754784405231475830e-02
9.762215614318847656e-02
9.801582992076873779e-02
9.690618515014648438e-02
9.596315771341323853e-02
9.556565433740615845e-02
9.512388706207275391e-02
9.413562715053558350e-02
9.291270375251770020e-02
9.222673624753952026e-02
9.111898392438888550e-02
8.941365778446197510e-02
8.821098506450653076e-02
8.622141182422637939e-02
8.464199304580688477e-02
8.342134952545166016e-02
8.248893171548843384e-02
8.132120221853256226e-02
8.040073513984680176e-02
7.943012565374374390e-02
7.817989587783813477e-02
7.725189626216888428e-02
7.614579051733016968e-02
7.509891688823699951e-02
7.426297664642333984e-02
7.353898137807846069e-02
