4.955128669738769531e+00
2.441151952743530273e+01
4.886200666427612305e+00
1.306627011299133301e+01
5.087093353271484375e+00
4.747052907943725586e+00
4.900177478790283203e+00
4.911511182785034180e+00
4.796131610870361328e+00
4.884635925292968750e+00
2.473192334175109863e+01
4.592761993408203125e+00
4.771285772323608398e+00
4.978529214859008789e+00
5.039720058441162109e+00
5.868848800659179688e+00
4.935814142227172852e+00
4.918596267700195312e+00
4.856646537780761719e+00
5.247335672378540039e+00
4.900231361389160156e+00
5.044916629791259766e+00
4.880256175994873047e+00
1.142500710487365723e+01
5.193852186203002930e+00
4.872270107269287109e+00
4.734773397445678711e+00
5.126439809799194336e+00
4.728288173675537109e+00
4.732500553131103516e+00
5.008266448974609375e+00
5.084923028945922852e+00
5.208923578262329102e+00
4.962609052658081055e+00
5.110456228256225586e+00
5.302763462066650391e+00
1.274308085441589355e+01
5.094668865203857422e+00
1.286028289794921875e+01
4.783665418624877930e+00
1.285539698600769043e+01
4.614128112792968750e+00
4.978573560714721680e+00
5.103564739227294922e+00
4.800319910049438477e+00
4.765832424163818359e+00
5.052895069122314453e+00
5.033356428146362305e+00
4.799498081207275391e+00
4.957487821578979492e+00
