7.706480026245117188e-01
9.034285545349121094e-01
6.290273666381835938e-01
7.617566585540771484e-01
7.218317985534667969e-01
9.084019660949707031e-01
7.352876663208007812e-01
1.019299745559692383e+00
7.670407295227050781e-01
8.673794269561767578e-01
9.378883838653564453e-01
9.912672042846679688e-01
8.215909004211425781e-01
8.392152786254882812e-01
7.333326339721679688e-01
9.987511634826660156e-01
9.104220867156982422e-01
7.957892417907714844e-01
8.214156627655029297e-01
6.994819641113281250e-01
7.370133399963378906e-01
6.123158931732177734e-01
7.126142978668212891e-01
9.381284713745117188e-01
5.761408805847167969e-01
7.827808856964111328e-01
8.416130542755126953e-01
8.774080276489257812e-01
7.987046241760253906e-01
8.422625064849853516e-01
7.813169956207275391e-01
7.054994106292724609e-01
5.291848182678222656e-01
8.162014484405517578e-01
6.732094287872314453e-01
5.506086349487304688e-01
7.498736381530761719e-01
7.903659343719482422e-01
6.952486038208007812e-01
7.452592849731445312e-01
8.676388263702392578e-01
1.074430227279663086e+00
6.532595157623291016e-01
6.890811920166015625e-01
9.120578765869140625e-01
7.598934173583984375e-01
9.135849475860595703e-01
8.279457092285156250e-01
9.089460372924804688e-01
8.448057174682617188e-01
