1.113438367843627930e+01
1.113227415084838867e+01
1.119977355003356934e+01
1.111754965782165527e+01
1.114552927017211914e+01
1.113907194137573242e+01
1.111602377891540527e+01
1.112488937377929688e+01
1.112812089920043945e+01
1.110154390335083008e+01
1.114411592483520508e+01
1.116072225570678711e+01
1.108335375785827637e+01
1.106697320938110352e+01
1.105969238281250000e+01
1.110893225669860840e+01
1.109179806709289551e+01
1.108133745193481445e+01
1.111375904083251953e+01
1.111812233924865723e+01
1.119147539138793945e+01
1.109596443176269531e+01
1.114062690734863281e+01
1.100121641159057617e+01
1.091127586364746094e+01
1.086546754837036133e+01
1.074195766448974609e+01
1.080007410049438477e+01
1.076526880264282227e+01
1.075609111785888672e+01
1.073845148086547852e+01
1.074432468414306641e+01
1.072160530090332031e+01
1.076474332809448242e+01
1.755251646041870117e+01
1.075897645950317383e+01
1.075485396385192871e+01
1.075547194480895996e+01
1.076580023765563965e+01
1.077914428710937500e+01
1.075322079658508301e+01
1.082072806358337402e+01
1.078829312324523926e+01
1.075958895683288574e+01
1.077013564109802246e+01
1.080699896812438965e+01
1.078244996070861816e+01
1.073673677444458008e+01
1.074164772033691406e+01
1.076202178001403809e+01
