9.823841452598571777e-01
9.946939945220947266e-01
9.985850453376770020e-01
9.989387989044189453e-01
9.992218017578125000e-01
9.989387989044189453e-01
9.992218017578125000e-01
9.993633031845092773e-01
9.992218017578125000e-01
9.993633031845092773e-01
9.983728528022766113e-01
9.991510510444641113e-01
9.993633031845092773e-01
9.993633031845092773e-01
9.995048046112060547e-01
9.994340538978576660e-01
9.995048046112060547e-01
9.995754957199096680e-01
9.995754957199096680e-01
9.997169971466064453e-01
9.997169971466064453e-01
9.998584985733032227e-01
1.000000000000000000e+00
1.000000000000000000e+00
1.000000000000000000e+00
1.000000000000000000e+00
1.000000000000000000e+00
1.000000000000000000e+00
1.000000000000000000e+00
1.000000000000000000e+00
1.000000000000000000e+00
1.000000000000000000e+00
1.000000000000000000e+00
1.000000000000000000e+00
1.000000000000000000e+00
1.000000000000000000e+00
1.000000000000000000e+00
1.000000000000000000e+00
1.000000000000000000e+00
1.000000000000000000e+00
1.000000000000000000e+00
1.000000000000000000e+00
1.000000000000000000e+00
1.000000000000000000e+00
1.000000000000000000e+00
1.000000000000000000e+00
1.000000000000000000e+00
1.000000000000000000e+00
1.000000000000000000e+00
1.000000000000000000e+00
