2.182939291000366211e+00
1.812558889389038086e+00
1.558462500572204590e+00
1.507228612899780273e+00
1.478827238082885742e+00
1.449540734291076660e+00
1.436414599418640137e+00
1.362386226654052734e+00
1.286944389343261719e+00
1.263756155967712402e+00
1.258524537086486816e+00
1.211753010749816895e+00
1.193711638450622559e+00
1.188930869102478027e+00
1.175812125205993652e+00
1.154660940170288086e+00
1.175213813781738281e+00
1.144945859909057617e+00
1.136530399322509766e+00
1.140616893768310547e+00
1.113564968109130859e+00
1.142293334007263184e+00
1.097335457801818848e+00
1.133284807205200195e+00
1.066427946090698242e+00
1.048760175704956055e+00
1.046309709548950195e+00
1.045225977897644043e+00
1.037778019905090332e+00
1.013838768005371094e+00
1.005910277366638184e+00
9.951936602592468262e-01
9.880542755126953125e-01
1.022579193115234375e+00
1.028720617294311523e+00
9.992865920066833496e-01
9.752137660980224609e-01
9.545868635177612305e-01
9.836373329162597656e-01
9.489339590072631836e-01
9.267193675041198730e-01
9.517274498939514160e-01
9.337196946144104004e-01
9.077864289283752441e-01
9.266821146011352539e-01
9.267390370368957520e-01
9.142501354217529297e-01
9.049450755119323730e-01
9.443432092666625977e-01
8.746983408927917480e-01
9.180462360382080078e-01
8.581215739250183105e-01
8.502677083015441895e-01
8.497616648674011230e-01
8.325797319412231445e-01
8.916657567024230957e-01
8.374336361885070801e-01
8.037615418434143066e-01
8.140680193901062012e-01
8.155896067619323730e-01
8.065143823623657227e-01
7.930372953414916992e-01
7.813256978988647461e-01
7.759648561477661133e-01
7.624076604843139648e-01
8.157135248184204102e-01
7.755753397941589355e-01
7.730936408042907715e-01
7.388006448745727539e-01
7.458667159080505371e-01
7.393574118614196777e-01
7.306797504425048828e-01
7.205938696861267090e-01
7.203131914138793945e-01
6.951034665107727051e-01
6.875076889991760254e-01
7.173073887825012207e-01
6.841932535171508789e-01
7.421233654022216797e-01
6.865249276161193848e-01
6.666958332061767578e-01
6.717920303344726562e-01
6.768572926521301270e-01
6.488524675369262695e-01
6.289412379264831543e-01
6.198319792747497559e-01
6.193217635154724121e-01
6.673620939254760742e-01
6.223878264427185059e-01
6.038567423820495605e-01
7.079065442085266113e-01
6.124595999717712402e-01
5.849471092224121094e-01
5.873650908470153809e-01
5.766157507896423340e-01
5.448204874992370605e-01
5.437137484550476074e-01
5.381412506103515625e-01
5.250803828239440918e-01
5.053864121437072754e-01
