5.202550172805786133e+00
4.731781721115112305e+00
4.834751129150390625e+00
5.137192010879516602e+00
5.127211809158325195e+00
4.899640560150146484e+00
4.964742183685302734e+00
4.570188999176025391e+00
4.844420909881591797e+00
4.911027669906616211e+00
4.900921821594238281e+00
5.583889245986938477e+00
1.185384845733642578e+01
4.219247817993164062e+00
4.504116296768188477e+00
5.036783933639526367e+00
3.795434999465942383e+01
5.205989122390747070e+00
3.731133413314819336e+01
1.086406087875366211e+01
5.046008586883544922e+00
4.659063577651977539e+00
4.597328662872314453e+00
5.009938955307006836e+00
4.618649005889892578e+00
1.324820041656494141e+01
4.617307424545288086e+00
4.867892026901245117e+00
5.246204614639282227e+00
4.558437824249267578e+00
4.946488380432128906e+00
4.492389440536499023e+00
4.603179931640625000e+00
1.198210430145263672e+01
1.217882728576660156e+01
1.267427611351013184e+01
1.174217462539672852e+01
1.783718585968017578e+01
4.773558855056762695e+00
4.894276380538940430e+00
4.957491874694824219e+00
4.714965581893920898e+00
4.925962448120117188e+00
4.833403825759887695e+00
4.794778823852539062e+00
4.785315036773681641e+00
4.689100980758666992e+00
4.893744707107543945e+00
2.535929298400878906e+01
4.991293191909790039e+00
