2.831239402294158936e-01
2.078740298748016357e-02
1.119026076048612595e-02
6.924679037183523178e-03
1.422292180359363556e-02
3.811947302892804146e-03
1.104842871427536011e-03
3.635649773059412837e-05
1.227201937581412494e-05
7.876659765315707773e-06
5.853096809005364776e-06
4.668943347496679053e-06
3.770460352825466543e-06
3.168900548189412802e-06
2.459650431774207391e-06
2.079707655866513960e-06
1.678297394391847774e-06
1.451658022233459633e-06
1.202826524604461156e-06
9.901150406221859157e-07
8.365903454432555009e-07
7.130433914426248521e-07
6.210970013853511773e-07
5.516467922461743001e-07
4.908471282760729082e-07
4.412280816268321360e-07
3.995014026259013917e-07
3.614341039792634547e-07
3.286119181211688556e-07
3.012709726135653909e-07
2.778767793643055484e-07
2.581256524081254611e-07
2.410900492577638943e-07
2.261458433849838912e-07
2.130231990804531961e-07
2.014017468354722951e-07
1.910283629058540100e-07
1.817682004912057891e-07
1.734357368832206703e-07
1.658285384564806009e-07
1.589297511372933513e-07
1.526550619246336282e-07
1.469875599013903411e-07
1.416911743490345543e-07
1.368670439205743605e-07
1.324646063949330710e-07
1.283489012848804123e-07
1.245199285904163844e-07
1.209777025223957025e-07
1.177222372916730819e-07
