1.305844616889953613e+01
1.327160120010375977e+01
1.961546063423156738e+01
1.385792064666748047e+01
2.046257114410400391e+01
3.315597510337829590e+01
2.126858735084533691e+01
3.130040335655212402e+01
1.302575945854187012e+01
1.892058348655700684e+01
2.012791323661804199e+01
2.048992180824279785e+01
1.392969107627868652e+01
1.977974605560302734e+01
2.045836901664733887e+01
1.284756159782409668e+01
4.875434064865112305e+01
4.508538198471069336e+01
8.189977121353149414e+01
1.403593158721923828e+01
4.813220119476318359e+01
1.378200960159301758e+01
1.885099148750305176e+01
1.341675972938537598e+01
2.011802506446838379e+01
3.236615157127380371e+01
2.132605743408203125e+01
1.346427965164184570e+01
2.039201545715332031e+01
1.389737319946289062e+01
2.038539314270019531e+01
1.405058431625366211e+01
1.932344293594360352e+01
1.424171161651611328e+01
1.967121434211730957e+01
1.986653470993041992e+01
2.074004864692687988e+01
3.464808559417724609e+01
2.579624986648559570e+01
3.198331212997436523e+01
2.227740979194641113e+01
1.391866540908813477e+01
2.018118882179260254e+01
3.281021380424499512e+01
2.165689754486083984e+01
1.372903609275817871e+01
1.935561680793762207e+01
1.282890129089355469e+01
2.023634409904479980e+01
3.292649865150451660e+01
