7.537513971328735352e-02
1.237006485462188721e-02
5.288183223456144333e-03
8.749661035835742950e-03
2.188309654593467712e-02
3.439109027385711670e-02
5.148222204297780991e-03
7.678367546759545803e-04
5.970114143565297127e-04
5.467949667945504189e-04
2.324990928173065186e-04
1.148703816511442710e-07
1.249995023044903064e-07
1.260779214362628409e-07
1.233137680856088991e-07
1.184259588171698852e-07
1.129144351352806552e-07
1.074701856396131916e-07
1.020594808665009623e-07
9.718802829183914582e-08
9.241759357792034280e-08
8.795041850362395053e-08
8.378661675578769064e-08
8.001045159744535340e-08
7.653762423842636053e-08
7.321647643721007626e-08
7.018186209961640998e-08
6.728208035156058031e-08
6.461827695147803752e-08
6.215675796283903765e-08
5.979636341635341523e-08
5.763826393945237214e-08
5.559815008382429369e-08
5.365918198663166550e-08
5.185507845339998312e-08
5.015212067860375100e-08
4.851659340943115239e-08
4.703279898876644438e-08
4.559957389460578270e-08
4.420007115868429537e-08
4.293544719757846906e-08
4.163708666737875319e-08
4.042302492734961561e-08
3.925954672467923956e-08
3.818037086489312060e-08
3.713491025791881839e-08
3.614002608287592011e-08
3.524632319340526010e-08
3.436947082491315086e-08
3.350947253011327120e-08
