5.683674812316894531e-01
5.784261226654052734e-01
5.806758403778076172e-01
5.688052177429199219e-01
5.654835700988769531e-01
5.689194202423095703e-01
5.743379592895507812e-01
5.682845115661621094e-01
5.687036514282226562e-01
5.631699562072753906e-01
5.653820037841796875e-01
5.661358833312988281e-01
5.657320022583007812e-01
5.602700710296630859e-01
5.624670982360839844e-01
5.630526542663574219e-01
5.663564205169677734e-01
5.610017776489257812e-01
5.622251033782958984e-01
5.674493312835693359e-01
5.718533992767333984e-01
5.722455978393554688e-01
5.795927047729492188e-01
5.758161544799804688e-01
5.723419189453125000e-01
5.728046894073486328e-01
5.741052627563476562e-01
5.665709972381591797e-01
5.635161399841308594e-01
5.661613941192626953e-01
5.663204193115234375e-01
5.616729259490966797e-01
5.598506927490234375e-01
5.629651546478271484e-01
5.607526302337646484e-01
5.609099864959716797e-01
5.671880245208740234e-01
5.671257972717285156e-01
5.632688999176025391e-01
5.686039924621582031e-01
5.657124519348144531e-01
5.651257038116455078e-01
5.607490539550781250e-01
5.628399848937988281e-01
5.637316703796386719e-01
5.589749813079833984e-01
5.604891777038574219e-01
5.597989559173583984e-01
5.619397163391113281e-01
5.618190765380859375e-01
