2.399349391460418701e+02
2.610925579071044922e+02
2.710840528011322021e+02
3.218622245788574219e+02
2.499251248836517334e+02
3.218546180725097656e+02
2.618732464313507080e+02
2.618579022884368896e+02
3.218634500503540039e+02
2.400881814956665039e+02
2.618671424388885498e+02
3.218593199253082275e+02
2.472509427070617676e+02
3.218463022708892822e+02
2.618919594287872314e+02
2.763643441200256348e+02
2.618903372287750244e+02
2.733654849529266357e+02
2.855160057544708252e+02
2.826943125724792480e+02
2.781127989292144775e+02
2.816565902233123779e+02
2.957171561717987061e+02
2.715222406387329102e+02
2.617572422027587891e+02
2.978343968391418457e+02
2.704277775287628174e+02
3.218782036304473877e+02
2.378897516727447510e+02
2.686434988975524902e+02
2.921772420406341553e+02
2.945695545673370361e+02
2.904810509681701660e+02
2.933470523357391357e+02
3.218694603443145752e+02
2.404653894901275635e+02
2.522206425666809082e+02
2.718375871181488037e+02
2.841107795238494873e+02
3.218757176399230957e+02
2.383296492099761963e+02
2.774198515415191650e+02
3.218639426231384277e+02
2.395555436611175537e+02
3.218666946887969971e+02
2.412756605148315430e+02
2.692076389789581299e+02
3.218682680130004883e+02
2.457418863773345947e+02
2.690130360126495361e+02
2.509106001853942871e+02
2.528402581214904785e+02
2.619281594753265381e+02
2.776098058223724365e+02
3.218797812461853027e+02
2.398970694541931152e+02
3.218658208847045898e+02
2.589688858985900879e+02
2.858841798305511475e+02
3.218455700874328613e+02
2.618852643966674805e+02
2.768389830589294434e+02
2.719346833229064941e+02
3.218728146553039551e+02
2.388244140148162842e+02
2.835877506732940674e+02
2.797858302593231201e+02
3.218596153259277344e+02
2.618719983100891113e+02
2.610980405807495117e+02
2.788088734149932861e+02
2.803604009151458740e+02
3.218655366897583008e+02
2.377647004127502441e+02
2.818126177787780762e+02
3.218635897636413574e+02
2.618748819828033447e+02
2.570894873142242432e+02
2.860389401912689209e+02
3.218455531597137451e+02
2.387297616004943848e+02
3.218663828372955322e+02
2.383182153701782227e+02
3.218672797679901123e+02
2.394695544242858887e+02
3.218360030651092529e+02
2.568830637931823730e+02
2.931217706203460693e+02
3.218468284606933594e+02
2.618859157562255859e+02
2.618688173294067383e+02
2.824619383811950684e+02
2.679236388206481934e+02
2.727670810222625732e+02
3.218659534454345703e+02
2.397402703762054443e+02
2.899755382537841797e+02
2.815026607513427734e+02
2.776921329498291016e+02
2.818467142581939697e+02
