1.444462418556213379e+01
1.471364474296569824e+01
2.001835155487060547e+01
1.467795419692993164e+01
1.474501347541809082e+01
2.002773022651672363e+01
1.460566496849060059e+01
1.464980149269104004e+01
1.462882351875305176e+01
1.465916323661804199e+01
1.466745233535766602e+01
1.450893974304199219e+01
1.471594047546386719e+01
1.460836195945739746e+01
2.045945405960083008e+01
1.444383168220520020e+01
1.471345305442810059e+01
1.467738604545593262e+01
1.461829090118408203e+01
1.463865184783935547e+01
1.462957978248596191e+01
2.011987781524658203e+01
1.446046209335327148e+01
1.461007618904113770e+01
1.456041574478149414e+01
1.459659576416015625e+01
1.464556765556335449e+01
1.463113331794738770e+01
1.460469412803649902e+01
2.045992422103881836e+01
2.045879912376403809e+01
1.441226363182067871e+01
2.045889925956726074e+01
1.438247823715209961e+01
1.461286234855651855e+01
2.045898628234863281e+01
1.437008976936340332e+01
1.486796092987060547e+01
1.475421953201293945e+01
2.001420998573303223e+01
1.473565673828125000e+01
1.467788147926330566e+01
1.445454859733581543e+01
1.465801763534545898e+01
1.466659688949584961e+01
1.462360239028930664e+01
2.014081168174743652e+01
1.464232325553894043e+01
1.465601253509521484e+01
2.010195827484130859e+01
