1.444871997833251953e+01
1.470090484619140625e+01
1.995549154281616211e+01
1.464778447151184082e+01
2.045905685424804688e+01
1.440101122856140137e+01
1.459789586067199707e+01
1.464879250526428223e+01
1.460430502891540527e+01
1.465468120574951172e+01
1.467528080940246582e+01
1.452354216575622559e+01
1.469173264503479004e+01
1.460450148582458496e+01
1.468516683578491211e+01
2.006874465942382812e+01
1.439419460296630859e+01
1.465857839584350586e+01
1.460980010032653809e+01
1.462583565711975098e+01
1.462526893615722656e+01
2.005413341522216797e+01
1.475272893905639648e+01
1.460861444473266602e+01
1.457799029350280762e+01
1.458484506607055664e+01
1.463255381584167480e+01
1.463433504104614258e+01
1.459326004981994629e+01
1.461702036857604980e+01
2.009294486045837402e+01
2.030890870094299316e+01
1.458071470260620117e+01
2.012698650360107422e+01
1.460217809677124023e+01
2.045969176292419434e+01
1.436810278892517090e+01
1.485200285911560059e+01
1.443329882621765137e+01
1.993225359916687012e+01
1.473165726661682129e+01
1.467936682701110840e+01
1.445141959190368652e+01
1.467628979682922363e+01
1.467118811607360840e+01
1.463220047950744629e+01
2.009607672691345215e+01
1.465718150138854980e+01
1.467442226409912109e+01
2.003783416748046875e+01
