1.502565741539001465e-01
1.667215116322040558e-02
1.007772423326969147e-02
6.359040271490812302e-03
3.467425238341093063e-03
1.784837571904063225e-03
9.192945435643196106e-04
4.771003150381147861e-04
3.402286965865641832e-04
2.681999176274985075e-04
2.164698234992101789e-04
1.789903471944853663e-04
1.495922042522579432e-04
1.263313752133399248e-04
1.078640052583068609e-04
9.253729513147845864e-05
8.065492147579789162e-05
7.009992259554564953e-05
6.202017539180815220e-05
5.499372855410911143e-05
4.890086711384356022e-05
4.375601201900281012e-05
3.916023706551641226e-05
3.521125472616404295e-05
3.179071063641458750e-05
2.884990317397750914e-05
2.635588680277578533e-05
2.406766361673362553e-05
2.208900150435511023e-05
2.026136462518479675e-05
