5.103635787963867188e-02
5.093598365783691406e-02
5.762028694152832031e-02
5.076837539672851562e-02
5.077910423278808594e-02
5.112791061401367188e-02
5.104470252990722656e-02
5.142760276794433594e-02
5.141162872314453125e-02
5.146646499633789062e-02
5.157423019409179688e-02
5.144166946411132812e-02
5.162072181701660156e-02
5.190825462341308594e-02
5.725240707397460938e-02
5.229902267456054688e-02
5.378174781799316406e-02
5.204248428344726562e-02
5.232644081115722656e-02
5.200767517089843750e-02
5.205392837524414062e-02
5.267715454101562500e-02
5.233407020568847656e-02
5.303740501403808594e-02
5.292367935180664062e-02
5.292224884033203125e-02
5.293107032775878906e-02
5.292320251464843750e-02
5.298113822937011719e-02
5.272173881530761719e-02
