4.851851984858512878e-02
1.029151678085327148e-02
5.885063670575618744e-03
4.033943172544240952e-03
7.886096835136413574e-03
3.819461679086089134e-03
2.392043592408299446e-03
1.945456489920616150e-03
1.263268786715343595e-04
4.603876004694029689e-05
2.566801049397327006e-05
1.626673838472925127e-05
1.082496419257950038e-05
7.796027603035327047e-06
6.432833288272377104e-06
4.916316811431897804e-06
3.915657543984707445e-06
3.368201987541397102e-06
2.629174332469119690e-06
2.035477564277243800e-06
1.908737658595782705e-06
1.499886025158048142e-06
1.367535560348187573e-06
1.065450078385765664e-06
9.470363124819414224e-07
8.166649081431387458e-07
6.970629442548670340e-07
5.721315687878814060e-07
5.098722226648533251e-07
4.654966119232994970e-07
4.589282411870954093e-07
4.294487041534011951e-07
4.004768072718434269e-07
3.881708607877953909e-07
3.943625301872089040e-07
4.099007639979390660e-07
4.089510809990315465e-07
4.027120894534164108e-07
3.914211958999658236e-07
3.794394274336809758e-07
3.687716230160731357e-07
3.586772265862236964e-07
3.459039135123020969e-07
3.330123092837311560e-07
3.205590815014147665e-07
3.108518455974262906e-07
3.018861320924770553e-07
2.947567736555356532e-07
2.847122289040271426e-07
2.772793550320784561e-07
