9.440334141254425049e-02
1.715985834598541260e-01
3.764876127243041992e-01
1.543904840946197510e-01
3.060469627380371094e-01
3.641042113304138184e-01
3.013830780982971191e-01
2.257960736751556396e-01
2.182373702526092529e-01
2.348021864891052246e-01
2.743647396564483643e-01
2.803152203559875488e-01
3.181087076663970947e-01
2.711482644081115723e-01
1.571244746446609497e-01
2.996140122413635254e-01
2.294950187206268311e-01
1.799613982439041138e-01
2.135735005140304565e-01
1.736892908811569214e-01
2.309424281120300293e-01
3.806690275669097900e-01
3.473785817623138428e-01
3.927307724952697754e-01
3.998070061206817627e-01
3.941781818866729736e-01
3.745577335357666016e-01
2.643936872482299805e-01
2.251527756452560425e-01
2.492762953042984009e-01
2.801543772220611572e-01
3.528465628623962402e-01
3.953039646148681641e-01
4.004503190517425537e-01
3.973946571350097656e-01
4.010936021804809570e-01
3.951431214809417725e-01
3.973946571350097656e-01
3.887102007865905762e-01
3.850112557411193848e-01
3.752010166645050049e-01
3.819556236267089844e-01
3.729495108127593994e-01
3.608877360820770264e-01
3.576712906360626221e-01
3.444837629795074463e-01
3.391765952110290527e-01
3.337085843086242676e-01
3.306529521942138672e-01
3.216468393802642822e-01
3.145706057548522949e-01
3.110324740409851074e-01
3.050820231437683105e-01
3.025088310241699219e-01
2.967191934585571289e-01
2.901254296302795410e-01
2.880347371101379395e-01
2.857832014560699463e-01
2.798327505588531494e-01
2.820842862129211426e-01
2.754905223846435547e-01
2.721132338047027588e-01
2.674493491649627686e-01
2.666452229022979736e-01
2.637504041194915771e-01
2.610163986682891846e-01
2.632679343223571777e-01
2.660019397735595703e-01
2.590865194797515869e-01
2.587648630142211914e-01
2.547442913055419922e-01
2.553875744342803955e-01
2.541010081768035889e-01
2.531360685825347900e-01
2.550659477710723877e-01
2.541010081768035889e-01
2.505628764629364014e-01
2.516886591911315918e-01
2.499195933341979980e-01
2.518494725227355957e-01
2.481505274772644043e-01
2.523319423198699951e-01
2.513670027256011963e-01
2.489546537399291992e-01
2.483113557100296021e-01
2.497587651014328003e-01
2.531360685825347900e-01
2.492762953042984009e-01
2.494371235370635986e-01
2.495979368686676025e-01
2.478288859128952026e-01
2.438082993030548096e-01
2.465422898530960083e-01
2.483113557100296021e-01
2.431650012731552124e-01
2.478288859128952026e-01
2.473464161157608032e-01
2.475072443485260010e-01
2.458990067243576050e-01
2.470247596502304077e-01
