5.773901939392089844e-02
5.590248107910156250e-02
5.625414848327636719e-02
5.645990371704101562e-02
5.650520324707031250e-02
5.611944198608398438e-02
5.561423301696777344e-02
5.553841590881347656e-02
5.526351928710937500e-02
5.601859092712402344e-02
5.544281005859375000e-02
5.561161041259765625e-02
5.548119544982910156e-02
5.610513687133789062e-02
5.642604827880859375e-02
5.653142929077148438e-02
5.633974075317382812e-02
5.664277076721191406e-02
5.650687217712402344e-02
5.627417564392089844e-02
5.648279190063476562e-02
5.652999877929687500e-02
5.605864524841308594e-02
5.646419525146484375e-02
5.703783035278320312e-02
5.943417549133300781e-02
5.791878700256347656e-02
5.654931068420410156e-02
5.627346038818359375e-02
5.649662017822265625e-02
