2.193706274032592773e+00
2.199366331100463867e+00
2.195670127868652344e+00
2.185233592987060547e+00
2.187985897064208984e+00
2.181329011917114258e+00
2.206615686416625977e+00
2.206273794174194336e+00
2.197874546051025391e+00
2.192588329315185547e+00
2.188114166259765625e+00
2.194236755371093750e+00
2.191353797912597656e+00
2.187944889068603516e+00
2.203992605209350586e+00
2.216191530227661133e+00
2.197242498397827148e+00
2.199566602706909180e+00
2.209045886993408203e+00
2.207993745803833008e+00
2.211323738098144531e+00
2.200421094894409180e+00
2.198135375976562500e+00
2.194359064102172852e+00
2.187566995620727539e+00
2.196468114852905273e+00
2.197814702987670898e+00
2.206140756607055664e+00
2.192408561706542969e+00
2.192684650421142578e+00
2.187921285629272461e+00
2.194101572036743164e+00
2.198026180267333984e+00
2.197512626647949219e+00
2.199173212051391602e+00
2.195300579071044922e+00
2.190628528594970703e+00
2.194756269454956055e+00
2.193962335586547852e+00
2.199494123458862305e+00
2.197389364242553711e+00
2.186692953109741211e+00
2.187135934829711914e+00
2.190064430236816406e+00
2.196579933166503906e+00
2.198358774185180664e+00
2.194267272949218750e+00
2.199316978454589844e+00
2.196763277053833008e+00
2.200710535049438477e+00
