1.212512922286987305e+01
1.499240207672119141e+01
1.197948336601257324e+01
1.520783472061157227e+01
1.524595165252685547e+01
1.522798299789428711e+01
1.204040193557739258e+01
1.543747043609619141e+01
1.493732261657714844e+01
1.205375909805297852e+01
1.523868703842163086e+01
1.527309274673461914e+01
1.204764366149902344e+01
1.202944159507751465e+01
1.202856469154357910e+01
1.201834821701049805e+01
1.523739767074584961e+01
1.221834373474121094e+01
1.491233658790588379e+01
1.247776079177856445e+01
1.200866317749023438e+01
1.196903300285339355e+01
1.200510907173156738e+01
1.196377921104431152e+01
1.204856538772583008e+01
1.495226120948791504e+01
1.209685182571411133e+01
1.200222253799438477e+01
1.198089861869812012e+01
1.547363376617431641e+01
1.196880960464477539e+01
1.205361533164978027e+01
1.201629400253295898e+01
1.202724742889404297e+01
1.205095267295837402e+01
1.196524977684020996e+01
1.198720479011535645e+01
1.206735873222351074e+01
1.226456451416015625e+01
1.205786561965942383e+01
1.205806875228881836e+01
1.203421974182128906e+01
1.194771504402160645e+01
1.194504117965698242e+01
1.201430130004882812e+01
1.207407760620117188e+01
1.201950812339782715e+01
1.205297327041625977e+01
1.202053594589233398e+01
1.559591269493103027e+01
