5.234575271606445312e-02
5.210208892822265625e-02
5.188703536987304688e-02
5.224394798278808594e-02
5.160379409790039062e-02
5.131721496582031250e-02
5.158877372741699219e-02
5.099916458129882812e-02
5.098295211791992188e-02
5.076408386230468750e-02
5.072402954101562500e-02
5.092144012451171875e-02
5.100727081298828125e-02
5.095887184143066406e-02
5.045819282531738281e-02
5.219888687133789062e-02
5.100679397583007812e-02
5.099081993103027344e-02
5.089569091796875000e-02
5.104994773864746094e-02
5.070781707763671875e-02
5.072498321533203125e-02
5.413675308227539062e-02
5.066037178039550781e-02
5.185675621032714844e-02
5.189371109008789062e-02
5.097508430480957031e-02
5.110144615173339844e-02
5.463147163391113281e-02
5.056619644165039062e-02
