5.262589454650878906e-02
5.417394638061523438e-02
5.309128761291503906e-02
5.347537994384765625e-02
5.636501312255859375e-02
5.346322059631347656e-02
5.334138870239257812e-02
5.322456359863281250e-02
5.353879928588867188e-02
5.309462547302246094e-02
5.322575569152832031e-02
5.325174331665039062e-02
5.288600921630859375e-02
5.463933944702148438e-02
5.306935310363769531e-02
5.249118804931640625e-02
5.263566970825195312e-02
5.269908905029296875e-02
5.291318893432617188e-02
5.267930030822753906e-02
5.303239822387695312e-02
7.091474533081054688e-02
5.289626121520996094e-02
5.253291130065917969e-02
5.294227600097656250e-02
5.304241180419921875e-02
5.299663543701171875e-02
5.286169052124023438e-02
5.259156227111816406e-02
5.266523361206054688e-02
