5.169391632080078125e-02
5.343627929687500000e-02
5.233955383300781250e-02
5.274510383605957031e-02
5.558991432189941406e-02
5.250597000122070312e-02
5.241417884826660156e-02
5.234146118164062500e-02
5.258798599243164062e-02
5.218410491943359375e-02
5.223035812377929688e-02
5.228424072265625000e-02
5.203175544738769531e-02
5.370926856994628906e-02
5.213522911071777344e-02
5.144262313842773438e-02
5.166363716125488281e-02
5.172181129455566406e-02
5.766081809997558594e-02
5.166816711425781250e-02
5.202078819274902344e-02
6.872749328613281250e-02
5.194592475891113281e-02
5.153656005859375000e-02
5.203104019165039062e-02
5.207753181457519531e-02
5.196952819824218750e-02
5.178809165954589844e-02
5.147719383239746094e-02
5.161547660827636719e-02
