1.622246026992797852e+01
1.599411845207214355e+01
1.575539541244506836e+01
1.791627168655395508e+01
1.573157763481140137e+01
1.575033068656921387e+01
1.581442975997924805e+01
1.562424659729003906e+01
1.579789042472839355e+01
1.584072875976562500e+01
1.588094425201416016e+01
1.554003453254699707e+01
1.564689254760742188e+01
1.577269482612609863e+01
1.572215557098388672e+01
1.585690259933471680e+01
1.768804383277893066e+01
1.587783741950988770e+01
1.713492107391357422e+01
1.576079845428466797e+01
1.567028331756591797e+01
1.581789183616638184e+01
1.567182636260986328e+01
1.591268253326416016e+01
1.566688561439514160e+01
1.584043121337890625e+01
1.576482248306274414e+01
1.583598113059997559e+01
1.581594085693359375e+01
1.584770750999450684e+01
1.563891410827636719e+01
1.590184402465820312e+01
1.560095429420471191e+01
1.561135649681091309e+01
1.565358853340148926e+01
1.568115520477294922e+01
1.567031073570251465e+01
1.571946120262145996e+01
1.580456256866455078e+01
1.568859958648681641e+01
1.580442810058593750e+01
1.586439371109008789e+01
1.575285959243774414e+01
1.579731082916259766e+01
1.563043951988220215e+01
1.566629934310913086e+01
1.561922430992126465e+01
1.584399461746215820e+01
1.568585133552551270e+01
1.541999506950378418e+01
1.564239430427551270e+01
1.575433754920959473e+01
1.812910676002502441e+01
1.571730470657348633e+01
1.561703944206237793e+01
1.576610565185546875e+01
1.581350255012512207e+01
1.567992138862609863e+01
1.587866592407226562e+01
1.578699207305908203e+01
1.570787596702575684e+01
1.573548173904418945e+01
1.905863165855407715e+01
1.548114919662475586e+01
1.559696793556213379e+01
1.583982729911804199e+01
1.563501691818237305e+01
1.581050062179565430e+01
1.570210552215576172e+01
1.584614396095275879e+01
1.575097727775573730e+01
1.572221875190734863e+01
1.572786235809326172e+01
1.588525915145874023e+01
1.570008730888366699e+01
1.577858638763427734e+01
1.566238498687744141e+01
1.562102246284484863e+01
1.583309960365295410e+01
1.566246938705444336e+01
1.586697983741760254e+01
1.581660628318786621e+01
1.575448751449584961e+01
1.578151726722717285e+01
1.582343029975891113e+01
1.579545164108276367e+01
1.573359322547912598e+01
1.584468531608581543e+01
1.571551656723022461e+01
1.578707289695739746e+01
1.602457356452941895e+01
1.592723536491394043e+01
1.572707796096801758e+01
1.571725916862487793e+01
1.551586222648620605e+01
1.575674605369567871e+01
1.581400799751281738e+01
1.577948355674743652e+01
1.594543981552124023e+01
1.581843757629394531e+01
