2.246194601058959961e+00
1.883087754249572754e+00
1.759095788002014160e+00
1.696685910224914551e+00
1.530388951301574707e+00
1.515488266944885254e+00
1.445190668106079102e+00
1.357786536216735840e+00
1.352136969566345215e+00
1.333348631858825684e+00
1.285145044326782227e+00
1.276180386543273926e+00
1.217155933380126953e+00
1.199804425239562988e+00
1.188520073890686035e+00
1.151346325874328613e+00
1.218940019607543945e+00
1.076455116271972656e+00
1.098396658897399902e+00
1.059386491775512695e+00
1.010617017745971680e+00
1.040694475173950195e+00
1.028798460960388184e+00
1.168628692626953125e+00
1.080077886581420898e+00
1.040713310241699219e+00
1.009223699569702148e+00
9.587292671203613281e-01
8.978183269500732422e-01
9.352094531059265137e-01
9.012020826339721680e-01
8.514849543571472168e-01
8.229472637176513672e-01
8.257730603218078613e-01
7.686592340469360352e-01
7.271078228950500488e-01
6.850441694259643555e-01
6.890103220939636230e-01
6.634125709533691406e-01
6.556569337844848633e-01
6.625216007232666016e-01
7.606841921806335449e-01
1.062924504280090332e+00
9.149630665779113770e-01
8.069757223129272461e-01
7.297465205192565918e-01
6.608489751815795898e-01
6.357437372207641602e-01
6.466428637504577637e-01
5.705794095993041992e-01
5.297389030456542969e-01
4.894964694976806641e-01
4.697350859642028809e-01
4.478456079959869385e-01
4.049673974514007568e-01
3.778104186058044434e-01
3.507732152938842773e-01
3.107981383800506592e-01
2.949897944927215576e-01
2.983409166336059570e-01
3.258216977119445801e-01
2.702124416828155518e-01
2.575005888938903809e-01
2.070044428110122681e-01
1.663274168968200684e-01
1.721847504377365112e-01
1.680345088243484497e-01
1.397534161806106567e-01
9.891888499259948730e-02
7.698065787553787231e-02
6.867065280675888062e-02
7.929050922393798828e-02
1.324922293424606323e-01
4.951251447200775146e-01
8.524652123451232910e-01
6.009120941162109375e-01
4.861885011196136475e-01
4.000883400440216064e-01
3.689633309841156006e-01
2.513012588024139404e-01
2.507388293743133545e-01
1.907382905483245850e-01
1.606353223323822021e-01
1.630660742521286011e-01
1.334481537342071533e-01
1.048295721411705017e-01
7.262051105499267578e-02
7.281408458948135376e-02
5.648351460695266724e-02
6.511542201042175293e-02
3.519716486334800720e-02
2.282422967255115509e-02
2.295442111790180206e-02
1.652268134057521820e-02
4.069706052541732788e-02
4.571635723114013672e-01
4.669246673583984375e-01
2.722240984439849854e-01
1.693382710218429565e-01
2.673957943916320801e-01
