2.271696798801422119e+02
3.218707456588745117e+02
2.618719863891601562e+02
2.618961164951324463e+02
3.218788523674011230e+02
2.661489439010620117e+02
2.864242491722106934e+02
2.827569096088409424e+02
2.874481379985809326e+02
3.218750216960906982e+02
2.516628699302673340e+02
2.674993665218353271e+02
3.006020650863647461e+02
2.821011397838592529e+02
2.888377029895782471e+02
2.907763960361480713e+02
3.218720934391021729e+02
2.505666043758392334e+02
2.792617201805114746e+02
2.933405616283416748e+02
2.784154498577117920e+02
2.946720812320709229e+02
2.943058683872222900e+02
2.907261583805084229e+02
2.790816349983215332e+02
3.218781986236572266e+02
2.676059088706970215e+02
2.734945609569549561e+02
2.995623028278350830e+02
2.676041772365570068e+02
2.812890036106109619e+02
2.934622733592987061e+02
2.767480413913726807e+02
3.219081671237945557e+02
2.701369662284851074e+02
3.000477666854858398e+02
3.218641860485076904e+02
2.432609136104583740e+02
2.978410606384277344e+02
2.749727311134338379e+02
2.939379656314849854e+02
2.813492588996887207e+02
2.664821174144744873e+02
2.814164843559265137e+02
2.906220402717590332e+02
2.833414099216461182e+02
2.822850384712219238e+02
2.901637156009674072e+02
2.998127083778381348e+02
2.723871815204620361e+02
2.767869694232940674e+02
3.218991961479187012e+02
2.498201971054077148e+02
2.712539474964141846e+02
2.999099409580230713e+02
2.913321926593780518e+02
2.774489769935607910e+02
2.943237428665161133e+02
3.218917849063873291e+02
2.551087942123413086e+02
3.218772833347320557e+02
2.485012938976287842e+02
3.218760976791381836e+02
2.372600059509277344e+02
3.028590524196624756e+02
3.218670332431793213e+02
2.468636810779571533e+02
3.218660800457000732e+02
2.618874056339263916e+02
2.684650225639343262e+02
3.218684463500976562e+02
2.618597090244293213e+02
2.628901393413543701e+02
3.218675439357757568e+02
2.716993918418884277e+02
2.754962201118469238e+02
3.218605046272277832e+02
2.526996574401855469e+02
2.914523909091949463e+02
2.979705984592437744e+02
2.902290232181549072e+02
3.218679094314575195e+02
2.486567587852478027e+02
3.027752614021301270e+02
2.684330918788909912e+02
3.016199262142181396e+02
2.696725678443908691e+02
3.218720335960388184e+02
2.528310332298278809e+02
3.218475091457366943e+02
2.726888811588287354e+02
2.768531942367553711e+02
2.926428263187408447e+02
2.794154543876647949e+02
3.218769845962524414e+02
2.453828823566436768e+02
3.218633167743682861e+02
2.608128523826599121e+02
2.891926696300506592e+02
2.828419308662414551e+02
