2.318100297451019287e+02
2.325107593536376953e+02
2.597038412094116211e+02
2.291310524940490723e+02
2.264242033958435059e+02
2.310436418056488037e+02
2.631898689270019531e+02
2.471256611347198486e+02
2.319575774669647217e+02
2.726634325981140137e+02
2.540634479522705078e+02
2.307492771148681641e+02
2.311277458667755127e+02
2.793059008121490479e+02
2.311564390659332275e+02
2.646430921554565430e+02
2.521853981018066406e+02
2.266280274391174316e+02
2.279832186698913574e+02
2.653155887126922607e+02
2.316418039798736572e+02
2.278712317943572998e+02
2.302482998371124268e+02
2.280360953807830811e+02
2.239314126968383789e+02
2.314919545650482178e+02
2.319756631851196289e+02
2.834530324935913086e+02
2.328381226062774658e+02
2.284696047306060791e+02
2.300276410579681396e+02
2.316098899841308594e+02
2.799234473705291748e+02
2.521400074958801270e+02
2.820963687896728516e+02
2.305758597850799561e+02
2.795779592990875244e+02
2.308855226039886475e+02
2.633693308830261230e+02
2.303092041015625000e+02
2.643027358055114746e+02
2.285468935966491699e+02
2.310497100353240967e+02
2.751191842555999756e+02
2.293404016494750977e+02
2.278234093189239502e+02
2.759646770954132080e+02
2.296633527278900146e+02
2.551683826446533203e+02
2.309468600749969482e+02
2.294579653739929199e+02
2.323050258159637451e+02
2.302929542064666748e+02
2.841028444766998291e+02
2.274675228595733643e+02
2.637323672771453857e+02
2.279604270458221436e+02
2.241387586593627930e+02
2.270167500972747803e+02
2.805343496799468994e+02
2.512679059505462646e+02
2.406440601348876953e+02
2.288371357917785645e+02
2.300773627758026123e+02
2.278221468925476074e+02
2.306970622539520264e+02
2.322500848770141602e+02
2.304022188186645508e+02
2.831525526046752930e+02
2.514886419773101807e+02
2.286500945091247559e+02
2.305023794174194336e+02
2.306119933128356934e+02
2.615714185237884521e+02
2.284597618579864502e+02
2.828873674869537354e+02
2.281725172996520996e+02
2.742927546501159668e+02
2.283146474361419678e+02
2.532902324199676514e+02
2.865140159130096436e+02
2.263209345340728760e+02
2.298540594577789307e+02
2.550921535491943359e+02
2.289304981231689453e+02
2.529421343803405762e+02
2.285481543540954590e+02
2.549186096191406250e+02
2.279496109485626221e+02
2.588199000358581543e+02
2.329819610118865967e+02
2.331859991550445557e+02
2.322409412860870361e+02
2.771300997734069824e+02
2.306768825054168701e+02
2.307309834957122803e+02
2.283983993530273438e+02
2.298612258434295654e+02
2.662230753898620605e+02
2.308203876018524170e+02
