8.575029850006103516e+00
8.349354505538940430e+00
8.336498975753784180e+00
8.346808195114135742e+00
8.386134386062622070e+00
8.378051757812500000e+00
8.379339933395385742e+00
8.376740217208862305e+00
8.350898504257202148e+00
8.366841316223144531e+00
8.380706548690795898e+00
8.351539373397827148e+00
8.391060829162597656e+00
8.382971525192260742e+00
8.408998966217041016e+00
8.410399436950683594e+00
8.400678873062133789e+00
8.388501405715942383e+00
8.427403211593627930e+00
8.437777757644653320e+00
8.401717424392700195e+00
8.433532476425170898e+00
8.437031269073486328e+00
8.420727968215942383e+00
8.440863132476806641e+00
8.415172338485717773e+00
8.435030460357666016e+00
8.438572168350219727e+00
8.430705547332763672e+00
8.430196285247802734e+00
8.440863132476806641e+00
8.428500652313232422e+00
8.429649591445922852e+00
8.438474416732788086e+00
8.429013013839721680e+00
8.443083047866821289e+00
8.442707538604736328e+00
8.447543382644653320e+00
8.455800294876098633e+00
8.442409992218017578e+00
8.447117567062377930e+00
8.432453155517578125e+00
8.465863227844238281e+00
8.442131042480468750e+00
8.435155868530273438e+00
8.441583395004272461e+00
8.425363063812255859e+00
8.434173345565795898e+00
8.460016489028930664e+00
8.434935092926025391e+00
