8.646335601806640625e-01
7.946732044219970703e-01
6.490192413330078125e-01
8.980228900909423828e-01
8.427622318267822266e-01
7.707481384277343750e-01
4.824078083038330078e-01
6.272413730621337891e-01
7.862951755523681641e-01
8.418917655944824219e-01
7.925324440002441406e-01
7.031331062316894531e-01
5.938897132873535156e-01
5.853679180145263672e-01
6.105940341949462891e-01
8.186943531036376953e-01
7.508561611175537109e-01
6.716189384460449219e-01
5.542767047882080078e-01
8.285956382751464844e-01
6.916918754577636719e-01
6.961548328399658203e-01
8.295180797576904297e-01
6.255981922149658203e-01
5.277647972106933594e-01
7.280514240264892578e-01
7.740995883941650391e-01
7.224707603454589844e-01
7.179138660430908203e-01
8.333625793457031250e-01
5.847806930541992188e-01
9.334635734558105469e-01
7.519035339355468750e-01
6.609799861907958984e-01
5.328350067138671875e-01
6.780335903167724609e-01
7.955811023712158203e-01
8.279247283935546875e-01
5.599241256713867188e-01
7.079434394836425781e-01
6.834268569946289062e-01
7.795078754425048828e-01
8.702108860015869141e-01
6.468455791473388672e-01
7.056040763854980469e-01
7.022027969360351562e-01
6.575927734375000000e-01
8.917517662048339844e-01
8.509604930877685547e-01
7.340533733367919922e-01
