2.048865938186645508e+01
1.396521711349487305e+01
2.045854091644287109e+01
1.282897663116455078e+01
1.934036350250244141e+01
1.322555685043334961e+01
2.029884886741638184e+01
1.409437870979309082e+01
1.882850861549377441e+01
1.972173833847045898e+01
2.031651854515075684e+01
1.336067819595336914e+01
1.889900684356689453e+01
2.045935416221618652e+01
1.294464373588562012e+01
2.051103043556213379e+01
1.331438851356506348e+01
1.412418198585510254e+01
1.434708213806152344e+01
2.038445281982421875e+01
1.932587933540344238e+01
2.045812845230102539e+01
1.363730311393737793e+01
4.093919348716735840e+01
2.045870637893676758e+01
2.610439300537109375e+01
1.435112047195434570e+01
1.311614322662353516e+01
2.035819792747497559e+01
2.037780189514160156e+01
2.045987510681152344e+01
1.540527009963989258e+01
1.425102329254150391e+01
2.027997946739196777e+01
1.477406311035156250e+01
1.818241691589355469e+01
1.497513651847839355e+01
1.846992158889770508e+01
1.538754510879516602e+01
1.946911478042602539e+01
1.270478534698486328e+01
2.169792580604553223e+01
3.213467741012573242e+01
4.093869447708129883e+01
1.345128083229064941e+01
2.138396358489990234e+01
3.164143037796020508e+01
2.687994384765625000e+01
2.576255893707275391e+01
1.324230098724365234e+01
