1.397533082962036133e+01
1.980538344383239746e+01
1.478488159179687500e+01
1.884937715530395508e+01
1.905116343498229980e+01
1.395952033996582031e+01
1.878161096572875977e+01
1.374965953826904297e+01
1.966780161857604980e+01
1.918725609779357910e+01
1.993917775154113770e+01
1.420833587646484375e+01
1.972840118408203125e+01
1.375626277923583984e+01
1.979938149452209473e+01
1.993109464645385742e+01
1.398847150802612305e+01
1.303382134437561035e+01
2.045979046821594238e+01
1.383519148826599121e+01
1.909140729904174805e+01
1.394553685188293457e+01
2.034548449516296387e+01
3.238609766960144043e+01
2.034415006637573242e+01
3.232539105415344238e+01
1.399758791923522949e+01
1.374223899841308594e+01
1.985035657882690430e+01
2.003308296203613281e+01
1.379039430618286133e+01
2.101417255401611328e+01
1.391619729995727539e+01
1.990096974372863770e+01
1.451404500007629395e+01
1.901622056961059570e+01
1.465787458419799805e+01
1.848793721199035645e+01
1.486555099487304688e+01
1.927083897590637207e+01
1.336698842048645020e+01
2.159472942352294922e+01
3.109781885147094727e+01
4.094001507759094238e+01
1.303403663635253906e+01
2.218818402290344238e+01
3.187182164192199707e+01
2.775725936889648438e+01
2.560363054275512695e+01
1.397376704216003418e+01
