1.342360973358154297e-01
1.478912830352783203e-01
1.743988990783691406e-01
1.569564342498779297e-01
1.514351367950439453e-01
1.182196140289306641e-01
2.984228134155273438e-01
2.303864955902099609e-01
1.373887062072753906e-01
1.621820926666259766e-01
8.557343482971191406e-02
1.131687164306640625e-01
1.088318824768066406e-01
1.326556205749511719e-01
8.361530303955078125e-02
9.989118576049804688e-02
1.983823776245117188e-01
3.041646480560302734e-01
1.773281097412109375e-01
1.034214496612548828e-01
1.634228229522705078e-01
1.151223182678222656e-01
1.643247604370117188e-01
1.304316520690917969e-01
1.263048648834228516e-01
1.983115673065185547e-01
1.267402172088623047e-01
2.440123558044433594e-01
9.529566764831542969e-02
1.744863986968994141e-01
1.881761550903320312e-01
3.282215595245361328e-01
1.507480144500732422e-01
1.271421909332275391e-01
8.560895919799804688e-02
8.797574043273925781e-02
6.620478630065917969e-02
1.835589408874511719e-01
1.250088214874267578e-01
2.239789962768554688e-01
1.553869247436523438e-01
1.155676841735839844e-01
1.097848415374755859e-01
1.289484500885009766e-01
1.190910339355468750e-01
2.138063907623291016e-01
1.851952075958251953e-01
2.139453887939453125e-01
1.664347648620605469e-01
2.865161895751953125e-01
1.979403495788574219e-01
2.085387706756591797e-01
2.364890575408935547e-01
2.431428432464599609e-01
1.887502670288085938e-01
1.739346981048583984e-01
1.947753429412841797e-01
4.463958740234375000e-02
1.153597831726074219e-01
1.385135650634765625e-01
6.403160095214843750e-02
5.431675910949707031e-02
8.912849426269531250e-02
1.891646385192871094e-01
1.950855255126953125e-01
1.911897659301757812e-01
1.714496612548828125e-01
1.660273075103759766e-01
7.306289672851562500e-02
1.725554466247558594e-01
1.349482536315917969e-01
1.263365745544433594e-01
2.313930988311767578e-01
2.494890689849853516e-01
1.528732776641845703e-01
2.123777866363525391e-01
1.363248825073242188e-01
1.330039501190185547e-01
1.190140247344970703e-01
1.081042289733886719e-01
2.145750522613525391e-01
1.068041324615478516e-01
1.918177604675292969e-01
1.553940773010253906e-01
1.841456890106201172e-01
1.442008018493652344e-01
7.848358154296875000e-02
1.231398582458496094e-01
2.337770462036132812e-01
1.660494804382324219e-01
1.313412189483642578e-01
1.688976287841796875e-01
1.424438953399658203e-01
1.899979114532470703e-01
1.862053871154785156e-01
1.449320316314697266e-01
1.197135448455810547e-01
1.952657699584960938e-01
1.855459213256835938e-01
1.904861927032470703e-01
