2.048457193374633789e+01
2.013293242454528809e+01
3.082603716850280762e+01
2.677715730667114258e+01
2.835860633850097656e+01
3.077306413650512695e+01
2.485002899169921875e+01
2.976874876022338867e+01
2.473766207695007324e+01
4.088916301727294922e+01
1.809815311431884766e+01
2.762543010711669922e+01
3.243121290206909180e+01
4.090051913261413574e+01
2.100127673149108887e+01
4.088668203353881836e+01
4.089898037910461426e+01
1.650599074363708496e+01
3.302797865867614746e+01
4.090936899185180664e+01
1.779982757568359375e+01
2.278525710105895996e+01
4.090508604049682617e+01
2.040477824211120605e+01
2.943503546714782715e+01
2.021525526046752930e+01
2.947191429138183594e+01
2.473750281333923340e+01
4.091626524925231934e+01
4.089126062393188477e+01
1.657648110389709473e+01
2.341875362396240234e+01
4.088968515396118164e+01
2.873459076881408691e+01
2.294434547424316406e+01
4.094721436500549316e+01
2.266456699371337891e+01
4.092319345474243164e+01
1.660182166099548340e+01
4.091441297531127930e+01
1.748452925682067871e+01
3.110480284690856934e+01
2.318586301803588867e+01
3.252723884582519531e+01
2.724110794067382812e+01
3.534911775588989258e+01
4.088049340248107910e+01
1.800000715255737305e+01
4.089241099357604980e+01
1.949560379981994629e+01
3.350510573387145996e+01
2.677101039886474609e+01
4.089878654479980469e+01
2.044534826278686523e+01
4.089358472824096680e+01
1.656123089790344238e+01
4.090749979019165039e+01
1.909873914718627930e+01
2.080588793754577637e+01
3.360982370376586914e+01
2.116729807853698730e+01
4.090110301971435547e+01
1.657397079467773438e+01
4.091244053840637207e+01
1.883472633361816406e+01
3.440535569190979004e+01
2.334601068496704102e+01
3.079100584983825684e+01
2.043418145179748535e+01
4.089662981033325195e+01
1.635634040832519531e+01
4.091481423377990723e+01
4.095431661605834961e+01
2.044083714485168457e+01
2.054445195198059082e+01
3.168209958076477051e+01
4.090473484992980957e+01
1.645572638511657715e+01
4.090535879135131836e+01
2.085076951980590820e+01
2.044306063652038574e+01
2.101122951507568359e+01
3.343199157714843750e+01
2.142955446243286133e+01
3.703165793418884277e+01
4.092130684852600098e+01
1.654248833656311035e+01
4.089064073562622070e+01
5.364163827896118164e+01
4.210552930831909180e+01
5.444529533386230469e+01
8.192599892616271973e+01
2.040869736671447754e+01
4.395242428779602051e+01
4.090411353111267090e+01
1.655342054367065430e+01
2.202196741104125977e+01
4.089807653427124023e+01
1.820446896553039551e+01
3.073172497749328613e+01
