6.160585641860961914e+00
6.120820999145507812e+00
6.353836536407470703e+00
6.171857118606567383e+00
5.998791456222534180e+00
6.279536247253417969e+00
6.136755943298339844e+00
6.100936174392700195e+00
6.138205289840698242e+00
6.177046298980712891e+00
6.000769138336181641e+00
6.331022739410400391e+00
6.089875221252441406e+00
6.052918195724487305e+00
6.258454322814941406e+00
6.733312845230102539e+00
6.346809148788452148e+00
6.194037675857543945e+00
5.986020803451538086e+00
6.156336069107055664e+00
6.082991838455200195e+00
6.099037408828735352e+00
6.051976919174194336e+00
6.168629407882690430e+00
6.315993547439575195e+00
6.084939956665039062e+00
6.847036838531494141e+00
6.208058595657348633e+00
6.148553133010864258e+00
6.125653743743896484e+00
5.971784830093383789e+00
6.129980564117431641e+00
6.055094242095947266e+00
6.361945867538452148e+00
5.964713096618652344e+00
6.959065198898315430e+00
6.125700712203979492e+00
6.431910753250122070e+00
6.126609325408935547e+00
6.384729623794555664e+00
6.189220905303955078e+00
6.012638568878173828e+00
6.209151268005371094e+00
6.293964862823486328e+00
6.326343059539794922e+00
6.179181098937988281e+00
6.034970045089721680e+00
6.368377208709716797e+00
6.255309343338012695e+00
6.220518827438354492e+00
