2.219648361206054688e-01
2.153756618499755859e-01
7.040429115295410156e-02
1.008481979370117188e-01
5.013179779052734375e-02
1.525394916534423828e-01
1.664085388183593750e-01
1.213483810424804688e-01
8.720755577087402344e-02
1.234788894653320312e-01
1.690671443939208984e-01
1.728143692016601562e-01
7.864451408386230469e-02
2.113409042358398438e-01
1.408617496490478516e-01
9.331846237182617188e-02
1.451666355133056641e-01
1.336932182312011719e-01
7.530903816223144531e-02
6.570053100585937500e-02
7.321691513061523438e-02
1.415059566497802734e-01
7.335400581359863281e-02
1.626458168029785156e-01
1.015722751617431641e-01
1.645021438598632812e-01
2.425267696380615234e-01
9.891676902770996094e-02
8.539438247680664062e-02
1.993167400360107422e-01
1.798942089080810547e-01
1.404302120208740234e-01
1.809446811676025391e-01
1.819114685058593750e-01
6.104922294616699219e-02
1.464455127716064453e-01
2.211217880249023438e-01
1.026597023010253906e-01
1.194252967834472656e-01
1.178843975067138672e-01
1.155080795288085938e-01
5.937647819519042969e-02
1.282014846801757812e-01
1.331372261047363281e-01
1.301984786987304688e-01
1.292757987976074219e-01
9.977340698242187500e-02
9.952378273010253906e-02
1.033205986022949219e-01
7.485818862915039062e-02
1.010684967041015625e-01
1.362974643707275391e-01
5.673313140869140625e-02
1.472654342651367188e-01
2.679839134216308594e-01
1.652939319610595703e-01
1.604728698730468750e-01
8.323168754577636719e-02
8.921718597412109375e-02
2.393426895141601562e-01
1.143314838409423828e-01
1.113038063049316406e-01
1.208386421203613281e-01
9.646153450012207031e-02
1.888084411621093750e-01
3.190050125122070312e-01
2.295970916748046875e-02
8.323073387145996094e-02
9.451031684875488281e-02
5.825829505920410156e-02
1.990880966186523438e-01
5.891370773315429688e-02
1.678917407989501953e-01
1.627333164215087891e-01
2.131342887878417969e-01
1.180689334869384766e-01
1.299314498901367188e-01
1.021778583526611328e-01
1.123113632202148438e-01
1.088736057281494141e-01
1.576714515686035156e-01
8.903622627258300781e-02
1.906478404998779297e-01
1.507132053375244141e-01
9.454274177551269531e-02
9.753155708312988281e-02
8.050155639648437500e-02
1.005361080169677734e-01
1.522586345672607422e-01
1.944313049316406250e-01
1.455888748168945312e-01
1.400761604309082031e-01
1.851766109466552734e-01
1.398952007293701172e-01
1.010713577270507812e-01
4.211473464965820312e-02
1.137082576751708984e-01
8.636569976806640625e-02
1.378428936004638672e-01
1.025574207305908203e-01
