5.369520187377929688e-02
5.346465110778808594e-02
5.363488197326660156e-02
5.376267433166503906e-02
5.355405807495117188e-02
5.381679534912109375e-02
5.375242233276367188e-02
5.352044105529785156e-02
5.533981323242187500e-02
5.336427688598632812e-02
5.339479446411132812e-02
5.332350730895996094e-02
5.334424972534179688e-02
5.361676216125488281e-02
5.324983596801757812e-02
5.343604087829589844e-02
5.355596542358398438e-02
5.327701568603515625e-02
5.351090431213378906e-02
5.375361442565917969e-02
5.350804328918457031e-02
5.363726615905761719e-02
5.355095863342285156e-02
5.333828926086425781e-02
5.362010002136230469e-02
5.811095237731933594e-02
5.382513999938964844e-02
5.365085601806640625e-02
5.353617668151855469e-02
5.364608764648437500e-02
