1.386260986328125000e-02
1.450181007385253906e-02
1.377940177917480469e-02
1.358866691589355469e-02
1.330614089965820312e-02
1.310014724731445312e-02
1.352453231811523438e-02
1.298546791076660156e-02
1.377677917480468750e-02
1.332688331604003906e-02
1.385188102722167969e-02
1.372718811035156250e-02
1.387429237365722656e-02
1.388096809387207031e-02
1.436567306518554688e-02
1.413083076477050781e-02
1.381802558898925781e-02
1.345300674438476562e-02
1.410984992980957031e-02
1.400518417358398438e-02
1.408791542053222656e-02
1.409816741943359375e-02
1.412510871887207031e-02
1.363754272460937500e-02
1.396822929382324219e-02
1.324748992919921875e-02
1.345992088317871094e-02
1.403164863586425781e-02
1.313948631286621094e-02
1.400661468505859375e-02
1.423478126525878906e-02
1.381921768188476562e-02
1.349806785583496094e-02
1.362156867980957031e-02
1.339244842529296875e-02
1.427674293518066406e-02
1.404309272766113281e-02
1.382184028625488281e-02
1.407241821289062500e-02
1.442170143127441406e-02
1.454591751098632812e-02
1.419615745544433594e-02
1.416039466857910156e-02
1.361918449401855469e-02
1.413226127624511719e-02
1.353454589843750000e-02
1.438689231872558594e-02
1.460337638854980469e-02
1.474452018737792969e-02
1.402187347412109375e-02
