1.789979791641235352e+01
2.045859956741333008e+01
1.777332401275634766e+01
1.784126758575439453e+01
1.786024141311645508e+01
1.782059264183044434e+01
1.786626100540161133e+01
2.046887373924255371e+01
1.783075714111328125e+01
1.782153964042663574e+01
1.787589311599731445e+01
1.782018733024597168e+01
1.780151796340942383e+01
1.783273553848266602e+01
1.787447786331176758e+01
1.786314392089843750e+01
1.784543514251708984e+01
1.785647249221801758e+01
1.787375473976135254e+01
1.778682923316955566e+01
1.785392594337463379e+01
1.780949902534484863e+01
1.778922176361083984e+01
1.784506511688232422e+01
2.022143507003784180e+01
1.776866698265075684e+01
1.786362695693969727e+01
2.031745409965515137e+01
1.775000238418579102e+01
1.776742434501647949e+01
1.778382420539855957e+01
1.776915073394775391e+01
1.775616312026977539e+01
2.036300110816955566e+01
1.775125169754028320e+01
1.787020254135131836e+01
2.031249642372131348e+01
1.793278312683105469e+01
1.788248443603515625e+01
1.782261157035827637e+01
1.783829903602600098e+01
1.773697257041931152e+01
1.773942112922668457e+01
1.773878908157348633e+01
2.027896475791931152e+01
1.775553560256958008e+01
1.766672015190124512e+01
1.775464153289794922e+01
1.774698781967163086e+01
2.024235987663269043e+01
