7.050481796264648438e+00
6.993611097335815430e+00
9.045532703399658203e+00
1.730402541160583496e+01
1.748354887962341309e+01
1.756486177444458008e+01
7.011886119842529297e+00
1.456430673599243164e+01
1.018180251121520996e+01
1.424781918525695801e+01
1.754624915122985840e+01
7.053740978240966797e+00
1.757087230682373047e+01
1.746131801605224609e+01
7.098944187164306641e+00
1.679590559005737305e+01
9.144777774810791016e+00
1.666274428367614746e+01
1.735799407958984375e+01
8.350158929824829102e+00
1.725695323944091797e+01
1.777929592132568359e+01
3.808585333824157715e+01
6.955680370330810547e+00
7.501095771789550781e+00
7.117665767669677734e+00
1.731061840057373047e+01
8.385481119155883789e+00
1.584770154953002930e+01
8.858980178833007812e+00
1.735398650169372559e+01
1.521807885169982910e+01
1.746160864830017090e+01
1.754847335815429688e+01
7.144831657409667969e+00
1.748143458366394043e+01
1.069471216201782227e+01
1.526592302322387695e+01
1.664637589454650879e+01
7.857397317886352539e+00
1.854271960258483887e+01
3.811986064910888672e+01
7.035876274108886719e+00
2.603316044807434082e+01
1.933895444869995117e+01
2.758485388755798340e+01
1.805010819435119629e+01
2.862196850776672363e+01
1.816143536567687988e+01
3.803374624252319336e+01
