5.907682329416275024e-02
5.475242156535387039e-03
2.825868083164095879e-03
2.357704797759652138e-03
2.395517891272902489e-03
1.074059400707483292e-03
2.369360066950321198e-03
1.461902633309364319e-03
1.374761573970317841e-03
7.331985398195683956e-04
6.560907349921762943e-04
4.679665144067257643e-04
3.106554213445633650e-04
2.982537553180009127e-04
2.520866401027888060e-04
1.809837704058736563e-04
4.008751420769840479e-04
3.145482041873037815e-04
1.154067213064990938e-04
1.167540831374935806e-04
1.033713051583617926e-04
9.655090252636000514e-05
9.012085502035915852e-05
9.833978401729837060e-05
9.517661965219303966e-05
9.789708565222099423e-05
9.644799865782260895e-05
9.946210047928616405e-05
1.052888328558765352e-04
1.029384948196820915e-04
1.119090957217849791e-04
1.224258885486051440e-04
1.275622344110161066e-04
1.356701686745509505e-04
1.503558014519512653e-04
1.707235060166567564e-04
1.935656473506242037e-04
2.323256921954452991e-04
2.793972380459308624e-04
3.381137503311038017e-04
3.920664021279662848e-04
4.565416311379522085e-04
5.220642779022455215e-04
5.992910009808838367e-04
6.790607003495097160e-04
7.723837043158710003e-04
8.866353309713304043e-04
1.021421514451503754e-03
1.153445336967706680e-03
1.301963231526315212e-03
