7.752649486064910889e-02
9.193744510412216187e-03
5.266039632260799408e-03
2.580549800768494606e-03
1.460330793634057045e-03
3.259061602875590324e-03
1.248297980055212975e-03
4.967065178789198399e-04
5.617747665382921696e-04
3.210774157196283340e-04
2.625065390020608902e-04
1.542627578601241112e-04
1.333078980678692460e-04
1.457905018469318748e-04
8.545374294044449925e-05
6.559333269251510501e-05
6.326145376078784466e-05
6.242257222766056657e-05
4.512654413701966405e-05
4.093803363502956927e-05
3.720655877259559929e-05
4.735743641504086554e-05
3.453957833698950708e-05
2.868944284273311496e-05
2.558372398198116571e-05
2.388195025559980422e-05
2.299193874932825565e-05
2.132013833033852279e-05
2.081395541608799249e-05
2.160306576115544885e-05
2.321743158972822130e-05
2.430876520520541817e-05
2.630154631333425641e-05
2.855042293958831578e-05
3.429831485846079886e-05
4.018653271486982703e-05
4.770439045387320220e-05
6.077035504858940840e-05
7.227109017549082637e-05
8.417556091444566846e-05
1.011933491099625826e-04
1.265017635887488723e-04
1.604631252121180296e-04
1.985493436222895980e-04
2.420169039396569133e-04
2.938472898676991463e-04
3.597644972614943981e-04
4.276373074389994144e-04
5.055053043179214001e-04
5.902731209062039852e-04
