1.566892075538635254e+01
3.537460994720458984e+01
1.864369273185729980e+01
1.530262541770935059e+01
1.553004050254821777e+01
1.552779221534729004e+01
3.016148662567138672e+01
1.537148547172546387e+01
1.513364863395690918e+01
1.525521516799926758e+01
1.555468750000000000e+01
2.310927772521972656e+01
1.537352180480957031e+01
1.512942767143249512e+01
3.074337220191955566e+01
1.555415487289428711e+01
1.497277903556823730e+01
2.454334497451782227e+01
1.849011588096618652e+01
1.506814050674438477e+01
1.523827505111694336e+01
1.531322240829467773e+01
1.532458233833312988e+01
2.896678328514099121e+01
1.927805256843566895e+01
1.545658683776855469e+01
1.538961672782897949e+01
1.573373508453369141e+01
1.533017206192016602e+01
1.540317797660827637e+01
1.567552161216735840e+01
1.540445613861083984e+01
2.743020629882812500e+01
1.532423114776611328e+01
1.509293651580810547e+01
1.532783317565917969e+01
1.522265744209289551e+01
1.505189299583435059e+01
1.539551901817321777e+01
2.112639927864074707e+01
1.560726022720336914e+01
1.559409403800964355e+01
1.530804109573364258e+01
1.516040492057800293e+01
2.995320796966552734e+01
1.544026708602905273e+01
1.580934333801269531e+01
1.527184534072875977e+01
1.557574367523193359e+01
1.544950342178344727e+01
1.515141916275024414e+01
1.546055579185485840e+01
2.728954029083251953e+01
1.541464734077453613e+01
1.564209580421447754e+01
2.688443422317504883e+01
1.934702444076538086e+01
1.543363761901855469e+01
1.533239078521728516e+01
2.806615805625915527e+01
1.570340871810913086e+01
2.473729753494262695e+01
1.582551360130310059e+01
1.550648236274719238e+01
2.681422257423400879e+01
1.519099688529968262e+01
1.537844252586364746e+01
1.556832027435302734e+01
1.525266695022583008e+01
3.099469852447509766e+01
1.952651524543762207e+01
1.539029192924499512e+01
1.537900400161743164e+01
1.554916739463806152e+01
1.501143550872802734e+01
1.505203509330749512e+01
1.520559406280517578e+01
1.511897850036621094e+01
1.558967828750610352e+01
1.515776085853576660e+01
1.551271533966064453e+01
1.529738521575927734e+01
2.229520010948181152e+01
1.515093731880187988e+01
1.507088088989257812e+01
1.667160201072692871e+01
1.577497315406799316e+01
1.582454323768615723e+01
1.541276550292968750e+01
1.513659358024597168e+01
1.557663893699645996e+01
1.513529396057128906e+01
2.949769568443298340e+01
1.548335742950439453e+01
2.488482451438903809e+01
1.512892007827758789e+01
1.938413310050964355e+01
1.510086560249328613e+01
1.534037494659423828e+01
1.537745285034179688e+01
