1.502373647689819336e+01
1.583301496505737305e+01
1.600102472305297852e+01
1.668916773796081543e+01
1.533221936225891113e+01
2.039146018028259277e+01
1.439635133743286133e+01
1.644107627868652344e+01
1.900560140609741211e+01
1.443756103515625000e+01
1.880752444267272949e+01
1.460534358024597168e+01
1.777219009399414062e+01
1.681307983398437500e+01
1.605147361755371094e+01
1.658634209632873535e+01
2.038998007774353027e+01
1.559709548950195312e+01
1.648154354095458984e+01
1.535279130935668945e+01
1.805163383483886719e+01
1.701812577247619629e+01
1.654123473167419434e+01
1.617281627655029297e+01
1.468544101715087891e+01
2.039453887939453125e+01
1.571162247657775879e+01
2.040080738067626953e+01
1.443044781684875488e+01
2.039442086219787598e+01
1.436055517196655273e+01
1.486031007766723633e+01
1.859939479827880859e+01
1.616195940971374512e+01
1.600143861770629883e+01
1.650426411628723145e+01
1.519706654548645020e+01
1.616109061241149902e+01
1.665301632881164551e+01
1.670975327491760254e+01
1.894686031341552734e+01
1.613820242881774902e+01
1.912487649917602539e+01
2.038588237762451172e+01
1.433512449264526367e+01
1.478452920913696289e+01
1.618203902244567871e+01
2.040468406677246094e+01
2.038002324104309082e+01
1.434264397621154785e+01
1.613581728935241699e+01
1.449230098724365234e+01
1.774058747291564941e+01
1.578959488868713379e+01
1.615463376045227051e+01
1.609489893913269043e+01
2.036537694931030273e+01
2.039318585395812988e+01
1.526109337806701660e+01
1.470034956932067871e+01
1.873338198661804199e+01
1.521487712860107422e+01
1.824008131027221680e+01
1.465892386436462402e+01
1.799973297119140625e+01
2.040563726425170898e+01
1.453198885917663574e+01
1.537536168098449707e+01
1.610714507102966309e+01
1.476421117782592773e+01
1.890704250335693359e+01
2.040049839019775391e+01
1.534996342658996582e+01
1.470581483840942383e+01
1.894276523590087891e+01
2.038887143135070801e+01
1.551204729080200195e+01
1.481324672698974609e+01
1.464941096305847168e+01
1.913590621948242188e+01
1.480927062034606934e+01
1.444406819343566895e+01
1.464960908889770508e+01
1.860640478134155273e+01
1.663092088699340820e+01
1.659883141517639160e+01
1.606345987319946289e+01
1.839988327026367188e+01
1.650785875320434570e+01
1.737724280357360840e+01
1.610358119010925293e+01
2.039970493316650391e+01
1.441204857826232910e+01
1.599052071571350098e+01
1.475723004341125488e+01
2.021825146675109863e+01
1.607963991165161133e+01
1.733147239685058594e+01
1.437287735939025879e+01
1.723754072189331055e+01
1.987688469886779785e+01
1.677079916000366211e+01
1.613064670562744141e+01
2.039187884330749512e+01
1.438921594619750977e+01
1.619482827186584473e+01
1.651789784431457520e+01
1.614511609077453613e+01
1.617431259155273438e+01
1.648380303382873535e+01
1.678959012031555176e+01
1.604366326332092285e+01
1.896086692810058594e+01
1.888603782653808594e+01
1.600881648063659668e+01
1.611625742912292480e+01
2.037977766990661621e+01
1.434969949722290039e+01
2.040435266494750977e+01
2.038099050521850586e+01
1.433613967895507812e+01
1.606228065490722656e+01
2.039502477645874023e+01
1.441546893119812012e+01
1.619350862503051758e+01
1.759554052352905273e+01
1.622533178329467773e+01
1.719715881347656250e+01
1.537416410446166992e+01
2.039127755165100098e+01
1.433060669898986816e+01
1.827656149864196777e+01
1.672073721885681152e+01
1.469054412841796875e+01
1.617080569267272949e+01
1.503682470321655273e+01
1.795880293846130371e+01
1.683542203903198242e+01
1.603037858009338379e+01
1.654678106307983398e+01
1.671962785720825195e+01
2.001312661170959473e+01
1.496500086784362793e+01
1.769860696792602539e+01
1.609429454803466797e+01
1.760185813903808594e+01
1.759739470481872559e+01
1.472809720039367676e+01
1.879281544685363770e+01
1.556844663619995117e+01
2.039389348030090332e+01
1.434839630126953125e+01
1.534540009498596191e+01
1.805215883255004883e+01
1.682571411132812500e+01
1.765340638160705566e+01
1.476208686828613281e+01
1.860865259170532227e+01
1.666382455825805664e+01
1.585996651649475098e+01
1.592640781402587891e+01
2.039731812477111816e+01
1.436593651771545410e+01
1.750759744644165039e+01
1.438586282730102539e+01
1.599822854995727539e+01
1.623323631286621094e+01
2.039816141128540039e+01
1.430608606338500977e+01
1.868328285217285156e+01
1.606664824485778809e+01
1.473489117622375488e+01
1.605779337882995605e+01
1.619230937957763672e+01
1.651581573486328125e+01
1.611383032798767090e+01
1.591834139823913574e+01
1.746198463439941406e+01
1.474441838264465332e+01
1.869299435615539551e+01
1.898229598999023438e+01
1.602690839767456055e+01
1.663912796974182129e+01
1.599185132980346680e+01
1.605175852775573730e+01
1.744998168945312500e+01
2.038368654251098633e+01
1.584522819519042969e+01
1.649228119850158691e+01
1.910063052177429199e+01
1.538743591308593750e+01
1.911663842201232910e+01
2.042170810699462891e+01
1.537244391441345215e+01
1.486553692817687988e+01
1.598123884201049805e+01
1.943670845031738281e+01
1.897859096527099609e+01
1.463463616371154785e+01
1.441960835456848145e+01
