2.049855279922485352e+01
2.038814806938171387e+01
3.381900882720947266e+01
2.306791520118713379e+01
3.196580934524536133e+01
2.634578347206115723e+01
3.402777218818664551e+01
3.245950675010681152e+01
4.093607640266418457e+01
1.652128291130065918e+01
3.157896351814270020e+01
2.407068276405334473e+01
3.124345874786376953e+01
2.358888077735900879e+01
3.421270322799682617e+01
4.090429377555847168e+01
1.663218903541564941e+01
2.237245535850524902e+01
3.297437095642089844e+01
2.394895744323730469e+01
3.162043547630310059e+01
2.356320714950561523e+01
3.178084278106689453e+01
2.522222089767456055e+01
2.911764693260192871e+01
2.996795654296875000e+01
2.243269062042236328e+01
2.725639820098876953e+01
2.900545287132263184e+01
2.726508402824401855e+01
4.088923406600952148e+01
2.060037922859191895e+01
4.089743590354919434e+01
1.660223889350891113e+01
2.471501421928405762e+01
2.933423972129821777e+01
2.798967242240905762e+01
4.093142223358154297e+01
1.807765340805053711e+01
4.089922809600830078e+01
1.693800306320190430e+01
2.259698891639709473e+01
3.465431237220764160e+01
2.481607437133789062e+01
3.217656016349792480e+01
2.359286141395568848e+01
3.215292072296142578e+01
1.646759819984436035e+01
3.289834880828857422e+01
2.601797604560852051e+01
2.312813138961791992e+01
3.203758072853088379e+01
3.216711187362670898e+01
3.145949816703796387e+01
3.119866538047790527e+01
3.180550765991210938e+01
4.091122770309448242e+01
2.042886900901794434e+01
4.091208910942077637e+01
2.043086290359497070e+01
4.088351893424987793e+01
1.915938353538513184e+01
3.066784572601318359e+01
2.371507549285888672e+01
4.085624980926513672e+01
1.636197400093078613e+01
4.090971684455871582e+01
1.913126754760742188e+01
2.645041608810424805e+01
4.087031245231628418e+01
1.664720845222473145e+01
2.658697962760925293e+01
4.092092156410217285e+01
2.046924567222595215e+01
3.173460245132446289e+01
2.776863217353820801e+01
3.284615898132324219e+01
3.449841856956481934e+01
4.090445113182067871e+01
4.090524220466613770e+01
1.798538064956665039e+01
2.581003284454345703e+01
4.090584969520568848e+01
1.720204472541809082e+01
4.090656399726867676e+01
1.647548031806945801e+01
2.663915562629699707e+01
2.892149806022644043e+01
2.527214026451110840e+01
2.755238652229309082e+01
1.748234939575195312e+01
2.847540855407714844e+01
2.240819287300109863e+01
3.408606696128845215e+01
2.118348860740661621e+01
3.649830818176269531e+01
2.200461769104003906e+01
2.889513039588928223e+01
4.092656159400939941e+01
1.783194184303283691e+01
