2.460838317871093750e+00
2.832996129989624023e+00
2.395038366317749023e+00
2.807961463928222656e+00
2.930159807205200195e+00
2.818448543548583984e+00
2.667432069778442383e+00
2.555167913436889648e+00
2.470403194427490234e+00
1.984820365905761719e+00
2.376201391220092773e+00
2.857742547988891602e+00
2.606189250946044922e+00
2.737808704376220703e+00
2.404259204864501953e+00
2.489871263504028320e+00
2.711507081985473633e+00
2.699610710144042969e+00
2.439167976379394531e+00
2.561063289642333984e+00
2.883435010910034180e+00
2.338339328765869141e+00
2.486730337142944336e+00
2.430665731430053711e+00
2.904478788375854492e+00
2.983827352523803711e+00
2.919410705566406250e+00
2.887089490890502930e+00
2.397556781768798828e+00
2.871453285217285156e+00
2.752163887023925781e+00
2.644134521484375000e+00
2.684309720993041992e+00
2.344001770019531250e+00
3.190415143966674805e+00
2.475031614303588867e+00
3.004966259002685547e+00
2.559663057327270508e+00
3.235805034637451172e+00
2.820831537246704102e+00
2.542659282684326172e+00
2.553893327713012695e+00
3.377334833145141602e+00
3.009110450744628906e+00
2.753658771514892578e+00
2.319948196411132812e+00
2.330018997192382812e+00
2.750756502151489258e+00
2.466277122497558594e+00
2.863933801651000977e+00
