1.102616000175476074e+01
1.971054172515869141e+01
2.031837248802185059e+01
1.071100044250488281e+01
1.980086398124694824e+01
2.045943450927734375e+01
1.073340821266174316e+01
1.900097560882568359e+01
2.132905912399291992e+01
4.093929696083068848e+01
2.046340847015380859e+01
1.228300976753234863e+01
2.045870232582092285e+01
1.189869332313537598e+01
3.147071671485900879e+01
2.180155777931213379e+01
3.115681457519531250e+01
2.259651589393615723e+01
2.995376086235046387e+01
4.093944787979125977e+01
2.046790218353271484e+01
2.102352380752563477e+01
3.332762527465820312e+01
1.994127798080444336e+01
2.045955276489257812e+01
1.208303284645080566e+01
2.045863914489746094e+01
1.925636482238769531e+01
2.211518597602844238e+01
3.061424851417541504e+01
4.093905162811279297e+01
2.045971107482910156e+01
4.093930244445800781e+01
2.046476054191589355e+01
2.046843886375427246e+01
4.093886971473693848e+01
2.046405792236328125e+01
1.332134628295898438e+01
4.093973493576049805e+01
2.045898866653442383e+01
4.093953537940979004e+01
2.046697950363159180e+01
1.178171753883361816e+01
4.094009900093078613e+01
1.137006306648254395e+01
2.188753247261047363e+01
3.010102200508117676e+01
3.120410013198852539e+01
2.190861558914184570e+01
3.019144845008850098e+01
