9.414281845092773438e+00
2.045810580253601074e+01
1.022239375114440918e+01
1.108018636703491211e+01
2.018055272102355957e+01
1.936036705970764160e+01
1.079108333587646484e+01
2.045865583419799805e+01
1.061856436729431152e+01
1.966795396804809570e+01
2.045948767662048340e+01
2.046150135993957520e+01
9.707282304763793945e+00
1.095178747177124023e+01
1.881976747512817383e+01
1.167899036407470703e+01
2.045897769927978516e+01
1.865639066696166992e+01
3.052392363548278809e+01
4.093896746635437012e+01
1.070993852615356445e+01
4.093968415260314941e+01
1.022847890853881836e+01
2.105301213264465332e+01
4.093875312805175781e+01
2.045984220504760742e+01
2.045972537994384766e+01
2.086543154716491699e+01
2.760889291763305664e+01
2.578908228874206543e+01
2.494406318664550781e+01
4.093937540054321289e+01
9.661835193634033203e+00
2.516295766830444336e+01
2.512720012664794922e+01
2.694248962402343750e+01
2.364126014709472656e+01
2.797865629196166992e+01
2.366529154777526855e+01
4.093938803672790527e+01
1.098733043670654297e+01
2.500262832641601562e+01
4.093920755386352539e+01
1.022850799560546875e+01
2.871096658706665039e+01
2.812054300308227539e+01
4.093938112258911133e+01
2.045975637435913086e+01
1.417895412445068359e+01
4.093856668472290039e+01
