9.774443387985229492e+00
1.994190931320190430e+01
9.787070989608764648e+00
9.806632757186889648e+00
1.994451212882995605e+01
9.823448657989501953e+00
4.042542314529418945e+01
9.757235527038574219e+00
4.042311191558837891e+01
9.763707637786865234e+00
2.951819133758544922e+01
9.757301092147827148e+00
1.988944077491760254e+01
9.782664775848388672e+00
1.978723955154418945e+01
9.850658655166625977e+00
1.994343352317810059e+01
9.762947320938110352e+00
9.835546731948852539e+00
1.005197596549987793e+01
9.830270528793334961e+00
1.011749124526977539e+01
9.793085336685180664e+00
2.023868632316589355e+01
2.962308740615844727e+01
1.002509832382202148e+01
1.949024033546447754e+01
1.994301891326904297e+01
9.999425172805786133e+00
9.737998008728027344e+00
1.982731056213378906e+01
9.843389272689819336e+00
1.986265397071838379e+01
9.800758123397827148e+00
9.798238277435302734e+00
1.990114068984985352e+01
1.972366380691528320e+01
9.839073896408081055e+00
2.035570287704467773e+01
9.888866186141967773e+00
2.014881539344787598e+01
4.042168211936950684e+01
9.839649200439453125e+00
9.843662500381469727e+00
9.779351711273193359e+00
1.985343432426452637e+01
9.775705099105834961e+00
9.774700164794921875e+00
1.974798107147216797e+01
9.852791070938110352e+00
