1.672525429725646973e+01
1.672735738754272461e+01
2.054392576217651367e+01
1.679622387886047363e+01
1.676799941062927246e+01
1.674379658699035645e+01
1.677962875366210938e+01
2.016780757904052734e+01
1.688344645500183105e+01
1.670176219940185547e+01
2.045902228355407715e+01
1.671313977241516113e+01
1.676496148109436035e+01
2.044094920158386230e+01
1.678131484985351562e+01
2.024649405479431152e+01
1.670189595222473145e+01
1.672145271301269531e+01
1.679428410530090332e+01
1.677696204185485840e+01
1.679496717453002930e+01
1.671090579032897949e+01
2.035647368431091309e+01
1.679294991493225098e+01
2.045950174331665039e+01
1.671769237518310547e+01
1.676060962677001953e+01
2.053797650337219238e+01
1.676226282119750977e+01
2.034843873977661133e+01
1.676477241516113281e+01
1.997502350807189941e+01
1.677710509300231934e+01
1.678144741058349609e+01
2.020763111114501953e+01
1.679182958602905273e+01
1.674993872642517090e+01
1.683693242073059082e+01
2.020302820205688477e+01
1.690601706504821777e+01
1.724367523193359375e+01
1.986921715736389160e+01
1.676889944076538086e+01
1.674054050445556641e+01
1.679816055297851562e+01
1.670224094390869141e+01
1.677099275588989258e+01
1.680977892875671387e+01
2.029960989952087402e+01
1.684930062294006348e+01
