1.614223670959472656e+01
1.590482211112976074e+01
1.592140722274780273e+01
1.595760655403137207e+01
1.594029164314270020e+01
1.600268006324768066e+01
1.602967190742492676e+01
1.608851838111877441e+01
1.597403717041015625e+01
1.610601162910461426e+01
1.615066289901733398e+01
1.602474594116210938e+01
1.605185341835021973e+01
1.604298496246337891e+01
1.602858805656433105e+01
1.603454542160034180e+01
1.602417016029357910e+01
1.611714339256286621e+01
1.606891202926635742e+01
1.885115766525268555e+01
1.607076382637023926e+01
1.610090208053588867e+01
1.605735445022583008e+01
1.614507842063903809e+01
1.978267812728881836e+01
1.619745182991027832e+01
1.610634136199951172e+01
1.613284468650817871e+01
1.618848013877868652e+01
1.620022153854370117e+01
1.615706849098205566e+01
1.612041044235229492e+01
1.619197964668273926e+01
1.614303541183471680e+01
1.614865589141845703e+01
1.620915627479553223e+01
1.610900664329528809e+01
1.617680120468139648e+01
1.613496422767639160e+01
1.620172739028930664e+01
1.617905306816101074e+01
1.612379002571105957e+01
1.666708493232727051e+01
1.619317221641540527e+01
1.618136596679687500e+01
1.618868112564086914e+01
1.620450186729431152e+01
1.617609047889709473e+01
1.620091104507446289e+01
1.618138241767883301e+01
1.614687848091125488e+01
1.616052412986755371e+01
1.619209575653076172e+01
1.611599779129028320e+01
1.623510670661926270e+01
1.613864445686340332e+01
1.616709041595458984e+01
1.613579773902893066e+01
1.619467568397521973e+01
1.616386413574218750e+01
1.618713998794555664e+01
1.615859079360961914e+01
1.662559080123901367e+01
1.613009738922119141e+01
1.614226627349853516e+01
1.614390158653259277e+01
1.612174868583679199e+01
1.618376159667968750e+01
1.615411424636840820e+01
1.614897823333740234e+01
1.618100285530090332e+01
1.618709874153137207e+01
1.620601105690002441e+01
1.617317533493041992e+01
1.622212648391723633e+01
1.616046786308288574e+01
1.620350575447082520e+01
1.602049112319946289e+01
1.608186173439025879e+01
1.613673996925354004e+01
1.615450191497802734e+01
1.628646755218505859e+01
1.618533015251159668e+01
1.612136960029602051e+01
1.611236095428466797e+01
1.614140939712524414e+01
1.667113733291625977e+01
1.615917992591857910e+01
1.615876173973083496e+01
1.680280137062072754e+01
1.615247941017150879e+01
1.616303372383117676e+01
1.623019552230834961e+01
1.615888166427612305e+01
1.616264772415161133e+01
1.619842338562011719e+01
1.612811803817749023e+01
1.615664196014404297e+01
1.621095848083496094e+01
1.614054036140441895e+01
1.612408328056335449e+01
1.612277674674987793e+01
1.614340829849243164e+01
1.612076520919799805e+01
1.616026711463928223e+01
1.612550568580627441e+01
1.610235857963562012e+01
1.602051138877868652e+01
1.609060883522033691e+01
4.100811553001403809e+01
1.607833981513977051e+01
1.608489942550659180e+01
1.610317683219909668e+01
1.612005400657653809e+01
1.661611628532409668e+01
1.617281222343444824e+01
1.674696850776672363e+01
1.618508172035217285e+01
1.619547581672668457e+01
1.617873740196228027e+01
1.615965008735656738e+01
1.614567899703979492e+01
1.614710569381713867e+01
1.608174180984497070e+01
1.608405447006225586e+01
1.607939410209655762e+01
1.614534950256347656e+01
1.616076087951660156e+01
1.609370017051696777e+01
1.619541192054748535e+01
1.615402102470397949e+01
1.612587451934814453e+01
1.617909121513366699e+01
1.612834382057189941e+01
1.614658236503601074e+01
1.611554360389709473e+01
1.622242522239685059e+01
1.609767770767211914e+01
1.665137720108032227e+01
1.610782456398010254e+01
1.611171436309814453e+01
1.611112952232360840e+01
1.613247823715209961e+01
1.617942571640014648e+01
1.615888643264770508e+01
1.617460966110229492e+01
1.613468217849731445e+01
1.609252929687500000e+01
1.617937850952148438e+01
1.610909628868103027e+01
1.602910733222961426e+01
1.615111064910888672e+01
1.613921475410461426e+01
1.613839316368103027e+01
1.611098313331604004e+01
1.616467809677124023e+01
1.602599883079528809e+01
1.679030632972717285e+01
1.613789439201354980e+01
1.612480998039245605e+01
1.615613675117492676e+01
1.609198617935180664e+01
1.611966586112976074e+01
1.607262158393859863e+01
1.619744396209716797e+01
1.611855673789978027e+01
1.615860939025878906e+01
1.608230853080749512e+01
1.617076516151428223e+01
1.611372208595275879e+01
1.612800621986389160e+01
1.611393809318542480e+01
1.627745914459228516e+01
1.661883664131164551e+01
1.618657684326171875e+01
1.619918060302734375e+01
1.613774728775024414e+01
1.612948536872863770e+01
1.612367939949035645e+01
1.610543107986450195e+01
1.610685372352600098e+01
1.615668272972106934e+01
1.610200476646423340e+01
1.610677504539489746e+01
1.615245079994201660e+01
1.655028176307678223e+01
1.615313458442687988e+01
1.620760107040405273e+01
1.619106149673461914e+01
1.617533254623413086e+01
1.612632942199707031e+01
1.620862960815429688e+01
1.612923264503479004e+01
1.614685058593750000e+01
1.617856407165527344e+01
1.618533229827880859e+01
1.611830163002014160e+01
1.612946200370788574e+01
1.614482760429382324e+01
1.614893126487731934e+01
