9.697183966636657715e-01
9.817461371421813965e-01
9.825951457023620605e-01
9.835856556892395020e-01
9.852837324142456055e-01
9.825951457023620605e-01
9.844347238540649414e-01
9.828781485557556152e-01
9.841516613960266113e-01
9.845762252807617188e-01
9.842932224273681641e-01
9.841516613960266113e-01
9.855667352676391602e-01
9.875477552413940430e-01
9.885382652282714844e-01
9.889627695083618164e-01
9.900947809219360352e-01
9.888212680816650391e-01
9.898117780685424805e-01
9.898117780685424805e-01
9.906608462333679199e-01
9.916513562202453613e-01
9.925003647804260254e-01
9.934908747673034668e-01
9.934908747673034668e-01
9.944813847541809082e-01
9.949058890342712402e-01
9.953303933143615723e-01
9.956133961677551270e-01
9.957548975944519043e-01
9.966039061546325684e-01
9.966039061546325684e-01
9.964624047279357910e-01
9.967454075813293457e-01
9.970284700393676758e-01
9.971699714660644531e-01
9.974529743194580078e-01
9.975944757461547852e-01
9.977359771728515625e-01
9.977359771728515625e-01
9.977359771728515625e-01
9.978774785995483398e-01
9.978774785995483398e-01
9.980189800262451172e-01
9.980189800262451172e-01
9.980189800262451172e-01
9.980189800262451172e-01
9.980189800262451172e-01
9.981604814529418945e-01
9.983019828796386719e-01
