7.226545810699462891e-01
9.368897676467895508e-01
9.441064000129699707e-01
9.654733538627624512e-01
9.711334109306335449e-01
9.623602628707885742e-01
9.660393595695495605e-01
9.695768952369689941e-01
9.637752771377563477e-01
9.636337757110595703e-01
9.602377414703369141e-01
9.674543738365173340e-01
9.589642286300659180e-01
9.591057300567626953e-01
9.561341404914855957e-01
9.528796076774597168e-01
9.510400295257568359e-01
9.476439952850341797e-01
9.477854967117309570e-01
9.465119838714599609e-01
9.497665166854858398e-01
9.501910209655761719e-01
9.516060352325439453e-01
9.544361233711242676e-01
9.561341404914855957e-01
9.559926390647888184e-01
9.575491547584533691e-01
9.602377414703369141e-01
9.634922742843627930e-01
9.627847671508789062e-01
9.653318524360656738e-01
9.666053652763366699e-01
9.678788781166076660e-01
9.700013995170593262e-01
9.718409776687622070e-01
9.731144905090332031e-01
9.749540090560913086e-01
9.763690233230590820e-01
9.770765304565429688e-01
9.767935276031494141e-01
9.777840375900268555e-01
9.777840375900268555e-01
9.782086014747619629e-01
9.779255986213684082e-01
9.786331057548522949e-01
9.789161086082458496e-01
9.790576100349426270e-01
9.796236157417297363e-01
9.797651171684265137e-01
9.801896214485168457e-01
