4.168054834008216858e-02
7.508492097258567810e-03
8.497977629303932190e-03
4.833292216062545776e-03
2.311607822775840759e-02
3.129438729956746101e-03
2.229885198175907135e-03
8.762115612626075745e-04
4.772713873535394669e-04
4.929635178996250033e-05
2.604838300612755120e-05
2.267149466206319630e-05
1.528554275864735246e-05
1.009825336950598285e-05
7.734751306998077780e-06
5.943015821685548872e-06
4.942976829624967650e-06
4.175651611149078235e-06
3.228360583307221532e-06
2.767543037407449447e-06
2.206315684816217981e-06
1.728289930724713486e-06
1.410477921126584988e-06
1.187810084957163781e-06
1.028642600431339815e-06
8.801349622444831766e-07
7.555109391432779375e-07
6.516050916616222821e-07
5.725301548409333918e-07
5.056276677350979298e-07
4.444234207312547369e-07
3.941081558878067881e-07
3.487505466637230711e-07
3.113845252755709225e-07
2.814536799178313231e-07
2.584690150797541719e-07
2.378450574269663775e-07
2.195142343452971545e-07
2.029876497999794083e-07
1.889737433202753891e-07
1.769495696635203785e-07
1.665949014295620145e-07
1.575049850544019137e-07
1.495112229576989193e-07
1.430352369879983598e-07
1.376385228013532469e-07
1.326802703260909766e-07
1.284808917034752085e-07
1.245850995701403008e-07
1.211615057172821253e-07
