7.220104455947875977e+00
7.802389383316040039e+00
7.383792877197265625e+00
7.179764032363891602e+00
7.573130130767822266e+00
7.394296646118164062e+00
7.275474786758422852e+00
7.056475639343261719e+00
7.159275770187377930e+00
7.087911605834960938e+00
7.096711158752441406e+00
7.208224773406982422e+00
7.300462245941162109e+00
7.449802398681640625e+00
6.961876153945922852e+00
7.342382431030273438e+00
7.566780090332031250e+00
7.486583471298217773e+00
7.854522705078125000e+00
7.666513919830322266e+00
1.490981125831604004e+01
7.837670087814331055e+00
7.303745746612548828e+00
7.489632129669189453e+00
7.275997161865234375e+00
7.503811120986938477e+00
7.177111625671386719e+00
7.253857612609863281e+00
7.232510089874267578e+00
7.548936367034912109e+00
6.810220479965209961e+00
6.966279983520507812e+00
7.105929613113403320e+00
7.214518308639526367e+00
7.591683387756347656e+00
7.112953424453735352e+00
7.377120256423950195e+00
7.176486015319824219e+00
7.111262083053588867e+00
7.393551588058471680e+00
7.267182111740112305e+00
7.392076015472412109e+00
7.386946439743041992e+00
7.099799633026123047e+00
7.220361948013305664e+00
7.084731817245483398e+00
7.332215547561645508e+00
7.808429479598999023e+00
7.283741474151611328e+00
7.251116037368774414e+00
