8.986735343933105469e-01
6.184597015380859375e-01
1.168431043624877930e+00
1.035843849182128906e+00
9.383182525634765625e-01
1.046792745590209961e+00
1.071133613586425781e+00
1.142939329147338867e+00
1.069302320480346680e+00
1.172379970550537109e+00
9.434299468994140625e-01
9.858636856079101562e-01
9.152636528015136719e-01
1.002930879592895508e+00
1.170747518539428711e+00
9.557895660400390625e-01
9.316024780273437500e-01
1.021124601364135742e+00
7.536592483520507812e-01
7.897794246673583984e-01
7.997725009918212891e-01
6.320862770080566406e-01
1.071459531784057617e+00
8.311550617218017578e-01
1.018647432327270508e+00
7.248861789703369141e-01
1.070651292800903320e+00
9.534063339233398438e-01
1.120181798934936523e+00
8.055834770202636719e-01
1.160121679306030273e+00
1.020212173461914062e+00
8.810117244720458984e-01
1.131634950637817383e+00
1.012664318084716797e+00
1.026762485504150391e+00
8.428809642791748047e-01
1.026532888412475586e+00
1.068255662918090820e+00
7.927775382995605469e-01
9.066677093505859375e-01
7.101299762725830078e-01
9.808192253112792969e-01
1.334615945816040039e+00
9.697396755218505859e-01
1.282887697219848633e+00
8.303971290588378906e-01
6.300320625305175781e-01
1.114938974380493164e+00
1.157213687896728516e+00
