1.614788150787353516e+01
1.557407331466674805e+01
1.577755451202392578e+01
1.583760881423950195e+01
1.572088146209716797e+01
1.595274615287780762e+01
1.587636470794677734e+01
1.584554052352905273e+01
1.815507626533508301e+01
1.583027863502502441e+01
1.601755642890930176e+01
1.575631451606750488e+01
1.593890881538391113e+01
1.963681864738464355e+01
1.600738739967346191e+01
1.808358502388000488e+01
1.583844494819641113e+01
1.974760699272155762e+01
1.595405340194702148e+01
1.587017703056335449e+01
1.583373928070068359e+01
1.853067994117736816e+01
1.898636460304260254e+01
1.575944471359252930e+01
1.598602700233459473e+01
1.585479211807250977e+01
1.593940401077270508e+01
1.927885246276855469e+01
1.585117340087890625e+01
1.596709561347961426e+01
1.578298807144165039e+01
1.959562802314758301e+01
1.584586024284362793e+01
1.782673048973083496e+01
1.581859159469604492e+01
1.598957443237304688e+01
1.590599274635314941e+01
1.599486708641052246e+01
1.599824666976928711e+01
1.595273756980895996e+01
1.597116351127624512e+01
1.600681781768798828e+01
1.589663171768188477e+01
1.581792092323303223e+01
1.985512995719909668e+01
1.969444537162780762e+01
1.591905975341796875e+01
1.606922769546508789e+01
1.592326378822326660e+01
1.604863238334655762e+01
1.588026070594787598e+01
1.604663276672363281e+01
1.594714045524597168e+01
1.597783160209655762e+01
1.598409152030944824e+01
1.788833212852478027e+01
1.838767886161804199e+01
1.581670308113098145e+01
1.591118311882019043e+01
1.583415961265563965e+01
1.604595685005187988e+01
1.596097946166992188e+01
1.603565692901611328e+01
1.583336305618286133e+01
1.595384860038757324e+01
1.597994947433471680e+01
1.603371429443359375e+01
1.590847444534301758e+01
1.584373354911804199e+01
1.565987968444824219e+01
1.594168829917907715e+01
1.595315623283386230e+01
1.587354254722595215e+01
1.586494112014770508e+01
1.592964005470275879e+01
1.598410010337829590e+01
1.603831577301025391e+01
1.573297834396362305e+01
1.776518011093139648e+01
1.602134871482849121e+01
1.576914215087890625e+01
1.599588394165039062e+01
1.602085590362548828e+01
1.584530091285705566e+01
1.576247119903564453e+01
1.582167196273803711e+01
1.580886983871459961e+01
1.584736585617065430e+01
1.608453822135925293e+01
1.584566259384155273e+01
1.591180777549743652e+01
1.597668743133544922e+01
1.584780931472778320e+01
1.593555688858032227e+01
1.592371535301208496e+01
1.609805178642272949e+01
1.602523303031921387e+01
1.582193541526794434e+01
1.595969319343566895e+01
1.586846399307250977e+01
