1.617109966278076172e+01
1.603985691070556641e+01
1.596009802818298340e+01
1.603692626953125000e+01
1.586210131645202637e+01
1.597927784919738770e+01
1.591396617889404297e+01
1.594318795204162598e+01
1.588848423957824707e+01
1.602369856834411621e+01
1.595477867126464844e+01
1.600242590904235840e+01
1.611412811279296875e+01
1.609527254104614258e+01
1.597913122177124023e+01
1.586204814910888672e+01
1.591401195526123047e+01
1.600430703163146973e+01
1.596456027030944824e+01
1.784979724884033203e+01
1.608201551437377930e+01
1.587340402603149414e+01
1.600874304771423340e+01
1.601115894317626953e+01
1.594574689865112305e+01
1.978266954421997070e+01
1.600611233711242676e+01
1.587444615364074707e+01
1.601064324378967285e+01
1.601256775856018066e+01
1.588393616676330566e+01
1.594077110290527344e+01
1.605648684501647949e+01
1.612507033348083496e+01
1.598396635055541992e+01
1.607060289382934570e+01
1.607040309906005859e+01
1.607274484634399414e+01
1.606382155418395996e+01
1.584233236312866211e+01
1.594035816192626953e+01
1.606905388832092285e+01
1.595906400680541992e+01
1.605926799774169922e+01
1.605330467224121094e+01
1.590801334381103516e+01
1.598432207107543945e+01
1.603334355354309082e+01
1.611185646057128906e+01
1.601184415817260742e+01
1.603768706321716309e+01
1.596095681190490723e+01
1.800265502929687500e+01
1.610014677047729492e+01
1.604489564895629883e+01
1.605246663093566895e+01
1.593071460723876953e+01
1.605975294113159180e+01
1.607431340217590332e+01
1.596407413482666016e+01
1.581927132606506348e+01
1.604300403594970703e+01
1.593702864646911621e+01
1.600655126571655273e+01
1.598765110969543457e+01
1.608363914489746094e+01
1.607162237167358398e+01
1.607181286811828613e+01
1.600949978828430176e+01
1.603604340553283691e+01
1.596737647056579590e+01
1.589848709106445312e+01
1.598092508316040039e+01
1.583220148086547852e+01
1.599417018890380859e+01
1.603439426422119141e+01
1.605615520477294922e+01
1.612207460403442383e+01
1.600000834465026855e+01
1.610336589813232422e+01
1.606200265884399414e+01
1.614508771896362305e+01
1.611331725120544434e+01
1.595966529846191406e+01
1.608654499053955078e+01
1.602432227134704590e+01
1.599643397331237793e+01
1.595955204963684082e+01
1.614432001113891602e+01
1.593239688873291016e+01
1.601391434669494629e+01
1.608081793785095215e+01
1.607077693939208984e+01
1.610196948051452637e+01
1.600620055198669434e+01
1.608534550666809082e+01
1.609131121635437012e+01
1.596210718154907227e+01
1.605664968490600586e+01
1.597860503196716309e+01
