1.008409595489501953e+01
9.115113973617553711e+00
9.174926042556762695e+00
9.235762119293212891e+00
9.160822868347167969e+00
9.141215801239013672e+00
9.168050050735473633e+00
9.139626264572143555e+00
9.101252555847167969e+00
9.117069959640502930e+00
9.174335956573486328e+00
9.172729253768920898e+00
9.202222585678100586e+00
9.201354503631591797e+00
9.135470628738403320e+00
9.218149423599243164e+00
9.192026376724243164e+00
9.207855701446533203e+00
9.128525257110595703e+00
9.146737098693847656e+00
1.467159390449523926e+01
9.144353389739990234e+00
9.203670501708984375e+00
9.153434038162231445e+00
9.130970954895019531e+00
9.159101963043212891e+00
9.114055156707763672e+00
9.154817104339599609e+00
9.190631151199340820e+00
9.206074714660644531e+00
