9.706546545028686523e+00
9.384602069854736328e+00
1.749085688591003418e+01
2.937498784065246582e+01
2.246954631805419922e+01
2.303268456459045410e+01
2.453570938110351562e+01
3.699845361709594727e+01
1.004878139495849609e+01
2.722580933570861816e+01
3.698693227767944336e+01
9.557614326477050781e+00
3.700270557403564453e+01
1.009588861465454102e+01
2.121873688697814941e+01
3.690846896171569824e+01
1.644386124610900879e+01
1.956734466552734375e+01
2.197368502616882324e+01
2.431905961036682129e+01
2.350243425369262695e+01
3.674023270606994629e+01
1.560092163085937500e+01
3.051413559913635254e+01
1.629978966712951660e+01
3.686359286308288574e+01
9.783425092697143555e+00
3.704828810691833496e+01
1.536462712287902832e+01
2.566095709800720215e+01
2.757185363769531250e+01
2.895770859718322754e+01
1.789709806442260742e+01
3.682265472412109375e+01
1.137051558494567871e+01
2.834935355186462402e+01
1.929737758636474609e+01
2.733923387527465820e+01
2.025880050659179688e+01
2.768365001678466797e+01
1.864108681678771973e+01
3.698275017738342285e+01
1.656425523757934570e+01
2.105019450187683105e+01
1.948571538925170898e+01
2.528060364723205566e+01
3.670871663093566895e+01
1.626784062385559082e+01
3.691808533668518066e+01
9.605395793914794922e+00
