1.637415528297424316e+01
1.983744168281555176e+01
3.962063837051391602e+01
1.656073021888732910e+01
3.533723020553588867e+01
3.962893104553222656e+01
1.624310445785522461e+01
2.288721919059753418e+01
3.205535006523132324e+01
3.961160111427307129e+01
1.691609287261962891e+01
2.103782773017883301e+01
3.565214681625366211e+01
1.971617031097412109e+01
3.564369511604309082e+01
1.874313020706176758e+01
3.962406396865844727e+01
1.915152668952941895e+01
3.350744605064392090e+01
2.583332610130310059e+01
3.493590807914733887e+01
2.009501147270202637e+01
3.697934150695800781e+01
1.906359004974365234e+01
1.991003084182739258e+01
1.662032723426818848e+01
1.886835861206054688e+01
1.588332581520080566e+01
1.963118600845336914e+01
3.658319592475891113e+01
2.005255866050720215e+01
3.616893148422241211e+01
1.909007048606872559e+01
3.582033061981201172e+01
2.088833379745483398e+01
3.954001021385192871e+01
1.693746709823608398e+01
3.556303930282592773e+01
2.109431624412536621e+01
3.409219336509704590e+01
3.955435872077941895e+01
1.760824966430664062e+01
2.107224678993225098e+01
3.953266239166259766e+01
1.646311020851135254e+01
3.509547328948974609e+01
2.200708007812500000e+01
3.406827807426452637e+01
3.949691843986511230e+01
1.910069823265075684e+01
