3.463022410869598389e-01
5.000000000000000000e-01
5.000000000000000000e-01
5.000000000000000000e-01
4.977492094039916992e-01
5.045015811920166016e-01
5.163987278938293457e-01
5.414791107177734375e-01
5.543408393859863281e-01
5.630224943161010742e-01
5.591639876365661621e-01
5.601286292076110840e-01
5.726687908172607422e-01
5.974276661872863770e-01
5.945337414741516113e-01
5.903537273406982422e-01
6.115755438804626465e-01
6.189710497856140137e-01
5.942122340202331543e-01
6.263665556907653809e-01
6.308681964874267578e-01
6.440514326095581055e-01
6.517685055732727051e-01
6.733118891716003418e-01
6.774919629096984863e-01
6.601285934448242188e-01
6.784566044807434082e-01
6.797427535057067871e-01
7.019292712211608887e-01
6.864951848983764648e-01
6.909967660903930664e-01
7.170417904853820801e-01
7.070739269256591797e-01
7.279742956161499023e-01
7.440514564514160156e-01
7.565916180610656738e-01
7.456591725349426270e-01
7.553054690361022949e-01
7.704179883003234863e-01
7.469453215599060059e-01
7.819935679435729980e-01
7.540193200111389160e-01
7.745980620384216309e-01
7.829582095146179199e-01
8.128617405891418457e-01
8.067523837089538574e-01
8.237941861152648926e-01
8.154340982437133789e-01
8.520900607109069824e-01
8.581993579864501953e-01
8.511254191398620605e-01
8.575562834739685059e-01
8.816720247268676758e-01
9.022508263587951660e-01
8.967845439910888672e-01
8.868167400360107422e-01
9.080385565757751465e-01
9.096462726593017578e-01
9.022508263587951660e-01
9.196141362190246582e-01
9.234726428985595703e-01
9.430868029594421387e-01
9.511253833770751953e-01
9.630225300788879395e-01
9.533762335777282715e-01
9.588424563407897949e-01
9.469453096389770508e-01
9.585208892822265625e-01
9.675241112709045410e-01
9.752411842346191406e-01
9.707395434379577637e-01
9.546623826026916504e-01
8.919613957405090332e-01
9.385852217674255371e-01
9.675241112709045410e-01
9.874597787857055664e-01
9.945337772369384766e-01
9.967845678329467773e-01
9.977492094039916992e-01
9.987138509750366211e-01
9.990353584289550781e-01
9.983922839164733887e-01
9.993569254875183105e-01
9.987138509750366211e-01
9.993569254875183105e-01
1.000000000000000000e+00
1.000000000000000000e+00
1.000000000000000000e+00
1.000000000000000000e+00
1.000000000000000000e+00
1.000000000000000000e+00
1.000000000000000000e+00
1.000000000000000000e+00
1.000000000000000000e+00
1.000000000000000000e+00
1.000000000000000000e+00
1.000000000000000000e+00
1.000000000000000000e+00
1.000000000000000000e+00
1.000000000000000000e+00
