1.485530585050582886e-01
2.974276542663574219e-01
2.974276542663574219e-01
2.974276542663574219e-01
3.093247711658477783e-01
3.414790928363800049e-01
3.945337533950805664e-01
4.032154381275177002e-01
4.196141362190246582e-01
4.340836107730865479e-01
4.488745927810668945e-01
4.225080311298370361e-01
4.627009630203247070e-01
4.781350493431091309e-01
4.913183152675628662e-01
4.913183152675628662e-01
4.935691356658935547e-01
5.237942337989807129e-01
5.331189632415771484e-01
5.302250981330871582e-01
5.376206040382385254e-01
5.488746166229248047e-01
5.678456425666809082e-01
5.832797288894653320e-01
5.945337414741516113e-01
5.938906669616699219e-01
5.720257163047790527e-01
5.881028771400451660e-01
6.173633337020874023e-01
6.180064082145690918e-01
6.337620615959167480e-01
6.501607894897460938e-01
6.594855189323425293e-01
6.620578765869140625e-01
6.591640114784240723e-01
6.951768398284912109e-01
6.784566044807434082e-01
6.938906908035278320e-01
7.196141481399536133e-01
7.334405183792114258e-01
7.501607537269592285e-01
7.639871239662170410e-01
7.488746047019958496e-01
7.659164071083068848e-01
7.758842706680297852e-01
7.710611224174499512e-01
7.983922958374023438e-01
8.250803947448730469e-01
8.450160622596740723e-01
8.311896920204162598e-01
8.363344073295593262e-01
8.324759006500244141e-01
8.594855070114135742e-01
8.543408513069152832e-01
8.440514206886291504e-01
8.048231601715087891e-01
8.733118772506713867e-01
8.800643086433410645e-01
8.929260373115539551e-01
9.170417785644531250e-01
9.292604327201843262e-01
9.475884437561035156e-01
9.588424563407897949e-01
9.517685174942016602e-01
9.543408155441284180e-01
9.418006539344787598e-01
9.672025442123413086e-01
9.614148139953613281e-01
9.581993818283081055e-01
9.581993818283081055e-01
9.678456783294677734e-01
9.848874807357788086e-01
9.363344311714172363e-01
9.700964689254760742e-01
9.881029129028320312e-01
9.954984188079833984e-01
9.971061348915100098e-01
9.961414933204650879e-01
9.983922839164733887e-01
9.990353584289550781e-01
1.000000000000000000e+00
1.000000000000000000e+00
1.000000000000000000e+00
1.000000000000000000e+00
1.000000000000000000e+00
1.000000000000000000e+00
1.000000000000000000e+00
1.000000000000000000e+00
9.890674948692321777e-01
9.881029129028320312e-01
9.623793959617614746e-01
9.241157770156860352e-01
9.112540483474731445e-01
8.790996670722961426e-01
9.112540483474731445e-01
9.530546665191650391e-01
9.858520627021789551e-01
9.926044940948486328e-01
9.948552846908569336e-01
9.993569254875183105e-01
