1.334369897842407227e+00
1.817340135574340820e+00
2.038668870925903320e+00
1.872181653976440430e+00
1.501955032348632812e+00
2.044012784957885742e+00
1.486850976943969727e+00
1.682990074157714844e+00
2.087169408798217773e+00
1.563904285430908203e+00
1.625938177108764648e+00
1.472985029220581055e+00
1.346852064132690430e+00
1.734239816665649414e+00
1.524458646774291992e+00
1.415399074554443359e+00
1.755622386932373047e+00
1.515941619873046875e+00
2.062683582305908203e+00
1.747217893600463867e+00
1.462125778198242188e+00
1.436220169067382812e+00
1.749649286270141602e+00
1.577054023742675781e+00
1.771264314651489258e+00
1.850429534912109375e+00
1.706066370010375977e+00
1.016484022140502930e+00
1.383036375045776367e+00
1.636756420135498047e+00
1.633262395858764648e+00
1.743877172470092773e+00
1.376480340957641602e+00
1.754356622695922852e+00
1.990472555160522461e+00
1.425230264663696289e+00
1.652832031250000000e+00
1.490478038787841797e+00
1.434997797012329102e+00
1.346429109573364258e+00
1.525951147079467773e+00
1.753624677658081055e+00
1.477685213088989258e+00
1.785901308059692383e+00
1.771073818206787109e+00
1.529131412506103516e+00
1.382776498794555664e+00
1.430291891098022461e+00
1.867863416671752930e+00
1.340521335601806641e+00
