1.521166324615478516e+00
1.599059104919433594e+00
1.333009958267211914e+00
1.538152217864990234e+00
1.845754623413085938e+00
1.545351982116699219e+00
1.250808954238891602e+00
1.351623058319091797e+00
1.551045417785644531e+00
1.204575300216674805e+00
1.707514286041259766e+00
1.745925664901733398e+00
1.905282258987426758e+00
1.643588066101074219e+00
1.907777309417724609e+00
1.361160755157470703e+00
1.470767974853515625e+00
1.688612699508666992e+00
1.706110715866088867e+00
1.475524663925170898e+00
1.839047431945800781e+00
1.762096643447875977e+00
1.379449367523193359e+00
1.294785499572753906e+00
1.757579326629638672e+00
1.754933357238769531e+00
1.930839538574218750e+00
1.528411388397216797e+00
1.531214237213134766e+00
1.562831640243530273e+00
1.870939970016479492e+00
1.786990165710449219e+00
1.881258249282836914e+00
1.443526744842529297e+00
1.778075456619262695e+00
1.354082584381103516e+00
2.322987318038940430e+00
1.916186571121215820e+00
1.894892215728759766e+00
1.567232847213745117e+00
1.730341434478759766e+00
1.817024469375610352e+00
1.518768310546875000e+00
1.761396646499633789e+00
1.444777488708496094e+00
1.710934162139892578e+00
1.445670366287231445e+00
1.718022584915161133e+00
1.487857341766357422e+00
1.593372821807861328e+00
