6.899027585983276367e+00
6.492643594741821289e+00
6.729923725128173828e+00
1.313082766532897949e+01
6.414371013641357422e+00
6.757155179977416992e+00
6.767354726791381836e+00
6.817370891571044922e+00
6.794277191162109375e+00
6.886463165283203125e+00
6.279356479644775391e+00
6.498430728912353516e+00
6.535848140716552734e+00
6.626405715942382812e+00
6.078947782516479492e+00
6.881933450698852539e+00
6.644605636596679688e+00
6.358185768127441406e+00
6.092287063598632812e+00
6.729105472564697266e+00
6.322960138320922852e+00
6.407726764678955078e+00
6.575505733489990234e+00
6.887433528900146484e+00
6.209055900573730469e+00
6.599262237548828125e+00
6.302714347839355469e+00
6.745462894439697266e+00
6.844559907913208008e+00
6.674169778823852539e+00
6.226313352584838867e+00
6.382952213287353516e+00
6.290571451187133789e+00
6.675584316253662109e+00
6.439502239227294922e+00
6.686817407608032227e+00
5.916287422180175781e+00
6.346350431442260742e+00
6.499630212783813477e+00
6.764643430709838867e+00
6.484185457229614258e+00
6.286204099655151367e+00
6.603824853897094727e+00
6.503469705581665039e+00
6.619936466217041016e+00
6.444739341735839844e+00
6.901921510696411133e+00
6.543847799301147461e+00
6.798053264617919922e+00
6.628443717956542969e+00
