1.116049003601074219e+01
2.045906949043273926e+01
1.128589034080505371e+01
1.226306557655334473e+01
1.932821512222290039e+01
1.187466740608215332e+01
1.962860107421875000e+01
2.028323793411254883e+01
1.257090711593627930e+01
2.066356396675109863e+01
3.140560650825500488e+01
1.269298481941223145e+01
1.887930464744567871e+01
1.263824772834777832e+01
1.937142992019653320e+01
1.239423465728759766e+01
2.012230944633483887e+01
1.118998718261718750e+01
1.897389817237854004e+01
1.257442355155944824e+01
1.846974372863769531e+01
1.466128444671630859e+01
1.700125050544738770e+01
2.045938134193420410e+01
1.092223715782165527e+01
1.391325569152832031e+01
1.100260901451110840e+01
1.231153440475463867e+01
2.005293917655944824e+01
1.127404141426086426e+01
1.225114917755126953e+01
2.045941090583801270e+01
1.117775821685791016e+01
3.192014813423156738e+01
1.224468564987182617e+01
1.220346498489379883e+01
2.006411552429199219e+01
2.045884776115417480e+01
1.102132797241210938e+01
1.286852097511291504e+01
2.045896720886230469e+01
1.103472495079040527e+01
2.032352614402770996e+01
3.300687479972839355e+01
4.093902111053466797e+01
1.127100706100463867e+01
2.249212384223937988e+01
2.165428757667541504e+01
1.112133312225341797e+01
2.085635113716125488e+01
