1.467347335815429688e+01
4.056114006042480469e+01
1.990530395507812500e+01
2.075572514533996582e+01
2.660815668106079102e+01
4.061020708084106445e+01
1.730390739440917969e+01
2.777409148216247559e+01
2.692745304107666016e+01
2.835463356971740723e+01
4.050819468498229980e+01
4.054443717002868652e+01
2.000434517860412598e+01
2.886464190483093262e+01
2.998934078216552734e+01
3.030303502082824707e+01
4.054623508453369141e+01
2.662719511985778809e+01
2.974484491348266602e+01
4.060635018348693848e+01
1.416222023963928223e+01
4.047176527976989746e+01
1.832088184356689453e+01
2.195690989494323730e+01
3.162293028831481934e+01
4.055000948905944824e+01
2.008281660079956055e+01
4.045395803451538086e+01
1.370123934745788574e+01
4.053479337692260742e+01
2.005899977684020996e+01
2.919509196281433105e+01
4.042942142486572266e+01
4.054462289810180664e+01
1.992871761322021484e+01
4.050138711929321289e+01
2.014369297027587891e+01
2.148126339912414551e+01
2.713248038291931152e+01
2.494572710990905762e+01
4.043080067634582520e+01
2.009826779365539551e+01
2.381102085113525391e+01
3.176489901542663574e+01
2.871552371978759766e+01
4.048038434982299805e+01
1.623823308944702148e+01
2.878070735931396484e+01
3.479212284088134766e+01
4.053529477119445801e+01
2.061290478706359863e+01
3.010730338096618652e+01
2.505974316596984863e+01
2.518476271629333496e+01
2.888646936416625977e+01
4.062302255630493164e+01
1.999731159210205078e+01
4.054389548301696777e+01
1.537719106674194336e+01
4.050037765502929688e+01
2.008827209472656250e+01
4.063015580177307129e+01
1.595187234878540039e+01
4.057850766181945801e+01
2.012014222145080566e+01
2.005088782310485840e+01
3.286859989166259766e+01
4.051945757865905762e+01
1.556545948982238770e+01
4.060325765609741211e+01
2.001888370513916016e+01
4.050975704193115234e+01
2.006756377220153809e+01
4.052996826171875000e+01
1.899972629547119141e+01
4.054849314689636230e+01
2.286628079414367676e+01
3.028882312774658203e+01
3.255659985542297363e+01
2.732217025756835938e+01
3.045105743408203125e+01
4.053466916084289551e+01
1.556224751472473145e+01
2.703977465629577637e+01
4.059446215629577637e+01
1.510334300994873047e+01
2.584096097946166992e+01
3.009647703170776367e+01
2.537080049514770508e+01
3.141057109832763672e+01
2.780815625190734863e+01
3.203893327713012695e+01
2.318311595916748047e+01
4.055118823051452637e+01
2.009196710586547852e+01
2.953784251213073730e+01
2.554563927650451660e+01
2.936696314811706543e+01
2.468174624443054199e+01
2.971702957153320312e+01
4.048638796806335449e+01
1.830061388015747070e+01
4.061440134048461914e+01
2.004897284507751465e+01
4.053443217277526855e+01
1.600406813621520996e+01
2.637337112426757812e+01
4.055337071418762207e+01
2.008830070495605469e+01
2.921633076667785645e+01
2.702024722099304199e+01
2.014693093299865723e+01
1.428957939147949219e+01
4.060713100433349609e+01
2.000550293922424316e+01
2.425589847564697266e+01
4.058836507797241211e+01
1.751773929595947266e+01
4.063288569450378418e+01
1.551342415809631348e+01
4.057358503341674805e+01
2.009789347648620605e+01
1.938995575904846191e+01
4.044799113273620605e+01
1.746514987945556641e+01
3.086022377014160156e+01
2.397683453559875488e+01
2.931220459938049316e+01
2.717822766304016113e+01
2.647843670845031738e+01
4.053858184814453125e+01
2.036245679855346680e+01
3.218945646286010742e+01
1.466503572463989258e+01
1.383053803443908691e+01
2.062624597549438477e+01
3.482562446594238281e+01
2.420837306976318359e+01
2.811445975303649902e+01
2.862201666831970215e+01
2.854045724868774414e+01
2.551013541221618652e+01
4.049432730674743652e+01
2.009513497352600098e+01
3.074781227111816406e+01
4.057749581336975098e+01
1.567015624046325684e+01
2.528958249092102051e+01
3.179945611953735352e+01
3.234412026405334473e+01
2.783701205253601074e+01
4.061656022071838379e+01
1.465070199966430664e+01
4.064000415802001953e+01
2.018084120750427246e+01
2.507526755332946777e+01
4.046629548072814941e+01
2.001756024360656738e+01
2.049553465843200684e+01
3.213637113571166992e+01
2.479266595840454102e+01
4.057879972457885742e+01
2.010964727401733398e+01
2.683508515357971191e+01
4.076807141304016113e+01
2.006081032752990723e+01
1.525303745269775391e+01
1.698375225067138672e+01
1.840017342567443848e+01
4.037622046470642090e+01
1.847536349296569824e+01
2.780048012733459473e+01
2.988154840469360352e+01
3.186234736442565918e+01
2.740164780616760254e+01
4.038981485366821289e+01
2.369733500480651855e+01
4.039567112922668457e+01
4.056589317321777344e+01
2.003417038917541504e+01
4.061113357543945312e+01
1.368515348434448242e+01
4.040133857727050781e+01
2.004297065734863281e+01
2.863882017135620117e+01
2.719096875190734863e+01
4.053177571296691895e+01
2.006284403800964355e+01
2.612773823738098145e+01
4.052985429763793945e+01
2.150513625144958496e+01
2.564955091476440430e+01
2.944617247581481934e+01
2.656865453720092773e+01
4.058620738983154297e+01
1.636101746559143066e+01
2.685113120079040527e+01
2.743708324432373047e+01
4.051877498626708984e+01
1.455815672874450684e+01
