3.622504560947418213e+02
3.818712146282196045e+02
3.818333704471588135e+02
4.418233251571655273e+02
3.636416027545928955e+02
4.102087278366088867e+02
4.132138619422912598e+02
4.418340175151824951e+02
3.818683571815490723e+02
4.160338289737701416e+02
4.418578858375549316e+02
3.875257670879364014e+02
4.418372967243194580e+02
4.418956327438354492e+02
3.818312766551971436e+02
3.953148376941680908e+02
4.418128316402435303e+02
3.890118582248687744e+02
4.418580682277679443e+02
3.936126024723052979e+02
4.418154833316802979e+02
3.818756570816040039e+02
3.751748113632202148e+02
4.201164078712463379e+02
4.418475406169891357e+02
3.818607482910156250e+02
4.002927532196044922e+02
4.125553030967712402e+02
3.825884108543395996e+02
4.087837488651275635e+02
4.418453299999237061e+02
3.818484821319580078e+02
3.773329417705535889e+02
4.063177974224090576e+02
4.418952708244323730e+02
3.746890306472778320e+02
3.884346585273742676e+02
4.129184589385986328e+02
4.418424346446990967e+02
4.419076814651489258e+02
3.621872138977050781e+02
4.110670912265777588e+02
4.317620773315429688e+02
3.951890687942504883e+02
4.418571972846984863e+02
3.633720016479492188e+02
4.418317937850952148e+02
4.418717701435089111e+02
3.719978277683258057e+02
4.160875213146209717e+02
4.418256137371063232e+02
4.418612561225891113e+02
3.818469316959381104e+02
3.934451150894165039e+02
4.146534609794616699e+02
4.164405090808868408e+02
4.418365101814270020e+02
3.685581903457641602e+02
3.806824085712432861e+02
3.718792779445648193e+02
3.818366141319274902e+02
3.818831102848052979e+02
3.818689680099487305e+02
3.651368293762207031e+02
3.818634266853332520e+02
3.818480961322784424e+02
3.818604364395141602e+02
4.167583811283111572e+02
3.779940361976623535e+02
3.818090698719024658e+02
3.818468077182769775e+02
3.622253139019012451e+02
4.307580201625823975e+02
3.818411626815795898e+02
3.735377576351165771e+02
3.818761579990386963e+02
3.692677268981933594e+02
3.818768875598907471e+02
3.633297059535980225e+02
3.680211167335510254e+02
3.662943468093872070e+02
4.418774862289428711e+02
3.818499722480773926e+02
3.895910224914550781e+02
4.139788284301757812e+02
4.061431078910827637e+02
4.087420756816864014e+02
4.418614063262939453e+02
3.818311877250671387e+02
3.827903332710266113e+02
4.418546113967895508e+02
3.782073996067047119e+02
4.073110296726226807e+02
4.418384928703308105e+02
3.818566029071807861e+02
3.968278915882110596e+02
4.418531625270843506e+02
3.751661550998687744e+02
4.418872940540313721e+02
3.818509826660156250e+02
