6.205797195434570312e-02
3.565764427185058594e-02
8.641982078552246094e-02
6.432557106018066406e-02
6.505084037780761719e-02
6.068468093872070312e-02
1.010639667510986328e-01
4.165768623352050781e-02
4.899191856384277344e-02
2.351808547973632812e-02
2.249097824096679688e-02
8.713579177856445312e-02
6.095910072326660156e-02
2.123451232910156250e-02
3.198933601379394531e-02
6.675767898559570312e-02
8.760857582092285156e-02
6.154561042785644531e-02
5.161237716674804688e-02
5.000352859497070312e-02
4.750919342041015625e-02
5.925107002258300781e-02
2.223420143127441406e-02
3.199267387390136719e-02
1.069402694702148438e-02
8.596491813659667969e-02
2.698755264282226562e-02
4.178261756896972656e-02
5.455279350280761719e-02
7.538914680480957031e-02
4.104685783386230469e-02
2.454900741577148438e-02
1.036155223846435547e-01
9.056973457336425781e-02
6.216955184936523438e-02
4.261589050292968750e-02
9.881520271301269531e-02
5.219531059265136719e-02
6.315970420837402344e-02
1.071772575378417969e-01
5.544638633728027344e-02
8.251762390136718750e-02
1.087675094604492188e-01
5.837726593017578125e-02
3.651237487792968750e-02
7.354021072387695312e-02
1.004645824432373047e-01
6.511783599853515625e-02
7.516860961914062500e-02
4.507827758789062500e-02
7.062172889709472656e-02
3.719520568847656250e-02
3.792190551757812500e-02
2.468228340148925781e-02
3.837466239929199219e-02
1.035032272338867188e-01
4.512906074523925781e-02
6.681418418884277344e-02
8.296632766723632812e-02
5.641365051269531250e-02
6.983971595764160156e-02
3.351831436157226562e-02
1.013240814208984375e-01
2.338361740112304688e-02
3.068709373474121094e-02
4.794883728027343750e-02
5.028581619262695312e-02
7.445454597473144531e-02
6.265115737915039062e-02
5.040955543518066406e-02
5.521488189697265625e-02
5.237531661987304688e-02
3.871154785156250000e-02
2.087903022766113281e-02
3.224968910217285156e-02
7.674694061279296875e-02
7.062649726867675781e-02
9.011530876159667969e-02
6.008768081665039062e-02
6.891512870788574219e-02
3.171372413635253906e-02
2.188467979431152344e-02
9.336662292480468750e-02
7.551646232604980469e-02
3.707170486450195312e-02
1.254868507385253906e-02
3.062963485717773438e-02
3.801012039184570312e-02
1.087963581085205078e-01
2.600932121276855469e-02
4.449200630187988281e-02
7.488512992858886719e-02
3.929352760314941406e-02
3.136444091796875000e-02
7.209157943725585938e-02
5.138134956359863281e-02
9.841561317443847656e-02
6.924986839294433594e-02
6.686568260192871094e-02
8.054351806640625000e-02
