4.363756179809570312e+00
3.508915662765502930e+00
3.001794815063476562e+00
2.591619729995727539e+00
2.251757144927978516e+00
1.961511850357055664e+00
1.709603309631347656e+00
1.526575088500976562e+00
1.343687653541564941e+00
1.195809006690979004e+00
1.085413455963134766e+00
9.774761199951171875e-01
8.965528011322021484e-01
8.378831744194030762e-01
7.571402788162231445e-01
7.111286520957946777e-01
6.703281998634338379e-01
6.343228220939636230e-01
6.024391055107116699e-01
5.575288534164428711e-01
5.389688611030578613e-01
5.252980589866638184e-01
4.961340725421905518e-01
4.831732213497161865e-01
4.920836389064788818e-01
4.635179340839385986e-01
4.416924417018890381e-01
4.338323175907135010e-01
4.171693325042724609e-01
4.188124835491180420e-01
4.247196614742279053e-01
4.274835884571075439e-01
3.971514701843261719e-01
3.934161663055419922e-01
4.039488434791564941e-01
3.846659660339355469e-01
3.765028715133666992e-01
3.785199820995330811e-01
3.839840292930603027e-01
3.785111904144287109e-01
3.731683492660522461e-01
3.847146630287170410e-01
3.738096654415130615e-01
3.656702041625976562e-01
3.702802062034606934e-01
3.772375285625457764e-01
3.622362315654754639e-01
3.631621599197387695e-01
3.654619157314300537e-01
3.698449134826660156e-01
3.679537475109100342e-01
3.667759895324707031e-01
3.753344714641571045e-01
3.597777783870697021e-01
3.619109094142913818e-01
3.564868271350860596e-01
3.519613146781921387e-01
3.599182963371276855e-01
3.628798723220825195e-01
3.858240246772766113e-01
3.686388134956359863e-01
3.511191606521606445e-01
3.621148765087127686e-01
3.609551489353179932e-01
3.685054183006286621e-01
3.591882586479187012e-01
3.700084686279296875e-01
3.630906045436859131e-01
3.669422864913940430e-01
3.834084868431091309e-01
3.676770031452178955e-01
3.635090887546539307e-01
3.695882856845855713e-01
3.595743477344512939e-01
3.622542023658752441e-01
3.554482758045196533e-01
3.616294860839843750e-01
3.630865514278411865e-01
3.599680960178375244e-01
3.651229739189147949e-01
3.599864542484283447e-01
3.684485256671905518e-01
3.603734970092773438e-01
3.677721023559570312e-01
3.649441897869110107e-01
3.641626238822937012e-01
3.706977963447570801e-01
3.572516739368438721e-01
3.763912618160247803e-01
3.681199848651885986e-01
3.673240840435028076e-01
3.672888875007629395e-01
3.636759519577026367e-01
3.770271241664886475e-01
3.689101040363311768e-01
3.697586059570312500e-01
3.729422688484191895e-01
3.551464080810546875e-01
3.708421885967254639e-01
3.708141148090362549e-01
