2.225316762924194336e+00
1.553336977958679199e+00
1.224783301353454590e+00
1.003828167915344238e+00
8.344038128852844238e-01
7.033285498619079590e-01
5.981237292289733887e-01
5.304659605026245117e-01
4.623574912548065186e-01
4.134232997894287109e-01
3.689831793308258057e-01
3.507590591907501221e-01
3.162641823291778564e-01
2.960844039916992188e-01
2.789640724658966064e-01
2.613991796970367432e-01
2.460633367300033569e-01
2.392397075891494751e-01
2.301672846078872681e-01
2.129978686571121216e-01
2.108701169490814209e-01
2.062081843614578247e-01
1.998906284570693970e-01
1.980008929967880249e-01
1.907137185335159302e-01
1.865297406911849976e-01
1.849354654550552368e-01
1.821376681327819824e-01
1.715212911367416382e-01
1.698282063007354736e-01
1.813295930624008179e-01
1.654969900846481323e-01
1.695106625556945801e-01
1.697393357753753662e-01
1.684792488813400269e-01
1.612765491008758545e-01
1.642587929964065552e-01
1.678595393896102905e-01
1.698997765779495239e-01
1.647323369979858398e-01
1.696026474237442017e-01
1.616086661815643311e-01
1.623225212097167969e-01
1.568923741579055786e-01
1.598006188869476318e-01
1.559473723173141479e-01
1.622027456760406494e-01
1.678258329629898071e-01
1.610697805881500244e-01
1.668556332588195801e-01
1.570266485214233398e-01
1.674092710018157959e-01
1.555972099304199219e-01
1.586041450500488281e-01
1.588973551988601685e-01
1.614588201045989990e-01
1.560033708810806274e-01
1.625437140464782715e-01
1.627910435199737549e-01
1.606549173593521118e-01
1.547915339469909668e-01
1.538254320621490479e-01
1.564926505088806152e-01
1.597585231065750122e-01
1.636898070573806763e-01
1.561258882284164429e-01
1.591401994228363037e-01
1.583081334829330444e-01
1.544319540262222290e-01
1.613760590553283691e-01
1.594389081001281738e-01
1.582898050546646118e-01
1.572522968053817749e-01
1.570071130990982056e-01
1.718145608901977539e-01
1.676316857337951660e-01
1.615101248025894165e-01
1.638981848955154419e-01
1.606492549180984497e-01
1.587003022432327271e-01
1.660724133253097534e-01
1.643051356077194214e-01
1.620260328054428101e-01
1.667941212654113770e-01
1.633931100368499756e-01
1.653075218200683594e-01
1.616967320442199707e-01
1.674090921878814697e-01
1.614506989717483521e-01
1.651224941015243530e-01
1.610836684703826904e-01
1.634504944086074829e-01
1.658884286880493164e-01
1.594316512346267700e-01
1.641531586647033691e-01
1.638945341110229492e-01
1.599429249763488770e-01
1.643652766942977905e-01
1.585107296705245972e-01
1.619423478841781616e-01
