1.391650342941284180e+01
1.389820623397827148e+01
1.393067860603332520e+01
1.392016339302062988e+01
1.392158889770507812e+01
1.997353506088256836e+01
1.396724343299865723e+01
1.397009396553039551e+01
1.399431824684143066e+01
1.397750473022460938e+01
1.395461082458496094e+01
1.396437001228332520e+01
1.397619557380676270e+01
1.394915294647216797e+01
1.394216895103454590e+01
1.402800488471984863e+01
1.399943375587463379e+01
1.393466186523437500e+01
1.391157984733581543e+01
1.391659188270568848e+01
1.401256036758422852e+01
1.387739133834838867e+01
1.387670445442199707e+01
1.383732295036315918e+01
1.387393903732299805e+01
1.388211846351623535e+01
1.388980054855346680e+01
1.401473522186279297e+01
1.398255014419555664e+01
1.398767352104187012e+01
1.396820378303527832e+01
1.998496937751770020e+01
1.402815556526184082e+01
1.397334527969360352e+01
1.406907987594604492e+01
2.021066927909851074e+01
1.400198292732238770e+01
1.393750190734863281e+01
1.388661718368530273e+01
1.392712783813476562e+01
1.994100832939147949e+01
1.392324900627136230e+01
1.388063192367553711e+01
2.005517983436584473e+01
1.391697597503662109e+01
1.400078225135803223e+01
1.400813150405883789e+01
1.389297866821289062e+01
1.389631175994873047e+01
1.393237900733947754e+01
