5.034971237182617188e-02
5.010271072387695312e-02
5.160403251647949219e-02
5.033779144287109375e-02
5.031371116638183594e-02
5.058455467224121094e-02
4.988551139831542969e-02
5.022144317626953125e-02
5.062890052795410156e-02
5.038046836853027344e-02
5.040931701660156250e-02
5.006790161132812500e-02
5.036187171936035156e-02
5.031156539916992188e-02
5.017352104187011719e-02
5.059337615966796875e-02
5.039811134338378906e-02
5.037617683410644531e-02
5.049276351928710938e-02
5.031824111938476562e-02
5.029654502868652344e-02
5.051350593566894531e-02
5.068778991699218750e-02
5.028414726257324219e-02
5.036902427673339844e-02
4.983425140380859375e-02
5.039691925048828125e-02
5.035781860351562500e-02
5.050539970397949219e-02
5.035996437072753906e-02
5.041575431823730469e-02
5.062079429626464844e-02
5.070519447326660156e-02
5.060219764709472656e-02
5.042648315429687500e-02
5.047893524169921875e-02
5.071115493774414062e-02
5.111241340637207031e-02
5.051112174987792969e-02
5.051517486572265625e-02
5.062985420227050781e-02
5.109477043151855469e-02
5.125832557678222656e-02
5.116891860961914062e-02
5.106043815612792969e-02
5.158662796020507812e-02
5.092000961303710938e-02
5.137372016906738281e-02
5.118846893310546875e-02
5.104303359985351562e-02
