1.413799834251403809e+01
1.411479735374450684e+01
2.000434565544128418e+01
1.412975883483886719e+01
1.419673609733581543e+01
1.431959104537963867e+01
1.431747698783874512e+01
1.411140465736389160e+01
1.413120269775390625e+01
1.405959272384643555e+01
1.985364365577697754e+01
1.390077090263366699e+01
1.379376649856567383e+01
1.376337337493896484e+01
1.380890083312988281e+01
1.374906301498413086e+01
1.387626075744628906e+01
1.384105682373046875e+01
1.368881177902221680e+01
1.379369664192199707e+01
1.379645490646362305e+01
1.378534460067749023e+01
1.372363328933715820e+01
1.371486091613769531e+01
1.369313788414001465e+01
1.374616312980651855e+01
1.995978784561157227e+01
1.378113269805908203e+01
1.377528905868530273e+01
1.372645926475524902e+01
1.369230508804321289e+01
1.374553632736206055e+01
1.369046330451965332e+01
1.368727135658264160e+01
1.378224754333496094e+01
1.372352123260498047e+01
1.377229475975036621e+01
1.378320479393005371e+01
1.371322846412658691e+01
1.377154183387756348e+01
1.374557137489318848e+01
1.376517534255981445e+01
2.003759717941284180e+01
1.379328513145446777e+01
1.370152902603149414e+01
1.376658034324645996e+01
1.983843851089477539e+01
1.379255223274230957e+01
2.006763744354248047e+01
1.377317690849304199e+01
