9.762275218963623047e-01
9.920758605003356934e-01
9.944813847541809082e-01
9.947643876075744629e-01
9.960379004478454590e-01
9.963209033012390137e-01
9.963209033012390137e-01
9.963209033012390137e-01
9.974529743194580078e-01
9.977359771728515625e-01
9.983019828796386719e-01
9.981604814529418945e-01
9.985849857330322266e-01
9.987264871597290039e-01
9.987264871597290039e-01
9.990094900131225586e-01
9.990094900131225586e-01
9.991509914398193359e-01
9.994339942932128906e-01
9.994339942932128906e-01
9.994339942932128906e-01
9.988679885864257812e-01
9.995754957199096680e-01
9.995754957199096680e-01
9.995754957199096680e-01
9.995754957199096680e-01
9.995754957199096680e-01
9.995754957199096680e-01
9.995754957199096680e-01
9.995754957199096680e-01
9.995754957199096680e-01
9.995754957199096680e-01
9.995754957199096680e-01
9.995754957199096680e-01
9.997169971466064453e-01
9.997169971466064453e-01
9.997169971466064453e-01
9.997169971466064453e-01
9.997169971466064453e-01
9.997169971466064453e-01
9.998584985733032227e-01
9.998584985733032227e-01
9.998584985733032227e-01
9.998584985733032227e-01
9.998584985733032227e-01
9.998584985733032227e-01
9.998584985733032227e-01
9.998584985733032227e-01
9.998584985733032227e-01
9.998584985733032227e-01
