1.535023474693298340e+01
1.475011515617370605e+01
1.504230904579162598e+01
1.517982697486877441e+01
1.492755770683288574e+01
1.507697582244873047e+01
1.511375522613525391e+01
1.491925358772277832e+01
1.486695361137390137e+01
1.497941637039184570e+01
1.515791344642639160e+01
1.516962003707885742e+01
1.496760702133178711e+01
1.483132839202880859e+01
1.517263054847717285e+01
1.501315927505493164e+01
1.491367268562316895e+01
1.497334790229797363e+01
1.503438353538513184e+01
1.504003858566284180e+01
1.487679147720336914e+01
1.522446250915527344e+01
1.482170486450195312e+01
1.491785192489624023e+01
1.506180667877197266e+01
2.001223874092102051e+01
1.501329612731933594e+01
1.493028450012207031e+01
1.498096060752868652e+01
1.493198633193969727e+01
