9.597737312316894531e+00
9.321440458297729492e+00
9.461128234863281250e+00
9.597925186157226562e+00
9.224873542785644531e+00
9.254088163375854492e+00
9.456014871597290039e+00
9.272842168807983398e+00
9.231989860534667969e+00
9.276087045669555664e+00
9.188314914703369141e+00
9.329136371612548828e+00
9.481308221817016602e+00
9.182407617568969727e+00
9.443884134292602539e+00
9.489642620086669922e+00
9.322024822235107422e+00
9.382153511047363281e+00
9.351003170013427734e+00
9.258522748947143555e+00
9.354891777038574219e+00
9.340280771255493164e+00
9.299725055694580078e+00
9.315054893493652344e+00
1.471336150169372559e+01
9.267281532287597656e+00
9.300717592239379883e+00
9.455768346786499023e+00
9.334718227386474609e+00
9.359853982925415039e+00
