3.949259221553802490e-02
7.471193559467792511e-03
1.677452819421887398e-03
1.544679689686745405e-04
3.549208850017748773e-05
8.218761422540410422e-07
7.583117849208065309e-07
6.476341809502628166e-07
5.137270022714801598e-07
4.037287624214513926e-07
3.205926191185426433e-07
2.567148271737096366e-07
2.074500002890999895e-07
1.694255615802831016e-07
1.404747109745585476e-07
1.172750145883583173e-07
9.845199855362807284e-08
8.374430393587317667e-08
7.201353469099558424e-08
6.234044036546038114e-08
5.428654503703000955e-08
4.770004480292300286e-08
4.193156044607349031e-08
3.661003944444018998e-08
3.201378362405193911e-08
2.832834589128196967e-08
2.508144270052525826e-08
2.246704866593063343e-08
2.010565935961494688e-08
1.801413773705462518e-08
1.611659072864313202e-08
1.439614472076300444e-08
1.299617213845749575e-08
1.171426866619640350e-08
1.052513276533773023e-08
9.411900592226629669e-09
8.315535815484054183e-09
7.396274259718893518e-09
6.654117701287987074e-09
5.928828983314815559e-09
5.355344168123110649e-09
