1.383091378211975098e+01
1.393910121917724609e+01
1.405088400840759277e+01
1.399443984031677246e+01
1.411218857765197754e+01
1.405698704719543457e+01
1.407429742813110352e+01
1.417441511154174805e+01
1.402508997917175293e+01
1.392759299278259277e+01
1.393120646476745605e+01
1.384600329399108887e+01
1.377187037467956543e+01
1.375674414634704590e+01
1.367633175849914551e+01
1.367008376121520996e+01
1.365587949752807617e+01
1.352591609954833984e+01
1.363993930816650391e+01
2.018454551696777344e+01
1.361301851272583008e+01
1.362710642814636230e+01
1.356611967086791992e+01
4.122691988945007324e+01
1.367875146865844727e+01
2.021073341369628906e+01
1.360485529899597168e+01
1.360197663307189941e+01
2.054514575004577637e+01
1.361234426498413086e+01
1.351932096481323242e+01
1.360542941093444824e+01
1.354084801673889160e+01
1.361005187034606934e+01
1.362919521331787109e+01
1.351558232307434082e+01
1.361228227615356445e+01
1.378634119033813477e+01
1.364971613883972168e+01
1.365553307533264160e+01
1.370721817016601562e+01
1.371505069732666016e+01
1.360371112823486328e+01
1.366168832778930664e+01
1.382180595397949219e+01
1.372409343719482422e+01
1.381438159942626953e+01
1.350010561943054199e+01
1.365766811370849609e+01
2.017079544067382812e+01
