4.914303779602050781e+00
4.978445768356323242e+00
1.269421148300170898e+01
1.331932330131530762e+01
4.911511182785034180e+00
4.968079805374145508e+00
4.742633342742919922e+00
1.180933570861816406e+01
4.947995424270629883e+00
1.201098942756652832e+01
5.160288810729980469e+00
4.950672388076782227e+00
4.956700563430786133e+00
4.902348041534423828e+00
4.853736877441406250e+00
4.706063508987426758e+00
4.943710327148437500e+00
4.625531196594238281e+00
4.940156936645507812e+00
4.898822069168090820e+00
5.177388906478881836e+00
5.032045841217041016e+00
4.846061706542968750e+00
4.996237993240356445e+00
4.900048971176147461e+00
4.934625864028930664e+00
4.853100538253784180e+00
4.878582477569580078e+00
5.368326663970947266e+00
4.837766408920288086e+00
4.693412542343139648e+00
4.665583372116088867e+00
4.854654073715209961e+00
5.071379899978637695e+00
4.786655426025390625e+00
5.159036636352539062e+00
4.879491329193115234e+00
6.697067260742187500e+00
4.945298194885253906e+00
4.979995489120483398e+00
4.824596166610717773e+00
4.968414306640625000e+00
4.720058917999267578e+00
4.672909498214721680e+00
4.801462650299072266e+00
4.823674678802490234e+00
4.822663545608520508e+00
4.965681076049804688e+00
4.738539218902587891e+00
5.014802932739257812e+00
