2.140378236770629883e+00
1.275236606597900391e+00
8.774888515472412109e-01
8.055876493453979492e-01
7.460004091262817383e-01
6.630725264549255371e-01
6.226350665092468262e-01
5.855613350868225098e-01
6.039698123931884766e-01
5.654940605163574219e-01
5.577068328857421875e-01
5.454335808753967285e-01
5.382622480392456055e-01
5.275413393974304199e-01
5.300235152244567871e-01
5.239467024803161621e-01
5.274023413658142090e-01
5.153778195381164551e-01
5.040594339370727539e-01
5.007886290550231934e-01
4.919234216213226318e-01
4.829162061214447021e-01
4.871827363967895508e-01
4.756825566291809082e-01
4.761278033256530762e-01
4.756866991519927979e-01
4.684332907199859619e-01
4.673239588737487793e-01
4.646871387958526611e-01
4.618431031703948975e-01
4.583996236324310303e-01
4.566739797592163086e-01
4.554335474967956543e-01
4.555329084396362305e-01
4.550367295742034912e-01
4.567224085330963135e-01
4.514321982860565186e-01
4.503050446510314941e-01
4.498544335365295410e-01
4.531269967555999756e-01
4.487009048461914062e-01
4.486493766307830811e-01
4.475664496421813965e-01
4.469581842422485352e-01
4.467609226703643799e-01
4.461299777030944824e-01
4.456840455532073975e-01
4.453571438789367676e-01
4.456600546836853027e-01
4.452333450317382812e-01
4.446350038051605225e-01
4.442905187606811523e-01
4.449387788772583008e-01
4.440045654773712158e-01
4.440420866012573242e-01
4.437102079391479492e-01
4.436474442481994629e-01
4.434086382389068604e-01
4.435240924358367920e-01
4.433042109012603760e-01
4.432065188884735107e-01
4.431436359882354736e-01
4.430083632469177246e-01
4.430634975433349609e-01
4.429362714290618896e-01
4.429712295532226562e-01
4.429190754890441895e-01
4.427944123744964600e-01
4.427221417427062988e-01
4.427425563335418701e-01
4.427237510681152344e-01
4.427068233489990234e-01
4.426994025707244873e-01
4.425799846649169922e-01
4.425975084304809570e-01
4.425528347492218018e-01
4.425564110279083252e-01
4.425627887248992920e-01
4.425237178802490234e-01
4.424842298030853271e-01
4.424813389778137207e-01
4.424692392349243164e-01
4.424582719802856445e-01
4.425108432769775391e-01
4.424628615379333496e-01
4.424587488174438477e-01
4.424317479133605957e-01
4.424377679824829102e-01
4.424246251583099365e-01
4.424152970314025879e-01
4.424065351486206055e-01
4.424264729022979736e-01
4.424246251583099365e-01
4.424052238464355469e-01
4.424006342887878418e-01
4.423900842666625977e-01
4.423870444297790527e-01
4.423848986625671387e-01
4.423856437206268311e-01
4.423813521862030029e-01
