4.213573634624481201e-01
5.467996001243591309e-01
5.467996001243591309e-01
5.467996001243591309e-01
5.467996001243591309e-01
5.467996001243591309e-01
5.467996001243591309e-01
5.467996001243591309e-01
5.467996001243591309e-01
5.467996001243591309e-01
5.467996001243591309e-01
5.467996001243591309e-01
5.480862259864807129e-01
5.493727922439575195e-01
5.503377318382263184e-01
5.548408031463623047e-01
5.632035732269287109e-01
5.757478475570678711e-01
6.011579036712646484e-01
6.018012166023254395e-01
6.137021780014038086e-01
6.082341670989990234e-01
6.162753105163574219e-01
6.207783818244934082e-01
6.243165135383605957e-01
6.246381402015686035e-01
6.265680193901062012e-01
6.288195848464965820e-01
6.330009698867797852e-01
6.288195848464965820e-01
6.330009698867797852e-01
6.339659094810485840e-01
6.358957886695861816e-01
6.336442828178405762e-01
6.365391016006469727e-01
6.342875361442565918e-01
6.378256678581237793e-01
6.365391016006469727e-01
6.378256678581237793e-01
6.403988599777221680e-01
6.358957886695861816e-01
6.391122341156005859e-01
6.384689807891845703e-01
6.368607282638549805e-01
6.410421133041381836e-01
6.387906074523925781e-01
6.400771737098693848e-01
6.394339203834533691e-01
6.407204866409301758e-01
6.397555470466613770e-01
6.420070528984069824e-01
6.410421133041381836e-01
6.397555470466613770e-01
6.413637995719909668e-01
6.397555470466613770e-01
6.416854262351989746e-01
6.416854262351989746e-01
6.400771737098693848e-01
6.416854262351989746e-01
6.410421133041381836e-01
6.394339203834533691e-01
6.403988599777221680e-01
6.407204866409301758e-01
6.407204866409301758e-01
6.416854262351989746e-01
6.407204866409301758e-01
6.410421133041381836e-01
6.413637995719909668e-01
6.416854262351989746e-01
6.413637995719909668e-01
6.413637995719909668e-01
6.407204866409301758e-01
6.410421133041381836e-01
6.420070528984069824e-01
6.416854262351989746e-01
6.416854262351989746e-01
6.420070528984069824e-01
6.420070528984069824e-01
6.423287391662597656e-01
6.420070528984069824e-01
6.423287391662597656e-01
6.416854262351989746e-01
6.413637995719909668e-01
6.423287391662597656e-01
6.423287391662597656e-01
6.423287391662597656e-01
6.423287391662597656e-01
6.423287391662597656e-01
6.423287391662597656e-01
6.423287391662597656e-01
6.423287391662597656e-01
6.423287391662597656e-01
6.423287391662597656e-01
6.423287391662597656e-01
6.423287391662597656e-01
6.423287391662597656e-01
6.423287391662597656e-01
6.423287391662597656e-01
6.423287391662597656e-01
6.423287391662597656e-01
