2.046726870536804199e+01
1.435693883895874023e+01
2.039743328094482422e+01
1.621484518051147461e+01
1.615961837768554688e+01
1.923106431961059570e+01
1.429534912109375000e+01
1.681618547439575195e+01
1.906773710250854492e+01
1.593746399879455566e+01
1.461347198486328125e+01
1.465192937850952148e+01
1.806766772270202637e+01
1.608662462234497070e+01
1.637134647369384766e+01
1.748963809013366699e+01
1.503775501251220703e+01
2.038771080970764160e+01
1.535874891281127930e+01
2.039840769767761230e+01
1.444303846359252930e+01
1.614314985275268555e+01
1.590899515151977539e+01
2.039550137519836426e+01
1.445047831535339355e+01
1.675388288497924805e+01
1.611933684349060059e+01
1.480167031288146973e+01
1.884594202041625977e+01
1.625513076782226562e+01
1.670321273803710938e+01
1.480303359031677246e+01
2.039809489250183105e+01
1.447184562683105469e+01
1.738771986961364746e+01
1.477591848373413086e+01
1.625249600410461426e+01
1.609832620620727539e+01
1.745553016662597656e+01
1.919619345664978027e+01
1.663780856132507324e+01
1.768680930137634277e+01
1.446760296821594238e+01
1.605520677566528320e+01
1.750441145896911621e+01
1.606577396392822266e+01
1.601933264732360840e+01
1.672100090980529785e+01
1.614188599586486816e+01
1.641932964324951172e+01
1.618932890892028809e+01
1.483825659751892090e+01
1.627505731582641602e+01
1.830367517471313477e+01
1.488335037231445312e+01
1.865428495407104492e+01
1.556784558296203613e+01
1.605964159965515137e+01
1.602683019638061523e+01
2.039019656181335449e+01
1.443543839454650879e+01
1.541106605529785156e+01
1.816430473327636719e+01
1.900545120239257812e+01
1.612111759185791016e+01
1.742598652839660645e+01
1.617628765106201172e+01
1.657090497016906738e+01
1.641418361663818359e+01
1.636027002334594727e+01
1.708211278915405273e+01
1.627822113037109375e+01
1.709030079841613770e+01
1.630629730224609375e+01
1.487163448333740234e+01
1.441504907608032227e+01
1.618548297882080078e+01
1.660191512107849121e+01
2.039863705635070801e+01
1.508688163757324219e+01
1.648167252540588379e+01
1.479710364341735840e+01
2.037612175941467285e+01
2.039550518989562988e+01
1.451574039459228516e+01
1.811684012413024902e+01
1.442755198478698730e+01
1.477285289764404297e+01
1.480012273788452148e+01
1.643660807609558105e+01
1.712776446342468262e+01
1.951642203330993652e+01
1.605355596542358398e+01
1.634194707870483398e+01
1.445315933227539062e+01
1.596021437644958496e+01
1.827983546257019043e+01
1.499818110466003418e+01
1.448762512207031250e+01
1.620679640769958496e+01
1.656514787673950195e+01
1.481964826583862305e+01
2.028478670120239258e+01
1.607294154167175293e+01
1.631290435791015625e+01
1.479086351394653320e+01
2.039809703826904297e+01
1.445450687408447266e+01
1.561661338806152344e+01
1.693200802803039551e+01
2.040018057823181152e+01
1.447480034828186035e+01
2.038667178153991699e+01
1.522503542900085449e+01
1.635886836051940918e+01
1.693862295150756836e+01
1.902904987335205078e+01
1.442502236366271973e+01
1.699757528305053711e+01
2.040144753456115723e+01
1.438123607635498047e+01
1.535959005355834961e+01
1.830305337905883789e+01
1.451236200332641602e+01
1.440372467041015625e+01
1.607759690284729004e+01
1.493537259101867676e+01
1.635414838790893555e+01
1.444321632385253906e+01
1.745921778678894043e+01
1.598987030982971191e+01
1.622801136970520020e+01
1.787246012687683105e+01
1.460039734840393066e+01
1.956324243545532227e+01
1.497842168807983398e+01
1.851995468139648438e+01
1.673762607574462891e+01
2.039860439300537109e+01
1.589853453636169434e+01
1.618263936042785645e+01
1.615376877784729004e+01
1.480778503417968750e+01
1.607157564163208008e+01
2.037877035140991211e+01
1.446847343444824219e+01
1.478713941574096680e+01
1.483626222610473633e+01
1.622684264183044434e+01
1.629189682006835938e+01
1.616153526306152344e+01
2.038835024833679199e+01
1.442963147163391113e+01
1.475520253181457520e+01
1.616357398033142090e+01
1.625416374206542969e+01
1.475967097282409668e+01
1.616965937614440918e+01
1.748690533638000488e+01
2.038556957244873047e+01
1.528393554687500000e+01
1.455216431617736816e+01
1.875475931167602539e+01
1.589168167114257812e+01
1.608777165412902832e+01
1.482734990119934082e+01
1.640498661994934082e+01
1.716334867477416992e+01
1.451315283775329590e+01
1.485495781898498535e+01
1.883967804908752441e+01
1.477783727645874023e+01
1.792631101608276367e+01
1.485859656333923340e+01
1.490681433677673340e+01
1.479944133758544922e+01
1.608116555213928223e+01
1.725657629966735840e+01
1.625780677795410156e+01
2.037688755989074707e+01
1.459696674346923828e+01
2.038656163215637207e+01
1.446262884140014648e+01
1.850210142135620117e+01
1.444828367233276367e+01
1.656717467308044434e+01
1.547914552688598633e+01
1.908802580833435059e+01
1.602334690093994141e+01
1.906502628326416016e+01
1.468483042716979980e+01
1.631304097175598145e+01
1.479593348503112793e+01
1.827679204940795898e+01
2.039481425285339355e+01
1.448459100723266602e+01
1.624620079994201660e+01
1.758776307106018066e+01
1.625924062728881836e+01
1.903164577484130859e+01
