8.298487961292266846e-02
2.479897141456604004e-01
3.837246596813201904e-01
5.149565935134887695e-01
6.256030797958374023e-01
7.114827632904052734e-01
7.668060660362243652e-01
8.115149736404418945e-01
8.468961119651794434e-01
8.803473711013793945e-01
8.986812233924865723e-01
9.096172451972961426e-01
9.195882678031921387e-01
9.392087459564208984e-01
9.417819380760192871e-01
9.527179002761840820e-01
9.556127190589904785e-01
9.597941637039184570e-01
9.662270545959472656e-01
9.639755487442016602e-01
9.655838012695312500e-01
9.694435596466064453e-01
9.704084992408752441e-01
9.716950654983520508e-01
9.761981368064880371e-01
9.765197634696960449e-01
9.787713289260864258e-01
9.778063893318176270e-01
9.794145822525024414e-01
9.797362685203552246e-01
9.810228347778320312e-01
9.803795218467712402e-01
9.765197634696960449e-01
9.797362685203552246e-01
9.787713289260864258e-01
9.794145822525024414e-01
9.845609664916992188e-01
9.832743406295776367e-01
9.810228347778320312e-01
9.835960268974304199e-01
9.816661477088928223e-01
9.816661477088928223e-01
9.819877743721008301e-01
9.832743406295776367e-01
9.835960268974304199e-01
9.829527139663696289e-01
9.835960268974304199e-01
9.839176535606384277e-01
9.845609664916992188e-01
9.813444614410400391e-01
9.855259060859680176e-01
9.819877743721008301e-01
9.864908456802368164e-01
9.835960268974304199e-01
9.852042198181152344e-01
9.842392802238464355e-01
9.845609664916992188e-01
9.835960268974304199e-01
9.823094010353088379e-01
9.848825931549072266e-01
9.816661477088928223e-01
9.784496426582336426e-01
9.832743406295776367e-01
9.848825931549072266e-01
9.810228347778320312e-01
9.835960268974304199e-01
9.839176535606384277e-01
9.842392802238464355e-01
9.819877743721008301e-01
9.848825931549072266e-01
9.839176535606384277e-01
9.855259060859680176e-01
9.816661477088928223e-01
9.842392802238464355e-01
9.835960268974304199e-01
9.823094010353088379e-01
9.852042198181152344e-01
9.855259060859680176e-01
9.842392802238464355e-01
9.832743406295776367e-01
9.800578951835632324e-01
9.832743406295776367e-01
9.855259060859680176e-01
9.842392802238464355e-01
9.842392802238464355e-01
9.807012081146240234e-01
9.826310873031616211e-01
9.819877743721008301e-01
9.829527139663696289e-01
9.852042198181152344e-01
9.835960268974304199e-01
9.855259060859680176e-01
9.842392802238464355e-01
9.832743406295776367e-01
9.826310873031616211e-01
9.816661477088928223e-01
9.842392802238464355e-01
9.823094010353088379e-01
9.807012081146240234e-01
9.819877743721008301e-01
