2.319080862998962402e+02
2.291306531429290771e+02
2.279718248844146729e+02
2.271964001655578613e+02
2.267343330383300781e+02
2.820039529800415039e+02
2.506065425872802734e+02
2.401387200355529785e+02
2.789000740051269531e+02
2.312583751678466797e+02
2.307896285057067871e+02
2.313184080123901367e+02
2.711168916225433350e+02
2.258859133720397949e+02
2.533504247665405273e+02
2.293384311199188232e+02
2.296935117244720459e+02
2.284419307708740234e+02
2.306282923221588135e+02
2.287422330379486084e+02
2.264649274349212646e+02
2.780003695487976074e+02
2.308447344303131104e+02
2.286066784858703613e+02
2.727646994590759277e+02
2.284423246383666992e+02
2.272277224063873291e+02
2.297100436687469482e+02
2.285460629463195801e+02
2.285068969726562500e+02
2.293045969009399414e+02
2.270683033466339111e+02
2.299275288581848145e+02
2.310087585449218750e+02
2.293240737915039062e+02
2.311250839233398438e+02
2.308751504421234131e+02
2.297026033401489258e+02
2.375994100570678711e+02
2.284356031417846680e+02
2.309852066040039062e+02
2.289610285758972168e+02
2.291600651741027832e+02
2.708275051116943359e+02
2.294108500480651855e+02
2.747240388393402100e+02
2.308990571498870850e+02
2.318049399852752686e+02
2.324265131950378418e+02
2.436215064525604248e+02
2.496662485599517822e+02
2.529887535572052002e+02
2.329773087501525879e+02
2.728906834125518799e+02
2.288748464584350586e+02
2.291002433300018311e+02
2.280385210514068604e+02
2.289640016555786133e+02
2.290319769382476807e+02
2.266990108489990234e+02
2.292329726219177246e+02
2.299005372524261475e+02
2.644774801731109619e+02
2.525363135337829590e+02
2.260204091072082520e+02
2.286818218231201172e+02
2.306177203655242920e+02
2.275331144332885742e+02
2.278055212497711182e+02
2.277673778533935547e+02
2.328207166194915771e+02
2.295976376533508301e+02
2.341888232231140137e+02
2.274523086547851562e+02
2.305855860710144043e+02
2.251014986038208008e+02
2.301236617565155029e+02
2.580271801948547363e+02
2.300425937175750732e+02
2.294328124523162842e+02
2.558960916996002197e+02
2.300442748069763184e+02
2.287992246150970459e+02
2.882941131591796875e+02
2.500719048976898193e+02
2.310227489471435547e+02
2.290899496078491211e+02
2.292655236721038818e+02
2.287561531066894531e+02
2.888725123405456543e+02
2.311464023590087891e+02
2.294920401573181152e+02
2.291062839031219482e+02
2.298358149528503418e+02
2.291537568569183350e+02
2.296350510120391846e+02
2.313610801696777344e+02
2.295532443523406982e+02
2.314926230907440186e+02
2.292271044254302979e+02
