2.386329391002655029e+02
2.591429061889648438e+02
3.218814332485198975e+02
2.390660266876220703e+02
2.588357782363891602e+02
2.666447885036468506e+02
2.962625844478607178e+02
2.719727106094360352e+02
2.800778305530548096e+02
2.859122228622436523e+02
2.634628419876098633e+02
3.218729944229125977e+02
2.381300396919250488e+02
3.218555786609649658e+02
3.218866727352142334e+02
2.393814942836761475e+02
2.665235936641693115e+02
2.717574231624603271e+02
2.958878109455108643e+02
2.608067944049835205e+02
2.917083287239074707e+02
3.218663418292999268e+02
2.392738118171691895e+02
3.218787081241607666e+02
2.382298734188079834e+02
2.831597907543182373e+02
2.763045833110809326e+02
2.805391206741333008e+02
2.630696792602539062e+02
2.618578953742980957e+02
2.393492019176483154e+02
2.601138713359832764e+02
2.704680609703063965e+02
3.218832538127899170e+02
2.618687479496002197e+02
3.218638453483581543e+02
2.397467119693756104e+02
2.504049832820892334e+02
2.433117814064025879e+02
2.830206227302551270e+02
3.218659019470214844e+02
2.371600432395935059e+02
2.804652450084686279e+02
2.788913819789886475e+02
2.803877730369567871e+02
3.218544545173645020e+02
2.618695535659790039e+02
2.618966848850250244e+02
2.395114333629608154e+02
2.409255387783050537e+02
2.618700835704803467e+02
2.489452672004699707e+02
2.807671904563903809e+02
3.218569812774658203e+02
2.412805013656616211e+02
2.958826947212219238e+02
2.771040720939636230e+02
2.478755941390991211e+02
2.777565286159515381e+02
2.837190382480621338e+02
2.726906495094299316e+02
2.865962407588958740e+02
2.891914143562316895e+02
2.725412149429321289e+02
2.867897391319274902e+02
3.218497629165649414e+02
2.618677394390106201e+02
2.515303332805633545e+02
2.851876296997070312e+02
2.535486454963684082e+02
2.539874162673950195e+02
2.506576464176177979e+02
2.618620715141296387e+02
3.218826203346252441e+02
2.618726177215576172e+02
2.618099870681762695e+02
3.218539714813232422e+02
2.618719055652618408e+02
2.618760063648223877e+02
3.218677198886871338e+02
2.518864734172821045e+02
2.696391234397888184e+02
2.944390170574188232e+02
2.626562604904174805e+02
3.000980854034423828e+02
2.676279568672180176e+02
3.218737342357635498e+02
2.619026563167572021e+02
2.706194992065429688e+02
2.543723635673522949e+02
3.218613548278808594e+02
2.589244408607482910e+02
2.752310180664062500e+02
2.906051032543182373e+02
2.917224888801574707e+02
2.918277873992919922e+02
2.648435316085815430e+02
2.698354969024658203e+02
3.218744835853576660e+02
2.393789908885955811e+02
