6.765747070312500000e-02
6.779241561889648438e-02
6.757545471191406250e-02
6.832456588745117188e-02
6.734156608581542969e-02
6.743097305297851562e-02
6.776189804077148438e-02
6.716299057006835938e-02
6.722140312194824219e-02
6.768131256103515625e-02
6.750607490539550781e-02
6.733870506286621094e-02
6.717634201049804688e-02
6.748223304748535156e-02
6.751585006713867188e-02
6.751751899719238281e-02
6.799268722534179688e-02
6.808567047119140625e-02
6.764888763427734375e-02
6.749534606933593750e-02
6.719684600830078125e-02
6.776714324951171875e-02
6.789946556091308594e-02
6.844735145568847656e-02
6.774306297302246094e-02
6.795382499694824219e-02
6.746459007263183594e-02
6.761765480041503906e-02
6.828498840332031250e-02
6.747817993164062500e-02
6.746602058410644531e-02
6.773352622985839844e-02
6.762719154357910156e-02
6.842207908630371094e-02
6.824803352355957031e-02
6.826305389404296875e-02
6.853842735290527344e-02
6.831622123718261719e-02
6.819987297058105469e-02
6.808972358703613281e-02
6.734657287597656250e-02
6.798410415649414062e-02
6.823015213012695312e-02
6.792354583740234375e-02
6.768321990966796875e-02
6.840324401855468750e-02
6.856560707092285156e-02
6.718921661376953125e-02
6.806516647338867188e-02
6.814122200012207031e-02
