1.443901443481445312e+01
1.469994187355041504e+01
1.465335702896118164e+01
1.468551087379455566e+01
1.469576907157897949e+01
1.469728779792785645e+01
2.017099404335021973e+01
1.467698431015014648e+01
1.466991877555847168e+01
1.470613312721252441e+01
1.463922786712646484e+01
1.472212624549865723e+01
1.466731548309326172e+01
1.465528726577758789e+01
1.466281700134277344e+01
1.472365546226501465e+01
1.472853183746337891e+01
1.472317838668823242e+01
1.469131588935852051e+01
1.998691439628601074e+01
1.468229651451110840e+01
1.463827443122863770e+01
1.467639708518981934e+01
1.465474224090576172e+01
1.464848208427429199e+01
1.461889171600341797e+01
1.468011021614074707e+01
2.045898127555847168e+01
1.441125845909118652e+01
1.460206747055053711e+01
2.003312015533447266e+01
2.045840907096862793e+01
1.440212535858154297e+01
1.465296077728271484e+01
1.471279406547546387e+01
1.468704462051391602e+01
1.470534873008728027e+01
1.492606544494628906e+01
1.982587170600891113e+01
1.478951382637023926e+01
1.477179574966430664e+01
1.475278210639953613e+01
1.455207681655883789e+01
2.016072225570678711e+01
1.478984737396240234e+01
2.048122239112854004e+01
1.470249700546264648e+01
1.470519423484802246e+01
1.472399187088012695e+01
1.480852079391479492e+01
