1.457350611686706543e+01
1.463491678237915039e+01
1.465933895111083984e+01
1.459799551963806152e+01
2.009468531608581543e+01
1.461588311195373535e+01
1.974689006805419922e+01
1.455007958412170410e+01
1.979640197753906250e+01
1.453500962257385254e+01
1.976809382438659668e+01
1.451178717613220215e+01
1.452382421493530273e+01
1.455576300621032715e+01
1.451854419708251953e+01
1.451858854293823242e+01
1.453442120552062988e+01
1.998793005943298340e+01
2.008414340019226074e+01
1.452151679992675781e+01
1.983193898200988770e+01
1.448089265823364258e+01
1.453256964683532715e+01
1.988205981254577637e+01
1.451234865188598633e+01
1.979566264152526855e+01
1.448042345046997070e+01
1.442301750183105469e+01
1.435604882240295410e+01
1.442841982841491699e+01
1.440850687026977539e+01
1.439714550971984863e+01
1.439301228523254395e+01
1.437309765815734863e+01
1.996361017227172852e+01
1.443451738357543945e+01
1.437564659118652344e+01
1.976260685920715332e+01
1.450313973426818848e+01
1.446505165100097656e+01
1.441553401947021484e+01
1.445853924751281738e+01
1.443978595733642578e+01
1.453052425384521484e+01
2.025113201141357422e+01
1.446380686759948730e+01
1.440826678276062012e+01
1.449026107788085938e+01
1.976657152175903320e+01
1.438440299034118652e+01
