6.548881530761718750e-02
6.501150131225585938e-02
6.516909599304199219e-02
6.593513488769531250e-02
6.572246551513671875e-02
6.529974937438964844e-02
6.557488441467285156e-02
6.571722030639648438e-02
6.561112403869628906e-02
6.551957130432128906e-02
6.578350067138671875e-02
6.533241271972656250e-02
6.590414047241210938e-02
6.602072715759277344e-02
6.669569015502929688e-02
6.617593765258789062e-02
6.606769561767578125e-02
6.650614738464355469e-02
6.647562980651855469e-02
6.641340255737304688e-02
6.642389297485351562e-02
6.649565696716308594e-02
6.690931320190429688e-02
6.674504280090332031e-02
6.628131866455078125e-02
6.590366363525390625e-02
6.530642509460449219e-02
6.521558761596679688e-02
6.520843505859375000e-02
6.502509117126464844e-02
6.514716148376464844e-02
6.541156768798828125e-02
6.537270545959472656e-02
6.549501419067382812e-02
6.577444076538085938e-02
6.528139114379882812e-02
6.555891036987304688e-02
6.557106971740722656e-02
6.509876251220703125e-02
6.548094749450683594e-02
6.525993347167968750e-02
6.531357765197753906e-02
6.509256362915039062e-02
6.554007530212402344e-02
6.539201736450195312e-02
6.550264358520507812e-02
6.520986557006835938e-02
6.535553932189941406e-02
6.502580642700195312e-02
6.534266471862792969e-02
