5.607044324278831482e-02
4.276305437088012695e-02
3.354484960436820984e-02
2.685538679361343384e-02
2.540331706404685974e-02
4.107872769236564636e-02
3.697219118475914001e-02
2.737704478204250336e-02
2.571171335875988007e-02
3.338957577943801880e-02
2.658968418836593628e-02
2.313514985144138336e-02
3.197454288601875305e-02
2.775233611464500427e-02
2.229365520179271698e-02
2.532111667096614838e-02
1.788808405399322510e-02
2.220621332526206970e-02
1.887615025043487549e-02
1.864361017942428589e-02
1.774105429649353027e-02
2.526687458157539368e-02
2.031499333679676056e-02
2.145909145474433899e-02
1.631350070238113403e-02
1.824888959527015686e-02
1.931089907884597778e-02
1.786547712981700897e-02
1.504227053374052048e-02
1.436181552708148956e-02
1.231514848768711090e-02
1.188545301556587219e-02
1.156456209719181061e-02
1.081468537449836731e-02
1.060339715331792831e-02
1.047402899712324142e-02
9.728641249239444733e-03
9.684192016720771790e-03
9.570478461682796478e-03
9.543028660118579865e-03
9.804490953683853149e-03
9.720874018967151642e-03
9.596718475222587585e-03
9.300154633820056915e-03
9.615744464099407196e-03
9.435251355171203613e-03
9.469550102949142456e-03
9.261395782232284546e-03
9.020576253533363342e-03
9.013715200126171112e-03
