7.219992399215698242e+00
6.989943265914916992e+00
1.679671525955200195e+01
8.406771421432495117e+00
1.786720418930053711e+01
1.767356610298156738e+01
7.668814659118652344e+00
3.835439968109130859e+01
7.473249435424804688e+00
3.825078320503234863e+01
6.845207214355468750e+00
2.741883683204650879e+01
1.997691082954406738e+01
3.836664485931396484e+01
7.447674036026000977e+00
2.538456249237060547e+01
1.963401794433593750e+01
2.570423293113708496e+01
2.049304032325744629e+01
2.496301388740539551e+01
2.195525741577148438e+01
2.353402256965637207e+01
3.826700210571289062e+01
7.596164464950561523e+00
3.822563958168029785e+01
7.153346300125122070e+00
1.920495414733886719e+01
2.630857634544372559e+01
1.852920317649841309e+01
2.787728619575500488e+01
1.962608909606933594e+01
2.757348060607910156e+01
1.762588024139404297e+01
3.839527344703674316e+01
6.945948362350463867e+00
3.835581302642822266e+01
6.920475959777832031e+00
2.663884925842285156e+01
1.911277174949645996e+01
2.681937766075134277e+01
3.826024103164672852e+01
6.865232229232788086e+00
1.795816469192504883e+01
7.980639457702636719e+00
3.834093737602233887e+01
6.969040632247924805e+00
1.850661444664001465e+01
3.822723913192749023e+01
7.444954395294189453e+00
3.842252659797668457e+01
