4.374742507934570312e-03
4.253864288330078125e-03
1.756954193115234375e-02
3.762149810791015625e-02
4.492521286010742188e-03
4.297494888305664062e-03
4.263639450073242188e-03
2.532625198364257812e-02
4.570722579956054688e-03
4.261016845703125000e-03
4.310607910156250000e-03
1.929759979248046875e-02
4.312992095947265625e-03
4.239320755004882812e-03
4.821777343750000000e-03
4.144430160522460938e-03
2.530956268310546875e-02
5.359411239624023438e-03
2.358555793762207031e-02
4.348278045654296875e-03
3.646564483642578125e-02
4.398107528686523438e-03
4.343509674072265625e-03
4.797458648681640625e-03
4.101037979125976562e-03
3.713417053222656250e-02
4.360198974609375000e-03
9.366512298583984375e-03
3.667473793029785156e-02
5.645990371704101562e-03
4.191160202026367188e-03
1.975321769714355469e-02
7.430076599121093750e-03
2.011132240295410156e-02
4.385709762573242188e-03
5.300998687744140625e-03
4.916667938232421875e-03
1.715660095214843750e-02
4.409790039062500000e-03
4.266023635864257812e-03
4.384565353393554688e-02
4.307746887207031250e-03
1.428008079528808594e-02
4.226207733154296875e-03
4.377126693725585938e-03
4.286527633666992188e-03
1.886868476867675781e-02
3.601813316345214844e-02
4.301309585571289062e-03
4.262685775756835938e-03
