5.506673455238342285e-02
8.781642653048038483e-03
4.980768077075481415e-03
5.631666164845228195e-03
2.336082747206091881e-03
2.680570352822542191e-03
1.344315125606954098e-03
7.977202767506241798e-05
1.095737461582757533e-04
1.786072534741833806e-04
1.052101375535130501e-03
4.078622805536724627e-05
1.185875153169035912e-03
7.949202321469783783e-03
2.746840007603168488e-03
4.006731614936143160e-05
1.686144241830334067e-04
1.574079797137528658e-04
1.025242163450457156e-04
8.291343692690134048e-05
4.310774966143071651e-05
5.506868910742923617e-05
3.186310277669690549e-05
4.882245775661431253e-05
3.988977186963893473e-05
4.943259409628808498e-05
4.099009674973785877e-05
6.150954141048714519e-05
4.333143078838475049e-05
6.676089105894789100e-05
4.713843736681155860e-05
7.185294089140370488e-05
4.932221781928092241e-05
7.802103209542110562e-05
6.936623685760423541e-05
9.359692921862006187e-05
9.592989226803183556e-05
1.110358061851002276e-04
1.113491671276278794e-04
1.355338172288611531e-04
1.472405274398624897e-04
1.332372194156050682e-04
1.861811178969219327e-04
1.319773873547092080e-04
2.207644720328971744e-04
1.583440025569871068e-04
2.686476218514144421e-04
2.016175712924450636e-04
3.220241633243858814e-04
2.453165070619434118e-04
