7.879972457885742188e-03
7.540225982666015625e-03
7.557392120361328125e-03
7.560253143310546875e-03
7.589101791381835938e-03
7.547378540039062500e-03
7.558107376098632812e-03
7.535934448242187500e-03
7.576465606689453125e-03
7.595777511596679688e-03
7.623672485351562500e-03
7.601976394653320312e-03
7.615089416503906250e-03
7.604122161865234375e-03
7.648468017578125000e-03
7.606983184814453125e-03
7.531642913818359375e-03
7.625579833984375000e-03
7.589817047119140625e-03
7.630348205566406250e-03
7.597684860229492188e-03
7.543325424194335938e-03
7.612943649291992188e-03
7.532835006713867188e-03
7.506847381591796875e-03
7.559061050415039062e-03
7.478952407836914062e-03
7.548570632934570312e-03
7.541656494140625000e-03
7.554292678833007812e-03
7.551431655883789062e-03
7.511854171752929688e-03
7.572650909423828125e-03
7.494211196899414062e-03
7.507801055908203125e-03
7.513284683227539062e-03
7.530927658081054688e-03
7.549285888671875000e-03
7.474422454833984375e-03
7.552623748779296875e-03
7.503271102905273438e-03
7.543563842773437500e-03
7.517337799072265625e-03
7.531881332397460938e-03
7.527112960815429688e-03
7.510185241699218750e-03
7.474184036254882812e-03
7.533550262451171875e-03
7.529735565185546875e-03
7.535219192504882812e-03
7.530689239501953125e-03
7.486820220947265625e-03
7.513761520385742188e-03
7.508516311645507812e-03
7.532119750976562500e-03
7.541894912719726562e-03
7.519721984863281250e-03
7.512331008911132812e-03
7.536888122558593750e-03
7.550477981567382812e-03
7.557630538940429688e-03
7.566452026367187500e-03
7.488965988159179688e-03
7.510900497436523438e-03
7.572650909423828125e-03
7.473945617675781250e-03
7.529258728027343750e-03
7.612943649291992188e-03
7.483005523681640625e-03
7.466554641723632812e-03
7.414102554321289062e-03
7.479667663574218750e-03
7.511615753173828125e-03
7.478952407836914062e-03
7.496595382690429688e-03
7.578134536743164062e-03
7.427453994750976562e-03
7.463932037353515625e-03
7.435083389282226562e-03
7.511138916015625000e-03
7.471084594726562500e-03
7.526397705078125000e-03
7.493019104003906250e-03
7.457733154296875000e-03
7.447242736816406250e-03
7.457971572875976562e-03
7.505416870117187500e-03
7.481813430786132812e-03
7.465839385986328125e-03
7.440567016601562500e-03
7.495641708374023438e-03
7.455825805664062500e-03
7.534027099609375000e-03
7.431030273437500000e-03
7.480621337890625000e-03
7.421493530273437500e-03
7.467508316040039062e-03
7.451057434082031250e-03
7.492542266845703125e-03
7.519006729125976562e-03
