2.108609676361083984e-01
1.571111679077148438e-01
1.381182670593261719e-01
1.286375522613525391e-01
1.239466667175292969e-01
1.359424591064453125e-01
1.102049350738525391e-01
6.728339195251464844e-02
1.484580039978027344e-01
8.195853233337402344e-02
9.773898124694824219e-02
9.878873825073242188e-02
5.906033515930175781e-02
1.661279201507568359e-01
6.788134574890136719e-02
1.733124256134033203e-01
4.878473281860351562e-02
2.172384262084960938e-01
8.787965774536132812e-02
1.184527873992919922e-01
1.193981170654296875e-01
1.123147010803222656e-01
2.233953475952148438e-01
8.452367782592773438e-02
7.024192810058593750e-02
1.113293170928955078e-01
1.148393154144287109e-01
6.157875061035156250e-02
8.365416526794433594e-02
1.401586532592773438e-01
6.639552116394042969e-02
4.641604423522949219e-02
2.718350887298583984e-01
1.692094802856445312e-01
2.003495693206787109e-01
6.025767326354980469e-02
8.892846107482910156e-02
7.932162284851074219e-02
1.390695571899414062e-01
1.560373306274414062e-01
1.007885932922363281e-01
9.394931793212890625e-02
1.062793731689453125e-01
1.657941341400146484e-01
1.057229042053222656e-01
1.018021106719970703e-01
4.071354866027832031e-02
1.493914127349853516e-01
1.145608425140380859e-01
6.855225563049316406e-02
1.839985847473144531e-01
9.803223609924316406e-02
1.276938915252685547e-01
4.814529418945312500e-02
1.530551910400390625e-01
1.906251907348632812e-01
1.179292201995849609e-01
1.623208522796630859e-01
8.159685134887695312e-02
1.664555072784423828e-01
2.947616577148437500e-02
8.379912376403808594e-02
6.527280807495117188e-02
1.940689086914062500e-01
5.291819572448730469e-02
6.312942504882812500e-02
1.650857925415039062e-01
1.180083751678466797e-01
1.818127632141113281e-01
4.943895339965820312e-02
4.795050621032714844e-02
8.598685264587402344e-02
7.690954208374023438e-02
1.305398941040039062e-01
1.485714912414550781e-01
7.642102241516113281e-02
1.277871131896972656e-01
2.003097534179687500e-01
1.193313598632812500e-01
1.320323944091796875e-01
1.617639064788818359e-01
1.105036735534667969e-01
1.048007011413574219e-01
1.902508735656738281e-01
8.963203430175781250e-02
5.359268188476562500e-02
7.329010963439941406e-02
7.658052444458007812e-02
1.492452621459960938e-01
1.446437835693359375e-01
9.241390228271484375e-02
6.196665763854980469e-02
9.218192100524902344e-02
1.461532115936279297e-01
1.946337223052978516e-01
6.623220443725585938e-02
1.144359111785888672e-01
1.304030418395996094e-01
1.435477733612060547e-01
1.516225337982177734e-01
