1.231801605224609375e+01
1.916515922546386719e+01
1.830723547935485840e+01
3.206464576721191406e+01
2.064974093437194824e+01
3.236636924743652344e+01
2.764019346237182617e+01
3.965727758407592773e+01
3.968404769897460938e+01
1.302212929725646973e+01
3.110370302200317383e+01
3.968524646759033203e+01
1.231029486656188965e+01
2.587289047241210938e+01
3.961310529708862305e+01
2.514839839935302734e+01
3.969767117500305176e+01
3.968747687339782715e+01
1.918911528587341309e+01
1.266050291061401367e+01
2.990365839004516602e+01
2.278884744644165039e+01
1.919298410415649414e+01
1.330160093307495117e+01
3.253735136985778809e+01
2.058640694618225098e+01
3.968444347381591797e+01
1.205501103401184082e+01
3.966315197944641113e+01
1.921423959732055664e+01
2.502831387519836426e+01
2.096217012405395508e+01
3.967425966262817383e+01
1.215069103240966797e+01
3.968638849258422852e+01
1.903006196022033691e+01
3.967753672599792480e+01
1.182204914093017578e+01
3.221307301521301270e+01
1.989170098304748535e+01
3.216024208068847656e+01
2.140017008781433105e+01
3.005866622924804688e+01
2.411593389511108398e+01
2.847091364860534668e+01
1.975129795074462891e+01
3.966857194900512695e+01
1.287896656990051270e+01
3.331867790222167969e+01
1.976049757003784180e+01
