5.889209359884262085e-02
8.505589328706264496e-03
6.474672351032495499e-03
2.187694422900676727e-03
9.967612568289041519e-04
2.108360407873988152e-03
4.701844009105116129e-04
2.733759174589067698e-04
3.709003794938325882e-04
1.248631044290959835e-03
2.583320485427975655e-03
8.866022690199315548e-04
3.881876473315060139e-04
2.409690932836383581e-04
1.350363483652472496e-03
1.575952337589114904e-04
1.995603633986320347e-05
1.639403308217879385e-05
4.104585968889296055e-05
2.812412822095211595e-05
4.423778227646835148e-05
2.848101394192781299e-05
3.292523979325778782e-05
3.041809759452007711e-05
2.469739411026239395e-05
3.150241172988899052e-05
2.898437742260284722e-05
2.263316127937287092e-05
3.232808012398891151e-05
2.049278373306151479e-05
3.716060382430441678e-05
2.080306512652896345e-05
3.729906165972352028e-05
2.340818718948867172e-05
4.187620652373880148e-05
2.613026299513876438e-05
4.637408710550516844e-05
3.213071977370418608e-05
5.868583320989273489e-05
3.961404581787064672e-05
7.504124369006603956e-05
4.821603215532377362e-05
9.185280941892415285e-05
5.793452874058857560e-05
1.096465639420785010e-04
7.508074486395344138e-05
1.421866327291354537e-04
9.059470175998285413e-05
2.008588780881837010e-04
1.200445403810590506e-04
