5.321121215820312500e-02
5.353617668151855469e-02
5.336761474609375000e-02
5.296754837036132812e-02
5.299901962280273438e-02
5.315542221069335938e-02
5.317783355712890625e-02
5.289196968078613281e-02
5.306005477905273438e-02
5.285263061523437500e-02
5.287647247314453125e-02
5.307769775390625000e-02
5.299615859985351562e-02
5.288290977478027344e-02
5.300402641296386719e-02
5.284929275512695312e-02
5.285668373107910156e-02
5.338525772094726562e-02
5.306458473205566406e-02
5.305528640747070312e-02
5.294442176818847656e-02
5.252528190612792969e-02
5.297207832336425781e-02
5.276131629943847656e-02
5.294919013977050781e-02
5.289816856384277344e-02
5.273747444152832031e-02
5.239772796630859375e-02
5.270099639892578125e-02
5.316519737243652344e-02
5.321979522705078125e-02
5.298733711242675781e-02
5.268454551696777344e-02
5.287599563598632812e-02
5.331015586853027344e-02
5.290436744689941406e-02
5.275678634643554688e-02
5.245947837829589844e-02
5.272769927978515625e-02
5.285882949829101562e-02
5.300378799438476562e-02
5.319881439208984375e-02
5.299901962280273438e-02
5.295777320861816406e-02
5.308747291564941406e-02
5.284380912780761719e-02
5.321025848388671875e-02
5.289316177368164062e-02
5.335330963134765625e-02
5.290269851684570312e-02
5.274295806884765625e-02
5.302476882934570312e-02
5.281066894531250000e-02
5.301761627197265625e-02
5.262303352355957031e-02
5.296063423156738281e-02
5.313444137573242188e-02
5.273771286010742188e-02
5.333495140075683594e-02
5.313825607299804688e-02
5.318140983581542969e-02
5.323672294616699219e-02
5.280518531799316406e-02
5.328130722045898438e-02
5.295181274414062500e-02
5.290889739990234375e-02
5.314397811889648438e-02
5.293297767639160156e-02
5.289316177368164062e-02
5.282044410705566406e-02
5.273151397705078125e-02
5.292868614196777344e-02
5.285024642944335938e-02
5.239486694335937500e-02
5.299091339111328125e-02
5.347752571105957031e-02
5.302143096923828125e-02
5.294489860534667969e-02
5.272960662841796875e-02
5.276489257812500000e-02
5.283141136169433594e-02
5.316352844238281250e-02
5.306696891784667969e-02
5.311298370361328125e-02
5.319690704345703125e-02
5.306911468505859375e-02
5.322790145874023438e-02
5.279684066772460938e-02
5.286955833435058594e-02
5.290055274963378906e-02
5.334019660949707031e-02
5.313420295715332031e-02
5.271267890930175781e-02
5.280900001525878906e-02
5.290389060974121094e-02
5.364465713500976562e-02
5.312585830688476562e-02
5.298948287963867188e-02
5.321550369262695312e-02
5.308198928833007812e-02
5.282545089721679688e-02
5.327200889587402344e-02
5.262374877929687500e-02
5.298447608947753906e-02
5.337691307067871094e-02
5.300164222717285156e-02
5.294942855834960938e-02
5.310869216918945312e-02
5.305767059326171875e-02
5.264401435852050781e-02
5.303287506103515625e-02
5.271673202514648438e-02
5.278038978576660156e-02
5.346012115478515625e-02
5.281019210815429688e-02
5.255246162414550781e-02
5.247497558593750000e-02
5.275797843933105469e-02
5.293703079223632812e-02
5.276131629943847656e-02
5.301952362060546875e-02
5.288457870483398438e-02
5.300259590148925781e-02
5.264687538146972656e-02
5.286335945129394531e-02
5.291032791137695312e-02
5.326676368713378906e-02
5.273890495300292969e-02
5.273318290710449219e-02
5.287003517150878906e-02
5.299401283264160156e-02
5.304002761840820312e-02
5.325889587402343750e-02
5.274558067321777344e-02
5.300903320312500000e-02
5.269789695739746094e-02
5.318021774291992188e-02
5.298304557800292969e-02
5.284380912780761719e-02
5.276060104370117188e-02
5.283737182617187500e-02
5.274438858032226562e-02
5.298829078674316406e-02
5.310988426208496094e-02
5.298066139221191406e-02
5.299878120422363281e-02
5.274319648742675781e-02
5.293512344360351562e-02
5.278849601745605469e-02
5.299019813537597656e-02
5.300092697143554688e-02
5.275559425354003906e-02
5.311393737792968750e-02
5.318188667297363281e-02
5.279850959777832031e-02
5.257320404052734375e-02
5.277085304260253906e-02
5.280995368957519531e-02
5.304002761840820312e-02
5.304312705993652344e-02
5.283784866333007812e-02
5.275964736938476562e-02
5.317139625549316406e-02
5.280995368957519531e-02
5.294942855834960938e-02
5.276107788085937500e-02
5.338048934936523438e-02
5.322051048278808594e-02
5.311226844787597656e-02
5.274462699890136719e-02
5.313134193420410156e-02
5.344843864440917969e-02
5.295681953430175781e-02
5.327415466308593750e-02
5.277347564697265625e-02
5.303955078125000000e-02
5.322599411010742188e-02
5.277085304260253906e-02
5.311751365661621094e-02
5.290865898132324219e-02
5.261945724487304688e-02
5.277490615844726562e-02
5.286788940429687500e-02
5.309653282165527344e-02
5.295467376708984375e-02
5.260086059570312500e-02
5.273127555847167969e-02
5.283427238464355469e-02
5.271315574645996094e-02
5.294990539550781250e-02
5.291795730590820312e-02
5.288243293762207031e-02
5.278205871582031250e-02
5.254411697387695312e-02
5.290746688842773438e-02
5.297875404357910156e-02
5.274224281311035156e-02
5.331206321716308594e-02
5.281019210815429688e-02
5.287766456604003906e-02
