1.005950495600700378e-01
7.413959503173828125e-02
9.601157903671264648e-02
5.556448921561241150e-02
9.174975752830505371e-02
9.528787434101104736e-02
1.008362844586372375e-01
1.008362844586372375e-01
1.008362844586372375e-01
1.008362844586372375e-01
1.008362844586372375e-01
1.008362844586372375e-01
1.008362844586372375e-01
1.008362844586372375e-01
1.008362844586372375e-01
1.008362844586372375e-01
1.008362844586372375e-01
1.008362844586372375e-01
1.008362844586372375e-01
1.008362844586372375e-01
1.008362844586372375e-01
1.008362844586372375e-01
1.008362844586372375e-01
1.008362844586372375e-01
1.008362844586372375e-01
1.008362844586372375e-01
1.008362844586372375e-01
1.008362844586372375e-01
1.008362844586372375e-01
1.008362844586372375e-01
1.008362844586372375e-01
1.008362844586372375e-01
1.008362844586372375e-01
1.008362844586372375e-01
1.008362844586372375e-01
1.008362844586372375e-01
1.008362844586372375e-01
1.008362844586372375e-01
9.922804683446884155e-02
1.008362844586372375e-01
9.898681193590164185e-02
9.633322805166244507e-02
1.001125797629356384e-01
9.568993002176284790e-02
9.954969584941864014e-02
9.914763271808624268e-02
9.818269312381744385e-02
9.745898842811584473e-02
9.818269312381744385e-02
9.818269312381744385e-02
9.818269312381744385e-02
9.818269312381744385e-02
9.818269312381744385e-02
9.818269312381744385e-02
9.818269312381744385e-02
9.818269312381744385e-02
9.818269312381744385e-02
9.818269312381744385e-02
9.818269312381744385e-02
9.818269312381744385e-02
9.818269312381744385e-02
9.818269312381744385e-02
9.818269312381744385e-02
9.818269312381744385e-02
9.818269312381744385e-02
9.818269312381744385e-02
9.818269312381744385e-02
9.818269312381744385e-02
9.818269312381744385e-02
9.818269312381744385e-02
9.818269312381744385e-02
9.818269312381744385e-02
9.818269312381744385e-02
9.818269312381744385e-02
9.818269312381744385e-02
9.818269312381744385e-02
9.818269312381744385e-02
9.818269312381744385e-02
9.818269312381744385e-02
9.818269312381744385e-02
9.818269312381744385e-02
9.818269312381744385e-02
9.818269312381744385e-02
9.818269312381744385e-02
9.818269312381744385e-02
9.818269312381744385e-02
9.818269312381744385e-02
9.818269312381744385e-02
9.818269312381744385e-02
9.818269312381744385e-02
9.818269312381744385e-02
9.818269312381744385e-02
9.818269312381744385e-02
9.818269312381744385e-02
9.818269312381744385e-02
9.818269312381744385e-02
9.818269312381744385e-02
9.818269312381744385e-02
9.818269312381744385e-02
9.818269312381744385e-02
9.818269312381744385e-02
9.818269312381744385e-02
9.818269312381744385e-02
9.818269312381744385e-02
9.818269312381744385e-02
9.818269312381744385e-02
9.818269312381744385e-02
9.818269312381744385e-02
9.818269312381744385e-02
9.818269312381744385e-02
9.818269312381744385e-02
9.818269312381744385e-02
9.818269312381744385e-02
9.818269312381744385e-02
9.818269312381744385e-02
9.818269312381744385e-02
9.818269312381744385e-02
9.818269312381744385e-02
9.818269312381744385e-02
9.818269312381744385e-02
9.818269312381744385e-02
9.818269312381744385e-02
9.818269312381744385e-02
9.818269312381744385e-02
9.818269312381744385e-02
9.818269312381744385e-02
9.818269312381744385e-02
9.818269312381744385e-02
9.818269312381744385e-02
9.818269312381744385e-02
9.818269312381744385e-02
9.818269312381744385e-02
9.818269312381744385e-02
9.818269312381744385e-02
9.818269312381744385e-02
9.818269312381744385e-02
9.818269312381744385e-02
9.818269312381744385e-02
9.818269312381744385e-02
9.818269312381744385e-02
9.818269312381744385e-02
9.818269312381744385e-02
9.818269312381744385e-02
9.818269312381744385e-02
9.818269312381744385e-02
9.818269312381744385e-02
9.818269312381744385e-02
9.818269312381744385e-02
9.818269312381744385e-02
9.818269312381744385e-02
9.818269312381744385e-02
9.818269312381744385e-02
9.818269312381744385e-02
9.818269312381744385e-02
9.818269312381744385e-02
9.818269312381744385e-02
9.818269312381744385e-02
9.818269312381744385e-02
9.818269312381744385e-02
9.818269312381744385e-02
9.818269312381744385e-02
9.818269312381744385e-02
9.818269312381744385e-02
9.818269312381744385e-02
9.818269312381744385e-02
9.818269312381744385e-02
9.818269312381744385e-02
9.818269312381744385e-02
9.818269312381744385e-02
9.818269312381744385e-02
9.818269312381744385e-02
9.818269312381744385e-02
9.818269312381744385e-02
9.818269312381744385e-02
9.818269312381744385e-02
9.818269312381744385e-02
9.818269312381744385e-02
9.818269312381744385e-02
9.818269312381744385e-02
9.818269312381744385e-02
9.818269312381744385e-02
9.818269312381744385e-02
9.818269312381744385e-02
9.818269312381744385e-02
9.818269312381744385e-02
9.818269312381744385e-02
9.818269312381744385e-02
9.818269312381744385e-02
9.818269312381744385e-02
9.818269312381744385e-02
9.818269312381744385e-02
9.818269312381744385e-02
9.818269312381744385e-02
9.818269312381744385e-02
9.818269312381744385e-02
9.818269312381744385e-02
9.818269312381744385e-02
9.818269312381744385e-02
9.818269312381744385e-02
9.818269312381744385e-02
