1.655519175529479980e+01
1.627631568908691406e+01
1.622801589965820312e+01
1.623868560791015625e+01
1.630207586288452148e+01
1.636754655838012695e+01
1.632040095329284668e+01
1.634584975242614746e+01
1.636988854408264160e+01
1.636556982994079590e+01
1.637520313262939453e+01
1.633740687370300293e+01
1.634474492073059082e+01
1.632200527191162109e+01
1.637002754211425781e+01
1.631622672080993652e+01
1.631913876533508301e+01
1.637603044509887695e+01
1.636713528633117676e+01
1.635762596130371094e+01
1.629789185523986816e+01
1.639237761497497559e+01
1.641734457015991211e+01
1.630479240417480469e+01
1.636125445365905762e+01
1.633582568168640137e+01
1.638178277015686035e+01
1.631599569320678711e+01
1.633944559097290039e+01
1.640249967575073242e+01
1.631372690200805664e+01
1.625559663772583008e+01
1.632677817344665527e+01
1.635120081901550293e+01
1.635604524612426758e+01
1.639160680770874023e+01
1.635928249359130859e+01
1.633116459846496582e+01
1.640471363067626953e+01
1.632138180732727051e+01
1.634987187385559082e+01
1.621250557899475098e+01
1.644321703910827637e+01
1.633047270774841309e+01
1.636608982086181641e+01
1.630241441726684570e+01
1.632559490203857422e+01
1.632300162315368652e+01
1.690728330612182617e+01
1.636786103248596191e+01
1.633160018920898438e+01
1.632706356048583984e+01
1.633083128929138184e+01
1.634887981414794922e+01
1.637413454055786133e+01
1.639147257804870605e+01
1.632012581825256348e+01
1.632734227180480957e+01
1.635759949684143066e+01
1.633197498321533203e+01
1.632642364501953125e+01
1.640592050552368164e+01
1.631776595115661621e+01
1.635730481147766113e+01
1.629503107070922852e+01
1.633109521865844727e+01
1.631244087219238281e+01
1.638426804542541504e+01
1.627455639839172363e+01
1.630515170097351074e+01
1.635814857482910156e+01
1.640556812286376953e+01
1.631094074249267578e+01
1.636530566215515137e+01
1.634492135047912598e+01
1.630718970298767090e+01
1.633054399490356445e+01
1.633699750900268555e+01
1.632833623886108398e+01
1.633214569091796875e+01
1.637869453430175781e+01
1.634474515914916992e+01
1.632637691497802734e+01
1.682443141937255859e+01
1.634732270240783691e+01
1.629319572448730469e+01
1.634765052795410156e+01
1.620016288757324219e+01
1.629945588111877441e+01
1.630060243606567383e+01
1.620619177818298340e+01
1.635237145423889160e+01
1.629941892623901367e+01
1.638174200057983398e+01
1.635173344612121582e+01
1.635254144668579102e+01
1.624667906761169434e+01
1.624673199653625488e+01
1.626777338981628418e+01
1.631415295600891113e+01
1.635150170326232910e+01
1.632904696464538574e+01
1.633819746971130371e+01
1.630110025405883789e+01
1.627487730979919434e+01
1.634836935997009277e+01
1.627110910415649414e+01
1.637140440940856934e+01
1.630113792419433594e+01
1.629491138458251953e+01
1.671190929412841797e+01
1.630850648880004883e+01
1.631922388076782227e+01
1.632140588760375977e+01
1.642506814002990723e+01
1.630644130706787109e+01
1.634225440025329590e+01
1.631541752815246582e+01
1.633235788345336914e+01
1.628679060935974121e+01
1.639173340797424316e+01
1.631354236602783203e+01
1.636127281188964844e+01
1.628459429740905762e+01
1.627575969696044922e+01
1.634085750579833984e+01
1.632481217384338379e+01
1.628876447677612305e+01
1.629204130172729492e+01
1.625295853614807129e+01
1.630085420608520508e+01
1.621936511993408203e+01
1.630030345916748047e+01
1.627125859260559082e+01
1.629409980773925781e+01
1.681505584716796875e+01
1.628599572181701660e+01
1.630558252334594727e+01
1.627774381637573242e+01
1.630749773979187012e+01
1.632229137420654297e+01
1.615356254577636719e+01
1.632857918739318848e+01
1.633179712295532227e+01
1.625641846656799316e+01
1.630821323394775391e+01
1.634487056732177734e+01
1.630070352554321289e+01
1.631444191932678223e+01
1.628252696990966797e+01
1.629911470413208008e+01
1.678729557991027832e+01
1.631817460060119629e+01
1.631133794784545898e+01
1.630536389350891113e+01
1.635258603096008301e+01
1.632868194580078125e+01
1.631434655189514160e+01
1.626924443244934082e+01
1.632654571533203125e+01
1.625658917427062988e+01
1.633491754531860352e+01
1.616376543045043945e+01
1.632481646537780762e+01
1.630507779121398926e+01
1.642387676239013672e+01
1.625791811943054199e+01
1.632808399200439453e+01
1.629536509513854980e+01
1.628956079483032227e+01
1.630649924278259277e+01
1.626667833328247070e+01
1.626319193840026855e+01
1.626554203033447266e+01
1.628134059906005859e+01
1.679107737541198730e+01
1.635428214073181152e+01
1.639908623695373535e+01
1.634495806694030762e+01
1.632925868034362793e+01
1.627424883842468262e+01
1.631139063835144043e+01
1.639198231697082520e+01
1.630951404571533203e+01
1.630451416969299316e+01
1.631587076187133789e+01
1.629162979125976562e+01
1.633529329299926758e+01
1.632888698577880859e+01
1.628227019309997559e+01
1.626397228240966797e+01
1.631014490127563477e+01
1.629681015014648438e+01
1.631797504425048828e+01
1.631149387359619141e+01
1.631663918495178223e+01
1.622315335273742676e+01
1.629314661026000977e+01
1.631298565864562988e+01
1.620476651191711426e+01
