7.056713104248046875e-03
6.606817245483398438e-03
2.498722076416015625e-02
6.616830825805664062e-03
6.698369979858398438e-03
6.608009338378906250e-03
6.569385528564453125e-03
6.522178649902343750e-03
6.658792495727539062e-03
6.635189056396484375e-03
9.730577468872070312e-03
6.593942642211914062e-03
6.597280502319335938e-03
6.688117980957031250e-03
1.612496376037597656e-02
6.774902343750000000e-03
6.755113601684570312e-03
6.665229797363281250e-03
6.662130355834960938e-03
6.683588027954101562e-03
6.650209426879882812e-03
6.659984588623046875e-03
6.918430328369140625e-03
6.728649139404296875e-03
6.847620010375976562e-03
6.783723831176757812e-03
6.762027740478515625e-03
6.823062896728515625e-03
6.785392761230468750e-03
6.711244583129882812e-03
6.867885589599609375e-03
6.810188293457031250e-03
6.782531738281250000e-03
6.772994995117187500e-03
6.689786911010742188e-03
6.804227828979492188e-03
6.736278533935546875e-03
6.800889968872070312e-03
6.829500198364257812e-03
6.846666336059570312e-03
6.819486618041992188e-03
1.278543472290039062e-02
6.762981414794921875e-03
6.708621978759765625e-03
6.709814071655273438e-03
6.806373596191406250e-03
1.286888122558593750e-02
6.579637527465820312e-03
6.702184677124023438e-03
6.716012954711914062e-03
6.802797317504882812e-03
6.657123565673828125e-03
6.700277328491210938e-03
6.775140762329101562e-03
6.772756576538085938e-03
6.629705429077148438e-03
6.718635559082031250e-03
6.812810897827148438e-03
6.739616394042968750e-03
6.848812103271484375e-03
6.771564483642578125e-03
6.724834442138671875e-03
6.780624389648437500e-03
6.670236587524414062e-03
6.780624389648437500e-03
6.851673126220703125e-03
6.725311279296875000e-03
1.019406318664550781e-02
6.712675094604492188e-03
6.697416305541992188e-03
2.439332008361816406e-02
6.772279739379882812e-03
2.981972694396972656e-02
6.762027740478515625e-03
6.873607635498046875e-03
6.668329238891601562e-03
6.855964660644531250e-03
6.701707839965820312e-03
6.687402725219726562e-03
6.792306900024414062e-03
6.766080856323242188e-03
6.671428680419921875e-03
3.971028327941894531e-02
6.778001785278320312e-03
6.758213043212890625e-03
6.725788116455078125e-03
2.606749534606933594e-02
6.776571273803710938e-03
6.588697433471679688e-03
6.680727005004882812e-03
1.866245269775390625e-02
6.587505340576171875e-03
6.804227828979492188e-03
6.706953048706054688e-03
6.719112396240234375e-03
6.722450256347656250e-03
6.733179092407226562e-03
6.609678268432617188e-03
1.005482673645019531e-02
6.649732589721679688e-03
