4.125120639801025391e-01
5.000000000000000000e-01
5.000000000000000000e-01
4.996783435344696045e-01
5.176905989646911621e-01
5.394017100334167480e-01
5.527500510215759277e-01
5.857188701629638672e-01
6.001929640769958496e-01
6.135413050651550293e-01
6.302669644355773926e-01
6.432936787605285645e-01
6.592151522636413574e-01
6.701511740684509277e-01
6.765841245651245117e-01
6.736893057823181152e-01
6.963654160499572754e-01
7.032808065414428711e-01
7.040849328041076660e-01
6.778706908226013184e-01
7.077838778495788574e-01
7.169507741928100586e-01
7.325506806373596191e-01
7.251527905464172363e-01
7.399485111236572266e-01
7.573174834251403809e-01
7.569957971572875977e-01
7.647153139114379883e-01
7.754905223846435547e-01
7.798327207565307617e-01
7.909295558929443359e-01
7.878739237785339355e-01
7.915728688240051270e-01
8.047603964805603027e-01
8.259890675544738770e-01
8.235766887664794922e-01
8.433579802513122559e-01
8.401415348052978516e-01
8.338693976402282715e-01
8.425538539886474609e-01
8.592795133590698242e-01
8.652299642562866211e-01
8.706979751586914062e-01
8.811514973640441895e-01
8.880668878555297852e-01
8.883885741233825684e-01
8.990029096603393555e-01
8.996461629867553711e-01
8.994853496551513672e-01
9.059183001518249512e-01
9.210357069969177246e-01
9.223222732543945312e-01
8.981987833976745605e-01
6.511740088462829590e-01
7.877131104469299316e-01
8.435187935829162598e-01
8.800257444381713867e-01
9.022193551063537598e-01
9.023801684379577637e-01
9.170151352882385254e-01
9.231263995170593262e-01
9.369572401046752930e-01
9.355098009109497070e-01
9.458025097846984863e-01
9.588292241096496582e-01
9.551302790641784668e-01
8.777741789817810059e-01
8.901575803756713867e-01
9.535220265388488770e-01
9.596333503723144531e-01
9.704084992408752441e-01
9.752331972122192383e-01
9.779672026634216309e-01
9.847217798233032227e-01
9.903506040573120117e-01
9.752331972122192383e-01
9.689610600471496582e-01
9.831135272979736328e-01
9.823094010353088379e-01
9.826310873031616211e-01
9.898681044578552246e-01
9.916371703147888184e-01
9.942103624343872070e-01
9.980701208114624023e-01
1.000000000000000000e+00
1.000000000000000000e+00
1.000000000000000000e+00
1.000000000000000000e+00
1.000000000000000000e+00
1.000000000000000000e+00
9.998391866683959961e-01
1.000000000000000000e+00
1.000000000000000000e+00
1.000000000000000000e+00
1.000000000000000000e+00
1.000000000000000000e+00
9.197491407394409180e-01
6.275329589843750000e-01
8.000965118408203125e-01
8.798649311065673828e-01
