2.041399669647216797e+01
1.699943518638610840e+01
1.824124383926391602e+01
1.893570208549499512e+01
1.854761600494384766e+01
1.825338625907897949e+01
1.678910470008850098e+01
1.672584486007690430e+01
1.660579228401184082e+01
1.901191425323486328e+01
1.845139193534851074e+01
1.836650657653808594e+01
1.835779523849487305e+01
1.909274387359619141e+01
1.670002889633178711e+01
1.853804802894592285e+01
1.832759737968444824e+01
1.895325088500976562e+01
1.844139838218688965e+01
1.691464686393737793e+01
2.038676667213439941e+01
1.784879183769226074e+01
1.844212412834167480e+01
1.929179048538208008e+01
1.849648571014404297e+01
1.662570309638977051e+01
2.040330862998962402e+01
1.658205580711364746e+01
1.795502090454101562e+01
1.655832290649414062e+01
2.039985442161560059e+01
2.039138388633728027e+01
1.814743709564208984e+01
1.844349074363708496e+01
1.905421566963195801e+01
1.669402551651000977e+01
1.672433829307556152e+01
1.662724947929382324e+01
1.839092063903808594e+01
1.656421709060668945e+01
1.894980168342590332e+01
1.833689856529235840e+01
1.830560016632080078e+01
1.664247274398803711e+01
1.827754640579223633e+01
1.659617996215820312e+01
1.815010738372802734e+01
1.828410577774047852e+01
1.828209853172302246e+01
1.922234845161437988e+01
1.655467104911804199e+01
1.820993971824645996e+01
2.041973781585693359e+01
1.823017692565917969e+01
1.843297481536865234e+01
1.659868955612182617e+01
1.854521918296813965e+01
1.661022043228149414e+01
1.832989907264709473e+01
1.660120534896850586e+01
2.039528441429138184e+01
1.667099332809448242e+01
1.666752791404724121e+01
1.906858563423156738e+01
1.665085792541503906e+01
1.838241267204284668e+01
1.828371667861938477e+01
1.836570596694946289e+01
1.838563299179077148e+01
1.850226473808288574e+01
1.848459553718566895e+01
1.675240731239318848e+01
1.663344073295593262e+01
1.846038556098937988e+01
1.829851913452148438e+01
1.664753532409667969e+01
1.657802867889404297e+01
1.831826472282409668e+01
1.838504433631896973e+01
1.837818527221679688e+01
1.917972564697265625e+01
1.709007310867309570e+01
1.667049598693847656e+01
2.039179944992065430e+01
1.796032094955444336e+01
2.038673400878906250e+01
1.676815080642700195e+01
1.845709252357482910e+01
2.039666414260864258e+01
2.039086747169494629e+01
1.795998930931091309e+01
1.661512565612792969e+01
1.894689559936523438e+01
1.819840002059936523e+01
1.665134215354919434e+01
1.832539772987365723e+01
1.848417043685913086e+01
1.692395591735839844e+01
1.871992897987365723e+01
1.842963314056396484e+01
