1.359426689147949219e+01
1.963162302970886230e+01
2.045776391029357910e+01
4.093911910057067871e+01
1.484144759178161621e+01
2.928295874595642090e+01
4.093976712226867676e+01
1.416669321060180664e+01
4.093886184692382812e+01
1.256213164329528809e+01
2.246351289749145508e+01
4.093954634666442871e+01
1.325498867034912109e+01
3.124883842468261719e+01
2.531171226501464844e+01
4.093971514701843262e+01
1.294849896430969238e+01
2.987928485870361328e+01
2.330535769462585449e+01
3.159165668487548828e+01
1.969670367240905762e+01
3.361357569694519043e+01
2.031559419631958008e+01
4.093892621994018555e+01
1.360417962074279785e+01
1.424166679382324219e+01
2.025258040428161621e+01
1.985780644416809082e+01
1.475559496879577637e+01
1.452466702461242676e+01
2.012985181808471680e+01
1.396241235733032227e+01
1.527004766464233398e+01
1.671264028549194336e+01
2.033117604255676270e+01
1.388938474655151367e+01
2.093469214439392090e+01
3.316236019134521484e+01
2.162335491180419922e+01
3.221558952331542969e+01
2.171508860588073730e+01
3.295070934295654297e+01
4.093886137008666992e+01
1.325686883926391602e+01
2.379904985427856445e+01
1.338405919075012207e+01
2.045229792594909668e+01
3.275689315795898438e+01
2.005999326705932617e+01
2.046022462844848633e+01
