4.678038135170936584e-02
6.266145035624504089e-03
2.331572351977229118e-03
2.938591933343559504e-04
1.302738837694050744e-05
7.382077001238940284e-06
4.575351340463384986e-06
2.902836513385409489e-06
1.938790092026465572e-06
1.376136538056016434e-06
1.022996229949058034e-06
7.938377848404343240e-07
6.468255264735489618e-07
5.401631710810761433e-07
4.584068449275946477e-07
3.952672500417975243e-07
3.454834427429887000e-07
3.058686104395746952e-07
2.734209374466445297e-07
2.469094795287674060e-07
2.246309946940527880e-07
2.058602177612556261e-07
1.898046946280373959e-07
1.761271022360233474e-07
1.643720821675742627e-07
1.538987675075986772e-07
1.446397419613276725e-07
1.366961726034787716e-07
1.296127436489769025e-07
1.231532991141648381e-07
1.175034043399136863e-07
1.122413664234045427e-07
1.076371063390979543e-07
1.035894001688575372e-07
9.969346592697547749e-08
9.623604313446776359e-08
9.294723923858327908e-08
9.021503899475646904e-08
8.736476075910104555e-08
8.470001944260729942e-08
8.245689286923152395e-08
8.029809350773575716e-08
7.817303071533387993e-08
7.638528387587939505e-08
7.441200722269059042e-08
7.286036662890182924e-08
7.119066225413916982e-08
6.960529219668387668e-08
6.844157240948334220e-08
6.707545452400154318e-08
