9.891237020492553711e-01
9.923954606056213379e-01
9.854098558425903320e-01
9.861172437667846680e-01
9.872667789459228516e-01
9.881510138511657715e-01
9.885931611061096191e-01
9.889468550682067871e-01
9.891237020492553711e-01
9.894773960113525391e-01
9.899195432662963867e-01
9.900963902473449707e-01
9.902732372283935547e-01
9.905385375022888184e-01
9.908922314643859863e-01
9.915996193885803223e-01
9.918648600578308105e-01
9.923954606056213379e-01
9.925723075866699219e-01
9.928375482559204102e-01
9.928375482559204102e-01
9.931028485298156738e-01
9.934565424919128418e-01
9.938102364540100098e-01
9.940755367279052734e-01
9.941639304161071777e-01
9.941639304161071777e-01
9.941639304161071777e-01
9.941639304161071777e-01
9.942523837089538574e-01
