6.783692836761474609e-01
6.619207859039306641e-01
6.555535793304443359e-01
6.610364317893981934e-01
6.723558306694030762e-01
6.874778866767883301e-01
7.021577358245849609e-01
7.194906473159790039e-01
7.377077937126159668e-01
7.571630477905273438e-01
7.634418010711669922e-01
7.681287527084350586e-01
7.700743079185485840e-01
7.722851037979125977e-01
7.737000584602355957e-01
7.760877013206481934e-01
7.769720554351806641e-01
7.792713046073913574e-01
7.813937067985534668e-01
7.822780609130859375e-01
7.836045026779174805e-01
7.844004034996032715e-01
7.860806584358215332e-01
7.862575054168701172e-01
7.867881059646606445e-01
7.878493070602416992e-01
7.888220548629760742e-01
7.901485562324523926e-01
7.919172048568725586e-01
7.949239611625671387e-01
