1.621085882186889648e+01
1.595632505416870117e+01
1.599733853340148926e+01
1.584638237953186035e+01
1.599588537216186523e+01
1.575098323822021484e+01
1.609256219863891602e+01
1.769029831886291504e+01
1.579441285133361816e+01
1.599191546440124512e+01
1.605074620246887207e+01
1.596867156028747559e+01
1.593914437294006348e+01
1.602971744537353516e+01
1.607124352455139160e+01
1.589804100990295410e+01
1.598147392272949219e+01
1.602468538284301758e+01
1.605976533889770508e+01
1.587480258941650391e+01
1.599611210823059082e+01
1.594696545600891113e+01
1.605819678306579590e+01
1.976495814323425293e+01
1.608632588386535645e+01
1.596584582328796387e+01
1.605338692665100098e+01
1.574122285842895508e+01
1.603611040115356445e+01
1.597594237327575684e+01
1.596486425399780273e+01
1.586606574058532715e+01
1.590685701370239258e+01
1.588008618354797363e+01
1.597954535484313965e+01
1.575768518447875977e+01
1.594801640510559082e+01
1.799344038963317871e+01
1.606461286544799805e+01
1.612030363082885742e+01
1.597097158432006836e+01
1.704807448387145996e+01
1.589366841316223145e+01
1.838215684890747070e+01
1.970354557037353516e+01
1.604330253601074219e+01
1.602794408798217773e+01
1.592262339591979980e+01
1.589691019058227539e+01
1.597135710716247559e+01
1.604351377487182617e+01
1.574270462989807129e+01
1.584871435165405273e+01
1.603754520416259766e+01
1.581025958061218262e+01
1.585711622238159180e+01
1.597918510437011719e+01
1.586000156402587891e+01
1.586100411415100098e+01
1.609778547286987305e+01
1.955518627166748047e+01
1.596409797668457031e+01
1.585291600227355957e+01
1.602593612670898438e+01
1.768200373649597168e+01
1.605115580558776855e+01
1.603182888031005859e+01
1.588385796546936035e+01
1.600033187866210938e+01
1.584370207786560059e+01
1.604941773414611816e+01
1.808604979515075684e+01
1.602676033973693848e+01
1.600387692451477051e+01
1.590420413017272949e+01
1.580343627929687500e+01
1.602054762840270996e+01
1.594567704200744629e+01
1.589734554290771484e+01
1.588516807556152344e+01
1.598186683654785156e+01
1.587372541427612305e+01
1.607958889007568359e+01
1.588542842864990234e+01
1.606481766700744629e+01
1.816104221343994141e+01
1.598048639297485352e+01
1.607412505149841309e+01
1.891725707054138184e+01
1.604691195487976074e+01
1.587591457366943359e+01
1.596990251541137695e+01
1.812720727920532227e+01
1.590820717811584473e+01
1.591921663284301758e+01
1.608327198028564453e+01
1.591870212554931641e+01
1.588772249221801758e+01
1.598019337654113770e+01
1.799974489212036133e+01
