1.816685080528259277e+01
1.824781799316406250e+01
1.990485048294067383e+01
1.808145904541015625e+01
2.052956509590148926e+01
3.860792565345764160e+01
1.876000571250915527e+01
1.850883793830871582e+01
1.932096743583679199e+01
2.046369504928588867e+01
2.046784281730651855e+01
4.093905806541442871e+01
2.047219300270080566e+01
3.217634510993957520e+01
2.399366211891174316e+01
3.574250268936157227e+01
2.187127828598022461e+01
3.711073112487792969e+01
2.447590613365173340e+01
3.517453575134277344e+01
2.408015322685241699e+01
3.275085234642028809e+01
2.579682469367980957e+01
3.339549827575683594e+01
2.583202219009399414e+01
4.093924355506896973e+01
1.737912487983703613e+01
4.093891048431396484e+01
2.045942139625549316e+01
3.046029376983642578e+01
2.720698094367980957e+01
4.093926692008972168e+01
1.773953461647033691e+01
3.536602282524108887e+01
2.339574456214904785e+01
3.601822900772094727e+01
2.248993492126464844e+01
4.093972706794738770e+01
2.047399282455444336e+01
1.752555561065673828e+01
3.798240995407104492e+01
2.103049468994140625e+01
3.793921566009521484e+01
2.064461874961853027e+01
3.696622037887573242e+01
2.075406479835510254e+01
3.749114465713500977e+01
2.441059279441833496e+01
4.093869209289550781e+01
1.731996583938598633e+01
