9.899320602416992188e+00
9.169934511184692383e+00
9.027473449707031250e+00
9.152145624160766602e+00
9.161164522171020508e+00
9.143215894699096680e+00
9.041003942489624023e+00
9.127882242202758789e+00
8.996561288833618164e+00
9.753827333450317383e+00
9.191993236541748047e+00
1.453410840034484863e+01
9.237715005874633789e+00
9.276153802871704102e+00
9.138827800750732422e+00
9.215188264846801758e+00
9.163077116012573242e+00
9.224866390228271484e+00
9.110172748565673828e+00
9.177029609680175781e+00
9.183678150177001953e+00
9.120877027511596680e+00
9.224307060241699219e+00
9.092132568359375000e+00
9.147873163223266602e+00
9.253292322158813477e+00
9.222834110260009766e+00
9.072096109390258789e+00
9.238727331161499023e+00
9.197749614715576172e+00
