4.264846071600914001e-02
6.059998180717229843e-03
2.499164314940571785e-03
3.536476986482739449e-03
3.999922424554824829e-03
2.905856526922434568e-04
1.845763908931985497e-04
1.428804971510544419e-04
1.193582938867621124e-04
1.131926255766302347e-04
9.561101614963263273e-05
9.239355131285265088e-05
6.536488217534497380e-05
6.100578684709034860e-05
4.736720438813790679e-05
3.633654341683723032e-05
2.811812919389922172e-05
2.516491440474055707e-05
2.113164191541727632e-05
1.991418685065582395e-05
1.740146581141743809e-05
1.314190194534603506e-05
1.071470614988356829e-05
8.127668479573912919e-06
6.716162715747486800e-06
6.000393113936297596e-06
5.267472261039074510e-06
4.821171387447975576e-06
4.421180165081750602e-06
3.989833203377202153e-06
3.740960437426110730e-06
3.419158929318655282e-06
3.111832256763591431e-06
2.955908712465316057e-06
2.818733264575712383e-06
2.657077629919513129e-06
2.560728262324118987e-06
2.436906925140647218e-06
2.311045363967423327e-06
2.228071025456301868e-06
2.139634261766332202e-06
2.070089976768940687e-06
2.017191945924423635e-06
1.946517386386403814e-06
1.932448185471002944e-06
1.885431061054987367e-06
1.875455836852779612e-06
1.854744482443493325e-06
1.835716943787701894e-06
1.824458195187617093e-06
