4.885776281356811523e+00
4.690394878387451172e+00
4.734194278717041016e+00
4.616786479949951172e+00
4.310334205627441406e+00
1.099136161804199219e+01
4.503334045410156250e+00
4.561785221099853516e+00
4.690358638763427734e+00
4.745378494262695312e+00
4.580150604248046875e+00
1.257640361785888672e+01
1.133381009101867676e+01
4.375812292098999023e+00
4.448944807052612305e+00
4.644165515899658203e+00
4.656026601791381836e+00
1.082312059402465820e+01
4.685091257095336914e+00
5.003293514251708984e+00
4.475535392761230469e+00
4.496270418167114258e+00
4.894245624542236328e+00
4.848482847213745117e+00
1.131046724319458008e+01
4.747303247451782227e+00
4.361521005630493164e+00
4.622720241546630859e+00
1.196732997894287109e+01
4.471721410751342773e+00
4.904690265655517578e+00
4.314320802688598633e+00
4.886129856109619141e+00
4.517430067062377930e+00
4.761220693588256836e+00
4.526309728622436523e+00
4.784408569335937500e+00
4.640610694885253906e+00
2.317389297485351562e+01
4.861782312393188477e+00
4.890685796737670898e+00
1.502762103080749512e+01
4.680890083312988281e+00
4.841036319732666016e+00
2.324403572082519531e+01
4.676550149917602539e+00
2.494406390190124512e+01
4.826848506927490234e+00
4.619433403015136719e+00
4.510454416275024414e+00
