3.666773736476898193e-01
4.010131955146789551e-01
4.010131955146789551e-01
4.010131955146789551e-01
4.010131955146789551e-01
4.010131955146789551e-01
4.010131955146789551e-01
4.010131955146789551e-01
4.010131955146789551e-01
4.010131955146789551e-01
4.010131955146789551e-01
4.010131955146789551e-01
4.010131955146789551e-01
4.010131955146789551e-01
4.010131955146789551e-01
4.010131955146789551e-01
4.010131955146789551e-01
4.010131955146789551e-01
4.010131955146789551e-01
4.010131955146789551e-01
4.010131955146789551e-01
4.010131955146789551e-01
4.010131955146789551e-01
4.010131955146789551e-01
4.010131955146789551e-01
4.010131955146789551e-01
4.010131955146789551e-01
4.010131955146789551e-01
4.010131955146789551e-01
4.010131955146789551e-01
4.010131955146789551e-01
4.010131955146789551e-01
4.010131955146789551e-01
4.010131955146789551e-01
4.010131955146789551e-01
4.010131955146789551e-01
4.010131955146789551e-01
4.010131955146789551e-01
4.010131955146789551e-01
4.010131955146789551e-01
4.010131955146789551e-01
4.010131955146789551e-01
4.010131955146789551e-01
4.010131955146789551e-01
4.010131955146789551e-01
4.010131955146789551e-01
4.010131955146789551e-01
4.010131955146789551e-01
4.010131955146789551e-01
4.010131955146789551e-01
4.010131955146789551e-01
4.010131955146789551e-01
4.010131955146789551e-01
4.010131955146789551e-01
4.010131955146789551e-01
4.010131955146789551e-01
4.010131955146789551e-01
4.010131955146789551e-01
4.010131955146789551e-01
4.010131955146789551e-01
4.010131955146789551e-01
4.010131955146789551e-01
4.010131955146789551e-01
4.010131955146789551e-01
4.010131955146789551e-01
4.010131955146789551e-01
4.010131955146789551e-01
4.010131955146789551e-01
4.010131955146789551e-01
4.010131955146789551e-01
4.010131955146789551e-01
4.010131955146789551e-01
4.010131955146789551e-01
4.010131955146789551e-01
4.010131955146789551e-01
4.010131955146789551e-01
4.010131955146789551e-01
4.010131955146789551e-01
4.010131955146789551e-01
4.010131955146789551e-01
4.010131955146789551e-01
4.010131955146789551e-01
4.010131955146789551e-01
4.010131955146789551e-01
4.010131955146789551e-01
4.010131955146789551e-01
4.010131955146789551e-01
4.010131955146789551e-01
4.010131955146789551e-01
4.010131955146789551e-01
4.010131955146789551e-01
4.010131955146789551e-01
4.010131955146789551e-01
4.010131955146789551e-01
4.010131955146789551e-01
4.010131955146789551e-01
4.010131955146789551e-01
4.010131955146789551e-01
4.010131955146789551e-01
4.010131955146789551e-01
