8.845500946044921875e-01
9.593944549560546875e-01
9.681664109230041504e-01
9.773627519607543945e-01
9.848613739013671875e-01
9.892473220825195312e-01
9.905206561088562012e-01
9.929258823394775391e-01
9.885398745536804199e-01
9.929258823394775391e-01
9.881154298782348633e-01
9.960384964942932129e-01
9.966044425964355469e-01
9.967458844184875488e-01
9.963214397430419922e-01
9.968873858451843262e-01
9.961799383163452148e-01
9.968873858451843262e-01
9.977362751960754395e-01
9.975947737693786621e-01
9.974533319473266602e-01
9.974533319473266602e-01
9.974533319473266602e-01
9.973118305206298828e-01
9.973118305206298828e-01
9.978777766227722168e-01
9.980192184448242188e-01
9.981607198715209961e-01
9.983022212982177734e-01
9.984436631202697754e-01
9.984436631202697754e-01
9.985851645469665527e-01
9.988681674003601074e-01
9.984436631202697754e-01
9.988681674003601074e-01
9.985851645469665527e-01
9.987266659736633301e-01
9.985851645469665527e-01
9.983022212982177734e-01
9.988681674003601074e-01
9.983022212982177734e-01
9.991511106491088867e-01
9.985851645469665527e-01
9.991511106491088867e-01
9.987266659736633301e-01
9.994340538978576660e-01
9.988681674003601074e-01
9.994340538978576660e-01
9.991511106491088867e-01
9.994340538978576660e-01
