9.762021780014038086e+00
1.021989488601684570e+01
9.667665004730224609e+00
1.985552763938903809e+01
1.134481191635131836e+01
1.893677282333374023e+01
1.188394808769226074e+01
1.981404471397399902e+01
2.045972156524658203e+01
9.782251358032226562e+00
1.793807578086853027e+01
1.189883923530578613e+01
1.810311985015869141e+01
1.238813734054565430e+01
1.771522545814514160e+01
1.404462671279907227e+01
2.045841097831726074e+01
1.022150993347167969e+01
2.045852756500244141e+01
1.024073886871337891e+01
1.936494159698486328e+01
2.043028402328491211e+01
2.045841383934020996e+01
1.123146891593933105e+01
1.807038760185241699e+01
2.009352707862854004e+01
2.045925736427307129e+01
1.009861373901367188e+01
1.114614248275756836e+01
1.863357043266296387e+01
1.191865086555480957e+01
1.987505817413330078e+01
1.103326916694641113e+01
2.046560621261596680e+01
2.965991616249084473e+01
1.989540529251098633e+01
2.045843291282653809e+01
9.453769445419311523e+00
2.045980000495910645e+01
1.021986842155456543e+01
1.093824601173400879e+01
1.908549451828002930e+01
1.239447593688964844e+01
1.768918657302856445e+01
1.240593481063842773e+01
1.812704014778137207e+01
1.138448023796081543e+01
2.045918297767639160e+01
9.592912912368774414e+00
1.849440264701843262e+01
