1.123049259185791016e+01
1.190235614776611328e+01
1.229223585128784180e+01
2.006189322471618652e+01
1.260463929176330566e+01
1.843745255470275879e+01
1.262075757980346680e+01
1.871950268745422363e+01
1.224150753021240234e+01
1.893478584289550781e+01
1.231270456314086914e+01
1.926024675369262695e+01
1.236969614028930664e+01
1.896448493003845215e+01
1.210925173759460449e+01
2.085933494567871094e+01
3.146270179748535156e+01
2.038765025138854980e+01
1.211914086341857910e+01
1.925731444358825684e+01
1.205779504776000977e+01
1.946312928199768066e+01
2.038183259963989258e+01
1.102029466629028320e+01
1.987117242813110352e+01
2.045981454849243164e+01
1.094786763191223145e+01
1.216390323638916016e+01
2.063300299644470215e+01
2.045971965789794922e+01
1.142405486106872559e+01
1.215313720703125000e+01
1.928608441352844238e+01
1.253296256065368652e+01
1.897870421409606934e+01
1.344264912605285645e+01
2.060323333740234375e+01
3.262710165977478027e+01
1.918078279495239258e+01
2.100911259651184082e+01
1.153854012489318848e+01
1.208415603637695312e+01
1.912652397155761719e+01
1.910978293418884277e+01
1.183928036689758301e+01
2.148865389823913574e+01
3.047434997558593750e+01
2.111001157760620117e+01
3.094595766067504883e+01
2.185023069381713867e+01
