5.033275365829467773e+00
4.771084785461425781e+00
1.413177967071533203e+01
5.089578151702880859e+00
4.972895622253417969e+00
6.618087768554687500e+00
5.030032157897949219e+00
6.448989629745483398e+00
4.747824430465698242e+00
4.650753736495971680e+00
5.022328376770019531e+00
4.498733997344970703e+00
4.540324211120605469e+00
4.870522260665893555e+00
5.061471939086914062e+00
4.789872884750366211e+00
4.693292617797851562e+00
4.904494047164916992e+00
4.766846895217895508e+00
5.035544157028198242e+00
4.914097070693969727e+00
4.659078836441040039e+00
4.844599723815917969e+00
4.721760034561157227e+00
5.337195873260498047e+00
4.883342742919921875e+00
4.745186090469360352e+00
4.837378740310668945e+00
4.623339653015136719e+00
4.569756269454956055e+00
4.781301021575927734e+00
1.290995407104492188e+01
4.646745443344116211e+00
4.452942848205566406e+00
4.619043111801147461e+00
4.542139530181884766e+00
4.693227052688598633e+00
4.758798599243164062e+00
4.511782169342041016e+00
5.254413604736328125e+00
4.422202110290527344e+00
4.771893739700317383e+00
4.472056388854980469e+00
4.616623163223266602e+00
4.802921295166015625e+00
2.407357621192932129e+01
4.786912679672241211e+00
4.451760292053222656e+00
4.445936441421508789e+00
4.412692308425903320e+00
