1.446519422531127930e+01
1.445686149597167969e+01
1.452175903320312500e+01
1.453055548667907715e+01
1.979318237304687500e+01
1.447772431373596191e+01
1.458713150024414062e+01
1.447372412681579590e+01
1.442590451240539551e+01
1.438024950027465820e+01
1.431251049041748047e+01
1.432320618629455566e+01
1.431767916679382324e+01
1.430035543441772461e+01
1.432624578475952148e+01
1.428518271446228027e+01
1.431784558296203613e+01
1.996481394767761230e+01
1.434384489059448242e+01
1.433297371864318848e+01
1.449408769607543945e+01
1.436014962196350098e+01
1.434924197196960449e+01
1.437225890159606934e+01
1.987028646469116211e+01
1.441956663131713867e+01
1.438501906394958496e+01
1.436278271675109863e+01
1.987029743194580078e+01
1.436810517311096191e+01
1.435149478912353516e+01
1.990009355545043945e+01
1.443497419357299805e+01
1.979877376556396484e+01
1.436081886291503906e+01
1.436499142646789551e+01
1.444273400306701660e+01
1.442933821678161621e+01
1.447733855247497559e+01
1.439751291275024414e+01
1.437126350402832031e+01
1.439080262184143066e+01
1.995682311058044434e+01
1.450534486770629883e+01
2.021169376373291016e+01
1.443083333969116211e+01
1.432096791267395020e+01
1.439982986450195312e+01
1.440577125549316406e+01
1.435282158851623535e+01
