1.598584800958633423e-01
3.920874893665313721e-01
5.024123787879943848e-01
5.969765186309814453e-01
6.664522290229797363e-01
7.195239663124084473e-01
7.664843797683715820e-01
8.079768419265747070e-01
8.362817764282226562e-01
8.652299642562866211e-01
8.784174919128417969e-01
9.031842947006225586e-01
9.044709205627441406e-01
9.186233282089233398e-01
9.285944104194641113e-01
9.456416964530944824e-01
9.520746469497680664e-01
9.507880210876464844e-01
9.565776586532592773e-01
9.575425982475280762e-01
9.665487408638000488e-01
9.636539220809936523e-01
9.678353071212768555e-01
9.642971754074096680e-01
9.752331972122192383e-01
9.713734388351440430e-01
9.716950654983520508e-01
9.797362685203552246e-01
9.781280159950256348e-01
9.745898842811584473e-01
9.742682576179504395e-01
9.794145822525024414e-01
9.771630764007568359e-01
9.813444614410400391e-01
9.787713289260864258e-01
9.778063893318176270e-01
9.755548238754272461e-01
9.816661477088928223e-01
9.761981368064880371e-01
9.807012081146240234e-01
9.823094010353088379e-01
9.819877743721008301e-01
9.797362685203552246e-01
9.842392802238464355e-01
9.797362685203552246e-01
9.829527139663696289e-01
9.816661477088928223e-01
9.790929555892944336e-01
9.839176535606384277e-01
9.871340990066528320e-01
9.813444614410400391e-01
9.784496426582336426e-01
9.745898842811584473e-01
9.800578951835632324e-01
9.819877743721008301e-01
9.835960268974304199e-01
9.803795218467712402e-01
9.781280159950256348e-01
9.807012081146240234e-01
9.807012081146240234e-01
9.790929555892944336e-01
9.803795218467712402e-01
9.848825931549072266e-01
9.800578951835632324e-01
9.810228347778320312e-01
9.839176535606384277e-01
9.784496426582336426e-01
9.845609664916992188e-01
9.797362685203552246e-01
9.816661477088928223e-01
9.768414497375488281e-01
9.810228347778320312e-01
9.842392802238464355e-01
9.839176535606384277e-01
9.807012081146240234e-01
9.810228347778320312e-01
9.819877743721008301e-01
9.774847030639648438e-01
9.832743406295776367e-01
9.810228347778320312e-01
9.807012081146240234e-01
9.790929555892944336e-01
9.758765101432800293e-01
9.774847030639648438e-01
9.784496426582336426e-01
9.774847030639648438e-01
9.790929555892944336e-01
9.807012081146240234e-01
9.787713289260864258e-01
9.800578951835632324e-01
9.790929555892944336e-01
9.835960268974304199e-01
9.794145822525024414e-01
9.832743406295776367e-01
9.784496426582336426e-01
9.832743406295776367e-01
9.823094010353088379e-01
9.813444614410400391e-01
9.774847030639648438e-01
9.829527139663696289e-01
