2.946350574493408203e+00
2.010595560073852539e+00
1.524064302444458008e+00
1.210443377494812012e+00
9.799336791038513184e-01
8.157913684844970703e-01
6.745491623878479004e-01
5.910326242446899414e-01
5.046848058700561523e-01
4.457305073738098145e-01
4.081106781959533691e-01
3.729183673858642578e-01
3.272144496440887451e-01
3.087097108364105225e-01
2.898626923561096191e-01
2.611557543277740479e-01
2.543240785598754883e-01
2.383808940649032593e-01
2.201507836580276489e-01
2.055704444646835327e-01
2.102833092212677002e-01
2.010132968425750732e-01
1.924322545528411865e-01
1.881377100944519043e-01
1.757619678974151611e-01
1.716991811990737915e-01
1.676271408796310425e-01
1.707992404699325562e-01
1.630914509296417236e-01
1.626372933387756348e-01
1.612024456262588501e-01
1.643127650022506714e-01
1.634952276945114136e-01
1.563303172588348389e-01
1.545895487070083618e-01
1.558333039283752441e-01
1.614713966846466064e-01
1.537012755870819092e-01
1.518465876579284668e-01
1.486275941133499146e-01
1.482640802860260010e-01
1.442570090293884277e-01
1.463801711797714233e-01
1.568389534950256348e-01
1.484333723783493042e-01
1.420169025659561157e-01
1.524893790483474731e-01
1.468635648488998413e-01
1.492661833763122559e-01
1.438570618629455566e-01
1.467072367668151855e-01
1.486948132514953613e-01
1.484653204679489136e-01
1.421539187431335449e-01
1.533561497926712036e-01
1.442150026559829712e-01
1.440477222204208374e-01
1.480882763862609863e-01
1.514067649841308594e-01
1.473146528005599976e-01
1.515824347734451294e-01
1.437928527593612671e-01
1.501456946134567261e-01
1.438601166009902954e-01
1.530283093452453613e-01
1.593857556581497192e-01
1.450767964124679565e-01
1.513118892908096313e-01
1.420460045337677002e-01
1.470809727907180786e-01
1.474281847476959229e-01
1.482968777418136597e-01
1.439166814088821411e-01
1.483562737703323364e-01
1.506264656782150269e-01
1.467532515525817871e-01
1.522129774093627930e-01
1.507448554039001465e-01
1.509624719619750977e-01
1.501324772834777832e-01
1.532968729734420776e-01
1.531945168972015381e-01
1.502264142036437988e-01
1.536229848861694336e-01
1.511854231357574463e-01
1.553302407264709473e-01
1.560566872358322144e-01
1.462887227535247803e-01
1.426675915718078613e-01
1.566229909658432007e-01
1.539566963911056519e-01
1.509370505809783936e-01
1.512036323547363281e-01
1.484380960464477539e-01
1.517419815063476562e-01
1.588066667318344116e-01
1.502923816442489624e-01
1.505680680274963379e-01
1.499646604061126709e-01
1.456002742052078247e-01
