8.909940719604492188e-03
8.542299270629882812e-03
8.548021316528320312e-03
8.622169494628906250e-03
8.622884750366210938e-03
8.601188659667968750e-03
8.681535720825195312e-03
8.498430252075195312e-03
8.460044860839843750e-03
8.498191833496093750e-03
8.608341217041015625e-03
8.684396743774414062e-03
8.713960647583007812e-03
8.661985397338867188e-03
8.562088012695312500e-03
8.641242980957031250e-03
8.583068847656250000e-03
8.696317672729492188e-03
8.697271347045898438e-03
8.693695068359375000e-03
8.677721023559570312e-03
8.472919464111328125e-03
8.555650711059570312e-03
8.710861206054687500e-03
8.614063262939453125e-03
8.540630340576171875e-03
8.547782897949218750e-03
8.534908294677734375e-03
8.508205413818359375e-03
8.464097976684570312e-03
8.589506149291992188e-03
8.526802062988281250e-03
8.558988571166992188e-03
8.597373962402343750e-03
8.596658706665039062e-03
8.497714996337890625e-03
8.508443832397460938e-03
8.538007736206054688e-03
8.611679077148437500e-03
8.566617965698242188e-03
8.612394332885742188e-03
8.594036102294921875e-03
8.575916290283203125e-03
8.564472198486328125e-03
8.597135543823242188e-03
8.522272109985351562e-03
8.521080017089843750e-03
8.554220199584960938e-03
8.486747741699218750e-03
8.558273315429687500e-03
8.502483367919921875e-03
8.529663085937500000e-03
8.468866348266601562e-03
8.523941040039062500e-03
8.553743362426757812e-03
8.531808853149414062e-03
8.489131927490234375e-03
8.571386337280273438e-03
8.556365966796875000e-03
8.517503738403320312e-03
8.459091186523437500e-03
8.507013320922851562e-03
8.567810058593750000e-03
8.569717407226562500e-03
8.584737777709960938e-03
8.440494537353515625e-03
9.391784667968750000e-03
8.520841598510742188e-03
8.509397506713867188e-03
8.529186248779296875e-03
8.538484573364257812e-03
8.576631546020507812e-03
8.485555648803710938e-03
8.463621139526367188e-03
8.555412292480468750e-03
8.490324020385742188e-03
8.443355560302734375e-03
8.573293685913085938e-03
8.467435836791992188e-03
8.568286895751953125e-03
8.491754531860351562e-03
8.583068847656250000e-03
8.568048477172851562e-03
8.569002151489257812e-03
8.567810058593750000e-03
8.470773696899414062e-03
8.592605590820312500e-03
8.574485778808593750e-03
8.530855178833007812e-03
8.569002151489257812e-03
8.499860763549804688e-03
8.508920669555664062e-03
8.451938629150390625e-03
8.514165878295898438e-03
8.399963378906250000e-03
8.452177047729492188e-03
8.414268493652343750e-03
8.432149887084960938e-03
8.375167846679687500e-03
8.446693420410156250e-03
