8.870124816894531250e-03
8.503198623657226562e-03
8.496999740600585938e-03
8.584499359130859375e-03
8.545160293579101562e-03
8.531570434570312500e-03
8.625745773315429688e-03
8.483409881591796875e-03
8.401870727539062500e-03
8.437395095825195312e-03
8.537530899047851562e-03
8.637905120849609375e-03
8.674860000610351562e-03
8.616924285888671875e-03
8.554935455322265625e-03
8.602142333984375000e-03
8.512496948242187500e-03
8.620738983154296875e-03
8.620023727416992188e-03
8.622169494628906250e-03
8.622169494628906250e-03
8.447170257568359375e-03
8.482694625854492188e-03
8.615970611572265625e-03
8.570194244384765625e-03
8.462667465209960938e-03
8.481740951538085938e-03
8.505105972290039062e-03
8.436918258666992188e-03
8.446931838989257812e-03
8.564472198486328125e-03
8.463382720947265625e-03
8.460998535156250000e-03
8.505344390869140625e-03
8.489847183227539062e-03
8.416414260864257812e-03
8.427381515502929688e-03
8.447170257568359375e-03
8.485794067382812500e-03
8.472442626953125000e-03
8.510589599609375000e-03
8.566379547119140625e-03
8.508682250976562500e-03
8.438825607299804688e-03
8.527278900146484375e-03
8.446455001831054688e-03
8.442878723144531250e-03
8.466243743896484375e-03
8.441209793090820312e-03
8.486747741699218750e-03
8.410215377807617188e-03
8.435726165771484375e-03
8.387088775634765625e-03
8.440017700195312500e-03
8.502960205078125000e-03
8.412122726440429688e-03
8.418560028076171875e-03
8.458137512207031250e-03
8.454799652099609375e-03
8.485317230224609375e-03
8.422136306762695312e-03
8.399963378906250000e-03
8.426427841186523438e-03
8.471727371215820312e-03
8.479833602905273438e-03
8.373260498046875000e-03
9.333133697509765625e-03
8.427381515502929688e-03
8.428812026977539062e-03
8.418798446655273438e-03
8.418083190917968750e-03
8.541584014892578125e-03
8.438110351562500000e-03
8.367538452148437500e-03
8.443832397460937500e-03
8.444786071777343750e-03
8.385419845581054688e-03
8.448839187622070312e-03
8.358001708984375000e-03
8.411407470703125000e-03
8.424282073974609375e-03
8.499145507812500000e-03
8.514165878295898438e-03
8.422613143920898438e-03
8.517026901245117188e-03
8.396148681640625000e-03
8.463859558105468750e-03
8.479833602905273438e-03
8.395910263061523438e-03
8.549690246582031250e-03
8.422136306762695312e-03
8.480310440063476562e-03
8.372306823730468750e-03
8.388519287109375000e-03
8.360385894775390625e-03
8.405447006225585938e-03
8.340835571289062500e-03
8.403539657592773438e-03
8.288145065307617188e-03
8.420705795288085938e-03
