9.946060776710510254e-01
9.934565424919128418e-01
9.900079369544982910e-01
9.884163141250610352e-01
9.883278608322143555e-01
9.885047078132629395e-01
9.894773960113525391e-01
9.904500842094421387e-01
9.914227724075317383e-01
9.920417070388793945e-01
9.926607012748718262e-01
9.930143952369689941e-01
9.932796955108642578e-01
9.933680891990661621e-01
9.936333894729614258e-01
9.938986897468566895e-01
9.938986897468566895e-01
9.938986897468566895e-01
9.942523837089538574e-01
9.942523837089538574e-01
9.942523837089538574e-01
9.942523837089538574e-01
9.942523837089538574e-01
9.943407773971557617e-01
9.943407773971557617e-01
9.943407773971557617e-01
9.944292306900024414e-01
9.944292306900024414e-01
9.946060776710510254e-01
9.946944713592529297e-01
