9.843487739562988281e-01
9.943407773971557617e-01
9.815191626548767090e-01
9.845256209373474121e-01
9.877973198890686035e-01
9.890353083610534668e-01
9.907153844833374023e-01
9.917764663696289062e-01
9.927491545677185059e-01
9.934565424919128418e-01
9.938986897468566895e-01
9.941639304161071777e-01
9.945176243782043457e-01
9.951366186141967773e-01
9.953134655952453613e-01
9.953134655952453613e-01
9.954903125762939453e-01
9.956671595573425293e-01
9.958440065383911133e-01
9.959324598312377930e-01
9.959324598312377930e-01
9.959324598312377930e-01
9.960208535194396973e-01
9.960208535194396973e-01
9.961093068122863770e-01
9.961093068122863770e-01
9.961093068122863770e-01
9.962861537933349609e-01
9.963745474815368652e-01
9.964630007743835449e-01
