9.334782361984252930e+00
9.094609737396240234e+00
9.056043386459350586e+00
9.049246311187744141e+00
9.111372709274291992e+00
9.235243797302246094e+00
9.154660224914550781e+00
9.127660036087036133e+00
9.126036167144775391e+00
9.221412181854248047e+00
9.094426393508911133e+00
9.760309696197509766e+00
9.463286638259887695e+00
9.517041683197021484e+00
9.408066272735595703e+00
9.466024875640869141e+00
9.392968177795410156e+00
9.484716415405273438e+00
9.313309669494628906e+00
9.432780027389526367e+00
9.246204853057861328e+00
9.268181800842285156e+00
9.309782743453979492e+00
9.269844770431518555e+00
9.182200431823730469e+00
9.308687925338745117e+00
9.284898281097412109e+00
9.186467647552490234e+00
9.432582855224609375e+00
9.427232980728149414e+00
