2.111053705215454102e+00
1.494716763496398926e+00
1.195442080497741699e+00
9.790437817573547363e-01
8.169578313827514648e-01
6.992009878158569336e-01
6.224368214607238770e-01
5.437765717506408691e-01
4.867972433567047119e-01
4.312711060047149658e-01
3.840324878692626953e-01
3.616125285625457764e-01
3.262191712856292725e-01
3.197817802429199219e-01
2.885694801807403564e-01
2.826542258262634277e-01
2.659096121788024902e-01
2.576088011264801025e-01
2.461334615945816040e-01
2.462158799171447754e-01
2.215423136949539185e-01
2.180528044700622559e-01
2.159126847982406616e-01
2.074277102947235107e-01
2.065735906362533569e-01
2.091071456670761108e-01
2.014679163694381714e-01
2.025982737541198730e-01
1.917339116334915161e-01
1.910748183727264404e-01
1.933075040578842163e-01
1.846566349267959595e-01
1.864493787288665771e-01
1.861467808485031128e-01
1.766854822635650635e-01
1.837108284235000610e-01
1.771027594804763794e-01
1.785688996315002441e-01
1.825402826070785522e-01
1.847439259290695190e-01
1.729762256145477295e-01
1.772506535053253174e-01
1.758916527032852173e-01
1.743015050888061523e-01
1.807584762573242188e-01
1.791415363550186157e-01
1.798091381788253784e-01
1.842581033706665039e-01
1.851039826869964600e-01
1.726168841123580933e-01
1.753983050584793091e-01
1.754221022129058838e-01
1.821518391370773315e-01
1.912863850593566895e-01
1.869804114103317261e-01
1.898242682218551636e-01
1.771332919597625732e-01
1.732465773820877075e-01
1.920086890459060669e-01
1.936145573854446411e-01
1.792075634002685547e-01
1.900694072246551514e-01
1.792669743299484253e-01
1.878295987844467163e-01
1.892898678779602051e-01
1.933606863021850586e-01
1.798746734857559204e-01
1.828711032867431641e-01
1.883361339569091797e-01
1.846457272768020630e-01
1.791352331638336182e-01
1.778857856988906860e-01
1.808489561080932617e-01
1.834593117237091064e-01
1.787470579147338867e-01
1.800273954868316650e-01
1.884300410747528076e-01
1.897479444742202759e-01
1.851830631494522095e-01
1.866452693939208984e-01
1.862253695726394653e-01
1.860690712928771973e-01
1.852967888116836548e-01
1.904229968786239624e-01
1.823467314243316650e-01
1.829168200492858887e-01
1.820203065872192383e-01
1.876820474863052368e-01
1.966915577650070190e-01
1.832225918769836426e-01
1.914518624544143677e-01
1.831261217594146729e-01
1.791711598634719849e-01
1.870350241661071777e-01
1.926792562007904053e-01
1.851895451545715332e-01
1.797449588775634766e-01
1.791820675134658813e-01
1.888560354709625244e-01
1.847667396068572998e-01
