9.401059150695800781e-02
8.381724357604980469e-02
6.430983543395996094e-02
5.438137054443359375e-02
5.796241760253906250e-02
4.077720642089843750e-02
1.490485668182373047e-01
8.227419853210449219e-02
1.041524410247802734e-01
7.285141944885253906e-02
4.932355880737304688e-02
3.882002830505371094e-02
7.452893257141113281e-02
2.346730232238769531e-02
7.670807838439941406e-02
4.413127899169921875e-02
6.431603431701660156e-02
5.815458297729492188e-02
2.338457107543945312e-02
1.087234020233154297e-01
6.560325622558593750e-03
2.440953254699707031e-02
1.022512912750244141e-01
4.684519767761230469e-02
5.279421806335449219e-02
1.045508384704589844e-01
2.599811553955078125e-02
4.134154319763183594e-02
5.449438095092773438e-02
9.415364265441894531e-02
6.275129318237304688e-02
1.409976482391357422e-01
8.502483367919921875e-03
2.322602272033691406e-02
5.753636360168457031e-02
7.294940948486328125e-02
1.476652622222900391e-01
1.021840572357177734e-01
8.920836448669433594e-02
1.381893157958984375e-01
6.579089164733886719e-02
7.091903686523437500e-02
1.030921936035156250e-01
7.873368263244628906e-02
1.243083477020263672e-01
1.062154769897460938e-01
3.178834915161132812e-02
5.907630920410156250e-02
5.898022651672363281e-02
5.004787445068359375e-02
9.226965904235839844e-02
3.398942947387695312e-02
7.934904098510742188e-02
5.262351036071777344e-02
5.503487586975097656e-02
4.891300201416015625e-02
4.140973091125488281e-02
6.508469581604003906e-02
8.347940444946289062e-02
4.648661613464355469e-02
7.483506202697753906e-02
1.007082462310791016e-01
7.364177703857421875e-02
8.976554870605468750e-02
7.175517082214355469e-02
5.625820159912109375e-02
1.309320926666259766e-01
4.509329795837402344e-02
1.233346462249755859e-01
1.052844524383544922e-01
1.170814037322998047e-01
5.013775825500488281e-02
1.064743995666503906e-01
7.529640197753906250e-02
6.708383560180664062e-02
1.023056507110595703e-01
9.841632843017578125e-02
1.481235027313232422e-01
5.715751647949218750e-02
5.837154388427734375e-02
9.005236625671386719e-02
1.372325420379638672e-01
5.952763557434082031e-02
8.095979690551757812e-02
2.911448478698730469e-02
4.378437995910644531e-02
6.647491455078125000e-02
1.276924610137939453e-01
8.874988555908203125e-02
1.222739219665527344e-01
5.733203887939453125e-02
7.277297973632812500e-02
8.182024955749511719e-02
5.724382400512695312e-02
1.136574745178222656e-01
4.967427253723144531e-02
1.165394783020019531e-01
3.620028495788574219e-02
3.054451942443847656e-02
1.463027000427246094e-01
