1.409496068954467773e+01
1.385645818710327148e+01
1.381536960601806641e+01
1.374263834953308105e+01
1.332145309448242188e+01
1.337769675254821777e+01
1.340980792045593262e+01
1.396430277824401855e+01
1.340846276283264160e+01
1.348144674301147461e+01
1.390287470817565918e+01
1.341200423240661621e+01
4.066765260696411133e+01
3.624753022193908691e+01
1.337084960937500000e+01
6.419820690155029297e+01
1.358554482460021973e+01
6.535241317749023438e+01
1.378361272811889648e+01
1.366250395774841309e+01
1.371200656890869141e+01
5.116558504104614258e+01
1.356528306007385254e+01
1.335951781272888184e+01
5.886613440513610840e+01
1.345549869537353516e+01
5.530446672439575195e+01
1.379720067977905273e+01
1.369735097885131836e+01
3.924621367454528809e+01
1.347163867950439453e+01
1.338491773605346680e+01
4.033601641654968262e+01
1.332929205894470215e+01
3.674814891815185547e+01
1.331908988952636719e+01
1.352180123329162598e+01
4.662995529174804688e+01
1.346062541007995605e+01
4.785665225982666016e+01
1.359851145744323730e+01
1.331510615348815918e+01
5.412552380561828613e+01
2.096998929977416992e+01
1.348233747482299805e+01
1.372010660171508789e+01
4.020213317871093750e+01
1.364187550544738770e+01
1.354441595077514648e+01
4.301191592216491699e+01
1.345157408714294434e+01
1.391997361183166504e+01
3.579062008857727051e+01
6.546456670761108398e+01
1.377437829971313477e+01
1.370797085762023926e+01
1.405742597579956055e+01
3.328132057189941406e+01
2.455757188796997070e+01
1.348999214172363281e+01
5.261746430397033691e+01
1.371328949928283691e+01
1.323032522201538086e+01
1.353539514541625977e+01
1.349595689773559570e+01
1.341923069953918457e+01
1.335714197158813477e+01
1.353387022018432617e+01
1.347534513473510742e+01
5.875871086120605469e+01
3.004295849800109863e+01
1.376600933074951172e+01
1.357306957244873047e+01
1.408244299888610840e+01
1.345745158195495605e+01
1.376162338256835938e+01
1.352077317237854004e+01
1.346244907379150391e+01
5.355409216880798340e+01
1.377322840690612793e+01
1.344523167610168457e+01
1.357486724853515625e+01
1.344125247001647949e+01
5.002882075309753418e+01
1.369770169258117676e+01
1.340857076644897461e+01
1.347637629508972168e+01
1.358222126960754395e+01
1.348374366760253906e+01
1.347138690948486328e+01
5.582372307777404785e+01
1.328991460800170898e+01
1.316977977752685547e+01
5.031158542633056641e+01
2.688099861145019531e+01
1.391967868804931641e+01
4.228286218643188477e+01
2.320072722434997559e+01
1.366664338111877441e+01
6.484576082229614258e+01
