1.250354599952697754e+01
2.010795927047729492e+01
3.221869492530822754e+01
4.094396471977233887e+01
1.370410680770874023e+01
1.903706049919128418e+01
2.046211099624633789e+01
1.355810189247131348e+01
1.421005940437316895e+01
1.915850496292114258e+01
1.998302030563354492e+01
1.327544546127319336e+01
1.982768821716308594e+01
1.346478080749511719e+01
2.037231969833374023e+01
1.366157579421997070e+01
2.055439829826354980e+01
3.365403532981872559e+01
1.983449602127075195e+01
2.046729207038879395e+01
1.249212050437927246e+01
1.443456697463989258e+01
1.805070137977600098e+01
1.315714502334594727e+01
1.888875174522399902e+01
2.024811172485351562e+01
5.767458033561706543e+01
3.587363266944885254e+01
1.842344808578491211e+01
1.808164405822753906e+01
1.405612039566040039e+01
2.042244291305541992e+01
3.220475959777832031e+01
2.083159494400024414e+01
3.237012934684753418e+01
2.191786193847656250e+01
4.093812108039855957e+01
1.279517674446105957e+01
1.980158376693725586e+01
1.959396576881408691e+01
1.452592206001281738e+01
2.047549390792846680e+01
3.226545190811157227e+01
1.410078978538513184e+01
1.931935667991638184e+01
2.136324739456176758e+01
3.433787536621093750e+01
2.045889925956726074e+01
1.287194919586181641e+01
2.045948743820190430e+01
