9.767968058586120605e-01
9.936332702636718750e-01
9.932088255882263184e-01
9.971703290939331055e-01
9.983022212982177734e-01
9.984436631202697754e-01
9.988681674003601074e-01
9.991511106491088867e-01
9.978777766227722168e-01
9.991511106491088867e-01
9.981607198715209961e-01
9.988681674003601074e-01
9.992926120758056641e-01
9.994340538978576660e-01
9.991511106491088867e-01
9.992926120758056641e-01
9.992926120758056641e-01
9.994340538978576660e-01
9.995755553245544434e-01
9.997170567512512207e-01
9.998584985733032227e-01
9.997170567512512207e-01
9.997170567512512207e-01
1.000000000000000000e+00
1.000000000000000000e+00
1.000000000000000000e+00
1.000000000000000000e+00
1.000000000000000000e+00
1.000000000000000000e+00
1.000000000000000000e+00
1.000000000000000000e+00
1.000000000000000000e+00
1.000000000000000000e+00
1.000000000000000000e+00
1.000000000000000000e+00
1.000000000000000000e+00
1.000000000000000000e+00
1.000000000000000000e+00
1.000000000000000000e+00
1.000000000000000000e+00
1.000000000000000000e+00
1.000000000000000000e+00
1.000000000000000000e+00
1.000000000000000000e+00
1.000000000000000000e+00
1.000000000000000000e+00
1.000000000000000000e+00
1.000000000000000000e+00
1.000000000000000000e+00
1.000000000000000000e+00
