1.801132726669311523e+01
1.797101283073425293e+01
1.796533370018005371e+01
1.802013969421386719e+01
1.794286656379699707e+01
1.791961503028869629e+01
1.816742849349975586e+01
1.815660500526428223e+01
1.794729566574096680e+01
1.796671819686889648e+01
1.814026737213134766e+01
1.798622250556945801e+01
1.808087038993835449e+01
1.798156023025512695e+01
1.785623359680175781e+01
1.796189928054809570e+01
1.781413054466247559e+01
1.806040835380554199e+01
1.796153068542480469e+01
1.815045309066772461e+01
1.795962357521057129e+01
1.977776765823364258e+01
1.811309957504272461e+01
1.809191799163818359e+01
1.793261790275573730e+01
1.807765674591064453e+01
1.789231300354003906e+01
1.823238658905029297e+01
1.802668499946594238e+01
1.813403177261352539e+01
1.824432730674743652e+01
1.804632949829101562e+01
1.807906651496887207e+01
1.782566785812377930e+01
1.796966218948364258e+01
1.793944263458251953e+01
1.803325152397155762e+01
1.794008326530456543e+01
1.807909989356994629e+01
1.796074938774108887e+01
1.801630640029907227e+01
1.807437825202941895e+01
1.788848042488098145e+01
1.802180314064025879e+01
1.795691180229187012e+01
1.800997853279113770e+01
1.802706885337829590e+01
1.802017021179199219e+01
1.796283555030822754e+01
1.792474031448364258e+01
1.795731163024902344e+01
1.792037296295166016e+01
1.810187005996704102e+01
1.795832085609436035e+01
1.809096598625183105e+01
1.800100612640380859e+01
1.790973734855651855e+01
1.797499585151672363e+01
1.799801445007324219e+01
1.785367536544799805e+01
1.793618392944335938e+01
1.797380042076110840e+01
1.801439666748046875e+01
1.799240183830261230e+01
1.800808620452880859e+01
1.794424104690551758e+01
1.788857316970825195e+01
1.793553280830383301e+01
1.967361426353454590e+01
1.797116470336914062e+01
1.797895026206970215e+01
1.798984360694885254e+01
1.804979777336120605e+01
1.798299026489257812e+01
1.797659349441528320e+01
1.794375896453857422e+01
1.782901978492736816e+01
1.809234905242919922e+01
1.789807486534118652e+01
1.802838301658630371e+01
1.789262795448303223e+01
1.796407747268676758e+01
1.795895409584045410e+01
1.802623677253723145e+01
1.806085348129272461e+01
1.801112031936645508e+01
1.791951251029968262e+01
1.799924969673156738e+01
1.799239253997802734e+01
1.792020368576049805e+01
1.810854816436767578e+01
1.804771423339843750e+01
1.807254648208618164e+01
1.778327798843383789e+01
1.805729913711547852e+01
1.801908540725708008e+01
1.801695561408996582e+01
1.803565764427185059e+01
1.803827309608459473e+01
1.794605660438537598e+01
