5.366277694702148438e-02
5.462956428527832031e-02
5.478525161743164062e-02
5.505633354187011719e-02
5.468702316284179688e-02
5.470871925354003906e-02
5.481934547424316406e-02
5.438947677612304688e-02
5.513620376586914062e-02
5.541086196899414062e-02
5.426144599914550781e-02
5.481123924255371094e-02
5.454230308532714844e-02
5.436563491821289062e-02
5.444073677062988281e-02
5.406379699707031250e-02
5.397629737854003906e-02
5.452227592468261719e-02
5.435109138488769531e-02
5.491471290588378906e-02
5.458903312683105469e-02
5.499124526977539062e-02
5.463266372680664062e-02
5.516958236694335938e-02
5.480384826660156250e-02
5.440974235534667969e-02
5.478501319885253906e-02
5.482244491577148438e-02
5.489730834960937500e-02
5.481004714965820312e-02
5.491638183593750000e-02
5.513572692871093750e-02
5.540871620178222656e-02
5.550909042358398438e-02
5.550384521484375000e-02
5.505442619323730469e-02
