1.473539352416992188e+00
1.643137216567993164e+00
1.480882406234741211e+00
1.437376976013183594e+00
1.911288976669311523e+00
1.388636112213134766e+00
1.299097299575805664e+00
1.337317228317260742e+00
1.873322725296020508e+00
1.463447570800781250e+00
1.179019689559936523e+00
1.407775640487670898e+00
1.587865591049194336e+00
1.438592672348022461e+00
1.409556627273559570e+00
1.293370723724365234e+00
1.187586545944213867e+00
1.473378896713256836e+00
1.363889455795288086e+00
1.674826145172119141e+00
1.424410820007324219e+00
1.356575250625610352e+00
1.730177164077758789e+00
1.706699132919311523e+00
1.493118524551391602e+00
1.859158515930175781e+00
1.870124578475952148e+00
1.192084312438964844e+00
1.268438339233398438e+00
1.374861955642700195e+00
1.663949012756347656e+00
1.324345111846923828e+00
1.592200517654418945e+00
1.885861158370971680e+00
1.430947542190551758e+00
1.293907403945922852e+00
1.352256059646606445e+00
1.739903688430786133e+00
1.861581087112426758e+00
1.259766578674316406e+00
1.121238470077514648e+00
1.217124462127685547e+00
1.416301488876342773e+00
1.382688999176025391e+00
1.307360172271728516e+00
1.426584720611572266e+00
1.576851367950439453e+00
1.145949602127075195e+00
1.065216779708862305e+00
1.425601005554199219e+00
