1.390998148918151855e+01
1.414515757560729980e+01
2.009835314750671387e+01
1.439860725402832031e+01
1.974558782577514648e+01
2.239330434799194336e+01
4.093942451477050781e+01
1.428565239906311035e+01
3.201172065734863281e+01
2.193854570388793945e+01
3.179554414749145508e+01
2.488599801063537598e+01
2.808600044250488281e+01
4.093940234184265137e+01
1.357173585891723633e+01
4.093849396705627441e+01
1.430906343460083008e+01
2.921174311637878418e+01
2.438747692108154297e+01
2.962019133567810059e+01
2.340345573425292969e+01
3.068427062034606934e+01
2.418223881721496582e+01
3.131967735290527344e+01
1.456494998931884766e+01
1.995856499671936035e+01
3.234994292259216309e+01
2.292478847503662109e+01
3.072753024101257324e+01
1.337274456024169922e+01
2.052604031562805176e+01
1.509859919548034668e+01
1.798481750488281250e+01
1.933215665817260742e+01
1.391071653366088867e+01
4.093954396247863770e+01
1.371192955970764160e+01
2.029195737838745117e+01
4.093871593475341797e+01
1.401300334930419922e+01
3.176420474052429199e+01
1.343640899658203125e+01
1.964821863174438477e+01
1.428906989097595215e+01
2.045886731147766113e+01
1.350933694839477539e+01
1.454779076576232910e+01
2.026180529594421387e+01
1.778154516220092773e+01
1.620811605453491211e+01
