6.203569769859313965e-01
6.980221867561340332e-01
6.980221867561340332e-01
6.997909545898437500e-01
7.060620784759521484e-01
7.176395058631896973e-01
7.335584759712219238e-01
7.396687865257263184e-01
7.393471598625183105e-01
7.472262382507324219e-01
7.472262382507324219e-01
7.502813935279846191e-01
7.506030201911926270e-01
7.555876970291137695e-01
7.570348978042602539e-01
7.633060216903686523e-01
7.631452083587646484e-01
7.642707824707031250e-01
7.649139761924743652e-01
7.687731385231018066e-01
7.692555189132690430e-01
7.711851000785827637e-01
7.737578153610229492e-01
7.735970616340637207e-01
7.734362483024597168e-01
7.756873965263366699e-01
7.790641784667968750e-01
7.789033651351928711e-01
7.789033651351928711e-01
7.782601714134216309e-01
7.795465588569641113e-01
7.811545133590698242e-01
7.829232811927795410e-01
7.817977070808410645e-01
7.837272882461547852e-01
7.834057211875915527e-01
7.861392498016357422e-01
7.856568694114685059e-01
7.842096686363220215e-01
7.848528623580932617e-01
7.848528623580932617e-01
7.859784364700317383e-01
7.871040105819702148e-01
7.880688309669494629e-01
7.861392498016357422e-01
7.840488553047180176e-01
7.888728380203247070e-01
7.890335917472839355e-01
7.890335917472839355e-01
7.887120246887207031e-01
7.883903980255126953e-01
7.893552184104919434e-01
7.885512113571166992e-01
7.896767854690551758e-01
7.891944050788879395e-01
7.888728380203247070e-01
7.906416058540344238e-01
7.890335917472839355e-01
7.893552184104919434e-01
7.904807925224304199e-01
7.895159721374511719e-01
7.903199791908264160e-01
7.899984121322631836e-01
7.899984121322631836e-01
7.899984121322631836e-01
7.895159721374511719e-01
7.898375988006591797e-01
7.898375988006591797e-01
7.899984121322631836e-01
7.901591658592224121e-01
7.906416058540344238e-01
7.898375988006591797e-01
7.898375988006591797e-01
7.891944050788879395e-01
7.901591658592224121e-01
7.899984121322631836e-01
7.895159721374511719e-01
7.896767854690551758e-01
7.901591658592224121e-01
7.896767854690551758e-01
7.893552184104919434e-01
7.901591658592224121e-01
7.898375988006591797e-01
7.898375988006591797e-01
7.901591658592224121e-01
7.901591658592224121e-01
7.895159721374511719e-01
7.893552184104919434e-01
7.893552184104919434e-01
7.898375988006591797e-01
7.896767854690551758e-01
7.898375988006591797e-01
7.896767854690551758e-01
7.896767854690551758e-01
7.898375988006591797e-01
7.896767854690551758e-01
7.898375988006591797e-01
7.898375988006591797e-01
7.896767854690551758e-01
7.896767854690551758e-01
