4.693582057952880859e-01
5.486568808555603027e-01
5.486568808555603027e-01
5.623291134834289551e-01
6.009328961372375488e-01
6.157310605049133301e-01
6.396976113319396973e-01
6.647900938987731934e-01
6.807141900062561035e-01
6.958339810371398926e-01
6.990509629249572754e-01
7.093453407287597656e-01
7.185137271881103516e-01
7.204439640045166016e-01
7.225350141525268555e-01
7.284864187240600586e-01
7.333118915557861328e-01
7.384590506553649902e-01
7.389416098594665527e-01
7.429628372192382812e-01
7.471449375152587891e-01
7.516487240791320801e-01
7.510052919387817383e-01
7.545440196990966797e-01
7.561525106430053711e-01
7.584043741226196289e-01
7.577610015869140625e-01
7.625864744186401367e-01
7.635515332221984863e-01
7.627472877502441406e-01
7.637124061584472656e-01
7.667685151100158691e-01
7.653208971023559570e-01
7.662860155105590820e-01
7.678945064544677734e-01
7.685378789901733398e-01
7.677336335182189941e-01
7.743284702301025391e-01
7.712723016738891602e-01
7.709506154060363770e-01
7.727199792861938477e-01
7.719157338142395020e-01
7.749718427658081055e-01
7.727199792861938477e-01
7.735242247581481934e-01
7.764195203781127930e-01
7.736850380897521973e-01
7.752935290336608887e-01
7.741675972938537598e-01
7.757760882377624512e-01
7.756152749061584473e-01
7.757760882377624512e-01
7.743284702301025391e-01
7.741675972938537598e-01
7.751327157020568848e-01
7.762586474418640137e-01
7.760977745056152344e-01
7.751327157020568848e-01
7.764195203781127930e-01
7.773845791816711426e-01
7.748110294342041016e-01
7.770628929138183594e-01
7.767412066459655762e-01
7.759369611740112305e-01
7.770628929138183594e-01
7.770628929138183594e-01
7.760977745056152344e-01
7.764195203781127930e-01
7.767412066459655762e-01
7.767412066459655762e-01
7.764195203781127930e-01
7.770628929138183594e-01
7.767412066459655762e-01
7.770628929138183594e-01
7.770628929138183594e-01
7.762586474418640137e-01
7.767412066459655762e-01
7.772237658500671387e-01
7.773845791816711426e-01
7.770628929138183594e-01
7.767412066459655762e-01
7.775454521179199219e-01
7.770628929138183594e-01
7.773845791816711426e-01
7.772237658500671387e-01
7.773845791816711426e-01
7.775454521179199219e-01
7.772237658500671387e-01
7.773845791816711426e-01
7.775454521179199219e-01
7.773845791816711426e-01
7.773845791816711426e-01
7.772237658500671387e-01
7.770628929138183594e-01
7.770628929138183594e-01
7.772237658500671387e-01
7.773845791816711426e-01
7.773845791816711426e-01
7.773845791816711426e-01
7.773845791816711426e-01
