1.676512384414672852e+01
1.679918026924133301e+01
1.813180088996887207e+01
1.873426628112792969e+01
1.705058407783508301e+01
1.994917058944702148e+01
1.901252508163452148e+01
1.652197360992431641e+01
1.823620247840881348e+01
1.645884227752685547e+01
1.841693663597106934e+01
1.697349023818969727e+01
1.835997223854064941e+01
1.686467409133911133e+01
1.842652368545532227e+01
1.662221121788024902e+01
1.828273797035217285e+01
1.821710371971130371e+01
1.710007047653198242e+01
1.661075496673583984e+01
1.662706255912780762e+01
1.837239599227905273e+01
1.819922137260437012e+01
1.763991951942443848e+01
1.691062641143798828e+01
1.900104761123657227e+01
1.829316353797912598e+01
1.881100964546203613e+01
1.901720118522644043e+01
1.679236125946044922e+01
1.711608052253723145e+01
1.813429093360900879e+01
1.822372627258300781e+01
2.038251829147338867e+01
1.786292243003845215e+01
1.847862577438354492e+01
1.827905082702636719e+01
2.037071871757507324e+01
1.658107948303222656e+01
1.658295416831970215e+01
1.663764786720275879e+01
1.660465550422668457e+01
2.038303637504577637e+01
1.789372205734252930e+01
1.692431998252868652e+01
1.659065032005310059e+01
1.821056580543518066e+01
1.824950027465820312e+01
2.038871431350708008e+01
1.864107394218444824e+01
1.831512928009033203e+01
1.685989522933959961e+01
1.905250263214111328e+01
1.656548500061035156e+01
1.646135687828063965e+01
1.832657384872436523e+01
1.826332306861877441e+01
1.855797457695007324e+01
1.825385093688964844e+01
1.652708721160888672e+01
1.873392462730407715e+01
2.038741111755371094e+01
1.756780910491943359e+01
1.648426270484924316e+01
2.039462995529174805e+01
1.645622587203979492e+01
1.637141132354736328e+01
1.870546340942382812e+01
1.778447437286376953e+01
1.794996500015258789e+01
2.039198207855224609e+01
1.652438020706176758e+01
1.819725942611694336e+01
1.799743199348449707e+01
1.854019951820373535e+01
1.681518268585205078e+01
1.866565203666687012e+01
1.814837622642517090e+01
1.653032159805297852e+01
1.660716152191162109e+01
1.826040458679199219e+01
1.824528574943542480e+01
1.711586737632751465e+01
1.827506375312805176e+01
2.039262247085571289e+01
1.815480566024780273e+01
1.662706637382507324e+01
1.830779743194580078e+01
1.824295020103454590e+01
1.659427762031555176e+01
1.819991207122802734e+01
2.039882349967956543e+01
1.650315523147583008e+01
1.694012975692749023e+01
1.661105394363403320e+01
1.660362458229064941e+01
1.918764185905456543e+01
1.657902884483337402e+01
1.894187593460083008e+01
1.717501759529113770e+01
