2.090864419937133789e+00
1.359706878662109375e+00
1.267424702644348145e+00
1.141661524772644043e+00
1.042716860771179199e+00
1.010810017585754395e+00
9.775035381317138672e-01
9.535136222839355469e-01
9.325877428054809570e-01
9.218535423278808594e-01
9.050623774528503418e-01
8.870685100555419922e-01
8.783565759658813477e-01
8.693577647209167480e-01
8.651337623596191406e-01
8.557083010673522949e-01
8.432955145835876465e-01
8.365737795829772949e-01
8.258702754974365234e-01
8.212863802909851074e-01
8.136078715324401855e-01
8.056410551071166992e-01
7.968277335166931152e-01
7.977351546287536621e-01
7.916992306709289551e-01
7.824169993400573730e-01
7.773999571800231934e-01
7.760161161422729492e-01
7.714425325393676758e-01
7.690134644508361816e-01
7.656042575836181641e-01
7.613946795463562012e-01
7.638362646102905273e-01
7.594863176345825195e-01
7.565605640411376953e-01
7.549292445182800293e-01
7.536330223083496094e-01
7.523322105407714844e-01
7.499386668205261230e-01
7.503480315208435059e-01
7.483044862747192383e-01
7.482284307479858398e-01
7.470710873603820801e-01
7.458055019378662109e-01
7.458574771881103516e-01
7.446436882019042969e-01
7.437029480934143066e-01
7.432481050491333008e-01
7.432926893234252930e-01
7.425498962402343750e-01
7.420841455459594727e-01
7.415353655815124512e-01
7.414104938507080078e-01
7.412818670272827148e-01
7.408835291862487793e-01
7.403737902641296387e-01
7.402986288070678711e-01
7.402405142784118652e-01
7.399009466171264648e-01
7.397817373275756836e-01
7.397639155387878418e-01
7.394350767135620117e-01
7.391653060913085938e-01
7.390529513359069824e-01
7.389671206474304199e-01
7.388513684272766113e-01
7.387381792068481445e-01
7.387596368789672852e-01
7.385373711585998535e-01
7.384998798370361328e-01
7.384999990463256836e-01
7.384623885154724121e-01
7.384438514709472656e-01
7.382550239562988281e-01
7.382683753967285156e-01
7.382015585899353027e-01
7.381516098976135254e-01
7.381454706192016602e-01
7.380980253219604492e-01
7.380757331848144531e-01
7.380755543708801270e-01
7.380120754241943359e-01
7.380040287971496582e-01
7.379899621009826660e-01
7.379724979400634766e-01
7.379593849182128906e-01
7.379379272460937500e-01
7.379292845726013184e-01
7.379329204559326172e-01
7.379092574119567871e-01
7.378926277160644531e-01
7.378935813903808594e-01
7.378811836242675781e-01
7.378723621368408203e-01
7.378678321838378906e-01
7.378686070442199707e-01
7.378599047660827637e-01
7.378517389297485352e-01
7.378429174423217773e-01
7.378450632095336914e-01
