1.676997780799865723e+01
1.653500437736511230e+01
1.811674976348876953e+01
1.646093893051147461e+01
1.725225472450256348e+01
1.837100505828857422e+01
1.836896133422851562e+01
2.040294647216796875e+01
2.036936783790588379e+01
1.652525258064270020e+01
1.827434515953063965e+01
1.768726849555969238e+01
1.907145237922668457e+01
1.722713685035705566e+01
1.837266826629638672e+01
1.678431034088134766e+01
1.659829568862915039e+01
1.828933715820312500e+01
1.775621008872985840e+01
1.656052660942077637e+01
1.659025955200195312e+01
1.838462448120117188e+01
1.849491524696350098e+01
1.694851279258728027e+01
1.668899059295654297e+01
1.657029843330383301e+01
2.039461660385131836e+01
1.757416248321533203e+01
1.852232050895690918e+01
1.776667785644531250e+01
1.791143679618835449e+01
2.039262413978576660e+01
1.797767376899719238e+01
1.656377196311950684e+01
1.823976969718933105e+01
1.833504009246826172e+01
1.828006458282470703e+01
1.662368512153625488e+01
1.822012019157409668e+01
1.661599469184875488e+01
1.655425620079040527e+01
2.038035225868225098e+01
1.704933905601501465e+01
1.842813158035278320e+01
1.748784589767456055e+01
1.673474001884460449e+01
1.835628747940063477e+01
1.904440593719482422e+01
1.828269457817077637e+01
1.858209633827209473e+01
1.858446574211120605e+01
1.665111398696899414e+01
1.913729143142700195e+01
1.656579422950744629e+01
1.826368403434753418e+01
1.896233320236206055e+01
1.832703948020935059e+01
1.871773314476013184e+01
1.649682164192199707e+01
1.812710833549499512e+01
1.652313327789306641e+01
1.841148900985717773e+01
1.839122915267944336e+01
1.654632735252380371e+01
1.812122488021850586e+01
1.693180871009826660e+01
1.899909520149230957e+01
1.644238090515136719e+01
1.721443533897399902e+01
1.720146727561950684e+01
1.823360300064086914e+01
1.822853755950927734e+01
1.819621443748474121e+01
1.809595513343811035e+01
1.834520363807678223e+01
1.763584494590759277e+01
1.869975948333740234e+01
1.651266956329345703e+01
1.834901523590087891e+01
1.666477513313293457e+01
1.830658197402954102e+01
1.826016712188720703e+01
2.038290214538574219e+01
1.763124060630798340e+01
1.806681847572326660e+01
1.821478390693664551e+01
1.663262176513671875e+01
1.648794841766357422e+01
1.901231336593627930e+01
1.653546023368835449e+01
1.651580691337585449e+01
1.868796825408935547e+01
1.843867301940917969e+01
1.758862090110778809e+01
1.673221564292907715e+01
1.652910876274108887e+01
1.825403499603271484e+01
1.670160961151123047e+01
1.830631899833679199e+01
1.669386839866638184e+01
