1.849639892578125000e+00
1.194599986076354980e+00
1.046969652175903320e+00
8.944539427757263184e-01
8.259961009025573730e-01
8.137907385826110840e-01
7.687502503395080566e-01
7.561378479003906250e-01
7.029410004615783691e-01
6.848765611648559570e-01
6.544128060340881348e-01
6.255158782005310059e-01
6.015599966049194336e-01
5.799183249473571777e-01
5.662993192672729492e-01
5.509684085845947266e-01
5.331308245658874512e-01
5.160815715789794922e-01
5.084995627403259277e-01
4.908279776573181152e-01
4.770435094833374023e-01
4.693923890590667725e-01
4.546656012535095215e-01
4.501070976257324219e-01
4.425632655620574951e-01
4.380651712417602539e-01
4.308519661426544189e-01
4.279512763023376465e-01
4.227478504180908203e-01
4.181079864501953125e-01
4.114448130130767822e-01
4.049627780914306641e-01
4.094883799552917480e-01
4.038428068161010742e-01
3.975193798542022705e-01
3.955060541629791260e-01
3.949919342994689941e-01
3.915227055549621582e-01
3.894004523754119873e-01
3.921483159065246582e-01
3.865683972835540771e-01
3.871996998786926270e-01
3.839968144893646240e-01
3.833118975162506104e-01
3.818990588188171387e-01
3.814362883567810059e-01
3.809231519699096680e-01
3.801545500755310059e-01
3.793304860591888428e-01
3.788679540157318115e-01
3.780929446220397949e-01
3.771409392356872559e-01
3.776188194751739502e-01
3.764660954475402832e-01
3.762113451957702637e-01
3.764941692352294922e-01
3.755244910717010498e-01
3.754009008407592773e-01
3.749055564403533936e-01
3.751991689205169678e-01
3.747352063655853271e-01
3.742899894714355469e-01
3.741649985313415527e-01
3.740245103836059570e-01
3.736929297447204590e-01
3.735764026641845703e-01
3.735008239746093750e-01
3.734555244445800781e-01
3.732770383358001709e-01
3.731578588485717773e-01
3.731096386909484863e-01
3.730264008045196533e-01
3.729558885097503662e-01
3.728944361209869385e-01
3.728196322917938232e-01
3.727717995643615723e-01
3.727245628833770752e-01
3.726539313793182373e-01
3.726322352886199951e-01
3.725974261760711670e-01
3.726171553134918213e-01
3.725797533988952637e-01
3.725373744964599609e-01
3.724804222583770752e-01
3.725070357322692871e-01
3.724440336227416992e-01
3.724144995212554932e-01
3.724021911621093750e-01
3.723955750465393066e-01
3.723772466182708740e-01
3.723578453063964844e-01
3.723397850990295410e-01
3.723334074020385742e-01
3.723232150077819824e-01
3.723121285438537598e-01
3.723124861717224121e-01
3.723037242889404297e-01
3.723003864288330078e-01
3.722957968711853027e-01
3.722916245460510254e-01
