3.891926705837249756e-01
5.001608133316040039e-01
5.001608133316040039e-01
5.090060830116271973e-01
5.094885826110839844e-01
5.558057427406311035e-01
5.786426663398742676e-01
5.972981452941894531e-01
6.090382933616638184e-01
6.217433214187622070e-01
6.307494640350341797e-01
6.106464862823486328e-01
6.288195848464965820e-01
6.407204866409301758e-01
6.469926238059997559e-01
6.703119874000549316e-01
6.677387952804565430e-01
6.728851795196533203e-01
6.865551471710205078e-01
7.010292410850524902e-01
7.095528841018676758e-01
7.027983069419860840e-01
7.145384550094604492e-01
7.021550536155700684e-01
7.134127020835876465e-01
7.055323123931884766e-01
7.137343287467956543e-01
5.783209800720214844e-01
6.376648545265197754e-01
6.489225029945373535e-01
6.955612897872924805e-01
7.151817083358764648e-01
7.253136038780212402e-01
7.264393568038940430e-01
7.356063127517700195e-01
7.516886591911315918e-01
7.669668793678283691e-01
7.602123022079467773e-01
7.531360387802124023e-01
7.841749787330627441e-01
7.910903692245483398e-01
8.111932873725891113e-01
8.028305172920227051e-01
8.079768419265747070e-01
8.073335289955139160e-01
8.348343372344970703e-01
8.388549089431762695e-01
7.841749787330627441e-01
7.769379019737243652e-01
8.272756338119506836e-01
8.473785519599914551e-01
8.718237280845642090e-01
8.706979751586914062e-01
8.785783052444458008e-01
8.916050195693969727e-01
9.041492342948913574e-01
9.033451080322265625e-01
9.149244427680969238e-01
9.163718223571777344e-01
9.256995916366577148e-01
9.129945039749145508e-01
9.342232346534729004e-01
9.367964267730712891e-01
9.239305257797241211e-01
9.359923005104064941e-01
9.548085927963256836e-01
9.704084992408752441e-01
9.744290709495544434e-01
9.770022630691528320e-01
9.860083460807800293e-01
9.700868725776672363e-01
6.976519823074340820e-01
8.136056661605834961e-01
8.948214650154113770e-01
9.274686574935913086e-01
9.396912455558776855e-01
9.623672962188720703e-01
9.589900374412536621e-01
9.697651863098144531e-01
9.242521524429321289e-01
8.911225199699401855e-01
9.160501956939697266e-01
9.012544155120849609e-01
8.607268929481506348e-01
9.256995916366577148e-01
9.314892292022705078e-01
9.731425046920776367e-01
9.880990386009216309e-01
9.934062361717224121e-01
9.963010549545288086e-01
9.987134337425231934e-01
9.990350604057312012e-01
9.996783733367919922e-01
9.998391866683959961e-01
9.998391866683959961e-01
9.998391866683959961e-01
9.998391866683959961e-01
9.998391866683959961e-01
9.083306789398193359e-01
9.023801684379577637e-01
