1.446588802337646484e+01
1.791914582252502441e+01
1.436018991470336914e+01
1.435249161720275879e+01
1.447251772880554199e+01
1.436782526969909668e+01
1.803818058967590332e+01
1.457492470741271973e+01
1.440708398818969727e+01
1.792966413497924805e+01
1.446110987663269043e+01
1.442860746383666992e+01
1.441904568672180176e+01
1.821563100814819336e+01
1.462617444992065430e+01
1.786666250228881836e+01
1.446622228622436523e+01
1.440867590904235840e+01
1.788730430603027344e+01
1.435446333885192871e+01
1.437369537353515625e+01
1.440972018241882324e+01
1.441704678535461426e+01
1.788093137741088867e+01
1.465510535240173340e+01
1.437037730216979980e+01
1.440648984909057617e+01
1.429336738586425781e+01
1.804171180725097656e+01
1.425765585899353027e+01
1.798438572883605957e+01
1.426959300041198730e+01
1.442283582687377930e+01
1.431218838691711426e+01
1.788831186294555664e+01
1.453365635871887207e+01
1.435959792137145996e+01
1.442009902000427246e+01
1.793292164802551270e+01
1.442667388916015625e+01
1.428580617904663086e+01
1.428542900085449219e+01
1.429629564285278320e+01
1.441218090057373047e+01
1.429238438606262207e+01
1.436088705062866211e+01
1.803417778015136719e+01
1.425814533233642578e+01
1.429759526252746582e+01
1.802036595344543457e+01
