3.657928705215454102e-01
3.994853794574737549e-01
4.219202399253845215e-01
4.597941339015960693e-01
4.860887825489044189e-01
5.159215331077575684e-01
5.299935936927795410e-01
5.469604134559631348e-01
5.558057427406311035e-01
5.654551386833190918e-01
5.782405734062194824e-01
5.847539305686950684e-01
5.975394248962402344e-01
6.059021949768066406e-01
6.089578866958618164e-01
6.205371618270874023e-01
6.251206398010253906e-01
6.256834864616394043e-01
6.391926407814025879e-01
6.395143270492553711e-01
6.439369320869445801e-01
6.453843712806701660e-01
6.621904373168945312e-01
6.722418665885925293e-01
6.717594265937805176e-01
6.777902841567993164e-01
6.890479326248168945e-01
6.823737621307373047e-01
6.963654160499572754e-01
7.077034711837768555e-01
7.086684107780456543e-01
7.200064063072204590e-01
7.329527139663696289e-01
7.370536923408508301e-01
7.400289773941040039e-01
7.487938404083251953e-01
7.555484175682067871e-01
7.647153139114379883e-01
7.621421813964843750e-01
7.754905223846435547e-01
7.865872979164123535e-01
7.995336055755615234e-01
7.990511655807495117e-01
8.045995235443115234e-01
8.125603199005126953e-01
8.300900459289550781e-01
8.201190233230590820e-01
8.277581334114074707e-01
8.341910839080810547e-01
8.561434745788574219e-01
8.361209630966186523e-01
8.517208099365234375e-01
8.692505359649658203e-01
8.753618597984313965e-01
8.750402331352233887e-01
8.776937723159790039e-01
8.784978985786437988e-01
9.000482559204101562e-01
8.922483325004577637e-01
9.021389484405517578e-01
9.093760251998901367e-01
8.914442062377929688e-01
9.041492342948913574e-01
8.992441296577453613e-01
8.998874425888061523e-01
9.261016249656677246e-01
9.290768504142761230e-01
9.190254211425781250e-01
9.276294708251953125e-01
9.109038114547729492e-01
8.984400033950805664e-01
9.339820146560668945e-01
9.551302790641784668e-01
9.484561085700988770e-01
9.542457461357116699e-01
9.503055810928344727e-01
8.828401565551757812e-01
9.002894759178161621e-01
9.321325421333312988e-01
9.481344223022460938e-01
9.216790199279785156e-01
9.438726305961608887e-01
9.549694657325744629e-01
9.622064828872680664e-01
9.770826697349548340e-01
9.662270545959472656e-01
9.446767568588256836e-01
9.179800748825073242e-01
8.800257444381713867e-01
9.596333503723144531e-01
9.610003232955932617e-01
9.667899608612060547e-01
9.704889059066772461e-01
9.839176535606384277e-01
9.800578951835632324e-01
9.626085758209228516e-01
9.419427514076232910e-01
9.419427514076232910e-01
9.358314275741577148e-01
9.311676025390625000e-01
