1.279936528205871582e+01
1.851986622810363770e+01
1.339314246177673340e+01
2.000213718414306641e+01
3.960698485374450684e+01
1.265758776664733887e+01
3.958006358146667480e+01
1.301793456077575684e+01
1.328480458259582520e+01
3.961298036575317383e+01
1.256970620155334473e+01
1.936564660072326660e+01
3.243341708183288574e+01
1.972509598731994629e+01
3.242330503463745117e+01
2.746422004699707031e+01
3.203512907028198242e+01
2.117200946807861328e+01
3.219250297546386719e+01
2.202798676490783691e+01
3.203881144523620605e+01
2.069378685951232910e+01
3.196873569488525391e+01
2.425806760787963867e+01
3.962162208557128906e+01
1.340633535385131836e+01
3.962217688560485840e+01
1.866367840766906738e+01
2.182473659515380859e+01
3.250244402885437012e+01
2.611356234550476074e+01
2.663750791549682617e+01
2.489357471466064453e+01
2.930958127975463867e+01
2.339333534240722656e+01
3.039104199409484863e+01
2.298345208168029785e+01
2.962376379966735840e+01
2.314767313003540039e+01
2.984250259399414062e+01
3.962661981582641602e+01
1.455742645263671875e+01
2.105785322189331055e+01
3.092009878158569336e+01
2.141691875457763672e+01
3.962849211692810059e+01
2.078900432586669922e+01
3.235912275314331055e+01
2.929136204719543457e+01
2.202908444404602051e+01
