3.442931175231933594e-02
1.289184018969535828e-02
7.187120616436004639e-03
5.049925297498703003e-03
2.704427111893892288e-03
1.176554709672927856e-03
2.661231206730008125e-03
8.945537265390157700e-04
6.226256955415010452e-04
9.449910721741616726e-04
1.000150921754539013e-03
4.454006266314536333e-04
5.166631308384239674e-04
4.766888450831174850e-04
2.560008724685758352e-04
2.011192409554496408e-04
1.071871811291202903e-04
1.129890588345006108e-04
7.978581561474129558e-05
6.064187255105935037e-05
5.968422919977456331e-05
5.267118467600084841e-05
3.466395355644635856e-05
2.549228702264372259e-05
2.184637014579493552e-05
1.608419370313640684e-05
1.283106394112110138e-05
1.171449730463791639e-05
9.335651157016400248e-06
8.292776328744366765e-06
6.041278538759797812e-06
6.112554274295689538e-06
5.114935902383876964e-06
3.673554829219938256e-06
3.014344201801577583e-06
2.099955736412084661e-06
1.501030283179716207e-06
1.088223143597133458e-06
9.258967565983766690e-07
6.400966299224819522e-07
4.619932951754890382e-07
3.734940889899007743e-07
2.846820734703214839e-07
2.284095188542778487e-07
2.020636884481064044e-07
1.778542184638354229e-07
1.547632848541979911e-07
1.364060153719037771e-07
1.243729172983876197e-07
1.123106088130043645e-07
