2.613774681091308594e+01
2.637160086631774902e+01
2.642643404006958008e+01
2.643347954750061035e+01
2.635775589942932129e+01
2.621234631538391113e+01
2.608805918693542480e+01
2.609438681602478027e+01
2.621334481239318848e+01
2.608184337615966797e+01
2.609948635101318359e+01
2.610731959342956543e+01
2.610229849815368652e+01
2.610810732841491699e+01
2.619195699691772461e+01
2.607924365997314453e+01
2.607915973663330078e+01
2.616563725471496582e+01
2.615233993530273438e+01
2.616237807273864746e+01
2.613932585716247559e+01
2.605741190910339355e+01
2.602133417129516602e+01
2.611236596107482910e+01
2.598044300079345703e+01
2.607622623443603516e+01
2.606513929367065430e+01
2.597163176536560059e+01
2.594024491310119629e+01
2.591987538337707520e+01
2.575917339324951172e+01
2.585843229293823242e+01
2.563113212585449219e+01
2.561357069015502930e+01
2.556152105331420898e+01
2.555913043022155762e+01
2.553352594375610352e+01
2.572721123695373535e+01
2.559567022323608398e+01
2.559198713302612305e+01
2.556557202339172363e+01
2.553056883811950684e+01
2.554208588600158691e+01
2.555986285209655762e+01
2.556239509582519531e+01
2.560731434822082520e+01
2.560992288589477539e+01
2.560221028327941895e+01
2.540536236763000488e+01
2.556899118423461914e+01
