8.515153825283050537e-02
1.692199520766735077e-02
1.291838567703962326e-02
1.101763453334569931e-02
9.154543280601501465e-03
8.741327561438083649e-03
7.023982703685760498e-03
1.223471295088529587e-02
5.606060847640037537e-03
5.197166930884122849e-03
4.899433813989162445e-03
5.012027453631162643e-03
4.391457885503768921e-03
4.215087275952100754e-03
4.311190918087959290e-03
3.987026866525411606e-03
3.347288118675351143e-03
2.496757078915834427e-03
2.726332517340779305e-03
2.025141380727291107e-03
2.186921425163745880e-03
1.831611967645585537e-03
1.629196805879473686e-03
1.767320907674729824e-03
1.290017971768975258e-03
1.043407595716416836e-03
8.418371435254812241e-04
7.055439054965972900e-04
6.229965365491807461e-04
5.448706215247511864e-04
5.021730321459472179e-04
4.543733084574341774e-04
4.195175424683839083e-04
3.819074190687388182e-04
3.051348321605473757e-04
2.570915094111114740e-04
2.129503991454839706e-04
1.708437193883582950e-04
1.356112916255369782e-04
9.937909635482355952e-05
7.449036638718098402e-05
5.752979632234200835e-05
4.630090552382171154e-05
3.816356547758914530e-05
3.272174581070430577e-05
2.842959656845778227e-05
2.469674291205592453e-05
2.194179978687316179e-05
1.934656756930053234e-05
1.722633533063344657e-05
