5.449891090393066406e-02
5.418777465820312500e-02
5.421209335327148438e-02
5.450916290283203125e-02
5.381441116333007812e-02
5.403590202331542969e-02
5.439352989196777344e-02
5.367708206176757812e-02
5.395293235778808594e-02
5.376291275024414062e-02
5.349183082580566406e-02
5.352687835693359375e-02
5.366778373718261719e-02
5.384516716003417969e-02
5.571389198303222656e-02
5.357432365417480469e-02
5.380415916442871094e-02
5.330777168273925781e-02
5.413651466369628906e-02
5.422973632812500000e-02
5.463147163391113281e-02
5.579638481140136719e-02
5.432987213134765625e-02
5.380225181579589844e-02
5.395483970642089844e-02
5.417704582214355469e-02
5.366945266723632812e-02
5.386996269226074219e-02
5.330061912536621094e-02
5.348372459411621094e-02
