5.438756942749023438e-02
5.417585372924804688e-02
5.424165725708007812e-02
5.446910858154296875e-02
5.380845069885253906e-02
5.401515960693359375e-02
5.433392524719238281e-02
5.368208885192871094e-02
5.396986007690429688e-02
5.378890037536621094e-02
5.352902412414550781e-02
5.357050895690917969e-02
5.367326736450195312e-02
5.385851860046386719e-02
5.568170547485351562e-02
5.351948738098144531e-02
5.382061004638671875e-02
5.329012870788574219e-02
5.613589286804199219e-02
5.428719520568847656e-02
5.476927757263183594e-02
5.599188804626464844e-02
5.438065528869628906e-02
5.388259887695312500e-02
5.390787124633789062e-02
5.421590805053710938e-02
5.375933647155761719e-02
5.848741531372070312e-02
5.330204963684082031e-02
5.347681045532226562e-02
