1.551795005798339844e-02
4.063367843627929688e-03
4.027605056762695312e-03
4.056930541992187500e-03
3.980398178100585938e-03
4.040479660034179688e-03
4.072189331054687500e-03
4.051923751831054688e-03
4.023551940917968750e-03
4.013299942016601562e-03
1.096701622009277344e-02
4.009962081909179688e-03
4.066705703735351562e-03
4.062175750732421875e-03
7.286548614501953125e-03
4.050254821777343750e-03
6.478309631347656250e-03
3.957986831665039062e-03
4.087686538696289062e-03
4.081487655639648438e-03
4.137277603149414062e-03
4.076957702636718750e-03
4.003047943115234375e-03
4.121065139770507812e-03
4.133224487304687500e-03
2.950477600097656250e-02
4.048824310302734375e-03
4.102468490600585938e-03
4.094123840332031250e-03
4.083633422851562500e-03
4.098415374755859375e-03
4.086017608642578125e-03
4.076361656188964844e-02
4.114866256713867188e-03
4.096508026123046875e-03
4.067182540893554688e-03
4.087448120117187500e-03
4.095077514648437500e-03
4.127264022827148438e-03
4.099130630493164062e-03
4.065036773681640625e-03
4.045009613037109375e-03
4.090070724487304688e-03
4.139661788940429688e-03
4.011154174804687500e-03
4.022598266601562500e-03
4.169940948486328125e-03
4.057168960571289062e-03
4.041194915771484375e-03
4.062414169311523438e-03
4.064083099365234375e-03
4.023313522338867188e-03
4.537343978881835938e-03
4.003286361694335938e-03
4.032850265502929688e-03
4.043579101562500000e-03
4.077434539794921875e-03
4.000902175903320312e-03
4.033565521240234375e-03
3.999233245849609375e-03
4.048585891723632812e-03
4.055261611938476562e-03
4.067659378051757812e-03
4.041433334350585938e-03
4.098892211914062500e-03
4.086494445800781250e-03
1.315093040466308594e-02
4.078388214111328125e-03
3.980875015258789062e-03
4.020929336547851562e-03
9.722709655761718750e-03
4.012584686279296875e-03
4.029035568237304688e-03
4.056215286254882812e-03
1.258826255798339844e-02
3.985404968261718750e-03
4.067420959472656250e-03
5.105733871459960938e-03
4.071474075317382812e-03
4.024505615234375000e-03
4.007816314697265625e-03
4.059553146362304688e-03
1.222348213195800781e-02
3.983020782470703125e-03
4.067182540893554688e-03
4.100799560546875000e-03
7.086038589477539062e-03
4.032850265502929688e-03
4.109144210815429688e-03
4.044532775878906250e-03
4.047870635986328125e-03
3.913640975952148438e-03
4.051923751831054688e-03
1.850652694702148438e-02
4.122972488403320312e-03
4.027128219604492188e-03
4.047632217407226562e-03
4.041433334350585938e-03
3.974914550781250000e-03
4.418134689331054688e-03
