3.969760239124298096e-01
4.392794072628021240e-01
4.965417385101318359e-01
5.436705946922302246e-01
6.160527467727661133e-01
6.421103477478027344e-01
6.692938804626464844e-01
6.876307129859924316e-01
6.892392039299011230e-01
7.159401774406433105e-01
7.302557229995727539e-01
7.465015053749084473e-01
7.550265192985534668e-01
7.666077017784118652e-01
7.780280113220214844e-01
7.875180840492248535e-01
7.876789569854736328e-01
7.995817661285400391e-01
7.997426390647888184e-01
8.087502121925354004e-01
8.138973712921142578e-01
8.100370168685913086e-01
8.175969123840332031e-01
8.180794715881347656e-01
8.238700628280639648e-01
8.212964534759521484e-01
8.282129764556884766e-01
8.299822807312011719e-01
8.285346627235412598e-01
8.312690854072570801e-01
8.315907716751098633e-01
8.312690854072570801e-01
8.381856083869934082e-01
8.373813629150390625e-01
8.349686264991760254e-01
8.359337449073791504e-01
8.377030491828918457e-01
8.396332859992980957e-01
8.341643810272216797e-01
8.383464813232421875e-01
8.399549722671508789e-01
8.396332859992980957e-01
8.420460224151611328e-01
8.396332859992980957e-01
8.418851494789123535e-01
8.404375314712524414e-01
8.415634632110595703e-01
8.397940993309020996e-01
8.399549722671508789e-01
8.405983448028564453e-01
8.417242765426635742e-01
8.418851494789123535e-01
8.417242765426635742e-01
8.422068357467651367e-01
8.434936404228210449e-01
8.426893949508666992e-01
8.444587588310241699e-01
8.422068357467651367e-01
8.426893949508666992e-01
8.430110812187194824e-01
8.442978858947753906e-01
8.436545133590698242e-01
8.428502678871154785e-01
8.430110812187194824e-01
8.434936404228210449e-01
8.441370725631713867e-01
8.428502678871154785e-01
8.439761996269226074e-01
8.436545133590698242e-01
8.439761996269226074e-01
8.446195721626281738e-01
8.439761996269226074e-01
8.428502678871154785e-01
8.442978858947753906e-01
8.438153266906738281e-01
8.434936404228210449e-01
8.434936404228210449e-01
8.438153266906738281e-01
8.436545133590698242e-01
8.441370725631713867e-01
8.438153266906738281e-01
8.439761996269226074e-01
8.438153266906738281e-01
8.439761996269226074e-01
8.439761996269226074e-01
8.439761996269226074e-01
8.439761996269226074e-01
8.439761996269226074e-01
8.439761996269226074e-01
8.438153266906738281e-01
8.439761996269226074e-01
8.439761996269226074e-01
8.439761996269226074e-01
8.438153266906738281e-01
8.439761996269226074e-01
8.439761996269226074e-01
8.438153266906738281e-01
8.439761996269226074e-01
8.436545133590698242e-01
8.438153266906738281e-01
