2.372459411621093750e+00
2.234272003173828125e+00
2.176195859909057617e+00
2.113573074340820312e+00
2.038873195648193359e+00
1.944765448570251465e+00
1.880197763442993164e+00
1.851121306419372559e+00
1.836402058601379395e+00
1.799466490745544434e+00
1.767936825752258301e+00
1.723505020141601562e+00
1.679824590682983398e+00
1.627498507499694824e+00
1.591016411781311035e+00
1.577449083328247070e+00
1.556185841560363770e+00
1.542556643486022949e+00
1.525185585021972656e+00
1.510854721069335938e+00
1.500782966613769531e+00
1.488703608512878418e+00
1.480467319488525391e+00
1.470877885818481445e+00
1.463522434234619141e+00
1.456880807876586914e+00
1.454917669296264648e+00
1.445212483406066895e+00
1.440942406654357910e+00
1.435944199562072754e+00
1.431986927986145020e+00
1.430308580398559570e+00
1.425193905830383301e+00
1.424526453018188477e+00
1.418452620506286621e+00
1.419510960578918457e+00
1.415956854820251465e+00
1.412830591201782227e+00
1.411368131637573242e+00
1.409970164299011230e+00
1.409078717231750488e+00
1.407668709754943848e+00
1.406807065010070801e+00
1.405074357986450195e+00
1.404557228088378906e+00
1.403390765190124512e+00
1.402655839920043945e+00
1.401931405067443848e+00
1.401668310165405273e+00
1.400866627693176270e+00
1.400157213211059570e+00
1.399821639060974121e+00
1.399467110633850098e+00
1.398877620697021484e+00
1.398587942123413086e+00
1.398200631141662598e+00
1.397935986518859863e+00
1.397874116897583008e+00
1.397468209266662598e+00
1.397180676460266113e+00
1.397140145301818848e+00
1.396885871887207031e+00
1.396697163581848145e+00
1.396606802940368652e+00
1.396508216857910156e+00
1.396352767944335938e+00
1.396270394325256348e+00
1.396216154098510742e+00
1.396048665046691895e+00
1.395953655242919922e+00
1.395924687385559082e+00
1.395873188972473145e+00
1.395823121070861816e+00
1.395730018615722656e+00
1.395666599273681641e+00
1.395630717277526855e+00
1.395570397377014160e+00
1.395534634590148926e+00
1.395477294921875000e+00
1.395449876785278320e+00
1.395436882972717285e+00
1.395426630973815918e+00
1.395393490791320801e+00
1.395370960235595703e+00
1.395360589027404785e+00
1.395337104797363281e+00
1.395319581031799316e+00
1.395304799079895020e+00
1.395290851593017578e+00
1.395282387733459473e+00
1.395274043083190918e+00
1.395260214805603027e+00
1.395249128341674805e+00
1.395242929458618164e+00
1.395238995552062988e+00
1.395234465599060059e+00
1.395228147506713867e+00
1.395226001739501953e+00
1.395222425460815430e+00
1.395213603973388672e+00
