1.243404006958007812e+01
1.914669823646545410e+01
1.963143467903137207e+01
3.965403032302856445e+01
1.300941896438598633e+01
3.221985483169555664e+01
2.090315628051757812e+01
3.964924502372741699e+01
1.275003457069396973e+01
3.037142872810363770e+01
2.312254977226257324e+01
3.030275201797485352e+01
2.149590015411376953e+01
3.235592889785766602e+01
2.667038130760192871e+01
3.964959716796875000e+01
1.384685945510864258e+01
3.963623571395874023e+01
1.916993165016174316e+01
2.559719657897949219e+01
3.961478805541992188e+01
1.368791532516479492e+01
3.963583421707153320e+01
1.253920483589172363e+01
2.369365763664245605e+01
2.835226678848266602e+01
1.736970067024230957e+01
1.521077656745910645e+01
2.097920870780944824e+01
3.242835450172424316e+01
3.965660476684570312e+01
1.291364336013793945e+01
3.959989476203918457e+01
1.342555236816406250e+01
3.966199326515197754e+01
1.210009789466857910e+01
2.118484759330749512e+01
3.064649319648742676e+01
2.844293832778930664e+01
3.969802570343017578e+01
1.255710577964782715e+01
3.967375540733337402e+01
1.359270310401916504e+01
3.970950460433959961e+01
1.239035820960998535e+01
3.085217428207397461e+01
3.971247887611389160e+01
1.246243834495544434e+01
3.117615842819213867e+01
2.212237381935119629e+01
