1.612855362892150879e+01
1.558063554763793945e+01
1.562881278991699219e+01
1.596070671081542969e+01
1.568362069129943848e+01
1.581157040596008301e+01
1.577325749397277832e+01
1.581304097175598145e+01
1.584018111228942871e+01
1.584226250648498535e+01
1.798145389556884766e+01
1.581369638442993164e+01
1.585511708259582520e+01
1.584308290481567383e+01
1.593929791450500488e+01
1.577262854576110840e+01
1.576745390892028809e+01
1.587502717971801758e+01
1.590345263481140137e+01
1.572123813629150391e+01
1.582789468765258789e+01
1.573993110656738281e+01
1.582963085174560547e+01
1.789271330833435059e+01
1.970327043533325195e+01
1.588530421257019043e+01
1.578717303276062012e+01
1.571480727195739746e+01
1.588467192649841309e+01
1.591259598731994629e+01
1.577692675590515137e+01
1.584484839439392090e+01
1.574938917160034180e+01
1.584790325164794922e+01
1.581672835350036621e+01
1.585785889625549316e+01
1.584029078483581543e+01
1.585099053382873535e+01
1.580817222595214844e+01
1.574622726440429688e+01
1.593973350524902344e+01
1.588755512237548828e+01
1.786697793006896973e+01
1.569801521301269531e+01
1.578979396820068359e+01
1.582709622383117676e+01
1.578963255882263184e+01
1.579630899429321289e+01
1.784765553474426270e+01
1.585988950729370117e+01
1.572673583030700684e+01
1.575994729995727539e+01
1.794257998466491699e+01
1.579173111915588379e+01
1.578030300140380859e+01
1.566739296913146973e+01
1.586503839492797852e+01
1.596557950973510742e+01
1.940309691429138184e+01
1.577811145782470703e+01
1.567110729217529297e+01
1.590567183494567871e+01
1.785497307777404785e+01
1.572526216506958008e+01
1.568999481201171875e+01
1.589552617073059082e+01
1.574951434135437012e+01
1.570737266540527344e+01
1.586292028427124023e+01
1.575664281845092773e+01
1.588841342926025391e+01
1.582921862602233887e+01
1.577142477035522461e+01
1.580442070960998535e+01
1.575518155097961426e+01
1.576855373382568359e+01
1.575369906425476074e+01
1.566266369819641113e+01
1.573143649101257324e+01
1.572490811347961426e+01
1.578654789924621582e+01
1.578206157684326172e+01
1.577383232116699219e+01
1.913248968124389648e+01
1.585493230819702148e+01
1.565232896804809570e+01
1.589323854446411133e+01
1.790213465690612793e+01
1.579424047470092773e+01
1.578622055053710938e+01
1.578846645355224609e+01
1.590021848678588867e+01
1.560802888870239258e+01
1.577906656265258789e+01
1.576919078826904297e+01
1.566856145858764648e+01
1.575471258163452148e+01
1.568246769905090332e+01
1.576169180870056152e+01
1.578036141395568848e+01
