3.887102007865905762e-01
5.003216266632080078e-01
5.090060830116271973e-01
5.540366768836975098e-01
5.720489025115966797e-01
5.899003148078918457e-01
6.164361238479614258e-01
6.299453377723693848e-01
6.318752169609069824e-01
6.500482559204101562e-01
6.563203334808349609e-01
6.609842181205749512e-01
6.691862344741821289e-01
6.854293942451477051e-01
6.873592734336853027e-01
6.986169219017028809e-01
7.143776416778564453e-01
7.155033946037292480e-01
7.237053513526916504e-01
7.301383018493652344e-01
7.454165220260620117e-01
7.526535987854003906e-01
7.602123022079467773e-01
7.645545005798339844e-01
7.880347371101379395e-01
7.796719074249267578e-01
7.452557086944580078e-01
7.639112472534179688e-01
8.045995235443115234e-01
8.055644631385803223e-01
8.124799132347106934e-01
8.266323804855346680e-01
8.221293091773986816e-01
8.391765952110290527e-01
8.250241279602050781e-01
8.596011400222778320e-01
8.703763484954833984e-01
8.740752935409545898e-01
8.862978219985961914e-01
8.993245363235473633e-01
9.018977284431457520e-01
8.883885741233825684e-01
8.994853496551513672e-01
9.165326356887817383e-01
9.348664879798889160e-01
9.263429045677185059e-01
8.840463161468505859e-01
9.332582950592041016e-01
9.525570869445800781e-01
9.572209715843200684e-01
9.700868725776672363e-01
9.745898842811584473e-01
9.668703675270080566e-01
9.467674493789672852e-01
9.412994384765625000e-01
9.565776586532592773e-01
9.601157903671264648e-01
9.835960268974304199e-01
9.880990386009216309e-01
9.892248511314392090e-01
9.807012081146240234e-01
9.737857580184936523e-01
9.541653394699096680e-01
8.779350519180297852e-01
8.932132720947265625e-01
9.578642845153808594e-01
9.681569933891296387e-01
9.880990386009216309e-01
9.972659945487976074e-01
9.996783733367919922e-01
9.996783733367919922e-01
9.998391866683959961e-01
9.998391866683959961e-01
9.998391866683959961e-01
9.998391866683959961e-01
9.998391866683959961e-01
9.998391866683959961e-01
9.998391866683959961e-01
9.998391866683959961e-01
9.998391866683959961e-01
9.998391866683959961e-01
9.998391866683959961e-01
9.998391866683959961e-01
9.998391866683959961e-01
9.998391866683959961e-01
9.998391866683959961e-01
9.998391866683959961e-01
9.998391866683959961e-01
9.998391866683959961e-01
9.998391866683959961e-01
9.998391866683959961e-01
9.998391866683959961e-01
9.998391866683959961e-01
9.880990386009216309e-01
5.960115790367126465e-01
6.971694827079772949e-01
7.833708524703979492e-01
8.317787051200866699e-01
8.713412880897521973e-01
8.998070359230041504e-01
