2.643581390380859375e+01
2.636280298233032227e+01
2.649457406997680664e+01
2.643389058113098145e+01
2.649767351150512695e+01
2.652775073051452637e+01
2.647975468635559082e+01
2.657981896400451660e+01
2.656273245811462402e+01
2.651608180999755859e+01
2.654102873802185059e+01
2.659631466865539551e+01
2.658246684074401855e+01
2.654670643806457520e+01
2.660170245170593262e+01
2.654993247985839844e+01
2.647333359718322754e+01
2.653179478645324707e+01
2.639024829864501953e+01
2.646295976638793945e+01
2.646893095970153809e+01
2.642073631286621094e+01
2.632935857772827148e+01
2.637148594856262207e+01
2.643645954132080078e+01
2.637885332107543945e+01
2.637226319313049316e+01
2.636868238449096680e+01
2.627109265327453613e+01
2.601064968109130859e+01
2.564260792732238770e+01
2.571361565589904785e+01
2.556218695640563965e+01
2.572720885276794434e+01
2.558527278900146484e+01
2.553807187080383301e+01
2.555232667922973633e+01
2.562285566329956055e+01
2.560951805114746094e+01
2.558849310874938965e+01
2.557297420501708984e+01
2.554423141479492188e+01
2.560655426979064941e+01
2.545640611648559570e+01
2.556078696250915527e+01
2.558014750480651855e+01
2.562931346893310547e+01
4.093939161300659180e+01
2.556293511390686035e+01
6.637861061096191406e+01
