9.634000778198242188e+00
1.042522859573364258e+01
2.035008597373962402e+01
2.047230815887451172e+01
9.398523330688476562e+00
2.053152108192443848e+01
2.979989290237426758e+01
4.093963813781738281e+01
1.022787809371948242e+01
4.093913102149963379e+01
1.022818326950073242e+01
2.045951437950134277e+01
2.976729297637939453e+01
2.089085841178894043e+01
2.983508086204528809e+01
2.162124848365783691e+01
4.093925499916076660e+01
1.022782063484191895e+01
1.908860540390014648e+01
1.034606432914733887e+01
1.987057209014892578e+01
2.045882868766784668e+01
1.087234044075012207e+01
2.107570791244506836e+01
4.093909311294555664e+01
9.826473474502563477e+00
2.947507476806640625e+01
2.237643647193908691e+01
2.868011999130249023e+01
2.204218649864196777e+01
3.101037764549255371e+01
1.965111184120178223e+01
1.024703121185302734e+01
2.046732258796691895e+01
9.521449804306030273e+00
2.045938539505004883e+01
1.022278380393981934e+01
9.380574464797973633e+00
9.555919647216796875e+00
2.045861172676086426e+01
1.026797580718994141e+01
1.823272180557250977e+01
2.046008014678955078e+01
1.087684988975524902e+01
3.038655853271484375e+01
4.093915367126464844e+01
9.582499742507934570e+00
3.045245885848999023e+01
2.080877947807312012e+01
4.093910002708435059e+01
