9.767951965332031250e-01
9.888927936553955078e-01
9.904492497444152832e-01
9.927130937576293945e-01
9.939865469932556152e-01
9.938450455665588379e-01
9.942695498466491699e-01
9.950477480888366699e-01
9.949769973754882812e-01
9.951892495155334473e-01
9.952600002288818359e-01
9.951892495155334473e-01
9.951892495155334473e-01
9.948354959487915039e-01
9.948354959487915039e-01
9.950477480888366699e-01
9.954015016555786133e-01
9.956844449043273926e-01
9.963919520378112793e-01
9.956137537956237793e-01
9.956844449043273926e-01
9.953307509422302246e-01
9.951892495155334473e-01
9.958966970443725586e-01
9.958259463310241699e-01
9.958966970443725586e-01
9.957551956176757812e-01
9.960381984710693359e-01
9.958966970443725586e-01
9.964627027511596680e-01
9.967456459999084473e-01
9.970993995666503906e-01
9.973824024200439453e-01
9.978775978088378906e-01
9.980190992355346680e-01
9.982313513755798340e-01
9.984436035156250000e-01
9.984436035156250000e-01
9.985850453376770020e-01
9.986557960510253906e-01
9.987972974777221680e-01
9.987265467643737793e-01
9.987972974777221680e-01
9.987972974777221680e-01
9.987972974777221680e-01
9.988680481910705566e-01
9.988680481910705566e-01
9.988680481910705566e-01
9.989387989044189453e-01
9.989387989044189453e-01
