4.395484924316406250e-03
4.136562347412109375e-03
4.066705703735351562e-03
1.221108436584472656e-02
4.058361053466796875e-03
6.235599517822265625e-03
4.051685333251953125e-03
4.096984863281250000e-03
4.106044769287109375e-03
4.101514816284179688e-03
4.090070724487304688e-03
4.089117050170898438e-03
4.091262817382812500e-03
4.072189331054687500e-03
4.068136215209960938e-03
4.100561141967773438e-03
4.016876220703125000e-03
4.057407379150390625e-03
4.014730453491210938e-03
4.088878631591796875e-03
4.160881042480468750e-03
4.119634628295898438e-03
4.149198532104492188e-03
4.074335098266601562e-03
4.133224487304687500e-03
1.364374160766601562e-02
4.107236862182617188e-03
4.127740859985351562e-03
4.044532775878906250e-03
4.220485687255859375e-03
4.062891006469726562e-03
9.469032287597656250e-03
7.337570190429687500e-03
4.090785980224609375e-03
4.168987274169921875e-03
4.109144210815429688e-03
4.062414169311523438e-03
4.171133041381835938e-03
4.098653793334960938e-03
4.112720489501953125e-03
4.078626632690429688e-03
1.238703727722167969e-02
4.085302352905273438e-03
4.084587097167968750e-03
4.062414169311523438e-03
4.102230072021484375e-03
4.064321517944335938e-03
4.047870635986328125e-03
4.004955291748046875e-03
3.997564315795898438e-03
4.070281982421875000e-03
4.031181335449218750e-03
4.063129425048828125e-03
4.105567932128906250e-03
1.188755035400390625e-02
4.093647003173828125e-03
3.986358642578125000e-03
4.090547561645507812e-03
4.110336303710937500e-03
4.030942916870117188e-03
4.121303558349609375e-03
4.021883010864257812e-03
4.052400588989257812e-03
3.978967666625976562e-03
4.043102264404296875e-03
4.050016403198242188e-03
1.112675666809082031e-02
4.047632217407226562e-03
4.005908966064453125e-03
4.019498825073242188e-03
5.825519561767578125e-03
2.177357673645019531e-02
4.042863845825195312e-03
6.139516830444335938e-03
4.046916961669921875e-03
4.069805145263671875e-03
4.016399383544921875e-03
3.974437713623046875e-03
4.044532775878906250e-03
3.986597061157226562e-03
4.081964492797851562e-03
9.028434753417968750e-03
4.091024398803710938e-03
4.075288772583007812e-03
4.084348678588867188e-03
4.083156585693359375e-03
1.225328445434570312e-02
4.742145538330078125e-03
4.105567932128906250e-03
4.040241241455078125e-03
9.454965591430664062e-03
4.042625427246093750e-03
4.062891006469726562e-03
4.055023193359375000e-03
4.075527191162109375e-03
4.090785980224609375e-03
4.096508026123046875e-03
4.083395004272460938e-03
4.008769989013671875e-03
4.057884216308593750e-03
