1.598669767379760742e+01
1.604105091094970703e+01
1.593194580078125000e+01
1.580861711502075195e+01
1.586714529991149902e+01
1.576498150825500488e+01
1.595241618156433105e+01
1.818441224098205566e+01
1.596876406669616699e+01
1.592205381393432617e+01
1.593875813484191895e+01
1.752677321434020996e+01
1.598101782798767090e+01
1.595398664474487305e+01
1.596263766288757324e+01
1.596817040443420410e+01
1.599002385139465332e+01
1.570984506607055664e+01
1.592395043373107910e+01
1.608153390884399414e+01
1.605855321884155273e+01
1.597799849510192871e+01
1.598959851264953613e+01
1.962767767906188965e+01
1.592205691337585449e+01
1.592527794837951660e+01
1.578394746780395508e+01
1.584328579902648926e+01
1.723777818679809570e+01
1.812510704994201660e+01
1.592715406417846680e+01
1.579576873779296875e+01
1.607501387596130371e+01
1.586431169509887695e+01
1.586763644218444824e+01
1.600080442428588867e+01
1.585039186477661133e+01
1.582760143280029297e+01
1.604587984085083008e+01
1.592006111145019531e+01
1.585304284095764160e+01
1.592903161048889160e+01
1.575356554985046387e+01
1.602474641799926758e+01
1.590156602859497070e+01
1.591433572769165039e+01
1.590098261833190918e+01
1.602276396751403809e+01
1.602831411361694336e+01
1.577130651473999023e+01
1.586389040946960449e+01
1.603567218780517578e+01
1.574814558029174805e+01
1.592476868629455566e+01
1.574588990211486816e+01
1.591031718254089355e+01
1.590388035774230957e+01
1.583217597007751465e+01
1.597530531883239746e+01
1.590308547019958496e+01
1.588000273704528809e+01
1.600236868858337402e+01
1.598765182495117188e+01
1.596530652046203613e+01
1.586262631416320801e+01
1.589910101890563965e+01
1.593179821968078613e+01
1.584502983093261719e+01
1.601616811752319336e+01
1.597399950027465820e+01
1.592604470252990723e+01
1.589712667465209961e+01
1.592936801910400391e+01
1.582181215286254883e+01
1.587299275398254395e+01
1.586806225776672363e+01
1.569247412681579590e+01
1.582000803947448730e+01
1.596452879905700684e+01
1.596958661079406738e+01
1.575810575485229492e+01
1.581219887733459473e+01
1.605899310111999512e+01
1.795625352859497070e+01
1.584554171562194824e+01
1.599970293045043945e+01
1.595013117790222168e+01
1.597299909591674805e+01
1.590306591987609863e+01
1.584455442428588867e+01
1.588212990760803223e+01
1.594920206069946289e+01
1.594520354270935059e+01
1.593799424171447754e+01
1.598411870002746582e+01
1.597248578071594238e+01
1.603713703155517578e+01
1.592560839653015137e+01
1.787097144126892090e+01
1.584553360939025879e+01
