4.900240898132324219e-02
4.868268966674804688e-02
4.860687255859375000e-02
4.869461059570312500e-02
4.839468002319335938e-02
4.901385307312011719e-02
4.834651947021484375e-02
4.819345474243164062e-02
4.894113540649414062e-02
4.864859580993652344e-02
4.859471321105957031e-02
4.855608940124511719e-02
4.874420166015625000e-02
4.860734939575195312e-02
4.883813858032226562e-02
4.868507385253906250e-02
4.855918884277343750e-02
4.844856262207031250e-02
4.883003234863281250e-02
4.905652999877929688e-02
4.877138137817382812e-02
4.871249198913574219e-02
4.892039299011230469e-02
4.855537414550781250e-02
4.880189895629882812e-02
4.845166206359863281e-02
4.866480827331542969e-02
4.897475242614746094e-02
4.858589172363281250e-02
4.869055747985839844e-02
5.190443992614746094e-02
4.867792129516601562e-02
4.846811294555664062e-02
4.876756668090820312e-02
4.870223999023437500e-02
4.861640930175781250e-02
4.882669448852539062e-02
4.879117012023925781e-02
4.871058464050292969e-02
4.923605918884277344e-02
4.903006553649902344e-02
4.873776435852050781e-02
4.898810386657714844e-02
4.841804504394531250e-02
4.862833023071289062e-02
4.844450950622558594e-02
4.841375350952148438e-02
4.796075820922851562e-02
4.849767684936523438e-02
4.809117317199707031e-02
