1.566130399703979492e+01
1.521256995201110840e+01
1.535390877723693848e+01
2.989102196693420410e+01
3.446975612640380859e+01
1.899820661544799805e+01
3.532693719863891602e+01
1.530304479598999023e+01
1.525247645378112793e+01
2.111634111404418945e+01
1.557147908210754395e+01
1.514659857749938965e+01
1.545265483856201172e+01
1.569738650321960449e+01
3.489784789085388184e+01
1.932965183258056641e+01
1.597334003448486328e+01
1.526523184776306152e+01
3.456503391265869141e+01
1.893571257591247559e+01
1.538058352470397949e+01
2.645872807502746582e+01
1.530009412765502930e+01
1.544086408615112305e+01
1.562131834030151367e+01
1.552521705627441406e+01
2.782249999046325684e+01
1.712142300605773926e+01
2.974706482887268066e+01
1.541549110412597656e+01
1.554865217208862305e+01
1.534437847137451172e+01
1.529607033729553223e+01
1.546058392524719238e+01
1.540335893630981445e+01
1.544954013824462891e+01
2.987977242469787598e+01
1.507233166694641113e+01
1.492397952079772949e+01
1.510171484947204590e+01
1.519584512710571289e+01
1.550484991073608398e+01
1.529571914672851562e+01
1.529264831542968750e+01
1.538017416000366211e+01
1.557728910446166992e+01
1.525509309768676758e+01
1.535827541351318359e+01
1.549593114852905273e+01
2.359033250808715820e+01
1.525690460205078125e+01
1.513299989700317383e+01
1.530177068710327148e+01
1.542225646972656250e+01
2.683400082588195801e+01
1.536852788925170898e+01
2.704364156723022461e+01
1.571966052055358887e+01
1.559746050834655762e+01
1.535095620155334473e+01
1.597514033317565918e+01
1.559676027297973633e+01
1.555928707122802734e+01
1.524974250793457031e+01
1.544538426399230957e+01
1.525983572006225586e+01
1.521104741096496582e+01
1.535135364532470703e+01
2.839163017272949219e+01
1.847805309295654297e+01
1.481587576866149902e+01
3.007931518554687500e+01
1.485672712326049805e+01
1.544170022010803223e+01
2.463969254493713379e+01
1.511801838874816895e+01
1.524410200119018555e+01
1.527304196357727051e+01
3.138497066497802734e+01
1.567838311195373535e+01
3.495205760002136230e+01
1.525933170318603516e+01
1.512387633323669434e+01
2.503022027015686035e+01
1.943853998184204102e+01
2.699342107772827148e+01
1.546293187141418457e+01
1.500722241401672363e+01
1.532615852355957031e+01
1.545866942405700684e+01
2.844046807289123535e+01
1.548678231239318848e+01
1.557633161544799805e+01
1.591700935363769531e+01
2.881107211112976074e+01
1.505029940605163574e+01
1.549202251434326172e+01
1.540678310394287109e+01
2.903991246223449707e+01
1.550268483161926270e+01
