2.227714061737060547e+00
1.945127010345458984e+00
1.559958100318908691e+00
1.512666583061218262e+00
1.516487240791320801e+00
1.492361068725585938e+00
1.500014424324035645e+00
1.482417464256286621e+00
1.443210244178771973e+00
1.388128161430358887e+00
1.328570723533630371e+00
1.264562845230102539e+00
1.240016460418701172e+00
1.229310750961303711e+00
1.190338730812072754e+00
1.116750240325927734e+00
1.121081829071044922e+00
1.099898576736450195e+00
1.095881938934326172e+00
1.036481618881225586e+00
1.038228392601013184e+00
1.013626694679260254e+00
1.034187436103820801e+00
9.811606407165527344e-01
9.699141979217529297e-01
9.194391965866088867e-01
9.243337512016296387e-01
9.285403490066528320e-01
8.889537453651428223e-01
8.524073958396911621e-01
8.390163779258728027e-01
8.285915255546569824e-01
8.459635972976684570e-01
7.827889323234558105e-01
8.043561577796936035e-01
7.515954971313476562e-01
7.155862450599670410e-01
7.757303118705749512e-01
7.143253087997436523e-01
7.106355428695678711e-01
7.076154351234436035e-01
6.827676892280578613e-01
6.305453181266784668e-01
6.049370765686035156e-01
6.041814088821411133e-01
6.072084307670593262e-01
6.146841645240783691e-01
5.610871911048889160e-01
5.910031199455261230e-01
4.923489689826965332e-01
4.955152869224548340e-01
4.839838147163391113e-01
5.073996782302856445e-01
4.362337887287139893e-01
3.957687318325042725e-01
3.932689130306243896e-01
4.065488576889038086e-01
3.619142472743988037e-01
3.581330180168151855e-01
3.522740304470062256e-01
3.005078434944152832e-01
3.024479448795318604e-01
3.205502927303314209e-01
2.787834703922271729e-01
2.129742652177810669e-01
2.099500447511672974e-01
3.699942827224731445e-01
4.049035310745239258e-01
3.484416902065277100e-01
2.708831429481506348e-01
2.366220057010650635e-01
1.782654672861099243e-01
1.495136171579360962e-01
1.405743360519409180e-01
1.279646903276443481e-01
1.228616312146186829e-01
1.176733002066612244e-01
9.138793498277664185e-02
7.498794049024581909e-02
6.874249130487442017e-02
6.724495440721511841e-02
5.741882324218750000e-02
4.684799164533615112e-02
4.626574367284774780e-02
3.414553031325340271e-02
2.769258618354797363e-02
2.195765264332294464e-02
1.634380966424942017e-02
1.337416935712099075e-02
1.357626356184482574e-02
1.222051773220300674e-02
1.177867315709590912e-02
9.565099142491817474e-03
8.352583274245262146e-03
7.502040360122919083e-03
6.760435644537210464e-03
6.162789650261402130e-03
5.397207103669643402e-03
5.002219229936599731e-03
4.635633435100317001e-03
