1.602792668342590332e+01
1.534060311317443848e+01
1.537217831611633301e+01
1.527930593490600586e+01
2.218716096878051758e+01
1.528329634666442871e+01
1.510339450836181641e+01
2.079024314880371094e+01
1.492895364761352539e+01
1.507019186019897461e+01
1.562740182876586914e+01
2.279511165618896484e+01
1.576011466979980469e+01
2.238489842414855957e+01
1.566280913352966309e+01
2.358356547355651855e+01
1.911223530769348145e+01
1.518588948249816895e+01
1.517837071418762207e+01
2.791459393501281738e+01
1.862003254890441895e+01
1.519949626922607422e+01
1.545684504508972168e+01
2.923044872283935547e+01
1.555253815650939941e+01
1.560797691345214844e+01
1.501389050483703613e+01
2.782050180435180664e+01
1.921041846275329590e+01
1.519342064857482910e+01
1.565961813926696777e+01
2.532644104957580566e+01
1.519929265975952148e+01
2.880741333961486816e+01
1.512003970146179199e+01
2.742121100425720215e+01
1.486909365653991699e+01
1.512154412269592285e+01
1.513188481330871582e+01
2.607276535034179688e+01
1.519492506980895996e+01
2.522568297386169434e+01
1.520757007598876953e+01
2.688005256652832031e+01
1.535084271430969238e+01
1.521380257606506348e+01
1.557627129554748535e+01
1.553528046607971191e+01
3.084882283210754395e+01
1.968323636054992676e+01
3.342685127258300781e+01
1.513414669036865234e+01
1.529808807373046875e+01
1.565341210365295410e+01
1.543480491638183594e+01
1.558638024330139160e+01
2.682569360733032227e+01
1.727845215797424316e+01
1.545126724243164062e+01
1.488648867607116699e+01
1.592243766784667969e+01
1.583304572105407715e+01
1.526839017868041992e+01
2.315809893608093262e+01
1.547537040710449219e+01
1.516920351982116699e+01
1.496510696411132812e+01
1.530014824867248535e+01
2.817673063278198242e+01
1.873993062973022461e+01
1.509137296676635742e+01
1.564904904365539551e+01
2.262171220779418945e+01
1.553316450119018555e+01
1.585361647605895996e+01
1.530189180374145508e+01
1.550197744369506836e+01
1.509344649314880371e+01
1.571497178077697754e+01
1.527153706550598145e+01
1.539150428771972656e+01
1.541059637069702148e+01
1.494829297065734863e+01
1.519160842895507812e+01
2.991141033172607422e+01
1.743237948417663574e+01
3.114699220657348633e+01
1.798016738891601562e+01
1.494783306121826172e+01
2.955360746383666992e+01
1.540262317657470703e+01
2.286284732818603516e+01
1.547920680046081543e+01
1.573382472991943359e+01
1.509123015403747559e+01
1.505393409729003906e+01
1.534067130088806152e+01
1.570316576957702637e+01
1.575153231620788574e+01
1.534907722473144531e+01
