2.087385153770446777e+01
2.078783249855041504e+01
2.077493071556091309e+01
2.086689734458923340e+01
2.085583090782165527e+01
2.094220018386840820e+01
2.086872124671936035e+01
2.086861014366149902e+01
2.088045978546142578e+01
2.090862727165222168e+01
2.085257434844970703e+01
2.086119270324707031e+01
2.081599283218383789e+01
2.067509961128234863e+01
2.065387392044067383e+01
2.064811325073242188e+01
2.081817555427551270e+01
2.057701468467712402e+01
2.057975554466247559e+01
2.055537629127502441e+01
2.062052392959594727e+01
2.065375709533691406e+01
2.066772675514221191e+01
2.067840647697448730e+01
2.066664958000183105e+01
2.062433099746704102e+01
2.043341135978698730e+01
2.032338213920593262e+01
2.027251386642456055e+01
2.029007411003112793e+01
2.027456426620483398e+01
2.020274925231933594e+01
2.022601652145385742e+01
2.024500322341918945e+01
2.029269552230834961e+01
2.030656337738037109e+01
2.028119373321533203e+01
2.040807843208312988e+01
2.033864402770996094e+01
2.025708675384521484e+01
2.011160707473754883e+01
2.015650916099548340e+01
2.006798219680786133e+01
2.008579850196838379e+01
2.005022788047790527e+01
2.007363915443420410e+01
2.005952143669128418e+01
2.005029988288879395e+01
2.004475021362304688e+01
2.004436588287353516e+01
