7.868968248367309570e-01
6.023772358894348145e-01
6.023772358894348145e-01
6.023772358894348145e-01
6.023772358894348145e-01
6.023772358894348145e-01
6.023772358894348145e-01
6.023772358894348145e-01
6.023772358894348145e-01
6.023772358894348145e-01
6.023772358894348145e-01
6.023772358894348145e-01
6.023772358894348145e-01
6.023772358894348145e-01
6.023772358894348145e-01
6.023772358894348145e-01
6.023772358894348145e-01
6.023772358894348145e-01
6.023772358894348145e-01
6.023772358894348145e-01
6.023772358894348145e-01
6.023772358894348145e-01
6.023772358894348145e-01
6.023772358894348145e-01
6.023772358894348145e-01
6.023772358894348145e-01
6.023772358894348145e-01
6.023772358894348145e-01
6.023772358894348145e-01
6.023772358894348145e-01
6.023772358894348145e-01
6.023772358894348145e-01
6.023772358894348145e-01
6.023772358894348145e-01
6.023772358894348145e-01
6.023772358894348145e-01
6.023772358894348145e-01
6.023772358894348145e-01
6.023772358894348145e-01
6.023772358894348145e-01
6.023772358894348145e-01
6.023772358894348145e-01
6.023772358894348145e-01
6.023772358894348145e-01
6.023772358894348145e-01
6.023772358894348145e-01
6.023772358894348145e-01
6.023772358894348145e-01
6.023772358894348145e-01
6.023772358894348145e-01
