7.246057987213134766e-01
4.741194248199462891e-01
5.964071750640869141e-01
8.210752010345458984e-01
6.453144550323486328e-01
8.860831260681152344e-01
6.699728965759277344e-01
4.979789257049560547e-01
6.602935791015625000e-01
1.035432815551757812e+00
6.758837699890136719e-01
7.030184268951416016e-01
9.923839569091796875e-01
8.697726726531982422e-01
6.887841224670410156e-01
7.797052860260009766e-01
8.104703426361083984e-01
8.800213336944580078e-01
9.331400394439697266e-01
7.239618301391601562e-01
6.685936450958251953e-01
8.101649284362792969e-01
7.921478748321533203e-01
5.631926059722900391e-01
8.163921833038330078e-01
5.807404518127441406e-01
7.651643753051757812e-01
7.044885158538818359e-01
7.807581424713134766e-01
7.453107833862304688e-01
7.128024101257324219e-01
7.692162990570068359e-01
7.729144096374511719e-01
9.977676868438720703e-01
6.410946846008300781e-01
8.056423664093017578e-01
5.634419918060302734e-01
8.360292911529541016e-01
9.251072406768798828e-01
8.436505794525146484e-01
6.794939041137695312e-01
9.735507965087890625e-01
8.875076770782470703e-01
6.530439853668212891e-01
8.901765346527099609e-01
9.613261222839355469e-01
5.549659729003906250e-01
8.705065250396728516e-01
7.269959449768066406e-01
8.788862228393554688e-01
