1.216065835952758789e+01
1.264562916755676270e+01
2.145789647102355957e+01
3.123006820678710938e+01
2.920163464546203613e+01
2.517983698844909668e+01
2.769679570198059082e+01
2.451293444633483887e+01
2.938306164741516113e+01
2.472045087814331055e+01
2.796961474418640137e+01
3.178492259979248047e+01
2.110173416137695312e+01
1.358189749717712402e+01
2.045919585227966309e+01
1.714398837089538574e+01
1.461446642875671387e+01
1.821671223640441895e+01
2.039060711860656738e+01
1.248235535621643066e+01
2.063392782211303711e+01
3.389799523353576660e+01
1.898384451866149902e+01
1.420436811447143555e+01
1.862322521209716797e+01
2.045953369140625000e+01
1.414716768264770508e+01
1.329534530639648438e+01
2.114912676811218262e+01
3.146888947486877441e+01
2.512034797668457031e+01
2.045877313613891602e+01
1.241557693481445312e+01
4.093842506408691406e+01
1.227784109115600586e+01
3.189213180541992188e+01
1.955756855010986328e+01
3.223762750625610352e+01
2.154125690460205078e+01
3.142253279685974121e+01
2.257427406311035156e+01
3.286495208740234375e+01
2.133035373687744141e+01
3.296632671356201172e+01
1.349293613433837891e+01
1.992494964599609375e+01
1.283480930328369141e+01
2.046072340011596680e+01
4.093943333625793457e+01
1.365114212036132812e+01
