2.684621810913085938e-01
1.819121837615966797e-01
1.937727928161621094e-01
1.565494537353515625e-01
1.511018276214599609e-01
7.546782493591308594e-02
1.332497596740722656e-01
1.308319568634033203e-01
1.465349197387695312e-01
1.134333610534667969e-01
1.371221542358398438e-01
2.250030040740966797e-01
1.199381351470947266e-01
1.265990734100341797e-01
1.026544570922851562e-01
1.463282108306884766e-01
1.126048564910888672e-01
1.424908638000488281e-01
1.345758438110351562e-01
2.329697608947753906e-01
1.965453624725341797e-01
6.524562835693359375e-02
1.498847007751464844e-01
2.143750190734863281e-01
8.429694175720214844e-02
1.448140144348144531e-01
1.608319282531738281e-01
1.813402175903320312e-01
5.305075645446777344e-02
1.235640048980712891e-01
1.496021747589111328e-01
1.273977756500244141e-01
1.286177635192871094e-01
1.385028362274169922e-01
2.109928131103515625e-01
2.020220756530761719e-01
1.643445491790771484e-01
1.354358196258544922e-01
2.270073890686035156e-01
1.117830276489257812e-01
2.028102874755859375e-01
2.273247241973876953e-01
1.929216384887695312e-01
2.789082527160644531e-01
1.692936420440673828e-01
1.642675399780273438e-01
2.942805290222167969e-01
1.431217193603515625e-01
2.045440673828125000e-01
2.557544708251953125e-01
1.665396690368652344e-01
2.707676887512207031e-01
1.838037967681884766e-01
1.857528686523437500e-01
2.024784088134765625e-01
2.076363563537597656e-01
1.825790405273437500e-01
6.895923614501953125e-02
8.631992340087890625e-02
8.727622032165527344e-02
1.489636898040771484e-01
6.598711013793945312e-02
1.840949058532714844e-01
1.822679042816162109e-01
1.006736755371093750e-01
2.104952335357666016e-01
9.660553932189941406e-02
1.093304157257080078e-01
2.004935741424560547e-01
1.288578510284423828e-01
5.817198753356933594e-02
1.728651523590087891e-01
1.420454978942871094e-01
1.022982597351074219e-01
1.780033111572265625e-01
1.479926109313964844e-01
1.134767532348632812e-01
2.211134433746337891e-01
1.795220375061035156e-01
8.730530738830566406e-02
2.229404449462890625e-02
1.651237010955810547e-01
2.107243537902832031e-01
1.853787899017333984e-01
2.053937911987304688e-01
2.693617343902587891e-01
8.557176589965820312e-02
7.890415191650390625e-02
2.271356582641601562e-01
1.215357780456542969e-01
1.660418510437011719e-01
1.293015480041503906e-01
2.203216552734375000e-01
1.416611671447753906e-01
1.397788524627685547e-01
1.548597812652587891e-01
1.650371551513671875e-01
2.485587596893310547e-01
2.205512523651123047e-01
1.419348716735839844e-01
