1.694534564018249512e+01
2.093226265907287598e+01
3.257248401641845703e+01
2.381180930137634277e+01
3.363222861289978027e+01
4.097375297546386719e+01
1.810969138145446777e+01
2.178887152671813965e+01
3.640385079383850098e+01
2.105388784408569336e+01
4.092332649230957031e+01
2.047744083404541016e+01
3.328686356544494629e+01
4.090521979331970215e+01
1.638238143920898438e+01
4.093149423599243164e+01
1.832819080352783203e+01
2.824802064895629883e+01
2.611301517486572266e+01
2.817474913597106934e+01
2.814410877227783203e+01
2.337009477615356445e+01
2.631761741638183594e+01
4.087873697280883789e+01
1.646192836761474609e+01
3.257511210441589355e+01
2.388522768020629883e+01
3.130277705192565918e+01
3.023108172416687012e+01
3.336839580535888672e+01
1.647958898544311523e+01
3.656604695320129395e+01
2.009584712982177734e+01
3.341378545761108398e+01
2.605564308166503906e+01
4.087136077880859375e+01
1.726861143112182617e+01
3.346831178665161133e+01
2.395828390121459961e+01
4.089289903640747070e+01
2.183419108390808105e+01
2.922064924240112305e+01
2.578165149688720703e+01
2.893468809127807617e+01
4.091571545600891113e+01
2.044010901451110840e+01
4.090422320365905762e+01
1.657056498527526855e+01
2.565433478355407715e+01
4.090175819396972656e+01
1.642963433265686035e+01
4.095910954475402832e+01
2.046877312660217285e+01
2.601618337631225586e+01
3.199683475494384766e+01
4.089013481140136719e+01
1.653484320640563965e+01
2.812469553947448730e+01
2.883926296234130859e+01
2.856778144836425781e+01
2.061475801467895508e+01
3.214215922355651855e+01
2.526701188087463379e+01
3.001104903221130371e+01
2.041047787666320801e+01
4.092377662658691406e+01
1.641477227210998535e+01
4.090624189376831055e+01
1.664176821708679199e+01
4.091805982589721680e+01
2.042777132987976074e+01
3.172784543037414551e+01
3.358408832550048828e+01
2.664296030998229980e+01
3.353727102279663086e+01
2.207118916511535645e+01
3.238792252540588379e+01
2.268255996704101562e+01
3.439917421340942383e+01
2.406118297576904297e+01
4.092353320121765137e+01
1.722298622131347656e+01
3.608789873123168945e+01
2.204899477958679199e+01
3.511388897895812988e+01
2.146599745750427246e+01
3.378932118415832520e+01
2.137775897979736328e+01
4.090425324440002441e+01
1.649387764930725098e+01
4.089795041084289551e+01
1.668641018867492676e+01
1.661349248886108398e+01
3.554435443878173828e+01
4.090929174423217773e+01
1.663825988769531250e+01
2.128905916213989258e+01
2.081844568252563477e+01
3.128495550155639648e+01
2.098152661323547363e+01
