1.370284461975097656e+01
1.826021862030029297e+01
1.441946482658386230e+01
1.449502301216125488e+01
2.045929074287414551e+01
1.397811794281005859e+01
2.013957405090332031e+01
1.364411878585815430e+01
1.879932308197021484e+01
1.766822862625122070e+01
1.523811459541320801e+01
1.619433546066284180e+01
1.634610939025878906e+01
1.658471012115478516e+01
2.045955300331115723e+01
1.332772922515869141e+01
1.360382699966430664e+01
1.969343566894531250e+01
1.458695244789123535e+01
2.045969390869140625e+01
1.937318277359008789e+01
1.948064589500427246e+01
2.046016836166381836e+01
2.046960783004760742e+01
1.333373594284057617e+01
1.394604253768920898e+01
4.094012093544006348e+01
1.317896008491516113e+01
4.093940591812133789e+01
1.408070206642150879e+01
2.013923120498657227e+01
3.381411123275756836e+01
1.997129011154174805e+01
3.494004774093627930e+01
1.875512790679931641e+01
2.110945653915405273e+01
3.279488396644592285e+01
2.144310140609741211e+01
3.452098751068115234e+01
2.021344542503356934e+01
1.473740577697753906e+01
1.412821960449218750e+01
2.045852231979370117e+01
1.382805013656616211e+01
1.464568638801574707e+01
1.310917425155639648e+01
4.093848323822021484e+01
1.351684069633483887e+01
2.219920086860656738e+01
3.305356764793395996e+01
