1.269408941268920898e+00
1.182383298873901367e+00
1.641496896743774414e+00
1.428450345993041992e+00
1.343553304672241211e+00
1.531695842742919922e+00
1.619399547576904297e+00
1.525846481323242188e+00
1.509485721588134766e+00
2.025691509246826172e+00
1.771430969238281250e+00
1.588376760482788086e+00
1.651797056198120117e+00
1.236660718917846680e+00
1.463385105133056641e+00
1.851125240325927734e+00
1.251005172729492188e+00
1.553576231002807617e+00
2.000456571578979492e+00
1.745263099670410156e+00
1.459933996200561523e+00
1.835467815399169922e+00
1.141294717788696289e+00
1.435453891754150391e+00
1.784880161285400391e+00
1.707483530044555664e+00
1.440592527389526367e+00
1.337741851806640625e+00
1.615797996520996094e+00
1.669278860092163086e+00
1.945842027664184570e+00
1.898196458816528320e+00
1.537354469299316406e+00
1.517749547958374023e+00
1.521462440490722656e+00
1.597869634628295898e+00
1.585078477859497070e+00
1.455996990203857422e+00
2.109552145004272461e+00
1.694801330566406250e+00
1.793124675750732422e+00
1.575985670089721680e+00
1.617635250091552734e+00
1.951067209243774414e+00
1.571177005767822266e+00
1.807561635971069336e+00
1.574618816375732422e+00
1.168748855590820312e+00
1.361118078231811523e+00
1.665568351745605469e+00
