1.118714332580566406e+00
1.698545455932617188e+00
1.546123504638671875e+00
1.531247377395629883e+00
1.663091182708740234e+00
1.887902975082397461e+00
1.573573112487792969e+00
1.492376804351806641e+00
1.814565181732177734e+00
1.463063478469848633e+00
1.475287437438964844e+00
1.358018398284912109e+00
1.802791118621826172e+00
1.552107095718383789e+00
1.608345031738281250e+00
1.666761159896850586e+00
1.860639095306396484e+00
1.457478523254394531e+00
1.761235237121582031e+00
1.442093849182128906e+00
1.819969654083251953e+00
1.732795000076293945e+00
1.617660045623779297e+00
1.285247802734375000e+00
1.252327203750610352e+00
1.362733364105224609e+00
1.833002567291259766e+00
1.687168121337890625e+00
1.540396690368652344e+00
1.447477102279663086e+00
1.388003587722778320e+00
2.107150077819824219e+00
1.391448020935058594e+00
1.677838802337646484e+00
1.745677232742309570e+00
1.968731641769409180e+00
1.137979030609130859e+00
1.873909235000610352e+00
1.708320856094360352e+00
1.406984806060791016e+00
1.428183317184448242e+00
1.646809339523315430e+00
1.341048717498779297e+00
9.697885513305664062e-01
1.620870351791381836e+00
1.805633068084716797e+00
1.787368059158325195e+00
1.293019294738769531e+00
1.159131050109863281e+00
1.660244941711425781e+00
