6.580781459808349609e+00
6.805127859115600586e+00
6.538061380386352539e+00
6.466889619827270508e+00
6.916986465454101562e+00
6.573330640792846680e+00
6.639836549758911133e+00
6.191457033157348633e+00
6.866887807846069336e+00
6.817404270172119141e+00
6.508018016815185547e+00
6.496264457702636719e+00
6.118673563003540039e+00
6.696537494659423828e+00
6.289495706558227539e+00
6.244005918502807617e+00
6.322999000549316406e+00
6.714617729187011719e+00
6.935482740402221680e+00
6.335384368896484375e+00
6.321202039718627930e+00
6.218914747238159180e+00
6.340316057205200195e+00
6.287925004959106445e+00
6.163626194000244141e+00
6.568375587463378906e+00
6.658828735351562500e+00
6.262695312500000000e+00
6.066368341445922852e+00
6.297062397003173828e+00
6.258589744567871094e+00
6.443526744842529297e+00
6.268475055694580078e+00
6.525218248367309570e+00
6.367811203002929688e+00
6.489979505538940430e+00
5.909279584884643555e+00
5.618180036544799805e+00
6.157003641128540039e+00
6.123994350433349609e+00
6.554200649261474609e+00
6.423020601272583008e+00
6.351463794708251953e+00
6.782758712768554688e+00
6.618998765945434570e+00
6.310693979263305664e+00
6.330249071121215820e+00
6.214783191680908203e+00
5.774064064025878906e+00
6.634078025817871094e+00
