5.069160461425781250e-02
5.046010017395019531e-02
5.068325996398925781e-02
5.396556854248046875e-02
5.066728591918945312e-02
5.081105232238769531e-02
5.091571807861328125e-02
5.046606063842773438e-02
5.555891990661621094e-02
5.063247680664062500e-02
5.086851119995117188e-02
5.060434341430664062e-02
5.088496208190917969e-02
5.080127716064453125e-02
5.077314376831054688e-02
5.057621002197265625e-02
5.053448677062988281e-02
5.230188369750976562e-02
5.178403854370117188e-02
5.172085762023925781e-02
5.135154724121093750e-02
5.086398124694824219e-02
5.116629600524902344e-02
5.102229118347167969e-02
5.089068412780761719e-02
5.066156387329101562e-02
5.058002471923828125e-02
5.113244056701660156e-02
5.310130119323730469e-02
5.324697494506835938e-02
