5.961132049560546875e-02
1.785495281219482422e-01
1.114504337310791016e-01
9.230661392211914062e-02
1.051597595214843750e-01
1.339762210845947266e-01
5.868554115295410156e-02
1.172800064086914062e-01
1.484053134918212891e-01
7.147789001464843750e-02
7.962536811828613281e-02
1.255457401275634766e-01
1.685523986816406250e-01
1.155836582183837891e-01
1.614384651184082031e-01
1.901445388793945312e-01
1.655032634735107422e-01
1.118650436401367188e-01
1.106250286102294922e-01
8.809852600097656250e-02
9.944343566894531250e-02
2.129750251770019531e-01
6.348323822021484375e-02
1.209392547607421875e-01
1.440107822418212891e-01
9.536623954772949219e-02
8.350682258605957031e-02
1.038727760314941406e-01
1.159088611602783203e-01
2.209508419036865234e-01
9.034538269042968750e-02
1.549499034881591797e-01
6.447315216064453125e-02
1.131401062011718750e-01
9.755253791809082031e-02
9.662675857543945312e-02
1.357839107513427734e-01
1.163344383239746094e-01
8.810424804687500000e-02
1.584141254425048828e-01
1.367719173431396484e-01
1.045770645141601562e-01
1.815476417541503906e-01
5.122804641723632812e-02
1.443951129913330078e-01
8.590364456176757812e-02
1.912906169891357422e-01
1.225640773773193359e-01
8.300471305847167969e-02
1.218566894531250000e-01
2.394292354583740234e-01
9.420180320739746094e-02
9.241795539855957031e-02
6.898427009582519531e-02
1.048297882080078125e-01
4.707551002502441406e-02
8.504533767700195312e-02
1.842694282531738281e-01
1.969172954559326172e-01
1.835165023803710938e-01
3.106474876403808594e-02
3.463172912597656250e-02
1.626317501068115234e-01
1.549844741821289062e-01
1.925375461578369141e-01
1.763761043548583984e-01
8.832454681396484375e-02
6.790447235107421875e-02
1.612360477447509766e-01
1.033077239990234375e-01
1.017692089080810547e-01
6.572842597961425781e-02
8.745002746582031250e-02
1.863236427307128906e-01
9.927248954772949219e-02
6.901383399963378906e-02
1.625719070434570312e-01
9.182190895080566406e-02
5.504417419433593750e-02
1.227965354919433594e-01
1.565754413604736328e-01
8.589148521423339844e-02
1.450815200805664062e-01
1.131763458251953125e-01
6.967091560363769531e-02
1.203770637512207031e-01
1.262555122375488281e-01
1.304154396057128906e-01
1.005728244781494141e-01
1.103339195251464844e-01
1.097159385681152344e-01
1.661226749420166016e-01
1.509549617767333984e-01
9.791588783264160156e-02
1.039414405822753906e-01
1.888279914855957031e-01
1.973063945770263672e-01
8.518695831298828125e-02
1.000907421112060547e-01
1.423892974853515625e-01
