1.594365239143371582e+01
1.900470662117004395e+01
1.525285291671752930e+01
1.541815996170043945e+01
5.600653672218322754e+01
1.914841151237487793e+01
5.537210869789123535e+01
1.756999778747558594e+01
1.516510415077209473e+01
1.915570759773254395e+01
2.428328967094421387e+01
1.935408329963684082e+01
1.537110614776611328e+01
1.555929040908813477e+01
1.538879680633544922e+01
1.494126152992248535e+01
2.878488445281982422e+01
3.463949012756347656e+01
1.493593621253967285e+01
2.473210239410400391e+01
3.552749872207641602e+01
1.542899680137634277e+01
1.552712893486022949e+01
1.553813266754150391e+01
1.560785222053527832e+01
1.552581858634948730e+01
1.553148221969604492e+01
1.529558467864990234e+01
3.392111253738403320e+01
1.527670693397521973e+01
1.522060799598693848e+01
1.531207680702209473e+01
1.530636215209960938e+01
1.533195495605468750e+01
1.549937415122985840e+01
1.534474039077758789e+01
3.360032939910888672e+01
1.802685999870300293e+01
3.207922840118408203e+01
1.513933324813842773e+01
3.211854028701782227e+01
1.561593198776245117e+01
3.525242328643798828e+01
1.933982157707214355e+01
1.509694361686706543e+01
1.519804573059082031e+01
1.538910794258117676e+01
5.292403507232666016e+01
1.584009814262390137e+01
1.505178475379943848e+01
1.519156861305236816e+01
1.503358221054077148e+01
1.550656437873840332e+01
1.512960362434387207e+01
1.538806104660034180e+01
1.583608460426330566e+01
1.566907763481140137e+01
5.025897455215454102e+01
1.522602200508117676e+01
1.528364324569702148e+01
1.552208995819091797e+01
1.515098690986633301e+01
1.513030123710632324e+01
1.485113024711608887e+01
5.245169734954833984e+01
1.561433649063110352e+01
1.570202779769897461e+01
1.577681350708007812e+01
1.544588279724121094e+01
1.538593101501464844e+01
1.498838591575622559e+01
1.495165061950683594e+01
1.546887755393981934e+01
1.493574953079223633e+01
1.533998751640319824e+01
1.931068634986877441e+01
1.511086773872375488e+01
1.517754435539245605e+01
1.531138348579406738e+01
2.567207407951354980e+01
1.902611231803894043e+01
1.566187191009521484e+01
1.566684913635253906e+01
1.547421216964721680e+01
1.538004970550537109e+01
1.513883566856384277e+01
2.135549211502075195e+01
1.550725388526916504e+01
1.522341990470886230e+01
1.542621183395385742e+01
1.559927988052368164e+01
1.547607207298278809e+01
1.522201156616210938e+01
1.561431717872619629e+01
1.548604321479797363e+01
1.510424828529357910e+01
1.540135478973388672e+01
1.571764564514160156e+01
1.515738463401794434e+01
2.437298345565795898e+01
