7.274811744689941406e+00
6.413213253021240234e+00
6.727729082107543945e+00
6.775804519653320312e+00
6.922376871109008789e+00
7.493769645690917969e+00
6.999633550643920898e+00
6.792485713958740234e+00
7.221142768859863281e+00
6.801837682723999023e+00
7.243220567703247070e+00
6.968925952911376953e+00
6.986083745956420898e+00
6.993671417236328125e+00
6.545633077621459961e+00
1.414127826690673828e+01
7.068170785903930664e+00
6.808439731597900391e+00
7.078470468521118164e+00
7.063401222229003906e+00
7.201327085494995117e+00
7.290543079376220703e+00
6.755523920059204102e+00
7.306737899780273438e+00
7.119395971298217773e+00
7.320648670196533203e+00
6.607274055480957031e+00
6.688135147094726562e+00
6.510310411453247070e+00
6.525885105133056641e+00
6.712166070938110352e+00
8.362843036651611328e+00
7.212043762207031250e+00
6.461278676986694336e+00
6.588773727416992188e+00
7.524821043014526367e+00
6.867268562316894531e+00
6.867471933364868164e+00
6.532218694686889648e+00
1.514325022697448730e+01
7.107129573822021484e+00
6.939883232116699219e+00
6.876137256622314453e+00
6.713237524032592773e+00
6.576075315475463867e+00
6.861757040023803711e+00
7.018059253692626953e+00
6.591554403305053711e+00
7.091177701950073242e+00
7.105272293090820312e+00
