4.186947107315063477e+00
4.044475317001342773e+00
4.128000736236572266e+00
3.801457643508911133e+00
3.962874889373779297e+00
7.079803705215454102e+00
1.031716799736022949e+01
1.147061419486999512e+01
1.121699309349060059e+01
4.396516323089599609e+00
4.420511245727539062e+00
4.703319072723388672e+00
4.285732984542846680e+00
3.979733228683471680e+00
3.939491510391235352e+00
5.205940961837768555e+00
4.150478124618530273e+00
4.670641660690307617e+00
4.661381006240844727e+00
4.001291275024414062e+00
4.535264730453491211e+00
3.992357254028320312e+00
3.923343420028686523e+00
3.862769126892089844e+00
6.012069702148437500e+00
4.087896347045898438e+00
4.423962593078613281e+00
4.299094915390014648e+00
1.089036560058593750e+01
4.704292058944702148e+00
4.582103967666625977e+00
4.229521512985229492e+00
4.243158102035522461e+00
4.109346151351928711e+00
4.097716093063354492e+00
4.600425958633422852e+00
4.345092058181762695e+00
4.444873332977294922e+00
9.726805210113525391e+00
4.030949592590332031e+00
4.237980365753173828e+00
4.440930604934692383e+00
7.808682918548583984e+00
1.082020258903503418e+01
4.039626598358154297e+00
4.699625253677368164e+00
4.151520490646362305e+00
4.571094512939453125e+00
4.098708629608154297e+00
4.650778770446777344e+00
