1.217509269714355469e+00
1.767379999160766602e+00
1.682979583740234375e+00
1.362132310867309570e+00
1.350448608398437500e+00
7.096948623657226562e-01
1.290792942047119141e+00
1.697393178939819336e+00
1.371396780014038086e+00
1.528134346008300781e+00
1.231414318084716797e+00
1.521170139312744141e+00
1.388094186782836914e+00
1.419349193572998047e+00
1.786353111267089844e+00
1.648637056350708008e+00
1.466202497482299805e+00
1.550558567047119141e+00
1.321363687515258789e+00
1.458562612533569336e+00
1.276472806930541992e+00
1.287559986114501953e+00
1.345212936401367188e+00
9.360914230346679688e-01
1.295406103134155273e+00
1.015043973922729492e+00
1.655242204666137695e+00
1.716032743453979492e+00
1.837840557098388672e+00
1.561962842941284180e+00
1.597535610198974609e+00
1.191216468811035156e+00
1.258421421051025391e+00
1.577385187149047852e+00
1.818487882614135742e+00
1.637425184249877930e+00
1.357133626937866211e+00
1.380925178527832031e+00
1.748648643493652344e+00
1.328612089157104492e+00
1.339518547058105469e+00
1.351696729660034180e+00
1.409659624099731445e+00
1.530094385147094727e+00
1.892494678497314453e+00
1.552324533462524414e+00
1.591347694396972656e+00
1.523449897766113281e+00
1.307783603668212891e+00
1.332114219665527344e+00
