6.593444108963012695e+00
6.839908361434936523e+00
6.656203985214233398e+00
7.114868402481079102e+00
1.313607096672058105e+01
6.645399570465087891e+00
6.338312387466430664e+00
6.893505096435546875e+00
6.677512168884277344e+00
6.303699016571044922e+00
7.465914487838745117e+00
6.956050395965576172e+00
6.687888860702514648e+00
6.448883533477783203e+00
6.884514093399047852e+00
6.472682714462280273e+00
6.794269800186157227e+00
6.630661487579345703e+00
6.616516828536987305e+00
7.248932600021362305e+00
6.596896171569824219e+00
7.022732496261596680e+00
6.634073019027709961e+00
7.533861637115478516e+00
6.967679500579833984e+00
7.086495399475097656e+00
7.492735862731933594e+00
7.047433853149414062e+00
6.723013162612915039e+00
6.640415191650390625e+00
6.736754417419433594e+00
6.661920785903930664e+00
6.481609344482421875e+00
6.905180215835571289e+00
7.392856121063232422e+00
6.857495307922363281e+00
6.733529090881347656e+00
6.661779403686523438e+00
6.757496118545532227e+00
7.029388666152954102e+00
6.853659391403198242e+00
6.436744213104248047e+00
7.350762605667114258e+00
6.877903699874877930e+00
6.685615539550781250e+00
7.001397848129272461e+00
2.683685040473937988e+01
6.508703708648681641e+00
8.040690422058105469e+00
7.113359451293945312e+00
