4.098964929580688477e+00
4.115754842758178711e+00
3.811235904693603516e+00
4.089637041091918945e+00
4.409290790557861328e+00
4.120921611785888672e+00
3.926527738571166992e+00
4.077545404434204102e+00
6.698324680328369141e+00
7.314176082611083984e+00
3.985656976699829102e+00
4.031185388565063477e+00
4.175556182861328125e+00
4.035855531692504883e+00
4.272260427474975586e+00
4.102451086044311523e+00
4.096656322479248047e+00
3.947095394134521484e+00
3.927386999130249023e+00
3.761886596679687500e+00
4.121423959732055664e+00
2.386521077156066895e+01
4.358395576477050781e+00
3.831405639648437500e+00
4.294798135757446289e+00
4.492713928222656250e+00
4.299085617065429688e+00
4.212229251861572266e+00
4.579314947128295898e+00
4.466234683990478516e+00
3.949455738067626953e+00
3.717069387435913086e+00
3.861585617065429688e+00
4.047755241394042969e+00
3.677047729492187500e+00
3.931534290313720703e+00
4.030666351318359375e+00
4.351005077362060547e+00
2.420661807060241699e+01
4.335167646408081055e+00
3.745885133743286133e+00
4.972054481506347656e+00
4.123220920562744141e+00
4.559858083724975586e+00
4.115905523300170898e+00
3.875680923461914062e+00
5.299660682678222656e+00
7.839451074600219727e+00
1.035518240928649902e+01
4.279454231262207031e+00
