5.768705531954765320e-02
1.536171790212392807e-02
2.287366241216659546e-02
2.302328497171401978e-02
6.180885713547468185e-03
1.618847064673900604e-02
6.605966947972774506e-03
4.616909660398960114e-03
2.762850373983383179e-03
2.165972022339701653e-03
8.493692730553448200e-04
1.963025715667754412e-05
8.774013622314669192e-06
5.253834842733340338e-06
3.606876589401508681e-06
2.689115945031517185e-06
2.111648427671752870e-06
1.720108684821752831e-06
1.440177697986655403e-06
1.230212319569545798e-06
1.072153054337832145e-06
9.460795808990951627e-07
8.434792562184156850e-07
7.585626917716581374e-07
6.873576126054103952e-07
6.271703796301153488e-07
5.759973191743483767e-07
5.317832574291969649e-07
4.934335038342396729e-07
4.596845712967478903e-07
4.296938982406572904e-07
4.030404454624658683e-07
3.794884264607389923e-07
3.579589531454985263e-07
3.384859610378043726e-07
3.208166390322730877e-07
3.045633434339833912e-07
2.898608784107636893e-07
2.763722761756071122e-07
2.638277010191814043e-07
2.523114801533665741e-07
2.416045106201636372e-07
2.317573972732134280e-07
2.225846174042089842e-07
2.141031245628255419e-07
2.061273960407561390e-07
1.986912110396588105e-07
1.916427549986110535e-07
1.840212036086086300e-07
1.780349947466675076e-07
