6.390087306499481201e-02
1.460114680230617523e-02
6.661978084594011307e-03
4.812397062778472900e-03
3.269094740971922874e-03
2.781455405056476593e-03
2.616195008158683777e-03
1.913305488415062428e-03
1.539742690511047840e-03
1.590716070495545864e-03
1.280721859075129032e-03
8.591592195443809032e-04
7.629067404195666313e-04
6.120920879766345024e-04
4.872008576057851315e-04
3.715453203767538071e-04
2.796306507661938667e-04
2.231469552498310804e-04
1.803505001589655876e-04
1.538509386591613293e-04
1.226326130563393235e-04
9.740990935824811459e-05
7.440351328114047647e-05
6.484363257186487317e-05
5.596983828581869602e-05
4.721197183243930340e-05
4.158293086220510304e-05
3.800204649451188743e-05
3.614882734837010503e-05
3.446900154813192785e-05
2.890983887482434511e-05
2.608935210446361452e-05
2.507960743969306350e-05
2.394910734437871724e-05
2.267514719278551638e-05
2.144848804164212197e-05
2.004052294068969786e-05
1.891503961815033108e-05
1.734113175189122558e-05
1.632343810342717916e-05
1.565457932883873582e-05
1.506586522737052292e-05
1.444476765755098313e-05
1.380216053803451359e-05
1.324573895544745028e-05
1.274921123695094138e-05
1.217876797454664484e-05
1.168228391179582104e-05
1.126086226577172056e-05
1.099152996175689623e-05
