8.652889728546142578e-01
9.699769020080566406e-01
8.728327751159667969e-01
8.852484226226806641e-01
9.972245693206787109e-01
7.807614803314208984e-01
9.321012496948242188e-01
1.015327930450439453e+00
1.314797163009643555e+00
9.006655216217041016e-01
8.798980712890625000e-01
8.446235656738281250e-01
1.264265537261962891e+00
9.631841182708740234e-01
1.038956880569458008e+00
1.136834859848022461e+00
8.361356258392333984e-01
9.102625846862792969e-01
1.010917901992797852e+00
1.039782047271728516e+00
9.835391044616699219e-01
8.489599227905273438e-01
9.974002838134765625e-01
1.204012870788574219e+00
8.473975658416748047e-01
6.982293128967285156e-01
1.022886753082275391e+00
9.397890567779541016e-01
8.727993965148925781e-01
8.667683601379394531e-01
8.196003437042236328e-01
1.114428997039794922e+00
9.292790889739990234e-01
1.091911077499389648e+00
9.414551258087158203e-01
1.119110107421875000e+00
1.063161849975585938e+00
1.095973968505859375e+00
8.933784961700439453e-01
1.126667976379394531e+00
1.065315961837768555e+00
1.164349079132080078e+00
1.066524267196655273e+00
9.526493549346923828e-01
9.427790641784667969e-01
7.775080204010009766e-01
9.464564323425292969e-01
1.075260162353515625e+00
9.937407970428466797e-01
1.097011089324951172e+00
