8.775162696838378906e-02
4.984903335571289062e-02
6.791877746582031250e-02
4.858112335205078125e-02
7.317924499511718750e-02
6.757807731628417969e-02
5.942511558532714844e-02
8.298873901367187500e-02
3.925013542175292969e-02
9.460330009460449219e-02
8.870458602905273438e-02
1.082761287689208984e-01
7.214999198913574219e-02
8.373761177062988281e-02
7.376337051391601562e-02
4.134154319763183594e-02
6.045389175415039062e-02
7.480812072753906250e-02
6.843090057373046875e-03
5.019927024841308594e-02
7.566404342651367188e-02
7.921552658081054688e-02
1.119546890258789062e-01
6.714391708374023438e-02
6.191062927246093750e-02
1.043403148651123047e-01
2.281498908996582031e-02
7.669949531555175781e-02
2.999734878540039062e-02
3.531599044799804688e-02
6.833362579345703125e-02
6.805658340454101562e-03
8.974504470825195312e-02
7.438302040100097656e-02
7.288718223571777344e-02
7.725930213928222656e-02
1.839828491210937500e-02
1.431405544281005859e-01
6.880712509155273438e-02
3.919053077697753906e-02
5.771112442016601562e-02
4.639911651611328125e-02
1.118698120117187500e-01
6.232118606567382812e-02
6.630778312683105469e-02
1.211965084075927734e-01
4.829978942871093750e-02
6.492114067077636719e-02
8.416557312011718750e-02
3.102111816406250000e-02
1.499309539794921875e-01
7.479596138000488281e-02
1.259851455688476562e-01
1.088025569915771484e-01
6.577682495117187500e-02
9.207487106323242188e-02
6.855702400207519531e-02
6.758522987365722656e-02
2.345156669616699219e-02
5.291390419006347656e-02
9.439301490783691406e-02
3.213310241699218750e-02
4.966950416564941406e-02
1.187105178833007812e-01
5.041456222534179688e-02
8.832311630249023438e-02
2.154445648193359375e-02
6.496047973632812500e-02
4.304933547973632812e-02
8.479261398315429688e-02
7.412433624267578125e-02
5.896973609924316406e-02
1.548457145690917969e-02
4.652643203735351562e-02
1.063988208770751953e-01
1.049287319183349609e-01
1.068506240844726562e-01
5.986952781677246094e-02
3.663754463195800781e-02
6.202411651611328125e-02
1.136541366577148438e-01
1.038265228271484375e-01
8.447337150573730469e-02
9.957027435302734375e-02
1.234486103057861328e-01
5.704212188720703125e-02
9.176015853881835938e-02
6.472730636596679688e-02
2.783870697021484375e-02
6.459283828735351562e-02
8.086204528808593750e-02
1.085941791534423828e-01
8.150815963745117188e-02
7.125711441040039062e-02
6.719875335693359375e-02
6.697559356689453125e-02
5.301618576049804688e-02
8.938789367675781250e-02
7.468104362487792969e-02
1.172344684600830078e-01
