9.877734631299972534e-02
3.194980621337890625e-01
4.572072029113769531e-01
5.765765905380249023e-01
6.753539443016052246e-01
7.480695247650146484e-01
8.140283226966857910e-01
8.642213344573974609e-01
8.815959095954895020e-01
9.018661379814147949e-01
9.218146800994873047e-01
9.305019378662109375e-01
9.459459185600280762e-01
9.520592093467712402e-01
9.572072029113769531e-01
9.629986882209777832e-01
9.671814441680908203e-01
9.662162065505981445e-01
9.749034643173217773e-01
9.710424542427062988e-01
9.726512432098388672e-01
9.794079661369323730e-01
9.797297120094299316e-01
9.800514578819274902e-01
9.842342138290405273e-01
9.823037385940551758e-01
9.845559597015380859e-01
9.877734780311584473e-01
9.829472303390502930e-01
9.842342138290405273e-01
9.813385009765625000e-01
9.842342138290405273e-01
9.848777055740356445e-01
9.874517321586608887e-01
9.861647486686706543e-01
9.880952239036560059e-01
9.832689762115478516e-01
9.851995110511779785e-01
9.871299862861633301e-01
9.874517321586608887e-01
9.861647486686706543e-01
9.851995110511779785e-01
9.903475046157836914e-01
9.880952239036560059e-01
9.858430027961730957e-01
9.880952239036560059e-01
9.845559597015380859e-01
9.877734780311584473e-01
9.877734780311584473e-01
9.880952239036560059e-01
9.874517321586608887e-01
9.890604615211486816e-01
9.887387156486511230e-01
9.884169697761535645e-01
9.874517321586608887e-01
9.877734780311584473e-01
9.874517321586608887e-01
9.858430027961730957e-01
9.861647486686706543e-01
9.861647486686706543e-01
9.887387156486511230e-01
9.864864945411682129e-01
9.848777055740356445e-01
9.864864945411682129e-01
9.845559597015380859e-01
9.845559597015380859e-01
9.851995110511779785e-01
9.842342138290405273e-01
9.839124679565429688e-01
9.855212569236755371e-01
9.842342138290405273e-01
9.868082404136657715e-01
9.851995110511779785e-01
9.835907220840454102e-01
9.842342138290405273e-01
9.851995110511779785e-01
9.858430027961730957e-01
9.832689762115478516e-01
9.845559597015380859e-01
9.826254844665527344e-01
9.858430027961730957e-01
9.839124679565429688e-01
9.858430027961730957e-01
9.845559597015380859e-01
9.839124679565429688e-01
9.851995110511779785e-01
9.861647486686706543e-01
9.835907220840454102e-01
9.839124679565429688e-01
9.839124679565429688e-01
9.845559597015380859e-01
9.842342138290405273e-01
9.858430027961730957e-01
9.842342138290405273e-01
9.851995110511779785e-01
9.880952239036560059e-01
9.806950092315673828e-01
9.871299862861633301e-01
9.816602468490600586e-01
9.829472303390502930e-01
