2.317180211544036865e+02
2.414595000743865967e+02
2.525444695949554443e+02
2.510391049385070801e+02
2.746976678371429443e+02
2.279267790317535400e+02
2.786783211231231689e+02
2.290312874317169189e+02
2.831588666439056396e+02
2.507144846916198730e+02
2.438545002937316895e+02
2.323697652816772461e+02
2.574656243324279785e+02
2.520704762935638428e+02
2.309106149673461914e+02
2.528497419357299805e+02
2.279775781631469727e+02
2.317080676555633545e+02
2.264443559646606445e+02
2.312495126724243164e+02
2.296309771537780762e+02
2.273055498600006104e+02
2.630557625293731689e+02
2.305521996021270752e+02
2.297370045185089111e+02
2.681989133358001709e+02
2.480663561820983887e+02
2.285691277980804443e+02
2.294889237880706787e+02
2.279016213417053223e+02
2.691925599575042725e+02
2.297761209011077881e+02
2.694266042709350586e+02
2.297965078353881836e+02
2.771262679100036621e+02
2.285656635761260986e+02
2.301211595535278320e+02
2.278463547229766846e+02
2.665940034389495850e+02
2.326132276058197021e+02
2.281857056617736816e+02
2.273357620239257812e+02
2.560701582431793213e+02
2.492977232933044434e+02
2.292869281768798828e+02
2.865485754013061523e+02
2.491200256347656250e+02
2.499629814624786377e+02
2.348352415561676025e+02
2.322859463691711426e+02
2.766380257606506348e+02
2.273615984916687012e+02
2.319564647674560547e+02
2.682575631141662598e+02
2.530924220085144043e+02
2.303507750034332275e+02
2.261921193599700928e+02
2.289269354343414307e+02
2.308426010608673096e+02
2.306916542053222656e+02
2.285256927013397217e+02
2.309285106658935547e+02
2.617251029014587402e+02
2.550222485065460205e+02
2.302513866424560547e+02
2.312789738178253174e+02
2.309347486495971680e+02
2.841689226627349854e+02
2.533071463108062744e+02
2.882895860671997070e+02
2.276968791484832764e+02
2.330113723278045654e+02
2.276243057250976562e+02
2.297210681438446045e+02
2.302864816188812256e+02
2.258561437129974365e+02
2.315376853942871094e+02
2.298855180740356445e+02
2.292785127162933350e+02
2.356816279888153076e+02
2.305030944347381592e+02
2.323133955001831055e+02
2.255797321796417236e+02
2.321715021133422852e+02
2.256359782218933105e+02
2.573292853832244873e+02
2.507946016788482666e+02
2.741576769351959229e+02
2.288069903850555420e+02
2.298307771682739258e+02
2.275659220218658447e+02
2.330585935115814209e+02
2.646776914596557617e+02
2.301454274654388428e+02
2.258442597389221191e+02
2.296464090347290039e+02
2.641092607975006104e+02
2.544919013977050781e+02
2.462936956882476807e+02
2.693183155059814453e+02
