1.518981742858886719e+01
3.574516177177429199e+01
1.510075497627258301e+01
1.554610729217529297e+01
1.576228976249694824e+01
1.526282930374145508e+01
1.536995577812194824e+01
1.549484086036682129e+01
2.783813691139221191e+01
1.517092156410217285e+01
2.752968335151672363e+01
1.567032217979431152e+01
1.565074777603149414e+01
2.797668123245239258e+01
1.543150353431701660e+01
2.555468297004699707e+01
1.519118237495422363e+01
2.153319406509399414e+01
1.520921611785888672e+01
1.514945840835571289e+01
1.577363896369934082e+01
3.443348646163940430e+01
1.552175140380859375e+01
1.537102890014648438e+01
1.557346630096435547e+01
1.556781482696533203e+01
2.073006224632263184e+01
2.477837014198303223e+01
1.577976012229919434e+01
2.280783414840698242e+01
2.938272619247436523e+01
1.513606214523315430e+01
1.535587167739868164e+01
1.519300055503845215e+01
4.978737998008728027e+01
1.532494401931762695e+01
4.962486481666564941e+01
1.504770135879516602e+01
1.609902048110961914e+01
1.537627387046813965e+01
1.559628009796142578e+01
1.516775536537170410e+01
1.545478153228759766e+01
4.977313613891601562e+01
1.590962982177734375e+01
1.515664291381835938e+01
1.562116026878356934e+01
1.550325345993041992e+01
1.566504359245300293e+01
1.532513880729675293e+01
1.531797337532043457e+01
1.550996780395507812e+01
1.546537971496582031e+01
4.434340548515319824e+01
1.525714778900146484e+01
1.548893618583679199e+01
5.103086543083190918e+01
1.932554101943969727e+01
5.262803339958190918e+01
1.467612218856811523e+01
1.522055101394653320e+01
4.487818551063537598e+01
3.526399135589599609e+01
1.545331859588623047e+01
1.515385961532592773e+01
5.229107522964477539e+01
1.543329310417175293e+01
1.494257664680480957e+01
1.558805251121520996e+01
5.134192228317260742e+01
1.890822458267211914e+01
1.554315805435180664e+01
4.667662143707275391e+01
3.486153101921081543e+01
1.510929131507873535e+01
1.527730822563171387e+01
1.533707523345947266e+01
5.392720007896423340e+01
1.486113047599792480e+01
4.764288067817687988e+01
1.517274665832519531e+01
1.495830345153808594e+01
5.258203172683715820e+01
1.509714055061340332e+01
5.326189994812011719e+01
1.835408878326416016e+01
1.547302794456481934e+01
1.530217838287353516e+01
1.517565631866455078e+01
1.504869365692138672e+01
1.517906236648559570e+01
1.511290502548217773e+01
1.541188168525695801e+01
1.522247290611267090e+01
1.449172782897949219e+01
1.511910271644592285e+01
1.540098404884338379e+01
1.548982238769531250e+01
1.538717007637023926e+01
1.544836902618408203e+01
