5.006497621536254883e+00
4.811785697937011719e+00
5.089026212692260742e+00
4.813156127929687500e+00
5.067728281021118164e+00
4.992257595062255859e+00
4.889481306076049805e+00
4.867185354232788086e+00
4.966961622238159180e+00
4.836460590362548828e+00
4.825594425201416016e+00
4.657528638839721680e+00
4.750270128250122070e+00
4.906576395034790039e+00
6.633117437362670898e+00
4.874976634979248047e+00
5.047967433929443359e+00
5.119325876235961914e+00
5.101514816284179688e+00
5.112439155578613281e+00
4.905654191970825195e+00
5.025256395339965820e+00
4.961243152618408203e+00
4.911183834075927734e+00
1.384265828132629395e+01
4.890724420547485352e+00
4.876313686370849609e+00
5.142055273056030273e+00
5.196274042129516602e+00
4.738851785659790039e+00
4.908964633941650391e+00
5.055907487869262695e+00
4.874867916107177734e+00
1.492437696456909180e+01
4.847473859786987305e+00
5.093067884445190430e+00
5.218643903732299805e+00
4.988179922103881836e+00
4.949046850204467773e+00
4.948255062103271484e+00
4.910579919815063477e+00
4.834920167922973633e+00
4.770746946334838867e+00
4.814124822616577148e+00
4.717325687408447266e+00
5.032772064208984375e+00
2.454711508750915527e+01
4.760134696960449219e+00
5.118772506713867188e+00
1.504398131370544434e+01
