1.536265611648559570e+01
3.528148269653320312e+01
1.896756100654602051e+01
3.343200635910034180e+01
1.538771700859069824e+01
1.516909646987915039e+01
1.500783014297485352e+01
1.505797100067138672e+01
1.526633739471435547e+01
1.558252000808715820e+01
1.535759091377258301e+01
2.491031622886657715e+01
1.505528855323791504e+01
1.557518482208251953e+01
2.204647254943847656e+01
1.555758357048034668e+01
2.455882859230041504e+01
1.566096949577331543e+01
2.565348720550537109e+01
1.883040118217468262e+01
2.461353516578674316e+01
1.851691770553588867e+01
2.558501195907592773e+01
1.838193821907043457e+01
1.532138013839721680e+01
3.076121902465820312e+01
1.910622453689575195e+01
1.562657141685485840e+01
1.541780328750610352e+01
1.591985607147216797e+01
1.548875141143798828e+01
1.524386525154113770e+01
2.836836934089660645e+01
1.587034535408020020e+01
3.029566764831542969e+01
1.542313504219055176e+01
2.805145072937011719e+01
1.540978884696960449e+01
1.477691292762756348e+01
1.530181789398193359e+01
1.534689307212829590e+01
1.533422136306762695e+01
1.522649359703063965e+01
1.510086870193481445e+01
1.527596163749694824e+01
1.504137349128723145e+01
1.542890882492065430e+01
1.520981788635253906e+01
1.540136194229125977e+01
1.511532235145568848e+01
2.097050356864929199e+01
1.491948938369750977e+01
2.368774342536926270e+01
3.016114735603332520e+01
1.953041458129882812e+01
1.519912099838256836e+01
1.487768626213073730e+01
1.547609639167785645e+01
2.326040983200073242e+01
1.522831392288208008e+01
2.580633568763732910e+01
1.885347342491149902e+01
1.477245545387268066e+01
1.518075728416442871e+01
2.557970857620239258e+01
1.561901664733886719e+01
2.502697396278381348e+01
1.539039325714111328e+01
1.506431913375854492e+01
2.246845030784606934e+01
3.106191158294677734e+01
1.515883350372314453e+01
3.175166845321655273e+01
1.703254604339599609e+01
1.510402631759643555e+01
2.866956806182861328e+01
1.922331094741821289e+01
1.513350844383239746e+01
1.526112151145935059e+01
2.448937678337097168e+01
1.724220132827758789e+01
1.537006688117980957e+01
1.478972125053405762e+01
1.511853051185607910e+01
1.569722867012023926e+01
1.503638267517089844e+01
2.239312982559204102e+01
1.545809412002563477e+01
2.569298744201660156e+01
1.560430192947387695e+01
2.368510103225708008e+01
1.721659994125366211e+01
1.504880928993225098e+01
1.529201626777648926e+01
1.526398324966430664e+01
1.531030321121215820e+01
1.529630208015441895e+01
1.498613905906677246e+01
1.496545934677124023e+01
1.515471887588500977e+01
