1.682881045341491699e+01
1.649437665939331055e+01
4.094758009910583496e+01
2.046963191032409668e+01
3.062246751785278320e+01
4.090293073654174805e+01
2.043083810806274414e+01
4.091843438148498535e+01
1.637828803062438965e+01
2.126164197921752930e+01
4.088335728645324707e+01
4.090470600128173828e+01
2.042418050765991211e+01
2.025701761245727539e+01
4.090982937812805176e+01
2.043510746955871582e+01
4.086240887641906738e+01
2.046898221969604492e+01
3.110761737823486328e+01
2.589214634895324707e+01
3.368597674369812012e+01
2.358916831016540527e+01
2.631544947624206543e+01
2.429891538619995117e+01
3.135607624053955078e+01
4.089527821540832520e+01
1.788606262207031250e+01
2.378980755805969238e+01
1.653144383430480957e+01
3.367223000526428223e+01
1.642228317260742188e+01
3.303667998313903809e+01
2.684857892990112305e+01
3.118142843246459961e+01
2.779157423973083496e+01
2.901466965675354004e+01
4.087551045417785645e+01
1.649557399749755859e+01
3.323262000083923340e+01
3.191461467742919922e+01
4.092758464813232422e+01
2.234029126167297363e+01
3.513416099548339844e+01
4.091529917716979980e+01
1.941693043708801270e+01
4.094806504249572754e+01
2.045305991172790527e+01
2.274120736122131348e+01
3.227169561386108398e+01
1.654096651077270508e+01
3.357506418228149414e+01
2.627860808372497559e+01
3.207743358612060547e+01
3.167922496795654297e+01
4.089498734474182129e+01
1.815511775016784668e+01
3.000974082946777344e+01
4.093461132049560547e+01
2.038225555419921875e+01
2.159734225273132324e+01
3.144945979118347168e+01
4.090504693984985352e+01
1.656672596931457520e+01
2.743116545677185059e+01
3.031339693069458008e+01
2.483248567581176758e+01
2.995095849037170410e+01
4.090812587738037109e+01
1.752406239509582520e+01
2.884981155395507812e+01
3.017448163032531738e+01
4.090864872932434082e+01
2.043741917610168457e+01
3.180330610275268555e+01
2.243789649009704590e+01
3.314519453048706055e+01
2.766808462142944336e+01
3.344568181037902832e+01
4.090338706970214844e+01
1.899936103820800781e+01
4.087399387359619141e+01
2.043984770774841309e+01
2.446218514442443848e+01
4.089162158966064453e+01
2.033654618263244629e+01
4.091999483108520508e+01
2.623144912719726562e+01
2.351623487472534180e+01
4.090845704078674316e+01
1.653453230857849121e+01
4.090161395072937012e+01
1.904756593704223633e+01
4.090380382537841797e+01
4.087803530693054199e+01
2.043701267242431641e+01
3.213745117187500000e+01
2.490219616889953613e+01
3.064276099205017090e+01
2.493058204650878906e+01
4.088526129722595215e+01
