2.619139299392700195e+02
2.412167625427246094e+02
2.707306985855102539e+02
2.912466249465942383e+02
2.788877408504486084e+02
2.786666152477264404e+02
2.859812223911285400e+02
2.756597683429718018e+02
2.865777816772460938e+02
2.771417360305786133e+02
2.618664362430572510e+02
2.636046514511108398e+02
2.941697754859924316e+02
2.757017571926116943e+02
2.844687609672546387e+02
2.989019498825073242e+02
2.538595297336578369e+02
2.865578718185424805e+02
3.218829834461212158e+02
2.463858013153076172e+02
3.218655762672424316e+02
2.393234550952911377e+02
2.952603044509887695e+02
2.726632611751556396e+02
2.627702970504760742e+02
2.971667559146881104e+02
2.702971792221069336e+02
2.563121228218078613e+02
3.218672842979431152e+02
2.618746044635772705e+02
3.219012978076934814e+02
2.397918152809143066e+02
2.915566632747650146e+02
2.930263602733612061e+02
2.645089535713195801e+02
2.999052803516387939e+02
2.449593155384063721e+02
2.809630837440490723e+02
3.218530962467193604e+02
2.405649826526641846e+02
2.821493659019470215e+02
3.218713340759277344e+02
2.360245947837829590e+02
2.790167639255523682e+02
2.866795723438262939e+02
3.218586108684539795e+02
2.397284972667694092e+02
3.218547422885894775e+02
2.618772475719451904e+02
2.618573186397552490e+02
2.618999428749084473e+02
2.619069540500640869e+02
2.618931417465209961e+02
2.554245445728302002e+02
2.872106137275695801e+02
3.218582115173339844e+02
2.618718187808990479e+02
3.218665986061096191e+02
2.618755853176116943e+02
2.618171052932739258e+02
3.218608155250549316e+02
2.488525328636169434e+02
2.618597810268402100e+02
2.809748384952545166e+02
2.774082496166229248e+02
2.841507661342620850e+02
2.760894105434417725e+02
2.786983175277709961e+02
3.218530552387237549e+02
2.398787746429443359e+02
2.791214241981506348e+02
3.218730573654174805e+02
2.390645089149475098e+02
3.218792853355407715e+02
2.378207149505615234e+02
2.780214519500732422e+02
2.818511996269226074e+02
3.218677096366882324e+02
2.618861627578735352e+02
2.621378579139709473e+02
2.815578274726867676e+02
2.946642870903015137e+02
2.646373226642608643e+02
2.835564076900482178e+02
3.218566913604736328e+02
2.618944070339202881e+02
3.218657567501068115e+02
2.619001748561859131e+02
2.618666882514953613e+02
2.812941131591796875e+02
2.619338159561157227e+02
3.218664374351501465e+02
2.618890011310577393e+02
2.511187679767608643e+02
2.909611194133758545e+02
3.218544726371765137e+02
2.618795912265777588e+02
2.591337847709655762e+02
2.777890629768371582e+02
3.218769009113311768e+02
