3.457522392272949219e-02
4.951643943786621094e-02
2.510929107666015625e-02
7.400441169738769531e-02
3.441596031188964844e-02
7.182812690734863281e-02
3.382635116577148438e-02
6.757473945617675781e-02
4.953932762145996094e-02
3.308749198913574219e-02
2.288842201232910156e-02
1.053431034088134766e-01
7.692503929138183594e-02
7.049441337585449219e-02
4.288601875305175781e-02
6.742954254150390625e-02
1.104183197021484375e-01
3.155446052551269531e-02
7.970809936523437500e-02
3.383255004882812500e-02
1.076674461364746094e-02
6.680917739868164062e-02
5.744147300720214844e-02
4.275631904602050781e-02
3.253364562988281250e-02
2.972126007080078125e-03
4.638624191284179688e-02
6.453156471252441406e-02
3.041601181030273438e-02
2.753925323486328125e-02
9.675621986389160156e-02
5.726790428161621094e-02
2.702236175537109375e-02
6.499600410461425781e-02
2.679347991943359375e-02
2.619433403015136719e-02
5.314469337463378906e-02
2.096104621887207031e-02
4.723119735717773438e-02
6.295847892761230469e-02
1.270515918731689453e-01
4.935312271118164062e-02
5.640411376953125000e-02
5.856919288635253906e-02
3.192019462585449219e-02
1.356220245361328125e-02
3.891444206237792969e-02
3.648114204406738281e-02
3.002738952636718750e-02
1.074965000152587891e-01
5.516409873962402344e-02
2.920150756835937500e-02
8.519053459167480469e-02
1.626873016357421875e-02
5.262398719787597656e-02
9.665679931640625000e-02
5.329370498657226562e-02
4.163646697998046875e-02
6.053566932678222656e-02
2.765154838562011719e-02
5.996894836425781250e-02
5.040693283081054688e-02
6.613278388977050781e-02
4.401731491088867188e-02
7.292628288269042969e-02
3.456950187683105469e-02
6.181001663208007812e-02
4.259586334228515625e-02
2.202796936035156250e-02
5.679392814636230469e-02
9.628319740295410156e-02
1.081132888793945312e-01
1.464414596557617188e-02
7.987833023071289062e-02
5.200600624084472656e-02
7.736849784851074219e-02
3.839039802551269531e-02
5.291008949279785156e-02
4.358339309692382812e-02
3.744244575500488281e-02
7.287287712097167969e-02
4.139542579650878906e-02
3.746080398559570312e-02
1.517534255981445312e-02
9.930419921875000000e-02
1.559541225433349609e-01
6.963205337524414062e-02
3.760814666748046875e-02
2.561020851135253906e-02
2.598714828491210938e-02
1.499960422515869141e-01
4.937505722045898438e-02
2.718520164489746094e-02
5.362558364868164062e-02
5.623555183410644531e-02
1.937270164489746094e-02
9.505677223205566406e-02
9.122610092163085938e-02
6.071400642395019531e-02
7.295203208923339844e-02
