2.199057340621948242e+00
1.790963053703308105e+00
1.362977027893066406e+00
1.276660203933715820e+00
1.258571267127990723e+00
1.229251861572265625e+00
1.166732788085937500e+00
1.104164361953735352e+00
1.052386760711669922e+00
9.918386340141296387e-01
9.565928578376770020e-01
9.538162946701049805e-01
8.975343108177185059e-01
8.910083174705505371e-01
8.584750890731811523e-01
8.988530039787292480e-01
8.443406224250793457e-01
8.262969851493835449e-01
8.269631266593933105e-01
8.118051886558532715e-01
8.191136121749877930e-01
8.259547352790832520e-01
8.127811551094055176e-01
8.106838464736938477e-01
7.874313592910766602e-01
7.828735709190368652e-01
7.773445844650268555e-01
7.835478782653808594e-01
7.716645002365112305e-01
7.700272798538208008e-01
7.661615014076232910e-01
7.642978429794311523e-01
7.633552551269531250e-01
7.579701542854309082e-01
7.587386369705200195e-01
7.547931075096130371e-01
7.544661760330200195e-01
7.523269653320312500e-01
7.501471638679504395e-01
7.487221360206604004e-01
7.487085461616516113e-01
7.468150854110717773e-01
7.469226121902465820e-01
7.463570237159729004e-01
7.454422116279602051e-01
7.455379962921142578e-01
7.435293793678283691e-01
7.435565590858459473e-01
7.429115176200866699e-01
7.422612905502319336e-01
7.428508996963500977e-01
7.411992549896240234e-01
7.408626675605773926e-01
7.403414249420166016e-01
7.404527068138122559e-01
7.402898073196411133e-01
7.396953701972961426e-01
7.394946217536926270e-01
7.396073341369628906e-01
7.392413020133972168e-01
7.395810484886169434e-01
7.389401793479919434e-01
7.387393712997436523e-01
7.387247085571289062e-01
7.384256720542907715e-01
7.383643984794616699e-01
7.383548021316528320e-01
7.381024956703186035e-01
7.381249666213989258e-01
7.382539510726928711e-01
7.379856109619140625e-01
7.378553152084350586e-01
7.378575801849365234e-01
7.378302812576293945e-01
7.377991676330566406e-01
7.377461791038513184e-01
7.377821207046508789e-01
7.376746535301208496e-01
7.376434803009033203e-01
7.376151084899902344e-01
7.375978231430053711e-01
7.375962734222412109e-01
7.375622391700744629e-01
7.375983595848083496e-01
7.375165820121765137e-01
7.375096678733825684e-01
7.375127673149108887e-01
7.374681830406188965e-01
7.374589443206787109e-01
7.374568581581115723e-01
7.374476790428161621e-01
7.374386787414550781e-01
7.374333143234252930e-01
7.374241948127746582e-01
7.374259233474731445e-01
7.374143600463867188e-01
7.374078035354614258e-01
7.374011278152465820e-01
7.373984456062316895e-01
7.373976111412048340e-01
