8.862188100814819336e+00
8.941526412963867188e+00
1.873122501373291016e+01
8.946097850799560547e+00
8.884236574172973633e+00
8.958243131637573242e+00
8.920847892761230469e+00
8.886712074279785156e+00
8.925389766693115234e+00
8.933871507644653320e+00
8.937047958374023438e+00
8.878596782684326172e+00
8.893207311630249023e+00
8.868362903594970703e+00
1.878398013114929199e+01
8.798211097717285156e+00
1.860704159736633301e+01
1.873538780212402344e+01
8.816424608230590820e+00
1.868654942512512207e+01
8.862439632415771484e+00
1.858600544929504395e+01
8.909308195114135742e+00
8.922342777252197266e+00
8.916366338729858398e+00
8.846415996551513672e+00
1.867874407768249512e+01
1.864272403717041016e+01
8.896258831024169922e+00
1.860715842247009277e+01
1.846601557731628418e+01
8.880320310592651367e+00
1.856850695610046387e+01
8.857846736907958984e+00
8.761502265930175781e+00
8.795661211013793945e+00
8.784745454788208008e+00
1.867019820213317871e+01
1.864259123802185059e+01
8.830073833465576172e+00
8.867668867111206055e+00
1.851250457763671875e+01
8.969160318374633789e+00
1.852078294754028320e+01
8.851322174072265625e+00
1.864265227317810059e+01
1.873143982887268066e+01
8.810183286666870117e+00
1.867474484443664551e+01
8.798439264297485352e+00
