1.946589499711990356e-01
3.478120863437652588e-01
4.633204638957977295e-01
5.704632997512817383e-01
6.644144058227539062e-01
7.249034643173217773e-01
8.005148172378540039e-01
8.404118418693542480e-01
8.951094150543212891e-01
9.147361516952514648e-01
9.440154433250427246e-01
9.726512432098388672e-01
9.790862202644348145e-01
9.884169697761535645e-01
9.919562339782714844e-01
9.954954981803894043e-01
9.974259734153747559e-01
9.971042275428771973e-01
9.983912706375122070e-01
9.993565082550048828e-01
9.996782541275024414e-01
9.990347623825073242e-01
9.990347623825073242e-01
9.993565082550048828e-01
9.990347623825073242e-01
9.993565082550048828e-01
1.000000000000000000e+00
9.993565082550048828e-01
9.983912706375122070e-01
9.977477192878723145e-01
9.990347623825073242e-01
1.000000000000000000e+00
9.993565082550048828e-01
9.990347623825073242e-01
9.993565082550048828e-01
9.996782541275024414e-01
1.000000000000000000e+00
9.993565082550048828e-01
9.993565082550048828e-01
9.980695247650146484e-01
9.974259734153747559e-01
9.990347623825073242e-01
1.000000000000000000e+00
9.977477192878723145e-01
9.996782541275024414e-01
1.000000000000000000e+00
1.000000000000000000e+00
9.996782541275024414e-01
9.996782541275024414e-01
9.996782541275024414e-01
9.987130165100097656e-01
9.996782541275024414e-01
1.000000000000000000e+00
1.000000000000000000e+00
1.000000000000000000e+00
9.996782541275024414e-01
1.000000000000000000e+00
9.996782541275024414e-01
9.993565082550048828e-01
1.000000000000000000e+00
1.000000000000000000e+00
9.996782541275024414e-01
1.000000000000000000e+00
9.996782541275024414e-01
1.000000000000000000e+00
1.000000000000000000e+00
1.000000000000000000e+00
1.000000000000000000e+00
1.000000000000000000e+00
1.000000000000000000e+00
9.996782541275024414e-01
9.990347623825073242e-01
9.996782541275024414e-01
1.000000000000000000e+00
1.000000000000000000e+00
1.000000000000000000e+00
1.000000000000000000e+00
1.000000000000000000e+00
1.000000000000000000e+00
9.987130165100097656e-01
1.000000000000000000e+00
9.996782541275024414e-01
9.996782541275024414e-01
9.996782541275024414e-01
1.000000000000000000e+00
9.996782541275024414e-01
9.996782541275024414e-01
1.000000000000000000e+00
1.000000000000000000e+00
9.996782541275024414e-01
1.000000000000000000e+00
1.000000000000000000e+00
9.996782541275024414e-01
1.000000000000000000e+00
9.993565082550048828e-01
9.983912706375122070e-01
9.967824816703796387e-01
9.987130165100097656e-01
9.987130165100097656e-01
9.987130165100097656e-01
