8.408914208412170410e-01
9.107180833816528320e-01
8.376724720001220703e-01
8.697205781936645508e-01
8.869119286537170410e-01
8.920056819915771484e-01
9.100106358528137207e-01
9.100459814071655273e-01
9.061195850372314453e-01
9.121329784393310547e-01
9.238415360450744629e-01
9.251856803894042969e-01
9.253271818161010742e-01
9.258577823638916016e-01
9.226742386817932129e-01
9.273434877395629883e-01
9.242659807205200195e-01
9.298903346061706543e-01
9.256101846694946289e-01
9.249027371406555176e-01
9.285815358161926270e-01
9.314821362495422363e-01
9.320834875106811523e-01
9.357976913452148438e-01
9.383445382118225098e-01
9.360098838806152344e-01
9.461973905563354492e-01
9.447824358940124512e-01
9.484966397285461426e-01
9.492394924163818359e-01
9.517863392829895020e-01
9.517863392829895020e-01
9.519985914230346680e-01
9.527767896652221680e-01
9.530597925186157227e-01
9.533427953720092773e-01
9.552529454231262207e-01
9.566678404808044434e-01
9.576936960220336914e-01
9.578705430030822754e-01
9.585072398185729980e-01
9.586487412452697754e-01
9.587548375129699707e-01
9.588963389396667480e-01
9.592500925064086914e-01
9.591085910797119141e-01
9.584364891052246094e-01
9.590732455253601074e-01
9.590024948120117188e-01
9.586841464042663574e-01
