1.511600017547607422e-01
2.258956432342529297e-01
1.609756946563720703e-01
1.311404705047607422e-01
1.089222431182861328e-01
1.230618953704833984e-01
1.647799015045166016e-01
1.549322605133056641e-01
2.279150485992431641e-01
1.240084171295166016e-01
9.923195838928222656e-02
2.014994621276855469e-01
1.596071720123291016e-01
1.044249534606933594e-01
9.790563583374023438e-02
1.005940437316894531e-01
1.892790794372558594e-01
1.781449317932128906e-01
7.750320434570312500e-02
1.613600254058837891e-01
9.718918800354003906e-02
1.285858154296875000e-01
6.167101860046386719e-02
8.979415893554687500e-02
9.951543807983398438e-02
1.359612941741943359e-01
7.919859886169433594e-02
1.310322284698486328e-01
1.225895881652832031e-01
1.730294227600097656e-01
1.158692836761474609e-01
1.005933284759521484e-01
2.267017364501953125e-01
1.487755775451660156e-01
1.092209815979003906e-01
8.444046974182128906e-02
8.541560173034667969e-02
1.644744873046875000e-01
1.373832225799560547e-01
2.283160686492919922e-01
9.087347984313964844e-02
1.834702491760253906e-01
2.122087478637695312e-01
1.884775161743164062e-01
1.507945060729980469e-01
6.401276588439941406e-02
2.374601364135742188e-01
1.988749504089355469e-01
1.400928497314453125e-01
1.317572593688964844e-01
1.537656784057617188e-01
1.083166599273681641e-01
1.292943954467773438e-01
1.665210723876953125e-01
1.433227062225341797e-01
1.608207225799560547e-01
1.819260120391845703e-01
1.022665500640869141e-01
1.836783885955810547e-01
1.342554092407226562e-01
9.112119674682617188e-02
2.198266983032226562e-01
1.327846050262451172e-01
1.291413307189941406e-01
2.655344009399414062e-01
1.586217880249023438e-01
1.719169616699218750e-01
1.961429119110107422e-01
1.843497753143310547e-01
1.142230033874511719e-01
2.499103546142578125e-01
2.010283470153808594e-01
6.524515151977539062e-02
1.084189414978027344e-01
1.917996406555175781e-01
2.352697849273681641e-01
1.234409809112548828e-01
1.425969600677490234e-01
1.452801227569580078e-01
1.206023693084716797e-01
6.201171875000000000e-02
1.942086219787597656e-01
2.890708446502685547e-01
2.238399982452392578e-01
1.048259735107421875e-01
2.009291648864746094e-01
2.842714786529541016e-01
1.553821563720703125e-01
7.287454605102539062e-02
2.195527553558349609e-01
1.386871337890625000e-01
1.775352954864501953e-01
2.237675189971923828e-01
1.086151599884033203e-01
1.437544822692871094e-01
7.122898101806640625e-02
2.252185344696044922e-01
1.225728988647460938e-01
1.689424514770507812e-01
9.473085403442382812e-02
