1.940953135490417480e+00
1.290617942810058594e+00
9.937595129013061523e-01
8.163303136825561523e-01
6.679521203041076660e-01
5.713289380073547363e-01
4.880602061748504639e-01
4.171724617481231689e-01
3.705838620662689209e-01
3.326089382171630859e-01
3.015227317810058594e-01
2.787655591964721680e-01
2.512476146221160889e-01
2.346075922250747681e-01
2.192425280809402466e-01
2.137618809938430786e-01
1.921669244766235352e-01
1.863261908292770386e-01
1.860854625701904297e-01
1.664728820323944092e-01
1.777916997671127319e-01
1.659594923257827759e-01
1.698444634675979614e-01
1.576192975044250488e-01
1.521126627922058105e-01
1.540196985006332397e-01
1.419071704149246216e-01
1.453937888145446777e-01
1.377135366201400757e-01
1.455080211162567139e-01
1.376165598630905151e-01
1.372930109500885010e-01
1.323747038841247559e-01
1.335540562868118286e-01
1.338689923286437988e-01
1.240739002823829651e-01
1.282514631748199463e-01
1.285531073808670044e-01
1.260966658592224121e-01
1.244320869445800781e-01
1.318287253379821777e-01
1.247391775250434875e-01
1.289740949869155884e-01
1.289013773202896118e-01
1.330665647983551025e-01
1.302985548973083496e-01
1.289463937282562256e-01
1.236685290932655334e-01
1.229254230856895447e-01
1.365543305873870850e-01
1.304592490196228027e-01
1.381081491708755493e-01
1.236354112625122070e-01
1.283134371042251587e-01
1.257791668176651001e-01
1.324587464332580566e-01
1.330915540456771851e-01
1.246337965130805969e-01
1.345196962356567383e-01
1.274519562721252441e-01
1.222942471504211426e-01
1.280016303062438965e-01
1.269606053829193115e-01
1.257293671369552612e-01
1.338241696357727051e-01
1.255006194114685059e-01
1.326616853475570679e-01
1.267828792333602905e-01
1.277776658535003662e-01
1.319102644920349121e-01
1.310172230005264282e-01
1.303389668464660645e-01
1.291542649269104004e-01
1.267110258340835571e-01
1.298956125974655151e-01
1.305645108222961426e-01
1.302319914102554321e-01
1.361328363418579102e-01
1.329935491085052490e-01
1.279783546924591064e-01
1.299279928207397461e-01
1.307891756296157837e-01
1.312509030103683472e-01
1.286124140024185181e-01
1.377756893634796143e-01
1.312330961227416992e-01
1.299177706241607666e-01
1.322687268257141113e-01
1.335539072751998901e-01
1.294662058353424072e-01
1.442739665508270264e-01
1.311383396387100220e-01
1.282953768968582153e-01
1.327543258666992188e-01
1.301615089178085327e-01
1.286597698926925659e-01
1.318583786487579346e-01
1.311963498592376709e-01
1.328163444995880127e-01
1.305550038814544678e-01
