3.626651673316955566e+02
3.818664457798004150e+02
3.637677161693572998e+02
3.818705151081085205e+02
3.818300919532775879e+02
3.818597030639648438e+02
3.818610129356384277e+02
3.818388781547546387e+02
4.418602459430694580e+02
3.609033255577087402e+02
3.992983453273773193e+02
4.051487007141113281e+02
4.009273147583007812e+02
4.418502926826477051e+02
3.661668102741241455e+02
4.418350186347961426e+02
3.798862268924713135e+02
4.418628776073455811e+02
3.818380267620086670e+02
3.687676260471343994e+02
4.418505539894104004e+02
3.731363978385925293e+02
4.099747152328491211e+02
4.418542411327362061e+02
3.721609146595001221e+02
4.418236753940582275e+02
3.982382431030273438e+02
4.418631496429443359e+02
3.781974940299987793e+02
4.200115370750427246e+02
4.051389863491058350e+02
4.418423814773559570e+02
4.418691370487213135e+02
3.612407829761505127e+02
4.043259818553924561e+02
4.168343553543090820e+02
4.129445681571960449e+02
4.418301029205322266e+02
4.418417842388153076e+02
3.818522343635559082e+02
4.063088796138763428e+02
4.418586850166320801e+02
3.891234703063964844e+02
4.138188643455505371e+02
4.418303637504577637e+02
3.737251639366149902e+02
4.143946962356567383e+02
4.418598444461822510e+02
3.632721331119537354e+02
4.418453576564788818e+02
3.783847606182098389e+02
3.928898980617523193e+02
4.177148261070251465e+02
4.418682386875152588e+02
3.818595869541168213e+02
4.418565330505371094e+02
3.743164024353027344e+02
4.018857893943786621e+02
4.418438482284545898e+02
3.608530933856964111e+02
4.031248226165771484e+02
4.418435640335083008e+02
3.818335835933685303e+02
4.418653552532196045e+02
3.818854515552520752e+02
3.847770452499389648e+02
4.418577315807342529e+02
3.799015824794769287e+02
4.093053796291351318e+02
4.418187463283538818e+02
4.418477618694305420e+02
3.599504311084747314e+02
4.175328459739685059e+02
3.818918914794921875e+02
3.657317719459533691e+02
4.418473734855651855e+02
3.604021391868591309e+02
4.418587009906768799e+02
3.818632049560546875e+02
4.418681540489196777e+02
3.818903625011444092e+02
3.818520495891571045e+02
4.418624749183654785e+02
3.818458931446075439e+02
3.818651185035705566e+02
3.609378798007965088e+02
3.700666708946228027e+02
3.693651762008666992e+02
4.418381457328796387e+02
3.818467166423797607e+02
4.418805668354034424e+02
3.818450553417205811e+02
4.003225429058074951e+02
4.039602358341217041e+02
4.418586096763610840e+02
3.818297543525695801e+02
4.418547763824462891e+02
3.818434846401214600e+02
4.418559432029724121e+02
3.818682889938354492e+02
