5.217041254043579102e+00
4.521575927734375000e+00
4.932910442352294922e+00
4.954352140426635742e+00
4.816107273101806641e+00
5.009915351867675781e+00
5.172393083572387695e+00
5.292188405990600586e+00
5.049820423126220703e+00
4.920584201812744141e+00
4.965691804885864258e+00
4.993259191513061523e+00
5.012824773788452148e+00
5.031594276428222656e+00
4.856281280517578125e+00
5.225126743316650391e+00
5.082174062728881836e+00
5.053484916687011719e+00
4.800373554229736328e+00
1.348093438148498535e+01
5.186228990554809570e+00
5.168417453765869141e+00
4.983936071395874023e+00
5.058234214782714844e+00
5.104106903076171875e+00
4.950725317001342773e+00
4.783808946609497070e+00
5.102554082870483398e+00
5.127172708511352539e+00
5.054478168487548828e+00
5.091528415679931641e+00
4.999619960784912109e+00
5.053516387939453125e+00
5.285118579864501953e+00
4.997871875762939453e+00
5.126119852066040039e+00
5.118070840835571289e+00
5.105535984039306641e+00
4.732973575592041016e+00
5.050471305847167969e+00
4.877905607223510742e+00
4.930373907089233398e+00
5.021612882614135742e+00
5.076834440231323242e+00
5.054481744766235352e+00
4.882957458496093750e+00
4.960406541824340820e+00
4.977039098739624023e+00
5.017784357070922852e+00
5.098729372024536133e+00
