5.700418949127197266e-01
9.558210372924804688e-01
8.224976062774658203e-01
6.393992900848388672e-01
7.440304756164550781e-01
7.107067108154296875e-01
5.332720279693603516e-01
4.316306114196777344e-01
6.360867023468017578e-01
7.961759567260742188e-01
8.444650173187255859e-01
7.118270397186279297e-01
6.806499958038330078e-01
8.109591007232666016e-01
7.800030708312988281e-01
5.700850486755371094e-01
6.887960433959960938e-01
6.462550163269042969e-01
9.919862747192382812e-01
7.055592536926269531e-01
7.532074451446533203e-01
6.435611248016357422e-01
5.952079296112060547e-01
6.289949417114257812e-01
7.102081775665283203e-01
8.665437698364257812e-01
8.264267444610595703e-01
6.163237094879150391e-01
7.648220062255859375e-01
7.466444969177246094e-01
7.400882244110107422e-01
6.592187881469726562e-01
7.948441505432128906e-01
6.707193851470947266e-01
5.997114181518554688e-01
7.323553562164306641e-01
7.106571197509765625e-01
6.672687530517578125e-01
9.228746891021728516e-01
7.585058212280273438e-01
7.172601222991943359e-01
6.646988391876220703e-01
6.565794944763183594e-01
7.988910675048828125e-01
6.484296321868896484e-01
8.734815120697021484e-01
8.346216678619384766e-01
7.951629161834716797e-01
7.092337608337402344e-01
5.908160209655761719e-01
