1.799073052406311035e+01
1.782036256790161133e+01
1.786922240257263184e+01
1.787554693222045898e+01
1.771230792999267578e+01
1.780265808105468750e+01
1.792221617698669434e+01
1.784888744354248047e+01
1.785650324821472168e+01
1.787644195556640625e+01
1.790070652961730957e+01
1.798312258720397949e+01
1.778304576873779297e+01
1.783768391609191895e+01
1.793703413009643555e+01
1.788858795166015625e+01
1.792689800262451172e+01
1.785554480552673340e+01
1.788481450080871582e+01
1.791982269287109375e+01
1.798296666145324707e+01
1.783581471443176270e+01
1.789734506607055664e+01
1.766322135925292969e+01
1.780468821525573730e+01
1.784000229835510254e+01
1.784086441993713379e+01
1.785262370109558105e+01
1.951531314849853516e+01
1.784391236305236816e+01
1.793842077255249023e+01
1.799933171272277832e+01
1.782872962951660156e+01
1.782041358947753906e+01
1.784243440628051758e+01
1.797615098953247070e+01
1.791630554199218750e+01
1.787993216514587402e+01
1.964071631431579590e+01
1.779667663574218750e+01
1.782124543190002441e+01
1.791381645202636719e+01
1.785568070411682129e+01
1.781113314628601074e+01
1.775306296348571777e+01
1.781745362281799316e+01
1.783500576019287109e+01
1.785273933410644531e+01
1.783095526695251465e+01
1.797175121307373047e+01
1.791065454483032227e+01
1.788753104209899902e+01
1.784115552902221680e+01
1.776784682273864746e+01
1.763053321838378906e+01
1.776138043403625488e+01
1.782604622840881348e+01
1.779951786994934082e+01
1.784268164634704590e+01
1.787124848365783691e+01
1.778634428977966309e+01
1.773754477500915527e+01
1.779103994369506836e+01
1.771971011161804199e+01
1.777117133140563965e+01
1.792377161979675293e+01
1.769186019897460938e+01
1.787624001502990723e+01
1.781806778907775879e+01
1.780704808235168457e+01
1.788197779655456543e+01
1.781793355941772461e+01
1.949829936027526855e+01
1.783043026924133301e+01
1.783673310279846191e+01
1.768637824058532715e+01
1.776896548271179199e+01
1.767996931076049805e+01
1.782259678840637207e+01
1.774462151527404785e+01
1.778597378730773926e+01
1.781818485260009766e+01
1.778611159324645996e+01
1.772667884826660156e+01
1.786601543426513672e+01
1.779690551757812500e+01
1.771457839012145996e+01
1.778171157836914062e+01
1.786260080337524414e+01
1.771077299118041992e+01
1.801875066757202148e+01
1.779484748840332031e+01
1.774967432022094727e+01
1.786725950241088867e+01
1.790111207962036133e+01
1.783756256103515625e+01
1.781897020339965820e+01
1.780246996879577637e+01
1.782350230216979980e+01
1.779465723037719727e+01
