2.205443143844604492e+00
1.978677630424499512e+00
1.563764810562133789e+00
1.485502600669860840e+00
1.427485346794128418e+00
1.362762212753295898e+00
1.325343489646911621e+00
1.341752409934997559e+00
1.257143616676330566e+00
1.243457436561584473e+00
1.206342816352844238e+00
1.189382910728454590e+00
1.171148777008056641e+00
1.153627634048461914e+00
1.151390314102172852e+00
1.159938454627990723e+00
1.120665907859802246e+00
1.167639493942260742e+00
1.107993483543395996e+00
1.121250152587890625e+00
1.071751117706298828e+00
1.096324086189270020e+00
1.072744607925415039e+00
1.068217873573303223e+00
1.031984806060791016e+00
1.022750735282897949e+00
1.026134014129638672e+00
1.016427993774414062e+00
1.002392053604125977e+00
1.009244084358215332e+00
1.005263805389404297e+00
1.019856095314025879e+00
9.862964749336242676e-01
9.587634801864624023e-01
9.732368588447570801e-01
9.389325976371765137e-01
9.225432872772216797e-01
9.225502014160156250e-01
9.313583970069885254e-01
9.405924081802368164e-01
9.253829121589660645e-01
9.074375629425048828e-01
9.055740237236022949e-01
9.127843976020812988e-01
9.740102291107177734e-01
8.883943557739257812e-01
8.636969923973083496e-01
8.504844307899475098e-01
8.394603729248046875e-01
8.253173828125000000e-01
8.825242519378662109e-01
8.713521957397460938e-01
8.226447701454162598e-01
8.185513019561767578e-01
8.030674457550048828e-01
8.231077790260314941e-01
8.008170723915100098e-01
7.732660770416259766e-01
8.704922199249267578e-01
8.043294548988342285e-01
7.601747512817382812e-01
7.778078317642211914e-01
7.503139972686767578e-01
7.544187903404235840e-01
7.336946129798889160e-01
7.651839852333068848e-01
7.406585216522216797e-01
7.194960117340087891e-01
6.913597583770751953e-01
7.139630317687988281e-01
7.074828743934631348e-01
6.823492646217346191e-01
7.125528454780578613e-01
6.748016476631164551e-01
6.816223859786987305e-01
6.988748311996459961e-01
7.844936847686767578e-01
7.532842755317687988e-01
6.904224157333374023e-01
6.981275677680969238e-01
6.683257818222045898e-01
6.302663087844848633e-01
6.286103725433349609e-01
6.046146750450134277e-01
5.914102196693420410e-01
6.046661138534545898e-01
5.994421243667602539e-01
6.130031943321228027e-01
5.940221548080444336e-01
5.557445287704467773e-01
5.985164046287536621e-01
5.709279179573059082e-01
5.316298604011535645e-01
5.218089818954467773e-01
5.480857491493225098e-01
5.311272740364074707e-01
5.230817198753356934e-01
5.023072957992553711e-01
5.343593955039978027e-01
4.730720221996307373e-01
