2.270537137985229492e+00
2.131197452545166016e+00
1.707742810249328613e+00
1.513477206230163574e+00
1.499425530433654785e+00
1.482748389244079590e+00
1.461191654205322266e+00
1.445872664451599121e+00
1.382791757583618164e+00
1.338491201400756836e+00
1.303975582122802734e+00
1.313156247138977051e+00
1.246749520301818848e+00
1.196882724761962891e+00
1.181357622146606445e+00
1.164245605468750000e+00
1.168438792228698730e+00
1.159796953201293945e+00
1.128273725509643555e+00
1.140617251396179199e+00
1.142624855041503906e+00
1.110479235649108887e+00
1.116808176040649414e+00
1.108867049217224121e+00
1.087982058525085449e+00
1.191242814064025879e+00
1.116718888282775879e+00
1.062222123146057129e+00
1.059798479080200195e+00
1.063384413719177246e+00
1.037130355834960938e+00
1.061506390571594238e+00
1.031232118606567383e+00
1.023263692855834961e+00
1.066047787666320801e+00
1.018048644065856934e+00
9.940076470375061035e-01
9.939417839050292969e-01
1.006152153015136719e+00
9.800443649291992188e-01
9.724392890930175781e-01
9.547332525253295898e-01
9.367862343788146973e-01
9.685233831405639648e-01
9.374597072601318359e-01
9.720043540000915527e-01
9.343256354331970215e-01
9.203416109085083008e-01
9.283497333526611328e-01
8.876245617866516113e-01
8.889495134353637695e-01
8.774119615554809570e-01
8.740944266319274902e-01
8.628695607185363770e-01
8.495080471038818359e-01
8.632829189300537109e-01
8.657293915748596191e-01
8.389672636985778809e-01
8.101978302001953125e-01
8.250572085380554199e-01
8.105094432830810547e-01
7.979557514190673828e-01
8.225038647651672363e-01
8.124046921730041504e-01
7.892569303512573242e-01
7.694271802902221680e-01
7.602184414863586426e-01
7.669048309326171875e-01
7.700316309928894043e-01
7.400274276733398438e-01
7.368719577789306641e-01
7.359711527824401855e-01
7.609226107597351074e-01
7.241181135177612305e-01
6.738427877426147461e-01
6.730138063430786133e-01
6.471415758132934570e-01
6.414354443550109863e-01
6.438534855842590332e-01
6.221542358398437500e-01
6.399881243705749512e-01
5.970616936683654785e-01
5.995081663131713867e-01
6.021025776863098145e-01
5.867618322372436523e-01
5.707812309265136719e-01
5.534120798110961914e-01
5.564544200897216797e-01
5.478003621101379395e-01
5.429680943489074707e-01
5.856777429580688477e-01
5.788688659667968750e-01
5.735002160072326660e-01
5.884128808975219727e-01
4.981150925159454346e-01
4.976882934570312500e-01
4.963347613811492920e-01
4.601598978042602539e-01
4.617407321929931641e-01
4.813294708728790283e-01
