2.252034664154052734e+00
2.114682197570800781e+00
1.895602703094482422e+00
1.836868762969970703e+00
1.807834744453430176e+00
1.773843646049499512e+00
1.706487178802490234e+00
1.639786243438720703e+00
1.559506654739379883e+00
1.554816961288452148e+00
1.515035033226013184e+00
1.498155474662780762e+00
1.462339639663696289e+00
1.488469362258911133e+00
1.445055842399597168e+00
1.484387993812561035e+00
1.428217053413391113e+00
1.424522042274475098e+00
1.417745471000671387e+00
1.398579955101013184e+00
1.392022728919982910e+00
1.508414626121520996e+00
1.478100538253784180e+00
1.411475181579589844e+00
1.374284267425537109e+00
1.366489768028259277e+00
1.377926588058471680e+00
1.352243900299072266e+00
1.342421412467956543e+00
1.345885992050170898e+00
1.315420627593994141e+00
1.323013424873352051e+00
1.328143954277038574e+00
1.313201904296875000e+00
1.277847290039062500e+00
1.285654067993164062e+00
1.275205969810485840e+00
1.248545646667480469e+00
1.262032508850097656e+00
1.236734986305236816e+00
1.221550464630126953e+00
1.212495326995849609e+00
1.208039045333862305e+00
1.237734198570251465e+00
1.181157946586608887e+00
1.167627096176147461e+00
1.187054395675659180e+00
1.219087481498718262e+00
1.140519618988037109e+00
1.172022223472595215e+00
1.159466505050659180e+00
1.134809255599975586e+00
1.115758419036865234e+00
1.098608970642089844e+00
1.095788717269897461e+00
1.085688591003417969e+00
1.098128914833068848e+00
1.080072045326232910e+00
1.068794250488281250e+00
1.034250378608703613e+00
1.077437758445739746e+00
1.030545353889465332e+00
1.037311077117919922e+00
9.906731843948364258e-01
9.938122630119323730e-01
9.614018201828002930e-01
9.582723975181579590e-01
9.758189320564270020e-01
9.435720443725585938e-01
9.369940161705017090e-01
9.899185895919799805e-01
1.058576345443725586e+00
1.051059842109680176e+00
9.350336194038391113e-01
9.139179587364196777e-01
9.335433840751647949e-01
8.782497048377990723e-01
8.764266967773437500e-01
8.624710440635681152e-01
8.339216113090515137e-01
8.066072463989257812e-01
8.052907586097717285e-01
8.476915359497070312e-01
8.157136440277099609e-01
7.823984622955322266e-01
8.557181358337402344e-01
7.590509057044982910e-01
7.487225532531738281e-01
7.536377310752868652e-01
7.580451965332031250e-01
7.070562243461608887e-01
7.867335677146911621e-01
7.718362212181091309e-01
6.808612942695617676e-01
6.831330657005310059e-01
6.491705775260925293e-01
6.478081345558166504e-01
6.809179186820983887e-01
6.299778819084167480e-01
6.107842326164245605e-01
