3.527331054210662842e-01
5.000000000000000000e-01
5.000000000000000000e-01
5.006430745124816895e-01
5.102893710136413574e-01
5.250803828239440918e-01
5.427652597427368164e-01
5.443729758262634277e-01
5.482314825057983398e-01
5.655948519706726074e-01
5.591639876365661621e-01
5.575562715530395508e-01
5.707395672798156738e-01
5.800642967224121094e-01
5.858520865440368652e-01
6.025723218917846680e-01
6.041800379753112793e-01
6.016077399253845215e-01
6.163986921310424805e-01
6.340836286544799805e-01
6.260449886322021484e-01
6.324759125709533691e-01
6.446945071220397949e-01
6.376205682754516602e-01
6.421222090721130371e-01
6.594855189323425293e-01
6.752411723136901855e-01
6.672025918960571289e-01
6.662379503250122070e-01
6.836012601852416992e-01
6.948553323745727539e-01
6.893890500068664551e-01
6.913183331489562988e-01
7.003215551376342773e-01
7.109324932098388672e-01
7.028939127922058105e-01
6.951768398284912109e-01
7.173633575439453125e-01
7.295820116996765137e-01
7.347266674041748047e-01
7.379420995712280273e-01
7.099678516387939453e-01
7.498392462730407715e-01
7.270096540451049805e-01
7.408360242843627930e-01
7.331189513206481934e-01
7.536977529525756836e-01
7.533761858940124512e-01
7.681671977043151855e-01
7.749196290969848633e-01
7.852090001106262207e-01
7.897105813026428223e-01
7.826366424560546875e-01
7.971060872077941895e-01
8.109324574470520020e-01
8.032154440879821777e-01
8.176848888397216797e-01
8.263665437698364258e-01
8.228296041488647461e-01
8.237941861152648926e-01
8.472668528556823730e-01
8.472668528556823730e-01
8.536977767944335938e-01
8.446945548057556152e-01
8.556270003318786621e-01
8.662379384040832520e-01
8.649517893791198730e-01
8.913183212280273438e-01
8.643086552619934082e-01
8.340836167335510254e-01
8.800643086433410645e-01
8.964630365371704102e-01
8.967845439910888672e-01
9.051446914672851562e-01
9.128617644309997559e-01
9.006431102752685547e-01
9.112540483474731445e-01
9.176849126815795898e-01
9.157556295394897461e-01
9.279742836952209473e-01
9.282957911491394043e-01
9.250803589820861816e-01
9.299035072326660156e-01
9.356912970542907715e-01
9.495176672935485840e-01
9.607716798782348633e-01
9.655948281288146973e-01
9.610932469367980957e-01
9.633440375328063965e-01
9.639871120452880859e-01
9.633440375328063965e-01
9.434083700180053711e-01
9.646302461624145508e-01
9.752411842346191406e-01
9.720257520675659180e-01
9.430868029594421387e-01
9.186494946479797363e-01
9.273312091827392578e-01
9.379421472549438477e-01
9.543408155441284180e-01
