3.167963027954101562e-02
6.824088096618652344e-02
3.918194770812988281e-02
8.310532569885253906e-02
9.261894226074218750e-02
6.612300872802734375e-02
5.122303962707519531e-02
7.068014144897460938e-02
5.094861984252929688e-02
2.867937088012695312e-02
3.654837608337402344e-02
4.177880287170410156e-02
3.952574729919433594e-02
5.169749259948730469e-02
7.683944702148437500e-02
3.875231742858886719e-02
6.102538108825683594e-02
8.551001548767089844e-02
2.680611610412597656e-02
1.359615325927734375e-01
5.373167991638183594e-02
5.088520050048828125e-02
1.054570674896240234e-01
7.623267173767089844e-02
5.371642112731933594e-02
2.861857414245605469e-02
4.357910156250000000e-02
7.845401763916015625e-03
9.004712104797363281e-02
7.773256301879882812e-02
2.305555343627929688e-02
4.121160507202148438e-02
6.568670272827148438e-02
7.446742057800292969e-02
6.166553497314453125e-02
5.859971046447753906e-02
1.424121856689453125e-02
5.282092094421386719e-02
7.792139053344726562e-02
1.021580696105957031e-01
4.032778739929199219e-02
2.480983734130859375e-02
6.700682640075683594e-02
6.688618659973144531e-02
2.315592765808105469e-02
8.964323997497558594e-02
6.284976005554199219e-02
5.375432968139648438e-02
6.143522262573242188e-02
4.855132102966308594e-02
2.655458450317382812e-02
5.683350563049316406e-02
8.153414726257324219e-02
6.242322921752929688e-02
7.847929000854492188e-02
4.759550094604492188e-02
4.405283927917480469e-02
7.667779922485351562e-02
3.536415100097656250e-02
3.887009620666503906e-02
4.347801208496093750e-02
9.194993972778320312e-02
6.744360923767089844e-02
4.054117202758789062e-02
2.753710746765136719e-02
4.095387458801269531e-02
6.183385848999023438e-02
6.823301315307617188e-03
3.108882904052734375e-02
1.175925731658935547e-01
2.360391616821289062e-02
5.536317825317382812e-02
4.931163787841796875e-02
2.642607688903808594e-02
3.100657463073730469e-02
5.733275413513183594e-02
2.624750137329101562e-02
7.405757904052734375e-02
4.783368110656738281e-02
8.578228950500488281e-02
3.978157043457031250e-02
3.769540786743164062e-02
3.977060317993164062e-02
1.007213592529296875e-01
3.006887435913085938e-02
6.085085868835449219e-02
3.805375099182128906e-02
4.638671875000000000e-02
7.775092124938964844e-02
3.757429122924804688e-02
9.718585014343261719e-02
6.236243247985839844e-02
9.707236289978027344e-02
4.328513145446777344e-02
2.553868293762207031e-02
8.362030982971191406e-02
3.632354736328125000e-02
2.427601814270019531e-02
4.897713661193847656e-02
3.774428367614746094e-02
