1.293576455116271973e+01
2.077182698249816895e+01
1.312980127334594727e+01
2.116989445686340332e+01
1.816593432426452637e+01
1.544025206565856934e+01
1.688384985923767090e+01
1.496303963661193848e+01
1.943011546134948730e+01
1.426634693145751953e+01
2.115040445327758789e+01
1.305290651321411133e+01
2.074885344505310059e+01
3.168749976158142090e+01
2.227993822097778320e+01
3.233830928802490234e+01
2.824379968643188477e+01
3.175338292121887207e+01
2.110502862930297852e+01
3.103075575828552246e+01
2.244121479988098145e+01
3.208874225616455078e+01
2.211865282058715820e+01
3.220884203910827637e+01
2.026545119285583496e+01
3.219570016860961914e+01
2.195476794242858887e+01
3.301103019714355469e+01
1.788936734199523926e+01
1.443928098678588867e+01
2.088682174682617188e+01
3.072009062767028809e+01
2.197468471527099609e+01
3.290352201461791992e+01
2.063693714141845703e+01
2.069306325912475586e+01
4.680285525321960449e+01
4.764000821113586426e+01
4.488290905952453613e+01
5.062723946571350098e+01
4.283941292762756348e+01
5.264282631874084473e+01
4.172608518600463867e+01
5.291880273818969727e+01
4.218064188957214355e+01
5.322475385665893555e+01
4.023240637779235840e+01
5.261384844779968262e+01
4.046222424507141113e+01
1.360680985450744629e+01
