9.996463060379028320e-01
9.981430768966674805e-01
9.971703886985778809e-01
9.962861537933349609e-01
9.960208535194396973e-01
9.961093068122863770e-01
9.962861537933349609e-01
9.964630007743835449e-01
9.966398477554321289e-01
9.967282414436340332e-01
9.968166947364807129e-01
9.970819950103759766e-01
9.974356889724731445e-01
9.975240826606750488e-01
9.975240826606750488e-01
9.975240826606750488e-01
9.975240826606750488e-01
9.975240826606750488e-01
9.975240826606750488e-01
9.975240826606750488e-01
9.975240826606750488e-01
9.975240826606750488e-01
9.976125359535217285e-01
9.976125359535217285e-01
9.976125359535217285e-01
9.976125359535217285e-01
9.977009296417236328e-01
9.977009296417236328e-01
9.977893829345703125e-01
9.977893829345703125e-01
