1.213277339935302734e+01
1.175854969024658203e+01
1.178674149513244629e+01
1.186510348320007324e+01
1.180746006965637207e+01
1.211276769638061523e+01
1.207772874832153320e+01
1.211639547348022461e+01
1.211313176155090332e+01
1.204542613029479980e+01
1.205153131484985352e+01
1.216337370872497559e+01
1.205058288574218750e+01
1.213661551475524902e+01
1.211939787864685059e+01
1.207615780830383301e+01
1.206236362457275391e+01
1.210278105735778809e+01
1.209820795059204102e+01
1.214801335334777832e+01
1.199193239212036133e+01
1.206696343421936035e+01
1.192341828346252441e+01
1.198360133171081543e+01
1.193637776374816895e+01
1.189228796958923340e+01
1.188311123847961426e+01
1.194713783264160156e+01
1.190751290321350098e+01
1.195142292976379395e+01
