5.082416534423828125e-02
5.093240737915039062e-02
5.343961715698242188e-02
5.129098892211914062e-02
5.122637748718261719e-02
5.254960060119628906e-02
5.277466773986816406e-02
5.288314819335937500e-02
5.202698707580566406e-02
5.176305770874023438e-02
5.219364166259765625e-02
5.277848243713378906e-02
5.243372917175292969e-02
5.229043960571289062e-02
5.388903617858886719e-02
5.197262763977050781e-02
5.196213722229003906e-02
5.140495300292968750e-02
5.189990997314453125e-02
5.161523818969726562e-02
5.147361755371093750e-02
5.131530761718750000e-02
5.171132087707519531e-02
5.157232284545898438e-02
5.160331726074218750e-02
5.174160003662109375e-02
5.149126052856445312e-02
5.182862281799316406e-02
5.176877975463867188e-02
5.128955841064453125e-02
