9.876901507377624512e-01
9.980190992355346680e-01
9.990095496177673340e-01
9.997877478599548340e-01
9.999292492866516113e-01
9.999292492866516113e-01
9.999292492866516113e-01
9.999292492866516113e-01
9.999292492866516113e-01
9.999292492866516113e-01
9.999292492866516113e-01
9.999292492866516113e-01
9.999292492866516113e-01
9.999292492866516113e-01
9.999292492866516113e-01
9.999292492866516113e-01
9.999292492866516113e-01
9.999292492866516113e-01
9.999292492866516113e-01
9.999292492866516113e-01
9.999292492866516113e-01
9.999292492866516113e-01
9.999292492866516113e-01
9.999292492866516113e-01
9.999292492866516113e-01
9.999292492866516113e-01
9.999292492866516113e-01
9.999292492866516113e-01
9.999292492866516113e-01
9.999292492866516113e-01
9.999292492866516113e-01
9.999292492866516113e-01
1.000000000000000000e+00
1.000000000000000000e+00
1.000000000000000000e+00
1.000000000000000000e+00
1.000000000000000000e+00
1.000000000000000000e+00
1.000000000000000000e+00
1.000000000000000000e+00
1.000000000000000000e+00
1.000000000000000000e+00
1.000000000000000000e+00
1.000000000000000000e+00
1.000000000000000000e+00
1.000000000000000000e+00
1.000000000000000000e+00
1.000000000000000000e+00
1.000000000000000000e+00
1.000000000000000000e+00
