8.420829176902770996e-01
9.883967638015747070e-01
9.896702766418457031e-01
9.835856556892395020e-01
9.857082366943359375e-01
9.784916043281555176e-01
9.793406128883361816e-01
9.787746071815490723e-01
9.823121428489685059e-01
9.810386300086975098e-01
9.827366471290588379e-01
9.814631342887878418e-01
9.864157438278198242e-01
9.852837324142456055e-01
9.845762252807617188e-01
9.857082366943359375e-01
9.869817495346069336e-01
9.878307580947875977e-01
9.893872737884521484e-01
9.898117780685424805e-01
9.906608462333679199e-01
9.916513562202453613e-01
9.910853505134582520e-01
9.903777837753295898e-01
9.919343590736389160e-01
9.927833676338195801e-01
9.937738776206970215e-01
9.950473904609680176e-01
9.958963990211486816e-01
9.964624047279357910e-01
9.973114728927612305e-01
9.974529743194580078e-01
9.975944757461547852e-01
9.975944757461547852e-01
9.983019828796386719e-01
9.985849857330322266e-01
9.987264871597290039e-01
9.990094900131225586e-01
9.991509914398193359e-01
9.991509914398193359e-01
9.991509914398193359e-01
9.991509914398193359e-01
9.991509914398193359e-01
9.991509914398193359e-01
9.992924928665161133e-01
9.992924928665161133e-01
9.992924928665161133e-01
9.992924928665161133e-01
9.992924928665161133e-01
9.992924928665161133e-01
