1.645279765129089355e+01
1.647698593139648438e+01
1.997839307785034180e+01
1.654161500930786133e+01
1.644996356964111328e+01
1.642991757392883301e+01
1.646353864669799805e+01
1.644714474678039551e+01
1.968968677520751953e+01
1.988848090171813965e+01
1.640446066856384277e+01
1.651661849021911621e+01
1.642372894287109375e+01
1.648978590965270996e+01
1.656836795806884766e+01
1.966674995422363281e+01
1.648895263671875000e+01
1.976310706138610840e+01
1.981130194664001465e+01
1.650627851486206055e+01
1.648227381706237793e+01
1.644750261306762695e+01
1.980986785888671875e+01
1.648291802406311035e+01
1.639880371093750000e+01
1.646238183975219727e+01
1.960968136787414551e+01
1.637328743934631348e+01
1.645818519592285156e+01
1.644843220710754395e+01
1.986535787582397461e+01
1.666432762145996094e+01
1.630573415756225586e+01
1.637150263786315918e+01
1.971616005897521973e+01
1.632870602607727051e+01
1.638029456138610840e+01
1.985493779182434082e+01
1.642832756042480469e+01
1.994197773933410645e+01
3.654053473472595215e+01
1.640140533447265625e+01
1.633614993095397949e+01
1.631003880500793457e+01
1.641476058959960938e+01
1.637165760993957520e+01
1.638384675979614258e+01
1.642772555351257324e+01
1.638670039176940918e+01
1.639678049087524414e+01
