1.927168488502502441e+00
1.530612945556640625e+00
1.376014709472656250e+00
1.302332758903503418e+00
1.253013849258422852e+00
1.199234247207641602e+00
1.177438616752624512e+00
1.129771947860717773e+00
1.092853665351867676e+00
1.066784024238586426e+00
1.055854678153991699e+00
1.011484146118164062e+00
9.998023509979248047e-01
9.848158359527587891e-01
9.638417363166809082e-01
9.343707561492919922e-01
9.214962720870971680e-01
8.986166119575500488e-01
9.585085511207580566e-01
8.868914246559143066e-01
8.760515451431274414e-01
8.535410165786743164e-01
8.352603316307067871e-01
8.145785927772521973e-01
7.982383370399475098e-01
7.977533340454101562e-01
7.823663353919982910e-01
7.623066902160644531e-01
7.675629854202270508e-01
7.486564517021179199e-01
7.395254373550415039e-01
7.082452774047851562e-01
6.993255615234375000e-01
9.741818904876708984e-01
7.935797572135925293e-01
7.512935996055603027e-01
6.972485780715942383e-01
6.832141280174255371e-01
6.841879487037658691e-01
6.566704511642456055e-01
6.294276118278503418e-01
6.291850805282592773e-01
6.052945852279663086e-01
5.785220265388488770e-01
6.034616827964782715e-01
5.635080933570861816e-01
5.395027399063110352e-01
5.450013279914855957e-01
5.257448554039001465e-01
5.072588920593261719e-01
4.658696353435516357e-01
5.041722059249877930e-01
4.771909117698669434e-01
4.502032697200775146e-01
4.696883559226989746e-01
7.113996148109436035e-01
4.577441215515136719e-01
4.231870174407958984e-01
4.174987375736236572e-01
3.847824633121490479e-01
3.791424632072448730e-01
4.045463502407073975e-01
3.731538355350494385e-01
3.525458872318267822e-01
3.035874962806701660e-01
3.166673183441162109e-01
2.807344794273376465e-01
3.232196569442749023e-01
3.731779456138610840e-01
2.584693431854248047e-01
2.162366211414337158e-01
2.294839471578598022e-01
2.750371396541595459e-01
2.446343600749969482e-01
2.049297094345092773e-01
2.040509581565856934e-01
5.825412273406982422e-01
2.660919129848480225e-01
1.952789127826690674e-01
1.532952934503555298e-01
1.486877650022506714e-01
1.889025270938873291e-01
2.338109463453292847e-01
1.581224352121353149e-01
1.808219254016876221e-01
1.164222657680511475e-01
1.092049852013587952e-01
1.460051089525222778e-01
2.140939086675643921e-01
2.263264507055282593e-01
2.026189565658569336e-01
2.235734015703201294e-01
1.350465714931488037e-01
1.251270622014999390e-01
8.758506923913955688e-02
5.365873500704765320e-02
5.582218989729881287e-02
3.879843652248382568e-01
1.490041017532348633e-01
1.019389256834983826e-01
