8.953809738159179688e-03
8.638858795166015625e-03
8.709907531738281250e-03
8.725643157958984375e-03
8.665323257446289062e-03
8.753299713134765625e-03
8.623600006103515625e-03
8.703708648681640625e-03
8.674621582031250000e-03
8.684396743774414062e-03
8.774757385253906250e-03
8.720636367797851562e-03
8.669614791870117188e-03
8.677482604980468750e-03
8.768796920776367188e-03
8.678436279296875000e-03
8.597135543823242188e-03
8.578538894653320312e-03
8.639574050903320312e-03
8.629083633422851562e-03
8.715152740478515625e-03
8.582115173339843750e-03
8.688449859619140625e-03
8.681535720825195312e-03
8.621215820312500000e-03
8.701562881469726562e-03
8.719205856323242188e-03
8.619070053100585938e-03
8.641958236694335938e-03
8.659362792968750000e-03
8.691549301147460938e-03
8.709907531738281250e-03
8.753776550292968750e-03
8.701562881469726562e-03
8.691549301147460938e-03
8.631944656372070312e-03
8.710145950317382812e-03
8.779287338256835938e-03
8.678913116455078125e-03
8.572101593017578125e-03
8.699893951416015625e-03
8.675336837768554688e-03
8.712530136108398438e-03
8.699893951416015625e-03
8.711814880371093750e-03
8.780479431152343750e-03
8.702993392944335938e-03
8.737325668334960938e-03
8.692741394042968750e-03
8.736610412597656250e-03
8.645296096801757812e-03
8.760452270507812500e-03
8.734703063964843750e-03
8.827924728393554688e-03
8.759975433349609375e-03
8.714437484741210938e-03
8.643627166748046875e-03
8.688688278198242188e-03
8.713245391845703125e-03
8.700847625732421875e-03
8.687257766723632812e-03
8.682012557983398438e-03
8.632898330688476562e-03
8.663415908813476562e-03
8.693456649780273438e-03
8.628606796264648438e-03
8.666276931762695312e-03
8.752584457397460938e-03
8.674860000610351562e-03
8.620262145996093750e-03
8.752584457397460938e-03
8.667469024658203125e-03
8.683681488037109375e-03
8.702993392944335938e-03
8.665323257446289062e-03
8.732557296752929688e-03
8.639812469482421875e-03
8.689165115356445312e-03
8.644819259643554688e-03
8.756399154663085938e-03
8.771896362304687500e-03
8.752107620239257812e-03
8.744478225708007812e-03
8.680105209350585938e-03
8.791446685791015625e-03
8.643150329589843750e-03
8.632183074951171875e-03
8.728027343750000000e-03
8.762836456298828125e-03
8.790731430053710938e-03
8.692264556884765625e-03
8.739233016967773438e-03
8.801698684692382812e-03
8.710622787475585938e-03
8.719682693481445312e-03
8.732795715332031250e-03
8.842468261718750000e-03
8.682012557983398438e-03
8.659601211547851562e-03
8.667230606079101562e-03
