2.014629864692687988e+01
1.371228218078613281e+01
2.960216617584228516e+01
2.709955191612243652e+01
1.890081071853637695e+01
3.217526173591613770e+01
2.243049764633178711e+01
4.057430815696716309e+01
1.377083349227905273e+01
4.060581016540527344e+01
1.706959438323974609e+01
2.995041751861572266e+01
4.065576076507568359e+01
1.736682653427124023e+01
2.007215404510498047e+01
3.086028432846069336e+01
2.277654361724853516e+01
4.067967486381530762e+01
2.006449413299560547e+01
4.062355113029479980e+01
1.368673658370971680e+01
2.917284131050109863e+01
4.056445813179016113e+01
2.020748376846313477e+01
2.014228510856628418e+01
3.195032715797424316e+01
2.146748423576354980e+01
4.063965082168579102e+01
4.056801152229309082e+01
2.015259289741516113e+01
2.644338417053222656e+01
4.062846565246582031e+01
4.063974308967590332e+01
1.566624450683593750e+01
2.986487150192260742e+01
4.063584995269775391e+01
1.530660986900329590e+01
4.066457104682922363e+01
2.010172390937805176e+01
2.650050044059753418e+01
4.064763855934143066e+01
2.017756271362304688e+01
1.820161080360412598e+01
3.174894952774047852e+01
2.023086833953857422e+01
3.091897392272949219e+01
2.103322291374206543e+01
8.165835928916931152e+01
3.149549531936645508e+01
4.831385064125061035e+01
5.212454605102539062e+01
8.151262140274047852e+01
2.012531709671020508e+01
4.089141249656677246e+01
4.919181609153747559e+01
4.691716551780700684e+01
8.152259778976440430e+01
2.014313793182373047e+01
4.948009562492370605e+01
4.147225451469421387e+01
5.371200466156005859e+01
4.209254479408264160e+01
8.163977622985839844e+01
1.798830628395080566e+01
5.246324729919433594e+01
8.155074453353881836e+01
2.016998863220214844e+01
4.064407515525817871e+01
8.162849712371826172e+01
1.804016280174255371e+01
8.151992392539978027e+01
1.694126033782958984e+01
4.552229213714599609e+01
8.159227514266967773e+01
1.384812259674072266e+01
5.140405130386352539e+01
8.160480070114135742e+01
1.566570711135864258e+01
4.067362332344055176e+01
1.477865028381347656e+01
3.378714609146118164e+01
2.278981018066406250e+01
4.059195876121520996e+01
4.059326004981994629e+01
2.014870238304138184e+01
4.063408112525939941e+01
1.447785115242004395e+01
4.068081712722778320e+01
1.434237790107727051e+01
4.065903830528259277e+01
2.018783617019653320e+01
2.008433270454406738e+01
2.994048929214477539e+01
1.734840703010559082e+01
3.403191971778869629e+01
2.383701133728027344e+01
4.057279872894287109e+01
2.009169602394104004e+01
2.866023111343383789e+01
2.650309324264526367e+01
2.871962094306945801e+01
2.482975792884826660e+01
4.065943694114685059e+01
1.565610623359680176e+01
4.056929731369018555e+01
2.014249753952026367e+01
4.065953922271728516e+01
1.351825213432312012e+01
4.061055803298950195e+01
1.374227476119995117e+01
4.063294434547424316e+01
1.637476944923400879e+01
4.054291749000549316e+01
2.016410946846008301e+01
4.059760761260986328e+01
2.021635603904724121e+01
4.057313585281372070e+01
4.060326647758483887e+01
1.357105445861816406e+01
4.060607910156250000e+01
4.050299286842346191e+01
1.363865280151367188e+01
4.068492150306701660e+01
1.605192065238952637e+01
3.171450829505920410e+01
4.073019909858703613e+01
1.532522416114807129e+01
3.162009239196777344e+01
4.043427824974060059e+01
2.010751533508300781e+01
2.352653646469116211e+01
2.481427049636840820e+01
2.790014052391052246e+01
2.951833438873291016e+01
2.009252595901489258e+01
2.804410886764526367e+01
2.321845340728759766e+01
3.314147424697875977e+01
2.013206410408020020e+01
2.824418187141418457e+01
2.452543163299560547e+01
2.945565938949584961e+01
2.671589350700378418e+01
3.004566717147827148e+01
4.056683135032653809e+01
1.392050576210021973e+01
4.065124940872192383e+01
2.013739156723022461e+01
3.179157400131225586e+01
2.255236363410949707e+01
4.062103176116943359e+01
2.015491294860839844e+01
3.097612428665161133e+01
2.295215201377868652e+01
3.055754566192626953e+01
4.059857797622680664e+01
2.011910986900329590e+01
2.224245643615722656e+01
2.943020749092102051e+01
3.039804196357727051e+01
3.375483846664428711e+01
2.316571307182312012e+01
4.057606053352355957e+01
1.864576745033264160e+01
2.625398421287536621e+01
4.060421895980834961e+01
1.372971916198730469e+01
4.064681053161621094e+01
1.645564103126525879e+01
2.999815964698791504e+01
2.434187245368957520e+01
3.336921572685241699e+01
2.672658872604370117e+01
3.251936888694763184e+01
2.205845046043395996e+01
3.381299400329589844e+01
1.801368522644042969e+01
2.006078720092773438e+01
2.016524982452392578e+01
2.992280220985412598e+01
4.062020301818847656e+01
1.369750857353210449e+01
2.826584291458129883e+01
3.173198747634887695e+01
4.059398531913757324e+01
1.345822334289550781e+01
4.063862061500549316e+01
1.399840688705444336e+01
4.061652040481567383e+01
2.020153713226318359e+01
4.058930063247680664e+01
1.375755238533020020e+01
2.735711336135864258e+01
2.831125783920288086e+01
4.065241980552673340e+01
1.788163447380065918e+01
4.060951471328735352e+01
2.014588046073913574e+01
4.056432414054870605e+01
2.003340864181518555e+01
