1.678307056427001953e-01
1.467683315277099609e-01
1.776850223541259766e-01
2.130391597747802734e-01
1.664683818817138672e-01
2.017505168914794922e-01
1.177642345428466797e-01
1.682109832763671875e-01
2.480647563934326172e-01
1.681361198425292969e-01
1.468479633331298828e-01
1.415867805480957031e-01
1.549181938171386719e-01
1.570823192596435547e-01
2.045612335205078125e-01
1.163966655731201172e-01
1.603574752807617188e-01
1.176435947418212891e-01
1.460168361663818359e-01
1.517202854156494141e-01
2.288236618041992188e-01
1.461665630340576172e-01
1.672358512878417969e-01
1.169710159301757812e-01
1.810555458068847656e-01
1.725947856903076172e-01
1.798093318939208984e-01
1.249294281005859375e-01
1.467628479003906250e-01
1.495840549468994141e-01
1.281213760375976562e-01
1.811802387237548828e-01
1.375565528869628906e-01
1.181564331054687500e-01
1.853034496307373047e-01
1.664564609527587891e-01
1.267170906066894531e-01
1.369967460632324219e-01
1.988735198974609375e-01
1.262681484222412109e-01
1.648776531219482422e-01
1.455640792846679688e-01
1.113986968994140625e-01
1.427650451660156250e-01
9.423494338989257812e-02
1.507253646850585938e-01
1.263477802276611328e-01
1.172509193420410156e-01
2.331416606903076172e-01
1.729364395141601562e-01
2.442543506622314453e-01
1.685237884521484375e-01
1.613473892211914062e-01
1.878352165222167969e-01
1.390507221221923828e-01
1.354079246520996094e-01
1.508634090423583984e-01
2.114725112915039062e-01
1.339678764343261719e-01
1.158320903778076172e-01
2.018504142761230469e-01
1.684851646423339844e-01
1.343288421630859375e-01
1.958885192871093750e-01
2.366738319396972656e-01
1.609170436859130859e-01
1.193423271179199219e-01
1.520941257476806641e-01
1.849529743194580078e-01
2.248530387878417969e-01
1.667234897613525391e-01
1.518163681030273438e-01
2.220711708068847656e-01
2.122027873992919922e-01
1.710934638977050781e-01
2.072803974151611328e-01
1.708123683929443359e-01
1.496920585632324219e-01
1.578886508941650391e-01
1.570584774017333984e-01
1.659996509552001953e-01
2.161796092987060547e-01
1.782696247100830078e-01
1.921880245208740234e-01
1.415297985076904297e-01
2.467224597930908203e-01
1.536822319030761719e-01
1.581771373748779297e-01
2.254920005798339844e-01
1.614017486572265625e-01
1.392145156860351562e-01
1.937572956085205078e-01
2.044858932495117188e-01
1.632711887359619141e-01
1.584227085113525391e-01
1.271760463714599609e-01
1.714742183685302734e-01
2.194097042083740234e-01
1.600358486175537109e-01
1.623182296752929688e-01
2.219700813293457031e-01
1.824591159820556641e-01
1.575648784637451172e-01
1.435708999633789062e-01
1.781916618347167969e-01
1.475799083709716797e-01
1.635513305664062500e-01
1.360611915588378906e-01
2.390496730804443359e-01
1.891665458679199219e-01
1.892514228820800781e-01
1.476476192474365234e-01
1.714541912078857422e-01
2.223765850067138672e-01
2.077982425689697266e-01
1.511287689208984375e-01
1.878216266632080078e-01
1.744911670684814453e-01
1.522319316864013672e-01
1.672973632812500000e-01
1.604843139648437500e-01
1.843087673187255859e-01
1.147966384887695312e-01
1.417641639709472656e-01
1.617779731750488281e-01
1.110687255859375000e-01
2.073321342468261719e-01
1.959881782531738281e-01
2.238569259643554688e-01
2.092499732971191406e-01
1.688332557678222656e-01
2.318086624145507812e-01
1.950333118438720703e-01
2.020928859710693359e-01
1.290450096130371094e-01
1.660759449005126953e-01
2.190117835998535156e-01
2.084453105926513672e-01
1.791462898254394531e-01
1.554219722747802734e-01
2.073264122009277344e-01
2.356412410736083984e-01
1.248512268066406250e-01
1.037521362304687500e-01
1.924428939819335938e-01
1.917071342468261719e-01
1.517500877380371094e-01
1.747982501983642578e-01
2.075905799865722656e-01
1.506588459014892578e-01
1.581733226776123047e-01
1.403858661651611328e-01
1.968936920166015625e-01
1.771109104156494141e-01
1.362907886505126953e-01
1.798260211944580078e-01
1.418812274932861328e-01
1.965363025665283203e-01
1.664271354675292969e-01
1.564342975616455078e-01
1.541292667388916016e-01
1.765511035919189453e-01
1.842532157897949219e-01
2.008357048034667969e-01
1.603543758392333984e-01
2.052950859069824219e-01
2.278878688812255859e-01
1.732523441314697266e-01
1.351146697998046875e-01
1.713166236877441406e-01
1.658167839050292969e-01
1.848168373107910156e-01
2.123730182647705078e-01
1.508142948150634766e-01
1.446099281311035156e-01
1.675188541412353516e-01
1.390829086303710938e-01
2.120997905731201172e-01
1.489517688751220703e-01
1.347959041595458984e-01
1.548717021942138672e-01
1.715676784515380859e-01
1.644332408905029297e-01
1.490707397460937500e-01
1.915178298950195312e-01
1.673243045806884766e-01
2.107713222503662109e-01
1.837675571441650391e-01
1.801578998565673828e-01
1.616857051849365234e-01
2.307958602905273438e-01
1.639680862426757812e-01
1.458868980407714844e-01
1.329476833343505859e-01
2.942483425140380859e-01
2.064087390899658203e-01
1.758818626403808594e-01
2.020554542541503906e-01
1.564781665802001953e-01
1.908085346221923828e-01
