1.118468546867370605e+01
1.121296429634094238e+01
1.123287010192871094e+01
1.119316267967224121e+01
1.118693256378173828e+01
1.116104459762573242e+01
1.120592856407165527e+01
1.121207165718078613e+01
1.114612674713134766e+01
1.116558098793029785e+01
1.121813273429870605e+01
1.118534708023071289e+01
1.120037221908569336e+01
1.121065735816955566e+01
1.127919411659240723e+01
1.133574533462524414e+01
1.127230906486511230e+01
1.129257225990295410e+01
1.127181363105773926e+01
1.136122298240661621e+01
1.125972509384155273e+01
1.125667309761047363e+01
1.131069779396057129e+01
1.123167347908020020e+01
1.130801820755004883e+01
1.124939155578613281e+01
1.129412126541137695e+01
1.131936287879943848e+01
1.126229500770568848e+01
1.119219303131103516e+01
1.116817879676818848e+01
1.115874052047729492e+01
1.118118286132812500e+01
1.122977852821350098e+01
1.120936465263366699e+01
1.121626710891723633e+01
1.119309639930725098e+01
1.123430871963500977e+01
1.120169830322265625e+01
1.123203110694885254e+01
1.123203802108764648e+01
1.129642486572265625e+01
1.123600029945373535e+01
1.127030348777770996e+01
1.122557210922241211e+01
1.129849839210510254e+01
1.130172705650329590e+01
1.130030703544616699e+01
1.129565286636352539e+01
1.128656768798828125e+01
