8.639550209045410156e+00
8.667118787765502930e+00
8.673579692840576172e+00
8.657299280166625977e+00
8.676767349243164062e+00
8.671508550643920898e+00
8.669486522674560547e+00
8.685077190399169922e+00
8.718675136566162109e+00
8.705169916152954102e+00
8.673710107803344727e+00
8.725481986999511719e+00
8.680403947830200195e+00
8.656999349594116211e+00
8.709892988204956055e+00
8.698367595672607422e+00
8.652122735977172852e+00
8.679603576660156250e+00
8.756099700927734375e+00
8.695243120193481445e+00
8.656849622726440430e+00
9.059601783752441406e+00
8.680270910263061523e+00
8.665340900421142578e+00
8.666900634765625000e+00
8.531821489334106445e+00
8.498131036758422852e+00
8.447057485580444336e+00
8.388191461563110352e+00
8.331568002700805664e+00
8.345243930816650391e+00
8.362237691879272461e+00
8.383082866668701172e+00
8.346815347671508789e+00
8.375183343887329102e+00
8.393893957138061523e+00
8.359642982482910156e+00
8.378653764724731445e+00
8.361582040786743164e+00
8.342177391052246094e+00
8.385543584823608398e+00
8.340795516967773438e+00
8.352726697921752930e+00
8.359163284301757812e+00
8.351877450942993164e+00
8.400766849517822266e+00
8.378970623016357422e+00
8.366670608520507812e+00
8.438832521438598633e+00
8.380067110061645508e+00
