1.328522205352783203e+01
1.320760107040405273e+01
2.016100454330444336e+01
1.296721029281616211e+01
2.045922374725341797e+01
2.077587699890136719e+01
3.451248526573181152e+01
1.948120236396789551e+01
2.138915276527404785e+01
3.390548706054687500e+01
2.046169590950012207e+01
1.374420237541198730e+01
1.378464388847351074e+01
2.095181369781494141e+01
3.310394573211669922e+01
2.114952898025512695e+01
3.290016913414001465e+01
1.982590341567993164e+01
3.337610197067260742e+01
2.045794248580932617e+01
1.387709617614746094e+01
1.963690495491027832e+01
2.101581954956054688e+01
3.422345733642578125e+01
1.942910885810852051e+01
1.477844953536987305e+01
1.914003562927246094e+01
2.045905947685241699e+01
1.296011161804199219e+01
1.393558716773986816e+01
2.061299562454223633e+01
3.229334068298339844e+01
2.075860214233398438e+01
4.093936991691589355e+01
1.266656994819641113e+01
1.401825094223022461e+01
2.124591732025146484e+01
1.956737041473388672e+01
1.479958987236022949e+01
2.045929741859436035e+01
1.398640990257263184e+01
2.023137497901916504e+01
1.315431141853332520e+01
1.839842534065246582e+01
1.587510395050048828e+01
2.046018838882446289e+01
1.828225827217102051e+01
2.045949745178222656e+01
1.383713173866271973e+01
2.046081542968750000e+01
