9.904492497444152832e-01
9.968871474266052246e-01
9.846480488777160645e-01
9.976653456687927246e-01
9.986557960510253906e-01
9.967456459999084473e-01
9.977360963821411133e-01
9.990095496177673340e-01
9.992925524711608887e-01
9.996462464332580566e-01
9.995754957199096680e-01
9.995754957199096680e-01
9.997877478599548340e-01
9.998584985733032227e-01
9.997877478599548340e-01
9.997877478599548340e-01
1.000000000000000000e+00
1.000000000000000000e+00
1.000000000000000000e+00
1.000000000000000000e+00
1.000000000000000000e+00
1.000000000000000000e+00
1.000000000000000000e+00
1.000000000000000000e+00
1.000000000000000000e+00
1.000000000000000000e+00
1.000000000000000000e+00
1.000000000000000000e+00
1.000000000000000000e+00
1.000000000000000000e+00
1.000000000000000000e+00
1.000000000000000000e+00
1.000000000000000000e+00
1.000000000000000000e+00
1.000000000000000000e+00
1.000000000000000000e+00
1.000000000000000000e+00
1.000000000000000000e+00
1.000000000000000000e+00
1.000000000000000000e+00
1.000000000000000000e+00
1.000000000000000000e+00
1.000000000000000000e+00
1.000000000000000000e+00
1.000000000000000000e+00
1.000000000000000000e+00
1.000000000000000000e+00
1.000000000000000000e+00
1.000000000000000000e+00
1.000000000000000000e+00
