1.837133026123046875e+01
1.804455876350402832e+01
1.971965169906616211e+01
1.804467153549194336e+01
1.816094422340393066e+01
1.817636919021606445e+01
1.814562654495239258e+01
1.821341300010681152e+01
1.819068646430969238e+01
1.806660366058349609e+01
1.824566316604614258e+01
1.815135025978088379e+01
1.826975321769714355e+01
1.820447754859924316e+01
1.808124470710754395e+01
1.821593832969665527e+01
1.816821432113647461e+01
1.820474267005920410e+01
1.810638093948364258e+01
1.816238594055175781e+01
1.808446907997131348e+01
1.817223715782165527e+01
1.810941672325134277e+01
1.812423610687255859e+01
1.817464876174926758e+01
1.826253938674926758e+01
1.822864985466003418e+01
1.818117976188659668e+01
1.813474297523498535e+01
1.813843631744384766e+01
1.812911224365234375e+01
1.905338406562805176e+01
1.814378428459167480e+01
1.828933525085449219e+01
1.820687651634216309e+01
1.823392009735107422e+01
1.830786609649658203e+01
1.822217798233032227e+01
1.823506879806518555e+01
1.823386645317077637e+01
1.819550800323486328e+01
1.823853111267089844e+01
1.832292008399963379e+01
1.827550029754638672e+01
1.815475726127624512e+01
1.827603793144226074e+01
1.836380887031555176e+01
1.817166566848754883e+01
1.825486588478088379e+01
1.826097726821899414e+01
1.819112825393676758e+01
1.826438331604003906e+01
1.827928137779235840e+01
1.816008257865905762e+01
1.804693245887756348e+01
1.824728369712829590e+01
1.827614164352416992e+01
1.812488532066345215e+01
1.824975252151489258e+01
1.821601819992065430e+01
1.812323236465454102e+01
1.816945743560791016e+01
1.811460208892822266e+01
1.819453310966491699e+01
1.820773053169250488e+01
1.813617610931396484e+01
1.823205566406250000e+01
1.813904809951782227e+01
1.810673666000366211e+01
1.817225980758666992e+01
1.821767354011535645e+01
1.812332272529602051e+01
1.814661526679992676e+01
1.815123295783996582e+01
1.808912611007690430e+01
1.811129951477050781e+01
1.819412994384765625e+01
1.813765883445739746e+01
1.810470628738403320e+01
1.808171653747558594e+01
1.810435676574707031e+01
1.809290003776550293e+01
1.822042274475097656e+01
1.819794821739196777e+01
1.816269874572753906e+01
1.821885466575622559e+01
1.817847633361816406e+01
1.816479539871215820e+01
1.814798760414123535e+01
1.812265396118164062e+01
1.825362181663513184e+01
1.809794354438781738e+01
1.818874192237854004e+01
1.824206948280334473e+01
1.818157482147216797e+01
1.814831352233886719e+01
1.821216750144958496e+01
1.811259055137634277e+01
1.814058876037597656e+01
1.818464803695678711e+01
