4.368543624877929688e-03
4.049301147460937500e-03
1.309013366699218750e-02
4.049062728881835938e-03
4.101753234863281250e-03
4.043579101562500000e-03
4.122972488403320312e-03
4.091024398803710938e-03
4.081249237060546875e-03
4.146337509155273438e-03
4.192113876342773438e-03
1.086640357971191406e-02
4.166603088378906250e-03
4.144906997680664062e-03
4.081487655639648438e-03
4.126548767089843750e-03
4.142045974731445312e-03
4.151105880737304688e-03
4.123687744140625000e-03
9.417533874511718750e-03
4.196643829345703125e-03
4.238605499267578125e-03
4.157304763793945312e-03
4.122972488403320312e-03
4.205703735351562500e-03
4.128694534301757812e-03
1.444292068481445312e-02
4.180908203125000000e-03
4.138708114624023438e-03
4.209756851196289062e-03
4.163980484008789062e-03
4.173517227172851562e-03
1.532649993896484375e-02
1.260519027709960938e-02
4.131317138671875000e-03
4.202365875244140625e-03
4.157781600952148438e-03
4.169225692749023438e-03
4.173994064331054688e-03
4.136323928833007812e-03
1.213884353637695312e-02
1.139950752258300781e-02
4.135608673095703125e-03
4.172563552856445312e-03
4.116535186767578125e-03
4.031896591186523438e-03
4.128694534301757812e-03
4.081010818481445312e-03
4.033327102661132812e-03
4.012584686279296875e-03
4.156589508056640625e-03
1.249885559082031250e-02
4.093408584594726562e-03
4.110574722290039062e-03
4.072427749633789062e-03
4.130125045776367188e-03
3.001070022583007812e-02
4.148006439208984375e-03
4.120826721191406250e-03
9.943962097167968750e-03
4.078626632690429688e-03
4.095554351806640625e-03
4.096269607543945312e-03
7.773399353027343750e-03
4.197835922241210938e-03
1.011967658996582031e-02
4.114866256713867188e-03
1.577711105346679688e-02
6.951808929443359375e-03
5.213260650634765625e-03
4.074096679687500000e-03
4.138469696044921875e-03
4.171371459960937500e-03
4.130601882934570312e-03
1.269888877868652344e-02
4.023075103759765625e-03
4.084587097167968750e-03
4.124164581298828125e-03
4.070043563842773438e-03
8.736848831176757812e-03
4.139900207519531250e-03
4.001617431640625000e-03
4.066467285156250000e-03
4.064083099365234375e-03
4.068851470947265625e-03
4.016637802124023438e-03
4.063606262207031250e-03
4.046678543090820312e-03
4.076004028320312500e-03
4.097938537597656250e-03
4.045486450195312500e-03
4.069328308105468750e-03
4.150629043579101562e-03
4.125356674194335938e-03
4.040718078613281250e-03
4.008769989013671875e-03
4.040718078613281250e-03
4.092454910278320312e-03
4.095792770385742188e-03
4.054784774780273438e-03
