6.857860088348388672e-01
8.826336860656738281e-01
7.909126281738281250e-01
5.786979198455810547e-01
8.062074184417724609e-01
8.280668258666992188e-01
8.424894809722900391e-01
6.590969562530517578e-01
7.281100749969482422e-01
8.780033588409423828e-01
9.526572227478027344e-01
8.210988044738769531e-01
7.434439659118652344e-01
7.092621326446533203e-01
9.596316814422607422e-01
6.967525482177734375e-01
5.595023632049560547e-01
9.097619056701660156e-01
6.885404586791992188e-01
7.181658744812011719e-01
7.907524108886718750e-01
6.612000465393066406e-01
5.850720405578613281e-01
7.669696807861328125e-01
7.922916412353515625e-01
4.480025768280029297e-01
3.703875541687011719e-01
5.526883602142333984e-01
8.346810340881347656e-01
9.914698600769042969e-01
6.156866550445556641e-01
1.005456447601318359e+00
1.067481517791748047e+00
7.602195739746093750e-01
6.992087364196777344e-01
9.173386096954345703e-01
6.169595718383789062e-01
7.641220092773437500e-01
5.654735565185546875e-01
1.038652181625366211e+00
8.355560302734375000e-01
5.947453975677490234e-01
8.465673923492431641e-01
5.834879875183105469e-01
7.072496414184570312e-01
8.111929893493652344e-01
7.409327030181884766e-01
8.498389720916748047e-01
6.646277904510498047e-01
6.880261898040771484e-01
