2.719700150191783905e-02
6.528305355459451675e-03
2.766500227153301239e-03
3.049910534173250198e-03
4.078110578120686114e-05
1.302246982959331945e-05
1.917346253321738914e-06
1.315634222009975929e-06
1.056322048498259392e-06
8.373941682293661870e-07
6.844430799901601858e-07
5.601447696790273767e-07
4.590991693476098590e-07
3.725220665273809573e-07
3.040401281850790838e-07
2.539790102673578076e-07
2.180384655048328568e-07
1.874745976238045841e-07
1.605263832971104421e-07
1.384341601351479767e-07
9.749779710546135902e-04
9.132692753155424725e-07
5.410090011537249666e-07
3.945484934320120374e-07
3.150078953240154078e-07
2.585475726846198086e-07
2.115711339456538553e-07
1.770538489154205308e-07
1.498876827099593356e-07
1.254951342843924067e-07
1.062199359580517921e-07
9.156489966244407697e-08
7.937175183769795694e-08
6.901662885638870648e-08
6.047432776767891482e-08
5.330646501988667296e-08
4.730225811044874717e-08
4.245330842422845308e-08
3.842229290285104071e-08
3.527673442249579239e-08
3.265401105068121979e-08
3.041921914359591028e-08
2.854703495813737391e-08
2.690254774506684043e-08
2.549419519937146106e-08
2.429667311787397921e-08
2.354610373345167318e-08
2.292203760134725599e-08
2.257626618984431843e-08
2.258469145033359382e-08
