4.129945337772369385e-01
5.467996001243591309e-01
5.467996001243591309e-01
5.467996001243591309e-01
5.467996001243591309e-01
5.467996001243591309e-01
5.529109239578247070e-01
5.860405564308166504e-01
5.776777267456054688e-01
6.079125404357910156e-01
6.294628381729125977e-01
6.349308490753173828e-01
6.410421133041381836e-01
6.423287391662597656e-01
6.539080142974853516e-01
6.484400033950805664e-01
6.661306023597717285e-01
6.670955419540405273e-01
6.773882508277893066e-01
6.818912625312805176e-01
6.789964437484741211e-01
6.693470478057861328e-01
6.847860813140869141e-01
6.915407180786132812e-01
6.944355368614196777e-01
6.966870427131652832e-01
6.970086693763732910e-01
6.963654160499572754e-01
6.979736089706420898e-01
6.950787901878356934e-01
7.002251744270324707e-01
6.976519823074340820e-01
7.050498723983764648e-01
7.015117406845092773e-01
6.973303556442260742e-01
7.085879445075988770e-01
7.034416198730468750e-01
7.040849328041076660e-01
7.044065594673156738e-01
7.044065594673156738e-01
7.047281861305236816e-01
7.105178236961364746e-01
7.082663178443908691e-01
7.095528841018676758e-01
7.105178236961364746e-01
7.053714990615844727e-01
7.095528841018676758e-01
7.089096307754516602e-01
7.076230049133300781e-01
7.114827632904052734e-01
7.092312574386596680e-01
7.127693891525268555e-01
7.105178236961364746e-01
7.130910158157348633e-01
7.124477028846740723e-01
7.130910158157348633e-01
7.121260762214660645e-01
7.130910158157348633e-01
7.134127020835876465e-01
7.111611366271972656e-01
7.127693891525268555e-01
7.130910158157348633e-01
7.137343287467956543e-01
7.137343287467956543e-01
7.130910158157348633e-01
7.140559554100036621e-01
7.134127020835876465e-01
7.124477028846740723e-01
7.134127020835876465e-01
7.140559554100036621e-01
7.121260762214660645e-01
7.134127020835876465e-01
7.140559554100036621e-01
7.137343287467956543e-01
7.134127020835876465e-01
7.118044495582580566e-01
7.121260762214660645e-01
7.140559554100036621e-01
7.140559554100036621e-01
7.137343287467956543e-01
7.137343287467956543e-01
7.140559554100036621e-01
7.140559554100036621e-01
7.140559554100036621e-01
7.137343287467956543e-01
7.137343287467956543e-01
7.137343287467956543e-01
7.137343287467956543e-01
7.137343287467956543e-01
7.137343287467956543e-01
7.137343287467956543e-01
7.140559554100036621e-01
7.140559554100036621e-01
7.140559554100036621e-01
7.140559554100036621e-01
7.140559554100036621e-01
7.140559554100036621e-01
7.140559554100036621e-01
7.140559554100036621e-01
7.140559554100036621e-01
