2.195989608764648438e+00
1.678472399711608887e+00
1.378902673721313477e+00
1.323037981986999512e+00
1.280790686607360840e+00
1.187607288360595703e+00
1.172695875167846680e+00
1.096336722373962402e+00
1.039221644401550293e+00
1.017139673233032227e+00
1.006740331649780273e+00
9.871898889541625977e-01
9.659001231193542480e-01
9.515988230705261230e-01
9.431241750717163086e-01
9.336944222450256348e-01
9.344466328620910645e-01
9.277247786521911621e-01
9.172636270523071289e-01
9.080622196197509766e-01
9.037300944328308105e-01
9.122468233108520508e-01
9.121190309524536133e-01
8.914494514465332031e-01
8.905764818191528320e-01
8.870708942413330078e-01
8.888518810272216797e-01
8.793399333953857422e-01
8.820449709892272949e-01
8.767774701118469238e-01
8.756465911865234375e-01
8.738417029380798340e-01
8.745147585868835449e-01
8.716858625411987305e-01
8.697655200958251953e-01
8.677176237106323242e-01
8.661850094795227051e-01
8.646956682205200195e-01
8.640154004096984863e-01
8.649659752845764160e-01
8.627384901046752930e-01
8.615196347236633301e-01
8.611143827438354492e-01
8.602371215820312500e-01
8.607423901557922363e-01
8.602158427238464355e-01
8.596115112304687500e-01
8.601685166358947754e-01
8.584982156753540039e-01
8.580101728439331055e-01
8.578712344169616699e-01
8.576369881629943848e-01
8.570162653923034668e-01
8.568829298019409180e-01
8.567470908164978027e-01
8.563792109489440918e-01
8.564591407775878906e-01
8.563340902328491211e-01
8.560454249382019043e-01
8.560166358947753906e-01
8.558884263038635254e-01
8.557376265525817871e-01
8.558404445648193359e-01
8.555328845977783203e-01
8.554600477218627930e-01
8.554651141166687012e-01
8.553683757781982422e-01
8.552873730659484863e-01
8.552177548408508301e-01
8.552561998367309570e-01
8.551697134971618652e-01
8.551982045173645020e-01
8.550752401351928711e-01
8.551077842712402344e-01
8.550456166267395020e-01
8.550300002098083496e-01
8.550258278846740723e-01
8.549916744232177734e-01
8.549462556838989258e-01
8.549409508705139160e-01
8.549770712852478027e-01
8.549129366874694824e-01
8.549215793609619141e-01
8.548898696899414062e-01
8.548792600631713867e-01
8.548713326454162598e-01
8.548610806465148926e-01
8.548542857170104980e-01
8.548563718795776367e-01
8.548466563224792480e-01
8.548424839973449707e-01
8.548332452774047852e-01
8.548284173011779785e-01
8.548362255096435547e-01
8.548288345336914062e-01
8.548167943954467773e-01
8.548125624656677246e-01
8.548118472099304199e-01
8.548081517219543457e-01
8.548040390014648438e-01
