5.184364318847656250e-02
5.206561088562011719e-02
5.245471000671386719e-02
5.724692344665527344e-02
5.301380157470703125e-02
5.271983146667480469e-02
5.298256874084472656e-02
5.269145965576171875e-02
5.298256874084472656e-02
5.299353599548339844e-02
5.815935134887695312e-02
5.290079116821289062e-02
5.321669578552246094e-02
5.316352844238281250e-02
5.297112464904785156e-02
5.310940742492675781e-02
5.865001678466796875e-02
5.302286148071289062e-02
5.317902565002441406e-02
5.686211585998535156e-02
5.340027809143066406e-02
5.340051651000976562e-02
5.330371856689453125e-02
5.319452285766601562e-02
5.318617820739746094e-02
5.327320098876953125e-02
5.353569984436035156e-02
5.321979522705078125e-02
5.324530601501464844e-02
5.363583564758300781e-02
