1.559277534484863281e+01
1.467794632911682129e+01
1.493178200721740723e+01
1.503722715377807617e+01
1.989701819419860840e+01
1.470159387588500977e+01
1.486753368377685547e+01
1.487385177612304688e+01
1.491470646858215332e+01
1.506022262573242188e+01
1.991976261138916016e+01
1.487242031097412109e+01
1.498507952690124512e+01
1.514432215690612793e+01
1.467540550231933594e+01
1.487329268455505371e+01
1.496729540824890137e+01
1.482021284103393555e+01
1.496668624877929688e+01
1.499051523208618164e+01
1.520882344245910645e+01
1.493647933006286621e+01
2.045795154571533203e+01
1.469053459167480469e+01
1.506644582748413086e+01
1.490520668029785156e+01
1.493937706947326660e+01
1.499158382415771484e+01
1.485592627525329590e+01
1.501259970664978027e+01
