2.331201906204223633e+02
2.313646969795227051e+02
2.318230090141296387e+02
2.338909409046173096e+02
2.933494286537170410e+02
2.303842191696166992e+02
2.305520024299621582e+02
2.715462107658386230e+02
2.307692470550537109e+02
2.320888984203338623e+02
2.742306692600250244e+02
2.528035025596618652e+02
2.298758645057678223e+02
2.290975062847137451e+02
2.303717801570892334e+02
2.351825129985809326e+02
2.321282799243927002e+02
2.566485588550567627e+02
2.491917302608489990e+02
2.306498241424560547e+02
2.601116206645965576e+02
2.292589852809906006e+02
2.319645195007324219e+02
2.319577226638793945e+02
2.317028920650482178e+02
2.771556026935577393e+02
2.502120633125305176e+02
2.313653609752655029e+02
2.779145224094390869e+02
2.451460881233215332e+02
2.309984407424926758e+02
2.310396294593811035e+02
2.309482553005218506e+02
2.293644068241119385e+02
2.280657656192779541e+02
2.747669293880462646e+02
2.288518638610839844e+02
2.624444260597229004e+02
2.295809032917022705e+02
2.593004653453826904e+02
2.335814228057861328e+02
2.327210900783538818e+02
2.328277971744537354e+02
2.314965653419494629e+02
2.283019039630889893e+02
2.307335875034332275e+02
2.840074336528778076e+02
2.284715788364410400e+02
2.317946128845214844e+02
2.561089041233062744e+02
2.336437976360321045e+02
2.304842445850372314e+02
2.335797214508056641e+02
2.293397541046142578e+02
2.897617373466491699e+02
2.352751939296722412e+02
2.314100983142852783e+02
2.322450814247131348e+02
2.307518200874328613e+02
2.325158305168151855e+02
2.293452372550964355e+02
2.327066354751586914e+02
2.279866499900817871e+02
2.318757498264312744e+02
2.292177534103393555e+02
2.779072043895721436e+02
2.281976547241210938e+02
2.319639756679534912e+02
2.615502996444702148e+02
2.317832992076873779e+02
2.581224160194396973e+02
2.311651017665863037e+02
2.300457742214202881e+02
2.312933998107910156e+02
2.808931016921997070e+02
2.457858669757843018e+02
2.275650260448455811e+02
2.310002501010894775e+02
2.628416409492492676e+02
2.486577603816986084e+02
2.310556423664093018e+02
2.784714174270629883e+02
2.251640911102294922e+02
2.608496117591857910e+02
2.310754990577697754e+02
2.292979271411895752e+02
2.314002983570098877e+02
2.318553273677825928e+02
2.539568598270416260e+02
2.300195219516754150e+02
2.899419016838073730e+02
2.313533842563629150e+02
2.672631416320800781e+02
2.308175537586212158e+02
2.814514663219451904e+02
2.294712178707122803e+02
2.834352447986602783e+02
2.331086938381195068e+02
2.676880500316619873e+02
2.319474153518676758e+02
