1.628151202201843262e+01
1.597108459472656250e+01
1.593949198722839355e+01
1.573009157180786133e+01
1.574383568763732910e+01
1.584442615509033203e+01
1.589429354667663574e+01
1.593331551551818848e+01
1.589406371116638184e+01
1.600268268585205078e+01
1.581477141380310059e+01
1.585740733146667480e+01
1.600341773033142090e+01
1.598687601089477539e+01
1.584555411338806152e+01
1.597961473464965820e+01
1.597098493576049805e+01
1.583348464965820312e+01
1.595472383499145508e+01
1.579163885116577148e+01
1.594290590286254883e+01
1.590084958076477051e+01
1.588268733024597168e+01
1.583353281021118164e+01
1.586110782623291016e+01
1.601422548294067383e+01
1.580847930908203125e+01
1.579717683792114258e+01
1.723486018180847168e+01
1.584138083457946777e+01
1.594057726860046387e+01
1.591316151618957520e+01
1.595029020309448242e+01
1.589822173118591309e+01
1.585118603706359863e+01
1.599378085136413574e+01
1.603492569923400879e+01
1.591098046302795410e+01
1.584247040748596191e+01
1.591586279869079590e+01
1.593925046920776367e+01
1.977124619483947754e+01
1.573704648017883301e+01
1.828469204902648926e+01
1.578727746009826660e+01
1.594129824638366699e+01
1.589085173606872559e+01
1.774378228187561035e+01
1.602842593193054199e+01
1.600772953033447266e+01
1.580612015724182129e+01
1.588241505622863770e+01
1.742410635948181152e+01
1.571958875656127930e+01
1.597254991531372070e+01
1.582780408859252930e+01
1.594664955139160156e+01
1.590868926048278809e+01
1.600630831718444824e+01
1.606193304061889648e+01
1.590894126892089844e+01
1.732239079475402832e+01
1.597158169746398926e+01
1.601380395889282227e+01
1.590315604209899902e+01
1.600225567817687988e+01
1.597627830505371094e+01
1.577707338333129883e+01
1.589473009109497070e+01
1.972623324394226074e+01
1.600086879730224609e+01
1.592704415321350098e+01
1.602294063568115234e+01
1.601844072341918945e+01
1.592795729637145996e+01
1.596159005165100098e+01
1.585415840148925781e+01
1.586213564872741699e+01
1.597784852981567383e+01
1.590839099884033203e+01
1.596905827522277832e+01
1.592401385307312012e+01
1.599497604370117188e+01
1.604076433181762695e+01
1.596250724792480469e+01
1.588940262794494629e+01
1.588042378425598145e+01
1.601750230789184570e+01
1.595668077468872070e+01
1.566356158256530762e+01
1.601864862442016602e+01
1.598291683197021484e+01
1.592382144927978516e+01
1.579590749740600586e+01
1.758150911331176758e+01
1.600691461563110352e+01
1.585157632827758789e+01
1.599621415138244629e+01
1.600882816314697266e+01
1.576385831832885742e+01
