1.232874488830566406e+01
1.895502233505249023e+01
1.280797863006591797e+01
2.005202198028564453e+01
3.375069999694824219e+01
1.851494336128234863e+01
1.870454192161560059e+01
3.961997699737548828e+01
1.341885161399841309e+01
3.962303090095520020e+01
1.893675684928894043e+01
3.962276220321655273e+01
1.915375351905822754e+01
2.167954277992248535e+01
3.959489226341247559e+01
2.052254724502563477e+01
3.963253617286682129e+01
1.333994174003601074e+01
3.963224196434020996e+01
1.215578079223632812e+01
2.091236758232116699e+01
3.962945222854614258e+01
1.792631101608276367e+01
2.701505088806152344e+01
2.592103743553161621e+01
2.690134906768798828e+01
3.960206937789916992e+01
1.234675765037536621e+01
1.243059468269348145e+01
1.946256875991821289e+01
3.209107494354248047e+01
3.964545440673828125e+01
1.296714925765991211e+01
2.043772125244140625e+01
3.964303994178771973e+01
3.956174826622009277e+01
1.159162950515747070e+01
3.969120335578918457e+01
1.921993470191955566e+01
1.317484140396118164e+01
3.971044540405273438e+01
1.749059605598449707e+01
3.967888665199279785e+01
1.298408770561218262e+01
1.279151129722595215e+01
1.963858938217163086e+01
3.229399657249450684e+01
2.682428550720214844e+01
3.208791494369506836e+01
3.966113185882568359e+01
