7.012787580490112305e+00
8.376910209655761719e+00
1.815415215492248535e+01
3.830282473564147949e+01
1.670026469230651855e+01
1.953763222694396973e+01
2.748860573768615723e+01
3.818423295021057129e+01
7.003222465515136719e+00
3.801957631111145020e+01
8.046388864517211914e+00
2.013529157638549805e+01
3.841899776458740234e+01
7.018155574798583984e+00
2.604812550544738770e+01
1.923114442825317383e+01
3.823876929283142090e+01
6.907346963882446289e+00
2.894722032546997070e+01
1.748111557960510254e+01
1.780582976341247559e+01
6.894779443740844727e+00
1.760387778282165527e+01
7.693457126617431641e+00
7.520482301712036133e+00
1.775086069107055664e+01
7.196547746658325195e+00
1.676244020462036133e+01
9.519835710525512695e+00
1.803126025199890137e+01
3.829825448989868164e+01
6.742055177688598633e+00
2.712895464897155762e+01
1.806095790863037109e+01
2.734612679481506348e+01
1.842615747451782227e+01
2.718105912208557129e+01
3.841651797294616699e+01
6.875303030014038086e+00
1.923576879501342773e+01
2.653847861289978027e+01
1.856905579566955566e+01
3.836334037780761719e+01
7.540486812591552734e+00
7.547302484512329102e+00
7.398603439331054688e+00
1.534235048294067383e+01
9.033683061599731445e+00
1.622112393379211426e+01
9.000130891799926758e+00
