1.357264733314514160e+01
2.045944643020629883e+01
1.440244746208190918e+01
1.891155362129211426e+01
1.409561300277709961e+01
2.076658463478088379e+01
1.738022994995117188e+01
1.730260801315307617e+01
1.500971698760986328e+01
1.838969683647155762e+01
1.504162240028381348e+01
1.888918209075927734e+01
1.456235861778259277e+01
1.871158599853515625e+01
1.540438795089721680e+01
4.093935179710388184e+01
1.432726669311523438e+01
1.343125391006469727e+01
2.134454560279846191e+01
3.361657476425170898e+01
2.196359658241271973e+01
3.228663945198059082e+01
2.143131613731384277e+01
3.343202567100524902e+01
2.127390336990356445e+01
3.426737904548645020e+01
2.094063520431518555e+01
3.360522532463073730e+01
2.127008366584777832e+01
2.045856332778930664e+01
1.914995098114013672e+01
2.009790158271789551e+01
3.329081106185913086e+01
1.968027186393737793e+01
1.406897377967834473e+01
1.989823555946350098e+01
1.381423997879028320e+01
2.023044824600219727e+01
1.507298135757446289e+01
1.955163908004760742e+01
1.503406310081481934e+01
1.909426379203796387e+01
1.391930174827575684e+01
2.023568344116210938e+01
1.379738473892211914e+01
2.013593387603759766e+01
1.444186449050903320e+01
1.997061944007873535e+01
1.780035543441772461e+01
1.543641233444213867e+01
