2.046610403060913086e+01
1.382376217842102051e+01
1.404222536087036133e+01
1.405134463310241699e+01
1.401953077316284180e+01
1.402827548980712891e+01
1.408975744247436523e+01
2.011978149414062500e+01
1.409664392471313477e+01
1.407952165603637695e+01
2.010484027862548828e+01
1.409730219841003418e+01
1.410299706459045410e+01
1.409599494934082031e+01
1.411876964569091797e+01
2.010665535926818848e+01
1.419124913215637207e+01
1.411371302604675293e+01
1.415339422225952148e+01
1.399166536331176758e+01
1.410770559310913086e+01
1.394341278076171875e+01
1.412977266311645508e+01
1.410248327255249023e+01
1.409495854377746582e+01
2.037628936767578125e+01
1.392664265632629395e+01
2.026923751831054688e+01
1.412295794486999512e+01
2.007244348526000977e+01
1.406089878082275391e+01
1.402579236030578613e+01
1.406125068664550781e+01
1.413973474502563477e+01
1.412730693817138672e+01
1.408822894096374512e+01
1.414367055892944336e+01
1.429095315933227539e+01
1.409162139892578125e+01
1.411064577102661133e+01
1.425098609924316406e+01
1.412555146217346191e+01
1.416393423080444336e+01
1.418841195106506348e+01
1.408880734443664551e+01
1.439432978630065918e+01
1.428619241714477539e+01
1.997661662101745605e+01
1.414719820022583008e+01
1.413039040565490723e+01
