2.253199577331542969e+00
2.104040622711181641e+00
1.889753103256225586e+00
1.841947436332702637e+00
1.802061200141906738e+00
1.672340393066406250e+00
1.620039701461791992e+00
1.548097252845764160e+00
1.544192910194396973e+00
1.494667053222656250e+00
1.510962605476379395e+00
1.420197963714599609e+00
1.395275473594665527e+00
1.408423542976379395e+00
1.378364443778991699e+00
1.325300097465515137e+00
1.341468095779418945e+00
1.335082173347473145e+00
1.288801431655883789e+00
1.275606036186218262e+00
1.214374423027038574e+00
1.247878909111022949e+00
1.206211090087890625e+00
1.200990319252014160e+00
1.191126704216003418e+00
1.139354944229125977e+00
1.131972432136535645e+00
1.094825744628906250e+00
1.119977712631225586e+00
1.039076924324035645e+00
1.049635767936706543e+00
1.045915842056274414e+00
9.905980825424194336e-01
1.025023579597473145e+00
9.760531783103942871e-01
9.613358378410339355e-01
9.597644805908203125e-01
9.119623303413391113e-01
8.481965065002441406e-01
8.726678490638732910e-01
8.545431494712829590e-01
7.611420750617980957e-01
7.697158455848693848e-01
7.298417687416076660e-01
7.587923407554626465e-01
7.513625621795654297e-01
7.795871496200561523e-01
6.495383977890014648e-01
6.067745089530944824e-01
5.906975865364074707e-01
5.679187178611755371e-01
6.187717318534851074e-01
5.505077838897705078e-01
4.874706566333770752e-01
5.001438856124877930e-01
4.589510262012481689e-01
4.641313850879669189e-01
4.061421751976013184e-01
3.877295255661010742e-01
3.928101658821105957e-01
3.513909280300140381e-01
3.481906056404113770e-01
3.221500813961029053e-01
3.130556643009185791e-01
4.068965911865234375e-01
3.118772804737091064e-01
2.641291320323944092e-01
2.204088419675827026e-01
2.350996583700180054e-01
2.002320140600204468e-01
2.062620818614959717e-01
1.462020874023437500e-01
1.444841176271438599e-01
2.366521656513214111e-01
1.400026977062225342e-01
1.042738929390907288e-01
7.774721086025238037e-02
6.466855108737945557e-02
7.589883357286453247e-02
5.903369188308715820e-02
4.360004141926765442e-02
3.217522054910659790e-02
2.663774602115154266e-02
2.470925077795982361e-02
2.508852258324623108e-02
1.990829221904277802e-02
1.795206032693386078e-02
1.544591318815946579e-02
1.429351326078176498e-02
1.277891546487808228e-02
1.290896348655223846e-02
1.006754860281944275e-02
8.988454937934875488e-03
8.876044303178787231e-03
7.867280393838882446e-03
7.391452789306640625e-03
6.529315840452909470e-03
6.405178457498550415e-03
6.247718818485736847e-03
5.571376997977495193e-03
