2.307525873184204102e+00
2.217073202133178711e+00
2.180576324462890625e+00
2.177572250366210938e+00
2.056678533554077148e+00
2.056791543960571289e+00
2.130045175552368164e+00
2.185609340667724609e+00
2.145588397979736328e+00
2.398137331008911133e+00
2.199555158615112305e+00
2.180885314941406250e+00
2.164876937866210938e+00
2.306802034378051758e+00
2.158879041671752930e+00
2.161575555801391602e+00
2.224075794219970703e+00
2.210856676101684570e+00
2.169034957885742188e+00
2.169492721557617188e+00
2.227941274642944336e+00
2.226507902145385742e+00
2.225615739822387695e+00
2.224929809570312500e+00
2.224468946456909180e+00
2.223973989486694336e+00
2.223642826080322266e+00
2.223342657089233398e+00
2.223052263259887695e+00
2.222784042358398438e+00
2.222627878189086914e+00
2.222383260726928711e+00
2.222217082977294922e+00
2.222066879272460938e+00
2.221901893615722656e+00
2.221769094467163086e+00
2.221654653549194336e+00
2.221545457839965820e+00
2.221451282501220703e+00
2.221319913864135742e+00
2.221252441406250000e+00
2.221140146255493164e+00
2.221073627471923828e+00
2.221012115478515625e+00
2.220949649810791016e+00
2.220887184143066406e+00
2.220824003219604492e+00
2.220785379409790039e+00
2.220735073089599609e+00
2.220684528350830078e+00
2.220666646957397461e+00
2.220623254776000977e+00
2.220611810684204102e+00
2.220561027526855469e+00
2.220535039901733398e+00
2.220503568649291992e+00
2.220504522323608398e+00
2.220469474792480469e+00
2.220453739166259766e+00
2.220430374145507812e+00
2.220419883728027344e+00
2.220383644104003906e+00
2.220399379730224609e+00
2.220373630523681641e+00
2.220350503921508789e+00
2.220339775085449219e+00
2.220339775085449219e+00
2.220322847366333008e+00
2.220333576202392578e+00
2.220317840576171875e+00
2.220333814620971680e+00
2.220309972763061523e+00
2.220306396484375000e+00
2.220311164855957031e+00
2.220299005508422852e+00
2.220275640487670898e+00
2.220300674438476562e+00
2.220282316207885742e+00
2.220295429229736328e+00
2.220282793045043945e+00
2.220286607742309570e+00
2.220268011093139648e+00
2.220283508300781250e+00
2.220276117324829102e+00
2.220280408859252930e+00
2.220265150070190430e+00
2.220264434814453125e+00
2.220263481140136719e+00
2.220286369323730469e+00
2.220254182815551758e+00
2.220275640487670898e+00
2.220272779464721680e+00
2.220260620117187500e+00
2.220257043838500977e+00
2.220269918441772461e+00
2.220247983932495117e+00
2.220279932022094727e+00
2.220258235931396484e+00
2.220264911651611328e+00
2.220265150070190430e+00
2.220278024673461914e+00
2.220268964767456055e+00
2.220260143280029297e+00
2.220261812210083008e+00
2.220283269882202148e+00
2.220266103744506836e+00
2.220268487930297852e+00
2.220253229141235352e+00
2.220261573791503906e+00
2.220283746719360352e+00
2.220277309417724609e+00
2.220254659652709961e+00
2.220270395278930664e+00
2.220258712768554688e+00
2.220266342163085938e+00
2.220266103744506836e+00
2.220282316207885742e+00
2.220266103744506836e+00
2.220276832580566406e+00
2.220270156860351562e+00
2.220269918441772461e+00
2.220261096954345703e+00
2.220273971557617188e+00
2.220246315002441406e+00
2.220256567001342773e+00
2.220255851745605469e+00
2.220272064208984375e+00
2.220259666442871094e+00
2.220275402069091797e+00
2.220252513885498047e+00
2.220267534255981445e+00
2.220254182815551758e+00
2.220266819000244141e+00
2.220258951187133789e+00
2.220269918441772461e+00
2.220274448394775391e+00
2.220269918441772461e+00
2.220249414443969727e+00
2.220254182815551758e+00
2.220268964767456055e+00
2.220280885696411133e+00
2.220264434814453125e+00
2.220272779464721680e+00
2.220258712768554688e+00
2.220273494720458984e+00
2.220247268676757812e+00
2.220268249511718750e+00
2.220261573791503906e+00
2.220255136489868164e+00
2.220263719558715820e+00
2.220275402069091797e+00
2.220278978347778320e+00
2.220279455184936523e+00
2.220240116119384766e+00
2.220280885696411133e+00
2.220257759094238281e+00
2.220268011093139648e+00
2.220267057418823242e+00
2.220271348953247070e+00
2.220260381698608398e+00
2.220270395278930664e+00
2.220264911651611328e+00
2.220279932022094727e+00
2.220263004302978516e+00
2.220269918441772461e+00
2.220269441604614258e+00
2.220268726348876953e+00
2.220266580581665039e+00
2.220258712768554688e+00
2.220258235931396484e+00
2.220263004302978516e+00
2.220253705978393555e+00
2.220278501510620117e+00
2.220256328582763672e+00
2.220272302627563477e+00
2.220268726348876953e+00
2.220254898071289062e+00
2.220261096954345703e+00
2.220267534255981445e+00
2.220271825790405273e+00
2.220261096954345703e+00
2.220260858535766602e+00
2.220275163650512695e+00
2.220246791839599609e+00
2.220276832580566406e+00
2.220255374908447266e+00
2.220273494720458984e+00
2.220253229141235352e+00
2.220272064208984375e+00
2.220274448394775391e+00
2.220264673233032227e+00
2.220255613327026367e+00
2.220264911651611328e+00
2.220268964767456055e+00
2.220280408859252930e+00
2.220264434814453125e+00
2.220270395278930664e+00
2.220262527465820312e+00
2.220268487930297852e+00
2.220263242721557617e+00
