6.854291915893554688e+00
7.075830221176147461e+00
7.177450180053710938e+00
6.814740657806396484e+00
7.102698802947998047e+00
6.594639062881469727e+00
6.989393472671508789e+00
6.959560155868530273e+00
7.136968612670898438e+00
7.092728853225708008e+00
7.078615188598632812e+00
7.165625572204589844e+00
7.616064071655273438e+00
6.642727136611938477e+00
7.299561977386474609e+00
2.637750554084777832e+01
7.157042264938354492e+00
7.246225833892822266e+00
1.584724688529968262e+01
7.033048629760742188e+00
6.986145257949829102e+00
6.996698856353759766e+00
7.249463796615600586e+00
7.178873300552368164e+00
7.303052663803100586e+00
7.395107269287109375e+00
1.596116685867309570e+01
7.136003971099853516e+00
7.317883968353271484e+00
7.563775777816772461e+00
6.930503129959106445e+00
6.655334949493408203e+00
7.287468910217285156e+00
7.193984746932983398e+00
7.197153806686401367e+00
6.887865304946899414e+00
7.309165954589843750e+00
7.308993339538574219e+00
7.530017614364624023e+00
2.722677922248840332e+01
7.258405685424804688e+00
6.901334285736083984e+00
7.185143232345581055e+00
7.413510322570800781e+00
7.019603490829467773e+00
7.232610940933227539e+00
7.385746955871582031e+00
7.475565671920776367e+00
7.403241872787475586e+00
7.264691114425659180e+00
