8.154346793889999390e-02
1.094329543411731720e-02
6.303935777395963669e-03
1.077646738849580288e-04
1.672502112342044711e-04
9.701549060991965234e-06
1.386654457746772096e-05
3.047637073905207217e-05
3.690369339892640710e-06
2.550464614614611492e-06
1.639594415792089421e-06
1.156081452791113406e-06
8.847977142067975365e-07
7.103178631950868294e-07
5.882456548533809837e-07
5.032710532759665512e-07
4.340290615800768137e-07
3.784122668548661750e-07
3.307884810510586249e-07
2.909722525146207772e-07
2.572774349118844839e-07
2.298390171517894487e-07
2.068357787265995285e-07
1.867331036464747740e-07
1.693286577619801392e-07
1.548079779922773014e-07
1.424459838972325088e-07
1.316186200028823805e-07
1.226632520001658122e-07
1.147028925174709002e-07
1.079568292539079266e-07
1.020708424448457663e-07
9.689320989991756505e-08
9.250822330386654357e-08
8.889904989928254508e-08
8.571149123781651724e-08
8.287810970841746894e-08
8.014590235916330130e-08
7.793653367116348818e-08
7.603075147244453547e-08
7.412496927372558275e-08
7.247215449979194091e-08
7.085307629495218862e-08
6.940264540844509611e-08
6.798594398560453556e-08
6.683908537752358825e-08
6.584403422493778635e-08
6.481523229240337969e-08
6.398882845815023757e-08
6.299377020013707806e-08
