7.496922016143798828e-01
6.727378368377685547e-01
7.424926757812500000e-01
7.059686183929443359e-01
7.987344264984130859e-01
7.239563465118408203e-01
7.241165637969970703e-01
5.089781284332275391e-01
7.683501243591308594e-01
7.722952365875244141e-01
7.351052761077880859e-01
8.855419158935546875e-01
8.048427104949951172e-01
7.998573780059814453e-01
7.119057178497314453e-01
6.815481185913085938e-01
5.912046432495117188e-01
8.852107524871826172e-01
7.559225559234619141e-01
6.806008815765380859e-01
7.174413204193115234e-01
7.863154411315917969e-01
6.689863204956054688e-01
7.342569828033447266e-01
8.331985473632812500e-01
7.554578781127929688e-01
1.075363874435424805e+00
6.444408893585205078e-01
7.852642536163330078e-01
9.913675785064697266e-01
6.013593673706054688e-01
6.491367816925048828e-01
7.499189376831054688e-01
8.134043216705322266e-01
7.386991977691650391e-01
8.090443611145019531e-01
7.238581180572509766e-01
8.505988121032714844e-01
7.667021751403808594e-01
7.481677532196044922e-01
7.117543220520019531e-01
6.765429973602294922e-01
7.661349773406982422e-01
7.396488189697265625e-01
6.066412925720214844e-01
7.153956890106201172e-01
7.827858924865722656e-01
9.230666160583496094e-01
8.113648891448974609e-01
8.363952636718750000e-01
