1.120588302612304688e+01
1.113583970069885254e+01
2.167275667190551758e+01
3.047075486183166504e+01
2.156597495079040527e+01
3.197594928741455078e+01
1.938188385963439941e+01
1.206111383438110352e+01
2.045895147323608398e+01
1.974639463424682617e+01
1.218939471244812012e+01
2.131345272064208984e+01
3.131706666946411133e+01
2.150953507423400879e+01
2.045902395248413086e+01
1.095660924911499023e+01
1.220100283622741699e+01
1.975675439834594727e+01
1.162299180030822754e+01
1.983927917480468750e+01
2.032498049736022949e+01
1.245379471778869629e+01
4.093908357620239258e+01
1.102012228965759277e+01
2.242813611030578613e+01
2.960126018524169922e+01
2.292613410949707031e+01
3.003539657592773438e+01
2.337536215782165527e+01
1.256375622749328613e+01
1.234177708625793457e+01
1.874570870399475098e+01
1.210231328010559082e+01
2.091054892539978027e+01
3.147091007232666016e+01
1.231005644798278809e+01
1.933889245986938477e+01
1.171698403358459473e+01
2.020132017135620117e+01
2.046764326095581055e+01
1.117773675918579102e+01
1.104317378997802734e+01
2.121903038024902344e+01
3.230792975425720215e+01
1.149880647659301758e+01
2.069437479972839355e+01
4.093874049186706543e+01
1.259651970863342285e+01
1.244958734512329102e+01
1.326068902015686035e+01
