2.347809791564941406e+00
2.059210777282714844e+00
1.530247688293457031e+00
1.337682008743286133e+00
1.285429596900939941e+00
1.264344811439514160e+00
1.264399170875549316e+00
1.239833593368530273e+00
1.199945807456970215e+00
1.145907044410705566e+00
1.077597141265869141e+00
1.035827755928039551e+00
9.876760244369506836e-01
9.565786719322204590e-01
9.426432847976684570e-01
9.237117767333984375e-01
9.164819717407226562e-01
8.859232664108276367e-01
8.781648874282836914e-01
8.742316961288452148e-01
8.641250133514404297e-01
8.614475131034851074e-01
8.631261587142944336e-01
8.475466966629028320e-01
8.435474038124084473e-01
8.401718139648437500e-01
8.380345106124877930e-01
8.341661691665649414e-01
8.363038897514343262e-01
8.369266390800476074e-01
8.288737535476684570e-01
8.264948725700378418e-01
8.265621662139892578e-01
8.243859410285949707e-01
8.246567249298095703e-01
8.227873444557189941e-01
8.202640414237976074e-01
8.228761553764343262e-01
8.206406831741333008e-01
8.181532621383666992e-01
8.170408010482788086e-01
8.165585398674011230e-01
8.160051107406616211e-01
8.157157897949218750e-01
8.166931271553039551e-01
8.150737881660461426e-01
8.158991336822509766e-01
8.141750693321228027e-01
8.136016726493835449e-01
8.136705160140991211e-01
8.138473629951477051e-01
8.134151697158813477e-01
8.127315640449523926e-01
8.131302595138549805e-01
8.125370144844055176e-01
8.123584985733032227e-01
8.126114010810852051e-01
8.120189309120178223e-01
8.122026920318603516e-01
8.120471835136413574e-01
8.119004368782043457e-01
8.118368387222290039e-01
8.116911649703979492e-01
8.116704225540161133e-01
8.116026520729064941e-01
8.115606307983398438e-01
8.114070892333984375e-01
8.113427758216857910e-01
8.113765716552734375e-01
8.113812208175659180e-01
8.112667202949523926e-01
8.111897110939025879e-01
8.112189173698425293e-01
8.111718893051147461e-01
8.111444711685180664e-01
8.111588358879089355e-01
8.111668229103088379e-01
8.110920786857604980e-01
8.111116290092468262e-01
8.110554218292236328e-01
8.110532164573669434e-01
8.110340833663940430e-01
8.110193014144897461e-01
8.110041618347167969e-01
8.109939098358154297e-01
8.109754920005798340e-01
8.109754920005798340e-01
8.109689354896545410e-01
8.109567165374755859e-01
8.109535574913024902e-01
8.109517693519592285e-01
8.109540343284606934e-01
8.109429478645324707e-01
8.109367489814758301e-01
8.109500408172607422e-01
8.109299540519714355e-01
8.109318017959594727e-01
8.109264969825744629e-01
8.109253644943237305e-01
8.109236359596252441e-01
