2.244480133056640625e+00
1.903379797935485840e+00
1.030636906623840332e+00
8.705349564552307129e-01
8.377479910850524902e-01
8.259808421134948730e-01
8.193470835685729980e-01
8.130629658699035645e-01
8.035332560539245605e-01
8.017981052398681641e-01
7.899022698402404785e-01
7.839462161064147949e-01
7.762504816055297852e-01
7.683445215225219727e-01
7.662758231163024902e-01
7.527933120727539062e-01
7.465450167655944824e-01
7.349647879600524902e-01
7.254402041435241699e-01
7.129443883895874023e-01
7.019014954566955566e-01
6.909242272377014160e-01
6.809663772583007812e-01
6.750789880752563477e-01
6.624432206153869629e-01
6.514207720756530762e-01
6.469110250473022461e-01
6.374790668487548828e-01
6.325559616088867188e-01
6.272116303443908691e-01
6.237846016883850098e-01
6.200032830238342285e-01
6.189911961555480957e-01
6.148372888565063477e-01
6.133077740669250488e-01
6.115753054618835449e-01
6.086341142654418945e-01
6.070393919944763184e-01
6.064488291740417480e-01
6.042987108230590820e-01
6.039880514144897461e-01
6.037493348121643066e-01
6.011720895767211914e-01
6.005159020423889160e-01
5.999870300292968750e-01
5.991365909576416016e-01
5.984835028648376465e-01
5.980210900306701660e-01
5.972702503204345703e-01
5.971793532371520996e-01
5.967893004417419434e-01
5.963587164878845215e-01
5.957393646240234375e-01
5.954708456993103027e-01
5.952779650688171387e-01
5.950584411621093750e-01
5.948120355606079102e-01
5.945708155632019043e-01
5.944589376449584961e-01
5.942679047584533691e-01
5.942591428756713867e-01
5.940015912055969238e-01
5.938911437988281250e-01
5.937818288803100586e-01
5.936136245727539062e-01
5.935405492782592773e-01
5.934265851974487305e-01
5.933496952056884766e-01
5.933055877685546875e-01
5.932823419570922852e-01
5.931765437126159668e-01
5.931701660156250000e-01
5.930978655815124512e-01
5.930686593055725098e-01
5.930046439170837402e-01
5.929943323135375977e-01
5.929480195045471191e-01
5.929242968559265137e-01
5.929486155509948730e-01
5.928912162780761719e-01
5.928809642791748047e-01
5.928601026535034180e-01
5.928326249122619629e-01
5.928272008895874023e-01
5.928151607513427734e-01
5.927930474281311035e-01
5.927894711494445801e-01
5.927721261978149414e-01
5.927495360374450684e-01
5.927463769912719727e-01
5.927398204803466797e-01
5.927364230155944824e-01
5.927255153656005859e-01
5.927218794822692871e-01
5.927147269248962402e-01
5.927069187164306641e-01
5.927000641822814941e-01
5.926976203918457031e-01
5.926927328109741211e-01
5.926926136016845703e-01
