1.389112925529479980e+01
1.372777438163757324e+01
1.335008168220520020e+01
1.311261558532714844e+01
1.317588877677917480e+01
3.884642553329467773e+01
1.315272402763366699e+01
1.657727456092834473e+01
1.319111061096191406e+01
5.092372798919677734e+01
1.353338193893432617e+01
1.352421522140502930e+01
1.350435113906860352e+01
1.341105294227600098e+01
1.329773354530334473e+01
1.314296555519104004e+01
4.390214180946350098e+01
2.309865784645080566e+01
1.347120952606201172e+01
1.336512756347656250e+01
1.316408848762512207e+01
6.227462124824523926e+01
1.325614619255065918e+01
6.285616827011108398e+01
1.318324971199035645e+01
1.349994444847106934e+01
1.333708500862121582e+01
2.996736788749694824e+01
2.504550361633300781e+01
1.335289144515991211e+01
1.323032116889953613e+01
1.358046960830688477e+01
5.135950279235839844e+01
1.330408763885498047e+01
1.345707559585571289e+01
1.302185297012329102e+01
4.023141336441040039e+01
1.346478700637817383e+01
3.771385502815246582e+01
1.336158490180969238e+01
1.300587058067321777e+01
1.344561672210693359e+01
1.318170285224914551e+01
1.350160694122314453e+01
3.656085443496704102e+01
2.557036972045898438e+01
1.338363695144653320e+01
5.091937661170959473e+01
2.869023942947387695e+01
1.336947536468505859e+01
5.252536916732788086e+01
2.130452418327331543e+01
1.355792832374572754e+01
1.346042728424072266e+01
1.351605653762817383e+01
6.606521105766296387e+01
1.336804008483886719e+01
6.118059062957763672e+01
2.066585230827331543e+01
1.365024089813232422e+01
1.329907488822937012e+01
6.064865875244140625e+01
2.704747605323791504e+01
1.510072875022888184e+01
1.357164263725280762e+01
1.332384204864501953e+01
3.224068856239318848e+01
1.334334182739257812e+01
6.922833919525146484e+01
1.325091934204101562e+01
6.200083589553833008e+01
1.331938552856445312e+01
5.610597348213195801e+01
2.587700605392456055e+01
7.237091946601867676e+01
1.346523046493530273e+01
1.333710813522338867e+01
5.688587927818298340e+01
1.353741312026977539e+01
1.356689429283142090e+01
1.369168543815612793e+01
1.326079225540161133e+01
1.354873657226562500e+01
1.340004110336303711e+01
1.364858984947204590e+01
5.781602525711059570e+01
1.358307814598083496e+01
6.679637050628662109e+01
2.709727692604064941e+01
1.352421832084655762e+01
4.971282052993774414e+01
2.772658610343933105e+01
6.000052762031555176e+01
1.321249246597290039e+01
1.380280065536499023e+01
5.383528780937194824e+01
1.339462876319885254e+01
1.354333043098449707e+01
4.291847705841064453e+01
1.361198329925537109e+01
