2.278945581912994385e+02
2.651356313228607178e+02
2.801806113719940186e+02
2.954128274917602539e+02
2.771725237369537354e+02
3.218465795516967773e+02
2.312633874416351318e+02
2.592465002536773682e+02
2.619567070007324219e+02
2.830058484077453613e+02
2.867089095115661621e+02
2.838187227249145508e+02
2.876503081321716309e+02
2.815411553382873535e+02
2.884943506717681885e+02
2.819085776805877686e+02
3.218600845336914062e+02
2.524689171314239502e+02
2.889171416759490967e+02
2.809395320415496826e+02
3.218882336616516113e+02
2.506158528327941895e+02
3.218653340339660645e+02
2.497446711063385010e+02
3.218596956729888916e+02
2.678174495697021484e+02
2.681510417461395264e+02
3.044738266468048096e+02
3.218786997795104980e+02
2.268751909732818604e+02
2.892438914775848389e+02
3.218703715801239014e+02
2.497527968883514404e+02
2.964809744358062744e+02
2.729110531806945801e+02
2.962303128242492676e+02
3.218875322341918945e+02
2.488408999443054199e+02
2.976876661777496338e+02
2.835340187549591064e+02
2.987269895076751709e+02
2.705881447792053223e+02
3.218858861923217773e+02
2.524213280677795410e+02
2.983077621459960938e+02
2.700063347816467285e+02
3.010222084522247314e+02
3.218576285839080811e+02
2.451605916023254395e+02
2.902538311481475830e+02
3.218206782341003418e+02
2.553815531730651855e+02
2.770090141296386719e+02
3.218699989318847656e+02
2.503705902099609375e+02
2.680946397781372070e+02
2.989294357299804688e+02
2.732609186172485352e+02
2.991845586299896240e+02
2.748212227821350098e+02
2.974325969219207764e+02
2.748183264732360840e+02
2.952779588699340820e+02
2.732005918025970459e+02
2.998733410835266113e+02
3.218776166439056396e+02
2.496076931953430176e+02
3.218697264194488525e+02
2.618697597980499268e+02
2.754382052421569824e+02
2.716071307659149170e+02
2.931751041412353516e+02
2.781342074871063232e+02
2.901889955997467041e+02
2.754410490989685059e+02
3.218757178783416748e+02
2.693479588031768799e+02
2.778628108501434326e+02
3.218685641288757324e+02
2.485165417194366455e+02
2.707857272624969482e+02
2.998527579307556152e+02
2.713702211380004883e+02
2.977545495033264160e+02
2.922538094520568848e+02
3.218757963180541992e+02
2.542661440372467041e+02
2.692532939910888672e+02
3.218638088703155518e+02
2.631011743545532227e+02
2.872375085353851318e+02
2.810748603343963623e+02
2.899104518890380859e+02
3.218949773311614990e+02
2.516493942737579346e+02
2.807320277690887451e+02
3.218650634288787842e+02
2.490545465946197510e+02
2.939653940200805664e+02
3.218735992908477783e+02
