2.128617316484451294e-01
5.000000000000000000e-01
5.000000000000000000e-01
5.000000000000000000e-01
5.000000000000000000e-01
5.012861490249633789e-01
5.167202353477478027e-01
5.237942337989807129e-01
5.475884079933166504e-01
5.543408393859863281e-01
5.774919390678405762e-01
5.726687908172607422e-01
5.874598026275634766e-01
6.003215312957763672e-01
6.083601117134094238e-01
6.090031862258911133e-01
6.212218403816223145e-01
6.376205682754516602e-01
6.347267031669616699e-01
6.401929259300231934e-01
6.427652835845947266e-01
6.543408632278442383e-01
6.569131612777709961e-01
6.797427535057067871e-01
6.762058138847351074e-01
6.765273213386535645e-01
6.916399002075195312e-01
6.893890500068664551e-01
6.758842468261718750e-01
6.688103079795837402e-01
6.501607894897460938e-01
6.897106170654296875e-01
6.942121982574462891e-01
7.048231363296508789e-01
7.128617167472839355e-01
7.205787897109985352e-01
7.263665795326232910e-01
7.421221733093261719e-01
7.327974438667297363e-01
7.421221733093261719e-01
7.366559505462646484e-01
7.601286172866821289e-01
7.710611224174499512e-01
7.713826298713684082e-01
7.807074189186096191e-01
7.765273451805114746e-01
7.630224823951721191e-01
7.781350612640380859e-01
7.977492213249206543e-01
8.093247413635253906e-01
8.167202472686767578e-01
8.138263821601867676e-01
8.102893829345703125e-01
8.270096182823181152e-01
8.434083461761474609e-01
8.466237783432006836e-01
8.553054928779602051e-01
8.511254191398620605e-01
8.356913328170776367e-01
8.472668528556823730e-01
8.533762097358703613e-01
8.376205563545227051e-01
8.819935917854309082e-01
8.999999761581420898e-01
8.954983949661254883e-01
9.019292593002319336e-01
9.247588515281677246e-01
9.353697896003723145e-01
9.231511354446411133e-01
9.250803589820861816e-01
9.398713707923889160e-01
9.575562477111816406e-01
9.540193080902099609e-01
9.585208892822265625e-01
9.588424563407897949e-01
7.697749137878417969e-01
5.971060991287231445e-01
6.736334562301635742e-01
7.180064320564270020e-01
7.598070502281188965e-01
8.019292354583740234e-01
8.286173343658447266e-01
8.450160622596740723e-01
8.019292354583740234e-01
8.610932230949401855e-01
8.929260373115539551e-01
8.990353941917419434e-01
8.874598145484924316e-01
9.176849126815795898e-01
9.241157770156860352e-01
9.418006539344787598e-01
9.289389252662658691e-01
9.270096421241760254e-01
9.102894067764282227e-01
9.469453096389770508e-01
9.607716798782348633e-01
9.710611104965209961e-01
9.636656045913696289e-01
9.495176672935485840e-01
9.401929378509521484e-01
