7.817063570022583008e+00
7.811097383499145508e+00
7.827934503555297852e+00
1.753243374824523926e+01
7.815979957580566406e+00
1.759557414054870605e+01
7.832203388214111328e+00
7.812566518783569336e+00
1.759527516365051270e+01
7.804939031600952148e+00
8.152911901473999023e+00
1.718101787567138672e+01
7.849703311920166016e+00
7.812565088272094727e+00
1.763559985160827637e+01
7.886310100555419922e+00
1.728374934196472168e+01
7.832943201065063477e+00
1.752772116661071777e+01
7.786790609359741211e+00
7.780121564865112305e+00
1.753262972831726074e+01
1.765310025215148926e+01
7.793985128402709961e+00
7.823434114456176758e+00
7.810893535614013672e+00
1.782679486274719238e+01
7.828252077102661133e+00
7.829984903335571289e+00
1.769048428535461426e+01
7.828311920166015625e+00
1.754983520507812500e+01
7.876373767852783203e+00
7.858428955078125000e+00
1.747614121437072754e+01
7.843642473220825195e+00
7.880497932434082031e+00
8.140712976455688477e+00
1.720683574676513672e+01
7.822252273559570312e+00
7.854665517807006836e+00
7.813391447067260742e+00
1.730061864852905273e+01
7.892376661300659180e+00
7.866885423660278320e+00
7.881863355636596680e+00
1.757095861434936523e+01
1.762335109710693359e+01
7.838934898376464844e+00
7.849952697753906250e+00
