1.914025545120239258e+00
1.333623051643371582e+00
1.220426082611083984e+00
1.051697611808776855e+00
9.640763998031616211e-01
9.087443351745605469e-01
8.831905722618103027e-01
8.233989477157592773e-01
7.792736887931823730e-01
7.592397928237915039e-01
7.463035583496093750e-01
7.112661600112915039e-01
6.891183257102966309e-01
6.656278967857360840e-01
6.555064320564270020e-01
6.514913439750671387e-01
6.247417330741882324e-01
6.089345216751098633e-01
6.000146269798278809e-01
5.938399434089660645e-01
5.808035731315612793e-01
5.731297135353088379e-01
5.688511729240417480e-01
5.543268322944641113e-01
5.516240000724792480e-01
5.442284345626831055e-01
5.393417477607727051e-01
5.363767743110656738e-01
5.287348031997680664e-01
5.256173014640808105e-01
5.224374532699584961e-01
5.164524316787719727e-01
5.139225125312805176e-01
5.110163092613220215e-01
5.089259147644042969e-01
5.090352892875671387e-01
5.046349167823791504e-01
5.023230314254760742e-01
5.013509392738342285e-01
4.994377791881561279e-01
4.981333911418914795e-01
4.968812167644500732e-01
4.952401518821716309e-01
4.945002496242523193e-01
4.917194843292236328e-01
4.936069548130035400e-01
4.910882711410522461e-01
4.905080199241638184e-01
4.898592829704284668e-01
4.895301163196563721e-01
4.888868629932403564e-01
4.878959655761718750e-01
4.878858029842376709e-01
4.874956607818603516e-01
4.870876967906951904e-01
4.862435758113861084e-01
4.864832162857055664e-01
4.857271015644073486e-01
4.855916202068328857e-01
4.854361414909362793e-01
4.853745400905609131e-01
4.849172830581665039e-01
4.851711690425872803e-01
4.844560027122497559e-01
4.842684864997863770e-01
4.842391908168792725e-01
4.841496348381042480e-01
4.841656088829040527e-01
4.838852286338806152e-01
4.838225245475769043e-01
4.836628735065460205e-01
4.835443198680877686e-01
4.835393130779266357e-01
4.835548400878906250e-01
4.834071099758148193e-01
4.833441674709320068e-01
4.833324253559112549e-01
4.832217693328857422e-01
4.831990897655487061e-01
4.831769466400146484e-01
4.831648170948028564e-01
4.830937683582305908e-01
4.830667376518249512e-01
4.830640554428100586e-01
4.830046892166137695e-01
4.830071628093719482e-01
4.829787909984588623e-01
4.829886257648468018e-01
4.829676151275634766e-01
4.829363524913787842e-01
4.829360246658325195e-01
4.829100370407104492e-01
4.829130768775939941e-01
4.828943014144897461e-01
4.828799068927764893e-01
4.828765690326690674e-01
4.828666150569915771e-01
4.828647673130035400e-01
4.828574657440185547e-01
4.828499555587768555e-01
