4.432260394096374512e-01
4.432260394096374512e-01
4.432260394096374512e-01
4.432260394096374512e-01
4.432260394096374512e-01
4.432260394096374512e-01
4.432260394096374512e-01
4.432260394096374512e-01
4.432260394096374512e-01
4.432260394096374512e-01
4.432260394096374512e-01
4.432260394096374512e-01
4.432260394096374512e-01
4.432260394096374512e-01
4.432260394096374512e-01
4.432260394096374512e-01
4.432260394096374512e-01
4.432260394096374512e-01
4.432260394096374512e-01
4.432260394096374512e-01
4.432260394096374512e-01
4.432260394096374512e-01
4.432260394096374512e-01
4.432260394096374512e-01
4.432260394096374512e-01
4.432260394096374512e-01
4.432260394096374512e-01
4.432260394096374512e-01
4.432260394096374512e-01
4.432260394096374512e-01
