1.510382699966430664e+01
1.494409728050231934e+01
1.512844777107238770e+01
1.521659255027770996e+01
1.486828994750976562e+01
1.514661717414855957e+01
1.513029837608337402e+01
1.499981904029846191e+01
1.513106226921081543e+01
1.499678730964660645e+01
1.978203630447387695e+01
1.499897980690002441e+01
1.490558433532714844e+01
1.484905457496643066e+01
1.488086938858032227e+01
1.494113969802856445e+01
1.478213262557983398e+01
1.468957114219665527e+01
2.034685039520263672e+01
1.467789316177368164e+01
1.993687343597412109e+01
1.470145368576049805e+01
2.045848417282104492e+01
1.449940872192382812e+01
1.477117657661437988e+01
1.466268587112426758e+01
1.483287811279296875e+01
1.467297935485839844e+01
1.473145413398742676e+01
1.483697390556335449e+01
