2.047515082359313965e+01
1.926759052276611328e+01
3.712035942077636719e+01
2.120678782463073730e+01
3.463237810134887695e+01
2.042520022392272949e+01
4.089942169189453125e+01
1.800249290466308594e+01
3.135335469245910645e+01
2.570681333541870117e+01
3.136784076690673828e+01
4.090217256546020508e+01
4.094264602661132812e+01
1.637926745414733887e+01
4.088436436653137207e+01
2.057490587234497070e+01
3.763155460357666016e+01
4.093279814720153809e+01
2.114919757843017578e+01
2.616640853881835938e+01
3.409142112731933594e+01
2.042055392265319824e+01
3.274262738227844238e+01
2.085471773147583008e+01
3.208496594429016113e+01
4.087765955924987793e+01
2.143926620483398438e+01
3.266882658004760742e+01
2.529475736618041992e+01
3.182003331184387207e+01
2.193715190887451172e+01
2.848349380493164062e+01
2.302386951446533203e+01
4.091381120681762695e+01
1.673701524734497070e+01
3.363571429252624512e+01
2.059411787986755371e+01
4.090827608108520508e+01
1.719878149032592773e+01
3.284766650199890137e+01
2.269999885559082031e+01
3.164063525199890137e+01
1.704190182685852051e+01
3.506543564796447754e+01
1.650645637512207031e+01
3.356766057014465332e+01
2.176418137550354004e+01
4.091773033142089844e+01
1.785406970977783203e+01
2.505796074867248535e+01
2.924722576141357422e+01
2.896144437789916992e+01
4.090641331672668457e+01
1.651709628105163574e+01
4.601483082771301270e+01
8.186158299446105957e+01
2.041869974136352539e+01
4.461830973625183105e+01
5.169137358665466309e+01
8.195296239852905273e+01
1.900017571449279785e+01
8.187681913375854492e+01
1.869057416915893555e+01
4.301196336746215820e+01
8.186750054359436035e+01
1.651437640190124512e+01
5.366355085372924805e+01
4.877744722366333008e+01
4.358361005783081055e+01
5.093038034439086914e+01
8.185738992691040039e+01
2.043776535987854004e+01
8.186496233940124512e+01
1.672206282615661621e+01
8.186989688873291016e+01
1.651173114776611328e+01
8.182471752166748047e+01
1.820982360839843750e+01
4.844866323471069336e+01
4.768783760070800781e+01
4.881688499450683594e+01
5.083442068099975586e+01
4.762635731697082520e+01
4.876434254646301270e+01
8.183886790275573730e+01
1.667346739768981934e+01
8.186889982223510742e+01
2.045367360115051270e+01
8.183916997909545898e+01
2.044258451461791992e+01
5.085299062728881836e+01
4.406231379508972168e+01
5.237444114685058594e+01
4.523002672195434570e+01
5.212667846679687500e+01
5.027016568183898926e+01
4.780822920799255371e+01
4.993315768241882324e+01
8.186657977104187012e+01
1.649096441268920898e+01
