1.547682547569274902e+01
1.570441842079162598e+01
1.494925236701965332e+01
1.533733797073364258e+01
1.827389717102050781e+01
1.518485307693481445e+01
1.824922347068786621e+01
1.556463789939880371e+01
1.561799502372741699e+01
1.518400621414184570e+01
2.163634419441223145e+01
1.511981391906738281e+01
1.544407320022583008e+01
1.522756743431091309e+01
2.108697748184204102e+01
3.440593934059143066e+01
1.535333228111267090e+01
2.489938378334045410e+01
1.544336938858032227e+01
1.498247814178466797e+01
1.518696451187133789e+01
2.960199022293090820e+01
1.536160826683044434e+01
1.548043656349182129e+01
3.550749564170837402e+01
1.518612027168273926e+01
1.508043217658996582e+01
1.505205488204956055e+01
1.536635470390319824e+01
1.526883387565612793e+01
2.386552381515502930e+01
1.483057451248168945e+01
1.520252156257629395e+01
1.559490346908569336e+01
1.516510987281799316e+01
3.476388144493103027e+01
1.888546037673950195e+01
1.518253850936889648e+01
1.534216094017028809e+01
1.545077800750732422e+01
1.537837576866149902e+01
1.529638862609863281e+01
1.533510780334472656e+01
1.537252473831176758e+01
1.563021469116210938e+01
1.540563726425170898e+01
1.529040265083312988e+01
3.474694061279296875e+01
1.558848333358764648e+01
1.515023827552795410e+01
1.538473439216613770e+01
1.531071615219116211e+01
1.548847532272338867e+01
1.497397470474243164e+01
1.592890167236328125e+01
1.547570323944091797e+01
1.585711717605590820e+01
1.515582203865051270e+01
2.034200811386108398e+01
1.519159746170043945e+01
1.522016644477844238e+01
1.565985774993896484e+01
1.531444835662841797e+01
1.529161715507507324e+01
1.486512684822082520e+01
1.510944867134094238e+01
1.582352685928344727e+01
1.521017265319824219e+01
1.517646956443786621e+01
1.501819801330566406e+01
1.525093984603881836e+01
2.998307371139526367e+01
1.551230740547180176e+01
1.516183018684387207e+01
1.505581092834472656e+01
1.511408662796020508e+01
1.538368010520935059e+01
1.561309552192687988e+01
1.516452431678771973e+01
2.301774406433105469e+01
1.524737811088562012e+01
1.543389678001403809e+01
1.552054286003112793e+01
2.027177858352661133e+01
1.485774612426757812e+01
1.538215231895446777e+01
1.574599957466125488e+01
1.535457420349121094e+01
2.021592521667480469e+01
1.514861631393432617e+01
1.535683941841125488e+01
1.540491867065429688e+01
1.511042833328247070e+01
2.314479398727416992e+01
1.544416213035583496e+01
1.470914244651794434e+01
1.490896749496459961e+01
1.485917949676513672e+01
1.521640133857727051e+01
1.574362182617187500e+01
