1.899321556091308594e+01
1.576523280143737793e+01
1.520313882827758789e+01
3.511458110809326172e+01
1.516673755645751953e+01
1.530901479721069336e+01
1.482061171531677246e+01
1.524264144897460938e+01
1.528496074676513672e+01
3.239919519424438477e+01
1.739465451240539551e+01
1.554948902130126953e+01
1.538383865356445312e+01
3.507895898818969727e+01
1.921262454986572266e+01
3.122456240653991699e+01
1.530209851264953613e+01
1.510626459121704102e+01
1.571099781990051270e+01
1.535642170906066895e+01
1.516839933395385742e+01
1.507922220230102539e+01
1.568654537200927734e+01
1.585815834999084473e+01
1.524503278732299805e+01
1.508959388732910156e+01
1.530265808105468750e+01
2.213087415695190430e+01
2.741303157806396484e+01
1.495973730087280273e+01
1.533584046363830566e+01
1.509546494483947754e+01
1.478562211990356445e+01
1.548921871185302734e+01
1.572458553314208984e+01
1.538521051406860352e+01
1.494682407379150391e+01
1.570397973060607910e+01
2.354659223556518555e+01
1.544677972793579102e+01
1.561126375198364258e+01
1.903791499137878418e+01
1.553667283058166504e+01
3.295063972473144531e+01
1.583592534065246582e+01
1.544513773918151855e+01
1.549047970771789551e+01
3.479668259620666504e+01
1.958896327018737793e+01
1.575081634521484375e+01
2.344048905372619629e+01
1.811497330665588379e+01
2.194787359237670898e+01
1.526329040527343750e+01
1.580665159225463867e+01
3.361038303375244141e+01
1.590770936012268066e+01
3.548340296745300293e+01
1.924151539802551270e+01
1.538751506805419922e+01
1.531276583671569824e+01
3.105119228363037109e+01
1.532918810844421387e+01
1.542662405967712402e+01
2.540081572532653809e+01
1.543873810768127441e+01
3.071456098556518555e+01
1.545909190177917480e+01
1.519367766380310059e+01
1.536509084701538086e+01
1.500503993034362793e+01
3.034196233749389648e+01
1.554843711853027344e+01
1.561013841629028320e+01
1.519085717201232910e+01
2.685052943229675293e+01
1.664280176162719727e+01
1.573685503005981445e+01
3.311298942565917969e+01
1.532342624664306641e+01
1.509547114372253418e+01
1.542941451072692871e+01
3.333852577209472656e+01
1.517243862152099609e+01
1.542920470237731934e+01
1.549238133430480957e+01
1.562588047981262207e+01
1.530061244964599609e+01
2.058469748497009277e+01
1.519447636604309082e+01
1.570194816589355469e+01
1.533209562301635742e+01
1.520482254028320312e+01
2.339550876617431641e+01
1.745030117034912109e+01
2.467372632026672363e+01
2.774461245536804199e+01
1.903975939750671387e+01
1.507431674003601074e+01
1.548660659790039062e+01
