1.550809478759765625e+01
3.320559191703796387e+01
1.514538240432739258e+01
1.506784534454345703e+01
1.881645369529724121e+01
1.527136230468750000e+01
1.520621848106384277e+01
1.545458912849426270e+01
1.591294741630554199e+01
1.532979822158813477e+01
1.493602705001831055e+01
1.503489422798156738e+01
1.553658294677734375e+01
1.539223432540893555e+01
1.576786518096923828e+01
3.063171195983886719e+01
1.521487975120544434e+01
1.523334980010986328e+01
1.520443677902221680e+01
1.495834231376647949e+01
1.544377064704895020e+01
1.537573838233947754e+01
2.313821625709533691e+01
1.548660135269165039e+01
1.537570047378540039e+01
1.510570812225341797e+01
3.027934169769287109e+01
3.443367910385131836e+01
1.503207206726074219e+01
2.950114965438842773e+01
1.517920947074890137e+01
1.521267294883728027e+01
1.495865249633789062e+01
2.932876229286193848e+01
1.530945467948913574e+01
1.500734519958496094e+01
1.554542255401611328e+01
1.543729448318481445e+01
1.552065825462341309e+01
1.534467935562133789e+01
1.589388990402221680e+01
3.422182345390319824e+01
1.528464341163635254e+01
1.550231385231018066e+01
1.553407239913940430e+01
3.530122923851013184e+01
1.539099454879760742e+01
1.525923228263854980e+01
1.530349564552307129e+01
1.550887012481689453e+01
1.536070299148559570e+01
1.546578502655029297e+01
1.507169508934020996e+01
1.500570654869079590e+01
1.526394176483154297e+01
3.277090501785278320e+01
1.556369376182556152e+01
1.533299922943115234e+01
1.521171784400939941e+01
1.494805860519409180e+01
1.520122361183166504e+01
1.570132255554199219e+01
1.507553148269653320e+01
2.906688952445983887e+01
1.620389413833618164e+01
1.535660958290100098e+01
1.510602974891662598e+01
1.535994434356689453e+01
1.519702959060668945e+01
2.488233113288879395e+01
1.531265997886657715e+01
1.513149833679199219e+01
1.559245896339416504e+01
3.233354640007019043e+01
1.931045222282409668e+01
2.944819355010986328e+01
1.553145027160644531e+01
1.517605543136596680e+01
3.337040972709655762e+01
1.531953763961791992e+01
1.512911891937255859e+01
2.447293162345886230e+01
1.948530936241149902e+01
1.542870163917541504e+01
3.147879099845886230e+01
1.572638511657714844e+01
1.549755787849426270e+01
1.518201661109924316e+01
2.628355216979980469e+01
1.576857352256774902e+01
1.523598837852478027e+01
2.637539815902709961e+01
1.526572823524475098e+01
2.264221310615539551e+01
3.462643718719482422e+01
1.945992708206176758e+01
1.507112240791320801e+01
1.518291783332824707e+01
2.747528576850891113e+01
1.535638356208801270e+01
