2.401532943248748779e+02
2.520460617542266846e+02
2.485375270843505859e+02
3.218804605007171631e+02
2.618782286643981934e+02
2.525492553710937500e+02
2.823577687740325928e+02
2.784778749942779541e+02
3.218566820621490479e+02
2.618795599937438965e+02
2.630775785446166992e+02
3.218597514629364014e+02
2.701942925453186035e+02
2.618758351802825928e+02
2.460916814804077148e+02
2.984745252132415771e+02
2.726491560935974121e+02
2.610552706718444824e+02
2.875593886375427246e+02
2.836195597648620605e+02
2.771804282665252686e+02
3.218690488338470459e+02
2.404569966793060303e+02
3.218673946857452393e+02
2.380922751426696777e+02
2.720035164356231689e+02
2.887694826126098633e+02
2.942464804649353027e+02
3.218567073345184326e+02
3.218694162368774414e+02
2.618879730701446533e+02
2.618842480182647705e+02
3.218748724460601807e+02
2.618446846008300781e+02
2.721900260448455811e+02
3.218463144302368164e+02
2.396041450500488281e+02
2.659379782676696777e+02
2.689368760585784912e+02
2.788634114265441895e+02
2.793600256443023682e+02
2.835982787609100342e+02
3.218483908176422119e+02
2.391261687278747559e+02
2.915052216053009033e+02
3.218680639266967773e+02
2.705118808746337891e+02
3.218553860187530518e+02
2.618918383121490479e+02
2.498601696491241455e+02
2.886672673225402832e+02
2.749497716426849365e+02
3.218535261154174805e+02
2.473166146278381348e+02
2.521113600730895996e+02
3.218758251667022705e+02
2.396549234390258789e+02
2.589298295974731445e+02
2.751073653697967529e+02
3.218591609001159668e+02
2.419380548000335693e+02
2.820910639762878418e+02
2.681120018959045410e+02
2.546105339527130127e+02
2.489473662376403809e+02
2.569285583496093750e+02
2.622004127502441406e+02
2.815574283599853516e+02
3.218679935932159424e+02
2.374011697769165039e+02
3.218837447166442871e+02
2.438932044506072998e+02
3.218641974925994873e+02
2.565474407672882080e+02
3.218527386188507080e+02
2.416617312431335449e+02
3.218479034900665283e+02
2.506148173809051514e+02
3.218573436737060547e+02
2.619076180458068848e+02
2.622551517486572266e+02
3.218575034141540527e+02
2.619014801979064941e+02
2.519324786663055420e+02
2.665212588310241699e+02
3.218557238578796387e+02
2.618845641613006592e+02
3.218694019317626953e+02
2.619098970890045166e+02
2.618672771453857422e+02
3.218154852390289307e+02
2.375117757320404053e+02
2.789489462375640869e+02
2.803683481216430664e+02
3.218670418262481689e+02
2.393073892593383789e+02
2.906563999652862549e+02
2.676511549949645996e+02
3.218667893409729004e+02
2.618678395748138428e+02
