2.251119852066040039e+00
1.805275321006774902e+00
1.520023941993713379e+00
1.497818470001220703e+00
1.478603959083557129e+00
1.468189239501953125e+00
1.473414421081542969e+00
1.441420435905456543e+00
1.415719866752624512e+00
1.406888365745544434e+00
1.354329586029052734e+00
1.312873363494873047e+00
1.238147258758544922e+00
1.200840234756469727e+00
1.183332800865173340e+00
1.123581290245056152e+00
1.127720117568969727e+00
1.064833879470825195e+00
1.051998972892761230e+00
1.027254343032836914e+00
1.020358920097351074e+00
9.938142299652099609e-01
1.011138439178466797e+00
9.396325945854187012e-01
9.281261563301086426e-01
9.055017828941345215e-01
8.877743482589721680e-01
9.251166582107543945e-01
8.798484206199645996e-01
8.930369019508361816e-01
8.654997348785400391e-01
9.642584919929504395e-01
8.818846940994262695e-01
8.167543411254882812e-01
7.851240634918212891e-01
7.646450400352478027e-01
7.963939309120178223e-01
7.241451740264892578e-01
7.101850509643554688e-01
7.036276459693908691e-01
6.790026426315307617e-01
6.654607653617858887e-01
6.375917792320251465e-01
6.566489934921264648e-01
6.196686029434204102e-01
6.452845335006713867e-01
6.087081432342529297e-01
6.171552538871765137e-01
5.853676199913024902e-01
5.665572881698608398e-01
5.302742123603820801e-01
5.486727356910705566e-01
4.972068965435028076e-01
4.888023436069488525e-01
4.756220877170562744e-01
5.208030343055725098e-01
4.345720112323760986e-01
4.381701052188873291e-01
4.148744046688079834e-01
3.997201919555664062e-01
4.036473035812377930e-01
4.689794182777404785e-01
4.296171665191650391e-01
3.516444861888885498e-01
3.311732113361358643e-01
2.928625941276550293e-01
2.716875076293945312e-01
2.861173152923583984e-01
2.502441704273223877e-01
2.473102658987045288e-01
3.130339384078979492e-01
2.527205646038055420e-01
2.663847506046295166e-01
2.402006834745407104e-01
1.910998523235321045e-01
1.794023662805557251e-01
2.978853881359100342e-01
2.393915206193923950e-01
1.844857931137084961e-01
3.030817508697509766e-01
2.010745108127593994e-01
1.407675594091415405e-01
1.199498474597930908e-01
9.773394465446472168e-02
9.994909167289733887e-02
7.735002785921096802e-02
8.438412845134735107e-02
5.749679356813430786e-02
7.480879127979278564e-02
7.658459246158599854e-02
7.023458927869796753e-02
5.655809119343757629e-02
5.643104389309883118e-02
5.588607117533683777e-02
4.679435864090919495e-02
5.541343986988067627e-02
5.169979110360145569e-02
3.067219257354736328e-02
2.083234861493110657e-02
2.052840590476989746e-02
