1.440327191352844238e+01
1.554128599166870117e+01
1.399615192413330078e+01
1.382226443290710449e+01
1.402770948410034180e+01
1.355111551284790039e+01
1.371900320053100586e+01
1.335520291328430176e+01
1.371657323837280273e+01
1.407108473777770996e+01
4.649135041236877441e+01
1.380744123458862305e+01
1.345716166496276855e+01
1.387917876243591309e+01
1.370142936706542969e+01
2.982483434677124023e+01
1.364952945709228516e+01
5.818483328819274902e+01
2.086751699447631836e+01
1.385914230346679688e+01
5.303966140747070312e+01
1.550282645225524902e+01
1.357119750976562500e+01
6.117379808425903320e+01
2.481488204002380371e+01
1.364346861839294434e+01
4.224492883682250977e+01
1.357734012603759766e+01
3.659451699256896973e+01
1.335238027572631836e+01
1.384082913398742676e+01
1.358873295783996582e+01
1.389366173744201660e+01
1.377742385864257812e+01
1.392287087440490723e+01
1.398733234405517578e+01
1.368305516242980957e+01
6.427925753593444824e+01
1.332548856735229492e+01
1.376861333847045898e+01
4.875747513771057129e+01
1.387888693809509277e+01
1.316799688339233398e+01
1.399520087242126465e+01
1.352806282043457031e+01
1.350962805747985840e+01
4.105203604698181152e+01
2.419211530685424805e+01
1.376446723937988281e+01
5.857811760902404785e+01
2.549652838706970215e+01
1.346737933158874512e+01
3.940799808502197266e+01
1.368164086341857910e+01
6.808993887901306152e+01
1.388505172729492188e+01
1.367429804801940918e+01
1.373736691474914551e+01
1.334975266456604004e+01
1.356487870216369629e+01
5.635920524597167969e+01
2.730890488624572754e+01
1.366424775123596191e+01
1.372389936447143555e+01
1.368647122383117676e+01
1.356160426139831543e+01
1.302268958091735840e+01
1.343000006675720215e+01
3.501418900489807129e+01
1.344970011711120605e+01
1.370737242698669434e+01
1.386636328697204590e+01
1.364305567741394043e+01
1.376104664802551270e+01
3.282996511459350586e+01
1.984486341476440430e+01
1.336542153358459473e+01
5.148179316520690918e+01
2.643263030052185059e+01
1.361941671371459961e+01
1.349474883079528809e+01
1.373153328895568848e+01
1.354488539695739746e+01
1.392313575744628906e+01
1.375580954551696777e+01
1.390388464927673340e+01
5.179680395126342773e+01
1.357398271560668945e+01
3.419539713859558105e+01
1.438561248779296875e+01
1.349214220046997070e+01
1.320736670494079590e+01
5.080193853378295898e+01
1.340969538688659668e+01
3.609959316253662109e+01
1.381327199935913086e+01
1.415661287307739258e+01
1.372147917747497559e+01
3.626546406745910645e+01
6.834021759033203125e+01
