1.519942283630371094e-02
4.502797126770019531e-02
2.818965911865234375e-02
2.748250961303710938e-02
2.307939529418945312e-02
2.925968170166015625e-02
3.971982002258300781e-02
4.984235763549804688e-02
5.546259880065917969e-02
1.027143001556396484e-01
6.771302223205566406e-02
2.499461174011230469e-02
6.090855598449707031e-02
1.143789291381835938e-02
7.645845413208007812e-02
4.039931297302246094e-02
2.593111991882324219e-02
2.876734733581542969e-02
3.900241851806640625e-02
3.619599342346191406e-02
4.681277275085449219e-02
4.956364631652832031e-02
6.144428253173828125e-02
4.290533065795898438e-02
7.575917243957519531e-02
7.701206207275390625e-02
3.772544860839843750e-02
7.047557830810546875e-02
8.722400665283203125e-02
6.637549400329589844e-02
8.010649681091308594e-02
4.168748855590820312e-02
6.548285484313964844e-02
2.539229393005371094e-02
3.625130653381347656e-02
3.704690933227539062e-02
1.064336299896240234e-01
7.313585281372070312e-02
4.466938972473144531e-02
4.705190658569335938e-02
4.954195022583007812e-02
6.993865966796875000e-02
3.791260719299316406e-02
4.889273643493652344e-02
5.549097061157226562e-02
7.936072349548339844e-02
2.728295326232910156e-02
3.988361358642578125e-02
4.777669906616210938e-02
4.419064521789550781e-02
7.376241683959960938e-02
2.532649040222167969e-02
2.215886116027832031e-02
3.554105758666992188e-02
7.210326194763183594e-02
1.096708774566650391e-01
8.643412590026855469e-02
3.233051300048828125e-02
4.869174957275390625e-02
7.803273200988769531e-02
7.957267761230468750e-02
1.579189300537109375e-02
7.217526435852050781e-02
5.303335189819335938e-02
7.356119155883789062e-02
8.217644691467285156e-02
2.789735794067382812e-03
6.078290939331054688e-02
6.542873382568359375e-02
1.005263328552246094e-01
4.410338401794433594e-02
6.064581871032714844e-02
4.794692993164062500e-02
6.189584732055664062e-02
8.752322196960449219e-02
6.135344505310058594e-02
2.795505523681640625e-02
3.152966499328613281e-02
4.609394073486328125e-02
3.372311592102050781e-02
5.983424186706542969e-02
3.339338302612304688e-02
2.394413948059082031e-02
8.004236221313476562e-02
3.085279464721679688e-02
2.261900901794433594e-02
6.922507286071777344e-02
1.115305423736572266e-01
7.461500167846679688e-02
3.081560134887695312e-02
5.539178848266601562e-02
4.377508163452148438e-02
4.551410675048828125e-02
6.427836418151855469e-02
2.501845359802246094e-02
3.395938873291015625e-02
7.113718986511230469e-02
3.891658782958984375e-02
6.307268142700195312e-02
9.524583816528320312e-02
