1.460912847518920898e+01
1.924939680099487305e+01
2.807232022285461426e+01
2.745557188987731934e+01
2.541446161270141602e+01
2.876464152336120605e+01
4.048453211784362793e+01
1.999710631370544434e+01
1.762724184989929199e+01
3.060806012153625488e+01
2.307102346420288086e+01
4.047128176689147949e+01
1.994785785675048828e+01
3.324836969375610352e+01
4.041984987258911133e+01
1.376519799232482910e+01
2.551490879058837891e+01
2.875626182556152344e+01
4.050564789772033691e+01
1.594640445709228516e+01
4.052154111862182617e+01
2.000002121925354004e+01
4.046417617797851562e+01
2.006120228767395020e+01
4.065884566307067871e+01
1.999875831604003906e+01
4.052709364891052246e+01
1.355793642997741699e+01
4.054117941856384277e+01
2.009474134445190430e+01
4.054787778854370117e+01
2.003287100791931152e+01
2.130842304229736328e+01
2.963133978843688965e+01
2.386320900917053223e+01
3.120928573608398438e+01
4.037807250022888184e+01
4.046775579452514648e+01
1.386769914627075195e+01
2.663057160377502441e+01
2.677321696281433105e+01
3.005305719375610352e+01
2.679777741432189941e+01
4.063704848289489746e+01
2.007505679130554199e+01
1.597500896453857422e+01
1.380356264114379883e+01
4.048806238174438477e+01
2.006551742553710938e+01
2.848804068565368652e+01
4.057014012336730957e+01
1.716645860671997070e+01
2.411842608451843262e+01
3.354358410835266113e+01
4.059208273887634277e+01
2.010510158538818359e+01
2.029077458381652832e+01
3.276853275299072266e+01
2.294069695472717285e+01
4.046153926849365234e+01
2.008731293678283691e+01
2.832203674316406250e+01
4.057549500465393066e+01
1.584742259979248047e+01
2.573270893096923828e+01
3.229986977577209473e+01
1.857205343246459961e+01
3.111699771881103516e+01
2.191296172142028809e+01
3.025801277160644531e+01
2.344064211845397949e+01
4.052325248718261719e+01
2.015205073356628418e+01
4.053871989250183105e+01
2.007824540138244629e+01
4.051509690284729004e+01
2.079595851898193359e+01
4.047806978225708008e+01
2.372313070297241211e+01
2.189556646347045898e+01
4.050162887573242188e+01
1.349302911758422852e+01
3.362658429145812988e+01
4.048343420028686523e+01
1.372877526283264160e+01
2.084446191787719727e+01
4.039958500862121582e+01
1.548340702056884766e+01
4.065451049804687500e+01
1.627870059013366699e+01
3.041203713417053223e+01
4.041876912117004395e+01
1.370622897148132324e+01
4.056870961189270020e+01
1.718997764587402344e+01
2.659655261039733887e+01
2.787453460693359375e+01
2.687949585914611816e+01
2.581903576850891113e+01
4.060827064514160156e+01
