7.465396165847778320e+00
7.638710975646972656e+00
7.322227239608764648e+00
7.532227516174316406e+00
7.440918445587158203e+00
7.226345777511596680e+00
7.115947246551513672e+00
7.674004316329956055e+00
8.627462148666381836e+00
7.093419075012207031e+00
7.721552610397338867e+00
7.391662359237670898e+00
7.367163658142089844e+00
7.498780488967895508e+00
7.259558200836181641e+00
7.299330234527587891e+00
7.418716907501220703e+00
7.594582319259643555e+00
7.427160739898681641e+00
7.570814132690429688e+00
7.347092628479003906e+00
7.354069709777832031e+00
7.771677255630493164e+00
7.686515331268310547e+00
7.127270221710205078e+00
7.413600444793701172e+00
7.849678993225097656e+00
7.278700351715087891e+00
7.315009355545043945e+00
7.374278545379638672e+00
7.572237968444824219e+00
7.388834238052368164e+00
7.610615491867065430e+00
7.475421428680419922e+00
7.566636085510253906e+00
7.388453006744384766e+00
7.104725360870361328e+00
7.374833583831787109e+00
1.576332616806030273e+01
7.461394548416137695e+00
7.269769191741943359e+00
7.513964176177978516e+00
7.289734601974487305e+00
7.401901245117187500e+00
7.192021131515502930e+00
1.788454079627990723e+01
7.388686656951904297e+00
7.212155580520629883e+00
7.428637504577636719e+00
7.314200878143310547e+00
