4.360267519950866699e-02
7.887232117354869843e-03
5.580275319516658783e-03
4.125587642192840576e-03
6.857816595584154129e-03
3.565256018191576004e-03
5.318153416737914085e-04
1.828931817726697773e-05
6.650258910667616874e-06
3.906992333213565871e-06
2.848132226063171402e-06
1.694371917437820230e-06
1.182902906293747947e-06
9.276152468373766169e-07
6.982592140047927387e-07
6.012872404426161665e-07
5.343795805856643710e-07
4.711627923370542703e-07
4.203296839477843605e-07
3.777534800519788405e-07
3.399966601591586368e-07
3.083064257225487381e-07
2.814023787323094439e-07
2.585599645499314647e-07
2.389873543506837450e-07
2.219935453240395873e-07
2.069887869993181084e-07
1.937876135116312071e-07
1.823227933073212625e-07
1.719199929084425094e-07
1.625117533876618836e-07
1.541993412956799148e-07
1.462915122374397470e-07
1.389400097195903072e-07
1.326506406940097804e-07
1.271873912855880917e-07
1.213195162108604563e-07
1.163620808597443101e-07
1.119610502087198256e-07
1.079984031093772501e-07
1.043560970970247581e-07
1.010510430887734401e-07
9.801576084100815933e-08
9.513222920531916316e-08
9.253535182551786420e-08
8.997218259310102439e-08
8.762823000552089070e-08
8.536857620811133529e-08
8.341245205656377948e-08
8.164181508618639782e-08
