1.003667545318603516e+01
9.237698078155517578e+00
9.150524139404296875e+00
9.214769840240478516e+00
9.241597890853881836e+00
9.229516744613647461e+00
9.350811004638671875e+00
9.164385795593261719e+00
9.119228839874267578e+00
9.252061605453491211e+00
9.215301990509033203e+00
9.124928236007690430e+00
9.096521139144897461e+00
9.225739240646362305e+00
9.104885816574096680e+00
9.258238315582275391e+00
9.205548286437988281e+00
9.324336290359497070e+00
9.291913509368896484e+00
9.203771114349365234e+00
9.182750701904296875e+00
9.349290132522583008e+00
9.224462985992431641e+00
9.216275691986083984e+00
9.368032693862915039e+00
9.293686389923095703e+00
1.477112221717834473e+01
9.337404966354370117e+00
9.360452413558959961e+00
9.379820346832275391e+00
