2.384645802974700928e+02
2.618603641986846924e+02
2.736752243041992188e+02
2.834561147689819336e+02
3.218640785217285156e+02
2.451206321716308594e+02
3.218566534519195557e+02
2.618899476528167725e+02
3.218496122360229492e+02
2.401112027168273926e+02
2.743273239135742188e+02
3.218618867397308350e+02
2.618602697849273682e+02
2.851645178794860840e+02
3.218698205947875977e+02
2.618845541477203369e+02
2.629782319068908691e+02
2.835005152225494385e+02
2.500285122394561768e+02
2.583737804889678955e+02
2.476693823337554932e+02
2.784707310199737549e+02
2.780693728923797607e+02
2.804235937595367432e+02
3.218687858581542969e+02
2.419700865745544434e+02
3.218696527481079102e+02
2.466994388103485107e+02
3.218485960960388184e+02
2.397249972820281982e+02
2.871817255020141602e+02
2.754787406921386719e+02
2.854162039756774902e+02
2.818943178653717041e+02
2.745820524692535400e+02
2.838854906558990479e+02
3.218889253139495850e+02
2.618403964042663574e+02
2.618723685741424561e+02
2.794735677242279053e+02
2.801506986618041992e+02
3.218682732582092285e+02
2.618982918262481689e+02
3.218606934547424316e+02
2.389358706474304199e+02
2.837005522251129150e+02
2.723731923103332520e+02
3.218570199012756348e+02
2.465245594978332520e+02
2.875518641471862793e+02
2.494445433616638184e+02
2.965885803699493408e+02
2.407338528633117676e+02
2.516301531791687012e+02
2.405066266059875488e+02
2.563983085155487061e+02
3.218680672645568848e+02
2.618526666164398193e+02
3.218643975257873535e+02
2.394981558322906494e+02
2.805680902004241943e+02
3.218530933856964111e+02
2.618650400638580322e+02
2.562749102115631104e+02
2.743500299453735352e+02
2.760273203849792480e+02
3.218766942024230957e+02
2.374832007884979248e+02
2.635408506393432617e+02
3.025685095787048340e+02
3.218665194511413574e+02
2.618810787200927734e+02
2.450280163288116455e+02
3.218513176441192627e+02
2.618765823841094971e+02
2.754794654846191406e+02
3.218607590198516846e+02
2.618763549327850342e+02
2.618624658584594727e+02
3.218524491786956787e+02
2.618586091995239258e+02
2.392836425304412842e+02
3.218547339439392090e+02
2.460609414577484131e+02
2.612196075916290283e+02
2.974461505413055420e+02
2.597777688503265381e+02
2.741785380840301514e+02
2.852286238670349121e+02
3.218533573150634766e+02
2.391112480163574219e+02
2.509705829620361328e+02
2.756554200649261475e+02
2.887847146987915039e+02
2.716570560932159424e+02
3.218653564453125000e+02
2.383512327671051025e+02
3.218636364936828613e+02
2.581607530117034912e+02
2.610872504711151123e+02
