2.396904249191284180e+02
2.583957893848419189e+02
2.753404641151428223e+02
2.809924652576446533e+02
2.666675655841827393e+02
3.218484511375427246e+02
2.391470208168029785e+02
3.218720057010650635e+02
2.500657451152801514e+02
3.218630065917968750e+02
2.392772259712219238e+02
2.899167506694793701e+02
2.882763113975524902e+02
2.898531920909881592e+02
2.945107953548431396e+02
2.896939482688903809e+02
3.219174208641052246e+02
2.619132301807403564e+02
2.618616423606872559e+02
2.618819768428802490e+02
2.618890161514282227e+02
2.555812199115753174e+02
3.218838524818420410e+02
2.425703794956207275e+02
2.766189515590667725e+02
2.846482384204864502e+02
2.960645506381988525e+02
2.619732646942138672e+02
3.218747014999389648e+02
2.383046581745147705e+02
2.866399104595184326e+02
3.218550405502319336e+02
2.618623750209808350e+02
2.618287727832794189e+02
2.720180585384368896e+02
2.767440831661224365e+02
2.746881136894226074e+02
2.849407691955566406e+02
3.218553838729858398e+02
2.383672082424163818e+02
2.864418916702270508e+02
2.782890045642852783e+02
2.904744739532470703e+02
3.218604638576507568e+02
2.471142427921295166e+02
3.218510851860046387e+02
2.424423058032989502e+02
3.218359181880950928e+02
2.512734930515289307e+02
2.931201987266540527e+02
3.218916113376617432e+02
2.375899322032928467e+02
2.416365468502044678e+02
2.489022421836853027e+02
2.483645572662353516e+02
2.618537616729736328e+02
2.761473665237426758e+02
3.218671784400939941e+02
2.618605268001556396e+02
3.218668475151062012e+02
2.618755564689636230e+02
2.618380851745605469e+02
2.834571881294250488e+02
2.682608060836791992e+02
2.622791399955749512e+02
2.768128311634063721e+02
2.817008082866668701e+02
2.612591762542724609e+02
2.618966953754425049e+02
2.886050183773040771e+02
2.613795027732849121e+02
2.947137603759765625e+02
3.218798792362213135e+02
2.618930451869964600e+02
2.432958385944366455e+02
3.217518234252929688e+02
2.618478465080261230e+02
3.218602187633514404e+02
2.391357047557830811e+02
3.218468978404998779e+02
2.618712167739868164e+02
2.407388830184936523e+02
3.218622684478759766e+02
2.482024688720703125e+02
3.218735020160675049e+02
2.618888645172119141e+02
2.618848671913146973e+02
2.618570103645324707e+02
2.779192895889282227e+02
2.618584198951721191e+02
2.950529706478118896e+02
2.631045069694519043e+02
2.728206930160522461e+02
2.867843613624572754e+02
2.673032529354095459e+02
3.218505220413208008e+02
2.618670980930328369e+02
3.218567867279052734e+02
2.618864812850952148e+02
2.401030213832855225e+02
