5.486941337585449219e-02
6.751060485839843750e-02
8.276009559631347656e-02
8.783292770385742188e-02
9.894561767578125000e-02
4.885768890380859375e-02
1.589751243591308594e-02
8.065438270568847656e-02
7.581043243408203125e-02
3.993797302246093750e-02
5.968093872070312500e-02
7.026553153991699219e-02
5.441832542419433594e-02
6.374430656433105469e-02
2.560210227966308594e-02
3.259825706481933594e-02
5.822110176086425781e-02
6.618690490722656250e-02
8.535432815551757812e-02
4.108834266662597656e-02
3.909230232238769531e-02
1.136302947998046875e-02
8.618664741516113281e-02
4.926037788391113281e-02
4.320859909057617188e-02
2.882575988769531250e-02
1.132278442382812500e-01
4.168915748596191406e-02
2.660036087036132812e-02
2.009487152099609375e-02
2.479791641235351562e-02
2.464604377746582031e-02
2.814054489135742188e-02
7.329893112182617188e-02
5.989480018615722656e-02
9.738755226135253906e-02
5.324339866638183594e-02
3.236031532287597656e-02
5.006122589111328125e-02
6.651830673217773438e-02
6.820130348205566406e-02
1.231513023376464844e-01
2.723264694213867188e-02
9.182405471801757812e-02
4.043102264404296875e-02
3.274965286254882812e-02
4.426598548889160156e-02
4.189801216125488281e-02
4.708957672119140625e-02
8.476972579956054688e-02
6.787848472595214844e-02
9.091615676879882812e-02
7.557725906372070312e-02
4.061222076416015625e-02
3.529930114746093750e-02
4.999852180480957031e-02
1.017866134643554688e-01
7.986879348754882812e-02
3.515791893005371094e-02
8.036494255065917969e-02
8.932662010192871094e-02
5.762887001037597656e-02
6.907796859741210938e-02
5.323624610900878906e-02
1.219496726989746094e-01
5.275535583496093750e-02
5.803585052490234375e-02
3.404188156127929688e-02
5.685234069824218750e-02
3.306412696838378906e-02
7.545065879821777344e-02
4.510402679443359375e-02
5.485558509826660156e-02
6.402659416198730469e-02
4.204225540161132812e-02
7.567167282104492188e-02
8.555746078491210938e-02
6.020665168762207031e-02
7.671070098876953125e-02
5.870294570922851562e-02
7.479310035705566406e-02
5.741143226623535156e-02
5.019426345825195312e-02
2.433180809020996094e-02
5.565738677978515625e-02
1.398222446441650391e-01
3.815197944641113281e-02
5.871701240539550781e-02
7.420182228088378906e-02
5.151367187500000000e-02
7.809352874755859375e-02
3.740119934082031250e-02
4.877829551696777344e-02
6.231260299682617188e-02
1.758503913879394531e-02
4.807019233703613281e-02
7.655405998229980469e-02
3.776121139526367188e-02
6.113934516906738281e-02
1.159474849700927734e-01
