1.296496653556823730e+01
1.970333671569824219e+01
1.950096583366394043e+01
1.442094302177429199e+01
1.800694537162780762e+01
1.464733982086181641e+01
1.346428561210632324e+01
2.093715453147888184e+01
3.187451243400573730e+01
2.364336323738098145e+01
3.102865147590637207e+01
1.285286593437194824e+01
1.952797079086303711e+01
1.410295867919921875e+01
1.845529460906982422e+01
1.330910253524780273e+01
1.304676198959350586e+01
1.905859422683715820e+01
1.372997665405273438e+01
1.373760175704956055e+01
1.905840659141540527e+01
2.045967054367065430e+01
1.291019082069396973e+01
2.010865974426269531e+01
1.863744425773620605e+01
2.045876836776733398e+01
1.293212008476257324e+01
1.366353392601013184e+01
1.252463316917419434e+01
1.998518991470336914e+01
1.299130773544311523e+01
2.045846676826477051e+01
1.288843846321105957e+01
2.049749922752380371e+01
3.254761958122253418e+01
2.141057658195495605e+01
3.123573279380798340e+01
1.267576122283935547e+01
1.318590116500854492e+01
2.079999089241027832e+01
2.016322970390319824e+01
3.169571995735168457e+01
2.158516383171081543e+01
3.116052818298339844e+01
2.383494615554809570e+01
3.004393053054809570e+01
2.277740955352783203e+01
3.055537867546081543e+01
2.290895771980285645e+01
2.879052114486694336e+01
