1.567915844917297363e+01
1.552857112884521484e+01
1.561737561225891113e+01
3.006301093101501465e+01
1.502925395965576172e+01
2.189409112930297852e+01
3.306728434562683105e+01
1.534484815597534180e+01
1.516907048225402832e+01
1.545722341537475586e+01
1.543341898918151855e+01
1.500681376457214355e+01
2.739855074882507324e+01
1.929907798767089844e+01
1.535332298278808594e+01
1.513550448417663574e+01
1.531033921241760254e+01
1.551068282127380371e+01
1.503569149971008301e+01
3.515059018135070801e+01
1.538278245925903320e+01
1.551547169685363770e+01
2.285347461700439453e+01
1.544899654388427734e+01
1.541212534904479980e+01
3.432990980148315430e+01
1.685211157798767090e+01
1.545384693145751953e+01
1.551887607574462891e+01
1.501734495162963867e+01
1.562602138519287109e+01
1.578696537017822266e+01
1.521584796905517578e+01
2.239809989929199219e+01
1.546227264404296875e+01
1.516979980468750000e+01
1.558948779106140137e+01
1.513812589645385742e+01
1.539516854286193848e+01
1.570849108695983887e+01
1.540357208251953125e+01
1.552253961563110352e+01
1.484496712684631348e+01
2.910314607620239258e+01
1.849778318405151367e+01
1.523681449890136719e+01
1.562631940841674805e+01
2.255186152458190918e+01
1.550778222084045410e+01
3.006527090072631836e+01
1.507478213310241699e+01
3.504780125617980957e+01
1.567174959182739258e+01
1.568014311790466309e+01
1.558868908882141113e+01
1.532728695869445801e+01
1.561676788330078125e+01
1.486438918113708496e+01
1.529921913146972656e+01
3.533121776580810547e+01
1.923747754096984863e+01
1.527546930313110352e+01
1.506949138641357422e+01
1.589203524589538574e+01
1.517524838447570801e+01
3.363854193687438965e+01
1.528203964233398438e+01
1.511404418945312500e+01
1.534767460823059082e+01
1.557074737548828125e+01
1.518224906921386719e+01
1.531449627876281738e+01
1.536811923980712891e+01
2.877772974967956543e+01
1.926715898513793945e+01
1.519838237762451172e+01
1.552384614944458008e+01
2.383346652984619141e+01
1.582398986816406250e+01
1.527546930313110352e+01
1.544699978828430176e+01
2.442437410354614258e+01
1.705282258987426758e+01
1.512766456604003906e+01
2.883408331871032715e+01
1.540691852569580078e+01
1.526766848564147949e+01
1.559074735641479492e+01
1.508785772323608398e+01
3.154953336715698242e+01
1.534566879272460938e+01
3.267327475547790527e+01
1.499307823181152344e+01
1.514052867889404297e+01
1.550598597526550293e+01
1.555971336364746094e+01
1.504143357276916504e+01
1.511099791526794434e+01
1.533988332748413086e+01
1.583701896667480469e+01
