1.669631004333496094e-01
1.114888191223144531e-01
1.014664173126220703e-01
7.295894622802734375e-02
1.092143058776855469e-01
8.693099021911621094e-02
8.917403221130371094e-02
1.116242408752441406e-01
1.514596939086914062e-01
5.448985099792480469e-02
1.730520725250244141e-01
1.207599639892578125e-01
1.771860122680664062e-01
2.158381938934326172e-01
8.969354629516601562e-02
1.110720634460449219e-01
6.282138824462890625e-02
1.789388656616210938e-01
1.461570262908935547e-01
8.893632888793945312e-02
8.241462707519531250e-02
1.303782463073730469e-01
6.001091003417968750e-02
9.638643264770507812e-02
9.404158592224121094e-02
1.729781627655029297e-01
9.493470191955566406e-02
1.252100467681884766e-01
9.556174278259277344e-02
1.778171062469482422e-01
6.397032737731933594e-02
9.132099151611328125e-02
7.361197471618652344e-02
6.226944923400878906e-02
2.923035621643066406e-02
1.263208389282226562e-01
7.296681404113769531e-02
1.032071113586425781e-01
1.949560642242431641e-01
1.066164970397949219e-01
8.116579055786132812e-02
1.112496852874755859e-01
1.009080410003662109e-01
7.620358467102050781e-02
1.240921020507812500e-01
8.300042152404785156e-02
6.038260459899902344e-02
8.258128166198730469e-02
9.833168983459472656e-02
4.116868972778320312e-02
1.339652538299560547e-01
5.409097671508789062e-02
1.113474369049072266e-01
2.529287338256835938e-02
8.743333816528320312e-02
3.836913108825683594e-01
3.180718421936035156e-02
1.193885803222656250e-01
1.044948101043701172e-01
9.979391098022460938e-02
9.358620643615722656e-02
1.538789272308349609e-01
1.449565887451171875e-01
6.959843635559082031e-02
2.114400863647460938e-01
2.482538223266601562e-01
2.383923530578613281e-01
1.267039775848388672e-01
1.376080513000488281e-01
1.183092594146728516e-01
1.237952709197998047e-01
8.804011344909667969e-02
1.080675125122070312e-01
1.528463363647460938e-01
1.477103233337402344e-01
1.114766597747802734e-01
1.008279323577880859e-01
2.245993614196777344e-01
6.297087669372558594e-02
1.505784988403320312e-01
1.035501956939697266e-01
8.620572090148925781e-02
1.876082420349121094e-01
1.079506874084472656e-01
1.255059242248535156e-01
2.232599258422851562e-01
1.707789897918701172e-01
6.978750228881835938e-02
8.695864677429199219e-02
1.334583759307861328e-01
9.281039237976074219e-02
8.083772659301757812e-02
1.159176826477050781e-01
1.118276119232177734e-01
7.580566406250000000e-02
5.848193168640136719e-02
1.633751392364501953e-01
6.946229934692382812e-02
8.648705482482910156e-02
7.492852210998535156e-02
