1.689000535011291504e+01
4.091634249687194824e+01
1.734616422653198242e+01
2.685702276229858398e+01
3.333349752426147461e+01
3.366322255134582520e+01
2.699745178222656250e+01
3.308483529090881348e+01
4.090695238113403320e+01
2.259721326828002930e+01
1.966532468795776367e+01
2.194505262374877930e+01
3.372872066497802734e+01
4.089097785949707031e+01
1.642555475234985352e+01
2.772832155227661133e+01
4.090198898315429688e+01
1.652214980125427246e+01
4.090908503532409668e+01
1.987513089179992676e+01
3.199004864692687988e+01
2.817313385009765625e+01
3.539758944511413574e+01
2.449084568023681641e+01
4.088873648643493652e+01
1.653499388694763184e+01
4.090761876106262207e+01
2.045642757415771484e+01
1.917979788780212402e+01
3.377399611473083496e+01
4.096820402145385742e+01
1.653288340568542480e+01
2.121021580696105957e+01
2.875733971595764160e+01
2.661484193801879883e+01
4.091541862487792969e+01
2.069993996620178223e+01
4.090573096275329590e+01
2.268586111068725586e+01
2.661646533012390137e+01
4.096436786651611328e+01
2.040573477745056152e+01
3.047902274131774902e+01
2.615914678573608398e+01
4.091438531875610352e+01
1.806378817558288574e+01
2.476206254959106445e+01
4.090905761718750000e+01
2.044436430931091309e+01
3.007209873199462891e+01
2.963514161109924316e+01
2.697659826278686523e+01
1.691807413101196289e+01
2.031422066688537598e+01
3.342249798774719238e+01
2.126991009712219238e+01
4.089398694038391113e+01
2.248171329498291016e+01
3.387970638275146484e+01
2.193139791488647461e+01
3.449365711212158203e+01
2.407679867744445801e+01
3.443961739540100098e+01
4.090472984313964844e+01
1.653304815292358398e+01
2.261230063438415527e+01
3.280993294715881348e+01
2.526264715194702148e+01
3.158486151695251465e+01
2.766104769706726074e+01
2.904207324981689453e+01
2.810516810417175293e+01
2.970951223373413086e+01
2.876280117034912109e+01
2.710473155975341797e+01
2.906064605712890625e+01
2.374765110015869141e+01
3.096857404708862305e+01
2.371366810798645020e+01
3.046258234977722168e+01
4.094893097877502441e+01
1.740572428703308105e+01
2.609408235549926758e+01
2.513806033134460449e+01
2.640457868576049805e+01
4.087452292442321777e+01
2.043792462348937988e+01
3.021814060211181641e+01
4.093091082572937012e+01
1.660017371177673340e+01
3.037382984161376953e+01
3.061678194999694824e+01
2.994288539886474609e+01
3.276240038871765137e+01
2.227361059188842773e+01
3.260960292816162109e+01
2.175436043739318848e+01
4.091901564598083496e+01
1.777418518066406250e+01
3.064029550552368164e+01
