1.344172120094299316e+01
2.063566803932189941e+01
3.248148941993713379e+01
2.365384435653686523e+01
1.333180928230285645e+01
1.905690932273864746e+01
1.419930458068847656e+01
2.045859551429748535e+01
2.045875167846679688e+01
1.300910234451293945e+01
1.871801424026489258e+01
1.940358233451843262e+01
1.427332806587219238e+01
1.905908966064453125e+01
1.411476016044616699e+01
1.882444286346435547e+01
2.045900130271911621e+01
1.278873801231384277e+01
1.344299340248107910e+01
2.035231447219848633e+01
3.235674667358398438e+01
1.994788265228271484e+01
1.320266246795654297e+01
1.911543154716491699e+01
1.311062288284301758e+01
2.010345721244812012e+01
4.093900227546691895e+01
1.349842262268066406e+01
3.227026677131652832e+01
2.272551894187927246e+01
3.087840962409973145e+01
2.191970825195312500e+01
3.140599727630615234e+01
2.116679525375366211e+01
3.414597368240356445e+01
2.090215158462524414e+01
3.282845950126647949e+01
2.143736743927001953e+01
1.352813839912414551e+01
2.083538150787353516e+01
3.203435134887695312e+01
2.235252857208251953e+01
4.094351053237915039e+01
1.380649423599243164e+01
3.189867162704467773e+01
2.144719576835632324e+01
3.223986434936523438e+01
2.207723498344421387e+01
1.355970335006713867e+01
1.896353507041931152e+01
