4.966497421264648438e-02
1.080148220062255859e-01
1.621093750000000000e-01
8.852434158325195312e-02
1.304192543029785156e-01
1.070916652679443359e-01
1.615293025970458984e-01
1.493210792541503906e-01
1.163389682769775391e-01
1.635861396789550781e-01
1.772596836090087891e-01
1.380410194396972656e-01
1.342213153839111328e-01
1.745815277099609375e-01
7.949090003967285156e-02
1.484122276306152344e-01
8.426642417907714844e-02
8.310508728027343750e-02
9.002900123596191406e-02
2.142882347106933594e-01
1.706013679504394531e-01
8.682775497436523438e-02
1.409902572631835938e-01
1.379837989807128906e-01
1.778795719146728516e-01
9.295749664306640625e-02
1.552190780639648438e-01
1.717977523803710938e-01
1.250398159027099609e-01
8.264350891113281250e-02
1.834983825683593750e-01
1.483180522918701172e-01
1.640508174896240234e-01
5.563688278198242188e-02
5.783081054687500000e-02
1.067314147949218750e-01
1.341905593872070312e-01
1.243450641632080078e-01
1.525003910064697266e-01
1.105818748474121094e-01
1.263306140899658203e-01
7.681274414062500000e-02
8.084201812744140625e-02
1.284291744232177734e-01
1.039910316467285156e-01
1.620085239410400391e-01
1.775965690612792969e-01
1.188597679138183594e-01
9.628725051879882812e-02
1.199784278869628906e-01
1.199376583099365234e-01
9.552001953125000000e-02
1.369426250457763672e-01
9.810829162597656250e-02
7.465362548828125000e-02
9.830403327941894531e-02
8.579730987548828125e-02
7.915425300598144531e-02
1.357941627502441406e-01
1.621994972229003906e-01
1.914887428283691406e-01
1.058762073516845703e-01
2.022163867950439453e-01
1.390621662139892578e-01
1.041352748870849609e-01
1.568400859832763672e-01
1.362061500549316406e-01
9.220242500305175781e-02
1.217663288116455078e-01
1.560285091400146484e-01
1.840040683746337891e-01
1.878845691680908203e-01
2.395966053009033203e-01
8.046650886535644531e-02
1.331818103790283203e-01
1.374950408935546875e-01
2.105417251586914062e-01
1.924977302551269531e-01
1.274764537811279297e-01
9.641337394714355469e-02
1.979041099548339844e-01
1.372261047363281250e-01
6.045556068420410156e-02
1.287837028503417969e-01
1.424789428710937500e-01
9.778857231140136719e-02
1.233112812042236328e-01
8.490276336669921875e-02
1.326439380645751953e-01
1.227488517761230469e-01
2.021219730377197266e-01
2.002546787261962891e-01
1.163859367370605469e-01
8.931016921997070312e-02
1.592853069305419922e-01
1.343834400177001953e-01
1.366705894470214844e-01
1.352846622467041016e-01
7.123231887817382812e-02
5.797958374023437500e-02
