2.602960169315338135e-01
5.000000000000000000e-01
5.000000000000000000e-01
5.000000000000000000e-01
5.000000000000000000e-01
5.000000000000000000e-01
5.000000000000000000e-01
5.038610100746154785e-01
5.289575457572937012e-01
5.447232723236083984e-01
5.521235466003417969e-01
5.501930713653564453e-01
5.286357998847961426e-01
5.601673126220703125e-01
5.752895474433898926e-01
5.775418281555175781e-01
5.839768052101135254e-01
5.817245841026306152e-01
5.871943235397338867e-01
6.039253473281860352e-01
5.939511060714721680e-01
6.103603839874267578e-01
6.058558821678161621e-01
6.158301234245300293e-01
6.151866316795349121e-01
6.200128793716430664e-01
6.245173811912536621e-01
6.200128793716430664e-01
6.325611472129821777e-01
6.393178701400756836e-01
6.412484049797058105e-01
6.402831673622131348e-01
6.412484049797058105e-01
6.499356627464294434e-01
6.467181444168090820e-01
6.592664122581481934e-01
6.634491682052612305e-01
6.537966728210449219e-01
6.486486196517944336e-01
6.718146800994873047e-01
6.718146800994873047e-01
6.676319241523742676e-01
6.785714030265808105e-01
6.798584461212158203e-01
6.862934231758117676e-01
6.769626736640930176e-01
6.907979249954223633e-01
6.891891956329345703e-01
6.981981992721557617e-01
7.072072029113769531e-01
7.104247212409973145e-01
7.184684872627258301e-01
7.001286745071411133e-01
7.178249955177307129e-01
7.277992367744445801e-01
7.242599725723266602e-01
7.197554707527160645e-01
7.380952239036560059e-01
7.294079661369323730e-01
7.554697394371032715e-01
7.493565082550048828e-01
7.641569972038269043e-01
7.660875320434570312e-01
7.770270109176635742e-01
7.853925228118896484e-01
7.763835191726684570e-01
7.905405163764953613e-01
7.631917595863342285e-01
7.779922485351562500e-01
7.902187705039978027e-01
8.027670383453369141e-01
7.944015264511108398e-01
8.053410649299621582e-01
8.342986106872558594e-01
8.278635740280151367e-01
8.246460556983947754e-01
8.307593464851379395e-01
8.133848309516906738e-01
8.484556078910827637e-01
8.458815813064575195e-01
8.532818555831909180e-01
8.487773537635803223e-01
8.191763162612915039e-01
8.622908592224121094e-01
8.751608729362487793e-01
8.581081032752990723e-01
8.799871206283569336e-01
8.832046389579772949e-01
8.822394013404846191e-01
9.025096297264099121e-01
9.092664122581481934e-01
9.079794287681579590e-01
9.256756901741027832e-01
9.192406535148620605e-01
9.243886470794677734e-01
9.185971617698669434e-01
9.037966728210449219e-01
9.009009003639221191e-01
9.002574086189270020e-01
9.305019378662109375e-01
