1.260985779762268066e+01
1.985196113586425781e+01
4.094000124931335449e+01
2.047028875350952148e+01
1.303608822822570801e+01
3.324916696548461914e+01
1.904975247383117676e+01
1.300731563568115234e+01
2.116806936264038086e+01
1.395678949356079102e+01
1.402792811393737793e+01
2.045859670639038086e+01
1.315994787216186523e+01
1.884469008445739746e+01
1.890155816078186035e+01
1.411556720733642578e+01
1.970009374618530273e+01
1.376695823669433594e+01
1.918561887741088867e+01
1.396971487998962402e+01
2.045869231224060059e+01
1.363182282447814941e+01
1.937158131599426270e+01
4.093896079063415527e+01
1.232230448722839355e+01
4.093904638290405273e+01
1.272054076194763184e+01
2.450766396522521973e+01
2.963512206077575684e+01
2.472609162330627441e+01
4.093937540054321289e+01
1.313828372955322266e+01
1.908283019065856934e+01
1.385724353790283203e+01
2.058929562568664551e+01
2.016612744331359863e+01
1.310354971885681152e+01
2.043218421936035156e+01
1.344603943824768066e+01
1.968603205680847168e+01
1.350230193138122559e+01
1.729900860786437988e+01
1.453155303001403809e+01
2.035277009010314941e+01
1.287000226974487305e+01
2.025008630752563477e+01
1.934261131286621094e+01
1.311943602561950684e+01
2.045984268188476562e+01
1.488145756721496582e+01
