8.917989015579223633e+00
8.756831169128417969e+00
8.759631395339965820e+00
8.730690240859985352e+00
8.771092414855957031e+00
1.857079815864562988e+01
8.808270931243896484e+00
8.799500942230224609e+00
8.751745462417602539e+00
8.745273351669311523e+00
8.751880645751953125e+00
8.757183074951171875e+00
8.832681179046630859e+00
1.876090526580810547e+01
1.875977039337158203e+01
8.763949394226074219e+00
9.130315065383911133e+00
1.829455351829528809e+01
9.262202739715576172e+00
8.764361143112182617e+00
8.770111799240112305e+00
1.869858813285827637e+01
1.860150742530822754e+01
8.979315996170043945e+00
8.753662347793579102e+00
8.735093355178833008e+00
8.766609668731689453e+00
1.863119673728942871e+01
8.799510717391967773e+00
8.804432868957519531e+00
8.679977893829345703e+00
8.782319784164428711e+00
8.752757310867309570e+00
1.859752058982849121e+01
8.909566640853881836e+00
1.850651502609252930e+01
8.764638423919677734e+00
8.701252460479736328e+00
1.868920588493347168e+01
8.764813184738159180e+00
1.872004127502441406e+01
8.729675531387329102e+00
8.798296213150024414e+00
1.866230297088623047e+01
8.765813350677490234e+00
1.866324734687805176e+01
8.805750370025634766e+00
8.802680492401123047e+00
8.791826963424682617e+00
1.865535759925842285e+01
