2.800773882865905762e+01
2.804833364486694336e+01
2.809417200088500977e+01
2.814391875267028809e+01
2.813678789138793945e+01
2.816830658912658691e+01
2.815993237495422363e+01
2.823185396194458008e+01
2.820240306854248047e+01
2.815629673004150391e+01
2.806635832786560059e+01
2.817492604255676270e+01
2.817588710784912109e+01
2.809211850166320801e+01
2.810044169425964355e+01
2.806774497032165527e+01
2.807801866531372070e+01
2.806425070762634277e+01
2.816183996200561523e+01
2.812277793884277344e+01
2.814871144294738770e+01
2.815578150749206543e+01
2.812464141845703125e+01
2.812416195869445801e+01
2.806445884704589844e+01
2.803579092025756836e+01
2.810143756866455078e+01
2.799893522262573242e+01
2.795656132698059082e+01
2.800248384475708008e+01
2.794735193252563477e+01
2.793545269966125488e+01
2.793358683586120605e+01
2.788701605796813965e+01
2.795835447311401367e+01
2.791252684593200684e+01
2.789427900314331055e+01
2.797704172134399414e+01
2.793191218376159668e+01
2.787277746200561523e+01
2.787353396415710449e+01
2.787171125411987305e+01
2.787154960632324219e+01
2.784757590293884277e+01
2.787330222129821777e+01
2.781231236457824707e+01
2.769914364814758301e+01
2.759970808029174805e+01
2.754263830184936523e+01
2.747603940963745117e+01
