1.544496345520019531e+01
1.537566494941711426e+01
1.520924091339111328e+01
1.538646173477172852e+01
3.496973037719726562e+01
1.526377987861633301e+01
1.499034786224365234e+01
1.517403388023376465e+01
1.553149342536926270e+01
1.531676506996154785e+01
1.506675529479980469e+01
1.495447921752929688e+01
1.540170359611511230e+01
1.510683321952819824e+01
1.540405225753784180e+01
1.567867040634155273e+01
1.576133275032043457e+01
1.528207421302795410e+01
1.559436273574829102e+01
2.778973579406738281e+01
1.575820207595825195e+01
1.515929627418518066e+01
1.558139777183532715e+01
3.435372567176818848e+01
1.894683885574340820e+01
1.496576571464538574e+01
1.558398675918579102e+01
1.522679638862609863e+01
1.561494064331054688e+01
2.523613953590393066e+01
1.527926516532897949e+01
1.531314420700073242e+01
1.514509510993957520e+01
1.515504193305969238e+01
1.886082577705383301e+01
1.508435654640197754e+01
1.556671094894409180e+01
4.414041972160339355e+01
3.609105300903320312e+01
1.532569718360900879e+01
1.518146920204162598e+01
4.660556340217590332e+01
1.551447844505310059e+01
1.569552993774414062e+01
5.141017246246337891e+01
1.868556737899780273e+01
1.561167287826538086e+01
5.028429794311523438e+01
1.510873150825500488e+01
1.540550208091735840e+01
4.961553215980529785e+01
1.540717577934265137e+01
1.509653687477111816e+01
1.537834715843200684e+01
4.665202617645263672e+01
1.814190578460693359e+01
1.535816335678100586e+01
5.002492690086364746e+01
1.545848870277404785e+01
1.562856721878051758e+01
4.745846700668334961e+01
1.502981638908386230e+01
1.541666483879089355e+01
1.535001587867736816e+01
1.509250092506408691e+01
5.129885888099670410e+01
1.549830150604248047e+01
1.507437229156494141e+01
4.637839818000793457e+01
1.846931719779968262e+01
1.541038250923156738e+01
1.537051057815551758e+01
4.469686961174011230e+01
1.511670207977294922e+01
1.538054442405700684e+01
1.557514810562133789e+01
1.524288439750671387e+01
1.521971774101257324e+01
1.513511204719543457e+01
5.559045100212097168e+01
1.881744861602783203e+01
1.492673349380493164e+01
4.289581751823425293e+01
1.560579299926757812e+01
4.875278568267822266e+01
1.516881966590881348e+01
5.089473247528076172e+01
1.969996261596679688e+01
1.580572199821472168e+01
1.558725428581237793e+01
1.526097798347473145e+01
1.580630421638488770e+01
2.409409189224243164e+01
1.542043590545654297e+01
2.138974380493164062e+01
1.540049719810485840e+01
1.520602679252624512e+01
2.376847457885742188e+01
1.600649428367614746e+01
1.519696259498596191e+01
