1.690096139907836914e+01
2.098465251922607422e+01
3.637606477737426758e+01
1.875446224212646484e+01
2.174820756912231445e+01
3.277060103416442871e+01
4.090391969680786133e+01
2.046725964546203613e+01
4.089648914337158203e+01
1.691824245452880859e+01
2.680882143974304199e+01
2.851599669456481934e+01
4.091822957992553711e+01
2.043135428428649902e+01
2.403116989135742188e+01
3.430911684036254883e+01
2.351402711868286133e+01
3.515699195861816406e+01
4.091489171981811523e+01
1.750534725189208984e+01
2.619384479522705078e+01
3.367470264434814453e+01
4.089524340629577637e+01
1.874430322647094727e+01
4.091479134559631348e+01
2.043499755859375000e+01
4.089850354194641113e+01
1.747812557220458984e+01
4.090569138526916504e+01
2.041654849052429199e+01
2.483032274246215820e+01
4.095192646980285645e+01
2.044568061828613281e+01
3.083258175849914551e+01
4.420338606834411621e+01
8.185777735710144043e+01
2.045060443878173828e+01
8.186214733123779297e+01
2.045707869529724121e+01
5.112526917457580566e+01
8.185461139678955078e+01
1.656710028648376465e+01
4.620091843605041504e+01
8.187745404243469238e+01
2.045603513717651367e+01
8.185290551185607910e+01
1.657194209098815918e+01
4.954519367218017578e+01
4.850485682487487793e+01
5.139625883102416992e+01
4.666894555091857910e+01
4.865060544013977051e+01
5.109986090660095215e+01
8.186673188209533691e+01
2.042362737655639648e+01
4.645982074737548828e+01
4.996683096885681152e+01
4.611404609680175781e+01
5.055874752998352051e+01
8.186403417587280273e+01
2.046810936927795410e+01
8.185302686691284180e+01
2.043573451042175293e+01
8.182232379913330078e+01
1.814334750175476074e+01
4.484059762954711914e+01
5.242877554893493652e+01
4.531068587303161621e+01
8.186636829376220703e+01
1.667996215820312500e+01
5.241341400146484375e+01
4.525590300559997559e+01
5.051623415946960449e+01
4.608754801750183105e+01
5.003295493125915527e+01
8.188344645500183105e+01
1.853952813148498535e+01
4.156775617599487305e+01
5.397475695610046387e+01
8.186997938156127930e+01
2.299590039253234863e+01
8.186400747299194336e+01
1.649189448356628418e+01
4.828031516075134277e+01
4.931063103675842285e+01
4.954021120071411133e+01
4.123652100563049316e+01
8.189618253707885742e+01
2.043255138397216797e+01
1.984425950050354004e+01
3.675875377655029297e+01
2.271915864944458008e+01
3.198070907592773438e+01
4.090744900703430176e+01
4.091507863998413086e+01
2.045649456977844238e+01
4.087798309326171875e+01
4.092413139343261719e+01
1.665470480918884277e+01
2.152534031867980957e+01
