5.310389399528503418e-01
7.500804066658020020e-01
7.500804066658020020e-01
7.500804066658020020e-01
7.500804066658020020e-01
7.500804066658020020e-01
7.500804066658020020e-01
7.500804066658020020e-01
7.500804066658020020e-01
7.500804066658020020e-01
7.500804066658020020e-01
7.635895609855651855e-01
7.758121490478515625e-01
7.812801599502563477e-01
7.838533520698547363e-01
7.838533520698547363e-01
7.848182916641235352e-01
7.822450995445251465e-01
7.896429896354675293e-01
7.861048579216003418e-01
7.899646162986755371e-01
7.889996767044067383e-01
7.918944954872131348e-01
7.963975667953491211e-01
7.944676876068115234e-01
7.928594350814819336e-01
7.980058193206787109e-01
7.951109409332275391e-01
7.967191934585571289e-01
7.980058193206787109e-01
7.986490726470947266e-01
7.967191934585571289e-01
8.012222647666931152e-01
7.967191934585571289e-01
7.980058193206787109e-01
7.989707589149475098e-01
7.996140122413635254e-01
7.976841330528259277e-01
7.992923855781555176e-01
7.992923855781555176e-01
7.980058193206787109e-01
7.983274459838867188e-01
7.983274459838867188e-01
7.976841330528259277e-01
7.992923855781555176e-01
7.999356985092163086e-01
7.983274459838867188e-01
7.986490726470947266e-01
8.009006381034851074e-01
7.989707589149475098e-01
7.992923855781555176e-01
7.999356985092163086e-01
7.996140122413635254e-01
7.992923855781555176e-01
8.002573251724243164e-01
7.999356985092163086e-01
7.999356985092163086e-01
7.992923855781555176e-01
8.009006381034851074e-01
8.009006381034851074e-01
8.009006381034851074e-01
8.009006381034851074e-01
8.012222647666931152e-01
8.005789518356323242e-01
8.009006381034851074e-01
8.005789518356323242e-01
8.002573251724243164e-01
8.002573251724243164e-01
8.002573251724243164e-01
8.005789518356323242e-01
8.009006381034851074e-01
8.005789518356323242e-01
8.009006381034851074e-01
8.009006381034851074e-01
8.009006381034851074e-01
8.009006381034851074e-01
8.012222647666931152e-01
8.015438914299011230e-01
8.015438914299011230e-01
8.009006381034851074e-01
8.012222647666931152e-01
8.009006381034851074e-01
8.012222647666931152e-01
8.012222647666931152e-01
8.009006381034851074e-01
8.009006381034851074e-01
8.009006381034851074e-01
8.009006381034851074e-01
8.009006381034851074e-01
8.012222647666931152e-01
8.012222647666931152e-01
8.012222647666931152e-01
8.012222647666931152e-01
8.012222647666931152e-01
8.009006381034851074e-01
8.009006381034851074e-01
8.009006381034851074e-01
8.009006381034851074e-01
8.009006381034851074e-01
8.009006381034851074e-01
