1.614108490943908691e+01
1.584624671936035156e+01
1.611263251304626465e+01
1.595999026298522949e+01
1.587376260757446289e+01
1.606309294700622559e+01
1.608690333366394043e+01
1.588920426368713379e+01
1.595369434356689453e+01
1.604055953025817871e+01
1.589792442321777344e+01
1.590729570388793945e+01
1.607801413536071777e+01
1.596300148963928223e+01
1.595920848846435547e+01
1.603501033782958984e+01
1.589833927154541016e+01
1.970302414894104004e+01
1.971846532821655273e+01
1.592271232604980469e+01
1.602110600471496582e+01
1.597833991050720215e+01
1.969750571250915527e+01
1.600573396682739258e+01
1.606675028800964355e+01
1.599222683906555176e+01
1.591442370414733887e+01
1.596142959594726562e+01
1.802680182456970215e+01
1.896961140632629395e+01
1.577365469932556152e+01
1.605102562904357910e+01
1.594848632812500000e+01
1.606066489219665527e+01
1.588910102844238281e+01
1.599225401878356934e+01
1.586024308204650879e+01
1.584991502761840820e+01
1.574148154258728027e+01
1.599692392349243164e+01
1.598656201362609863e+01
1.578931450843811035e+01
1.591843485832214355e+01
1.603574132919311523e+01
1.587663149833679199e+01
1.596640539169311523e+01
1.597204494476318359e+01
1.822128915786743164e+01
1.582962584495544434e+01
1.595497488975524902e+01
1.794648790359497070e+01
1.578657412528991699e+01
1.606042718887329102e+01
1.587310481071472168e+01
1.595354056358337402e+01
1.600499105453491211e+01
1.584101700782775879e+01
1.600283193588256836e+01
1.594740915298461914e+01
1.589281296730041504e+01
1.583032202720642090e+01
1.579893136024475098e+01
1.586102199554443359e+01
1.588713693618774414e+01
1.591199231147766113e+01
1.605456948280334473e+01
1.590029573440551758e+01
1.600935673713684082e+01
1.598098826408386230e+01
1.597952532768249512e+01
1.598100066184997559e+01
1.606734132766723633e+01
1.604502749443054199e+01
1.595791435241699219e+01
1.586386537551879883e+01
1.586216735839843750e+01
1.588139438629150391e+01
1.602753353118896484e+01
1.598048710823059082e+01
1.610623574256896973e+01
1.592292618751525879e+01
1.591588711738586426e+01
1.604852628707885742e+01
1.604866623878479004e+01
1.605815434455871582e+01
1.603579831123352051e+01
1.797573065757751465e+01
1.606423568725585938e+01
1.591446328163146973e+01
1.597635269165039062e+01
1.592391943931579590e+01
1.583467102050781250e+01
1.590564632415771484e+01
1.591796326637268066e+01
1.608664965629577637e+01
1.613135600090026855e+01
1.604535126686096191e+01
1.582639575004577637e+01
1.594053363800048828e+01
1.591300892829895020e+01
