1.584698152542114258e+01
1.569445252418518066e+01
1.573484849929809570e+01
1.586001849174499512e+01
1.587547588348388672e+01
1.580425882339477539e+01
1.582664513587951660e+01
1.561745858192443848e+01
1.569252896308898926e+01
1.575678825378417969e+01
1.811520624160766602e+01
1.977626323699951172e+01
1.573609352111816406e+01
1.587741565704345703e+01
1.583275127410888672e+01
1.577217841148376465e+01
1.585318875312805176e+01
1.578432154655456543e+01
1.580953168869018555e+01
1.594489479064941406e+01
1.575473165512084961e+01
1.596722650527954102e+01
1.593077230453491211e+01
1.579743576049804688e+01
1.586831641197204590e+01
1.576739239692687988e+01
1.581958055496215820e+01
1.582760763168334961e+01
1.586945223808288574e+01
1.794258666038513184e+01
1.584389996528625488e+01
1.579684281349182129e+01
1.576724505424499512e+01
1.570914268493652344e+01
1.581274962425231934e+01
1.577043890953063965e+01
1.582279133796691895e+01
1.975292801856994629e+01
1.563885498046875000e+01
1.578674626350402832e+01
1.575759506225585938e+01
1.577344822883605957e+01
1.584242081642150879e+01
1.577450585365295410e+01
1.579663300514221191e+01
1.574115204811096191e+01
1.560973811149597168e+01
1.585843706130981445e+01
1.564604568481445312e+01
1.571071887016296387e+01
1.974815940856933594e+01
1.577562332153320312e+01
1.547803187370300293e+01
1.582639861106872559e+01
1.560099077224731445e+01
1.565133666992187500e+01
1.564811873435974121e+01
1.566711330413818359e+01
1.765728902816772461e+01
1.569849920272827148e+01
1.573408269882202148e+01
1.581795430183410645e+01
1.581657361984252930e+01
1.563882017135620117e+01
1.567288756370544434e+01
1.566555976867675781e+01
1.581191110610961914e+01
1.588388109207153320e+01
1.572859597206115723e+01
1.981765627861022949e+01
1.579833078384399414e+01
1.575446248054504395e+01
1.565098547935485840e+01
1.540660071372985840e+01
1.589549350738525391e+01
1.574497628211975098e+01
1.558963441848754883e+01
1.586274576187133789e+01
1.560690164566040039e+01
1.584510564804077148e+01
1.582591485977172852e+01
1.572550129890441895e+01
1.562477684020996094e+01
1.578991150856018066e+01
1.593600702285766602e+01
1.577641320228576660e+01
1.567509365081787109e+01
1.562869048118591309e+01
1.581043362617492676e+01
1.555980253219604492e+01
1.587314319610595703e+01
1.575506162643432617e+01
1.589211392402648926e+01
1.571153497695922852e+01
1.574530863761901855e+01
1.581293678283691406e+01
1.590757966041564941e+01
1.588863492012023926e+01
1.570393610000610352e+01
1.579759240150451660e+01
