4.305242896080017090e-01
5.000000000000000000e-01
5.032164454460144043e-01
5.397233963012695312e-01
5.672242045402526855e-01
5.972981452941894531e-01
6.108073592185974121e-01
6.252814531326293945e-01
6.284978985786437988e-01
6.543904542922973633e-01
6.524605751037597656e-01
6.688646078109741211e-01
6.746542453765869141e-01
6.910582184791564941e-01
6.820521354675292969e-01
6.923447847366333008e-01
6.982952952384948730e-01
7.085879445075988770e-01
7.132518291473388672e-01
7.172724604606628418e-01
7.253136038780212402e-01
7.351238131523132324e-01
7.254744172096252441e-01
7.380186319351196289e-01
7.475072145462036133e-01
7.504020333290100098e-01
7.520102858543395996e-01
7.499195933341979980e-01
7.733998298645019531e-01
7.746863961219787598e-01
7.695400714874267578e-01
7.923769950866699219e-01
7.859440445899963379e-01
7.836924791336059570e-01
7.980058193206787109e-01
7.996140122413635254e-01
8.137664794921875000e-01
8.052428364753723145e-01
8.264715075492858887e-01
8.275973200798034668e-01
8.285622596740722656e-01
8.177870512008666992e-01
8.446446061134338379e-01
8.464136123657226562e-01
8.567063212394714355e-01
8.550981283187866211e-01
8.637825846672058105e-01
8.735927939414978027e-01
8.460919857025146484e-01
8.822772502899169922e-01
8.866195082664489746e-01
8.780958652496337891e-01
8.850112557411193848e-01
8.951431512832641602e-01
9.035059213638305664e-01
9.018977284431457520e-01
9.183017015457153320e-01
9.265037178993225098e-01
9.308459162712097168e-01
9.395303726196289062e-01
9.511097073554992676e-01
9.311676025390625000e-01
9.509488344192504883e-01
9.316500425338745117e-01
9.384046196937561035e-01
9.575425982475280762e-01
9.702476859092712402e-01
9.675136804580688477e-01
9.441942572593688965e-01
9.789321422576904297e-01
9.837568402290344238e-01
9.884207248687744141e-01
9.589900374412536621e-01
8.933740854263305664e-01
9.263429045677185059e-01
9.639755487442016602e-01
9.880990386009216309e-01
9.940495491027832031e-01
9.982309341430664062e-01
9.977484941482543945e-01
9.993566870689392090e-01
9.998391866683959961e-01
9.998391866683959961e-01
9.998391866683959961e-01
9.998391866683959961e-01
9.998391866683959961e-01
1.000000000000000000e+00
9.996783733367919922e-01
1.000000000000000000e+00
9.996783733367919922e-01
9.998391866683959961e-01
1.000000000000000000e+00
1.000000000000000000e+00
1.000000000000000000e+00
1.000000000000000000e+00
1.000000000000000000e+00
1.000000000000000000e+00
1.000000000000000000e+00
1.000000000000000000e+00
1.000000000000000000e+00
