1.614683628082275391e+00
1.598965644836425781e+00
1.826469182968139648e+00
1.425090074539184570e+00
1.515836954116821289e+00
1.509827613830566406e+00
1.946608781814575195e+00
2.043334484100341797e+00
1.456818580627441406e+00
1.499902009963989258e+00
1.338911771774291992e+00
1.688928365707397461e+00
1.700306892395019531e+00
1.912756919860839844e+00
1.759855508804321289e+00
1.164319038391113281e+00
1.630721092224121094e+00
1.609911918640136719e+00
1.908331155776977539e+00
1.448257446289062500e+00
1.703432559967041016e+00
1.242510080337524414e+00
1.379602670669555664e+00
1.536491632461547852e+00
1.777253866195678711e+00
1.500667095184326172e+00
1.818492889404296875e+00
1.856072664260864258e+00
2.062049627304077148e+00
1.525305271148681641e+00
1.642788887023925781e+00
2.149921178817749023e+00
1.462224006652832031e+00
1.406057596206665039e+00
1.900982618331909180e+00
1.645212650299072266e+00
1.791533708572387695e+00
1.273107051849365234e+00
2.200586795806884766e+00
1.207627296447753906e+00
1.324626445770263672e+00
1.988882541656494141e+00
1.458118200302124023e+00
1.813460588455200195e+00
1.570641756057739258e+00
1.289369106292724609e+00
2.045290470123291016e+00
1.331858634948730469e+00
1.617508172988891602e+00
1.359254360198974609e+00
