1.573428034782409668e+01
1.561367511749267578e+01
1.560824179649353027e+01
1.562517428398132324e+01
1.571657347679138184e+01
1.566122341156005859e+01
1.571507167816162109e+01
1.567674040794372559e+01
1.559454298019409180e+01
1.568960547447204590e+01
1.567213869094848633e+01
1.562101221084594727e+01
1.562890362739562988e+01
1.568528556823730469e+01
1.563497614860534668e+01
1.560191845893859863e+01
1.559445214271545410e+01
1.553604602813720703e+01
1.555922102928161621e+01
1.553850722312927246e+01
1.568258428573608398e+01
1.559900927543640137e+01
1.566304945945739746e+01
1.562738490104675293e+01
1.569356894493103027e+01
1.557857871055603027e+01
1.545497655868530273e+01
1.529285311698913574e+01
1.523597741127014160e+01
1.514374637603759766e+01
1.514928650856018066e+01
1.521783304214477539e+01
1.509395122528076172e+01
1.509897398948669434e+01
1.516730451583862305e+01
1.511510157585144043e+01
1.520313215255737305e+01
1.511520361900329590e+01
1.509891152381896973e+01
1.508684897422790527e+01
1.509156966209411621e+01
1.515128970146179199e+01
1.522053050994873047e+01
1.526800942420959473e+01
1.510462236404418945e+01
1.518256497383117676e+01
1.516718816757202148e+01
1.522604727745056152e+01
1.520157480239868164e+01
1.523016476631164551e+01
