1.207187175750732422e-01
2.050549983978271484e-01
6.592035293579101562e-02
1.457822322845458984e-01
1.779537200927734375e-01
2.064008712768554688e-01
1.289243698120117188e-01
1.457405090332031250e-01
1.437213420867919922e-01
1.079216003417968750e-01
1.420948505401611328e-01
1.661434173583984375e-01
1.744647026062011719e-01
1.907670497894287109e-01
1.720154285430908203e-01
1.039152145385742188e-01
1.890347003936767578e-01
1.370153427124023438e-01
1.463131904602050781e-01
1.895945072174072266e-01
1.191384792327880859e-01
1.088879108428955078e-01
1.465187072753906250e-01
1.946537494659423828e-01
2.360031604766845703e-01
1.675412654876708984e-01
1.070690155029296875e-01
6.638956069946289062e-02
1.055796146392822266e-01
1.943836212158203125e-01
1.150434017181396484e-01
1.096355915069580078e-01
1.752207279205322266e-01
1.460227966308593750e-01
1.950538158416748047e-01
1.775233745574951172e-01
1.052544116973876953e-01
1.117792129516601562e-01
3.479430675506591797e-01
2.241706848144531250e-01
1.389200687408447266e-01
1.334395408630371094e-01
1.176519393920898438e-01
1.250212192535400391e-01
1.395499706268310547e-01
9.735202789306640625e-02
1.371564865112304688e-01
1.056244373321533203e-01
1.227767467498779297e-01
2.179822921752929688e-01
9.013128280639648438e-02
1.632108688354492188e-01
1.909549236297607422e-01
2.192342281341552734e-01
1.814553737640380859e-01
2.593581676483154297e-01
1.658411026000976562e-01
1.866180896759033203e-01
1.487882137298583984e-01
8.157038688659667969e-02
1.685824394226074219e-01
1.243729591369628906e-01
1.932573318481445312e-01
1.405553817749023438e-01
1.242377758026123047e-01
1.845531463623046875e-01
1.434247493743896484e-01
1.577186584472656250e-01
9.986519813537597656e-02
1.321709156036376953e-01
1.039321422576904297e-01
7.623243331909179688e-02
9.369945526123046875e-02
1.845033168792724609e-01
1.160356998443603516e-01
1.709954738616943359e-01
1.423203945159912109e-01
1.868815422058105469e-01
1.948609352111816406e-01
2.497544288635253906e-01
1.119234561920166016e-01
1.807796955108642578e-01
1.160058975219726562e-01
1.314616203308105469e-01
2.259161472320556641e-01
7.278895378112792969e-02
1.542372703552246094e-01
8.541440963745117188e-02
2.307395935058593750e-01
8.232593536376953125e-02
8.855390548706054688e-02
1.247115135192871094e-01
1.699388027191162109e-01
1.379964351654052734e-01
1.120319366455078125e-01
1.763725280761718750e-01
1.575238704681396484e-01
1.538047790527343750e-01
1.833739280700683594e-01
1.366641521453857422e-01
