2.281182780265808105e+02
2.593968195915222168e+02
2.618919241428375244e+02
2.534912643432617188e+02
2.618677995204925537e+02
2.531655886173248291e+02
2.669788429737091064e+02
3.017568855285644531e+02
3.218707547187805176e+02
2.533219258785247803e+02
2.812794055938720703e+02
2.996506710052490234e+02
2.910848774909973145e+02
3.218495669364929199e+02
2.618706841468811035e+02
2.744057068824768066e+02
3.218629262447357178e+02
3.218438787460327148e+02
2.268701899051666260e+02
2.867177968025207520e+02
2.872545866966247559e+02
2.816367657184600830e+02
2.854469232559204102e+02
2.913322286605834961e+02
2.821783432960510254e+02
2.996848349571228027e+02
2.693978035449981689e+02
3.218791341781616211e+02
2.618680329322814941e+02
2.619001610279083252e+02
2.390567631721496582e+02
3.218768906593322754e+02
2.521378746032714844e+02
2.838500490188598633e+02
2.853398494720458984e+02
2.899475281238555908e+02
3.219003350734710693e+02
2.525299623012542725e+02
2.765372211933135986e+02
2.936866924762725830e+02
3.218685057163238525e+02
2.618607957363128662e+02
2.799616315364837646e+02
3.218762025833129883e+02
2.487995321750640869e+02
2.781360743045806885e+02
2.901911292076110840e+02
2.904732956886291504e+02
3.218654568195343018e+02
2.585921616554260254e+02
2.730168907642364502e+02
2.991815702915191650e+02
2.878973338603973389e+02
2.834998450279235840e+02
2.917087228298187256e+02
3.218817081451416016e+02
2.474736204147338867e+02
2.969727354049682617e+02
2.904840037822723389e+02
3.021442270278930664e+02
3.019784913063049316e+02
2.703513133525848389e+02
3.022817542552947998e+02
2.894545259475708008e+02
2.803326342105865479e+02
2.903799772262573242e+02
2.672662944793701172e+02
3.046718971729278564e+02
2.782808449268341064e+02
2.928234837055206299e+02
2.738620710372924805e+02
2.977989642620086670e+02
2.891245670318603516e+02
2.822220513820648193e+02
2.885984702110290527e+02
2.872170352935791016e+02
2.819743344783782959e+02
2.904737868309020996e+02
3.218697445392608643e+02
2.618489818572998047e+02
2.921749920845031738e+02
2.671612124443054199e+02
2.790612411499023438e+02
2.898478636741638184e+02
2.784176533222198486e+02
3.218907504081726074e+02
2.377592921257019043e+02
3.002066056728363037e+02
2.887887966632843018e+02
3.218647129535675049e+02
2.482131280899047852e+02
2.851705362796783447e+02
2.599020571708679199e+02
2.618728115558624268e+02
2.597857382297515869e+02
2.851472108364105225e+02
3.218882513046264648e+02
2.619183354377746582e+02
2.868932833671569824e+02
2.761324167251586914e+02
