1.263607692718505859e+01
1.975255703926086426e+01
3.265635108947753906e+01
2.106209039688110352e+01
3.155897235870361328e+01
3.964888548851013184e+01
1.913274168968200684e+01
1.559599590301513672e+01
3.133284878730773926e+01
2.079889798164367676e+01
3.242175483703613281e+01
3.963928627967834473e+01
1.372730517387390137e+01
2.133238768577575684e+01
3.962731599807739258e+01
1.874839425086975098e+01
2.609059953689575195e+01
2.712749719619750977e+01
2.687242436408996582e+01
2.719425439834594727e+01
2.610302257537841797e+01
3.294379830360412598e+01
3.962820768356323242e+01
1.382426929473876953e+01
3.338014721870422363e+01
1.723814868927001953e+01
1.952541923522949219e+01
1.313852143287658691e+01
1.918111634254455566e+01
1.230901169776916504e+01
1.930856752395629883e+01
3.137352943420410156e+01
1.909978652000427246e+01
3.239755392074584961e+01
3.963106179237365723e+01
1.326680660247802734e+01
3.947991394996643066e+01
1.918771767616271973e+01
1.441625046730041504e+01
3.074134755134582520e+01
2.367498826980590820e+01
3.077061462402343750e+01
2.237888288497924805e+01
3.961996674537658691e+01
1.912367844581604004e+01
2.413685631752014160e+01
2.359231734275817871e+01
2.840495944023132324e+01
2.467525672912597656e+01
2.879386258125305176e+01
