9.825976490974426270e-01
9.987266659736633301e-01
9.988681674003601074e-01
9.995755553245544434e-01
9.994340538978576660e-01
9.994340538978576660e-01
9.961799383163452148e-01
9.985851645469665527e-01
9.994340538978576660e-01
9.970288872718811035e-01
9.984436631202697754e-01
9.990096092224121094e-01
9.968873858451843262e-01
9.988681674003601074e-01
9.990096092224121094e-01
9.990096092224121094e-01
9.981607198715209961e-01
9.915110468864440918e-01
9.991511106491088867e-01
9.920769929885864258e-01
9.988681674003601074e-01
9.992926120758056641e-01
9.994340538978576660e-01
9.994340538978576660e-01
9.991511106491088867e-01
9.994340538978576660e-01
9.995755553245544434e-01
9.994340538978576660e-01
9.983022212982177734e-01
9.994340538978576660e-01
9.992926120758056641e-01
9.994340538978576660e-01
9.994340538978576660e-01
9.994340538978576660e-01
9.994340538978576660e-01
9.997170567512512207e-01
9.994340538978576660e-01
9.991511106491088867e-01
9.994340538978576660e-01
9.995755553245544434e-01
9.994340538978576660e-01
9.992926120758056641e-01
9.994340538978576660e-01
9.992926120758056641e-01
9.994340538978576660e-01
9.994340538978576660e-01
9.994340538978576660e-01
9.995755553245544434e-01
9.994340538978576660e-01
9.994340538978576660e-01
