1.925319123268127441e+01
1.287242507934570312e+01
3.272987914085388184e+01
2.113007378578186035e+01
3.160900568962097168e+01
2.188028979301452637e+01
3.967303204536437988e+01
1.922152066230773926e+01
2.519784212112426758e+01
3.968391180038452148e+01
1.318920588493347168e+01
2.160526275634765625e+01
3.195539116859436035e+01
3.970025968551635742e+01
1.351901769638061523e+01
3.969105362892150879e+01
1.323424577713012695e+01
2.720863223075866699e+01
2.695608377456665039e+01
3.966172337532043457e+01
1.919391131401062012e+01
2.741826987266540527e+01
3.969541072845458984e+01
1.313960623741149902e+01
3.255371403694152832e+01
1.733140349388122559e+01
1.960439610481262207e+01
1.323768973350524902e+01
1.770650076866149902e+01
1.923893117904663086e+01
1.291728997230529785e+01
3.160009884834289551e+01
1.931956839561462402e+01
3.203995585441589355e+01
2.076872825622558594e+01
3.292356634140014648e+01
1.963355684280395508e+01
3.339045739173889160e+01
3.970578861236572266e+01
1.238628029823303223e+01
2.229921722412109375e+01
3.973298525810241699e+01
1.438291645050048828e+01
3.074716114997863770e+01
2.281291174888610840e+01
3.096898388862609863e+01
2.318605256080627441e+01
2.839707279205322266e+01
2.364404439926147461e+01
3.975680780410766602e+01
