4.163718223571777344e-01
4.988742470741271973e-01
5.065937638282775879e-01
5.231585502624511719e-01
5.387584567070007324e-01
5.495336055755615234e-01
5.603087544441223145e-01
5.622386336326599121e-01
5.686715841293334961e-01
5.821807384490966797e-01
5.911868810653686523e-01
6.029269695281982422e-01
6.003538370132446289e-01
6.174011230468750000e-01
6.124155521392822266e-01
6.344483494758605957e-01
6.265680193901062012e-01
6.555162668228149414e-01
6.656481027603149414e-01
6.674171686172485352e-01
6.799613833427429199e-01
6.789964437484741211e-01
6.908974051475524902e-01
6.905757188796997070e-01
6.990993618965148926e-01
7.119652628898620605e-01
7.164683341979980469e-01
7.145384550094604492e-01
7.272434830665588379e-01
7.368928790092468262e-01
7.393052577972412109e-01
7.468639612197875977e-01
7.439691424369812012e-01
7.598906159400939941e-01
7.584432363510131836e-01
7.799935936927795410e-01
7.888388633728027344e-01
7.807976603507995605e-01
7.963975667953491211e-01
8.017047047615051270e-01
8.042778968811035156e-01
8.198778033256530762e-01
8.189128041267395020e-01
8.189128041267395020e-01
8.213251829147338867e-01
8.205210566520690918e-01
8.380508422851562500e-01
8.404631614685058594e-01
8.478610515594482422e-01
8.642650246620178223e-01
8.687680959701538086e-01
8.639433979988098145e-01
8.769701123237609863e-01
8.830813765525817871e-01
8.866195082664489746e-01
9.001286625862121582e-01
8.898359537124633789e-01
9.155676960945129395e-01
9.121904373168945312e-01
9.343840479850769043e-01
9.295593500137329102e-01
9.268253445625305176e-01
9.424251914024353027e-01
9.446767568588256836e-01
9.517529606819152832e-01
9.491798281669616699e-01
9.486973285675048828e-01
9.416211247444152832e-01
9.528787136077880859e-01
9.522354602813720703e-01
9.659054279327392578e-01
9.379221796989440918e-01
8.518816232681274414e-01
9.047925472259521484e-01
9.504663944244384766e-01
9.617240428924560547e-01
9.757156372070312500e-01
9.868124723434448242e-01
9.893856644630432129e-01
9.921196699142456055e-01
9.877774119377136230e-01
9.832743406295776367e-01
9.922804832458496094e-01
9.934062361717224121e-01
9.971051812171936035e-01
9.998391866683959961e-01
9.993566870689392090e-01
1.000000000000000000e+00
9.996783733367919922e-01
1.000000000000000000e+00
9.998391866683959961e-01
9.975876212120056152e-01
9.673528671264648438e-01
8.477002382278442383e-01
9.109038114547729492e-01
9.051141738891601562e-01
9.721775650978088379e-01
9.887423515319824219e-01
9.977484941482543945e-01
9.995175004005432129e-01
