3.188610076904296875e-02
4.949808120727539062e-02
6.727004051208496094e-02
4.201078414916992188e-02
4.192924499511718750e-02
5.653047561645507812e-02
9.063124656677246094e-02
6.924629211425781250e-02
5.823755264282226562e-02
2.855181694030761719e-02
5.717611312866210938e-02
1.060500144958496094e-01
4.200744628906250000e-02
6.429624557495117188e-02
4.480791091918945312e-02
3.411388397216796875e-02
4.542827606201171875e-02
5.063390731811523438e-02
3.697133064270019531e-02
9.295463562011718750e-03
4.149603843688964844e-02
4.205775260925292969e-02
4.578971862792968750e-02
3.104305267333984375e-02
3.164625167846679688e-02
3.947329521179199219e-02
3.270101547241210938e-02
2.706623077392578125e-02
7.951045036315917969e-02
5.656027793884277344e-02
5.888676643371582031e-02
5.074715614318847656e-02
8.672261238098144531e-02
4.929137229919433594e-02
3.780174255371093750e-02
4.651093482971191406e-02
4.923486709594726562e-02
5.472445487976074219e-02
3.428077697753906250e-02
2.741932868957519531e-02
4.234743118286132812e-02
3.668045997619628906e-02
3.880286216735839844e-02
4.068493843078613281e-02
6.806564331054687500e-02
6.127309799194335938e-02
2.008485794067382812e-02
3.934860229492187500e-02
3.922581672668457031e-02
7.187151908874511719e-02
1.256036758422851562e-02
3.217935562133789062e-02
5.736517906188964844e-02
1.142249107360839844e-01
2.914285659790039062e-02
1.076650619506835938e-01
1.813602447509765625e-02
9.862732887268066406e-02
1.071643829345703125e-02
5.025553703308105469e-02
2.796626091003417969e-02
7.305335998535156250e-02
4.183125495910644531e-02
5.100774765014648438e-02
5.796670913696289062e-02
2.406311035156250000e-02
1.563928127288818359e-01
4.707908630371093750e-02
6.253266334533691406e-02
9.119105339050292969e-02
1.623344421386718750e-02
4.143643379211425781e-02
5.310750007629394531e-02
6.572175025939941406e-02
9.079837799072265625e-02
5.642223358154296875e-02
7.359647750854492188e-02
3.086590766906738281e-02
1.051352024078369141e-01
6.702709197998046875e-02
8.779144287109375000e-02
4.533600807189941406e-02
2.982163429260253906e-02
5.358171463012695312e-02
7.591724395751953125e-02
3.178763389587402344e-02
7.704377174377441406e-02
4.092264175415039062e-02
6.835389137268066406e-02
7.577514648437500000e-02
5.859637260437011719e-02
5.435872077941894531e-02
4.867768287658691406e-02
3.300356864929199219e-02
8.107757568359375000e-02
3.747296333312988281e-02
4.192280769348144531e-02
8.529448509216308594e-02
3.330111503601074219e-02
4.508304595947265625e-02
