3.967738151550292969e-02
4.938983917236328125e-02
4.286837577819824219e-02
4.110574722290039062e-02
4.185128211975097656e-02
9.347987174987792969e-02
3.678894042968750000e-02
5.727195739746093750e-02
9.350466728210449219e-02
2.372026443481445312e-02
6.880283355712890625e-02
5.931997299194335938e-02
4.408931732177734375e-02
6.425189971923828125e-02
4.477095603942871094e-02
3.402233123779296875e-02
2.968430519104003906e-02
4.198980331420898438e-02
3.691291809082031250e-02
2.299070358276367188e-03
2.653098106384277344e-02
4.200100898742675781e-02
4.534363746643066406e-02
4.068446159362792969e-02
4.385566711425781250e-02
2.954912185668945312e-02
3.256011009216308594e-02
2.691125869750976562e-02
9.364914894104003906e-02
8.193945884704589844e-02
3.202366828918457031e-02
5.397963523864746094e-02
6.790590286254882812e-02
3.882050514221191406e-02
3.772091865539550781e-02
3.905487060546875000e-02
4.915237426757812500e-02
5.463075637817382812e-02
3.417611122131347656e-02
1.602816581726074219e-02
4.223918914794921875e-02
3.657293319702148438e-02
1.771807670593261719e-02
4.718303680419921875e-02
1.123123168945312500e-01
3.663158416748046875e-02
2.525401115417480469e-02
3.931617736816406250e-02
3.478884696960449219e-02
7.638525962829589844e-02
8.224010467529296875e-03
3.712725639343261719e-02
5.728793144226074219e-02
6.573820114135742188e-02
4.099607467651367188e-02
9.112143516540527344e-02
1.676368713378906250e-02
8.250069618225097656e-02
7.866859436035156250e-03
2.719640731811523438e-02
4.942941665649414062e-02
7.298064231872558594e-02
2.941370010375976562e-02
5.096006393432617188e-02
4.260253906250000000e-02
2.398347854614257812e-02
1.082479953765869141e-01
3.507542610168457031e-02
6.278824806213378906e-02
7.901906967163085938e-02
1.615166664123535156e-02
4.136896133422851562e-02
5.301332473754882812e-02
5.144596099853515625e-02
7.905244827270507812e-02
4.397845268249511719e-02
4.769897460937500000e-02
3.079915046691894531e-02
1.307506561279296875e-01
4.402041435241699219e-02
7.396507263183593750e-02
3.998112678527832031e-02
2.969646453857421875e-02
3.763246536254882812e-02
8.402872085571289062e-02
2.063107490539550781e-02
9.104394912719726562e-02
4.084086418151855469e-02
6.821274757385253906e-02
4.846644401550292969e-02
2.950787544250488281e-02
4.355621337890625000e-02
5.669403076171875000e-02
3.294277191162109375e-02
4.882168769836425781e-02
3.739213943481445312e-02
3.475856781005859375e-02
3.520178794860839844e-02
3.842735290527343750e-02
4.963350296020507812e-02
