1.572578883171081543e+01
1.538814473152160645e+01
2.256764745712280273e+01
1.538515686988830566e+01
1.528809094429016113e+01
1.512396311759948730e+01
2.966342473030090332e+01
1.505134344100952148e+01
1.477704715728759766e+01
1.509986472129821777e+01
1.519097089767456055e+01
1.529243588447570801e+01
1.505192923545837402e+01
1.537562847137451172e+01
3.334991979598999023e+01
1.525091505050659180e+01
1.538061475753784180e+01
1.580686569213867188e+01
3.521714878082275391e+01
1.583429670333862305e+01
1.550656628608703613e+01
1.468314290046691895e+01
1.551848030090332031e+01
1.527467656135559082e+01
2.969988656044006348e+01
1.489786839485168457e+01
1.567286658287048340e+01
1.542481207847595215e+01
1.533990168571472168e+01
1.507664442062377930e+01
1.529769682884216309e+01
5.065635871887207031e+01
1.490895628929138184e+01
1.536218786239624023e+01
1.541755437850952148e+01
1.508961820602416992e+01
1.553674006462097168e+01
1.566090464591979980e+01
1.503456592559814453e+01
1.487098026275634766e+01
5.102002072334289551e+01
1.520870542526245117e+01
1.539095044136047363e+01
1.503415369987487793e+01
1.563080120086669922e+01
1.556365680694580078e+01
1.524561333656311035e+01
1.542013025283813477e+01
1.524354767799377441e+01
1.572430276870727539e+01
1.516558599472045898e+01
4.111678075790405273e+01
1.817812347412109375e+01
1.530006313323974609e+01
1.541956996917724609e+01
1.531329512596130371e+01
2.714879894256591797e+01
1.872772502899169922e+01
1.505524444580078125e+01
1.536395215988159180e+01
1.521067690849304199e+01
1.528406071662902832e+01
1.523793029785156250e+01
1.529886937141418457e+01
1.527368474006652832e+01
1.557889604568481445e+01
1.519616699218750000e+01
1.562441802024841309e+01
2.735429716110229492e+01
1.486541318893432617e+01
2.964919805526733398e+01
1.557986116409301758e+01
2.579978895187377930e+01
1.552249884605407715e+01
1.515592789649963379e+01
1.527756428718566895e+01
1.574619388580322266e+01
1.531467914581298828e+01
1.549699258804321289e+01
1.498792386054992676e+01
2.498639559745788574e+01
1.521470594406127930e+01
2.911805558204650879e+01
1.552384686470031738e+01
1.520455050468444824e+01
1.531446814537048340e+01
1.535054469108581543e+01
1.569680833816528320e+01
1.566577029228210449e+01
1.560291814804077148e+01
1.549939751625061035e+01
1.527605557441711426e+01
1.551732897758483887e+01
1.520283555984497070e+01
1.516948199272155762e+01
1.556328082084655762e+01
3.201153111457824707e+01
1.954852032661437988e+01
1.535065245628356934e+01
1.503619217872619629e+01
