6.621860861778259277e-01
7.197735905647277832e-01
7.408560514450073242e-01
7.765122056007385254e-01
7.838698029518127441e-01
8.045985102653503418e-01
8.241952657699584961e-01
8.284400701522827148e-01
8.423770666122436523e-01
8.708171248435974121e-01
8.662893772125244141e-01
8.944464325904846191e-01
8.874425292015075684e-01
9.078174829483032227e-01
9.069685339927673340e-01
9.026529788970947266e-01
8.925362825393676758e-01
9.089494347572326660e-01
9.000353813171386719e-01
8.905553817749023438e-01
9.211177825927734375e-01
9.015210270881652832e-01
9.017332792282104492e-01
8.929607272148132324e-01
9.102228283882141113e-01
9.105765819549560547e-01
9.125574827194213867e-01
9.182879328727722168e-01
9.237353801727294922e-01
9.182171821594238281e-01
9.168022871017456055e-01
9.196321368217468262e-01
9.148213863372802734e-01
9.228864312171936035e-01
9.180049300193786621e-01
9.141138792037963867e-01
9.136894345283508301e-01
9.132649302482604980e-01
9.106473326683044434e-01
9.058365821838378906e-01
9.076759815216064453e-01
9.094446301460266113e-01
9.110010862350463867e-01
9.120622277259826660e-01
9.148921370506286621e-01
9.168730378150939941e-01
9.170852303504943848e-01
9.180756807327270508e-01
9.186416864395141602e-01
9.201980829238891602e-01
