4.914696887135505676e-02
7.075956556946039200e-03
1.258290139958262444e-03
2.856612809409853071e-05
1.062245155480923131e-05
1.061274906533071771e-05
6.721571480738930404e-06
6.220418072189204395e-06
4.780871222465066239e-06
3.658647074189502746e-06
2.935936890935408883e-06
2.436387376292259432e-06
2.061922259599668905e-06
1.784649043656827416e-06
1.568983748256869148e-06
1.394810851707006805e-06
1.253097252629231662e-06
1.135479351432877593e-06
1.037749598253867589e-06
9.531240721116773784e-07
8.773751005719532259e-07
8.139230658343876712e-07
7.586759238620288670e-07
7.088375468811136670e-07
6.636150828853715211e-07
6.235658815967326518e-07
5.878134174963633996e-07
5.556503310799598694e-07
5.263018465484492481e-07
5.000204623684112448e-07
4.759638443374569761e-07
4.543512375221325783e-07
4.342386716871260433e-07
4.156431430146767525e-07
3.980418625815218547e-07
3.820084373273857636e-07
3.672391244435857516e-07
3.532959169660898624e-07
3.402965660370682599e-07
3.282920033598202281e-07
3.167593263242451940e-07
3.061538507154182298e-07
2.962565019970497815e-07
2.873200344311044319e-07
2.787207051824225346e-07
2.706609336655674269e-07
2.630395385949668707e-07
2.555024138928274624e-07
2.486227970166510204e-07
2.422153215775324497e-07
