9.866289496421813965e-01
9.954015016555786133e-01
9.965334534645080566e-01
9.975945949554443359e-01
9.976653456687927246e-01
9.940572977066040039e-01
9.966041445732116699e-01
9.949062466621398926e-01
9.957551956176757812e-01
9.979483485221862793e-01
9.968163967132568359e-01
9.988680481910705566e-01
9.983021020889282227e-01
9.987972974777221680e-01
9.985143542289733887e-01
9.987265467643737793e-01
9.987972974777221680e-01
9.992218017578125000e-01
9.990095496177673340e-01
9.992925524711608887e-01
9.993633031845092773e-01
9.988680481910705566e-01
9.987972974777221680e-01
9.983728528022766113e-01
9.985850453376770020e-01
9.985850453376770020e-01
9.973116517066955566e-01
9.990803003311157227e-01
9.987972974777221680e-01
9.992218017578125000e-01
9.987972974777221680e-01
9.988680481910705566e-01
9.987265467643737793e-01
9.990803003311157227e-01
9.991510510444641113e-01
9.993633031845092773e-01
9.990803003311157227e-01
9.990803003311157227e-01
9.987972974777221680e-01
9.990803003311157227e-01
9.990803003311157227e-01
9.990095496177673340e-01
9.990095496177673340e-01
9.989387989044189453e-01
9.988680481910705566e-01
9.989387989044189453e-01
9.990803003311157227e-01
9.991510510444641113e-01
9.990803003311157227e-01
9.991510510444641113e-01
