7.843503952026367188e-01
7.702744007110595703e-01
7.901008129119873047e-01
8.207952976226806641e-01
9.124119281768798828e-01
8.313934803009033203e-01
5.122618675231933594e-01
7.123708724975585938e-01
8.449180126190185547e-01
8.138389587402343750e-01
8.983166217803955078e-01
8.269958496093750000e-01
7.701578140258789062e-01
6.170954704284667969e-01
7.329876422882080078e-01
9.015100002288818359e-01
6.449413299560546875e-01
8.370342254638671875e-01
9.056384563446044922e-01
7.649717330932617188e-01
8.269000053405761719e-01
9.943113327026367188e-01
7.281572818756103516e-01
7.844121456146240234e-01
7.783949375152587891e-01
6.792790889739990234e-01
8.263907432556152344e-01
8.611965179443359375e-01
7.386355400085449219e-01
9.728345870971679688e-01
7.347142696380615234e-01
9.633572101593017578e-01
8.107538223266601562e-01
8.509447574615478516e-01
1.003634691238403320e+00
9.228081703186035156e-01
6.948711872100830078e-01
6.908943653106689453e-01
9.277536869049072266e-01
8.907775878906250000e-01
8.476388454437255859e-01
6.424045562744140625e-01
7.819511890411376953e-01
8.431282043457031250e-01
7.586734294891357422e-01
5.052833557128906250e-01
6.563763618469238281e-01
8.364026546478271484e-01
7.137935161590576172e-01
6.618809700012207031e-01
