5.722045898437500000e-03
3.392601013183593750e-02
5.793094635009765625e-03
5.676984786987304688e-03
4.699373245239257812e-02
3.265404701232910156e-02
4.116868972778320312e-02
5.247521400451660156e-02
5.807399749755859375e-03
5.718469619750976562e-03
5.796432495117187500e-03
3.144621849060058594e-02
5.657911300659179688e-03
5.794763565063476562e-03
1.107621192932128906e-02
4.369688034057617188e-02
4.501414299011230469e-02
5.840063095092773438e-03
4.058146476745605469e-02
5.852699279785156250e-03
4.431176185607910156e-02
1.817393302917480469e-02
2.531886100769042969e-02
3.235816955566406250e-02
1.819252967834472656e-02
4.501605033874511719e-02
5.688428878784179688e-03
5.750894546508789062e-03
5.814790725708007812e-03
5.843877792358398438e-03
5.694866180419921875e-03
2.746152877807617188e-02
5.799055099487304688e-03
5.757331848144531250e-03
5.854368209838867188e-03
3.255009651184082031e-02
1.378536224365234375e-02
5.741119384765625000e-03
1.912403106689453125e-02
5.798101425170898438e-03
4.043579101562500000e-02
5.698919296264648438e-03
5.656957626342773438e-03
5.752563476562500000e-03
5.769252777099609375e-03
5.695819854736328125e-03
5.619525909423828125e-03
5.795717239379882812e-03
3.329849243164062500e-02
5.778789520263671875e-03
