9.409145116806030273e+00
1.879929423332214355e+01
1.019382071495056152e+01
1.876665425300598145e+01
1.926988720893859863e+01
3.993085813522338867e+01
1.942837858200073242e+01
1.859364104270935059e+01
2.139362645149230957e+01
3.998668026924133301e+01
8.982555150985717773e+00
2.813890385627746582e+01
2.124644112586975098e+01
3.999843716621398926e+01
1.016064858436584473e+01
2.516696381568908691e+01
3.993617033958435059e+01
9.342220306396484375e+00
2.341889715194702148e+01
3.997527694702148438e+01
8.906490802764892578e+00
2.527871775627136230e+01
3.996917986869812012e+01
1.295227956771850586e+01
2.005791997909545898e+01
2.923816704750061035e+01
1.927215099334716797e+01
2.842068624496459961e+01
2.197150707244873047e+01
3.998133182525634766e+01
8.880511760711669922e+00
2.901637935638427734e+01
2.105344963073730469e+01
4.000667738914489746e+01
8.999747037887573242e+00
2.780357265472412109e+01
2.122304487228393555e+01
3.997137928009033203e+01
8.736959457397460938e+00
3.996236300468444824e+01
1.076762366294860840e+01
2.825144720077514648e+01
2.182003140449523926e+01
2.880495905876159668e+01
2.816476821899414062e+01
2.104269981384277344e+01
3.017563390731811523e+01
3.996382474899291992e+01
8.932682991027832031e+00
1.951953268051147461e+01
