5.826830863952636719e-02
5.821847915649414062e-02
5.800104141235351562e-02
5.766224861145019531e-02
5.802726745605468750e-02
5.829858779907226562e-02
5.822324752807617188e-02
5.819082260131835938e-02
5.846166610717773438e-02
5.823636054992675781e-02
5.802917480468750000e-02
5.853104591369628906e-02
5.797696113586425781e-02
5.818080902099609375e-02
5.820202827453613281e-02
5.829238891601562500e-02
5.847454071044921875e-02
5.900478363037109375e-02
5.851173400878906250e-02
5.879974365234375000e-02
5.858850479125976562e-02
5.951976776123046875e-02
5.837535858154296875e-02
5.848646163940429688e-02
5.821514129638671875e-02
6.037759780883789062e-02
5.820226669311523438e-02
5.819439888000488281e-02
5.799317359924316406e-02
5.823612213134765625e-02
5.828714370727539062e-02
5.790591239929199219e-02
5.774307250976562500e-02
5.825543403625488281e-02
5.771875381469726562e-02
5.808568000793457031e-02
5.817103385925292969e-02
5.797982215881347656e-02
5.848312377929687500e-02
5.873060226440429688e-02
5.842590332031250000e-02
5.915713310241699219e-02
5.882048606872558594e-02
5.851078033447265625e-02
5.890011787414550781e-02
5.891537666320800781e-02
5.865240097045898438e-02
5.891680717468261719e-02
5.859994888305664062e-02
5.848598480224609375e-02
