8.570047378540039062e+00
8.590597152709960938e+00
8.587121009826660156e+00
8.586353778839111328e+00
8.582554817199707031e+00
8.555850267410278320e+00
8.595446586608886719e+00
8.581964731216430664e+00
8.609500646591186523e+00
8.584942579269409180e+00
8.593122720718383789e+00
8.571105480194091797e+00
8.535695552825927734e+00
8.552650213241577148e+00
8.640293598175048828e+00
8.612634420394897461e+00
8.581687688827514648e+00
8.631166696548461914e+00
8.615543365478515625e+00
8.590118646621704102e+00
8.626071929931640625e+00
8.566123962402343750e+00
8.620949268341064453e+00
8.624181032180786133e+00
8.604161739349365234e+00
8.618680000305175781e+00
8.614506006240844727e+00
8.605164766311645508e+00
8.595779180526733398e+00
8.600348234176635742e+00
8.597308635711669922e+00
8.602465867996215820e+00
8.634823560714721680e+00
8.629182577133178711e+00
8.565460681915283203e+00
8.607293844223022461e+00
8.591919898986816406e+00
8.622176170349121094e+00
8.580091238021850586e+00
8.622573375701904297e+00
8.605055809020996094e+00
8.613733768463134766e+00
1.572758030891418457e+01
8.589639902114868164e+00
8.585335731506347656e+00
8.665861129760742188e+00
8.604514122009277344e+00
8.673920154571533203e+00
8.664220571517944336e+00
8.628007411956787109e+00
