3.909602388739585876e-02
9.014785289764404297e-03
9.901281446218490601e-04
4.344237386249005795e-04
4.837209417019039392e-05
2.956113166874274611e-05
2.899380342569202185e-05
2.549650889704935253e-05
1.682589027041103691e-05
1.255169172509340569e-05
1.509940284449839965e-05
8.856048225425183773e-06
9.674994544184301049e-06
5.767613856733078137e-06
6.046078397048404440e-06
3.533557446644408628e-06
3.272002004450769164e-06
3.362715233379276469e-06
2.798115247060195543e-06
2.249785211461130530e-06
1.233534703715122305e-06
1.032657110044965521e-06
9.128946203418308869e-07
6.915462904544256162e-07
5.986016731185372919e-07
5.381394885262125172e-07
6.209438652149401605e-07
4.769410679728025571e-07
4.303251728288159939e-07
3.745728633930411888e-07
