1.032145428657531738e+01
2.045963597297668457e+01
1.034018373489379883e+01
1.042642807960510254e+01
2.031897068023681641e+01
2.037172269821166992e+01
1.043179941177368164e+01
1.034134745597839355e+01
2.036994957923889160e+01
2.031505608558654785e+01
1.038438510894775391e+01
1.040092492103576660e+01
2.048899006843566895e+01
1.049838662147521973e+01
1.041025757789611816e+01
2.040919947624206543e+01
1.037159323692321777e+01
1.042287707328796387e+01
1.041835355758666992e+01
1.043361067771911621e+01
2.040406012535095215e+01
2.036710739135742188e+01
1.046459484100341797e+01
2.033192729949951172e+01
2.046583676338195801e+01
1.047552824020385742e+01
1.045842552185058594e+01
1.038418936729431152e+01
2.041826868057250977e+01
1.038475513458251953e+01
2.040534257888793945e+01
1.032487344741821289e+01
2.048507738113403320e+01
1.040065145492553711e+01
1.033298945426940918e+01
2.034675002098083496e+01
1.034927701950073242e+01
1.031805348396301270e+01
2.049466323852539062e+01
3.069765949249267578e+01
2.020025086402893066e+01
1.030287051200866699e+01
2.019284009933471680e+01
1.061530852317810059e+01
1.036090040206909180e+01
1.033023977279663086e+01
1.038120031356811523e+01
2.041787719726562500e+01
2.038170194625854492e+01
1.037382268905639648e+01
