1.231511235237121582e-01
1.061093211174011230e-01
1.099678426980972290e-01
1.061093211174011230e-01
2.861736416816711426e-01
5.000000000000000000e-01
4.639871418476104736e-01
3.916398584842681885e-01
3.900321424007415771e-01
3.614147901535034180e-01
3.051446974277496338e-01
4.279742836952209473e-01
3.938906788825988770e-01
4.250803887844085693e-01
4.781350493431091309e-01
4.691318273544311523e-01
2.717041671276092529e-01
4.401929378509521484e-01
5.125402212142944336e-01
4.858520925045013428e-01
4.848874509334564209e-01
4.778135120868682861e-01
4.881028831005096436e-01
4.938906729221343994e-01
4.906752407550811768e-01
4.929260313510894775e-01
5.135048031806945801e-01
5.135048031806945801e-01
4.996784627437591553e-01
5.192925930023193359e-01
5.225080251693725586e-01
5.270096659660339355e-01
5.369774699211120605e-01
5.218649506568908691e-01
5.254019498825073242e-01
5.302250981330871582e-01
5.405144691467285156e-01
5.331189632415771484e-01
5.311897397041320801e-01
5.315112471580505371e-01
5.356913208961486816e-01
5.318328142166137695e-01
5.356913208961486816e-01
5.282958149909973145e-01
5.228295922279357910e-01
5.212218761444091797e-01
5.209003090858459473e-01
5.131832957267761230e-01
5.115755796432495117e-01
5.077170133590698242e-01
5.093247294425964355e-01
4.922829568386077881e-01
4.893890619277954102e-01
4.816720187664031982e-01
4.758842587471008301e-01
4.697749316692352295e-01
4.517684876918792725e-01
4.536977410316467285e-01
4.411575496196746826e-01
4.263665676116943359e-01
4.186495244503021240e-01
4.090032279491424561e-01
3.983922898769378662e-01
3.874598145484924316e-01
3.807073831558227539e-01
3.691318333148956299e-01
3.585208952426910400e-01
3.530546724796295166e-01
3.453376293182373047e-01
3.360128700733184814e-01
3.347266912460327148e-01
3.308681547641754150e-01
3.250803947448730469e-01
3.192926049232482910e-01
3.183279633522033691e-01
3.157556354999542236e-01
3.112540245056152344e-01
3.090032041072845459e-01
3.048231601715087891e-01
3.022508025169372559e-01
2.996784448623657227e-01
2.974276542663574219e-01
2.967845797538757324e-01
2.948552966117858887e-01
2.926045060157775879e-01
2.916398644447326660e-01
2.897106111049652100e-01
2.884244322776794434e-01
2.893890738487243652e-01
2.868167161941528320e-01
2.877813577651977539e-01
2.845659255981445312e-01
2.839228212833404541e-01
2.858521044254302979e-01
2.829582095146179199e-01
2.839228212833404541e-01
2.839228212833404541e-01
2.839228212833404541e-01
2.839228212833404541e-01
2.842443585395812988e-01
