2.289525985717773438e+00
2.277946949005126953e+00
2.268265247344970703e+00
2.239972829818725586e+00
2.160959959030151367e+00
2.085483789443969727e+00
2.062751293182373047e+00
2.063196659088134766e+00
1.988662123680114746e+00
1.964036226272583008e+00
1.936663746833801270e+00
1.901590704917907715e+00
1.956856846809387207e+00
1.846387624740600586e+00
1.833021283149719238e+00
1.846053361892700195e+00
1.830195426940917969e+00
1.785177111625671387e+00
1.769273757934570312e+00
1.762925505638122559e+00
1.737181186676025391e+00
1.688035249710083008e+00
1.650932908058166504e+00
1.588503599166870117e+00
1.576128840446472168e+00
1.574798583984375000e+00
1.566138982772827148e+00
1.559501528739929199e+00
1.558948993682861328e+00
1.569310545921325684e+00
1.563777446746826172e+00
1.564812064170837402e+00
1.570243835449218750e+00
1.566462278366088867e+00
1.574086666107177734e+00
1.574735641479492188e+00
1.566047072410583496e+00
1.567181706428527832e+00
1.575706958770751953e+00
1.572409749031066895e+00
1.568723678588867188e+00
1.571390032768249512e+00
1.582257151603698730e+00
1.581988096237182617e+00
1.582285165786743164e+00
1.588733911514282227e+00
1.586482167243957520e+00
1.595601797103881836e+00
1.597713470458984375e+00
1.606960296630859375e+00
1.613065958023071289e+00
1.617934226989746094e+00
1.625382542610168457e+00
1.634983420372009277e+00
1.639528751373291016e+00
1.650818943977355957e+00
1.661861658096313477e+00
1.668093442916870117e+00
1.677095770835876465e+00
1.685913085937500000e+00
1.697284936904907227e+00
1.707854509353637695e+00
1.716411709785461426e+00
1.726039528846740723e+00
1.735122323036193848e+00
1.746169805526733398e+00
1.753483057022094727e+00
1.761821985244750977e+00
1.768755674362182617e+00
1.776594161987304688e+00
1.783568859100341797e+00
1.790231704711914062e+00
1.795655846595764160e+00
1.801731467247009277e+00
1.806637167930603027e+00
1.811405777931213379e+00
1.815740108489990234e+00
1.819859266281127930e+00
1.823029279708862305e+00
1.826334595680236816e+00
1.829610705375671387e+00
1.831851243972778320e+00
1.834078669548034668e+00
1.836399555206298828e+00
1.838240146636962891e+00
1.839677691459655762e+00
1.841390132904052734e+00
1.843103051185607910e+00
1.843975305557250977e+00
1.845296740531921387e+00
1.846521377563476562e+00
1.847074985504150391e+00
1.848006486892700195e+00
1.848561048507690430e+00
1.849365711212158203e+00
1.849636197090148926e+00
1.850870966911315918e+00
1.850782513618469238e+00
1.851014375686645508e+00
1.851844549179077148e+00
