1.576758313179016113e+01
1.555322599411010742e+01
1.571020007133483887e+01
1.732727789878845215e+01
1.955386972427368164e+01
1.552389931678771973e+01
1.941331195831298828e+01
1.561609268188476562e+01
1.543885803222656250e+01
1.544581270217895508e+01
1.555933332443237305e+01
1.536816430091857910e+01
1.541864490509033203e+01
1.547248816490173340e+01
1.540311813354492188e+01
1.745829916000366211e+01
1.921782684326171875e+01
1.545922303199768066e+01
1.558447694778442383e+01
1.935361456871032715e+01
1.569990348815917969e+01
1.538653850555419922e+01
1.546901345252990723e+01
1.556794857978820801e+01
1.560018348693847656e+01
1.542463588714599609e+01
1.543752837181091309e+01
1.563892769813537598e+01
1.547803306579589844e+01
1.530804896354675293e+01
1.545516347885131836e+01
1.576231217384338379e+01
1.548682308197021484e+01
1.573254323005676270e+01
1.552671313285827637e+01
1.578633284568786621e+01
1.543491458892822266e+01
1.562365674972534180e+01
1.526208043098449707e+01
1.513458991050720215e+01
1.764125490188598633e+01
1.545833992958068848e+01
1.569289779663085938e+01
1.557086229324340820e+01
1.532761859893798828e+01
1.541751027107238770e+01
1.549114036560058594e+01
1.569950795173645020e+01
1.550818610191345215e+01
1.563982057571411133e+01
1.747845411300659180e+01
1.916069912910461426e+01
1.899443316459655762e+01
1.547649979591369629e+01
1.555469918251037598e+01
1.549176669120788574e+01
1.552162671089172363e+01
1.556317067146301270e+01
1.546652126312255859e+01
1.749597787857055664e+01
1.551253342628479004e+01
1.565441989898681641e+01
1.553107786178588867e+01
1.569172644615173340e+01
1.947746133804321289e+01
1.576042842864990234e+01
1.530395984649658203e+01
1.537401533126831055e+01
1.568010568618774414e+01
1.570577692985534668e+01
1.525523495674133301e+01
1.545274519920349121e+01
1.554942917823791504e+01
1.541392993927001953e+01
1.533038949966430664e+01
1.549646973609924316e+01
1.540160417556762695e+01
1.511271691322326660e+01
1.541724777221679688e+01
1.552949953079223633e+01
1.530677914619445801e+01
1.544105553627014160e+01
1.539941024780273438e+01
1.502954840660095215e+01
1.524107170104980469e+01
1.559816169738769531e+01
1.528351259231567383e+01
1.520811367034912109e+01
1.527349781990051270e+01
1.537772631645202637e+01
1.818955302238464355e+01
1.529063439369201660e+01
1.478482961654663086e+01
1.520690536499023438e+01
1.532955694198608398e+01
1.735767507553100586e+01
1.796606779098510742e+01
1.522133946418762207e+01
1.531765365600585938e+01
1.530928492546081543e+01
