1.239325189590454102e+01
1.163395905494689941e+01
1.175149893760681152e+01
1.264213991165161133e+01
5.186841249465942383e+00
4.815296888351440430e+00
4.729581356048583984e+00
4.615652084350585938e+00
1.045372700691223145e+01
4.751580953598022461e+00
4.785262346267700195e+00
4.493370532989501953e+00
4.471652746200561523e+00
6.586011648178100586e+00
5.179474830627441406e+00
5.029873847961425781e+00
4.586930751800537109e+00
4.842986345291137695e+00
4.780166387557983398e+00
4.779639482498168945e+00
4.522721529006958008e+00
5.151190757751464844e+00
4.469260454177856445e+00
5.081085443496704102e+00
4.794920206069946289e+00
7.431330204010009766e+00
4.707239389419555664e+00
1.276357412338256836e+01
5.214372873306274414e+00
4.775714874267578125e+00
4.820254802703857422e+00
4.424642562866210938e+00
4.297533750534057617e+00
4.485641956329345703e+00
4.692563056945800781e+00
4.750264406204223633e+00
4.806192159652709961e+00
4.818588018417358398e+00
4.727413415908813477e+00
4.788772821426391602e+00
4.714001178741455078e+00
7.817682981491088867e+00
1.129441118240356445e+01
4.884734392166137695e+00
4.883551836013793945e+00
4.982894897460937500e+00
4.801180362701416016e+00
5.151852369308471680e+00
4.736740827560424805e+00
4.911198616027832031e+00
