7.523347616195678711e+00
7.553249835968017578e+00
7.204373121261596680e+00
7.506287097930908203e+00
7.867950439453125000e+00
7.586775064468383789e+00
7.301350831985473633e+00
7.433092355728149414e+00
7.231414794921875000e+00
7.356921434402465820e+00
7.376816749572753906e+00
8.533693313598632812e+00
7.531814336776733398e+00
7.483122587203979492e+00
1.373049092292785645e+01
7.623624801635742188e+00
7.613910913467407227e+00
7.403166532516479492e+00
7.735689163208007812e+00
7.506079196929931641e+00
7.383078575134277344e+00
7.511637687683105469e+00
7.100327968597412109e+00
7.814231634140014648e+00
7.616749525070190430e+00
7.363250255584716797e+00
7.665817499160766602e+00
7.386111259460449219e+00
7.741527557373046875e+00
7.523345470428466797e+00
7.580304145812988281e+00
7.341150999069213867e+00
2.612532711029052734e+01
7.214868545532226562e+00
7.293683528900146484e+00
7.336978197097778320e+00
7.401094675064086914e+00
7.325280904769897461e+00
7.631386756896972656e+00
7.627714157104492188e+00
7.822694540023803711e+00
7.484118461608886719e+00
7.280645608901977539e+00
7.443678140640258789e+00
7.619217872619628906e+00
7.643326759338378906e+00
1.292235136032104492e+01
7.428465127944946289e+00
7.402379274368286133e+00
7.314165115356445312e+00
