1.311631083488464355e+01
1.992351531982421875e+01
1.991462898254394531e+01
1.942962908744812012e+01
1.994554114341735840e+01
1.353450417518615723e+01
1.321787953376770020e+01
1.921209049224853516e+01
1.403038644790649414e+01
1.863643383979797363e+01
1.376965355873107910e+01
1.913893890380859375e+01
1.474267292022705078e+01
1.838748478889465332e+01
1.430251860618591309e+01
1.879880428314208984e+01
1.667014956474304199e+01
1.774175500869750977e+01
1.474099135398864746e+01
3.523047566413879395e+01
1.738008284568786621e+01
1.962997794151306152e+01
1.373189234733581543e+01
1.885558104515075684e+01
1.553810977935791016e+01
1.733159875869750977e+01
2.029985761642456055e+01
3.182077598571777344e+01
1.923937344551086426e+01
1.294698786735534668e+01
2.069312620162963867e+01
3.214799880981445312e+01
2.068438172340393066e+01
3.189263010025024414e+01
2.121487331390380859e+01
3.368325328826904297e+01
1.928464865684509277e+01
1.406808686256408691e+01
2.045854949951171875e+01
1.302241539955139160e+01
1.654382562637329102e+01
1.721520376205444336e+01
1.685107469558715820e+01
1.894233536720275879e+01
1.472941231727600098e+01
1.943631696701049805e+01
1.438043665885925293e+01
1.916524076461791992e+01
1.818507790565490723e+01
1.472750067710876465e+01
