9.941761493682861328e-01
1.160834789276123047e+00
1.145495176315307617e+00
9.201107025146484375e-01
7.052004337310791016e-01
1.037794351577758789e+00
1.089486122131347656e+00
1.136839628219604492e+00
1.431399106979370117e+00
9.647855758666992188e-01
9.575600624084472656e-01
1.105690956115722656e+00
1.076200962066650391e+00
9.911932945251464844e-01
8.725769519805908203e-01
9.199709892272949219e-01
9.894502162933349609e-01
1.147646188735961914e+00
1.034764289855957031e+00
1.009098052978515625e+00
9.955959320068359375e-01
8.232657909393310547e-01
1.183597803115844727e+00
7.928650379180908203e-01
9.716193675994873047e-01
1.181837081909179688e+00
1.213893413543701172e+00
1.047002077102661133e+00
7.853760719299316406e-01
9.701199531555175781e-01
8.974356651306152344e-01
1.225105047225952148e+00
1.459250450134277344e+00
1.110200405120849609e+00
1.080990791320800781e+00
1.108287334442138672e+00
9.725635051727294922e-01
9.566481113433837891e-01
1.033055305480957031e+00
1.018205165863037109e+00
7.373087406158447266e-01
9.275486469268798828e-01
1.113268613815307617e+00
1.052433252334594727e+00
9.765882492065429688e-01
7.643787860870361328e-01
1.133514642715454102e+00
9.839923381805419922e-01
1.102919340133666992e+00
9.261338710784912109e-01
