2.325995683670043945e+00
2.030295848846435547e+00
1.768178343772888184e+00
1.691400170326232910e+00
1.596613287925720215e+00
1.518054485321044922e+00
1.474309682846069336e+00
1.433175325393676758e+00
1.446306347846984863e+00
1.403561353683471680e+00
1.388070106506347656e+00
1.390686035156250000e+00
1.369444131851196289e+00
1.364574670791625977e+00
1.358537673950195312e+00
1.344155669212341309e+00
1.333916664123535156e+00
1.317896008491516113e+00
1.310819149017333984e+00
1.296301603317260742e+00
1.286428928375244141e+00
1.282318830490112305e+00
1.274151682853698730e+00
1.267403125762939453e+00
1.269309520721435547e+00
1.256172418594360352e+00
1.255622267723083496e+00
1.253133058547973633e+00
1.250703930854797363e+00
1.252099871635437012e+00
1.242651343345642090e+00
1.244129896163940430e+00
1.237984776496887207e+00
1.239494681358337402e+00
1.236107587814331055e+00
1.234534978866577148e+00
1.232936739921569824e+00
1.232262849807739258e+00
1.231214046478271484e+00
1.229821443557739258e+00
1.228997826576232910e+00
1.229391813278198242e+00
1.227591633796691895e+00
1.226879358291625977e+00
1.226374506950378418e+00
1.225947022438049316e+00
1.225374341011047363e+00
1.225220799446105957e+00
1.224650144577026367e+00
1.224391341209411621e+00
1.224439382553100586e+00
1.224161148071289062e+00
1.224243283271789551e+00
1.222981095314025879e+00
1.222981691360473633e+00
1.222657561302185059e+00
1.222622990608215332e+00
1.222441911697387695e+00
1.222332000732421875e+00
1.221925735473632812e+00
1.221982002258300781e+00
1.221778154373168945e+00
1.221703290939331055e+00
1.221668958663940430e+00
1.221562266349792480e+00
1.221517324447631836e+00
1.221357941627502441e+00
1.221320509910583496e+00
1.221279025077819824e+00
1.221289753913879395e+00
1.221143007278442383e+00
1.221116304397583008e+00
1.221081256866455078e+00
1.221022486686706543e+00
1.221034765243530273e+00
1.221038222312927246e+00
1.221009016036987305e+00
1.220939874649047852e+00
1.220924735069274902e+00
1.220881819725036621e+00
1.220860123634338379e+00
1.220838427543640137e+00
1.220835924148559570e+00
1.220812559127807617e+00
1.220806956291198730e+00
1.220799684524536133e+00
1.220791697502136230e+00
1.220800757408142090e+00
1.220780014991760254e+00
1.220761895179748535e+00
1.220764636993408203e+00
1.220758557319641113e+00
1.220748305320739746e+00
1.220743417739868164e+00
1.220734119415283203e+00
1.220732450485229492e+00
1.220733284950256348e+00
1.220727205276489258e+00
1.220724225044250488e+00
1.220720767974853516e+00
