1.508132815361022949e+01
1.492411899566650391e+01
1.488667035102844238e+01
1.494910502433776855e+01
1.999155402183532715e+01
1.513821506500244141e+01
1.527109336853027344e+01
1.521953177452087402e+01
1.519210338592529297e+01
1.499025774002075195e+01
1.497032237052917480e+01
1.542566895484924316e+01
1.560707330703735352e+01
1.542372202873229980e+01
1.553526711463928223e+01
2.029458642005920410e+01
1.519880270957946777e+01
1.532719898223876953e+01
1.979168939590454102e+01
1.510334658622741699e+01
1.503888392448425293e+01
1.535764193534851074e+01
1.512967586517333984e+01
1.507425212860107422e+01
1.504101324081420898e+01
1.486480951309204102e+01
1.499072098731994629e+01
1.486818933486938477e+01
1.495569729804992676e+01
1.497854852676391602e+01
