6.016087532043457031e-02
1.195988655090332031e-01
1.236033439636230469e-01
8.937335014343261719e-02
7.498335838317871094e-02
1.475074291229248047e-01
6.680512428283691406e-02
8.671188354492187500e-02
1.087195873260498047e-01
4.491353034973144531e-02
5.097794532775878906e-02
1.093041896820068359e-01
1.143722534179687500e-01
1.526362895965576172e-01
7.150459289550781250e-02
6.505632400512695312e-02
9.743881225585937500e-02
6.790614128112792969e-02
1.368412971496582031e-01
1.080873012542724609e-01
4.942035675048828125e-02
5.671906471252441406e-02
7.098770141601562500e-02
1.108531951904296875e-01
5.266284942626953125e-02
9.819316864013671875e-02
1.033251285552978516e-01
1.101212501525878906e-01
8.489179611206054688e-02
6.447172164916992188e-02
1.326651573181152344e-01
1.105420589447021484e-01
2.902214527130126953e-01
1.183278560638427734e-01
1.386342048645019531e-01
1.542146205902099609e-01
8.094859123229980469e-02
6.387543678283691406e-02
1.126880645751953125e-01
2.194120883941650391e-01
8.007931709289550781e-02
7.318067550659179688e-02
1.140937805175781250e-01
8.805108070373535156e-02
9.464025497436523438e-02
1.212296485900878906e-01
9.013533592224121094e-02
7.781934738159179688e-02
1.089689731597900391e-01
1.262910366058349609e-01
1.617989540100097656e-01
1.128373146057128906e-01
5.685663223266601562e-02
1.876077651977539062e-01
1.763525009155273438e-01
9.001708030700683594e-02
1.082868576049804688e-01
1.331062316894531250e-01
1.773519515991210938e-01
1.059553623199462891e-01
8.723831176757812500e-02
1.215796470642089844e-01
1.430172920227050781e-01
4.977059364318847656e-02
1.304037570953369141e-01
1.331601142883300781e-01
1.044821739196777344e-01
6.944131851196289062e-02
1.528356075286865234e-01
7.846689224243164062e-02
1.316633224487304688e-01
1.768145561218261719e-01
8.842396736145019531e-02
1.132457256317138672e-01
5.928826332092285156e-02
4.553771018981933594e-02
1.468660831451416016e-01
6.341004371643066406e-02
1.461663246154785156e-01
1.033914089202880859e-01
1.523528099060058594e-01
1.197969913482666016e-01
7.016611099243164062e-02
6.883025169372558594e-02
1.136193275451660156e-01
1.426932811737060547e-01
7.247018814086914062e-02
1.475741863250732422e-01
1.009039878845214844e-01
1.540625095367431641e-01
1.249225139617919922e-01
1.107628345489501953e-01
9.927344322204589844e-02
1.200742721557617188e-01
8.810377120971679688e-02
1.277306079864501953e-01
3.802919387817382812e-02
1.334276199340820312e-01
8.005666732788085938e-02
4.946279525756835938e-02
