6.167149543762207031e-02
6.125617027282714844e-02
6.112146377563476562e-02
6.163096427917480469e-02
6.134772300720214844e-02
6.038403511047363281e-02
6.067490577697753906e-02
6.044578552246093750e-02
6.076192855834960938e-02
6.033778190612792969e-02
6.059193611145019531e-02
6.023263931274414062e-02
6.009483337402343750e-02
6.032967567443847656e-02
6.048583984375000000e-02
6.056642532348632812e-02
6.065034866333007812e-02
6.064367294311523438e-02
6.035947799682617188e-02
6.057882308959960938e-02
6.057286262512207031e-02
6.074237823486328125e-02
6.064414978027343750e-02
6.055641174316406250e-02
6.077980995178222656e-02
6.071472167968750000e-02
6.382131576538085938e-02
6.459784507751464844e-02
6.049871444702148438e-02
6.114697456359863281e-02
6.078720092773437500e-02
6.087088584899902344e-02
6.137084960937500000e-02
6.124281883239746094e-02
6.149029731750488281e-02
6.117105484008789062e-02
6.147766113281250000e-02
6.158089637756347656e-02
6.133723258972167969e-02
6.175518035888671875e-02
6.140995025634765625e-02
6.157279014587402344e-02
6.165647506713867188e-02
6.136965751647949219e-02
6.179666519165039062e-02
6.155920028686523438e-02
6.190085411071777344e-02
6.158328056335449219e-02
6.140089035034179688e-02
6.131505966186523438e-02
