2.220747470855712891e+00
1.812735080718994141e+00
1.539577364921569824e+00
1.512963533401489258e+00
1.496212601661682129e+00
1.476305127143859863e+00
1.451947808265686035e+00
1.410682320594787598e+00
1.366452932357788086e+00
1.329205513000488281e+00
1.281790852546691895e+00
1.257015347480773926e+00
1.213981986045837402e+00
1.193357110023498535e+00
1.169696927070617676e+00
1.149919509887695312e+00
1.131165266036987305e+00
1.118676900863647461e+00
1.105154037475585938e+00
1.098120212554931641e+00
1.089845061302185059e+00
1.082826495170593262e+00
1.071586608886718750e+00
1.074594020843505859e+00
1.064541935920715332e+00
1.057452678680419922e+00
1.052552700042724609e+00
1.049548864364624023e+00
1.047527432441711426e+00
1.043112754821777344e+00
1.040972352027893066e+00
1.036602139472961426e+00
1.034824609756469727e+00
1.032619357109069824e+00
1.031124472618103027e+00
1.028783440589904785e+00
1.026772141456604004e+00
1.025274157524108887e+00
1.025091409683227539e+00
1.022759795188903809e+00
1.025147795677185059e+00
1.020387411117553711e+00
1.019600749015808105e+00
1.018313407897949219e+00
1.017331719398498535e+00
1.016795754432678223e+00
1.015993118286132812e+00
1.015057802200317383e+00
1.014562129974365234e+00
1.014087677001953125e+00
1.013592004776000977e+00
1.013000488281250000e+00
1.013106703758239746e+00
1.012525916099548340e+00
1.012169480323791504e+00
1.011799693107604980e+00
1.011536240577697754e+00
1.011234641075134277e+00
1.010993480682373047e+00
1.010883688926696777e+00
1.011052370071411133e+00
1.010485768318176270e+00
1.010428905487060547e+00
1.010282516479492188e+00
1.010188102722167969e+00
1.010065555572509766e+00
1.009988307952880859e+00
1.009897708892822266e+00
1.009825468063354492e+00
1.009734034538269043e+00
1.009688377380371094e+00
1.009611487388610840e+00
1.009575605392456055e+00
1.009527325630187988e+00
1.009544134140014648e+00
1.009455680847167969e+00
1.009423851966857910e+00
1.009400129318237305e+00
1.009367704391479492e+00
1.009306311607360840e+00
1.009326100349426270e+00
1.009308218955993652e+00
1.009272813796997070e+00
1.009247303009033203e+00
1.009240746498107910e+00
1.009219765663146973e+00
1.009211659431457520e+00
1.009197831153869629e+00
1.009193301200866699e+00
1.009185552597045898e+00
1.009171962738037109e+00
1.009160041809082031e+00
1.009150505065917969e+00
1.009147524833679199e+00
1.009138584136962891e+00
1.009132027626037598e+00
1.009129524230957031e+00
1.009125709533691406e+00
1.009122967720031738e+00
1.009116768836975098e+00
