3.987138271331787109e-01
5.000000000000000000e-01
5.000000000000000000e-01
4.996784627437591553e-01
4.987138211727142334e-01
5.167202353477478027e-01
5.279742479324340820e-01
5.511254072189331055e-01
5.646302103996276855e-01
5.723472833633422852e-01
5.630224943161010742e-01
5.768488645553588867e-01
5.807073712348937988e-01
5.874598026275634766e-01
5.864951610565185547e-01
5.935691595077514648e-01
5.983923077583312988e-01
6.073954701423645020e-01
6.038585305213928223e-01
6.102893948554992676e-01
6.141479015350341797e-01
6.154341101646423340e-01
6.196141242980957031e-01
6.144694685935974121e-01
6.234726905822753906e-01
6.254019141197204590e-01
6.196141242980957031e-01
6.282958388328552246e-01
6.241157650947570801e-01
6.266881227493286133e-01
6.234726905822753906e-01
6.311897039413452148e-01
6.273311972618103027e-01
6.273311972618103027e-01
6.299035549163818359e-01
6.282958388328552246e-01
6.254019141197204590e-01
6.299035549163818359e-01
6.289389133453369141e-01
6.327974200248718262e-01
6.299035549163818359e-01
6.327974200248718262e-01
6.286173462867736816e-01
6.305466294288635254e-01
6.327974200248718262e-01
6.334404945373535156e-01
6.327974200248718262e-01
6.315112709999084473e-01
6.331189870834350586e-01
6.347267031669616699e-01
6.311897039413452148e-01
6.321543455123901367e-01
6.334404945373535156e-01
6.331189870834350586e-01
6.347267031669616699e-01
6.337620615959167480e-01
6.344051361083984375e-01
6.327974200248718262e-01
6.337620615959167480e-01
6.337620615959167480e-01
6.347267031669616699e-01
6.344051361083984375e-01
6.350482106208801270e-01
6.340836286544799805e-01
6.344051361083984375e-01
6.337620615959167480e-01
6.340836286544799805e-01
6.337620615959167480e-01
6.334404945373535156e-01
6.344051361083984375e-01
6.350482106208801270e-01
6.344051361083984375e-01
6.340836286544799805e-01
6.353697776794433594e-01
6.353697776794433594e-01
6.353697776794433594e-01
6.350482106208801270e-01
6.347267031669616699e-01
6.340836286544799805e-01
6.344051361083984375e-01
6.337620615959167480e-01
6.340836286544799805e-01
6.340836286544799805e-01
6.340836286544799805e-01
6.350482106208801270e-01
6.350482106208801270e-01
6.350482106208801270e-01
6.350482106208801270e-01
6.350482106208801270e-01
6.350482106208801270e-01
6.344051361083984375e-01
6.344051361083984375e-01
6.344051361083984375e-01
6.344051361083984375e-01
6.344051361083984375e-01
6.344051361083984375e-01
6.344051361083984375e-01
6.344051361083984375e-01
6.344051361083984375e-01
6.340836286544799805e-01
