1.586962318420410156e+01
1.500321054458618164e+01
1.531635355949401855e+01
1.533399868011474609e+01
1.538634276390075684e+01
2.045829057693481445e+01
1.488808441162109375e+01
1.521727085113525391e+01
1.529810643196105957e+01
2.022934722900390625e+01
1.537760686874389648e+01
1.534555792808532715e+01
1.530210995674133301e+01
1.525908875465393066e+01
1.483190989494323730e+01
1.528811383247375488e+01
1.528372550010681152e+01
1.524307370185852051e+01
1.525769376754760742e+01
1.972537517547607422e+01
2.045880174636840820e+01
1.505562686920166016e+01
1.499106431007385254e+01
1.528346633911132812e+01
1.530136609077453613e+01
1.525759124755859375e+01
1.491624736785888672e+01
2.048358058929443359e+01
1.524540257453918457e+01
1.556612777709960938e+01
