1.641168594360351562e-01
1.026353836059570312e-01
1.280426979064941406e-01
1.320652961730957031e-01
2.113261222839355469e-01
1.492781639099121094e-01
6.623315811157226562e-02
1.247518062591552734e-01
1.058294773101806641e-01
9.802722930908203125e-02
1.246786117553710938e-01
1.321358680725097656e-01
1.386363506317138672e-01
1.043303012847900391e-01
2.048177719116210938e-01
1.064438819885253906e-01
1.566143035888671875e-01
1.584236621856689453e-01
1.779150962829589844e-01
1.869721412658691406e-01
1.044068336486816406e-01
2.129895687103271484e-01
8.183407783508300781e-02
7.974767684936523438e-02
2.402462959289550781e-01
1.771385669708251953e-01
1.358935832977294922e-01
1.660263538360595703e-01
1.432845592498779297e-01
1.088752746582031250e-01
1.626775264739990234e-01
1.159191131591796875e-01
6.798481941223144531e-02
2.750277519226074219e-01
1.679270267486572266e-01
1.258847713470458984e-01
1.374990940093994141e-01
1.191079616546630859e-01
1.502506732940673828e-01
1.545870304107666016e-01
1.134214401245117188e-01
2.753477096557617188e-01
1.827948093414306641e-01
2.298057079315185547e-01
1.327364444732666016e-01
1.645052433013916016e-01
1.551420688629150391e-01
1.018269062042236328e-01
1.558480262756347656e-01
1.037230491638183594e-01
2.107341289520263672e-01
1.853787899017333984e-01
1.483407020568847656e-01
2.859587669372558594e-01
1.641387939453125000e-01
1.421639919281005859e-01
1.300556659698486328e-01
1.954038143157958984e-01
2.126882076263427734e-01
1.163334846496582031e-01
1.412327289581298828e-01
1.492042541503906250e-01
1.216278076171875000e-01
8.539986610412597656e-02
1.323130130767822266e-01
1.118867397308349609e-01
1.645672321319580078e-01
1.805043220520019531e-01
3.493719100952148438e-01
1.516134738922119141e-01
2.092118263244628906e-01
1.511180400848388672e-01
1.507651805877685547e-01
5.791258811950683594e-02
1.600110530853271484e-01
1.273374557495117188e-01
1.286461353302001953e-01
8.239865303039550781e-02
1.475048065185546875e-01
2.434799671173095703e-01
2.280838489532470703e-01
1.447374820709228516e-01
1.386127471923828125e-01
2.342896461486816406e-01
1.704869270324707031e-01
9.867978096008300781e-02
2.384200096130371094e-01
1.089723110198974609e-01
6.148004531860351562e-02
1.170625686645507812e-01
1.224153041839599609e-01
1.825675964355468750e-01
1.643755435943603516e-01
2.224144935607910156e-01
1.244311332702636719e-01
1.789155006408691406e-01
1.207008361816406250e-01
5.761384963989257812e-02
2.221982479095458984e-01
1.483907699584960938e-01
