2.171941757202148438e+00
1.678082585334777832e+00
1.381588220596313477e+00
1.341400146484375000e+00
1.284814476966857910e+00
1.224309802055358887e+00
1.137241244316101074e+00
1.125077843666076660e+00
1.076815128326416016e+00
1.038264155387878418e+00
1.009207963943481445e+00
9.915137290954589844e-01
9.812981486320495605e-01
9.599891901016235352e-01
9.431750774383544922e-01
9.497542977333068848e-01
9.229384064674377441e-01
9.282342195510864258e-01
9.256070256233215332e-01
9.082372188568115234e-01
9.043037891387939453e-01
9.021714329719543457e-01
8.929210305213928223e-01
8.970990777015686035e-01
8.865342140197753906e-01
8.804914951324462891e-01
8.768126368522644043e-01
8.851280212402343750e-01
8.744150400161743164e-01
8.713012337684631348e-01
8.703690171241760254e-01
8.675582408905029297e-01
8.684645295143127441e-01
8.624835014343261719e-01
8.640233278274536133e-01
8.662556409835815430e-01
8.596413135528564453e-01
8.600060343742370605e-01
8.579178452491760254e-01
8.563381433486938477e-01
8.556125164031982422e-01
8.540391921997070312e-01
8.538592457771301270e-01
8.526983857154846191e-01
8.523439168930053711e-01
8.526731729507446289e-01
8.506217598915100098e-01
8.508731722831726074e-01
8.506129384040832520e-01
8.503257632255554199e-01
8.491725921630859375e-01
8.490409851074218750e-01
8.489543795585632324e-01
8.482680320739746094e-01
8.481121659278869629e-01
8.479965329170227051e-01
8.475706577301025391e-01
8.474193215370178223e-01
8.477656245231628418e-01
8.474665880203247070e-01
8.472027778625488281e-01
8.467872738838195801e-01
8.468201756477355957e-01
8.466495275497436523e-01
8.466734886169433594e-01
8.465797305107116699e-01
8.465144038200378418e-01
8.463314771652221680e-01
8.462595939636230469e-01
8.463068604469299316e-01
8.462195396423339844e-01
8.461753726005554199e-01
8.462032079696655273e-01
8.460583090782165527e-01
8.460790514945983887e-01
8.459999561309814453e-01
8.459569215774536133e-01
8.459371328353881836e-01
8.459268212318420410e-01
8.458993434906005859e-01
8.458859324455261230e-01
8.458906412124633789e-01
8.458645939826965332e-01
8.458369970321655273e-01
8.458206653594970703e-01
8.458064794540405273e-01
8.457939624786376953e-01
8.457844257354736328e-01
8.457992672920227051e-01
8.457611799240112305e-01
8.457627892494201660e-01
8.457580804824829102e-01
8.457488417625427246e-01
8.457403182983398438e-01
8.457342982292175293e-01
8.457312583923339844e-01
8.457259535789489746e-01
8.457195162773132324e-01
8.457172513008117676e-01
8.457149863243103027e-01
