1.005405235290527344e+01
9.297424316406250000e+00
9.389012575149536133e+00
9.435681343078613281e+00
9.262517452239990234e+00
9.200973272323608398e+00
9.277023077011108398e+00
9.301126241683959961e+00
9.387569427490234375e+00
9.440902233123779297e+00
9.385769605636596680e+00
9.365938663482666016e+00
9.219517469406127930e+00
9.317673206329345703e+00
9.223675966262817383e+00
9.321124076843261719e+00
9.323967218399047852e+00
9.367575168609619141e+00
9.312948465347290039e+00
9.114099740982055664e+00
9.192689180374145508e+00
9.239408969879150391e+00
9.269303321838378906e+00
9.394405364990234375e+00
9.262499570846557617e+00
9.238608360290527344e+00
9.397599220275878906e+00
9.353414058685302734e+00
9.345643758773803711e+00
9.333041429519653320e+00
