1.609918189048767090e+01
1.905992031097412109e+01
1.481485438346862793e+01
1.495238327980041504e+01
1.500729823112487793e+01
1.992965936660766602e+01
1.491808104515075684e+01
1.495154213905334473e+01
1.493157792091369629e+01
1.489760565757751465e+01
2.012549328804016113e+01
1.484446525573730469e+01
1.478805828094482422e+01
1.522600412368774414e+01
1.493988800048828125e+01
1.491408538818359375e+01
1.967806386947631836e+01
1.499425745010375977e+01
1.498581814765930176e+01
1.487836384773254395e+01
1.492488718032836914e+01
1.494274067878723145e+01
1.508269667625427246e+01
1.954962825775146484e+01
1.538317656517028809e+01
1.504881739616394043e+01
1.992365741729736328e+01
1.477634859085083008e+01
1.483782863616943359e+01
1.479834866523742676e+01
