1.008013486862182617e+01
9.146410465240478516e+00
9.189050436019897461e+00
9.212214946746826172e+00
9.339476108551025391e+00
9.170417547225952148e+00
9.258993864059448242e+00
9.244261741638183594e+00
9.292663812637329102e+00
9.149897813796997070e+00
9.358429670333862305e+00
9.113952398300170898e+00
9.214061975479125977e+00
9.179492235183715820e+00
9.235303878784179688e+00
9.131764888763427734e+00
9.196988582611083984e+00
9.153343677520751953e+00
9.247121095657348633e+00
9.222897768020629883e+00
9.251931667327880859e+00
9.144662380218505859e+00
9.188304185867309570e+00
9.159450531005859375e+00
9.274307727813720703e+00
9.217287302017211914e+00
9.311024904251098633e+00
9.197798728942871094e+00
9.197913408279418945e+00
9.321946144104003906e+00
