9.873792409896850586e+00
9.248878002166748047e+00
9.231137752532958984e+00
9.178512096405029297e+00
9.087064027786254883e+00
9.180223464965820312e+00
9.186190366744995117e+00
9.077312469482421875e+00
9.143915891647338867e+00
9.146351099014282227e+00
9.140278339385986328e+00
9.173029184341430664e+00
1.474851274490356445e+01
9.213311195373535156e+00
1.468089056015014648e+01
9.123395681381225586e+00
9.059737205505371094e+00
9.156435251235961914e+00
9.135381937026977539e+00
9.092842340469360352e+00
9.089101552963256836e+00
9.182439565658569336e+00
9.130033969879150391e+00
9.036911964416503906e+00
9.179931640625000000e+00
9.148075103759765625e+00
9.159239053726196289e+00
9.155474662780761719e+00
9.125130653381347656e+00
9.106023311614990234e+00
