1.683643937110900879e+01
1.887996220588684082e+01
1.901338648796081543e+01
1.824412703514099121e+01
1.665249943733215332e+01
1.849215984344482422e+01
1.698792433738708496e+01
1.688370966911315918e+01
1.844049763679504395e+01
1.899869847297668457e+01
1.656940293312072754e+01
1.657796406745910645e+01
1.843359255790710449e+01
1.755533242225646973e+01
1.819012951850891113e+01
1.667115712165832520e+01
1.656176495552062988e+01
1.798639440536499023e+01
1.830348229408264160e+01
1.821266460418701172e+01
1.840642285346984863e+01
1.830847597122192383e+01
1.662360358238220215e+01
1.827755427360534668e+01
1.674084138870239258e+01
1.915307426452636719e+01
1.669187521934509277e+01
1.848859310150146484e+01
2.039268684387207031e+01
2.036177539825439453e+01
1.783068394660949707e+01
1.846398973464965820e+01
1.884222865104675293e+01
1.685221648216247559e+01
1.881872940063476562e+01
1.822710585594177246e+01
1.758092689514160156e+01
1.656376886367797852e+01
2.039048767089843750e+01
1.813187980651855469e+01
1.661048698425292969e+01
1.829134035110473633e+01
1.835458946228027344e+01
1.677084231376647949e+01
1.843602252006530762e+01
1.861736297607421875e+01
1.666942286491394043e+01
1.852527761459350586e+01
1.659884738922119141e+01
2.039474964141845703e+01
1.701131153106689453e+01
1.904322504997253418e+01
2.039735913276672363e+01
1.804218482971191406e+01
1.912621736526489258e+01
1.703434872627258301e+01
1.672789144515991211e+01
1.898551058769226074e+01
1.862972044944763184e+01
1.874648189544677734e+01
1.672754693031311035e+01
1.840166616439819336e+01
2.038641142845153809e+01
1.784794688224792480e+01
1.837869071960449219e+01
1.664285326004028320e+01
1.899808573722839355e+01
1.817597293853759766e+01
1.988371300697326660e+01
1.840257072448730469e+01
1.663138294219970703e+01
1.668495941162109375e+01
1.917718195915222168e+01
1.836514592170715332e+01
1.662789416313171387e+01
1.873165512084960938e+01
1.879019689559936523e+01
1.844398331642150879e+01
1.855846667289733887e+01
1.839518499374389648e+01
1.866381549835205078e+01
1.837407851219177246e+01
1.665182566642761230e+01
1.655250692367553711e+01
1.833178377151489258e+01
1.740846610069274902e+01
1.654004931449890137e+01
1.659200859069824219e+01
1.830502367019653320e+01
1.827556872367858887e+01
1.810611367225646973e+01
1.838141274452209473e+01
1.900856661796569824e+01
2.037071180343627930e+01
1.829764962196350098e+01
1.651941752433776855e+01
1.839197325706481934e+01
1.931096386909484863e+01
1.922341656684875488e+01
1.918268013000488281e+01
