1.685528445243835449e+01
1.802796578407287598e+01
1.654277634620666504e+01
1.653785753250122070e+01
1.690680027008056641e+01
1.851917695999145508e+01
1.753702807426452637e+01
1.670054173469543457e+01
1.823435878753662109e+01
1.663018631935119629e+01
1.821088433265686035e+01
1.923599982261657715e+01
1.841439819335937500e+01
1.694827413558959961e+01
1.874982619285583496e+01
1.664900040626525879e+01
1.826170659065246582e+01
1.795953488349914551e+01
1.987735033035278320e+01
1.826413345336914062e+01
1.852456760406494141e+01
1.883789801597595215e+01
1.921596097946166992e+01
1.828483963012695312e+01
1.666099643707275391e+01
2.039807796478271484e+01
1.657838726043701172e+01
1.854915213584899902e+01
1.829581356048583984e+01
1.822173786163330078e+01
1.845824861526489258e+01
1.845814013481140137e+01
2.039589381217956543e+01
1.660438489913940430e+01
1.814143204689025879e+01
1.818691706657409668e+01
1.711171579360961914e+01
2.037783551216125488e+01
1.793874025344848633e+01
1.667594504356384277e+01
1.843495583534240723e+01
1.849609375000000000e+01
1.896610307693481445e+01
1.667623829841613770e+01
1.657876634597778320e+01
1.660944151878356934e+01
1.671728181838989258e+01
1.927377414703369141e+01
1.834120321273803711e+01
1.837381553649902344e+01
2.039093852043151855e+01
1.788542485237121582e+01
1.841797351837158203e+01
1.848971199989318848e+01
2.041871523857116699e+01
1.652089524269104004e+01
1.675140762329101562e+01
1.881884503364562988e+01
2.039571261405944824e+01
1.831601786613464355e+01
1.685915470123291016e+01
1.821314764022827148e+01
1.896654081344604492e+01
1.656293153762817383e+01
1.746156120300292969e+01
1.672881865501403809e+01
1.903648757934570312e+01
1.841668152809143066e+01
1.656254816055297852e+01
1.823484587669372559e+01
1.662388801574707031e+01
1.665989422798156738e+01
2.038290143013000488e+01
1.656923747062683105e+01
1.861872100830078125e+01
1.817854952812194824e+01
2.039937353134155273e+01
2.038887500762939453e+01
2.038619804382324219e+01
1.759543228149414062e+01
1.879032874107360840e+01
1.918948316574096680e+01
1.667504215240478516e+01
1.827901268005371094e+01
2.039412212371826172e+01
2.039519834518432617e+01
1.658670544624328613e+01
1.842925405502319336e+01
1.814798259735107422e+01
1.900634360313415527e+01
2.041458559036254883e+01
1.756660604476928711e+01
1.658402514457702637e+01
1.871491217613220215e+01
1.873441052436828613e+01
1.857850098609924316e+01
1.901253843307495117e+01
2.038648343086242676e+01
1.811365509033203125e+01
2.058072400093078613e+01
