4.271030426025390625e-03
4.060268402099609375e-03
4.085063934326171875e-03
4.051446914672851562e-03
4.067659378051757812e-03
4.024028778076171875e-03
4.076480865478515625e-03
4.045009613037109375e-03
4.050493240356445312e-03
4.127979278564453125e-03
4.057884216308593750e-03
4.137516021728515625e-03
4.113674163818359375e-03
4.147052764892578125e-03
4.152059555053710938e-03
4.084110260009765625e-03
4.070281982421875000e-03
4.082918167114257812e-03
4.088401794433593750e-03
4.076719284057617188e-03
4.142999649047851562e-03
5.016326904296875000e-03
4.188299179077148438e-03
4.211425781250000000e-03
4.166603088378906250e-03
4.185438156127929688e-03
4.125356674194335938e-03
4.131555557250976562e-03
4.137754440307617188e-03
4.310369491577148438e-03
4.202604293823242188e-03
4.052400588989257812e-03
4.273176193237304688e-03
4.116535186767578125e-03
4.115104675292968750e-03
4.101276397705078125e-03
4.088401794433593750e-03
4.169702529907226562e-03
4.120111465454101562e-03
4.127740859985351562e-03
4.153251647949218750e-03
4.095315933227539062e-03
4.141569137573242188e-03
8.154630661010742188e-03
4.157543182373046875e-03
4.092931747436523438e-03
8.352041244506835938e-03
4.104614257812500000e-03
4.120588302612304688e-03
4.078388214111328125e-03
4.131317138671875000e-03
4.145383834838867188e-03
4.073858261108398438e-03
4.102706909179687500e-03
1.310777664184570312e-02
4.091024398803710938e-03
4.059553146362304688e-03
4.097700119018554688e-03
4.037141799926757812e-03
4.049539566040039062e-03
2.300548553466796875e-02
4.072666168212890625e-03
4.066467285156250000e-03
4.129409790039062500e-03
4.127740859985351562e-03
4.152297973632812500e-03
4.037141799926757812e-03
4.050254821777343750e-03
3.959655761718750000e-03
4.202365875244140625e-03
4.038333892822265625e-03
4.188060760498046875e-03
4.097461700439453125e-03
4.124164581298828125e-03
4.093408584594726562e-03
4.072427749633789062e-03
4.132032394409179688e-03
4.068136215209960938e-03
4.057407379150390625e-03
4.009962081909179688e-03
6.016016006469726562e-03
4.045724868774414062e-03
4.127740859985351562e-03
4.124879837036132812e-03
4.015922546386718750e-03
4.104852676391601562e-03
4.066228866577148438e-03
1.278805732727050781e-02
4.075288772583007812e-03
4.177331924438476562e-03
2.901458740234375000e-02
4.050254821777343750e-03
4.130125045776367188e-03
4.078388214111328125e-03
4.150867462158203125e-03
4.040956497192382812e-03
4.086017608642578125e-03
1.548957824707031250e-02
4.045963287353515625e-03
4.192829132080078125e-03
