5.242610216140747070e+00
4.823411703109741211e+00
4.989324808120727539e+00
4.790030717849731445e+00
4.844318628311157227e+00
4.665023803710937500e+00
4.896754264831542969e+00
4.677057027816772461e+00
4.862133741378784180e+00
4.915635108947753906e+00
1.180021333694458008e+01
1.373120617866516113e+01
4.968257904052734375e+00
4.989735603332519531e+00
4.867022991180419922e+00
4.857102394104003906e+00
5.004523992538452148e+00
4.503134965896606445e+00
4.836577892303466797e+00
6.129894495010375977e+00
5.741101503372192383e+00
4.624809503555297852e+00
4.689916849136352539e+00
4.961276531219482422e+00
4.705136299133300781e+00
4.845390796661376953e+00
4.471430540084838867e+00
4.946794033050537109e+00
4.732161521911621094e+00
1.354828047752380371e+01
4.905319452285766602e+00
4.921307802200317383e+00
4.879235506057739258e+00
4.871794462203979492e+00
4.859736204147338867e+00
4.919782876968383789e+00
4.660144567489624023e+00
1.433063364028930664e+01
4.712093591690063477e+00
4.924206495285034180e+00
4.935983419418334961e+00
4.770897150039672852e+00
4.844236612319946289e+00
4.897423267364501953e+00
4.712158918380737305e+00
4.559632539749145508e+00
5.069386243820190430e+00
4.858658552169799805e+00
4.930823802947998047e+00
4.990066051483154297e+00
