5.161416530609130859e-01
7.196409702301025391e-01
6.592533588409423828e-01
5.930647850036621094e-01
6.918947696685791016e-01
8.476893901824951172e-01
5.259008407592773438e-01
7.851424217224121094e-01
8.426849842071533203e-01
6.311774253845214844e-01
6.707525253295898438e-01
8.018820285797119141e-01
6.643064022064208984e-01
5.735461711883544922e-01
7.062032222747802734e-01
7.136242389678955078e-01
5.819880962371826172e-01
9.309923648834228516e-01
7.142770290374755859e-01
8.333349227905273438e-01
7.007339000701904297e-01
7.724025249481201172e-01
7.435808181762695312e-01
7.589237689971923828e-01
8.851795196533203125e-01
6.311168670654296875e-01
8.928487300872802734e-01
7.718899250030517578e-01
8.145971298217773438e-01
6.718947887420654297e-01
5.493052005767822266e-01
6.516575813293457031e-01
8.693265914916992188e-01
7.180571556091308594e-01
8.533740043640136719e-01
6.948826313018798828e-01
7.560176849365234375e-01
6.865739822387695312e-01
7.045154571533203125e-01
6.288268566131591797e-01
6.384763717651367188e-01
5.900561809539794922e-01
7.246770858764648438e-01
5.718922615051269531e-01
7.679643630981445312e-01
8.083474636077880859e-01
6.014356613159179688e-01
5.663235187530517578e-01
7.449522018432617188e-01
5.538434982299804688e-01
