2.059446072578430176e+01
2.042431235313415527e+01
3.189756488800048828e+01
2.492842388153076172e+01
4.087691283226013184e+01
1.746677517890930176e+01
2.825851511955261230e+01
4.093081879615783691e+01
1.641686415672302246e+01
2.847404932975769043e+01
2.587711358070373535e+01
3.180779123306274414e+01
2.790809655189514160e+01
2.400733232498168945e+01
2.997933721542358398e+01
4.089926314353942871e+01
2.001006770133972168e+01
4.090924596786499023e+01
1.660479545593261719e+01
2.813870453834533691e+01
4.093194127082824707e+01
4.092934203147888184e+01
1.650307083129882812e+01
4.096293020248413086e+01
2.482422566413879395e+01
4.091529655456542969e+01
1.861545276641845703e+01
2.110110092163085938e+01
2.071858525276184082e+01
2.813583254814147949e+01
2.273512601852416992e+01
4.090740060806274414e+01
1.649616456031799316e+01
4.091342377662658691e+01
1.779076361656188965e+01
4.091926336288452148e+01
1.899313759803771973e+01
2.001917266845703125e+01
4.091993951797485352e+01
2.099687504768371582e+01
4.091134881973266602e+01
2.185381460189819336e+01
3.433446192741394043e+01
3.402494502067565918e+01
2.142813992500305176e+01
3.449722290039062500e+01
2.152802515029907227e+01
3.245435285568237305e+01
1.732519435882568359e+01
3.279967665672302246e+01
4.089592099189758301e+01
1.639484930038452148e+01
2.632505464553833008e+01
2.915987801551818848e+01
2.559758901596069336e+01
2.796276426315307617e+01
3.171419024467468262e+01
3.267948436737060547e+01
2.657029485702514648e+01
4.091422772407531738e+01
1.730782485008239746e+01
4.088337182998657227e+01
2.128516173362731934e+01
3.231306123733520508e+01
2.309476470947265625e+01
3.143348765373229980e+01
2.451689195632934570e+01
2.902883243560791016e+01
2.112059807777404785e+01
2.973491883277893066e+01
4.091797924041748047e+01
1.778743767738342285e+01
4.089498853683471680e+01
2.239155268669128418e+01
2.411048460006713867e+01
3.348357248306274414e+01
2.043834233283996582e+01
2.927234721183776855e+01
4.087274909019470215e+01
1.781147289276123047e+01
2.342068052291870117e+01
3.431693100929260254e+01
1.650456643104553223e+01
3.424487996101379395e+01
2.495700740814208984e+01
3.402374768257141113e+01
3.553778791427612305e+01
4.091085052490234375e+01
1.653035783767700195e+01
2.829651355743408203e+01
4.089542174339294434e+01
2.046126699447631836e+01
4.088934636116027832e+01
1.654480004310607910e+01
3.149784922599792480e+01
4.086710524559020996e+01
2.045830965042114258e+01
1.976643610000610352e+01
3.522262883186340332e+01
4.090586876869201660e+01
