5.037069320678710938e-02
5.071854591369628906e-02
5.119824409484863281e-02
5.139493942260742188e-02
5.141568183898925781e-02
5.116128921508789062e-02
5.057978630065917969e-02
5.090379714965820312e-02
5.145335197448730469e-02
5.102944374084472656e-02
5.063366889953613281e-02
5.117464065551757812e-02
5.090045928955078125e-02
5.045533180236816406e-02
5.045390129089355469e-02
5.116772651672363281e-02
5.113005638122558594e-02
5.174398422241210938e-02
5.121493339538574219e-02
5.165696144104003906e-02
5.132126808166503906e-02
5.178856849670410156e-02
5.179715156555175781e-02
5.145239830017089844e-02
5.172443389892578125e-02
5.140805244445800781e-02
5.212759971618652344e-02
5.194091796875000000e-02
5.220937728881835938e-02
5.171871185302734375e-02
5.174922943115234375e-02
5.175948143005371094e-02
5.220437049865722656e-02
5.193996429443359375e-02
5.231142044067382812e-02
5.170583724975585938e-02
5.204796791076660156e-02
5.129575729370117188e-02
5.144977569580078125e-02
5.108165740966796875e-02
5.129742622375488281e-02
5.128908157348632812e-02
5.211567878723144531e-02
5.238246917724609375e-02
5.180740356445312500e-02
5.250024795532226562e-02
5.211234092712402344e-02
5.203485488891601562e-02
5.195140838623046875e-02
5.188393592834472656e-02
