3.379768878221511841e-02
9.386724792420864105e-03
1.322162570431828499e-03
2.607036614790558815e-03
1.408601412549614906e-03
5.510501796379685402e-04
5.258747842162847519e-04
5.751258577220141888e-04
7.006301311776041985e-04
5.569325294345617294e-04
4.775786655955016613e-04
1.290337764658033848e-03
5.627086502499878407e-04
5.879242089577019215e-04
3.162749344483017921e-04
3.034759138245135546e-04
2.054504584521055222e-04
7.894122973084449768e-06
3.726877366716507822e-06
2.427075969535508193e-06
1.697767629593727179e-06
1.216629129885404836e-06
1.060415002029913012e-06
8.856658837430586573e-07
6.025731522640853655e-07
4.733224443498329492e-07
4.068100452059297822e-07
3.099825391927879537e-07
2.436613897316419752e-07
2.023806473516742699e-07
1.667918638759147143e-07
1.425721478653940721e-07
1.193595409176850808e-07
1.027919367402319040e-07
8.730177114557591267e-08
7.417835945489059668e-08
6.384405537573911715e-08
5.510229073024675017e-08
4.827369082249788335e-08
4.247335638751792430e-08
3.770135137415309146e-08
3.343507870567918872e-08
3.034068285501234641e-08
2.736427262561846874e-08
2.512137697863181529e-08
2.289530698362796102e-08
2.099806017952232651e-08
1.944651195628921414e-08
1.820695061383048596e-08
1.680715833174417639e-08
