6.029939651489257812e-02
6.958913803100585938e-02
1.389682292938232422e-01
7.662701606750488281e-02
6.351327896118164062e-02
1.773428916931152344e-02
8.406329154968261719e-02
2.956557273864746094e-02
6.923651695251464844e-02
2.113795280456542969e-02
1.110091209411621094e-01
8.595752716064453125e-02
7.405209541320800781e-02
9.812164306640625000e-02
8.578562736511230469e-02
9.069824218750000000e-02
6.577134132385253906e-02
6.817150115966796875e-02
4.952549934387207031e-02
2.137851715087890625e-02
6.400537490844726562e-02
9.372305870056152344e-02
8.633208274841308594e-02
3.956174850463867188e-02
1.067111492156982422e-01
1.444904804229736328e-01
1.007456779479980469e-01
9.955191612243652344e-02
7.751917839050292969e-02
5.817031860351562500e-02
3.839826583862304688e-02
7.442235946655273438e-02
7.465815544128417969e-02
8.669900894165039062e-02
7.882809638977050781e-02
2.660584449768066406e-02
3.083634376525878906e-02
1.225628852844238281e-01
8.735299110412597656e-02
3.921675682067871094e-02
5.580115318298339844e-02
4.744744300842285156e-02
5.682682991027832031e-02
1.036117076873779297e-01
5.176687240600585938e-02
6.807374954223632812e-02
6.415605545043945312e-02
3.399443626403808594e-02
9.141516685485839844e-02
3.169441223144531250e-02
6.214404106140136719e-02
5.051231384277343750e-02
6.872844696044921875e-02
1.071372032165527344e-01
1.040484905242919922e-01
7.284474372863769531e-02
7.529520988464355469e-02
3.968787193298339844e-02
9.410429000854492188e-02
5.938839912414550781e-02
5.076885223388671875e-02
6.334781646728515625e-03
4.478716850280761719e-02
7.665538787841796875e-02
2.630591392517089844e-02
7.050681114196777344e-02
3.411102294921875000e-02
1.260519027709960938e-01
7.273650169372558594e-02
9.110236167907714844e-02
6.722331047058105469e-02
3.102922439575195312e-02
1.033961772918701172e-01
4.758787155151367188e-02
9.943985939025878906e-02
1.019115447998046875e-01
5.733442306518554688e-02
4.979777336120605469e-02
9.344649314880371094e-02
4.143834114074707031e-02
4.131531715393066406e-02
8.881354331970214844e-02
7.166218757629394531e-02
3.113245964050292969e-02
7.905268669128417969e-02
4.565000534057617188e-02
9.078264236450195312e-02
8.185148239135742188e-02
4.389905929565429688e-02
3.598642349243164062e-02
1.110203266143798828e-01
8.409690856933593750e-02
7.702374458312988281e-02
6.720399856567382812e-02
7.808566093444824219e-02
4.161739349365234375e-02
9.475326538085937500e-02
7.250881195068359375e-02
1.006429195404052734e-01
8.275747299194335938e-02
