4.588500857353210449e-01
2.922294437885284424e-01
2.245185375213623047e-01
1.296214461326599121e-01
1.479371488094329834e-01
1.322775334119796753e-01
1.254477202892303467e-01
1.440449804067611694e-01
1.348630934953689575e-01
1.322968006134033203e-01
1.435967534780502319e-01
1.420722305774688721e-01
1.444429457187652588e-01
1.440596282482147217e-01
1.443464308977127075e-01
1.441715359687805176e-01
1.411671787500381470e-01
1.368297338485717773e-01
1.335386782884597778e-01
1.303045600652694702e-01
1.295845359563827515e-01
1.259977966547012329e-01
1.181726977229118347e-01
1.135595291852951050e-01
1.126535460352897644e-01
1.052393615245819092e-01
1.032871976494789124e-01
9.801643341779708862e-02
9.742158651351928711e-02
9.188100695610046387e-02
8.924337476491928101e-02
8.577413111925125122e-02
8.276311308145523071e-02
7.923284173011779785e-02
7.664424180984497070e-02
7.400909811258316040e-02
7.171168178319931030e-02
6.993075460195541382e-02
6.806208938360214233e-02
6.659021228551864624e-02
6.544480472803115845e-02
6.418016552925109863e-02
6.298880279064178467e-02
6.197116523981094360e-02
6.106232106685638428e-02
6.017524749040603638e-02
5.944156274199485779e-02
5.874564126133918762e-02
5.801839381456375122e-02
5.746444687247276306e-02
