1.058037757873535156e+00
7.025182247161865234e-01
9.204304218292236328e-01
9.384739398956298828e-01
9.908897876739501953e-01
1.030645370483398438e+00
8.411023616790771484e-01
7.486832141876220703e-01
1.332379102706909180e+00
8.888292312622070312e-01
1.311798810958862305e+00
6.489500999450683594e-01
1.067187547683715820e+00
1.169522762298583984e+00
7.565314769744873047e-01
1.029573917388916016e+00
6.434755325317382812e-01
1.104218006134033203e+00
8.664619922637939453e-01
1.099302053451538086e+00
9.177627563476562500e-01
9.697048664093017578e-01
9.756102561950683594e-01
1.093895435333251953e+00
1.401215076446533203e+00
8.572731018066406250e-01
1.154200315475463867e+00
9.535238742828369141e-01
1.334394931793212891e+00
1.497189521789550781e+00
1.385886669158935547e+00
1.207013845443725586e+00
1.152644872665405273e+00
1.112520456314086914e+00
1.119457483291625977e+00
7.814972400665283203e-01
9.127025604248046875e-01
7.340698242187500000e-01
9.582126140594482422e-01
9.427094459533691406e-01
8.885231018066406250e-01
9.450263977050781250e-01
8.050332069396972656e-01
9.099724292755126953e-01
1.176699876785278320e+00
9.286797046661376953e-01
1.078512668609619141e+00
1.169233083724975586e+00
1.230287075042724609e+00
1.038640975952148438e+00
