9.648604154586791992e+00
9.237300872802734375e+00
9.311196804046630859e+00
9.256842851638793945e+00
9.301820278167724609e+00
9.289736032485961914e+00
9.350252389907836914e+00
9.253882169723510742e+00
9.200190067291259766e+00
9.363129138946533203e+00
9.312048196792602539e+00
9.191619634628295898e+00
9.479554891586303711e+00
9.267574310302734375e+00
9.262160778045654297e+00
9.241871118545532227e+00
9.196996927261352539e+00
9.265477418899536133e+00
9.278590440750122070e+00
9.263152360916137695e+00
9.311901092529296875e+00
9.273206710815429688e+00
9.234916925430297852e+00
9.151901960372924805e+00
9.231270074844360352e+00
9.268542528152465820e+00
9.120598793029785156e+00
9.375801801681518555e+00
9.477951049804687500e+00
9.432317256927490234e+00
