5.460286140441894531e-02
5.445194244384765625e-02
5.459928512573242188e-02
5.442905426025390625e-02
5.431342124938964844e-02
5.431580543518066406e-02
5.448150634765625000e-02
5.468177795410156250e-02
5.443406105041503906e-02
5.451631546020507812e-02
5.454707145690917969e-02
5.410671234130859375e-02
5.436348915100097656e-02
5.433583259582519531e-02
5.416774749755859375e-02
5.436229705810546875e-02
5.450987815856933594e-02
5.528736114501953125e-02
5.532884597778320312e-02
5.643177032470703125e-02
5.461192131042480469e-02
5.480122566223144531e-02
5.489611625671386719e-02
5.501675605773925781e-02
5.451846122741699219e-02
5.469822883605957031e-02
5.479145050048828125e-02
5.420255661010742188e-02
5.748224258422851562e-02
5.422592163085937500e-02
