2.344372034072875977e+00
1.948585271835327148e+00
1.092527627944946289e+00
8.517329096794128418e-01
8.387043476104736328e-01
8.068693876266479492e-01
7.709215879440307617e-01
7.593833208084106445e-01
7.274049520492553711e-01
7.115383744239807129e-01
7.015368342399597168e-01
6.931686997413635254e-01
6.808730363845825195e-01
6.692276000976562500e-01
6.635600328445434570e-01
6.586859226226806641e-01
6.568964123725891113e-01
6.465947031974792480e-01
6.384150981903076172e-01
6.321695446968078613e-01
6.270997524261474609e-01
6.206685900688171387e-01
6.191980242729187012e-01
6.125755310058593750e-01
6.155719161033630371e-01
6.079444885253906250e-01
6.040648818016052246e-01
6.023101806640625000e-01
6.019877195358276367e-01
5.983765125274658203e-01
5.980945229530334473e-01
5.971188545227050781e-01
5.947771072387695312e-01
5.936272740364074707e-01
5.919499397277832031e-01
5.909373760223388672e-01
5.901570916175842285e-01
5.900064110755920410e-01
5.891191959381103516e-01
5.888309478759765625e-01
5.877608656883239746e-01
5.874263644218444824e-01
5.868774056434631348e-01
5.866190791130065918e-01
5.860698819160461426e-01
5.857397317886352539e-01
5.852131843566894531e-01
5.853287577629089355e-01
5.849531888961791992e-01
5.844858288764953613e-01
5.841961503028869629e-01
5.841208696365356445e-01
5.839201807975769043e-01
5.837022662162780762e-01
5.837053656578063965e-01
5.835137367248535156e-01
5.833142399787902832e-01
5.831139683723449707e-01
5.830630660057067871e-01
5.829970240592956543e-01
5.829158425331115723e-01
5.827980041503906250e-01
5.828306078910827637e-01
5.828604698181152344e-01
5.827972888946533203e-01
5.827336311340332031e-01
5.826388597488403320e-01
5.825698375701904297e-01
5.825634002685546875e-01
5.824953317642211914e-01
5.824635624885559082e-01
5.825396776199340820e-01
5.824737548828125000e-01
5.824699401855468750e-01
5.824922323226928711e-01
5.825474262237548828e-01
5.824899077415466309e-01
5.824689865112304688e-01
5.824608802795410156e-01
5.824657082557678223e-01
5.824880599975585938e-01
5.825088024139404297e-01
5.825236439704895020e-01
5.825294852256774902e-01
5.825339555740356445e-01
5.825190544128417969e-01
5.825186371803283691e-01
5.825229883193969727e-01
5.825224518775939941e-01
5.825267434120178223e-01
5.825389623641967773e-01
5.825440883636474609e-01
5.825380682945251465e-01
5.825459361076354980e-01
5.825496912002563477e-01
5.825543999671936035e-01
5.825560688972473145e-01
5.825594067573547363e-01
5.825594663619995117e-01
5.825567841529846191e-01
