1.090382784605026245e-01
2.843357920646667480e-01
4.445159137248992920e-01
5.799292325973510742e-01
6.748150587081909180e-01
7.478289008140563965e-01
8.115149736404418945e-01
8.494693040847778320e-01
8.838855028152465820e-01
9.092956185340881348e-01
9.202315807342529297e-01
9.266645312309265137e-01
9.511097073554992676e-01
9.565776586532592773e-01
9.568993449211120605e-01
9.659054279327392578e-01
9.688002467155456543e-01
9.729816913604736328e-01
9.758765101432800293e-01
9.790929555892944336e-01
9.803795218467712402e-01
9.807012081146240234e-01
9.823094010353088379e-01
9.816661477088928223e-01
9.874557852745056152e-01
9.829527139663696289e-01
9.884207248687744141e-01
9.887423515319824219e-01
9.893856644630432129e-01
9.897072911262512207e-01
9.877774119377136230e-01
9.880990386009216309e-01
9.906722307205200195e-01
9.909939169883728027e-01
9.903506040573120117e-01
9.890639781951904297e-01
9.897072911262512207e-01
9.922804832458496094e-01
9.919588565826416016e-01
9.913155436515808105e-01
9.938887357711791992e-01
9.903506040573120117e-01
9.897072911262512207e-01
9.913155436515808105e-01
9.942103624343872070e-01
9.916371703147888184e-01
9.909939169883728027e-01
9.942103624343872070e-01
9.900289773941040039e-01
9.922804832458496094e-01
9.890639781951904297e-01
9.945319890975952148e-01
9.913155436515808105e-01
9.922804832458496094e-01
9.942103624343872070e-01
9.922804832458496094e-01
9.900289773941040039e-01
9.913155436515808105e-01
9.922804832458496094e-01
9.906722307205200195e-01
9.938887357711791992e-01
9.926021099090576172e-01
9.874557852745056152e-01
9.916371703147888184e-01
9.890639781951904297e-01
9.916371703147888184e-01
9.916371703147888184e-01
9.893856644630432129e-01
9.932454228401184082e-01
9.909939169883728027e-01
9.903506040573120117e-01
9.897072911262512207e-01
9.916371703147888184e-01
9.903506040573120117e-01
9.945319890975952148e-01
9.884207248687744141e-01
9.913155436515808105e-01
9.916371703147888184e-01
9.893856644630432129e-01
9.922804832458496094e-01
9.893856644630432129e-01
9.893856644630432129e-01
9.929237961769104004e-01
9.916371703147888184e-01
9.913155436515808105e-01
9.922804832458496094e-01
9.919588565826416016e-01
9.919588565826416016e-01
9.932454228401184082e-01
9.929237961769104004e-01
9.880990386009216309e-01
9.932454228401184082e-01
9.906722307205200195e-01
9.919588565826416016e-01
9.890639781951904297e-01
9.909939169883728027e-01
9.919588565826416016e-01
9.916371703147888184e-01
9.919588565826416016e-01
9.897072911262512207e-01
