7.748150825500488281e-02
8.392691612243652344e-02
6.445789337158203125e-02
4.791522026062011719e-02
6.295251846313476562e-02
4.597425460815429688e-02
1.311573982238769531e-01
8.515477180480957031e-02
1.049158573150634766e-01
7.302117347717285156e-02
4.948186874389648438e-02
5.793428421020507812e-02
8.213925361633300781e-02
2.364110946655273438e-02
9.834432601928710938e-02
3.725814819335937500e-02
6.877875328063964844e-02
5.996417999267578125e-02
3.043293952941894531e-02
1.145927906036376953e-01
1.842975616455078125e-02
2.470898628234863281e-02
9.561991691589355469e-02
5.314207077026367188e-02
4.081869125366210938e-02
8.804059028625488281e-02
2.015709877014160156e-02
4.709434509277343750e-02
5.457520484924316406e-02
8.767819404602050781e-02
6.292939186096191406e-02
1.788001060485839844e-01
8.657455444335937500e-03
2.349495887756347656e-02
6.835675239562988281e-02
7.476329803466796875e-02
1.906168460845947266e-01
7.904767990112304688e-02
7.587552070617675781e-02
1.317274570465087891e-01
7.762837409973144531e-02
8.304905891418457031e-02
9.669113159179687500e-02
7.888031005859375000e-02
1.240518093109130859e-01
8.250927925109863281e-02
3.198766708374023438e-02
6.562018394470214844e-02
6.542062759399414062e-02
6.277251243591308594e-02
8.426618576049804688e-02
3.530406951904296875e-02
7.052445411682128906e-02
5.274343490600585938e-02
6.386828422546386719e-02
4.910802841186523438e-02
6.937742233276367188e-02
7.868552207946777344e-02
8.361220359802246094e-02
6.770777702331542969e-02
7.498383522033691406e-02
9.430670738220214844e-02
6.208825111389160156e-02
8.027887344360351562e-02
7.989549636840820312e-02
5.290699005126953125e-02
1.229703426361083984e-01
5.958962440490722656e-02
1.029765605926513672e-01
1.059267520904541016e-01
1.829338073730468750e-01
6.202840805053710938e-02
1.109824180603027344e-01
7.547116279602050781e-02
6.720447540283203125e-02
8.472537994384765625e-02
1.011433601379394531e-01
1.123263835906982422e-01
6.293416023254394531e-02
5.852103233337402344e-02
1.176102161407470703e-01
1.373052597045898438e-01
5.608224868774414062e-02
7.317304611206054688e-02
3.960037231445312500e-02
5.020451545715332031e-02
6.660079956054687500e-02
1.331768035888671875e-01
1.279776096343994141e-01
1.071925163269042969e-01
5.744576454162597656e-02
9.035682678222656250e-02
7.406949996948242188e-02
7.639098167419433594e-02
1.210222244262695312e-01
6.187033653259277344e-02
1.114878654479980469e-01
4.177379608154296875e-02
3.075051307678222656e-02
1.302328109741210938e-01
