2.396341857910156250e+02
2.618823220729827881e+02
2.421176745891571045e+02
2.576959264278411865e+02
3.218960478305816650e+02
2.491575281620025635e+02
2.648656504154205322e+02
2.929965553283691406e+02
2.848154015541076660e+02
2.595514500141143799e+02
3.218764476776123047e+02
2.618540606498718262e+02
2.693456649780273438e+02
2.632516324520111084e+02
2.959699752330780029e+02
2.554107091426849365e+02
2.971549897193908691e+02
2.610289196968078613e+02
2.935115725994110107e+02
2.741482014656066895e+02
2.843095183372497559e+02
2.776798686981201172e+02
3.218622047901153564e+02
2.618712706565856934e+02
2.526603436470031738e+02
2.832930510044097900e+02
2.726777606010437012e+02
3.218646960258483887e+02
2.628479540348052979e+02
3.218596491813659668e+02
2.618566591739654541e+02
3.218723433017730713e+02
2.618892147541046143e+02
2.452789311408996582e+02
3.218598449230194092e+02
2.616937370300292969e+02
2.765576634407043457e+02
3.218426361083984375e+02
2.368438117504119873e+02
2.837694079875946045e+02
3.218527455329895020e+02
2.395237779617309570e+02
2.746734724044799805e+02
2.755804595947265625e+02
3.218554234504699707e+02
2.406826529502868652e+02
2.912939932346343994e+02
2.894203894138336182e+02
2.723099141120910645e+02
2.873441791534423828e+02
2.910562500953674316e+02
3.218587231636047363e+02
2.417866997718811035e+02
3.218639035224914551e+02
2.388309814929962158e+02
3.218732888698577881e+02
2.397716510295867920e+02
2.962191557884216309e+02
3.218673858642578125e+02
2.618494832515716553e+02
2.554624204635620117e+02
2.824135448932647705e+02
2.635176327228546143e+02
2.928775179386138916e+02
2.393698043823242188e+02
2.497848937511444092e+02
2.609175758361816406e+02
3.218724782466888428e+02
2.618683729171752930e+02
2.538441107273101807e+02
2.730938951969146729e+02
2.770110158920288086e+02
2.799895915985107422e+02
2.812072241306304932e+02
2.878293018341064453e+02
2.601569802761077881e+02
3.219132752418518066e+02
2.618657422065734863e+02
2.554186296463012695e+02
2.809733517169952393e+02
2.739482357501983643e+02
2.731353592872619629e+02
3.218686425685882568e+02
2.618725461959838867e+02
2.589361600875854492e+02
2.781812899112701416e+02
2.485389399528503418e+02
2.611503672599792480e+02
2.784508090019226074e+02
3.218746380805969238e+02
2.618874473571777344e+02
2.643964066505432129e+02
2.780569519996643066e+02
2.830904562473297119e+02
2.767458515167236328e+02
2.777873749732971191e+02
2.885628793239593506e+02
3.218759660720825195e+02
2.618559494018554688e+02
2.450930278301239014e+02
