2.426865100860595703e-01
9.369301795959472656e-02
3.878140449523925781e-02
1.052041053771972656e-01
1.921675205230712891e-01
8.556175231933593750e-02
9.045386314392089844e-02
1.058199405670166016e-01
1.189360618591308594e-01
1.549983024597167969e-01
1.466035842895507812e-01
2.509562969207763672e-01
8.705472946166992188e-02
1.918766498565673828e-01
1.186857223510742188e-01
7.221221923828125000e-02
1.132416725158691406e-01
7.914447784423828125e-02
1.187503337860107422e-01
1.006381511688232422e-01
8.905506134033203125e-02
1.380097866058349609e-01
1.291668415069580078e-01
7.564687728881835938e-02
1.261465549468994141e-01
1.196846961975097656e-01
2.092149257659912109e-01
1.090302467346191406e-01
8.108329772949218750e-02
1.556434631347656250e-01
1.279401779174804688e-01
8.527660369873046875e-02
6.993436813354492188e-02
9.422588348388671875e-02
1.139814853668212891e-01
7.439875602722167969e-02
1.211595535278320312e-01
1.327543258666992188e-01
2.505445480346679688e-02
8.319187164306640625e-02
9.867119789123535156e-02
9.592962265014648438e-02
1.378593444824218750e-01
1.786012649536132812e-01
1.014273166656494141e-01
7.035565376281738281e-02
1.335234642028808594e-01
1.136214733123779297e-01
1.233115196228027344e-01
2.763843536376953125e-02
1.070652008056640625e-01
2.088077068328857422e-01
1.532914638519287109e-01
7.369351387023925781e-02
8.636188507080078125e-02
9.593844413757324219e-02
5.641293525695800781e-02
2.094583511352539062e-01
5.628538131713867188e-02
1.709249019622802734e-01
1.022260189056396484e-01
8.433938026428222656e-02
9.637165069580078125e-02
8.529281616210937500e-02
1.241829395294189453e-01
2.813217639923095703e-01
1.014411449432373047e-01
5.357646942138671875e-02
2.374866008758544922e-01
1.187126636505126953e-01
7.934689521789550781e-02
1.521530151367187500e-01
1.231079101562500000e-01
6.241393089294433594e-02
3.605365753173828125e-02
1.287488937377929688e-01
1.244587898254394531e-01
1.127679347991943359e-01
1.680281162261962891e-01
8.105564117431640625e-02
1.335909366607666016e-01
1.755142211914062500e-01
8.666205406188964844e-02
6.611847877502441406e-02
1.418781280517578125e-01
6.403923034667968750e-02
9.484338760375976562e-02
8.197283744812011719e-02
8.719539642333984375e-02
6.326198577880859375e-02
8.270096778869628906e-02
1.576404571533203125e-01
1.344037055969238281e-01
1.752092838287353516e-01
1.041119098663330078e-01
7.614612579345703125e-02
9.743666648864746094e-02
9.997892379760742188e-02
1.806879043579101562e-01
9.673237800598144531e-02
