2.274207465648651123e+02
2.647766165733337402e+02
3.218633768558502197e+02
2.621978507041931152e+02
2.831930780410766602e+02
2.976690804958343506e+02
3.218354718685150146e+02
2.618517808914184570e+02
3.218860611915588379e+02
2.425495421886444092e+02
3.218759353160858154e+02
2.618824086189270020e+02
2.590567281246185303e+02
2.824150557518005371e+02
2.932066338062286377e+02
3.218894963264465332e+02
2.459812822341918945e+02
3.218717796802520752e+02
2.504621398448944092e+02
2.827456097602844238e+02
2.895975489616394043e+02
2.832916533946990967e+02
2.862790138721466064e+02
2.988277618885040283e+02
2.737558445930480957e+02
2.728922936916351318e+02
3.218663799762725830e+02
2.495134563446044922e+02
2.988992757797241211e+02
2.718472480773925781e+02
3.037955074310302734e+02
2.649440603256225586e+02
3.218595099449157715e+02
2.618513545989990234e+02
2.733934342861175537e+02
3.218691234588623047e+02
2.681690535545349121e+02
2.720840950012207031e+02
3.218761503696441650e+02
2.675074169635772705e+02
2.776458852291107178e+02
2.929599072933197021e+02
2.883950893878936768e+02
2.830085144042968750e+02
2.988064155578613281e+02
3.218681361675262451e+02
2.485415105819702148e+02
2.893056645393371582e+02
2.560014808177947998e+02
2.674010195732116699e+02
2.997745234966278076e+02
2.911288108825683594e+02
2.803576855659484863e+02
2.873752615451812744e+02
2.844014630317687988e+02
2.835318236351013184e+02
3.218736121654510498e+02
2.618765554428100586e+02
3.219007525444030762e+02
2.384555022716522217e+02
2.889389052391052246e+02
3.218597831726074219e+02
2.499040703773498535e+02
3.218714258670806885e+02
2.618673803806304932e+02
2.849772834777832031e+02
2.780953369140625000e+02
2.877474837303161621e+02
3.218803999423980713e+02
2.484572973251342773e+02
2.991879837512969971e+02
2.716652605533599854e+02
2.971473133563995361e+02
2.914378764629364014e+02
3.218890144824981689e+02
2.700231990814208984e+02
3.218678650856018066e+02
2.484373691082000732e+02
2.834127717018127441e+02
2.881433267593383789e+02
2.833963975906372070e+02
3.218939492702484131e+02
2.274574506282806396e+02
2.962524740695953369e+02
2.541574873924255371e+02
2.610663156509399414e+02
3.218373584747314453e+02
2.454829354286193848e+02
2.699812994003295898e+02
2.998406081199645996e+02
2.717924575805664062e+02
3.218384311199188232e+02
2.618719539642333984e+02
2.903329303264617920e+02
2.706550014019012451e+02
2.987127137184143066e+02
3.218735311031341553e+02
2.470328853130340576e+02
3.218919932842254639e+02
2.516159288883209229e+02
