5.617463588714599609e-02
4.108028486371040344e-02
1.699569448828697205e-02
6.027346942573785782e-03
2.358804270625114441e-02
5.111527629196643829e-03
3.904135432094335556e-03
6.033891811966896057e-02
8.654176257550716400e-03
2.223765477538108826e-02
1.872121170163154602e-02
8.683036081492900848e-03
4.447999410331249237e-03
1.620029914192855358e-03
9.485993650741875172e-04
7.667637546546757221e-04
1.622103154659271240e-03
7.101167575456202030e-04
1.263418584130704403e-03
1.383431488648056984e-03
7.102765375748276711e-04
3.278705989941954613e-04
2.690700057428330183e-04
3.555321600288152695e-04
4.341695748735219240e-04
2.109253255184739828e-04
1.822173071559518576e-04
1.597986847627907991e-04
1.466563553549349308e-04
1.303716562688350677e-04
1.500903599662706256e-04
1.213709474541246891e-04
1.115996201406233013e-04
1.098492866731248796e-04
1.048910417011938989e-04
9.855137614067643881e-05
1.157960505224764347e-04
9.755876089911907911e-05
9.477681305725127459e-05
9.193698497256264091e-05
8.941036503529176116e-05
9.233215678250417113e-05
8.966835594037547708e-05
8.715722651686519384e-05
8.503850403940305114e-05
8.328030526172369719e-05
8.195193368010222912e-05
8.432765753241255879e-05
8.158955461112782359e-05
8.091227937256917357e-05
