5.620044097304344177e-02
1.191789377480745316e-02
1.206878479570150375e-02
4.375826567411422729e-03
3.569721477106213570e-03
4.329209215939044952e-03
6.453086156398057938e-03
1.990508288145065308e-03
2.364455955103039742e-03
7.323401514440774918e-04
4.124530532862991095e-04
2.433280751574784517e-04
1.397935848217457533e-04
4.445694867172278464e-05
4.514365173236001283e-06
2.312683591298991814e-06
1.599784923200786579e-06
1.012547841128252912e-06
7.314199592656223103e-07
5.473785336107539479e-07
4.178884580596786691e-07
3.179388272656069603e-07
2.566272883086639922e-07
2.102507608015002916e-07
1.730988685721968068e-07
1.433937626416081912e-07
1.216164946526987478e-07
1.041613870711444179e-07
9.108362064580433071e-08
8.021547159842157271e-08
