2.239134550094604492e+00
1.939756512641906738e+00
1.768163084983825684e+00
1.749091625213623047e+00
1.769246578216552734e+00
1.736728072166442871e+00
1.748973846435546875e+00
1.726663351058959961e+00
1.714609622955322266e+00
1.659460783004760742e+00
1.679432034492492676e+00
1.527447223663330078e+00
1.505256056785583496e+00
1.477122306823730469e+00
1.418543338775634766e+00
1.395932674407958984e+00
1.371358633041381836e+00
1.332038283348083496e+00
1.377832293510437012e+00
1.319053888320922852e+00
1.276299238204956055e+00
1.259317398071289062e+00
1.250614881515502930e+00
1.220563530921936035e+00
1.198369383811950684e+00
1.176560759544372559e+00
1.204874277114868164e+00
1.176956176757812500e+00
1.142288446426391602e+00
1.140548825263977051e+00
1.077103972434997559e+00
1.082034349441528320e+00
1.073271989822387695e+00
1.130832672119140625e+00
1.053854107856750488e+00
1.016116619110107422e+00
1.028198957443237305e+00
9.828525781631469727e-01
9.565166831016540527e-01
9.363158941268920898e-01
8.955668807029724121e-01
8.934247493743896484e-01
8.615702390670776367e-01
8.424971699714660645e-01
8.269840478897094727e-01
7.991355061531066895e-01
7.891305088996887207e-01
7.338294386863708496e-01
7.525589466094970703e-01
7.147048711776733398e-01
7.040718793869018555e-01
6.746639013290405273e-01
6.572403311729431152e-01
6.135746240615844727e-01
5.593786239624023438e-01
5.455868840217590332e-01
5.350322127342224121e-01
6.218712329864501953e-01
5.331276059150695801e-01
5.149418115615844727e-01
4.913748800754547119e-01
4.489887356758117676e-01
3.843610882759094238e-01
4.103256165981292725e-01
4.309102892875671387e-01
3.688428401947021484e-01
3.374613225460052490e-01
3.030127584934234619e-01
3.197266459465026855e-01
4.669320881366729736e-01
3.141078650951385498e-01
2.312080264091491699e-01
2.110898345708847046e-01
1.870924532413482666e-01
2.462373077869415283e-01
2.356758415699005127e-01
1.480002999305725098e-01
1.183934137225151062e-01
1.773082315921783447e-01
3.630484342575073242e-01
2.551773488521575928e-01
2.356255799531936646e-01
1.840436458587646484e-01
3.180754780769348145e-01
2.323825359344482422e-01
2.407688200473785400e-01
1.834990531206130981e-01
1.643543243408203125e-01
1.044949144124984741e-01
7.415894418954849243e-02
6.765803694725036621e-02
5.068747699260711670e-02
3.632384538650512695e-02
3.007100895047187805e-02
2.569659426808357239e-02
3.337845206260681152e-02
2.005605585873126984e-02
2.083555236458778381e-02
1.789891533553600311e-02
1.395438984036445618e-02
