1.700200366973876953e+01
1.862276124954223633e+01
1.848013925552368164e+01
2.039803123474121094e+01
1.654672026634216309e+01
1.838250088691711426e+01
1.745059061050415039e+01
1.839994597434997559e+01
1.901593351364135742e+01
1.907979035377502441e+01
1.965042066574096680e+01
1.843126010894775391e+01
1.772079324722290039e+01
1.677103090286254883e+01
1.903771543502807617e+01
1.850502634048461914e+01
1.902952647209167480e+01
1.732166671752929688e+01
1.900464797019958496e+01
1.842531347274780273e+01
1.705731368064880371e+01
1.836108207702636719e+01
1.661939334869384766e+01
1.657554674148559570e+01
2.039509463310241699e+01
1.659716820716857910e+01
1.848250412940979004e+01
1.841616702079772949e+01
1.900431108474731445e+01
1.834003734588623047e+01
2.040033793449401855e+01
1.790791225433349609e+01
1.771585440635681152e+01
1.829505825042724609e+01
1.662657356262207031e+01
1.653957033157348633e+01
1.691303586959838867e+01
1.837307548522949219e+01
1.657438349723815918e+01
1.826103734970092773e+01
1.665492033958435059e+01
1.836138725280761719e+01
1.656823658943176270e+01
1.891473102569580078e+01
1.834995913505554199e+01
1.665784072875976562e+01
1.851974487304687500e+01
1.666302728652954102e+01
1.831937837600708008e+01
1.661271643638610840e+01
1.669254541397094727e+01
2.039881420135498047e+01
1.657477903366088867e+01
1.884628915786743164e+01
1.861225008964538574e+01
1.665079498291015625e+01
1.656584525108337402e+01
1.944405508041381836e+01
1.903213286399841309e+01
1.698767948150634766e+01
1.819209766387939453e+01
1.670557355880737305e+01
1.662634181976318359e+01
1.833388066291809082e+01
1.815433621406555176e+01
2.039633321762084961e+01
1.658533263206481934e+01
1.662819671630859375e+01
1.939405775070190430e+01
1.834649753570556641e+01
2.056548094749450684e+01
1.901062417030334473e+01
1.714943528175354004e+01
1.836146378517150879e+01
1.659353137016296387e+01
1.666250729560852051e+01
1.900041270256042480e+01
1.656501913070678711e+01
1.909507226943969727e+01
1.915667438507080078e+01
1.680330705642700195e+01
1.824051523208618164e+01
1.682058453559875488e+01
1.898760890960693359e+01
1.839646005630493164e+01
1.731904053688049316e+01
1.832822227478027344e+01
1.674364352226257324e+01
1.815701985359191895e+01
1.820481848716735840e+01
1.709679484367370605e+01
2.037314295768737793e+01
1.795892238616943359e+01
2.039842438697814941e+01
1.799091458320617676e+01
1.980789041519165039e+01
1.682495856285095215e+01
2.039353227615356445e+01
1.656482696533203125e+01
1.674694061279296875e+01
