1.493789958953857422e+01
1.484191513061523438e+01
1.478387594223022461e+01
1.473609614372253418e+01
1.479571938514709473e+01
1.482538008689880371e+01
1.475038862228393555e+01
1.488305878639221191e+01
1.457371473312377930e+01
1.473322463035583496e+01
1.552480983734130859e+01
1.481995964050292969e+01
1.495134496688842773e+01
1.519268107414245605e+01
1.961765837669372559e+01
1.480515623092651367e+01
1.518853783607482910e+01
1.484938287734985352e+01
1.463476395606994629e+01
1.471989440917968750e+01
1.468629741668701172e+01
1.463744091987609863e+01
2.001544284820556641e+01
1.516240358352661133e+01
1.478439354896545410e+01
1.481766581535339355e+01
1.482865333557128906e+01
1.479967355728149414e+01
1.458799791336059570e+01
1.459487533569335938e+01
