1.362946152687072754e+00
1.362946152687072754e+00
1.362946152687072754e+00
1.362946152687072754e+00
1.362946152687072754e+00
1.362946152687072754e+00
1.362946152687072754e+00
1.362946152687072754e+00
1.362946152687072754e+00
1.362946152687072754e+00
1.362946152687072754e+00
1.362946152687072754e+00
1.362946152687072754e+00
1.362946152687072754e+00
1.362946152687072754e+00
1.362946152687072754e+00
1.362946152687072754e+00
1.362946152687072754e+00
1.362946152687072754e+00
1.362946152687072754e+00
1.362946152687072754e+00
1.362946152687072754e+00
1.362946152687072754e+00
1.362946152687072754e+00
1.362946152687072754e+00
1.362946152687072754e+00
1.362946152687072754e+00
1.362946152687072754e+00
1.362946152687072754e+00
1.362946152687072754e+00
