2.762197923660278320e+01
2.763874459266662598e+01
2.761556887626647949e+01
2.799705386161804199e+01
2.772131705284118652e+01
2.767651343345642090e+01
2.763713097572326660e+01
2.761359810829162598e+01
2.770185923576354980e+01
2.759945559501647949e+01
2.759403777122497559e+01
2.766875219345092773e+01
2.767880558967590332e+01
2.768737936019897461e+01
2.767645239830017090e+01
2.768092417716979980e+01
4.093964242935180664e+01
2.762932133674621582e+01
2.764424300193786621e+01
2.761656451225280762e+01
2.764048171043395996e+01
2.769806981086730957e+01
2.780775761604309082e+01
2.767446041107177734e+01
2.763028478622436523e+01
2.767401194572448730e+01
2.766845226287841797e+01
2.759034156799316406e+01
2.752170610427856445e+01
2.738366365432739258e+01
2.738039040565490723e+01
2.726339769363403320e+01
2.730963373184204102e+01
2.728409266471862793e+01
2.727143096923828125e+01
2.722577548027038574e+01
2.726096987724304199e+01
2.731916761398315430e+01
2.724957871437072754e+01
2.711890983581542969e+01
2.703731703758239746e+01
2.706466960906982422e+01
2.703194427490234375e+01
2.704050016403198242e+01
2.699790120124816895e+01
2.705001425743103027e+01
2.697295546531677246e+01
2.699969339370727539e+01
2.700707888603210449e+01
2.708330726623535156e+01
