2.956885397434234619e-01
5.003217458724975586e-01
5.003217458724975586e-01
5.003217458724975586e-01
5.003217458724975586e-01
5.003217458724975586e-01
5.028957724571228027e-01
5.138352513313293457e-01
5.395752787590026855e-01
5.421493053436279297e-01
5.601673126220703125e-01
5.891248583793640137e-01
6.003860831260681152e-01
6.016731262207031250e-01
6.116473674774169922e-01
6.081081032752990723e-01
6.315959095954895020e-01
6.431788802146911621e-01
6.377091407775878906e-01
6.657013893127441406e-01
6.541184186935424805e-01
6.753539443016052246e-01
6.370656490325927734e-01
6.068211197853088379e-01
6.138995885848999023e-01
6.402831673622131348e-01
6.634491682052612305e-01
6.702058911323547363e-01
6.978764533996582031e-01
6.991634368896484375e-01
7.078506946563720703e-01
7.133204340934753418e-01
7.284427285194396973e-01
6.975547075271606445e-01
7.252252101898193359e-01
7.374517321586608887e-01
7.503217458724975586e-01
7.487130165100097656e-01
7.628700137138366699e-01
7.599742412567138672e-01
7.805662751197814941e-01
7.860360145568847656e-01
8.011583089828491211e-01
8.059845566749572754e-01
8.117760419845581055e-01
8.211067914962768555e-01
7.956885695457458496e-01
8.056628108024597168e-01
8.288288116455078125e-01
8.204632997512817383e-01
8.497425913810729980e-01
8.481338620185852051e-01
8.709781169891357422e-01
8.619691133499145508e-01
8.851351141929626465e-01
8.793436288833618164e-01
8.777348995208740234e-01
8.796653747558593750e-01
8.616473674774169922e-01
8.922136425971984863e-01
9.021878838539123535e-01
9.153796434402465820e-01
9.182754158973693848e-01
9.343629479408264160e-01
9.456241726875305176e-01
9.070141315460205078e-01
8.211067914962768555e-01
8.507078289985656738e-01
9.070141315460205078e-01
9.385457038879394531e-01
9.369369149208068848e-01
9.395109415054321289e-01
9.588159322738647461e-01
9.710424542427062988e-01
9.765122532844543457e-01
9.742599725723266602e-01
9.713642001152038574e-01
9.777992367744445801e-01
9.816602468490600586e-01
9.835907220840454102e-01
9.803732037544250488e-01
9.810167551040649414e-01
9.932432174682617188e-01
9.948520064353942871e-01
9.938867688179016113e-01
9.971042275428771973e-01
9.977477192878723145e-01
9.983912706375122070e-01
9.990347623825073242e-01
9.987130165100097656e-01
9.993565082550048828e-01
9.993565082550048828e-01
9.987130165100097656e-01
9.987130165100097656e-01
9.954954981803894043e-01
9.877734780311584473e-01
9.356499314308166504e-01
8.957529067993164062e-01
8.751608729362487793e-01
9.263191819190979004e-01
