1.426257300376892090e+01
1.441629314422607422e+01
1.444319701194763184e+01
1.448420524597167969e+01
1.449869799613952637e+01
1.454603004455566406e+01
1.446313643455505371e+01
2.000660538673400879e+01
1.443347525596618652e+01
1.442772889137268066e+01
1.445618009567260742e+01
1.449664068222045898e+01
1.445518755912780762e+01
1.438160610198974609e+01
1.446351695060729980e+01
1.442507314682006836e+01
1.442283558845520020e+01
1.445409750938415527e+01
1.441934823989868164e+01
1.450042963027954102e+01
1.446047902107238770e+01
1.440613460540771484e+01
1.448197460174560547e+01
1.452469587326049805e+01
1.445180773735046387e+01
1.440729570388793945e+01
1.443892621994018555e+01
1.441163659095764160e+01
1.435809040069580078e+01
1.439307212829589844e+01
1.435584712028503418e+01
1.436875033378601074e+01
1.445064139366149902e+01
2.006499862670898438e+01
1.443153023719787598e+01
1.437317323684692383e+01
1.436607503890991211e+01
1.458497405052185059e+01
1.451548552513122559e+01
1.448279047012329102e+01
1.443028855323791504e+01
1.443566989898681641e+01
1.998370480537414551e+01
1.437872934341430664e+01
1.441226863861083984e+01
1.433751916885375977e+01
1.434617567062377930e+01
1.429685807228088379e+01
2.023013973236083984e+01
1.432678365707397461e+01
