3.153153181076049805e+00
2.436976432800292969e+00
2.017969846725463867e+00
1.704443216323852539e+00
1.455155134201049805e+00
1.262281298637390137e+00
1.100156903266906738e+00
9.793883562088012695e-01
8.671259284019470215e-01
7.763940691947937012e-01
7.111598849296569824e-01
6.539956927299499512e-01
6.055351495742797852e-01
5.627647638320922852e-01
5.158880949020385742e-01
4.978961050510406494e-01
4.671838879585266113e-01
4.466860592365264893e-01
4.189747273921966553e-01
4.040535688400268555e-01
3.897849917411804199e-01
3.716919124126434326e-01
3.652203083038330078e-01
3.590185642242431641e-01
3.558956086635589600e-01
3.398655951023101807e-01
3.413428962230682373e-01
3.303468227386474609e-01
3.242759406566619873e-01
3.087537288665771484e-01
3.143220841884613037e-01
3.023449480533599854e-01
3.030180335044860840e-01
3.052940368652343750e-01
3.036171197891235352e-01
3.006999790668487549e-01
2.951722145080566406e-01
2.943448722362518311e-01
2.876874804496765137e-01
2.962869107723236084e-01
2.887195348739624023e-01
2.907065153121948242e-01
2.984173297882080078e-01
2.824983000755310059e-01
2.840659916400909424e-01
2.927882075309753418e-01
2.918349206447601318e-01
2.826932370662689209e-01
2.857639193534851074e-01
2.850012481212615967e-01
2.859428822994232178e-01
2.886725366115570068e-01
2.895883321762084961e-01
2.845055758953094482e-01
2.867005169391632080e-01
2.822715044021606445e-01
2.898492515087127686e-01
2.837625443935394287e-01
2.851192057132720947e-01
2.891780138015747070e-01
2.876688241958618164e-01
2.820730507373809814e-01
2.855638563632965088e-01
2.868392467498779297e-01
2.844742834568023682e-01
2.900201678276062012e-01
2.963089346885681152e-01
2.897939085960388184e-01
2.864898741245269775e-01
2.885164916515350342e-01
2.877566218376159668e-01
2.872094810009002686e-01
2.914457321166992188e-01
2.905222475528717041e-01
2.938466668128967285e-01
2.897537946701049805e-01
2.882330417633056641e-01
2.938032448291778564e-01
2.887471616268157959e-01
2.891168296337127686e-01
2.910381555557250977e-01
2.916056811809539795e-01
2.851170301437377930e-01
2.872830033302307129e-01
2.908388674259185791e-01
2.994333803653717041e-01
2.931819856166839600e-01
2.888447940349578857e-01
2.938782572746276855e-01
2.944709360599517822e-01
2.868868708610534668e-01
2.862287163734436035e-01
2.895376980304718018e-01
2.881301939487457275e-01
2.838235795497894287e-01
2.864152193069458008e-01
2.906237542629241943e-01
2.907038331031799316e-01
2.949478924274444580e-01
2.853764295578002930e-01
