1.925972700119018555e+00
1.363860845565795898e+00
1.966609001159667969e+00
1.342943668365478516e+00
2.151496171951293945e+00
1.923173189163208008e+00
1.777019500732421875e+00
1.757383584976196289e+00
1.604204416275024414e+00
1.580072879791259766e+00
1.386554479598999023e+00
1.711196660995483398e+00
2.196785449981689453e+00
1.605730056762695312e+00
1.608748197555541992e+00
1.209012508392333984e+00
1.579057931900024414e+00
9.858789443969726562e-01
1.770046949386596680e+00
1.755157947540283203e+00
1.755211114883422852e+00
1.480852127075195312e+00
1.540791988372802734e+00
1.849832057952880859e+00
1.762102127075195312e+00
1.344085931777954102e+00
1.723118066787719727e+00
1.611946105957031250e+00
2.105427503585815430e+00
1.510355472564697266e+00
1.937122821807861328e+00
1.284651041030883789e+00
1.674531459808349609e+00
1.612579107284545898e+00
1.587541103363037109e+00
1.530829191207885742e+00
1.818056821823120117e+00
1.298557996749877930e+00
1.151578903198242188e+00
1.630456447601318359e+00
1.887675762176513672e+00
1.488057136535644531e+00
1.725118398666381836e+00
1.935294151306152344e+00
1.446913242340087891e+00
1.621007680892944336e+00
1.013070344924926758e+00
1.306331872940063477e+00
1.388955116271972656e+00
1.559277772903442383e+00
