1.115976721048355103e-01
3.642062097787857056e-02
2.667891420423984528e-02
2.176875807344913483e-02
2.024199627339839935e-02
1.836580410599708557e-02
1.286193728446960449e-02
1.881794817745685577e-02
1.623231358826160431e-02
1.622650399804115295e-02
1.543413102626800537e-02
1.669715717434883118e-02
1.426915731281042099e-02
1.283407304435968399e-02
1.403460651636123657e-02
1.094006095081567764e-02
1.228951383382081985e-02
1.015054155141115189e-02
1.027424819767475128e-02
9.468629024922847748e-03
1.015441771596670151e-02
9.721891023218631744e-03
8.768435567617416382e-03
9.047082625329494476e-03
9.335426613688468933e-03
9.057301096618175507e-03
8.398933336138725281e-03
8.224276825785636902e-03
7.475236896425485611e-03
6.825095042586326599e-03
7.008301559835672379e-03
6.495027337223291397e-03
6.088567897677421570e-03
5.775673314929008484e-03
5.469328258186578751e-03
5.234383046627044678e-03
4.436207469552755356e-03
3.738603787496685982e-03
3.379699075594544411e-03
2.952231792733073235e-03
2.715184586122632027e-03
2.505652839317917824e-03
2.357684774324297905e-03
2.161768497899174690e-03
2.074576448649168015e-03
1.929818419739603996e-03
1.808057073503732681e-03
1.720321015454828739e-03
1.588538754731416702e-03
1.529280911199748516e-03
