9.799080491065979004e-01
9.940572977066040039e-01
9.966041445732116699e-01
9.964627027511596680e-01
9.966748952865600586e-01
9.975945949554443359e-01
9.974531531333923340e-01
9.975945949554443359e-01
9.979483485221862793e-01
9.976653456687927246e-01
9.979483485221862793e-01
9.980190992355346680e-01
9.984436035156250000e-01
9.983728528022766113e-01
9.985143542289733887e-01
9.987265467643737793e-01
9.992218017578125000e-01
9.993633031845092773e-01
9.995048046112060547e-01
9.993633031845092773e-01
9.995048046112060547e-01
9.995048046112060547e-01
9.995754957199096680e-01
9.995754957199096680e-01
9.996462464332580566e-01
9.997169971466064453e-01
9.997169971466064453e-01
9.997169971466064453e-01
9.997877478599548340e-01
9.997877478599548340e-01
9.997877478599548340e-01
9.998584985733032227e-01
9.998584985733032227e-01
9.999292492866516113e-01
9.999292492866516113e-01
1.000000000000000000e+00
1.000000000000000000e+00
1.000000000000000000e+00
1.000000000000000000e+00
1.000000000000000000e+00
1.000000000000000000e+00
1.000000000000000000e+00
1.000000000000000000e+00
1.000000000000000000e+00
1.000000000000000000e+00
1.000000000000000000e+00
1.000000000000000000e+00
1.000000000000000000e+00
1.000000000000000000e+00
1.000000000000000000e+00
