9.832243919372558594e-01
7.899374961853027344e-01
1.044766426086425781e+00
7.703626155853271484e-01
1.156903982162475586e+00
8.254566192626953125e-01
8.425426483154296875e-01
9.227223396301269531e-01
6.717889308929443359e-01
9.570801258087158203e-01
8.124835491180419922e-01
9.491958618164062500e-01
9.207987785339355469e-01
8.395605087280273438e-01
1.090611696243286133e+00
9.479792118072509766e-01
7.048087120056152344e-01
9.363646507263183594e-01
9.682419300079345703e-01
9.785673618316650391e-01
1.010237932205200195e+00
9.509909152984619141e-01
8.910629749298095703e-01
1.238613605499267578e+00
9.021148681640625000e-01
1.103092670440673828e+00
1.004721164703369141e+00
8.345341682434082031e-01
1.053806781768798828e+00
9.421570301055908203e-01
9.311306476593017578e-01
1.033930778503417969e+00
1.227394580841064453e+00
8.661229610443115234e-01
7.885673046112060547e-01
7.690374851226806641e-01
1.227417230606079102e+00
1.259707927703857422e+00
9.290895462036132812e-01
9.296121597290039062e-01
1.199234008789062500e+00
9.201714992523193359e-01
1.100391149520874023e+00
8.093852996826171875e-01
9.641211032867431641e-01
9.485228061676025391e-01
9.690411090850830078e-01
1.172025203704833984e+00
1.033348321914672852e+00
1.044696092605590820e+00
