2.449245452880859375e-01
2.712118625640869141e-01
1.814067363739013672e-01
2.147412300109863281e-01
2.833361625671386719e-01
1.907584667205810547e-01
1.852328777313232422e-01
2.861759662628173828e-01
2.693564891815185547e-01
1.958901882171630859e-01
2.864811420440673828e-01
2.087724208831787109e-01
2.168753147125244141e-01
3.169844150543212891e-01
2.032272815704345703e-01
2.046160697937011719e-01
2.119269371032714844e-01
1.662044525146484375e-01
2.017972469329833984e-01
2.449343204498291016e-01
2.611279487609863281e-01
2.501144409179687500e-01
1.747252941131591797e-01
2.554304599761962891e-01
2.632877826690673828e-01
1.733808517456054688e-01
1.816141605377197266e-01
2.529156208038330078e-01
2.660181522369384766e-01
3.778679370880126953e-01
2.494485378265380859e-01
1.973319053649902344e-01
2.091643810272216797e-01
1.925659179687500000e-01
1.760406494140625000e-01
2.743725776672363281e-01
2.261550426483154297e-01
2.185249328613281250e-01
2.640473842620849609e-01
2.521955966949462891e-01
2.986545562744140625e-01
2.083516120910644531e-01
2.525393962860107422e-01
2.006287574768066406e-01
2.429971694946289062e-01
2.909197807312011719e-01
2.808892726898193359e-01
2.036375999450683594e-01
2.117991447448730469e-01
2.554078102111816406e-01
2.317781448364257812e-01
3.050873279571533203e-01
2.045984268188476562e-01
2.177352905273437500e-01
2.180738449096679688e-01
2.597646713256835938e-01
1.867430210113525391e-01
3.027284145355224609e-01
2.266783714294433594e-01
2.270102500915527344e-01
1.948783397674560547e-01
2.663490772247314453e-01
2.347869873046875000e-01
2.078771591186523438e-01
1.651494503021240234e-01
2.832498550415039062e-01
2.380566596984863281e-01
2.171490192413330078e-01
2.151238918304443359e-01
2.551248073577880859e-01
2.813992500305175781e-01
2.616784572601318359e-01
1.857151985168457031e-01
2.500162124633789062e-01
2.114179134368896484e-01
2.121243476867675781e-01
2.999033927917480469e-01
1.791849136352539062e-01
1.919012069702148438e-01
2.563142776489257812e-01
1.827645301818847656e-01
2.065184116363525391e-01
3.315787315368652344e-01
2.881379127502441406e-01
2.826659679412841797e-01
3.333191871643066406e-01
2.664291858673095703e-01
2.549576759338378906e-01
2.237131595611572266e-01
2.540481090545654297e-01
2.227644920349121094e-01
2.270288467407226562e-01
2.687802314758300781e-01
2.172782421112060547e-01
1.904253959655761719e-01
3.349306583404541016e-01
2.769505977630615234e-01
2.330706119537353516e-01
2.900376319885253906e-01
2.282536029815673828e-01
2.112958431243896484e-01
1.926918029785156250e-01
1.678254604339599609e-01
2.270574569702148438e-01
2.780961990356445312e-01
2.652142047882080078e-01
2.545523643493652344e-01
2.800490856170654297e-01
2.260751724243164062e-01
2.222197055816650391e-01
3.797464370727539062e-01
3.582286834716796875e-01
2.456266880035400391e-01
2.434396743774414062e-01
3.843746185302734375e-01
2.367062568664550781e-01
2.366757392883300781e-01
2.959260940551757812e-01
2.320466041564941406e-01
2.324836254119873047e-01
2.304322719573974609e-01
3.039712905883789062e-01
2.232177257537841797e-01
2.348978519439697266e-01
3.119242191314697266e-01
4.050250053405761719e-01
2.997195720672607422e-01
1.643815040588378906e-01
2.143127918243408203e-01
2.415459156036376953e-01
2.401118278503417969e-01
1.924331188201904297e-01
2.446489334106445312e-01
2.370743751525878906e-01
2.900967597961425781e-01
2.192528247833251953e-01
1.863150596618652344e-01
2.471244335174560547e-01
3.965890407562255859e-01
2.498035430908203125e-01
2.704877853393554688e-01
1.620857715606689453e-01
2.998135089874267578e-01
2.058045864105224609e-01
2.478468418121337891e-01
2.496590614318847656e-01
2.181272506713867188e-01
3.133091926574707031e-01
2.698960304260253906e-01
1.928930282592773438e-01
3.336946964263916016e-01
3.090639114379882812e-01
1.652293205261230469e-01
2.745544910430908203e-01
1.800754070281982422e-01
1.589777469635009766e-01
2.311508655548095703e-01
2.341113090515136719e-01
2.171282768249511719e-01
2.185173034667968750e-01
2.225186824798583984e-01
2.955970764160156250e-01
2.251679897308349609e-01
2.138195037841796875e-01
2.285065650939941406e-01
2.523427009582519531e-01
2.893199920654296875e-01
2.069547176361083984e-01
2.102057933807373047e-01
1.841192245483398438e-01
2.128329277038574219e-01
3.052587509155273438e-01
2.531247138977050781e-01
2.480864524841308594e-01
2.406041622161865234e-01
3.242127895355224609e-01
2.578992843627929688e-01
1.587901115417480469e-01
2.466700077056884766e-01
2.122383117675781250e-01
2.465362548828125000e-01
2.058091163635253906e-01
2.292459011077880859e-01
2.735552787780761719e-01
2.880761623382568359e-01
2.577555179595947266e-01
2.401080131530761719e-01
2.187848091125488281e-01
3.006534576416015625e-01
2.089638710021972656e-01
2.901616096496582031e-01
2.257113456726074219e-01
2.404911518096923828e-01
2.663383483886718750e-01
3.746807575225830078e-01
2.776286602020263672e-01
2.841405868530273438e-01
3.699209690093994141e-01
2.115256786346435547e-01
2.259943485260009766e-01
