2.045973825454711914e+01
1.444051003456115723e+01
1.885121011734008789e+01
4.091314196586608887e+01
1.400037336349487305e+01
2.082763767242431641e+01
4.086909008026123047e+01
2.044852018356323242e+01
4.090509605407714844e+01
1.393910336494445801e+01
4.092303633689880371e+01
2.044865989685058594e+01
2.692726278305053711e+01
1.924344015121459961e+01
4.091095423698425293e+01
1.771057891845703125e+01
4.085220766067504883e+01
2.045913410186767578e+01
2.767773866653442383e+01
2.508115983009338379e+01
2.884963345527648926e+01
2.637519383430480957e+01
2.403857302665710449e+01
4.090616536140441895e+01
2.162782073020935059e+01
4.092786121368408203e+01
2.040933680534362793e+01
2.500280189514160156e+01
4.090524363517761230e+01
2.045448446273803711e+01
4.090155291557312012e+01
2.044480276107788086e+01
4.090675401687622070e+01
1.408490276336669922e+01
4.089112544059753418e+01
2.383913469314575195e+01
3.181101632118225098e+01
3.316065192222595215e+01
2.802140140533447266e+01
3.174786233901977539e+01
2.827991914749145508e+01
3.026212120056152344e+01
2.599721336364746094e+01
4.090731024742126465e+01
1.463223791122436523e+01
2.210055470466613770e+01
4.093629312515258789e+01
2.042862296104431152e+01
3.252473592758178711e+01
4.090589475631713867e+01
1.819549226760864258e+01
4.088281583786010742e+01
2.042747044563293457e+01
2.860386204719543457e+01
2.565167903900146484e+01
2.908021521568298340e+01
4.089947056770324707e+01
2.043033790588378906e+01
4.090605187416076660e+01
2.043004775047302246e+01
3.031766462326049805e+01
4.088839340209960938e+01
2.041653871536254883e+01
2.244053936004638672e+01
2.444874453544616699e+01
3.212513327598571777e+01
4.090389966964721680e+01
2.045110964775085449e+01
2.406237387657165527e+01
2.778232502937316895e+01
4.090494537353515625e+01
2.045105814933776855e+01
4.090477824211120605e+01
2.043572854995727539e+01
4.090632343292236328e+01
1.409510779380798340e+01
4.091691851615905762e+01
2.590353369712829590e+01
4.091053509712219238e+01
1.905524444580078125e+01
2.616249132156372070e+01
2.925321364402770996e+01
4.092496109008789062e+01
2.044759321212768555e+01
2.671911215782165527e+01
1.925995254516601562e+01
3.183766055107116699e+01
2.589605808258056641e+01
3.198655033111572266e+01
4.085865879058837891e+01
1.629503107070922852e+01
4.090394783020019531e+01
2.182510948181152344e+01
4.092588996887207031e+01
2.227651023864746094e+01
2.711175894737243652e+01
3.032181096076965332e+01
2.538523793220520020e+01
2.766174030303955078e+01
2.614101362228393555e+01
3.212703466415405273e+01
4.091851353645324707e+01
2.044623780250549316e+01
4.091389560699462891e+01
1.399589848518371582e+01
2.513134264945983887e+01
4.090919256210327148e+01
1.759333324432373047e+01
4.092042207717895508e+01
1.783749508857727051e+01
4.089314484596252441e+01
1.892986536026000977e+01
4.094716334342956543e+01
1.647360253334045410e+01
4.088143444061279297e+01
4.090515351295471191e+01
2.041147899627685547e+01
2.554838871955871582e+01
2.441464185714721680e+01
3.166345191001892090e+01
4.090948867797851562e+01
1.427783107757568359e+01
2.719425749778747559e+01
3.423205113410949707e+01
4.091011929512023926e+01
2.256099557876586914e+01
3.199676632881164551e+01
2.043096399307250977e+01
1.929952001571655273e+01
2.049744367599487305e+01
2.985921502113342285e+01
2.430130434036254883e+01
4.090259003639221191e+01
1.767343735694885254e+01
4.091298151016235352e+01
2.044692230224609375e+01
4.090055871009826660e+01
1.730140757560729980e+01
4.090530562400817871e+01
2.045748066902160645e+01
4.090371704101562500e+01
2.043273639678955078e+01
2.748768901824951172e+01
4.086755537986755371e+01
2.040435385704040527e+01
2.041160058975219727e+01
2.575243020057678223e+01
3.583883357048034668e+01
3.038149857521057129e+01
2.339874601364135742e+01
4.091397905349731445e+01
2.042332577705383301e+01
2.658138465881347656e+01
4.090957975387573242e+01
1.548768401145935059e+01
2.531215858459472656e+01
4.093208003044128418e+01
2.044171833992004395e+01
4.090857219696044922e+01
1.407706999778747559e+01
4.092125964164733887e+01
1.626867151260375977e+01
3.021864867210388184e+01
4.092312908172607422e+01
1.868646526336669922e+01
4.089322233200073242e+01
2.043545198440551758e+01
2.605795550346374512e+01
2.594202995300292969e+01
2.799846410751342773e+01
4.090356636047363281e+01
1.452232050895690918e+01
2.505019354820251465e+01
2.682727074623107910e+01
4.090572834014892578e+01
1.688832211494445801e+01
2.701146531105041504e+01
3.181485152244567871e+01
2.499276971817016602e+01
4.092438793182373047e+01
1.606413340568542480e+01
4.088793444633483887e+01
2.044548082351684570e+01
2.830783128738403320e+01
2.880436158180236816e+01
2.829560327529907227e+01
4.092921757698059082e+01
1.560133337974548340e+01
2.341616678237915039e+01
2.960799789428710938e+01
2.802323532104492188e+01
2.879518818855285645e+01
2.468472933769226074e+01
2.885812401771545410e+01
4.091181707382202148e+01
1.662948966026306152e+01
4.090681958198547363e+01
2.044497847557067871e+01
2.498069930076599121e+01
4.090229678153991699e+01
