2.046855926513671875e+01
2.043677115440368652e+01
2.040301537513732910e+01
3.641193723678588867e+01
1.642224478721618652e+01
2.667231512069702148e+01
2.380454707145690918e+01
3.001522397994995117e+01
2.968626284599304199e+01
4.087493443489074707e+01
2.807106590270996094e+01
2.456580042839050293e+01
2.812130856513977051e+01
2.118830275535583496e+01
3.349408483505249023e+01
4.090567994117736816e+01
1.657626581192016602e+01
2.366173005104064941e+01
3.392042565345764160e+01
2.356699156761169434e+01
4.090505266189575195e+01
1.646424198150634766e+01
2.641070532798767090e+01
3.188899445533752441e+01
4.091677975654602051e+01
1.723718953132629395e+01
2.326841640472412109e+01
3.059891152381896973e+01
2.612183356285095215e+01
4.090001296997070312e+01
2.042333292961120605e+01
4.088219428062438965e+01
1.651349472999572754e+01
2.813839030265808105e+01
3.050160455703735352e+01
2.559271454811096191e+01
2.962188315391540527e+01
2.042185759544372559e+01
4.091319084167480469e+01
1.640995550155639648e+01
2.664454770088195801e+01
4.092498278617858887e+01
1.654614281654357910e+01
2.871082544326782227e+01
4.089813780784606934e+01
2.486669707298278809e+01
3.165920948982238770e+01
4.090743422508239746e+01
1.643852424621582031e+01
3.105748534202575684e+01
4.091224527359008789e+01
2.043741941452026367e+01
4.090195631980895996e+01
1.663433074951171875e+01
1.638924741744995117e+01
2.089550662040710449e+01
4.090135693550109863e+01
1.760997438430786133e+01
3.562296199798583984e+01
2.169616818428039551e+01
4.089557647705078125e+01
1.633000230789184570e+01
4.093084836006164551e+01
2.044522523880004883e+01
3.045682692527770996e+01
2.202011847496032715e+01
2.291068983078002930e+01
3.029035615921020508e+01
4.090893816947937012e+01
2.720577430725097656e+01
4.089242649078369141e+01
2.005104398727416992e+01
2.695394897460937500e+01
2.868618679046630859e+01
4.090633773803710938e+01
2.011938691139221191e+01
2.432455301284790039e+01
2.589662432670593262e+01
3.317629981040954590e+01
4.090706825256347656e+01
1.964524388313293457e+01
4.089554429054260254e+01
3.030927705764770508e+01
4.090267300605773926e+01
1.699454212188720703e+01
3.290939831733703613e+01
2.043237042427062988e+01
3.206428360939025879e+01
4.090405631065368652e+01
1.788533520698547363e+01
2.611788821220397949e+01
3.197098183631896973e+01
2.109031581878662109e+01
3.406150555610656738e+01
1.803803181648254395e+01
4.091374230384826660e+01
2.042390203475952148e+01
3.096634817123413086e+01
4.090511870384216309e+01
2.045720267295837402e+01
