1.076068878173828125e-01
1.428685188293457031e-01
1.596932411193847656e-01
1.184935569763183594e-01
1.716060638427734375e-01
1.196722984313964844e-01
9.638810157775878906e-02
6.092166900634765625e-02
1.237101554870605469e-01
1.011974811553955078e-01
9.222245216369628906e-02
1.728658676147460938e-01
7.124161720275878906e-02
9.344196319580078125e-02
1.375122070312500000e-01
9.606933593750000000e-02
1.402955055236816406e-01
8.620643615722656250e-02
8.004474639892578125e-02
1.121330261230468750e-01
1.000583171844482422e-01
1.455397605895996094e-01
1.741824150085449219e-01
2.186443805694580078e-01
1.810185909271240234e-01
3.505706787109375000e-02
2.842571735382080078e-01
7.183837890625000000e-02
1.649982929229736328e-01
1.298086643218994141e-01
1.289434432983398438e-01
1.597766876220703125e-01
1.758172512054443359e-01
1.207127571105957031e-01
1.206614971160888672e-01
1.470134258270263672e-01
9.870934486389160156e-02
9.361553192138671875e-02
2.367818355560302734e-01
1.369895935058593750e-01
1.166262626647949219e-01
1.042180061340332031e-01
1.410932540893554688e-01
2.620723247528076172e-01
1.401834487915039062e-01
1.534442901611328125e-01
9.436631202697753906e-02
1.762120723724365234e-01
7.244157791137695312e-02
1.568129062652587891e-01
1.466760635375976562e-01
1.176381111145019531e-01
1.470839977264404297e-01
1.294319629669189453e-01
9.254860877990722656e-02
1.557796001434326172e-01
2.217769622802734375e-02
1.239426136016845703e-01
8.641982078552246094e-02
8.088731765747070312e-02
1.397790908813476562e-01
1.317057609558105469e-01
9.196233749389648438e-02
1.103458404541015625e-01
2.011325359344482422e-01
2.047634124755859375e-01
1.086816787719726562e-01
3.030276298522949219e-01
7.272434234619140625e-02
1.759054660797119141e-01
1.409416198730468750e-01
1.409919261932373047e-01
6.735205650329589844e-02
1.153893470764160156e-01
8.068037033081054688e-02
6.932115554809570312e-02
1.021602153778076172e-01
4.394793510437011719e-02
2.128357887268066406e-01
1.411366462707519531e-01
1.630425453186035156e-01
1.458191871643066406e-01
8.017015457153320312e-02
1.125574111938476562e-01
2.899482250213623047e-01
1.543257236480712891e-01
1.245439052581787109e-01
1.121695041656494141e-01
1.385972499847412109e-01
1.804141998291015625e-01
1.349890232086181641e-01
6.995344161987304688e-02
1.080904006958007812e-01
1.390244960784912109e-01
1.509950160980224609e-01
2.100710868835449219e-01
7.456946372985839844e-02
9.437823295593261719e-02
1.260247230529785156e-01
1.151344776153564453e-01
