1.699177050590515137e+01
2.046232390403747559e+01
2.161684226989746094e+01
3.611521744728088379e+01
1.633600783348083496e+01
4.092787241935729980e+01
1.660019016265869141e+01
4.085895895957946777e+01
1.643441867828369141e+01
3.344474005699157715e+01
3.276831746101379395e+01
2.463747715950012207e+01
3.217751836776733398e+01
4.090603780746459961e+01
1.826991820335388184e+01
2.092130088806152344e+01
4.091214251518249512e+01
4.087695169448852539e+01
1.637158155441284180e+01
2.359841632843017578e+01
4.097341823577880859e+01
2.088513278961181641e+01
2.169146990776062012e+01
4.091229963302612305e+01
1.637816333770751953e+01
3.218171954154968262e+01
2.304772305488586426e+01
3.141193437576293945e+01
4.092696309089660645e+01
2.046032357215881348e+01
2.685256528854370117e+01
4.093206715583801270e+01
2.044483399391174316e+01
4.090667057037353516e+01
2.042538356781005859e+01
2.604350042343139648e+01
2.967453241348266602e+01
2.454636240005493164e+01
3.072455954551696777e+01
2.806401419639587402e+01
4.091509723663330078e+01
2.045217394828796387e+01
2.673061537742614746e+01
4.092182517051696777e+01
2.111526107788085938e+01
4.090029239654541016e+01
2.910413169860839844e+01
4.091245603561401367e+01
1.653363728523254395e+01
3.110343217849731445e+01
2.524659895896911621e+01
3.356794810295104980e+01
4.091875743865966797e+01
1.935159587860107422e+01
3.519228839874267578e+01
2.089151167869567871e+01
3.430373883247375488e+01
2.335380649566650391e+01
4.090388822555541992e+01
1.873088717460632324e+01
4.096671175956726074e+01
1.907844257354736328e+01
3.304556465148925781e+01
2.254604411125183105e+01
3.244293093681335449e+01
2.204287815093994141e+01
2.272173047065734863e+01
3.044533681869506836e+01
4.090788459777832031e+01
4.084293413162231445e+01
2.037231922149658203e+01
4.090484333038330078e+01
2.551019001007080078e+01
2.881596612930297852e+01
3.502336573600769043e+01
4.086421155929565430e+01
1.657290911674499512e+01
4.090555429458618164e+01
1.643996739387512207e+01
4.088680839538574219e+01
2.042894983291625977e+01
3.449026918411254883e+01
3.401452350616455078e+01
4.087343621253967285e+01
4.091180253028869629e+01
1.645975375175476074e+01
4.090622878074645996e+01
1.636653375625610352e+01
2.702716636657714844e+01
3.077850770950317383e+01
4.093391513824462891e+01
1.633140158653259277e+01
2.103556251525878906e+01
3.406171011924743652e+01
2.286706686019897461e+01
3.335603141784667969e+01
2.192062616348266602e+01
3.277967166900634766e+01
2.353708910942077637e+01
3.192638540267944336e+01
