5.230309814214706421e-02
3.631293773651123047e-02
5.111021921038627625e-02
8.106005191802978516e-02
9.543100744485855103e-02
1.026462838053703308e-01
8.869415521621704102e-02
1.028684899210929871e-01
1.190961077809333801e-01
1.038599684834480286e-01
1.084440574049949646e-01
1.101411953568458557e-01
1.229873821139335632e-01
1.259227246046066284e-01
1.484485417604446411e-01
9.728725999593734741e-02
1.139639392495155334e-01
1.945254504680633545e-01
1.028991341590881348e-01
7.693793624639511108e-02
6.162445992231369019e-02
5.049334466457366943e-02
4.927142709493637085e-02
3.799098730087280273e-02
3.745523095130920410e-02
3.164406493306159973e-02
3.094274736940860748e-02
2.681774273514747620e-02
2.608098462224006653e-02
2.366776764392852783e-02
1.917048729956150055e-02
1.781081221997737885e-02
1.597537472844123840e-02
1.472842507064342499e-02
1.304690353572368622e-02
1.239207759499549866e-02
1.161563489586114883e-02
1.074358634650707245e-02
1.046193111687898636e-02
9.259102866053581238e-03
1.035418733954429626e-02
1.128049660474061966e-02
1.099745184183120728e-02
1.053282152861356735e-02
1.087384764105081558e-02
1.139648910611867905e-02
1.133019942790269852e-02
1.100275479257106781e-02
1.068476960062980652e-02
1.047315355390310287e-02
