7.293095111846923828e+00
7.109710454940795898e+00
1.762781643867492676e+01
8.626796960830688477e+00
1.744340276718139648e+01
7.997004032135009766e+00
3.772339701652526855e+01
7.039183855056762695e+00
2.616118836402893066e+01
1.912599301338195801e+01
2.859717059135437012e+01
1.702189230918884277e+01
1.709701323509216309e+01
7.350150585174560547e+00
9.967131376266479492e+00
1.764227533340454102e+01
8.155449151992797852e+00
1.640023422241210938e+01
1.575455260276794434e+01
8.360872268676757812e+00
3.776098513603210449e+01
7.031223058700561523e+00
3.812218666076660156e+01
6.997947692871093750e+00
1.921384215354919434e+01
2.587653350830078125e+01
3.786582851409912109e+01
7.217127561569213867e+00
3.779353928565979004e+01
7.328558444976806641e+00
2.022593641281127930e+01
2.464262866973876953e+01
2.037728929519653320e+01
2.273950481414794922e+01
2.095298790931701660e+01
3.774694776535034180e+01
1.754150724411010742e+01
1.370375251770019531e+01
3.809460067749023438e+01
9.807925462722778320e+00
3.811362433433532715e+01
7.069263935089111328e+00
1.781545448303222656e+01
2.712038207054138184e+01
1.824472928047180176e+01
2.741424036026000977e+01
1.819761538505554199e+01
2.685123324394226074e+01
1.857949495315551758e+01
2.688326644897460938e+01
