3.343868255615234375e-02
1.953792572021484375e-02
5.942106246948242188e-03
1.300573348999023438e-02
5.816936492919921875e-03
5.736827850341796875e-03
5.808353424072265625e-03
5.849361419677734375e-03
3.897953033447265625e-02
6.224370002746582031e-02
5.819082260131835938e-03
2.502870559692382812e-02
1.403069496154785156e-02
5.885124206542968750e-03
5.334138870239257812e-03
9.853601455688476562e-03
3.325533866882324219e-02
5.675077438354492188e-03
5.821704864501953125e-03
3.225088119506835938e-03
2.079224586486816406e-02
5.817413330078125000e-03
1.026988029479980469e-02
1.065063476562500000e-02
5.743026733398437500e-03
4.252648353576660156e-02
1.743388175964355469e-02
6.800198554992675781e-02
5.914449691772460938e-03
5.747795104980468750e-03
5.741357803344726562e-03
5.713462829589843750e-03
5.762815475463867188e-03
5.869626998901367188e-03
5.792379379272460938e-03
5.831241607666015625e-03
5.143713951110839844e-02
5.790948867797851562e-03
3.738403320312500000e-02
5.178928375244140625e-03
5.848884582519531250e-03
5.816936492919921875e-03
3.417539596557617188e-02
2.748942375183105469e-02
5.741357803344726562e-03
4.029512405395507812e-02
5.767822265625000000e-03
6.413125991821289062e-02
8.491516113281250000e-03
5.778551101684570312e-03
