9.601157903671264648e-02
1.029269844293594360e-01
9.890639781951904297e-02
4.181408882141113281e-02
3.859762102365493774e-02
1.646831780672073364e-01
2.928594350814819336e-01
2.458990067243576050e-01
2.224187850952148438e-01
2.605339288711547852e-01
3.099067211151123047e-01
2.491154670715332031e-01
3.809906840324401855e-01
3.673206865787506104e-01
2.788678109645843506e-01
3.218076527118682861e-01
2.865873277187347412e-01
4.761981368064880371e-01
4.059183001518249512e-01
3.697330355644226074e-01
3.695722222328186035e-01
3.230942487716674805e-01
3.045995533466339111e-01
4.744290709495544434e-01
3.579929172992706299e-01
2.886780202388763428e-01
4.240913391113281250e-01
4.739466011524200439e-01
3.224509358406066895e-01
3.908008933067321777e-01
4.934062361717224121e-01
5.186555385589599609e-01
5.191379785537719727e-01
5.244451761245727539e-01
5.228369235992431641e-01
5.201029181480407715e-01
5.127050280570983887e-01
4.228047728538513184e-01
4.753940105438232422e-01
4.974268376827239990e-01
5.024123787879943848e-01
5.017690658569335938e-01
5.014474391937255859e-01
4.988742470741271973e-01
4.953361153602600098e-01
4.946928322315216064e-01
4.930845797061920166e-01
4.869733154773712158e-01
4.834351837635040283e-01
4.803795516490936279e-01
4.790929555892944336e-01
4.786104857921600342e-01
4.718559086322784424e-01
4.705693125724792480e-01
4.694435596466064453e-01
4.660662710666656494e-01
4.617240130901336670e-01
4.601157903671264648e-01
4.559343755245208740e-01
4.562560319900512695e-01
4.525570869445800781e-01
4.506272077560424805e-01
4.485365152359008789e-01
4.493406116962432861e-01
4.469282627105712891e-01
4.446767568588256836e-01
4.451592266559600830e-01
4.453200399875640869e-01
4.419427514076232910e-01
4.445159137248992920e-01
4.395304024219512939e-01
4.409778118133544922e-01
4.387262761592864990e-01
4.385654628276824951e-01
4.387262761592864990e-01
4.366355836391448975e-01
4.369572103023529053e-01
4.347057044506072998e-01
4.353489875793457031e-01
4.342232346534729004e-01
4.347057044506072998e-01
4.345448613166809082e-01
4.318108856678009033e-01
4.332582950592041016e-01
4.339015781879425049e-01
4.348665177822113037e-01
4.339015781879425049e-01
4.332582950592041016e-01
4.348665177822113037e-01
4.340623915195465088e-01
4.330974519252777100e-01
4.329366385936737061e-01
4.332582950592041016e-01
4.310067594051361084e-01
4.311675727367401123e-01
4.330974519252777100e-01
4.322933554649353027e-01
4.322933554649353027e-01
4.308459162712097168e-01
4.322933554649353027e-01
