2.404475831985473633e+02
2.584999556541442871e+02
3.218537273406982422e+02
2.370442459583282471e+02
2.773605854511260986e+02
2.816878602504730225e+02
3.218668894767761230e+02
2.619028606414794922e+02
2.618680109977722168e+02
3.218531401157379150e+02
2.388853623867034912e+02
2.618983616828918457e+02
2.771665656566619873e+02
3.218629448413848877e+02
2.413866071701049805e+02
2.859944043159484863e+02
2.702680726051330566e+02
3.218220396041870117e+02
2.618843781948089600e+02
2.728673710823059082e+02
2.618873622417449951e+02
2.735662333965301514e+02
2.618717141151428223e+02
3.218700041770935059e+02
2.618800625801086426e+02
2.396343719959259033e+02
2.932478120326995850e+02
3.218376395702362061e+02
2.498912563323974609e+02
2.720539605617523193e+02
3.218608765602111816e+02
2.618773787021636963e+02
3.218678331375122070e+02
2.397763512134552002e+02
2.570875098705291748e+02
3.218625526428222656e+02
2.400062284469604492e+02
2.812470934391021729e+02
2.983410804271697998e+02
2.861201117038726807e+02
2.738597493171691895e+02
2.835445823669433594e+02
2.922302596569061279e+02
3.218673980236053467e+02
2.618808946609497070e+02
2.756222772598266602e+02
2.585391786098480225e+02
2.901058452129364014e+02
2.763554015159606934e+02
2.828727471828460693e+02
2.949544723033905029e+02
2.464662806987762451e+02
2.618607115745544434e+02
2.618863382339477539e+02
2.692369165420532227e+02
2.883302216529846191e+02
2.599799463748931885e+02
3.218719675540924072e+02
2.618710539340972900e+02
2.575127112865447998e+02
3.218552567958831787e+02
2.399603598117828369e+02
2.785106568336486816e+02
3.218678727149963379e+02
2.387993037700653076e+02
2.810731780529022217e+02
2.760282857418060303e+02
2.824495851993560791e+02
2.755960309505462646e+02
2.749828317165374756e+02
2.618964664936065674e+02
2.379838397502899170e+02
2.860179924964904785e+02
3.218799240589141846e+02
2.389863393306732178e+02
3.218720803260803223e+02
2.436572186946868896e+02
3.218631880283355713e+02
2.618677880764007568e+02
3.218848476409912109e+02
2.399297692775726318e+02
3.218654756546020508e+02
2.618637051582336426e+02
2.618647096157073975e+02
3.218709526062011719e+02
2.618924698829650879e+02
3.218715088367462158e+02
2.407583630084991455e+02
2.753726637363433838e+02
2.855398564338684082e+02
2.740826110839843750e+02
2.893162071704864502e+02
3.218438456058502197e+02
2.618687658309936523e+02
2.541246891021728516e+02
2.796961715221405029e+02
2.810027542114257812e+02
2.853288455009460449e+02
2.978477556705474854e+02
2.637390441894531250e+02
