1.355328917503356934e+00
1.123701691627502441e+00
1.440937280654907227e+00
1.132626652717590332e+00
1.235956788063049316e+00
1.042391657829284668e+00
1.175561904907226562e+00
1.152077317237854004e+00
1.068269610404968262e+00
8.421597480773925781e-01
7.876794338226318359e-01
7.723702192306518555e-01
6.683090329170227051e-01
6.022964119911193848e-01
6.144797205924987793e-01
5.692304372787475586e-01
5.528066754341125488e-01
5.234091281890869141e-01
5.585134029388427734e-01
5.574523806571960449e-01
5.213590860366821289e-01
5.197444558143615723e-01
5.028061270713806152e-01
4.667519629001617432e-01
4.680909514427185059e-01
4.608647823333740234e-01
4.642046988010406494e-01
4.571085572242736816e-01
4.501985013484954834e-01
4.451692998409271240e-01
4.320480227470397949e-01
4.319288432598114014e-01
4.328502118587493896e-01
4.360489547252655029e-01
4.335147440433502197e-01
4.244686067104339600e-01
4.255213141441345215e-01
4.292665123939514160e-01
4.318436086177825928e-01
4.305406510829925537e-01
4.296363294124603271e-01
4.329236149787902832e-01
4.353742003440856934e-01
4.353626668453216553e-01
4.367881119251251221e-01
4.395421445369720459e-01
4.455038905143737793e-01
4.479210972785949707e-01
4.507004618644714355e-01
4.556452035903930664e-01
