9.741086363792419434e-01
9.903791546821594238e-01
9.858517050743103027e-01
9.793435335159301758e-01
9.783531427383422852e-01
9.823146462440490723e-01
9.971703290939331055e-01
9.960384964942932129e-01
9.963214397430419922e-01
9.970288872718811035e-01
9.967458844184875488e-01
9.970288872718811035e-01
9.975947737693786621e-01
9.980192184448242188e-01
9.975947737693786621e-01
9.980192184448242188e-01
9.970288872718811035e-01
9.973118305206298828e-01
9.967458844184875488e-01
9.971703290939331055e-01
9.975947737693786621e-01
9.978777766227722168e-01
9.977362751960754395e-01
9.981607198715209961e-01
9.980192184448242188e-01
9.977362751960754395e-01
9.980192184448242188e-01
9.983022212982177734e-01
9.985851645469665527e-01
9.985851645469665527e-01
9.991511106491088867e-01
9.990096092224121094e-01
9.988681674003601074e-01
9.987266659736633301e-01
9.987266659736633301e-01
9.987266659736633301e-01
9.988681674003601074e-01
9.990096092224121094e-01
9.988681674003601074e-01
9.988681674003601074e-01
9.990096092224121094e-01
9.990096092224121094e-01
9.988681674003601074e-01
9.987266659736633301e-01
9.988681674003601074e-01
9.990096092224121094e-01
9.990096092224121094e-01
9.990096092224121094e-01
9.990096092224121094e-01
9.990096092224121094e-01
