5.372881889343261719e-02
5.335664749145507812e-02
5.394554138183593750e-02
5.379772186279296875e-02
5.346226692199707031e-02
5.427312850952148438e-02
5.373477935791015625e-02
5.273962020874023438e-02
5.358195304870605469e-02
5.367779731750488281e-02
5.408334732055664062e-02
5.339360237121582031e-02
5.427217483520507812e-02
5.699062347412109375e-02
5.303120613098144531e-02
5.179738998413085938e-02
5.349922180175781250e-02
5.278515815734863281e-02
5.292558670043945312e-02
5.291485786437988281e-02
5.310249328613281250e-02
5.331945419311523438e-02
5.307531356811523438e-02
5.355954170227050781e-02
5.364227294921875000e-02
5.276107788085937500e-02
5.248475074768066406e-02
5.328202247619628906e-02
5.327033996582031250e-02
5.323290824890136719e-02
7.604432106018066406e-02
5.418586730957031250e-02
5.307292938232421875e-02
5.351662635803222656e-02
5.412602424621582031e-02
5.306220054626464844e-02
5.367565155029296875e-02
5.338335037231445312e-02
5.368900299072265625e-02
5.506825447082519531e-02
5.540299415588378906e-02
5.261588096618652344e-02
5.329275131225585938e-02
5.334591865539550781e-02
5.377340316772460938e-02
5.326628684997558594e-02
5.364108085632324219e-02
5.314826965332031250e-02
5.326199531555175781e-02
5.322647094726562500e-02
