1.186495199799537659e-01
9.614147990942001343e-02
9.614147990942001343e-02
9.903536736965179443e-02
9.935691207647323608e-02
1.163987144827842712e-01
1.154340803623199463e-01
1.270096451044082642e-01
1.254019290208816528e-01
1.257234662771224976e-01
1.366559416055679321e-01
1.659163981676101685e-01
1.990353763103485107e-01
2.006430923938751221e-01
2.090032100677490234e-01
2.131832838058471680e-01
2.138263732194900513e-01
2.147909998893737793e-01
2.054662406444549561e-01
2.244372963905334473e-01
2.196141481399536133e-01
2.234726697206497192e-01
2.315112501382827759e-01
2.308681607246398926e-01
2.334405183792114258e-01
2.398713827133178711e-01
2.434083670377731323e-01
2.491961419582366943e-01
2.546623647212982178e-01
2.588424384593963623e-01
2.533762156963348389e-01
2.627009749412536621e-01
2.643086910247802734e-01
2.617363333702087402e-01
2.700964510440826416e-01
2.710610926151275635e-01
2.652733027935028076e-01
2.668810188770294189e-01
2.726688086986541748e-01
2.697749137878417969e-01
2.678456604480743408e-01
2.704180181026458740e-01
2.733118832111358643e-01
2.729903459548950195e-01
2.726688086986541748e-01
2.752411663532257080e-01
2.729903459548950195e-01
2.752411663532257080e-01
2.745980620384216309e-01
2.765273451805114746e-01
2.768488824367523193e-01
2.742765247821807861e-01
2.752411663532257080e-01
2.771704196929931641e-01
2.755627036094665527e-01
2.752411663532257080e-01
2.768488824367523193e-01
2.765273451805114746e-01
2.765273451805114746e-01
2.755627036094665527e-01
2.758842408657073975e-01
2.765273451805114746e-01
2.765273451805114746e-01
2.765273451805114746e-01
2.774919569492340088e-01
2.787781357765197754e-01
2.787781357765197754e-01
2.774919569492340088e-01
2.774919569492340088e-01
2.774919569492340088e-01
2.778134942054748535e-01
2.768488824367523193e-01
2.758842408657073975e-01
2.771704196929931641e-01
2.774919569492340088e-01
2.774919569492340088e-01
2.774919569492340088e-01
2.774919569492340088e-01
2.774919569492340088e-01
2.771704196929931641e-01
2.771704196929931641e-01
2.771704196929931641e-01
2.774919569492340088e-01
2.774919569492340088e-01
2.771704196929931641e-01
2.771704196929931641e-01
2.771704196929931641e-01
2.771704196929931641e-01
2.771704196929931641e-01
2.771704196929931641e-01
2.771704196929931641e-01
2.771704196929931641e-01
2.771704196929931641e-01
2.771704196929931641e-01
2.771704196929931641e-01
2.771704196929931641e-01
2.771704196929931641e-01
2.771704196929931641e-01
2.771704196929931641e-01
2.771704196929931641e-01
