2.190077304840087891e-01
2.112679481506347656e-01
1.919386386871337891e-01
1.914317607879638672e-01
3.485686779022216797e-01
2.491085529327392578e-01
2.074568271636962891e-01
2.131323814392089844e-01
1.958985328674316406e-01
2.007451057434082031e-01
1.914641857147216797e-01
1.846075057983398438e-01
2.333164215087890625e-01
2.705886363983154297e-01
1.926841735839843750e-01
1.978843212127685547e-01
2.108070850372314453e-01
2.428145408630371094e-01
2.458219528198242188e-01
2.322812080383300781e-01
2.198591232299804688e-01
3.638644218444824219e-01
2.198476791381835938e-01
1.754243373870849609e-01
2.420597076416015625e-01
3.227603435516357422e-01
1.790866851806640625e-01
3.168864250183105469e-01
2.413897514343261719e-01
1.807329654693603516e-01
1.890804767608642578e-01
2.286596298217773438e-01
3.276727199554443359e-01
2.391643524169921875e-01
2.452452182769775391e-01
2.415471076965332031e-01
1.827068328857421875e-01
2.242717742919921875e-01
3.499577045440673828e-01
1.628446578979492188e-01
2.745511531829833984e-01
2.770469188690185547e-01
2.327442169189453125e-01
2.650921344757080078e-01
2.725803852081298828e-01
2.640249729156494141e-01
2.144153118133544922e-01
2.279291152954101562e-01
2.357792854309082031e-01
2.046480178833007812e-01
1.613545417785644531e-01
2.459836006164550781e-01
2.848553657531738281e-01
2.507722377777099609e-01
2.998208999633789062e-01
2.512750625610351562e-01
2.194759845733642578e-01
2.457087039947509766e-01
2.773277759552001953e-01
2.518684864044189453e-01
2.505822181701660156e-01
2.497746944427490234e-01
1.583054065704345703e-01
3.758790493011474609e-01
2.792131900787353516e-01
2.795448303222656250e-01
3.261690139770507812e-01
2.420363426208496094e-01
2.814657688140869141e-01
2.460620403289794922e-01
2.010192871093750000e-01
2.697601318359375000e-01
3.009641170501708984e-01
2.435405254364013672e-01
2.996006011962890625e-01
2.172729969024658203e-01
2.085986137390136719e-01
1.698579788208007812e-01
2.175037860870361328e-01
2.303535938262939453e-01
2.792205810546875000e-01
2.335903644561767578e-01
1.813976764678955078e-01
2.128534317016601562e-01
2.385625839233398438e-01
2.511804103851318359e-01
2.202279567718505859e-01
2.187654972076416016e-01
1.954190731048583984e-01
1.909596920013427734e-01
2.206745147705078125e-01
2.051494121551513672e-01
1.832542419433593750e-01
2.072196006774902344e-01
2.873051166534423828e-01
2.423410415649414062e-01
2.287876605987548828e-01
2.383148670196533203e-01
2.237091064453125000e-01
2.342691421508789062e-01
