6.024086475372314453e-01
9.587893486022949219e-01
9.044735431671142578e-01
8.546791076660156250e-01
9.929220676422119141e-01
7.684741020202636719e-01
1.034330844879150391e+00
1.125094890594482422e+00
5.665793418884277344e-01
9.031560420989990234e-01
1.031024217605590820e+00
8.011784553527832031e-01
7.426414489746093750e-01
1.128550767898559570e+00
7.729191780090332031e-01
9.769165515899658203e-01
9.604609012603759766e-01
8.265812397003173828e-01
1.035344362258911133e+00
7.729063034057617188e-01
8.803086280822753906e-01
1.039982795715332031e+00
1.034731388092041016e+00
9.892823696136474609e-01
8.670172691345214844e-01
1.000780344009399414e+00
8.263990879058837891e-01
7.490546703338623047e-01
7.453052997589111328e-01
8.873138427734375000e-01
8.529996871948242188e-01
1.097828388214111328e+00
1.402024507522583008e+00
9.449403285980224609e-01
1.297312498092651367e+00
8.253965377807617188e-01
8.856754302978515625e-01
9.778976440429687500e-01
7.884924411773681641e-01
1.008850336074829102e+00
9.843750000000000000e-01
7.401893138885498047e-01
1.061321735382080078e+00
1.119696855545043945e+00
8.172638416290283203e-01
9.314978122711181641e-01
1.338507175445556641e+00
8.975379467010498047e-01
9.882700443267822266e-01
1.160043716430664062e+00
