1.747863292694091797e-01
7.387351989746093750e-02
1.173317432403564453e-01
1.316339969635009766e-01
1.216990947723388672e-01
1.329045295715332031e-01
1.554629802703857422e-01
8.601880073547363281e-02
1.236364841461181641e-01
2.625117301940917969e-01
1.030073165893554688e-01
1.102588176727294922e-01
5.290818214416503906e-02
6.902813911437988281e-02
1.273396015167236328e-01
1.718037128448486328e-01
1.170632839202880859e-01
1.585648059844970703e-01
1.088469028472900391e-01
1.944968700408935547e-01
1.040031909942626953e-01
9.139275550842285156e-02
1.022882461547851562e-01
6.369686126708984375e-02
1.606676578521728516e-01
2.610008716583251953e-01
8.241796493530273438e-02
9.928846359252929688e-02
5.488920211791992188e-02
8.729815483093261719e-02
6.907987594604492188e-02
5.045509338378906250e-02
1.216022968292236328e-01
5.713915824890136719e-02
8.009004592895507812e-02
8.154249191284179688e-02
7.348871231079101562e-02
1.340248584747314453e-01
1.485073566436767578e-01
1.257758140563964844e-01
1.780450344085693359e-01
1.544446945190429688e-01
1.543972492218017578e-01
6.177425384521484375e-02
1.035695075988769531e-01
7.133340835571289062e-02
1.477668285369873047e-01
1.251518726348876953e-01
7.288241386413574219e-02
1.197888851165771484e-01
1.280577182769775391e-01
9.034848213195800781e-02
6.691360473632812500e-02
6.168246269226074219e-02
7.011985778808593750e-02
1.465356349945068359e-01
1.023051738739013672e-01
9.580039978027343750e-02
1.443464756011962891e-01
8.791851997375488281e-02
4.847478866577148438e-02
8.228707313537597656e-02
1.015598773956298828e-01
1.147730350494384766e-01
1.064009666442871094e-01
1.349835395812988281e-01
6.658577919006347656e-02
4.603290557861328125e-02
7.892322540283203125e-02
8.644437789916992188e-02
7.171940803527832031e-02
1.967825889587402344e-01
1.209318637847900391e-01
6.684517860412597656e-02
9.271764755249023438e-02
2.023384571075439453e-01
1.061820983886718750e-01
1.089506149291992188e-01
6.361174583435058594e-02
1.211144924163818359e-01
1.611819267272949219e-01
1.824250221252441406e-01
1.100554466247558594e-01
1.729924678802490234e-01
5.116748809814453125e-02
1.118650436401367188e-01
1.083271503448486328e-01
1.281623840332031250e-01
1.068370342254638672e-01
1.283874511718750000e-01
1.018869876861572266e-01
7.484722137451171875e-02
8.088564872741699219e-02
1.857106685638427734e-01
5.594635009765625000e-02
9.911441802978515625e-02
1.063446998596191406e-01
1.114208698272705078e-01
6.583881378173828125e-02
1.228649616241455078e-01
