3.423423469066619873e-01
5.009652376174926758e-01
5.009652376174926758e-01
5.009652376174926758e-01
5.009652376174926758e-01
5.009652376174926758e-01
5.009652376174926758e-01
5.083655118942260742e-01
5.260617733001708984e-01
5.543758273124694824e-01
5.463320612907409668e-01
5.688545703887939453e-01
5.794723033905029297e-01
5.878378152847290039e-01
5.862290859222412109e-01
5.958815813064575195e-01
5.952380895614624023e-01
6.106821298599243164e-01
5.958815813064575195e-01
6.055340766906738281e-01
6.135778427124023438e-01
6.145431399345397949e-01
6.238738894462585449e-01
6.187258958816528320e-01
6.219433546066284180e-01
6.319176554679870605e-01
6.361004114151000977e-01
6.386743783950805664e-01
6.309523582458496094e-01
6.583011746406555176e-01
6.531531810760498047e-01
6.537966728210449219e-01
6.692406535148620605e-01
6.769626736640930176e-01
6.862934231758117676e-01
6.682754158973693848e-01
6.241956353187561035e-01
6.486486196517944336e-01
6.679536700248718262e-01
6.772844195365905762e-01
6.830759048461914062e-01
6.988416910171508789e-01
7.010939717292785645e-01
6.962677240371704102e-01
6.943371891975402832e-01
7.255469560623168945e-01
7.210424542427062988e-01
7.294079661369323730e-01
7.242599725723266602e-01
7.271557450294494629e-01
7.480695247650146484e-01
7.557914853096008301e-01
7.619047760963439941e-01
7.648004889488220215e-01
7.561132311820983887e-01
7.773487567901611328e-01
7.863577604293823242e-01
7.850707769393920898e-01
7.866795659065246582e-01
7.535392642021179199e-01
7.709137797355651855e-01
8.024452924728393555e-01
7.985842823982238770e-01
8.101673126220703125e-01
8.066280484199523926e-01
8.198198080062866211e-01
8.278635740280151367e-01
8.137065768241882324e-01
8.120977878570556641e-01
8.433076143264770508e-01
8.227155804634094238e-01
8.352638483047485352e-01
8.513513803482055664e-01
8.397683501243591309e-01
8.709781169891357422e-01
8.696911334991455078e-01
8.661518692970275879e-01
8.542470932006835938e-01
8.928571343421936035e-01
8.880308866500854492e-01
8.848133683204650879e-01
9.044401645660400391e-01
9.009009003639221191e-01
9.079794287681579590e-01
9.214929342269897461e-01
9.108751416206359863e-01
9.282496571540832520e-01
9.359716773033142090e-01
9.176319241523742676e-01
9.256756901741027832e-01
9.108751416206359863e-01
9.321106672286987305e-01
9.436936974525451660e-01
9.552767276763916016e-01
9.626769423484802246e-01
9.626769423484802246e-01
9.665379524230957031e-01
9.726512432098388672e-01
9.613899588584899902e-01
9.478764533996582031e-01
