1.689127302169799805e+01
2.088744497299194336e+01
4.803888297080993652e+01
8.188838744163513184e+01
1.798250460624694824e+01
8.187163805961608887e+01
1.639567089080810547e+01
8.186439776420593262e+01
1.639113569259643555e+01
5.430045843124389648e+01
4.733972287178039551e+01
4.954354524612426758e+01
8.186593246459960938e+01
1.665110731124877930e+01
5.301374268531799316e+01
4.501967573165893555e+01
4.961394572257995605e+01
4.603150892257690430e+01
4.959684658050537109e+01
5.082181930541992188e+01
8.183692169189453125e+01
1.767290592193603516e+01
5.120908331871032715e+01
8.186123514175415039e+01
1.643725252151489258e+01
4.481362819671630859e+01
5.144958233833312988e+01
3.929006314277648926e+01
8.186172747611999512e+01
4.092079687118530273e+01
4.090584230422973633e+01
2.214806914329528809e+01
8.186549377441406250e+01
1.691937375068664551e+01
4.974619197845458984e+01
5.439707946777343750e+01
4.400086140632629395e+01
5.455660486221313477e+01
4.170602416992187500e+01
5.606581187248229980e+01
4.120204973220825195e+01
4.925187587738037109e+01
4.291098093986511230e+01
5.751499915122985840e+01
3.884110069274902344e+01
2.088905644416809082e+01
4.093623542785644531e+01
1.668675160408020020e+01
2.038584136962890625e+01
3.480140089988708496e+01
4.091459488868713379e+01
1.801098537445068359e+01
4.095182752609252930e+01
1.640622210502624512e+01
2.338260102272033691e+01
3.408284878730773926e+01
2.136620903015136719e+01
3.276184511184692383e+01
5.422816705703735352e+01
4.439182949066162109e+01
5.126751184463500977e+01
8.186916708946228027e+01
1.791330313682556152e+01
4.791829085350036621e+01
4.861131691932678223e+01
8.182700920104980469e+01
1.644870138168334961e+01
5.169950699806213379e+01
4.739827466011047363e+01
4.372857379913330078e+01
8.188891196250915527e+01
2.145193719863891602e+01
4.638247728347778320e+01
5.159170722961425781e+01
4.268048524856567383e+01
8.184965562820434570e+01
1.649798035621643066e+01
8.187861537933349609e+01
1.737995910644531250e+01
4.815484476089477539e+01
4.747808909416198730e+01
8.187264752388000488e+01
1.634560823440551758e+01
8.186099767684936523e+01
2.042708444595336914e+01
1.970071816444396973e+01
3.360190582275390625e+01
4.090143108367919922e+01
1.871952438354492188e+01
2.146677947044372559e+01
4.089199376106262207e+01
1.829780960083007812e+01
3.151381015777587891e+01
2.370687580108642578e+01
3.184860897064208984e+01
2.450540399551391602e+01
3.345683002471923828e+01
2.470153594017028809e+01
3.009269571304321289e+01
2.973461174964904785e+01
