9.030177593231201172e-01
7.298591136932373047e-01
5.783634185791015625e-01
7.102851867675781250e-01
9.164927005767822266e-01
7.522878646850585938e-01
7.639842033386230469e-01
7.222723960876464844e-01
6.628217697143554688e-01
6.788108348846435547e-01
9.162044525146484375e-01
6.299276351928710938e-01
8.560438156127929688e-01
6.284408569335937500e-01
6.751635074615478516e-01
6.294012069702148438e-01
5.775139331817626953e-01
6.508142948150634766e-01
8.052003383636474609e-01
7.472047805786132812e-01
6.689090728759765625e-01
8.708434104919433594e-01
6.100327968597412109e-01
5.664963722229003906e-01
7.807409763336181641e-01
7.854955196380615234e-01
6.443235874176025391e-01
7.274789810180664062e-01
6.742630004882812500e-01
8.798093795776367188e-01
5.609593391418457031e-01
8.659679889678955078e-01
9.425737857818603516e-01
7.843327522277832031e-01
5.836701393127441406e-01
8.061151504516601562e-01
6.992208957672119141e-01
8.038482666015625000e-01
7.144074440002441406e-01
7.169604301452636719e-01
8.308327198028564453e-01
7.547886371612548828e-01
7.886216640472412109e-01
9.052050113677978516e-01
6.581053733825683594e-01
7.606458663940429688e-01
7.774093151092529297e-01
6.299788951873779297e-01
8.204751014709472656e-01
8.764240741729736328e-01
