1.689665341377258301e+01
1.690117907524108887e+01
1.689937162399291992e+01
1.697730422019958496e+01
1.700093173980712891e+01
1.697265887260437012e+01
1.693810963630676270e+01
1.696636295318603516e+01
2.033165097236633301e+01
1.691858506202697754e+01
1.694536089897155762e+01
1.690831708908081055e+01
1.694057917594909668e+01
1.687590956687927246e+01
2.029023957252502441e+01
2.018715143203735352e+01
1.695062661170959473e+01
1.695808434486389160e+01
1.689441561698913574e+01
2.045966410636901855e+01
2.045914673805236816e+01
1.689466285705566406e+01
1.692498183250427246e+01
2.028763222694396973e+01
1.694875741004943848e+01
2.019481587409973145e+01
1.687567567825317383e+01
1.686833858489990234e+01
1.687486052513122559e+01
2.046005320549011230e+01
2.001343011856079102e+01
1.680874133110046387e+01
1.686395072937011719e+01
2.030053734779357910e+01
1.687772631645202637e+01
1.689164328575134277e+01
1.696372222900390625e+01
1.703593897819519043e+01
1.697946977615356445e+01
1.697899365425109863e+01
1.683878493309020996e+01
1.689713287353515625e+01
2.015761137008666992e+01
1.699230790138244629e+01
2.036048007011413574e+01
1.687165069580078125e+01
1.685704159736633301e+01
1.682929539680480957e+01
1.680712771415710449e+01
1.681233024597167969e+01
