2.096267223358154297e+00
1.622856736183166504e+00
1.517446160316467285e+00
1.487597227096557617e+00
1.391922235488891602e+00
1.317030906677246094e+00
1.276670694351196289e+00
1.253510594367980957e+00
1.233869552612304688e+00
1.195650696754455566e+00
1.148458242416381836e+00
1.142440438270568848e+00
1.095888257026672363e+00
1.056421875953674316e+00
1.049104571342468262e+00
1.024037361145019531e+00
1.013557791709899902e+00
9.761967062950134277e-01
9.693425893783569336e-01
9.846849441528320312e-01
9.458845853805541992e-01
9.298922419548034668e-01
9.312673807144165039e-01
9.146915078163146973e-01
8.987787961959838867e-01
8.917463421821594238e-01
8.764969110488891602e-01
8.702596426010131836e-01
8.458489775657653809e-01
8.399384617805480957e-01
8.777609467506408691e-01
8.129022717475891113e-01
8.087589144706726074e-01
8.003711700439453125e-01
7.857511639595031738e-01
7.845079898834228516e-01
7.535427212715148926e-01
7.549933195114135742e-01
7.248540520668029785e-01
7.218656539916992188e-01
7.193904519081115723e-01
7.185479998588562012e-01
7.013469934463500977e-01
6.800822019577026367e-01
6.825293302536010742e-01
6.901198029518127441e-01
6.390491724014282227e-01
6.376948356628417969e-01
6.018320918083190918e-01
5.923562049865722656e-01
1.605130910873413086e+00
1.892792224884033203e+00
1.508682250976562500e+00
1.306489825248718262e+00
1.154851436614990234e+00
1.060409903526306152e+00
9.907960295677185059e-01
9.497251510620117188e-01
9.157271385192871094e-01
8.832935690879821777e-01
8.399024605751037598e-01
8.215169310569763184e-01
7.863084673881530762e-01
7.601994276046752930e-01
7.920602560043334961e-01
7.248229980468750000e-01
6.895450949668884277e-01
6.416622996330261230e-01
6.442157626152038574e-01
6.394016742706298828e-01
5.969037413597106934e-01
1.204076528549194336e+00
1.682801842689514160e+00
1.646723866462707520e+00
1.953117251396179199e+00
1.690784454345703125e+00
1.659986376762390137e+00
1.651039719581604004e+00
1.643150925636291504e+00
1.642115473747253418e+00
1.638499259948730469e+00
1.640810847282409668e+00
1.639368414878845215e+00
1.639255642890930176e+00
1.638032674789428711e+00
1.640805721282958984e+00
1.638180732727050781e+00
1.640673041343688965e+00
1.638160705566406250e+00
1.638887882232666016e+00
1.639166116714477539e+00
1.637957692146301270e+00
1.639497518539428711e+00
1.638398766517639160e+00
1.640036344528198242e+00
1.637960076332092285e+00
1.638211131095886230e+00
1.639377355575561523e+00
1.639694333076477051e+00
1.638827085494995117e+00
