1.112199187278747559e+01
2.030945706367492676e+01
3.156983447074890137e+01
2.056009078025817871e+01
2.180867767333984375e+01
2.012265205383300781e+01
1.216614460945129395e+01
2.045919823646545410e+01
1.212203478813171387e+01
1.838489055633544922e+01
2.096832537651062012e+01
4.093873238563537598e+01
1.086287641525268555e+01
1.226357316970825195e+01
2.005006790161132812e+01
1.115531611442565918e+01
1.918912696838378906e+01
1.218489050865173340e+01
2.000242662429809570e+01
1.129470372200012207e+01
2.020908951759338379e+01
1.154607105255126953e+01
2.077210044860839844e+01
3.135224676132202148e+01
2.043902707099914551e+01
3.117229652404785156e+01
1.264401507377624512e+01
1.906948852539062500e+01
1.303026366233825684e+01
1.210369896888732910e+01
1.939255881309509277e+01
1.244227218627929688e+01
1.850854682922363281e+01
1.488975501060485840e+01
2.045897722244262695e+01
1.127427911758422852e+01
1.613559532165527344e+01
1.584143829345703125e+01
2.035562753677368164e+01
1.105907464027404785e+01
1.210751771926879883e+01
1.235236573219299316e+01
1.100759959220886230e+01
2.041448402404785156e+01
3.155844783782958984e+01
2.043574905395507812e+01
1.281812000274658203e+01
1.926299262046813965e+01
1.229896974563598633e+01
1.221919918060302734e+01
