3.640692970752716064e+02
3.817672853469848633e+02
3.818651602268218994e+02
4.082790021896362305e+02
4.418576824665069580e+02
3.804027867317199707e+02
4.418597433567047119e+02
3.818553645610809326e+02
4.418526906967163086e+02
3.818480894565582275e+02
3.919944024085998535e+02
4.159665901660919189e+02
4.418358983993530273e+02
3.721268463134765625e+02
4.418545396327972412e+02
3.757418012619018555e+02
4.418627917766571045e+02
3.643854866027832031e+02
3.939632675647735596e+02
3.990792288780212402e+02
4.418566997051239014e+02
3.818805024623870850e+02
4.418179399967193604e+02
3.818572664260864258e+02
4.418390066623687744e+02
3.818974053859710693e+02
3.882793571949005127e+02
4.418218567371368408e+02
3.692193605899810791e+02
4.418760089874267578e+02
3.792330384254455566e+02
4.418584909439086914e+02
3.818597223758697510e+02
3.730696768760681152e+02
4.259271507263183594e+02
4.418443894386291504e+02
3.818360188007354736e+02
3.818393270969390869e+02
4.418295409679412842e+02
3.818453190326690674e+02
4.418565170764923096e+02
3.818614578247070312e+02
3.954439032077789307e+02
4.099631829261779785e+02
4.418584134578704834e+02
3.719706389904022217e+02
3.971935040950775146e+02
4.418491199016571045e+02
3.818652679920196533e+02
4.418247177600860596e+02
4.418146486282348633e+02
3.644668219089508057e+02
4.145832757949829102e+02
4.418494303226470947e+02
4.418433771133422852e+02
3.682621083259582520e+02
4.417763469219207764e+02
3.842047402858734131e+02
4.417986104488372803e+02
4.417967875003814697e+02
3.626343653202056885e+02
4.040702371597290039e+02
3.969138886928558350e+02
4.015284690856933594e+02
4.096078083515167236e+02
4.418243749141693115e+02
3.629104077816009521e+02
3.813663198947906494e+02
4.079241809844970703e+02
3.969234354496002197e+02
3.960641961097717285e+02
3.944279372692108154e+02
4.119866912364959717e+02
4.418687818050384521e+02
3.818503580093383789e+02
3.658796420097351074e+02
4.045630478858947754e+02
4.418695232868194580e+02
3.818712031841278076e+02
4.418250072002410889e+02
3.737159507274627686e+02
3.919064691066741943e+02
4.418638367652893066e+02
3.714315123558044434e+02
3.935086336135864258e+02
4.418458106517791748e+02
3.740933260917663574e+02
4.418478093147277832e+02
3.818763382434844971e+02
3.929589748382568359e+02
4.418462839126586914e+02
3.818732907772064209e+02
3.980134105682373047e+02
3.899019227027893066e+02
4.110632002353668213e+02
4.039197707176208496e+02
4.419291458129882812e+02
3.761442577838897705e+02
4.087128076553344727e+02
3.931460776329040527e+02
