3.629047098159790039e+02
3.818988401889801025e+02
3.818409140110015869e+02
4.418144958019256592e+02
3.734480512142181396e+02
4.418593573570251465e+02
3.810400724411010742e+02
4.418665139675140381e+02
3.818743200302124023e+02
4.116242196559906006e+02
4.418478326797485352e+02
3.818348913192749023e+02
4.418651192188262939e+02
3.757540433406829834e+02
4.418458938598632812e+02
3.619680361747741699e+02
4.418440361022949219e+02
3.622698640823364258e+02
4.418498129844665527e+02
3.672868490219116211e+02
4.011872692108154297e+02
4.418698136806488037e+02
3.818628823757171631e+02
4.418792197704315186e+02
3.818706912994384766e+02
4.418503375053405762e+02
3.637597150802612305e+02
4.418964869976043701e+02
3.818080286979675293e+02
4.419062049388885498e+02
3.818557918071746826e+02
4.418621850013732910e+02
3.818900938034057617e+02
3.683041355609893799e+02
4.195809206962585449e+02
4.418630268573760986e+02
3.818599328994750977e+02
3.819230124950408936e+02
4.418248381614685059e+02
3.818358368873596191e+02
4.418378860950469971e+02
3.818618788719177246e+02
4.418296687602996826e+02
3.818219573497772217e+02
4.418608267307281494e+02
3.818957459926605225e+02
3.885747790336608887e+02
4.024713380336761475e+02
4.417808187007904053e+02
4.418353331089019775e+02
3.627064983844757080e+02
4.418619334697723389e+02
3.781931402683258057e+02
4.170819222927093506e+02
4.418577868938446045e+02
4.418624238967895508e+02
3.819052228927612305e+02
3.960468974113464355e+02
4.212763764858245850e+02
4.418647744655609131e+02
3.801114420890808105e+02
4.419039850234985352e+02
3.818652553558349609e+02
4.418801012039184570e+02
3.818655395507812500e+02
4.418601939678192139e+02
3.625022194385528564e+02
3.911565363407135010e+02
4.418321068286895752e+02
3.818717095851898193e+02
3.982157390117645264e+02
4.047836692333221436e+02
4.096372208595275879e+02
3.937552199363708496e+02
4.418547723293304443e+02
3.752912278175354004e+02
4.418463757038116455e+02
3.818319964408874512e+02
4.073857274055480957e+02
4.418686652183532715e+02
3.625718741416931152e+02
4.418458738327026367e+02
3.818651757240295410e+02
3.879404578208923340e+02
4.418837802410125732e+02
3.818642642498016357e+02
4.418314349651336670e+02
3.642700674533843994e+02
4.418522498607635498e+02
3.818480350971221924e+02
4.418442509174346924e+02
3.818414685726165771e+02
4.418269183635711670e+02
3.818876686096191406e+02
4.418639671802520752e+02
3.818845672607421875e+02
4.418532073497772217e+02
3.626993436813354492e+02
4.418633768558502197e+02
3.818713834285736084e+02
