8.825063228607177734e+00
8.802023649215698242e+00
1.423222231864929199e+01
8.821881532669067383e+00
8.817284822463989258e+00
8.850909471511840820e+00
8.831758975982666016e+00
8.834026575088500977e+00
8.821911811828613281e+00
8.816077947616577148e+00
8.770082712173461914e+00
8.782407045364379883e+00
8.753904819488525391e+00
8.777236461639404297e+00
8.852019309997558594e+00
8.795204162597656250e+00
8.768898487091064453e+00
8.778014659881591797e+00
8.789068698883056641e+00
8.799606323242187500e+00
8.793849706649780273e+00
8.775997638702392578e+00
8.743316411972045898e+00
8.731515645980834961e+00
8.840926408767700195e+00
8.846876144409179688e+00
8.834048509597778320e+00
8.813572645187377930e+00
8.816686153411865234e+00
8.834012985229492188e+00
8.817948818206787109e+00
8.839841842651367188e+00
8.849323272705078125e+00
1.522777438163757324e+01
8.815515041351318359e+00
8.862676143646240234e+00
8.823899269104003906e+00
8.835612773895263672e+00
8.787660598754882812e+00
8.853297710418701172e+00
8.830192089080810547e+00
8.834632396697998047e+00
8.832220554351806641e+00
8.832505464553833008e+00
8.831676721572875977e+00
8.837131977081298828e+00
8.785125732421875000e+00
8.826003313064575195e+00
8.875029563903808594e+00
8.864159822463989258e+00
