5.722594261169433594e-02
5.682969093322753906e-02
5.684232711791992188e-02
5.710673332214355469e-02
5.645608901977539062e-02
5.654048919677734375e-02
5.661249160766601562e-02
5.651211738586425781e-02
5.669784545898437500e-02
5.665016174316406250e-02
5.678105354309082031e-02
5.673122406005859375e-02
5.641674995422363281e-02
5.653786659240722656e-02
5.671072006225585938e-02
5.656337738037109375e-02
5.669569969177246094e-02
5.694937705993652344e-02
5.703926086425781250e-02
5.689764022827148438e-02
5.660223960876464844e-02
5.679440498352050781e-02
5.705165863037109375e-02
5.691456794738769531e-02
5.679345130920410156e-02
5.699443817138671875e-02
5.704569816589355469e-02
5.755710601806640625e-02
5.750536918640136719e-02
5.671381950378417969e-02
5.729246139526367188e-02
5.699491500854492188e-02
5.659341812133789062e-02
5.684232711791992188e-02
5.725264549255371094e-02
5.663466453552246094e-02
5.720233917236328125e-02
5.752015113830566406e-02
5.704712867736816406e-02
5.725550651550292969e-02
5.715441703796386719e-02
5.726933479309082031e-02
5.749750137329101562e-02
5.697965621948242188e-02
5.733656883239746094e-02
5.720281600952148438e-02
5.699610710144042969e-02
5.664992332458496094e-02
5.699992179870605469e-02
5.698037147521972656e-02
