1.740491676330566406e+01
2.058328652381896973e+01
3.842847466468811035e+01
2.166149044036865234e+01
4.093929243087768555e+01
1.823135542869567871e+01
3.649743175506591797e+01
2.183277130126953125e+01
3.575588607788085938e+01
2.326608085632324219e+01
3.511750125885009766e+01
2.385540461540222168e+01
3.463301110267639160e+01
2.340251731872558594e+01
3.550262022018432617e+01
4.093958735466003418e+01
2.046784853935241699e+01
4.093911862373352051e+01
1.709526705741882324e+01
2.165609312057495117e+01
1.726648592948913574e+01
2.096161723136901855e+01
3.721563196182250977e+01
2.180911397933959961e+01
3.659469437599182129e+01
2.203045701980590820e+01
4.094024109840393066e+01
2.045958089828491211e+01
3.511342549324035645e+01
1.837719583511352539e+01
1.929874587059020996e+01
1.850973010063171387e+01
2.041994714736938477e+01
1.872164154052734375e+01
1.982850980758666992e+01
1.872175168991088867e+01
1.850807666778564453e+01
1.840801858901977539e+01
2.083982276916503906e+01
3.752990055084228516e+01
2.152891898155212402e+01
3.693216347694396973e+01
4.093944597244262695e+01
1.897803521156311035e+01
1.982917022705078125e+01
1.765149617195129395e+01
2.045913386344909668e+01
2.181172204017639160e+01
3.622619462013244629e+01
2.115006089210510254e+01
