9.743199944496154785e-01
9.799087643623352051e-01
9.752042889595031738e-01
9.944819808006286621e-01
9.957199692726135254e-01
9.950832724571228027e-01
9.964981675148010254e-01
9.967811703681945801e-01
9.958968758583068848e-01
9.968519210815429688e-01
9.905910491943359375e-01
9.827384948730468750e-01
9.889639616012573242e-01
9.848961830139160156e-01
9.912631511688232422e-01
9.937391877174377441e-01
9.944466352462768555e-01
9.935622811317443848e-01
9.947295784950256348e-01
9.945527315139770508e-01
9.900958538055419922e-01
9.932793378829956055e-01
9.951894283294677734e-01
9.950832724571228027e-01
9.949064254760742188e-01
9.954016208648681641e-01
9.959676265716552734e-01
9.959676265716552734e-01
9.959676265716552734e-01
9.963566660881042480e-01
9.964274168014526367e-01
9.966043233871459961e-01
9.967457652091979980e-01
9.964274168014526367e-01
9.963566660881042480e-01
9.965689182281494141e-01
9.968519210815429688e-01
9.967457652091979980e-01
9.966396689414978027e-01
9.967457652091979980e-01
9.968519210815429688e-01
9.969933629035949707e-01
9.970995187759399414e-01
9.971348643302917480e-01
9.970995187759399414e-01
9.971702694892883301e-01
9.971702694892883301e-01
9.973824620246887207e-01
9.974532127380371094e-01
9.973471164703369141e-01
