2.046425271034240723e+01
1.654453420639038086e+01
1.862584018707275391e+01
1.666090559959411621e+01
1.887573218345642090e+01
2.037609815597534180e+01
1.654160499572753906e+01
1.710573053359985352e+01
1.667772388458251953e+01
1.805251121520996094e+01
2.039650845527648926e+01
1.801833510398864746e+01
1.814299082756042480e+01
1.895490741729736328e+01
1.719333219528198242e+01
1.824113917350769043e+01
1.836364769935607910e+01
1.665235495567321777e+01
1.891202330589294434e+01
1.839696168899536133e+01
1.823024821281433105e+01
2.039445757865905762e+01
1.657938957214355469e+01
2.039549660682678223e+01
1.794251060485839844e+01
1.847857141494750977e+01
1.889934992790222168e+01
1.659487247467041016e+01
1.683414626121520996e+01
1.837356734275817871e+01
2.038341856002807617e+01
1.789983177185058594e+01
1.647610569000244141e+01
1.704617810249328613e+01
1.666612100601196289e+01
1.909745311737060547e+01
3.511850738525390625e+01
1.825981450080871582e+01
1.835522007942199707e+01
1.843235683441162109e+01
1.658185553550720215e+01
2.039148354530334473e+01
2.040142369270324707e+01
1.810016536712646484e+01
1.818240094184875488e+01
1.840542721748352051e+01
1.919128751754760742e+01
1.662058901786804199e+01
1.874305200576782227e+01
1.660596680641174316e+01
1.927596139907836914e+01
1.834795737266540527e+01
1.668877196311950684e+01
1.661005425453186035e+01
1.662241554260253906e+01
1.903378057479858398e+01
1.836936759948730469e+01
1.849409031867980957e+01
1.820801234245300293e+01
1.839113402366638184e+01
1.907886648178100586e+01
1.850773835182189941e+01
1.724177670478820801e+01
1.659685015678405762e+01
2.039084815979003906e+01
1.663521599769592285e+01
1.827899217605590820e+01
1.673216843605041504e+01
1.663346171379089355e+01
1.902180552482604980e+01
1.663169384002685547e+01
1.659355115890502930e+01
1.660398197174072266e+01
1.851990604400634766e+01
1.936123561859130859e+01
1.856500053405761719e+01
1.841858601570129395e+01
2.039445972442626953e+01
1.653811264038085938e+01
1.839390945434570312e+01
1.659452795982360840e+01
1.672731900215148926e+01
1.904665803909301758e+01
1.850925588607788086e+01
1.858820939064025879e+01
1.835983157157897949e+01
1.653512740135192871e+01
1.660993242263793945e+01
1.941545510292053223e+01
2.038765168190002441e+01
1.660867834091186523e+01
1.662565636634826660e+01
1.907429909706115723e+01
1.778897690773010254e+01
1.805790948867797852e+01
1.667287683486938477e+01
1.670597052574157715e+01
1.711815834045410156e+01
2.040212702751159668e+01
1.676289820671081543e+01
