5.273812294006347656e+00
5.063130140304565430e+00
4.869977235794067383e+00
5.221335649490356445e+00
4.908768177032470703e+00
7.755934000015258789e+00
4.993230342864990234e+00
5.838682174682617188e+00
4.825821161270141602e+00
4.780086517333984375e+00
1.472785496711730957e+01
5.271940469741821289e+00
4.957312583923339844e+00
4.940925836563110352e+00
2.226963758468627930e+01
4.966370105743408203e+00
5.079734325408935547e+00
4.951414346694946289e+00
4.853526353836059570e+00
4.914778470993041992e+00
5.220088481903076172e+00
4.985784530639648438e+00
5.125804901123046875e+00
5.105354547500610352e+00
5.405344247817993164e+00
4.919778585433959961e+00
4.893262624740600586e+00
4.995973825454711914e+00
5.065461874008178711e+00
4.898948431015014648e+00
4.934925317764282227e+00
6.460983991622924805e+00
4.912740468978881836e+00
5.181233882904052734e+00
1.163665771484375000e+01
5.046457767486572266e+00
4.978606700897216797e+00
5.059875011444091797e+00
4.830128669738769531e+00
5.122211933135986328e+00
5.152048587799072266e+00
4.977660655975341797e+00
1.716110801696777344e+01
5.007479667663574219e+00
4.985872030258178711e+00
4.765491008758544922e+00
1.083234190940856934e+01
5.051831007003784180e+00
5.221894025802612305e+00
6.927917718887329102e+00
