2.363176631927490234e+01
2.366521263122558594e+01
2.365221834182739258e+01
2.367803549766540527e+01
2.371445870399475098e+01
2.374508786201477051e+01
2.378756976127624512e+01
2.371996498107910156e+01
2.375251960754394531e+01
2.371340680122375488e+01
2.372166085243225098e+01
2.374862980842590332e+01
2.370366978645324707e+01
2.370040225982666016e+01
2.369066810607910156e+01
2.363916110992431641e+01
2.364679026603698730e+01
2.365530228614807129e+01
2.371766734123229980e+01
2.364177370071411133e+01
2.375759315490722656e+01
2.365853762626647949e+01
2.368174242973327637e+01
2.367627477645874023e+01
2.366158485412597656e+01
2.365421271324157715e+01
2.371204972267150879e+01
2.367365264892578125e+01
2.374205255508422852e+01
2.367207980155944824e+01
2.365061998367309570e+01
2.368756270408630371e+01
2.374207568168640137e+01
2.365544509887695312e+01
2.371765589714050293e+01
2.365832734107971191e+01
2.363695168495178223e+01
2.369817352294921875e+01
2.365367603302001953e+01
2.363925552368164062e+01
2.356378722190856934e+01
2.360837602615356445e+01
2.361612057685852051e+01
2.358515930175781250e+01
2.355306768417358398e+01
2.349686670303344727e+01
2.338129401206970215e+01
2.332336926460266113e+01
2.331328678131103516e+01
2.333491587638854980e+01
