6.241083145141601562e-03
6.272792816162109375e-03
7.137680053710937500e-02
6.675958633422851562e-03
2.020311355590820312e-02
6.252050399780273438e-03
6.249189376831054688e-03
6.083011627197265625e-03
6.173849105834960938e-03
3.407430648803710938e-02
1.880645751953125000e-02
6.295680999755859375e-03
6.259918212890625000e-03
6.133079528808593750e-03
7.167911529541015625e-02
8.528709411621093750e-03
6.071090698242187500e-03
6.105661392211914062e-03
5.972146987915039062e-03
6.430387496948242188e-03
6.258964538574218750e-03
5.456447601318359375e-03
6.183624267578125000e-03
6.145954132080078125e-03
6.298303604125976562e-03
1.866364479064941406e-02
2.473139762878417969e-02
6.176710128784179688e-03
6.279468536376953125e-03
6.155490875244140625e-03
6.195068359375000000e-03
9.551119804382324219e-02
4.701375961303710938e-02
3.252172470092773438e-02
6.025791168212890625e-03
7.484555244445800781e-02
6.150960922241210938e-03
6.136655807495117188e-03
6.163358688354492188e-03
5.802536010742187500e-02
1.633310317993164062e-02
7.435321807861328125e-03
6.232261657714843750e-03
6.141185760498046875e-03
5.406594276428222656e-02
6.162405014038085938e-03
4.698109626770019531e-02
4.619932174682617188e-02
1.097178459167480469e-02
8.058428764343261719e-02
