1.661131381988525391e-01
2.167351245880126953e-01
1.704502105712890625e-01
2.032406330108642578e-01
1.766667366027832031e-01
1.877214908599853516e-01
1.785194873809814453e-01
1.049077510833740234e-01
1.554136276245117188e-01
1.905884742736816406e-01
2.131323814392089844e-01
2.037494182586669922e-01
8.494639396667480469e-02
2.292716503143310547e-01
1.704251766204833984e-01
1.140537261962890625e-01
2.052297592163085938e-01
1.124305725097656250e-01
1.376268863677978516e-01
1.459543704986572266e-01
1.286177635192871094e-01
7.759976387023925781e-02
1.355645656585693359e-01
1.277370452880859375e-01
8.470201492309570312e-02
2.125568389892578125e-01
2.152736186981201172e-01
1.551766395568847656e-01
1.741487979888916016e-01
7.328271865844726562e-02
1.801850795745849609e-01
2.206475734710693359e-01
1.017668247222900391e-01
9.578752517700195312e-02
1.026644706726074219e-01
7.263278961181640625e-02
1.664884090423583984e-01
7.644605636596679688e-02
1.068043708801269531e-01
2.003357410430908203e-01
1.879801750183105469e-01
8.811688423156738281e-02
1.563494205474853516e-01
7.865786552429199219e-02
1.593878269195556641e-01
1.645922660827636719e-01
9.644365310668945312e-02
1.122527122497558594e-01
1.957721710205078125e-01
1.448197364807128906e-01
1.521086692810058594e-01
8.977413177490234375e-02
1.710755825042724609e-01
1.338138580322265625e-01
8.896589279174804688e-02
2.041437625885009766e-01
1.488659381866455078e-01
1.048452854156494141e-01
1.026561260223388672e-01
1.508049964904785156e-01
1.100263595581054688e-01
1.345815658569335938e-01
1.719372272491455078e-01
1.067147254943847656e-01
1.199080944061279297e-01
1.016433238983154297e-01
1.611001491546630859e-01
1.176350116729736328e-01
1.704545021057128906e-01
1.781809329986572266e-01
1.414198875427246094e-01
1.942989826202392578e-01
1.333999633789062500e-01
1.993200778961181641e-01
1.532535552978515625e-01
1.768541336059570312e-01
1.063494682312011719e-01
1.193382740020751953e-01
1.693184375762939453e-01
1.752192974090576172e-01
1.037795543670654297e-01
3.511881828308105469e-02
2.117943763732910156e-01
1.172208786010742188e-01
1.781697273254394531e-01
6.582260131835937500e-02
1.214208602905273438e-01
1.646292209625244141e-01
1.359105110168457031e-01
1.139240264892578125e-01
1.252031326293945312e-01
7.268047332763671875e-02
1.347157955169677734e-01
6.801462173461914062e-02
1.872131824493408203e-01
1.641414165496826172e-01
6.285548210144042969e-02
1.724758148193359375e-01
2.528517246246337891e-01
1.079165935516357422e-01
