2.299112081527709961e+00
2.087370872497558594e+00
1.822811484336853027e+00
1.772531867027282715e+00
1.765405297279357910e+00
1.775884509086608887e+00
1.762669563293457031e+00
1.761819839477539062e+00
1.761137485504150391e+00
1.760830879211425781e+00
1.763410449028015137e+00
1.760483026504516602e+00
1.760629892349243164e+00
1.759476304054260254e+00
1.759851694107055664e+00
1.760007739067077637e+00
1.763060688972473145e+00
1.750749349594116211e+00
1.742821216583251953e+00
1.717449545860290527e+00
1.635505795478820801e+00
1.573830962181091309e+00
1.520424723625183105e+00
1.477493047714233398e+00
1.414151787757873535e+00
1.404795169830322266e+00
1.345124125480651855e+00
1.322854757308959961e+00
1.289008259773254395e+00
1.265906214714050293e+00
1.294063925743103027e+00
1.236379146575927734e+00
1.283569216728210449e+00
1.238617897033691406e+00
1.191751360893249512e+00
1.191096425056457520e+00
1.186507582664489746e+00
1.180723071098327637e+00
1.187003254890441895e+00
1.144820809364318848e+00
1.152296304702758789e+00
1.160345911979675293e+00
1.126032471656799316e+00
1.136604905128479004e+00
1.116328477859497070e+00
1.111628532409667969e+00
1.140544533729553223e+00
1.106538891792297363e+00
1.099662899971008301e+00
1.087235808372497559e+00
1.068543672561645508e+00
1.106025338172912598e+00
1.076650619506835938e+00
1.046432852745056152e+00
1.042839050292968750e+00
1.046948194503784180e+00
1.012687563896179199e+00
1.022105574607849121e+00
1.040809392929077148e+00
9.941805601119995117e-01
9.915506839752197266e-01
1.006288170814514160e+00
1.025246143341064453e+00
9.829609394073486328e-01
1.000603795051574707e+00
9.460895657539367676e-01
9.625119566917419434e-01
9.588435292243957520e-01
9.305751919746398926e-01
9.061807394027709961e-01
9.355289936065673828e-01
9.052993655204772949e-01
9.094442129135131836e-01
8.938095569610595703e-01
8.833773732185363770e-01
8.649147748947143555e-01
8.608790040016174316e-01
8.372907638549804688e-01
8.261693120002746582e-01
8.123238682746887207e-01
8.017122149467468262e-01
8.314707279205322266e-01
7.966302037239074707e-01
7.864926457405090332e-01
7.777310013771057129e-01
7.773702144622802734e-01
7.591772675514221191e-01
8.029913306236267090e-01
7.773844003677368164e-01
7.370499372482299805e-01
7.344732284545898438e-01
7.251653075218200684e-01
7.532202005386352539e-01
7.187314629554748535e-01
7.357370257377624512e-01
7.652472257614135742e-01
7.047273516654968262e-01
7.227506041526794434e-01
6.692291498184204102e-01
6.613518595695495605e-01
