1.110234498977661133e+00
1.815829992294311523e+00
1.727565765380859375e+00
1.641975164413452148e+00
1.417319536209106445e+00
1.410458564758300781e+00
1.604130744934082031e+00
2.212446451187133789e+00
1.599853515625000000e+00
1.191225767135620117e+00
1.475992679595947266e+00
1.435759544372558594e+00
1.507252693176269531e+00
1.518088579177856445e+00
1.423377513885498047e+00
1.834969043731689453e+00
1.554392337799072266e+00
1.658806562423706055e+00
1.610845088958740234e+00
1.875523328781127930e+00
1.431437492370605469e+00
1.577056407928466797e+00
1.519773483276367188e+00
1.383542537689208984e+00
1.825851678848266602e+00
1.800058603286743164e+00
1.294957637786865234e+00
1.354262113571166992e+00
1.423655748367309570e+00
1.629907369613647461e+00
1.727274417877197266e+00
1.163155078887939453e+00
1.482562541961669922e+00
1.572337150573730469e+00
1.667878866195678711e+00
1.362528800964355469e+00
1.606333732604980469e+00
1.491873025894165039e+00
1.558311223983764648e+00
2.062499761581420898e+00
1.821294307708740234e+00
1.422284364700317383e+00
1.560812473297119141e+00
1.396135568618774414e+00
1.550206661224365234e+00
1.513914346694946289e+00
1.280040740966796875e+00
1.444303750991821289e+00
1.382927417755126953e+00
1.299858331680297852e+00
