1.558483314514160156e+01
1.523981690406799316e+01
1.551173830032348633e+01
1.560819435119628906e+01
2.893887925148010254e+01
1.584961295127868652e+01
1.574948859214782715e+01
1.533189177513122559e+01
2.398306751251220703e+01
1.518471193313598633e+01
1.552743554115295410e+01
1.536236357688903809e+01
1.527991914749145508e+01
1.504957914352416992e+01
1.517720079421997070e+01
2.857910728454589844e+01
1.535970854759216309e+01
1.500066256523132324e+01
1.529177665710449219e+01
2.938036799430847168e+01
1.562533617019653320e+01
3.004051923751831055e+01
3.440448141098022461e+01
1.547122788429260254e+01
1.556665873527526855e+01
1.531748676300048828e+01
3.235221076011657715e+01
1.543416261672973633e+01
1.546134543418884277e+01
1.572118282318115234e+01
2.996378207206726074e+01
1.911383080482482910e+01
1.527723979949951172e+01
1.513864803314208984e+01
2.908906364440917969e+01
1.562608003616333008e+01
1.541532254219055176e+01
1.516792702674865723e+01
1.569447851181030273e+01
1.540078735351562500e+01
1.500195097923278809e+01
1.503881263732910156e+01
1.530366969108581543e+01
1.537434649467468262e+01
1.524356436729431152e+01
1.565101909637451172e+01
1.520742893218994141e+01
1.501305437088012695e+01
1.537873053550720215e+01
1.555856823921203613e+01
1.511168360710144043e+01
2.291881513595581055e+01
1.540332055091857910e+01
2.321889853477478027e+01
1.564155721664428711e+01
1.539460897445678711e+01
1.566519880294799805e+01
1.532735681533813477e+01
2.696044898033142090e+01
1.520476174354553223e+01
1.560104250907897949e+01
1.566967225074768066e+01
1.528503751754760742e+01
1.528619480133056641e+01
1.505136895179748535e+01
1.547278857231140137e+01
2.525549817085266113e+01
1.538740181922912598e+01
1.550296401977539062e+01
3.025361561775207520e+01
1.768093752861022949e+01
1.524976849555969238e+01
1.557026934623718262e+01
1.523449754714965820e+01
1.537639284133911133e+01
1.563693308830261230e+01
2.818548870086669922e+01
1.840361833572387695e+01
1.551858448982238770e+01
1.535113024711608887e+01
1.504077458381652832e+01
1.546545600891113281e+01
1.543122959136962891e+01
1.581180739402770996e+01
1.513177084922790527e+01
1.554298067092895508e+01
1.533418345451354980e+01
1.557270932197570801e+01
1.544207358360290527e+01
1.556915974617004395e+01
1.517212724685668945e+01
1.533610939979553223e+01
1.508194446563720703e+01
1.577528786659240723e+01
1.516175270080566406e+01
1.533412981033325195e+01
1.547969841957092285e+01
1.522679543495178223e+01
1.560319447517395020e+01
1.557972455024719238e+01
