1.880051255226135254e+01
1.521988558769226074e+01
1.549239993095397949e+01
1.554502701759338379e+01
2.863007616996765137e+01
1.562126135826110840e+01
1.570541644096374512e+01
1.506555342674255371e+01
1.547592115402221680e+01
1.495757794380187988e+01
1.544232249259948730e+01
2.590219020843505859e+01
1.501670837402343750e+01
1.487735271453857422e+01
2.535931253433227539e+01
3.464433431625366211e+01
1.512403225898742676e+01
1.497686123847961426e+01
1.515353178977966309e+01
1.475756692886352539e+01
2.618463015556335449e+01
1.829723525047302246e+01
2.328168749809265137e+01
1.520288705825805664e+01
1.544529747962951660e+01
1.508680963516235352e+01
1.492509341239929199e+01
1.544172453880310059e+01
3.441374158859252930e+01
1.536050367355346680e+01
1.546083855628967285e+01
1.500624108314514160e+01
2.975136089324951172e+01
1.894104552268981934e+01
1.530311346054077148e+01
1.509754419326782227e+01
1.522164034843444824e+01
3.305999040603637695e+01
1.942852354049682617e+01
1.503863501548767090e+01
1.545957684516906738e+01
1.522027850151062012e+01
1.511320066452026367e+01
1.514528179168701172e+01
1.545399093627929688e+01
1.568053197860717773e+01
2.176669621467590332e+01
1.817885184288024902e+01
1.519985628128051758e+01
1.538471841812133789e+01
1.504559493064880371e+01
1.546139311790466309e+01
1.471451139450073242e+01
1.494438433647155762e+01
1.554532909393310547e+01
2.835911917686462402e+01
1.544033789634704590e+01
2.918782067298889160e+01
1.879328894615173340e+01
3.048144102096557617e+01
1.920111417770385742e+01
1.521058869361877441e+01
1.545336127281188965e+01
1.545515394210815430e+01
1.523425483703613281e+01
3.149088454246520996e+01
1.554987001419067383e+01
3.096842598915100098e+01
1.501033473014831543e+01
2.997276520729064941e+01
1.504076790809631348e+01
1.552730727195739746e+01
1.556501340866088867e+01
3.089183425903320312e+01
1.918163514137268066e+01
1.555866885185241699e+01
1.497438764572143555e+01
2.778806447982788086e+01
1.545730471611022949e+01
1.507832312583923340e+01
2.279653334617614746e+01
1.537139105796813965e+01
3.364112377166748047e+01
1.880833840370178223e+01
1.509336757659912109e+01
2.233982300758361816e+01
3.463935065269470215e+01
1.536255574226379395e+01
1.528035092353820801e+01
2.897827482223510742e+01
1.492553615570068359e+01
1.499630999565124512e+01
2.269838666915893555e+01
1.588986539840698242e+01
1.545422554016113281e+01
1.540413403511047363e+01
2.192123508453369141e+01
1.534996628761291504e+01
1.533401203155517578e+01
1.515888929367065430e+01
