1.688153386116027832e+01
1.664784979820251465e+01
1.831098389625549316e+01
1.672940564155578613e+01
1.820175600051879883e+01
1.824883580207824707e+01
1.777728939056396484e+01
1.662109589576721191e+01
1.848200917243957520e+01
1.818567156791687012e+01
2.038589072227478027e+01
1.863838768005371094e+01
1.661523365974426270e+01
1.849193572998046875e+01
1.837502121925354004e+01
1.722387194633483887e+01
1.832039785385131836e+01
1.900939488410949707e+01
1.696909284591674805e+01
2.039866995811462402e+01
1.666527223587036133e+01
1.810882949829101562e+01
1.662961626052856445e+01
1.904994893074035645e+01
1.666739630699157715e+01
1.705253791809082031e+01
1.676978039741516113e+01
1.667140054702758789e+01
1.815909957885742188e+01
1.819017910957336426e+01
1.835089468955993652e+01
2.040298748016357422e+01
1.664044547080993652e+01
1.667535758018493652e+01
2.039776539802551270e+01
1.821355009078979492e+01
1.656878638267517090e+01
1.670388698577880859e+01
1.856171989440917969e+01
1.834081697463989258e+01
1.893838095664978027e+01
1.676970076560974121e+01
1.850572490692138672e+01
2.039823126792907715e+01
1.662467837333679199e+01
1.834325551986694336e+01
2.038718748092651367e+01
1.791661906242370605e+01
1.833131337165832520e+01
1.738205051422119141e+01
1.702044272422790527e+01
1.801437950134277344e+01
1.667769551277160645e+01
1.897930073738098145e+01
1.764825463294982910e+01
1.831955862045288086e+01
1.663540291786193848e+01
1.676686906814575195e+01
1.837911200523376465e+01
1.915360045433044434e+01
1.809136343002319336e+01
1.824491572380065918e+01
1.834769892692565918e+01
1.761510205268859863e+01
2.004027676582336426e+01
1.697167730331420898e+01
1.815337347984313965e+01
1.870173954963684082e+01
1.817894339561462402e+01
1.816219592094421387e+01
1.794928240776062012e+01
1.757646918296813965e+01
1.873334574699401855e+01
1.678742241859436035e+01
1.893973231315612793e+01
1.660555815696716309e+01
1.817757987976074219e+01
1.661508154869079590e+01
1.897751116752624512e+01
1.833183765411376953e+01
1.890971112251281738e+01
1.675089120864868164e+01
1.891411924362182617e+01
1.771441984176635742e+01
1.807576251029968262e+01
1.712120151519775391e+01
1.835134935379028320e+01
1.665332126617431641e+01
1.842042446136474609e+01
1.651050186157226562e+01
1.839748883247375488e+01
1.790456056594848633e+01
1.830230045318603516e+01
1.706725287437438965e+01
1.744327664375305176e+01
1.674160909652709961e+01
1.825602698326110840e+01
1.767580318450927734e+01
1.818151140213012695e+01
1.659292054176330566e+01
