1.689383888244628906e+01
1.666830253601074219e+01
1.908239793777465820e+01
1.663792037963867188e+01
1.907586359977722168e+01
2.041084742546081543e+01
1.658239912986755371e+01
1.843294453620910645e+01
1.844596409797668457e+01
1.824294519424438477e+01
1.900243735313415527e+01
1.880604028701782227e+01
1.665267848968505859e+01
2.038468909263610840e+01
2.038435912132263184e+01
1.657712364196777344e+01
1.671370601654052734e+01
1.845314383506774902e+01
1.749392342567443848e+01
1.845150279998779297e+01
1.913590025901794434e+01
1.823236060142517090e+01
1.687261867523193359e+01
1.835754323005676270e+01
1.898366045951843262e+01
1.799095225334167480e+01
1.660406613349914551e+01
1.694261598587036133e+01
1.857017421722412109e+01
1.821302199363708496e+01
1.822577643394470215e+01
1.660671067237854004e+01
1.714067387580871582e+01
1.671766901016235352e+01
1.663834619522094727e+01
1.832008433341979980e+01
1.841182208061218262e+01
1.673214697837829590e+01
1.660765743255615234e+01
1.833915662765502930e+01
1.837019133567810059e+01
1.665647101402282715e+01
1.839749813079833984e+01
1.829527211189270020e+01
1.833457350730895996e+01
1.841764855384826660e+01
1.837220692634582520e+01
1.855996322631835938e+01
1.881099414825439453e+01
1.785835909843444824e+01
1.791834425926208496e+01
1.835120296478271484e+01
1.659006571769714355e+01
1.824035906791687012e+01
1.903212380409240723e+01
1.843327140808105469e+01
1.686170482635498047e+01
1.668168020248413086e+01
1.857654738426208496e+01
1.832142615318298340e+01
1.836880254745483398e+01
1.658000874519348145e+01
1.833584785461425781e+01
1.714361619949340820e+01
1.859727287292480469e+01
1.753233242034912109e+01
1.905599975585937500e+01
1.832368850708007812e+01
1.894711589813232422e+01
1.857212710380554199e+01
2.038346004486083984e+01
1.668448424339294434e+01
1.862369894981384277e+01
2.038897848129272461e+01
1.657339668273925781e+01
1.665109229087829590e+01
1.840589070320129395e+01
1.882654309272766113e+01
1.903207182884216309e+01
1.899602746963500977e+01
1.834831881523132324e+01
1.665037941932678223e+01
1.841022467613220215e+01
1.717140722274780273e+01
1.834231066703796387e+01
1.766091942787170410e+01
1.835833740234375000e+01
1.660230207443237305e+01
1.842857050895690918e+01
1.816627979278564453e+01
1.657169127464294434e+01
1.864206194877624512e+01
1.658746552467346191e+01
1.753322601318359375e+01
1.809249234199523926e+01
1.668996787071228027e+01
1.831478238105773926e+01
1.766529273986816406e+01
1.737453389167785645e+01
1.667655491828918457e+01
