8.007471561431884766e-01
9.461257457733154297e-01
1.450819253921508789e+00
1.165820360183715820e+00
1.050545692443847656e+00
9.354360103607177734e-01
1.228853940963745117e+00
1.191682100296020508e+00
1.185709238052368164e+00
9.506609439849853516e-01
1.101453065872192383e+00
1.200774192810058594e+00
1.100388050079345703e+00
1.262735843658447266e+00
1.066804170608520508e+00
7.998363971710205078e-01
1.202009916305541992e+00
1.003836631774902344e+00
9.822015762329101562e-01
1.116312742233276367e+00
1.110742330551147461e+00
1.175463914871215820e+00
9.255280494689941406e-01
9.032092094421386719e-01
1.072483777999877930e+00
1.017719030380249023e+00
1.011952400207519531e+00
1.105508804321289062e+00
1.183721542358398438e+00
1.183845520019531250e+00
9.663560390472412109e-01
9.372551441192626953e-01
9.342439174652099609e-01
8.530840873718261719e-01
1.048852682113647461e+00
8.717586994171142578e-01
9.099671840667724609e-01
1.190518379211425781e+00
1.234414815902709961e+00
1.132964849472045898e+00
1.247889041900634766e+00
9.809699058532714844e-01
6.968424320220947266e-01
9.393231868743896484e-01
8.367824554443359375e-01
1.173666477203369141e+00
1.126353979110717773e+00
1.012637853622436523e+00
1.168881893157958984e+00
1.570812463760375977e+00
