8.654711484909057617e+00
8.606055498123168945e+00
8.627082586288452148e+00
8.645538806915283203e+00
1.874020957946777344e+01
8.615250587463378906e+00
1.881862878799438477e+01
8.676384449005126953e+00
8.600896358489990234e+00
8.683215141296386719e+00
8.579886198043823242e+00
8.612740278244018555e+00
8.609316110610961914e+00
8.603925704956054688e+00
8.533970832824707031e+00
8.615625619888305664e+00
1.872886657714843750e+01
8.588791608810424805e+00
8.943073749542236328e+00
8.579818010330200195e+00
8.606281518936157227e+00
8.519332647323608398e+00
8.501708984375000000e+00
8.639557600021362305e+00
8.598216295242309570e+00
1.877698159217834473e+01
8.923444747924804688e+00
8.631543397903442383e+00
8.972305536270141602e+00
8.908692836761474609e+00
8.489626407623291016e+00
8.620919942855834961e+00
8.615316629409790039e+00
1.862182474136352539e+01
8.641064643859863281e+00
1.860438299179077148e+01
8.556106567382812500e+00
8.685165882110595703e+00
8.538456201553344727e+00
8.613120317459106445e+00
8.556132555007934570e+00
8.524658203125000000e+00
8.608133554458618164e+00
1.876942658424377441e+01
8.564715623855590820e+00
8.577425718307495117e+00
8.612439393997192383e+00
1.876727700233459473e+01
1.867326569557189941e+01
8.630892276763916016e+00
