2.659158229827880859e+00
1.841057777404785156e+00
1.432856798171997070e+00
1.158580899238586426e+00
9.452428221702575684e-01
7.947953939437866211e-01
6.783939003944396973e-01
5.756724476814270020e-01
5.059165954589843750e-01
4.458836019039154053e-01
3.982762396335601807e-01
3.589430749416351318e-01
3.316940069198608398e-01
2.960722446441650391e-01
2.749758362770080566e-01
2.553957402706146240e-01
2.472067326307296753e-01
2.258399128913879395e-01
2.290729731321334839e-01
2.111638784408569336e-01
1.971821188926696777e-01
1.945451498031616211e-01
1.804145574569702148e-01
1.789225339889526367e-01
1.778306812047958374e-01
1.671258807182312012e-01
1.731829792261123657e-01
1.671685576438903809e-01
1.631783396005630493e-01
1.577812731266021729e-01
1.582501828670501709e-01
1.491301506757736206e-01
1.520666331052780151e-01
1.570832282304763794e-01
1.454689651727676392e-01
1.472392678260803223e-01
1.494389027357101440e-01
1.417203843593597412e-01
1.449194252490997314e-01
1.536708623170852661e-01
1.473549604415893555e-01
1.486044973134994507e-01
1.478668749332427979e-01
1.402353197336196899e-01
1.476641893386840820e-01
1.431595236063003540e-01
1.438448429107666016e-01
1.406966894865036011e-01
1.369105279445648193e-01
1.414656192064285278e-01
1.377993375062942505e-01
1.408642679452896118e-01
1.392273604869842529e-01
1.445467025041580200e-01
1.436702907085418701e-01
1.430613994598388672e-01
1.503455340862274170e-01
1.419714242219924927e-01
1.408804208040237427e-01
1.408059298992156982e-01
1.473580896854400635e-01
1.440313011407852173e-01
1.284103691577911377e-01
1.399189084768295288e-01
1.419204324483871460e-01
1.423656642436981201e-01
1.468643844127655029e-01
1.469734460115432739e-01
1.484651863574981689e-01
1.397482305765151978e-01
1.410110145807266235e-01
1.372081637382507324e-01
1.423835605382919312e-01
1.393665075302124023e-01
1.413837075233459473e-01
1.398883908987045288e-01
1.396296918392181396e-01
1.346710622310638428e-01
1.420643925666809082e-01
1.434045881032943726e-01
1.400687545537948608e-01
1.431364417076110840e-01
1.393889784812927246e-01
1.442850679159164429e-01
1.413413286209106445e-01
1.406232416629791260e-01
1.398030370473861694e-01
1.404361724853515625e-01
1.451773345470428467e-01
1.365987807512283325e-01
1.409402787685394287e-01
1.377727389335632324e-01
1.398591697216033936e-01
1.434522122144699097e-01
1.476290673017501831e-01
1.326798945665359497e-01
1.465397030115127563e-01
1.449382156133651733e-01
1.380560547113418579e-01
1.445558071136474609e-01
