5.540966987609863281e-02
1.456856727600097656e-02
2.893304824829101562e-02
3.063774108886718750e-02
4.366898536682128906e-02
3.705358505249023438e-02
4.682040214538574219e-02
5.444121360778808594e-02
3.384590148925781250e-02
5.180311203002929688e-02
1.542425155639648438e-02
9.667277336120605469e-02
4.486751556396484375e-02
4.092717170715332031e-02
4.647111892700195312e-02
6.640338897705078125e-02
8.414745330810546875e-02
7.180690765380859375e-02
3.799057006835937500e-02
5.642127990722656250e-02
4.017710685729980469e-02
6.756472587585449219e-02
5.454945564270019531e-02
2.440237998962402344e-02
4.231262207031250000e-02
6.044125556945800781e-02
5.849456787109375000e-02
6.704354286193847656e-02
3.877806663513183594e-02
3.571748733520507812e-02
3.945851325988769531e-02
5.628252029418945312e-02
8.016514778137207031e-02
3.889274597167968750e-02
9.667301177978515625e-02
2.274274826049804688e-02
1.538994312286376953e-01
5.247521400451660156e-02
3.302073478698730469e-02
1.197600364685058594e-02
8.352017402648925781e-02
3.251576423645019531e-02
4.041099548339843750e-02
5.947780609130859375e-02
9.031939506530761719e-02
3.167414665222167969e-02
2.684926986694335938e-02
8.595728874206542969e-02
5.069613456726074219e-02
4.843449592590332031e-02
2.970647811889648438e-02
6.611132621765136719e-02
2.755832672119140625e-02
3.835964202880859375e-02
6.723046302795410156e-02
2.570891380310058594e-02
6.142497062683105469e-02
5.401968955993652344e-02
5.316901206970214844e-02
4.581618309020996094e-02
1.484560966491699219e-02
8.717727661132812500e-02
2.668309211730957031e-02
7.696676254272460938e-02
2.366065979003906250e-02
2.958130836486816406e-02
6.623768806457519531e-02
4.802012443542480469e-02
4.041385650634765625e-02
4.291701316833496094e-02
8.794951438903808594e-02
3.058052062988281250e-02
5.118393898010253906e-02
3.442955017089843750e-02
4.318332672119140625e-02
2.303504943847656250e-02
9.087610244750976562e-02
6.151771545410156250e-02
5.226278305053710938e-02
4.877328872680664062e-02
8.658933639526367188e-02
4.782032966613769531e-02
4.488706588745117188e-02
7.116746902465820312e-02
4.073166847229003906e-02
5.486392974853515625e-02
3.693938255310058594e-02
4.336595535278320312e-02
8.497714996337890625e-03
2.939891815185546875e-02
6.231880187988281250e-02
1.412098407745361328e-01
4.413962364196777344e-02
2.257609367370605469e-02
6.848144531250000000e-02
6.492686271667480469e-02
8.543324470520019531e-02
3.287792205810546875e-02
6.260728836059570312e-02
3.095436096191406250e-02
