3.814664483070373535e-02
6.929619703441858292e-03
5.323998630046844482e-03
5.332944449037313461e-03
5.877347663044929504e-03
4.961604252457618713e-03
3.923279233276844025e-03
4.489403683692216873e-03
2.013994148001074791e-03
2.368414774537086487e-03
1.840288168750703335e-03
1.426280359737575054e-03
1.460347441025078297e-03
1.296112081035971642e-03
1.182059757411479950e-03
9.552249102853238583e-04
8.643642649985849857e-04
7.653260836377739906e-04
6.934659322723746300e-04
6.184884696267545223e-04
5.497412639670073986e-04
4.959857906214892864e-04
4.478769842535257339e-04
3.872714296448975801e-04
3.598727344069629908e-04
3.019956639036536217e-04
2.658143057487905025e-04
2.323368098586797714e-04
2.080173726426437497e-04
1.897116162581369281e-04
1.711491640890017152e-04
1.565600105095654726e-04
1.423358771717175841e-04
1.311111263930797577e-04
1.208000030601397157e-04
1.123636975535191596e-04
1.054344902513548732e-04
9.907113417284563184e-05
9.318012598669156432e-05
8.840974624035879970e-05
8.402052480960264802e-05
8.010082092368975282e-05
7.662969437660649419e-05
7.401554466923698783e-05
7.134366751415655017e-05
6.878365820739418268e-05
6.645607209065929055e-05
6.495275738416239619e-05
6.304831185843795538e-05
6.152549758553504944e-05
