1.151393842697143555e+01
1.186378765106201172e+01
1.252419614791870117e+01
1.928897809982299805e+01
1.269418954849243164e+01
1.913329243659973145e+01
1.246160650253295898e+01
1.921211504936218262e+01
1.232045316696166992e+01
2.029347395896911621e+01
1.223974299430847168e+01
1.833055663108825684e+01
1.233720922470092773e+01
2.038994240760803223e+01
1.149961853027343750e+01
2.029272031784057617e+01
1.259115624427795410e+01
1.296425318717956543e+01
1.878578305244445801e+01
1.219028496742248535e+01
1.965408134460449219e+01
1.244727253913879395e+01
1.930058240890502930e+01
1.259134507179260254e+01
1.969280958175659180e+01
1.255949211120605469e+01
1.901614880561828613e+01
1.184627127647399902e+01
1.833740091323852539e+01
1.434302830696105957e+01
2.045842051506042480e+01
1.132491946220397949e+01
2.003589725494384766e+01
1.134957313537597656e+01
2.045916175842285156e+01
1.109972310066223145e+01
1.168215298652648926e+01
2.045928478240966797e+01
1.132206749916076660e+01
1.302390408515930176e+01
1.848734045028686523e+01
1.315037941932678223e+01
1.249102497100830078e+01
2.053800630569458008e+01
3.159428000450134277e+01
1.949137210845947266e+01
3.137391161918640137e+01
2.134588932991027832e+01
3.117180728912353516e+01
2.055585598945617676e+01
