2.271969559192657471e+02
3.218157179355621338e+02
2.618664295673370361e+02
2.579717795848846436e+02
3.218730318546295166e+02
2.500584397315979004e+02
3.218749322891235352e+02
2.584454987049102783e+02
2.968304152488708496e+02
3.218764417171478271e+02
2.298744537830352783e+02
2.657402980327606201e+02
3.218750250339508057e+02
2.627240073680877686e+02
2.802800717353820801e+02
2.900129270553588867e+02
3.218812472820281982e+02
2.515068194866180420e+02
2.980084869861602783e+02
3.218757584095001221e+02
2.486493365764617920e+02
2.867493412494659424e+02
2.768001070022583008e+02
3.003211522102355957e+02
2.671825799942016602e+02
3.047326345443725586e+02
2.680336153507232666e+02
2.795442817211151123e+02
2.905107460021972656e+02
2.803920912742614746e+02
3.218590519428253174e+02
2.618554861545562744e+02
2.882786524295806885e+02
2.919435336589813232e+02
2.796348190307617188e+02
2.914594030380249023e+02
2.819593312740325928e+02
2.904674935340881348e+02
2.794244983196258545e+02
2.902977778911590576e+02
2.810827808380126953e+02
2.901915836334228516e+02
2.820494289398193359e+02
2.907591817378997803e+02
2.831397578716278076e+02
3.218786766529083252e+02
2.520159952640533447e+02
3.218699357509613037e+02
2.498117530345916748e+02
2.982877049446105957e+02
2.778539764881134033e+02
2.931278243064880371e+02
3.218684575557708740e+02
3.218682992458343506e+02
2.555674514770507812e+02
2.984240436553955078e+02
2.923561375141143799e+02
3.218744127750396729e+02
2.618719689846038818e+02
2.857595138549804688e+02
3.218807156085968018e+02
2.557027235031127930e+02
2.915839235782623291e+02
2.824073259830474854e+02
2.893265945911407471e+02
2.787895224094390869e+02
2.980637691020965576e+02
2.825958273410797119e+02
2.878997125625610352e+02
2.828804452419281006e+02
2.896726686954498291e+02
2.814109883308410645e+02
2.892355110645294189e+02
2.844590857028961182e+02
2.841363587379455566e+02
2.875574579238891602e+02
2.858511614799499512e+02
3.016986570358276367e+02
2.547560274600982666e+02
3.218639552593231201e+02
2.618781681060791016e+02
2.558657088279724121e+02
3.218732790946960449e+02
2.491913673877716064e+02
2.862423653602600098e+02
2.877241744995117188e+02
3.218965265750885010e+02
2.528150992393493652e+02
2.974412379264831543e+02
2.931066873073577881e+02
2.811506814956665039e+02
2.877423574924468994e+02
3.218788084983825684e+02
2.556258070468902588e+02
2.634570772647857666e+02
2.841575210094451904e+02
3.218649220466613770e+02
2.619030175209045410e+02
2.778277842998504639e+02
2.951862027645111084e+02
