2.273308393955230713e+02
3.218846936225891113e+02
2.270860700607299805e+02
2.906342778205871582e+02
2.833428854942321777e+02
2.877398402690887451e+02
2.962928643226623535e+02
2.847690985202789307e+02
2.967771294116973877e+02
2.728578128814697266e+02
3.218525636196136475e+02
2.618928003311157227e+02
2.485265848636627197e+02
3.013813071250915527e+02
2.809431293010711670e+02
2.896277019977569580e+02
2.834036371707916260e+02
2.884289865493774414e+02
2.982448878288269043e+02
2.683999083042144775e+02
3.030140304565429688e+02
2.854227936267852783e+02
3.218718862533569336e+02
2.618715238571166992e+02
2.623737230300903320e+02
3.040128562450408936e+02
2.666316382884979248e+02
2.796963193416595459e+02
3.218717079162597656e+02
2.506426498889923096e+02
2.978599808216094971e+02
3.218683500289916992e+02
2.494892988204956055e+02
2.925674154758453369e+02
2.807278902530670166e+02
3.218747704029083252e+02
2.618687322139739990e+02
3.218892929553985596e+02
2.422398474216461182e+02
2.909301352500915527e+02
2.816857049465179443e+02
2.907520449161529541e+02
2.820205645561218262e+02
2.913934357166290283e+02
2.834855568408966064e+02
2.896313548088073730e+02
2.833695704936981201e+02
3.019102885723114014e+02
3.218752772808074951e+02
2.618773925304412842e+02
2.644923307895660400e+02
2.932527801990509033e+02
2.969384770393371582e+02
3.218814980983734131e+02
2.774023928642272949e+02
2.972936384677886963e+02
2.942569711208343506e+02
3.218598434925079346e+02
2.487948143482208252e+02
2.961732783317565918e+02
3.218633000850677490e+02
2.561144907474517822e+02
2.914865171909332275e+02
3.218785729408264160e+02
2.503938369750976562e+02
2.783798372745513916e+02
3.218744304180145264e+02
2.597390382289886475e+02
2.872488906383514404e+02
3.218898777961730957e+02
2.514904131889343262e+02
2.816152005195617676e+02
3.218651549816131592e+02
2.618704266548156738e+02
2.761481940746307373e+02
2.863340983390808105e+02
3.218748819828033447e+02
2.665007829666137695e+02
2.555511386394500732e+02
3.218601484298706055e+02
2.276020796298980713e+02
2.868032906055450439e+02
3.218719193935394287e+02
2.618771162033081055e+02
2.711437866687774658e+02
3.218736884593963623e+02
2.459948961734771729e+02
3.218901083469390869e+02
2.697724730968475342e+02
3.218837938308715820e+02
2.618694627285003662e+02
2.789552989006042480e+02
3.218665673732757568e+02
2.537524285316467285e+02
2.636779332160949707e+02
2.835432112216949463e+02
2.918587987422943115e+02
2.756395695209503174e+02
3.218721392154693604e+02
2.703512399196624756e+02
