1.690511274337768555e+01
1.694210958480834961e+01
2.004477238655090332e+01
1.702103495597839355e+01
2.027802801132202148e+01
1.703924965858459473e+01
2.027578306198120117e+01
1.690511322021484375e+01
2.042457890510559082e+01
1.690418410301208496e+01
2.030629706382751465e+01
1.698717856407165527e+01
1.694481754302978516e+01
2.030266928672790527e+01
1.690640330314636230e+01
1.694725608825683594e+01
1.689561963081359863e+01
1.687925171852111816e+01
2.045948290824890137e+01
1.685912609100341797e+01
1.689573383331298828e+01
1.686094427108764648e+01
1.682527136802673340e+01
1.692561578750610352e+01
2.021421647071838379e+01
1.679958271980285645e+01
2.042446970939636230e+01
1.689573764801025391e+01
2.039306139945983887e+01
1.688953375816345215e+01
2.032110118865966797e+01
1.685155177116394043e+01
1.685797262191772461e+01
1.685570931434631348e+01
2.036844396591186523e+01
1.684520316123962402e+01
2.019592714309692383e+01
1.706950449943542480e+01
1.691009998321533203e+01
2.026769423484802246e+01
1.684707903861999512e+01
1.682083916664123535e+01
1.677982568740844727e+01
1.675892996788024902e+01
2.035301280021667480e+01
1.683906555175781250e+01
1.676989054679870605e+01
2.028689122200012207e+01
1.680454969406127930e+01
2.030470728874206543e+01
