8.472355127334594727e+00
8.416324853897094727e+00
8.448466062545776367e+00
8.469542264938354492e+00
8.471092224121093750e+00
8.468250036239624023e+00
1.461021208763122559e+01
8.444787502288818359e+00
8.442455768585205078e+00
8.397041082382202148e+00
8.376172304153442383e+00
8.381872653961181641e+00
8.359504461288452148e+00
8.355927228927612305e+00
8.362673044204711914e+00
8.380157709121704102e+00
8.388533115386962891e+00
8.394232511520385742e+00
8.412458181381225586e+00
8.368351697921752930e+00
8.374844789505004883e+00
8.393888473510742188e+00
8.370741367340087891e+00
8.380496740341186523e+00
8.392867088317871094e+00
8.377292156219482422e+00
8.377186059951782227e+00
8.357028484344482422e+00
1.492601537704467773e+01
8.373581647872924805e+00
8.353693723678588867e+00
8.339689493179321289e+00
8.345139265060424805e+00
8.350634098052978516e+00
8.321821451187133789e+00
8.313354492187500000e+00
8.318984746932983398e+00
8.336879491806030273e+00
8.339940547943115234e+00
8.410551071166992188e+00
8.341477870941162109e+00
8.372516870498657227e+00
8.413038969039916992e+00
8.389689922332763672e+00
8.408811807632446289e+00
8.393546104431152344e+00
8.388639926910400391e+00
8.412659883499145508e+00
8.449424505233764648e+00
8.414217233657836914e+00
