1.144391298294067383e+00
8.853521347045898438e-01
6.974122524261474609e-01
7.144923210144042969e-01
7.372109889984130859e-01
1.150636434555053711e+00
1.027092695236206055e+00
1.060045957565307617e+00
8.793628215789794922e-01
1.051809072494506836e+00
1.135177135467529297e+00
1.231352329254150391e+00
1.292853116989135742e+00
1.041330337524414062e+00
9.425957202911376953e-01
9.942584037780761719e-01
1.012369155883789062e+00
6.820988655090332031e-01
1.032810449600219727e+00
9.731137752532958984e-01
1.082723379135131836e+00
1.029099941253662109e+00
9.529681205749511719e-01
1.127799510955810547e+00
1.136794090270996094e+00
1.113041400909423828e+00
1.070029973983764648e+00
1.000271558761596680e+00
1.039150476455688477e+00
1.078957796096801758e+00
1.152374029159545898e+00
1.356411695480346680e+00
1.236567258834838867e+00
1.164398670196533203e+00
7.893648147583007812e-01
1.014216423034667969e+00
1.264884471893310547e+00
7.872838973999023438e-01
9.781143665313720703e-01
1.123142004013061523e+00
1.067716836929321289e+00
1.228860616683959961e+00
9.588484764099121094e-01
8.088362216949462891e-01
1.053721189498901367e+00
1.101114511489868164e+00
1.074265241622924805e+00
1.049154996871948242e+00
8.428201675415039062e-01
9.863612651824951172e-01
