1.316214489936828613e+01
1.296022725105285645e+01
2.046126508712768555e+01
1.252133607864379883e+01
3.265471243858337402e+01
1.308148932456970215e+01
1.813389253616333008e+01
1.636095190048217773e+01
1.898604822158813477e+01
1.468709564208984375e+01
2.046238398551940918e+01
1.902721524238586426e+01
1.426347327232360840e+01
1.893819332122802734e+01
1.417722558975219727e+01
2.085294413566589355e+01
3.299839019775390625e+01
1.307432866096496582e+01
1.937829709053039551e+01
3.334694647789001465e+01
2.084764552116394043e+01
3.243642473220825195e+01
1.285415506362915039e+01
2.003421616554260254e+01
4.093926835060119629e+01
2.048014116287231445e+01
2.692667603492736816e+01
2.046806645393371582e+01
1.948726582527160645e+01
1.305972743034362793e+01
4.094016695022583008e+01
1.355057549476623535e+01
1.973255968093872070e+01
3.463266777992248535e+01
1.245845031738281250e+01
2.074021625518798828e+01
1.344354724884033203e+01
1.813356184959411621e+01
1.577390575408935547e+01
1.773336052894592285e+01
2.045872664451599121e+01
1.661439037322998047e+01
3.318231153488159180e+01
1.897782444953918457e+01
1.937639856338500977e+01
1.398329663276672363e+01
2.022851657867431641e+01
1.413154888153076172e+01
2.045903897285461426e+01
2.045913720130920410e+01
