7.266759872436523438e-03
6.894111633300781250e-03
6.859302520751953125e-03
6.736755371093750000e-03
6.955385208129882812e-03
6.886005401611328125e-03
6.944894790649414062e-03
6.903171539306640625e-03
6.827592849731445312e-03
6.844282150268554688e-03
6.994485855102539062e-03
6.942749023437500000e-03
6.937503814697265625e-03
6.906986236572265625e-03
6.870746612548828125e-03
6.929636001586914062e-03
6.832361221313476562e-03
1.482558250427246094e-02
6.925821304321289062e-03
6.988525390625000000e-03
6.963253021240234375e-03
6.970882415771484375e-03
7.110834121704101562e-03
6.940126419067382812e-03
6.967306137084960938e-03
7.011413574218750000e-03
6.947040557861328125e-03
7.102966308593750000e-03
6.931781768798828125e-03
7.200241088867187500e-03
3.152251243591308594e-02
7.125854492187500000e-03
7.095813751220703125e-03
7.024526596069335938e-03
1.729512214660644531e-02
7.048368453979492188e-03
7.070064544677734375e-03
7.095098495483398438e-03
7.037639617919921875e-03
8.996486663818359375e-03
7.099390029907226562e-03
6.905317306518554688e-03
6.936311721801757812e-03
3.044104576110839844e-02
7.061958312988281250e-03
7.069826126098632812e-03
6.974697113037109375e-03
1.678729057312011719e-02
6.909608840942382812e-03
7.020711898803710938e-03
7.053375244140625000e-03
6.909370422363281250e-03
3.013658523559570312e-02
6.979703903198242188e-03
6.945133209228515625e-03
7.004022598266601562e-03
2.633857727050781250e-02
7.021665573120117188e-03
7.003784179687500000e-03
7.026433944702148438e-03
6.924152374267578125e-03
7.097244262695312500e-03
7.029771804809570312e-03
7.111072540283203125e-03
7.071018218994140625e-03
7.172107696533203125e-03
6.989717483520507812e-03
7.055521011352539062e-03
1.421666145324707031e-02
7.038116455078125000e-03
6.946802139282226562e-03
6.998538970947265625e-03
7.150173187255859375e-03
7.048130035400390625e-03
2.685213088989257812e-02
7.109642028808593750e-03
7.190942764282226562e-03
7.085084915161132812e-03
7.063150405883789062e-03
6.971120834350585938e-03
7.083177566528320312e-03
7.044315338134765625e-03
7.094621658325195312e-03
2.009844779968261719e-02
7.000446319580078125e-03
7.029294967651367188e-03
6.997823715209960938e-03
7.982730865478515625e-03
6.995916366577148438e-03
6.928920745849609375e-03
7.061004638671875000e-03
7.062435150146484375e-03
7.153034210205078125e-03
6.952285766601562500e-03
1.186108589172363281e-02
6.981372833251953125e-03
7.053613662719726562e-03
6.957292556762695312e-03
7.015466690063476562e-03
6.939411163330078125e-03
