9.633322805166244507e-02
1.793181151151657104e-01
2.877130806446075439e-01
1.051785126328468323e-01
4.422643780708312988e-02
8.845287561416625977e-02
1.730459928512573242e-01
1.381473094224929810e-01
1.400771886110305786e-01
1.878417432308197021e-01
1.709552854299545288e-01
1.625924706459045410e-01
2.375361919403076172e-01
2.106786817312240601e-01
2.368928939104080200e-01
1.474750787019729614e-01
3.203602433204650879e-01
3.216468393802642822e-01
2.220971435308456421e-01
3.522032797336578369e-01
4.951753020286560059e-01
3.782566785812377930e-01
3.113541305065155029e-01
3.232550621032714844e-01
2.378578335046768188e-01
3.554197549819946289e-01
4.462849795818328857e-01
3.859761953353881836e-01
3.718237280845642090e-01
3.655516207218170166e-01
3.579929172992706299e-01
3.623351454734802246e-01
3.686072826385498047e-01
3.750402033329010010e-01
3.724670410156250000e-01
2.552267611026763916e-01
2.658410966396331787e-01
3.906400799751281738e-01
4.092955887317657471e-01
4.117079377174377441e-01
4.020585417747497559e-01
3.901576101779937744e-01
3.850112557411193848e-01
3.758443295955657959e-01
3.706979751586914062e-01
3.663557469844818115e-01
3.604052662849426270e-01
3.533290326595306396e-01
3.465744554996490479e-01
3.435188233852386475e-01
3.357993066310882568e-01
3.330653011798858643e-01
3.269540071487426758e-01
3.237375319004058838e-01
3.171437680721282959e-01
3.173046112060546875e-01
3.140881359577178955e-01
3.103891909122467041e-01
3.068510890007019043e-01
3.066902458667755127e-01
3.031521439552307129e-01
2.991315424442291260e-01
2.994531989097595215e-01
3.000964820384979248e-01
2.967191934585571289e-01
2.939852178096771240e-01
2.939852178096771240e-01
2.946285009384155273e-01
2.914120256900787354e-01
2.886780202388763428e-01
2.899646162986755371e-01
2.885172069072723389e-01
2.877130806446075439e-01
2.885172069072723389e-01
2.864265143871307373e-01
2.865873277187347412e-01
2.864265143871307373e-01
2.849791049957275391e-01
2.846574485301971436e-01
2.848182618618011475e-01
2.853007316589355469e-01
2.843357920646667480e-01
2.832100391387939453e-01
2.836925089359283447e-01
2.840141654014587402e-01
2.835316956043243408e-01
2.827275693416595459e-01
2.817626297473907471e-01
2.835316956043243408e-01
2.827275693416595459e-01
2.828883826732635498e-01
2.817626297473907471e-01
2.840141654014587402e-01
2.807976901531219482e-01
2.824059128761291504e-01
2.812801599502563477e-01
2.828883826732635498e-01
2.816017866134643555e-01
2.838533222675323486e-01
2.819234430789947510e-01
