2.274016141891479492e+00
2.188155174255371094e+00
2.113654851913452148e+00
2.251575469970703125e+00
2.017482280731201172e+00
2.328124046325683594e+00
2.023980140686035156e+00
1.895955681800842285e+00
2.165272474288940430e+00
2.414831161499023438e+00
1.847940087318420410e+00
1.862457513809204102e+00
1.951652884483337402e+00
2.151443958282470703e+00
1.927298426628112793e+00
2.562293052673339844e+00
2.063822507858276367e+00
2.318525075912475586e+00
3.274496316909790039e+00
2.410161018371582031e+00
1.676248788833618164e+00
1.753022670745849609e+00
1.879102826118469238e+00
1.838693022727966309e+00
2.059918880462646484e+00
1.872553110122680664e+00
1.734925270080566406e+00
1.820067167282104492e+00
1.833550095558166504e+00
1.784985899925231934e+00
1.747147083282470703e+00
1.758404612541198730e+00
1.722154736518859863e+00
1.701893329620361328e+00
1.670978188514709473e+00
1.678727149963378906e+00
1.768619894981384277e+00
1.628190517425537109e+00
1.632677435874938965e+00
1.628021359443664551e+00
1.617599725723266602e+00
1.626051783561706543e+00
1.620990395545959473e+00
1.621875882148742676e+00
1.631656765937805176e+00
1.627963662147521973e+00
1.634369373321533203e+00
1.634523630142211914e+00
1.647952556610107422e+00
1.643257737159729004e+00
1.648553729057312012e+00
1.656316161155700684e+00
1.664726257324218750e+00
1.653737783432006836e+00
1.668622732162475586e+00
1.668914079666137695e+00
1.671162605285644531e+00
1.676750898361206055e+00
1.679663300514221191e+00
1.677819490432739258e+00
1.687156677246093750e+00
1.684817075729370117e+00
1.690072178840637207e+00
1.696319580078125000e+00
1.698301434516906738e+00
1.699355840682983398e+00
1.700934052467346191e+00
1.700356483459472656e+00
1.706122636795043945e+00
1.700625777244567871e+00
1.703427791595458984e+00
1.708057641983032227e+00
1.715322256088256836e+00
1.708288788795471191e+00
1.709725618362426758e+00
1.710140347480773926e+00
1.712392807006835938e+00
1.711629748344421387e+00
1.713555455207824707e+00
1.713196992874145508e+00
1.715236902236938477e+00
1.714129447937011719e+00
1.716772079467773438e+00
1.715221524238586426e+00
1.715342760086059570e+00
1.712978601455688477e+00
1.715514063835144043e+00
1.714393615722656250e+00
1.714416265487670898e+00
1.713579893112182617e+00
1.714796900749206543e+00
1.713573813438415527e+00
1.714501857757568359e+00
1.716298580169677734e+00
1.715069651603698730e+00
1.714624762535095215e+00
1.716036081314086914e+00
1.716166496276855469e+00
1.714523315429687500e+00
1.716789007186889648e+00
