5.715065449476242065e-02
2.972447127103805542e-02
3.097997978329658508e-02
2.850449830293655396e-02
2.961896173655986786e-02
3.105540759861469269e-02
3.645982593297958374e-02
3.200066834688186646e-02
3.394126519560813904e-02
4.790737107396125793e-02
3.965881839394569397e-02
3.833923116326332092e-02
3.093161620199680328e-02
3.300296515226364136e-02
3.001988492906093597e-02
2.655708976089954376e-02
2.735964208841323853e-02
2.373082563281059265e-02
1.997085660696029663e-02
2.169283293187618256e-02
1.977851800620555878e-02
1.933954097330570221e-02
1.879525929689407349e-02
1.718445308506488800e-02
1.494197640568017960e-02
1.290287077426910400e-02
1.211165636777877808e-02
1.094676181674003601e-02
9.875311516225337982e-03
8.647683076560497284e-03
8.488737046718597412e-03
8.255144581198692322e-03
7.313946727663278580e-03
6.465307902544736862e-03
5.638257134705781937e-03
5.286182276904582977e-03
5.051909945905208588e-03
4.680375568568706512e-03
4.541983362287282944e-03
4.379474557936191559e-03
4.221809562295675278e-03
4.066854249686002731e-03
3.959974739700555801e-03
3.838493954390287399e-03
3.691858379170298576e-03
3.603083314374089241e-03
3.556318115442991257e-03
3.473458578810095787e-03
3.412077436223626137e-03
3.355993889272212982e-03
