1.694938898086547852e+00
1.303952217102050781e+00
1.406463861465454102e+00
1.995933532714843750e+00
1.616050243377685547e+00
1.523972749710083008e+00
1.571338653564453125e+00
1.532628774642944336e+00
1.918564081192016602e+00
1.362769126892089844e+00
1.607380867004394531e+00
1.723875761032104492e+00
1.843648672103881836e+00
1.689102172851562500e+00
1.712269067764282227e+00
1.476169824600219727e+00
1.549198627471923828e+00
1.281340360641479492e+00
1.656051874160766602e+00
1.457881212234497070e+00
1.154459953308105469e+00
1.909477233886718750e+00
1.455754518508911133e+00
1.234656572341918945e+00
1.278136253356933594e+00
1.576999664306640625e+00
1.580886840820312500e+00
1.110918045043945312e+00
1.598825454711914062e+00
1.619660377502441406e+00
1.439888238906860352e+00
1.140259981155395508e+00
1.753577470779418945e+00
1.284262418746948242e+00
1.486833095550537109e+00
1.765333175659179688e+00
1.522487878799438477e+00
1.189514160156250000e+00
1.587390422821044922e+00
1.780570745468139648e+00
1.554554700851440430e+00
1.127416849136352539e+00
1.493015289306640625e+00
1.372032165527343750e+00
1.530385017395019531e+00
1.752671241760253906e+00
1.643658638000488281e+00
1.741168498992919922e+00
1.504957914352416992e+00
1.756078958511352539e+00
