1.660705804824829102e+00
1.287425756454467773e+00
1.410888671875000000e+00
2.024977922439575195e+00
1.596905231475830078e+00
1.436514854431152344e+00
1.521472454071044922e+00
1.498428344726562500e+00
1.971241474151611328e+00
1.384876489639282227e+00
1.608043432235717773e+00
1.802808284759521484e+00
1.784981489181518555e+00
1.706599235534667969e+00
1.661200284957885742e+00
1.549718379974365234e+00
1.519439935684204102e+00
1.287574529647827148e+00
1.612220525741577148e+00
1.442931890487670898e+00
1.169769048690795898e+00
1.929575681686401367e+00
1.470377683639526367e+00
1.213262081146240234e+00
1.234650373458862305e+00
1.548674583435058594e+00
1.540234565734863281e+00
1.134036540985107422e+00
1.562698125839233398e+00
1.586469411849975586e+00
1.431442022323608398e+00
1.161017656326293945e+00
1.746432781219482422e+00
1.246865510940551758e+00
1.467190265655517578e+00
1.757238149642944336e+00
1.534626007080078125e+00
1.166085243225097656e+00
1.613208055496215820e+00
1.731738090515136719e+00
1.513350725173950195e+00
1.106518268585205078e+00
1.424036264419555664e+00
1.402156352996826172e+00
1.541496515274047852e+00
1.698435544967651367e+00
1.614325284957885742e+00
1.729823589324951172e+00
1.473663568496704102e+00
1.682010650634765625e+00
