6.580756425857543945e+00
6.778868675231933594e+00
6.728865623474121094e+00
6.264299392700195312e+00
6.601873159408569336e+00
6.695186614990234375e+00
6.825558662414550781e+00
6.702467441558837891e+00
6.433773756027221680e+00
6.665859699249267578e+00
6.706776380538940430e+00
6.352977275848388672e+00
6.283745527267456055e+00
6.465055704116821289e+00
6.684128761291503906e+00
6.678334951400756836e+00
6.844843864440917969e+00
6.859758615493774414e+00
6.722579240798950195e+00
6.827473878860473633e+00
7.026085138320922852e+00
6.184681415557861328e+00
6.941958904266357422e+00
7.250862598419189453e+00
7.135106801986694336e+00
6.502501010894775391e+00
6.698202610015869141e+00
7.108636140823364258e+00
6.818012475967407227e+00
6.884453296661376953e+00
6.986157894134521484e+00
7.026960849761962891e+00
6.485971927642822266e+00
7.016424655914306641e+00
6.726124048233032227e+00
6.571835041046142578e+00
7.049930095672607422e+00
7.280418395996093750e+00
6.790613889694213867e+00
6.580494642257690430e+00
7.503114938735961914e+00
7.188174486160278320e+00
7.012778759002685547e+00
6.967897653579711914e+00
6.756793737411499023e+00
6.372524976730346680e+00
6.483139514923095703e+00
6.369199037551879883e+00
6.884692192077636719e+00
6.458601474761962891e+00
