2.046740889549255371e+01
1.263380336761474609e+01
1.365841722488403320e+01
1.453845095634460449e+01
1.923788928985595703e+01
1.890284729003906250e+01
1.395528006553649902e+01
1.842535996437072754e+01
1.444612312316894531e+01
1.953296303749084473e+01
1.437473654747009277e+01
1.878513717651367188e+01
2.144759225845336914e+01
3.231291007995605469e+01
2.148710322380065918e+01
3.188260769844055176e+01
2.243024659156799316e+01
3.147215056419372559e+01
2.275898408889770508e+01
1.362400817871093750e+01
1.894139432907104492e+01
2.075347399711608887e+01
3.216219472885131836e+01
4.093905830383300781e+01
1.283377861976623535e+01
2.088746190071105957e+01
1.978231906890869141e+01
1.364404082298278809e+01
1.938294863700866699e+01
2.119350266456604004e+01
3.487058019638061523e+01
1.893325757980346680e+01
1.473863649368286133e+01
1.746463322639465332e+01
2.029101729393005371e+01
3.359655427932739258e+01
2.023559284210205078e+01
1.351233649253845215e+01
2.045910763740539551e+01
1.406667566299438477e+01
1.949790668487548828e+01
1.373573470115661621e+01
2.088610577583312988e+01
3.286001300811767578e+01
2.116809892654418945e+01
3.139912843704223633e+01
2.802950191497802734e+01
2.564472532272338867e+01
2.798606300354003906e+01
2.625517272949218750e+01
