3.227519989013671875e-01
3.277528285980224609e-01
3.273472785949707031e-01
3.265495300292968750e-01
3.247067928314208984e-01
3.271312713623046875e-01
3.313353061676025391e-01
3.295803070068359375e-01
3.286385536193847656e-01
3.294010162353515625e-01
3.285501003265380859e-01
3.266115188598632812e-01
3.269138336181640625e-01
3.269109725952148438e-01
3.256118297576904297e-01
3.272435665130615234e-01
3.277232646942138672e-01
3.270633220672607422e-01
3.293378353118896484e-01
3.253958225250244141e-01
3.309752941131591797e-01
3.262894153594970703e-01
3.293080329895019531e-01
3.277049064636230469e-01
3.304259777069091797e-01
3.315083980560302734e-01
3.308246135711669922e-01
3.320298194885253906e-01
3.300418853759765625e-01
3.283929824829101562e-01
3.307435512542724609e-01
3.280262947082519531e-01
3.259754180908203125e-01
3.268234729766845703e-01
3.269510269165039062e-01
3.274431228637695312e-01
3.259701728820800781e-01
3.259363174438476562e-01
3.274707794189453125e-01
3.275969028472900391e-01
3.295443058013916016e-01
3.267574310302734375e-01
3.288986682891845703e-01
3.302633762359619141e-01
3.279356956481933594e-01
3.288867473602294922e-01
3.282039165496826172e-01
3.281555175781250000e-01
3.304395675659179688e-01
3.288054466247558594e-01
