9.724099040031433105e-01
9.688019752502441406e-01
9.754518866539001465e-01
9.680591225624084473e-01
9.822078943252563477e-01
9.788829684257507324e-01
9.796257615089416504e-01
9.858512282371520996e-01
9.803685545921325684e-01
9.888932108879089355e-01
9.933146834373474121e-01
9.845070838928222656e-01
9.766191244125366211e-01
9.891054630279541016e-01
9.810406565666198730e-01
9.876905679702758789e-01
9.906972050666809082e-01
9.884687662124633789e-01
9.926426410675048828e-01
9.893530607223510742e-01
9.872661232948303223e-01
9.805100560188293457e-01
9.788829684257507324e-01
9.695447683334350586e-01
9.771497249603271484e-01
9.772912263870239258e-01
9.784584641456604004e-01
9.812175035476684570e-01
9.880089163780212402e-01
9.859219789505004883e-01
9.887517094612121582e-01
9.912277460098266602e-01
9.911924004554748535e-01
9.927133917808532715e-01
9.954370260238647461e-01
9.949064254760742188e-01
9.955431222915649414e-01
9.957199692726135254e-01
9.953309297561645508e-01
9.954016208648681641e-01
9.949418306350708008e-01
9.955785274505615234e-01
9.951186776161193848e-01
9.949418306350708008e-01
9.946942329406738281e-01
9.949064254760742188e-01
9.950832724571228027e-01
9.954016208648681641e-01
9.957907199859619141e-01
9.963920712471008301e-01
