1.677558279037475586e+01
1.810213112831115723e+01
1.665094685554504395e+01
2.038444042205810547e+01
1.844723248481750488e+01
1.836642432212829590e+01
1.652529501914978027e+01
1.948633885383605957e+01
1.893150591850280762e+01
1.714867949485778809e+01
1.838385462760925293e+01
1.826662397384643555e+01
1.817939949035644531e+01
1.890956330299377441e+01
1.780048680305480957e+01
1.723838996887207031e+01
1.673577785491943359e+01
1.817062258720397949e+01
1.812940692901611328e+01
1.810048913955688477e+01
1.896524333953857422e+01
1.652904725074768066e+01
1.648534369468688965e+01
1.653637146949768066e+01
1.855941843986511230e+01
2.041197586059570312e+01
1.647369384765625000e+01
1.820911359786987305e+01
1.644523739814758301e+01
1.893556022644042969e+01
1.709299445152282715e+01
1.841939473152160645e+01
1.652574086189270020e+01
1.810525178909301758e+01
1.788883852958679199e+01
1.906597256660461426e+01
1.839289712905883789e+01
1.649571037292480469e+01
1.747744774818420410e+01
1.809389972686767578e+01
1.950304484367370605e+01
1.699411940574645996e+01
1.824521660804748535e+01
1.824213957786560059e+01
1.662926626205444336e+01
1.649095106124877930e+01
2.038876485824584961e+01
1.747387838363647461e+01
1.760133647918701172e+01
1.737016558647155762e+01
1.828776574134826660e+01
1.654848289489746094e+01
1.791489315032958984e+01
1.657373428344726562e+01
2.037917256355285645e+01
1.647768616676330566e+01
1.643766665458679199e+01
1.848555922508239746e+01
1.818871116638183594e+01
1.651871323585510254e+01
1.930080342292785645e+01
1.653382515907287598e+01
1.644491028785705566e+01
1.820559620857238770e+01
1.875850629806518555e+01
1.822791814804077148e+01
1.646491456031799316e+01
1.856120872497558594e+01
1.894533467292785645e+01
1.648593425750732422e+01
1.893456768989562988e+01
1.649349570274353027e+01
1.651225614547729492e+01
1.650710225105285645e+01
1.806264281272888184e+01
1.889408922195434570e+01
1.816968894004821777e+01
1.906915688514709473e+01
1.859512543678283691e+01
1.654162979125976562e+01
1.833113765716552734e+01
2.041690969467163086e+01
1.733551406860351562e+01
1.799200320243835449e+01
1.634854412078857422e+01
1.820650768280029297e+01
2.037355875968933105e+01
1.772823834419250488e+01
2.037665343284606934e+01
1.645865297317504883e+01
1.661019396781921387e+01
2.038898038864135742e+01
1.643194675445556641e+01
1.775421977043151855e+01
2.038068079948425293e+01
1.642308735847473145e+01
1.844521737098693848e+01
1.760511589050292969e+01
1.636991262435913086e+01
1.875651645660400391e+01
