1.552112507820129395e+01
1.549125361442565918e+01
1.542013382911682129e+01
1.529323935508728027e+01
1.530992960929870605e+01
1.522716641426086426e+01
2.312954902648925781e+01
1.534181928634643555e+01
1.495407938957214355e+01
1.535441446304321289e+01
1.538326287269592285e+01
1.528083300590515137e+01
3.172925925254821777e+01
1.876507568359375000e+01
1.520421838760375977e+01
2.327566242218017578e+01
1.683893084526062012e+01
1.536318182945251465e+01
1.510931634902954102e+01
3.071597409248352051e+01
1.494723320007324219e+01
1.548877024650573730e+01
1.524723052978515625e+01
2.383923149108886719e+01
1.511677575111389160e+01
2.335474443435668945e+01
1.547450137138366699e+01
1.546243047714233398e+01
3.103749465942382812e+01
1.928886222839355469e+01
3.225054097175598145e+01
1.899803543090820312e+01
1.536523818969726562e+01
1.557115435600280762e+01
1.549085140228271484e+01
1.515914893150329590e+01
2.374519443511962891e+01
1.659946608543395996e+01
1.547839117050170898e+01
1.522250270843505859e+01
1.538938617706298828e+01
2.984633755683898926e+01
3.435596346855163574e+01
1.862364602088928223e+01
1.502522563934326172e+01
1.550024604797363281e+01
1.500854539871215820e+01
2.691026043891906738e+01
1.514974808692932129e+01
1.566593742370605469e+01
1.519670915603637695e+01
1.543389558792114258e+01
1.498782396316528320e+01
1.580110692977905273e+01
1.534723949432373047e+01
1.553682208061218262e+01
1.918944430351257324e+01
1.541992235183715820e+01
1.533454823493957520e+01
1.504546713829040527e+01
3.366673707962036133e+01
1.638602948188781738e+01
1.573371100425720215e+01
1.538420081138610840e+01
1.591353964805603027e+01
1.549613189697265625e+01
2.553102350234985352e+01
1.501915311813354492e+01
2.789372873306274414e+01
1.550577473640441895e+01
1.547204661369323730e+01
2.253823304176330566e+01
1.885019779205322266e+01
1.539303851127624512e+01
1.527212142944335938e+01
1.553462672233581543e+01
1.529518961906433105e+01
1.509801244735717773e+01
1.515453982353210449e+01
2.234296488761901855e+01
1.527481389045715332e+01
1.527575707435607910e+01
1.533030366897583008e+01
1.992005157470703125e+01
1.530325675010681152e+01
1.540011334419250488e+01
3.478549838066101074e+01
1.603035473823547363e+01
1.668119645118713379e+01
1.530722641944885254e+01
1.512632489204406738e+01
1.545211243629455566e+01
1.562941884994506836e+01
1.527780127525329590e+01
1.549348449707031250e+01
3.274928069114685059e+01
1.567614722251892090e+01
1.503226685523986816e+01
2.461368942260742188e+01
1.563631081581115723e+01
