2.133533477783203125e+00
1.761240243911743164e+00
9.791105985641479492e-01
8.600475192070007324e-01
8.368994593620300293e-01
8.244889378547668457e-01
8.151969313621520996e-01
7.998034954071044922e-01
7.559939026832580566e-01
6.525791883468627930e-01
5.934939384460449219e-01
5.817202925682067871e-01
5.576517581939697266e-01
5.272249579429626465e-01
5.186493396759033203e-01
5.034404397010803223e-01
5.066928863525390625e-01
4.811543226242065430e-01
4.760804474353790283e-01
4.730928540229797363e-01
4.601388275623321533e-01
4.572216868400573730e-01
4.489029943943023682e-01
4.472709894180297852e-01
4.400295615196228027e-01
4.372067451477050781e-01
4.326549172401428223e-01
4.363571703433990479e-01
4.332192838191986084e-01
4.238016903400421143e-01
4.226180315017700195e-01
4.204820394515991211e-01
4.233866035938262939e-01
4.168750345706939697e-01
4.144331514835357666e-01
4.145427644252777100e-01
4.117170572280883789e-01
4.112036526203155518e-01
4.114294946193695068e-01
4.112503528594970703e-01
4.083815813064575195e-01
4.083260595798492432e-01
4.068763852119445801e-01
4.062632620334625244e-01
4.072285592555999756e-01
4.055670797824859619e-01
4.049753546714782715e-01
4.041592478752136230e-01
4.041056334972381592e-01
4.038916230201721191e-01
4.034056067466735840e-01
4.036990404129028320e-01
4.028005003929138184e-01
4.030958414077758789e-01
4.031814038753509521e-01
4.024884700775146484e-01
4.020069837570190430e-01
4.019143283367156982e-01
4.018156230449676514e-01
4.016644954681396484e-01
4.015634655952453613e-01
4.015364050865173340e-01
4.014670252799987793e-01
4.013884961605072021e-01
4.011904299259185791e-01
4.012044668197631836e-01
4.011570215225219727e-01
4.011193811893463135e-01
4.010586142539978027e-01
4.009118974208831787e-01
4.009595215320587158e-01
4.008672833442687988e-01
4.008163213729858398e-01
4.007748067378997803e-01
4.007501602172851562e-01
4.007377624511718750e-01
4.006874859333038330e-01
4.006832838058471680e-01
4.006702303886413574e-01
4.006474018096923828e-01
4.006439447402954102e-01
4.006366431713104248e-01
4.005959630012512207e-01
4.005824327468872070e-01
4.006101787090301514e-01
4.005797505378723145e-01
4.005633890628814697e-01
4.005536437034606934e-01
4.005526602268218994e-01
4.005329012870788574e-01
4.005312323570251465e-01
4.005295336246490479e-01
4.005170166492462158e-01
4.005202054977416992e-01
4.005177915096282959e-01
4.005018174648284912e-01
4.005024135112762451e-01
4.004952609539031982e-01
4.004977047443389893e-01
4.004922807216644287e-01
