4.332582950592041016e-01
7.500804066658020020e-01
7.500804066658020020e-01
7.500804066658020020e-01
7.500804066658020020e-01
7.500804066658020020e-01
7.500804066658020020e-01
7.513669729232788086e-01
7.787069678306579590e-01
7.812801599502563477e-01
7.960758805274963379e-01
7.970408201217651367e-01
8.021872043609619141e-01
8.054036498069763184e-01
8.102283477783203125e-01
8.108716607093811035e-01
8.137664794921875000e-01
8.128015398979187012e-01
8.144097924232482910e-01
8.179478645324707031e-01
8.227726221084594727e-01
8.189128041267395020e-01
8.240591883659362793e-01
8.230942487716674805e-01
8.269540071487426758e-01
8.298488259315490723e-01
8.279189467430114746e-01
8.301704525947570801e-01
8.301704525947570801e-01
8.308137655258178711e-01
8.340302109718322754e-01
8.314570784568786621e-01
8.308137655258178711e-01
8.349951505661010742e-01
8.346735239028930664e-01
8.327436447143554688e-01
8.349951505661010742e-01
8.353168368339538574e-01
8.349951505661010742e-01
8.362817764282226562e-01
8.346735239028930664e-01
8.366034030914306641e-01
8.378899693489074707e-01
8.372467160224914551e-01
8.375683426856994629e-01
8.385332822799682617e-01
8.378899693489074707e-01
8.362817764282226562e-01
8.385332822799682617e-01
8.366034030914306641e-01
8.378899693489074707e-01
8.378899693489074707e-01
8.385332822799682617e-01
8.388549089431762695e-01
8.385332822799682617e-01
8.385332822799682617e-01
8.382116556167602539e-01
8.382116556167602539e-01
8.385332822799682617e-01
8.388549089431762695e-01
8.382116556167602539e-01
8.388549089431762695e-01
8.382116556167602539e-01
8.388549089431762695e-01
8.388549089431762695e-01
8.388549089431762695e-01
8.388549089431762695e-01
8.388549089431762695e-01
8.388549089431762695e-01
8.385332822799682617e-01
8.391765952110290527e-01
8.388549089431762695e-01
8.388549089431762695e-01
8.388549089431762695e-01
8.391765952110290527e-01
8.388549089431762695e-01
8.388549089431762695e-01
8.391765952110290527e-01
8.391765952110290527e-01
8.388549089431762695e-01
8.388549089431762695e-01
8.391765952110290527e-01
8.391765952110290527e-01
8.388549089431762695e-01
8.388549089431762695e-01
8.388549089431762695e-01
8.391765952110290527e-01
8.391765952110290527e-01
8.391765952110290527e-01
8.391765952110290527e-01
8.391765952110290527e-01
8.391765952110290527e-01
8.391765952110290527e-01
8.388549089431762695e-01
8.388549089431762695e-01
8.388549089431762695e-01
8.388549089431762695e-01
8.388549089431762695e-01
8.388549089431762695e-01
8.388549089431762695e-01
