6.414723396301269531e-02
6.458115577697753906e-02
6.437683105468750000e-02
6.499314308166503906e-02
6.461215019226074219e-02
6.463479995727539062e-02
6.485986709594726562e-02
6.448888778686523438e-02
6.459426879882812500e-02
6.506967544555664062e-02
6.440949440002441406e-02
6.477880477905273438e-02
6.476497650146484375e-02
6.473112106323242188e-02
6.550145149230957031e-02
6.503415107727050781e-02
6.449198722839355469e-02
6.482863426208496094e-02
6.443619728088378906e-02
6.463909149169921875e-02
6.447410583496093750e-02
6.397032737731933594e-02
6.399536132812500000e-02
6.404900550842285156e-02
6.384611129760742188e-02
6.437277793884277344e-02
6.461668014526367188e-02
6.468415260314941406e-02
6.405067443847656250e-02
6.431245803833007812e-02
6.421589851379394531e-02
6.415081024169921875e-02
6.412363052368164062e-02
6.396889686584472656e-02
6.432104110717773438e-02
6.462717056274414062e-02
6.444597244262695312e-02
6.491351127624511719e-02
6.519579887390136719e-02
6.474423408508300781e-02
6.495857238769531250e-02
6.551218032836914062e-02
6.547594070434570312e-02
6.501269340515136719e-02
6.481003761291503906e-02
6.517529487609863281e-02
6.536459922790527344e-02
6.521081924438476562e-02
6.533575057983398438e-02
6.529116630554199219e-02
