7.466909885406494141e+00
8.086449146270751953e+00
1.646342158317565918e+01
8.957720518112182617e+00
1.787445163726806641e+01
8.155821800231933594e+00
3.810503840446472168e+01
7.684423446655273438e+00
1.840177011489868164e+01
3.823158836364746094e+01
8.378714561462402344e+00
2.549815821647644043e+01
3.830219864845275879e+01
7.146479368209838867e+00
2.097961997985839844e+01
3.853861904144287109e+01
7.646023273468017578e+00
2.514153909683227539e+01
1.974601554870605469e+01
2.576397943496704102e+01
3.837659168243408203e+01
7.170248746871948242e+00
2.090356040000915527e+01
3.852984499931335449e+01
6.990520715713500977e+00
2.604556107521057129e+01
3.850653648376464844e+01
7.092072248458862305e+00
1.995043754577636719e+01
3.801682305335998535e+01
7.368576288223266602e+00
2.609618258476257324e+01
1.936004328727722168e+01
3.829746294021606445e+01
8.451541423797607422e+00
2.463266181945800781e+01
3.850402545928955078e+01
7.135632514953613281e+00
3.798820209503173828e+01
8.391455411911010742e+00
1.985738396644592285e+01
2.682481455802917480e+01
1.968088221549987793e+01
3.826315665245056152e+01
7.029296398162841797e+00
2.866912841796875000e+01
1.702257394790649414e+01
1.730548858642578125e+01
7.395280361175537109e+00
6.940247774124145508e+00
