9.602763175964355469e+00
9.871560573577880859e+00
2.018870639801025391e+01
9.542948961257934570e+00
1.943744635581970215e+01
1.122276067733764648e+01
4.066511940956115723e+01
9.928997516632080078e+00
2.063215851783752441e+01
4.066556048393249512e+01
1.041974925994873047e+01
4.066563677787780762e+01
9.423288822174072266e+00
4.066878628730773926e+01
1.016513395309448242e+01
4.065488171577453613e+01
9.325709581375122070e+00
2.810892629623413086e+01
4.066486334800720215e+01
9.529082059860229492e+00
2.348269367218017578e+01
4.066536784172058105e+01
9.291958332061767578e+00
4.066801595687866211e+01
9.506429195404052734e+00
4.066575479507446289e+01
1.015990257263183594e+01
4.066559052467346191e+01
9.244272232055664062e+00
2.843657922744750977e+01
2.191443109512329102e+01
2.852488231658935547e+01
2.153831338882446289e+01
4.066656064987182617e+01
1.083024501800537109e+01
4.066817522048950195e+01
9.542145013809204102e+00
2.677504968643188477e+01
4.066429138183593750e+01
1.055665564537048340e+01
4.066662430763244629e+01
9.235101699829101562e+00
2.217554497718811035e+01
2.925629496574401855e+01
2.067498946189880371e+01
4.066692519187927246e+01
9.790285348892211914e+00
1.972184848785400391e+01
9.837665081024169922e+00
1.043017673492431641e+01
