7.145094633102416992e+00
8.161567687988281250e+00
1.608313202857971191e+01
1.776489472389221191e+01
6.949663162231445312e+00
1.785283565521240234e+01
1.033485674858093262e+01
2.675786113739013672e+01
1.848738455772399902e+01
2.684809494018554688e+01
1.998881864547729492e+01
3.837183880805969238e+01
7.552603244781494141e+00
2.478407478332519531e+01
2.114596676826477051e+01
2.425524282455444336e+01
3.826330041885375977e+01
7.434088706970214844e+00
1.938279390335083008e+01
2.562534022331237793e+01
3.831155395507812500e+01
7.454563140869140625e+00
2.058665728569030762e+01
2.604571962356567383e+01
3.828900384902954102e+01
7.444784641265869141e+00
3.851061463356018066e+01
7.093699932098388672e+00
1.984490108489990234e+01
2.566912412643432617e+01
3.835330343246459961e+01
7.130774736404418945e+00
1.927625513076782227e+01
3.836812138557434082e+01
8.396003961563110352e+00
2.473786163330078125e+01
3.847712802886962891e+01
7.514514923095703125e+00
2.035111665725708008e+01
2.566024565696716309e+01
1.984671282768249512e+01
2.687543606758117676e+01
1.987413597106933594e+01
2.687306094169616699e+01
1.720905375480651855e+01
2.866022491455078125e+01
1.725313019752502441e+01
1.762857723236083984e+01
6.878627300262451172e+00
7.994524955749511719e+00
