8.823521852493286133e+00
8.774391174316406250e+00
8.807944059371948242e+00
8.765161991119384766e+00
8.875119447708129883e+00
8.819162607192993164e+00
8.834747791290283203e+00
8.789901256561279297e+00
8.786512613296508789e+00
8.843916893005371094e+00
8.815863370895385742e+00
8.828795671463012695e+00
8.788182735443115234e+00
8.814077854156494141e+00
8.823558568954467773e+00
8.797006607055664062e+00
8.826364278793334961e+00
8.788940668106079102e+00
8.830266714096069336e+00
8.820453882217407227e+00
8.803181409835815430e+00
8.847572326660156250e+00
8.836695671081542969e+00
1.451276659965515137e+01
8.834214448928833008e+00
8.820063829421997070e+00
8.789693355560302734e+00
8.853075265884399414e+00
8.808971166610717773e+00
8.834943056106567383e+00
8.852987289428710938e+00
8.827225685119628906e+00
8.833922863006591797e+00
8.846627712249755859e+00
8.805056095123291016e+00
8.839452266693115234e+00
8.855039834976196289e+00
8.843043088912963867e+00
8.800869941711425781e+00
8.879962921142578125e+00
8.821177482604980469e+00
8.759484291076660156e+00
8.899313211441040039e+00
8.927994012832641602e+00
8.897159576416015625e+00
8.842927455902099609e+00
8.879831552505493164e+00
8.830908775329589844e+00
8.737792015075683594e+00
8.836494922637939453e+00
