7.391901254653930664e+00
7.456732988357543945e+00
7.270437955856323242e+00
7.300983667373657227e+00
7.319731950759887695e+00
7.374269247055053711e+00
7.555783987045288086e+00
7.180096387863159180e+00
7.160172462463378906e+00
7.337710857391357422e+00
7.035924434661865234e+00
1.618694543838500977e+01
7.155648946762084961e+00
7.169476985931396484e+00
2.621668148040771484e+01
7.410204410552978516e+00
7.268145322799682617e+00
7.550180673599243164e+00
7.296828985214233398e+00
7.404527187347412109e+00
7.144863128662109375e+00
7.158508777618408203e+00
7.389148950576782227e+00
7.472159385681152344e+00
7.319226264953613281e+00
7.154523372650146484e+00
7.077500581741333008e+00
7.470931768417358398e+00
7.469742059707641602e+00
6.974450111389160156e+00
7.179731369018554688e+00
7.163891553878784180e+00
7.281632900238037109e+00
7.212790489196777344e+00
7.128226280212402344e+00
6.939997196197509766e+00
7.002857208251953125e+00
7.520970582962036133e+00
7.544018030166625977e+00
7.519942283630371094e+00
7.145296573638916016e+00
7.083402633666992188e+00
7.187557697296142578e+00
7.309788942337036133e+00
7.229988336563110352e+00
7.309771537780761719e+00
7.167493581771850586e+00
6.996131420135498047e+00
7.348756313323974609e+00
7.165145397186279297e+00
