1.329960674047470093e-01
2.855907008051872253e-02
2.174114622175693512e-02
2.717857807874679565e-02
1.967879571020603180e-02
1.325676776468753815e-02
6.969749927520751953e-03
5.335884168744087219e-03
4.454553127288818359e-03
3.770506009459495544e-03
3.171131946146488190e-03
5.782032385468482971e-03
4.825379699468612671e-03
1.736392499879002571e-03
1.673375722020864487e-03
1.403015805408358574e-03
1.415077829733490944e-03
1.163395354524254799e-03
1.305128098465502262e-03
6.417619297280907631e-04
1.216874443343840539e-04
2.278473584738094360e-05
1.193294519907794893e-05
7.105989425326697528e-06
5.306722869136137888e-06
4.541429007076658309e-06
3.948581252188887447e-06
3.483363343548262492e-06
3.109784756816225126e-06
2.846294592018239200e-06
2.574897280283039436e-06
2.399516233708709478e-06
2.242031541754840873e-06
2.102144208038225770e-06
1.973829967027995735e-06
1.859687245087116025e-06
1.756091705829021521e-06
1.654455786592734512e-06
1.563995397191320080e-06
1.482609718550520483e-06
1.407073796144686639e-06
1.338919787485792767e-06
1.276753323509183247e-06
1.220238914356741589e-06
1.167509140032052528e-06
1.118564910029817838e-06
1.072430563908710610e-06
1.028887481879792176e-06
9.890308092508348636e-07
9.532654416943842079e-07
