1.072692200541496277e-01
9.745898842811584473e-02
1.013187542557716370e-01
1.368607282638549805e-01
1.670955270528793335e-01
2.881955504417419434e-01
3.726278543472290039e-01
3.893534839153289795e-01
4.170151054859161377e-01
4.009327888488769531e-01
3.694113790988922119e-01
3.581537604331970215e-01
2.679318189620971680e-01
3.871019482612609863e-01
2.798327505588531494e-01
2.901254296302795410e-01
3.539723455905914307e-01
3.020263612270355225e-01
3.129623532295227051e-01
4.192666411399841309e-01
4.220006465911865234e-01
4.263428747653961182e-01
4.134770035743713379e-01
4.215181767940521240e-01
4.179800450801849365e-01
4.006111323833465576e-01
3.924091458320617676e-01
4.141202867031097412e-01
4.191058278083801270e-01
4.311675727367401123e-01
4.281119406223297119e-01
4.285944104194641113e-01
4.228047728538513184e-01
4.210357069969177246e-01
4.252171218395233154e-01
4.245738089084625244e-01
4.245738089084625244e-01
4.245738089084625244e-01
4.260212182998657227e-01
4.281119406223297119e-01
4.260212182998657227e-01
4.226439297199249268e-01
4.203924238681793213e-01
4.139594733715057373e-01
4.126728773117065430e-01
4.099389016628265381e-01
4.022193551063537598e-01
3.953039646148681641e-01
3.898359537124633789e-01
3.862978518009185791e-01
3.827597200870513916e-01
3.755226731300354004e-01
3.668382167816162109e-01
3.639433979988098145e-01
3.576712906360626221e-01
3.538115024566650391e-01
3.502734005451202393e-01
3.468961119651794434e-01
3.452878594398498535e-01
3.407848179340362549e-01
3.390157520771026611e-01
3.356384634971618652e-01
3.377291858196258545e-01
3.327436447143554688e-01
3.321003615856170654e-01
3.296880125999450684e-01
3.258282542228698730e-01
3.282406032085418701e-01
3.245416581630706787e-01
3.261498808860778809e-01
3.245416581630706787e-01
3.230942487716674805e-01
3.224509358406066895e-01
3.173046112060546875e-01
3.177870810031890869e-01
3.181087076663970947e-01
3.193953037261962891e-01
3.205210566520690918e-01
3.177870810031890869e-01
3.148922622203826904e-01
3.184303641319274902e-01
3.163396716117858887e-01
3.171437680721282959e-01
3.158572018146514893e-01
3.161788284778594971e-01
3.173046112060546875e-01
3.140881359577178955e-01
3.158572018146514893e-01
3.158572018146514893e-01
3.171437680721282959e-01
3.173046112060546875e-01
3.161788284778594971e-01
3.158572018146514893e-01
3.156963586807250977e-01
3.142489492893218994e-01
3.139273226261138916e-01
3.129623532295227051e-01
3.150530755519866943e-01
3.155355453491210938e-01
3.161788284778594971e-01
