1.486022710800170898e+01
1.819156146049499512e+01
1.639811730384826660e+01
1.863623547554016113e+01
1.604625439643859863e+01
1.447585439682006836e+01
1.894547700881958008e+01
2.039473342895507812e+01
1.438836383819580078e+01
1.605137944221496582e+01
1.495012688636779785e+01
1.681296253204345703e+01
1.472993779182434082e+01
1.886930513381958008e+01
1.687719035148620605e+01
1.577736806869506836e+01
1.608502650260925293e+01
1.613169717788696289e+01
1.609231805801391602e+01
1.630737161636352539e+01
1.726726794242858887e+01
1.470925760269165039e+01
2.040289163589477539e+01
1.457495021820068359e+01
1.536564397811889648e+01
1.808211135864257812e+01
1.938908457756042480e+01
1.610883688926696777e+01
1.640548133850097656e+01
1.489070034027099609e+01
1.804453682899475098e+01
1.671648931503295898e+01
1.666519641876220703e+01
1.678003501892089844e+01
1.707212471961975098e+01
1.639574933052062988e+01
1.722809004783630371e+01
1.442406511306762695e+01
2.040136384963989258e+01
1.458721423149108887e+01
1.616400551795959473e+01
1.922266411781311035e+01
1.473157930374145508e+01
1.477786302566528320e+01
1.474736785888671875e+01
2.058824634552001953e+01
1.589704942703247070e+01
1.617841625213623047e+01
1.482578516006469727e+01
1.854765629768371582e+01
1.626550149917602539e+01
1.651007342338562012e+01
1.922159576416015625e+01
1.707925462722778320e+01
1.456484031677246094e+01
1.450084352493286133e+01
2.039281916618347168e+01
1.505966877937316895e+01
1.476822304725646973e+01
1.469831514358520508e+01
1.650533533096313477e+01
1.893786334991455078e+01
1.680715727806091309e+01
1.716213154792785645e+01
1.932639288902282715e+01
1.932125329971313477e+01
1.547450470924377441e+01
1.792495155334472656e+01
2.038636112213134766e+01
1.456970453262329102e+01
1.491053557395935059e+01
1.639547395706176758e+01
1.835426425933837891e+01
1.443365764617919922e+01
1.475899863243103027e+01
1.795611667633056641e+01
1.480882978439331055e+01
1.621534132957458496e+01
2.039489555358886719e+01
1.462804937362670898e+01
1.485187602043151855e+01
1.794682288169860840e+01
1.622079825401306152e+01
1.607996034622192383e+01
1.817901253700256348e+01
1.479227304458618164e+01
1.598775339126586914e+01
1.753617358207702637e+01
2.039043927192687988e+01
2.039842391014099121e+01
2.039399218559265137e+01
1.443005013465881348e+01
1.605540490150451660e+01
1.625449109077453613e+01
2.038869285583496094e+01
2.039385223388671875e+01
1.443691372871398926e+01
1.641632390022277832e+01
1.659232568740844727e+01
2.038256096839904785e+01
