1.456527948379516602e+01
2.006198191642761230e+01
1.561656761169433594e+01
1.653955841064453125e+01
1.570280957221984863e+01
1.563809132575988770e+01
1.779175424575805664e+01
1.621168541908264160e+01
1.794593811035156250e+01
1.563717341423034668e+01
1.729727768898010254e+01
1.599332571029663086e+01
2.012311983108520508e+01
1.421793794631958008e+01
1.546640014648437500e+01
1.548960685729980469e+01
1.407233667373657227e+01
1.581372213363647461e+01
1.578860831260681152e+01
1.704355382919311523e+01
1.618198871612548828e+01
1.617429494857788086e+01
1.431521964073181152e+01
1.752864694595336914e+01
1.552766442298889160e+01
1.691577887535095215e+01
1.819187617301940918e+01
2.006931996345520020e+01
1.408605217933654785e+01
1.442046070098876953e+01
1.859271121025085449e+01
1.431237864494323730e+01
1.644392943382263184e+01
1.592350530624389648e+01
1.615412187576293945e+01
1.521906995773315430e+01
2.012193584442138672e+01
1.487777924537658691e+01
1.444395589828491211e+01
1.860718154907226562e+01
2.010581874847412109e+01
1.596984028816223145e+01
1.442837405204772949e+01
1.444820618629455566e+01
1.496864461898803711e+01
1.864124703407287598e+01
1.421038031578063965e+01
1.586961483955383301e+01
1.445989418029785156e+01
1.765005922317504883e+01
1.591451859474182129e+01
1.770845031738281250e+01
1.808973002433776855e+01
1.569597506523132324e+01
1.616027498245239258e+01
1.631933999061584473e+01
1.588166022300720215e+01
1.590979743003845215e+01
1.451762509346008301e+01
1.430077815055847168e+01
1.619380235671997070e+01
1.857948923110961914e+01
1.566845107078552246e+01
1.574042320251464844e+01
1.898929309844970703e+01
2.010991978645324707e+01
1.517508006095886230e+01
1.695748448371887207e+01
1.451707363128662109e+01
1.798025536537170410e+01
1.441511249542236328e+01
1.592914605140686035e+01
1.870750069618225098e+01
1.597482180595397949e+01
1.448704099655151367e+01
1.761703801155090332e+01
2.011028265953063965e+01
1.414318704605102539e+01
1.455601692199707031e+01
1.885388445854187012e+01
1.453162574768066406e+01
1.800256371498107910e+01
1.422439718246459961e+01
1.579955840110778809e+01
1.876547050476074219e+01
1.452876257896423340e+01
1.572537779808044434e+01
1.623871278762817383e+01
2.010496425628662109e+01
1.410985064506530762e+01
1.908876323699951172e+01
1.785819315910339355e+01
1.496391654014587402e+01
1.591919016838073730e+01
1.473149156570434570e+01
1.666507792472839355e+01
1.772410655021667480e+01
1.613222599029541016e+01
1.697334861755371094e+01
1.634777307510375977e+01
