1.485658049583435059e+01
2.039004397392272949e+01
1.590738868713378906e+01
1.685327506065368652e+01
1.603193855285644531e+01
1.594049382209777832e+01
1.809671783447265625e+01
1.650372481346130371e+01
1.828530716896057129e+01
1.593883204460144043e+01
1.758753895759582520e+01
1.628201603889465332e+01
2.040617108345031738e+01
1.450883913040161133e+01
1.577181196212768555e+01
1.578491187095642090e+01
1.437967872619628906e+01
1.614798617362976074e+01
1.609805154800415039e+01
1.733243846893310547e+01
1.648304414749145508e+01
1.646285629272460938e+01
1.461243367195129395e+01
1.782721281051635742e+01
1.585200214385986328e+01
1.722527098655700684e+01
1.851741075515747070e+01
2.038642287254333496e+01
1.442235803604125977e+01
1.472473192214965820e+01
1.890860438346862793e+01
1.461316347122192383e+01
1.677069735527038574e+01
1.623590874671936035e+01
1.645943665504455566e+01
1.551573705673217773e+01
2.039472866058349609e+01
1.515154671669006348e+01
1.475535511970520020e+01
1.889269447326660156e+01
2.040510153770446777e+01
1.625554609298706055e+01
1.473555159568786621e+01
1.476647615432739258e+01
1.527950811386108398e+01
1.894268512725830078e+01
1.448471212387084961e+01
1.619133901596069336e+01
1.480073761940002441e+01
1.796437382698059082e+01
1.621715068817138672e+01
1.804421830177307129e+01
1.839556431770324707e+01
1.604706668853759766e+01
1.644501399993896484e+01
1.662354540824890137e+01
1.622107410430908203e+01
1.623524427413940430e+01
1.479350376129150391e+01
1.461986351013183594e+01
1.650792217254638672e+01
1.889419293403625488e+01
1.596488595008850098e+01
1.605302929878234863e+01
1.930013489723205566e+01
2.038897275924682617e+01
1.546850442886352539e+01
1.726618647575378418e+01
1.479946136474609375e+01
1.829762339591979980e+01
1.467792248725891113e+01
1.625050663948059082e+01
1.902406120300292969e+01
1.626070642471313477e+01
1.477853965759277344e+01
1.791052365303039551e+01
2.039928579330444336e+01
1.441925573348999023e+01
1.485127782821655273e+01
1.913540720939636230e+01
1.480536603927612305e+01
1.828805685043334961e+01
1.448916363716125488e+01
1.608811426162719727e+01
1.907901120185852051e+01
1.480302691459655762e+01
1.602954721450805664e+01
1.654055976867675781e+01
2.038939809799194336e+01
1.440790104866027832e+01
1.937758612632751465e+01
1.813576650619506836e+01
1.528816890716552734e+01
1.621044588088989258e+01
1.503866457939147949e+01
1.699590134620666504e+01
1.802423262596130371e+01
1.642085957527160645e+01
1.727111363410949707e+01
1.662915873527526855e+01
