1.706793308258056641e-01
1.820557117462158203e-01
2.245798110961914062e-01
1.812529563903808594e-01
1.762371063232421875e-01
2.270336151123046875e-01
2.028596401214599609e-01
1.744692325592041016e-01
1.462521553039550781e-01
2.404496669769287109e-01
2.003588676452636719e-01
1.672430038452148438e-01
2.291507720947265625e-01
1.226952075958251953e-01
1.799318790435791016e-01
1.634638309478759766e-01
1.912672519683837891e-01
1.499698162078857422e-01
2.036767005920410156e-01
2.026116847991943359e-01
1.741197109222412109e-01
2.007365226745605469e-01
1.343104839324951172e-01
2.343161106109619141e-01
1.645545959472656250e-01
2.475476264953613281e-01
1.851313114166259766e-01
2.031240463256835938e-01
1.538791656494140625e-01
2.266530990600585938e-01
2.224001884460449219e-01
1.814560890197753906e-01
2.206420898437500000e-01
1.513769626617431641e-01
1.755743026733398438e-01
1.463582515716552734e-01
2.274503707885742188e-01
1.799168586730957031e-01
1.830062866210937500e-01
1.757428646087646484e-01
1.706333160400390625e-01
1.608595848083496094e-01
1.777153015136718750e-01
1.714069843292236328e-01
1.959223747253417969e-01
1.680982112884521484e-01
2.027895450592041016e-01
2.267093658447265625e-01
1.728844642639160156e-01
2.147796154022216797e-01
1.885972023010253906e-01
2.098321914672851562e-01
1.573879718780517578e-01
1.611664295196533203e-01
2.530801296234130859e-01
1.867725849151611328e-01
1.825532913208007812e-01
1.798622608184814453e-01
1.684937477111816406e-01
1.917691230773925781e-01
1.865694522857666016e-01
2.030043601989746094e-01
1.783714294433593750e-01
1.230092048645019531e-01
2.429602146148681641e-01
1.520001888275146484e-01
1.435790061950683594e-01
1.778552532196044922e-01
1.955308914184570312e-01
1.916728019714355469e-01
1.766419410705566406e-01
2.532675266265869141e-01
2.596485614776611328e-01
2.043988704681396484e-01
1.949679851531982422e-01
2.385065555572509766e-01
2.031557559967041016e-01
2.072718143463134766e-01
1.871488094329833984e-01
2.190167903900146484e-01
2.364387512207031250e-01
1.723895072937011719e-01
1.754596233367919922e-01
1.624405384063720703e-01
1.746120452880859375e-01
1.612679958343505859e-01
1.853704452514648438e-01
1.707422733306884766e-01
2.369704246520996094e-01
1.925902366638183594e-01
1.534633636474609375e-01
1.582109928131103516e-01
1.502802371978759766e-01
1.937301158905029297e-01
1.846413612365722656e-01
1.963636875152587891e-01
2.122504711151123047e-01
1.743919849395751953e-01
2.145264148712158203e-01
1.795558929443359375e-01
