2.281505584716796875e+00
2.294639110565185547e+00
2.262358427047729492e+00
1.895724415779113770e+00
1.760130405426025391e+00
1.780578732490539551e+00
1.765639781951904297e+00
1.733064889907836914e+00
1.740289092063903809e+00
1.708316564559936523e+00
1.626067399978637695e+00
1.602297902107238770e+00
1.583856821060180664e+00
1.567333340644836426e+00
1.556291818618774414e+00
1.538385868072509766e+00
1.514919877052307129e+00
1.464670181274414062e+00
1.460219025611877441e+00
1.470112442970275879e+00
1.433266520500183105e+00
1.439888834953308105e+00
1.444887995719909668e+00
1.451557040214538574e+00
1.465665221214294434e+00
1.369981169700622559e+00
1.399644374847412109e+00
1.366740703582763672e+00
1.351891040802001953e+00
1.354644417762756348e+00
1.325217008590698242e+00
1.334904193878173828e+00
1.320275783538818359e+00
1.326212763786315918e+00
1.321222424507141113e+00
1.323100447654724121e+00
1.313785076141357422e+00
1.338184237480163574e+00
1.333092927932739258e+00
1.333526730537414551e+00
1.345730185508728027e+00
1.342284560203552246e+00
1.360741138458251953e+00
1.365818142890930176e+00
1.380122065544128418e+00
1.383700132369995117e+00
1.415999650955200195e+00
1.411505341529846191e+00
1.428058981895446777e+00
1.450486302375793457e+00
1.471575260162353516e+00
1.487373948097229004e+00
1.502204656600952148e+00
1.530304908752441406e+00
1.547787308692932129e+00
1.575837612152099609e+00
1.603006124496459961e+00
1.627925872802734375e+00
1.649557948112487793e+00
1.673612475395202637e+00
1.703398227691650391e+00
1.722077012062072754e+00
1.743726611137390137e+00
1.767805099487304688e+00
1.789491534233093262e+00
1.808382153511047363e+00
1.828356385231018066e+00
1.846370458602905273e+00
1.861624479293823242e+00
1.875647902488708496e+00
1.888680934906005859e+00
1.902781128883361816e+00
1.914207339286804199e+00
1.922866463661193848e+00
1.931664228439331055e+00
1.939852595329284668e+00
1.947581887245178223e+00
1.954375863075256348e+00
1.960965156555175781e+00
1.966109871864318848e+00
1.970435261726379395e+00
1.974591493606567383e+00
1.978163242340087891e+00
1.981727361679077148e+00
1.984932303428649902e+00
1.987792968750000000e+00
1.990427136421203613e+00
1.992479681968688965e+00
1.994551777839660645e+00
1.996301412582397461e+00
1.997635245323181152e+00
1.999299764633178711e+00
2.000806331634521484e+00
2.002014160156250000e+00
2.003151416778564453e+00
2.004106760025024414e+00
2.005004644393920898e+00
2.005768775939941406e+00
2.006570577621459961e+00
2.007258415222167969e+00
