1.187258660793304443e-01
1.110038608312606812e-01
1.927284449338912964e-01
1.953024417161941528e-01
1.953024417161941528e-01
1.953024417161941528e-01
1.953024417161941528e-01
1.953024417161941528e-01
1.953024417161941528e-01
2.020592093467712402e-01
2.245817184448242188e-01
2.606177628040313721e-01
2.776705324649810791e-01
2.902188003063201904e-01
2.924710512161254883e-01
2.911840379238128662e-01
3.333333432674407959e-01
3.159588277339935303e-01
2.734877765178680420e-01
2.570784986019134521e-01
2.509652376174926758e-01
2.693050205707550049e-01
2.651222646236419678e-01
2.857142984867095947e-01
2.834620475769042969e-01
3.133848011493682861e-01
3.317245841026306152e-01
3.314028382301330566e-01
3.371943235397338867e-01
3.416988551616668701e-01
3.664736151695251465e-01
3.606821000576019287e-01
3.741956353187561035e-01
3.783783912658691406e-01
3.825611472129821777e-01
3.963963985443115234e-01
3.909266293048858643e-01
4.115186631679534912e-01
4.057271480560302734e-01
4.108751714229583740e-01
4.195624291896820068e-01
4.202059209346771240e-01
4.330759346485137939e-01
4.282496869564056396e-01
4.369369447231292725e-01
4.385456740856170654e-01
4.398326873779296875e-01
4.430502057075500488e-01
4.433719515800476074e-01
4.433719515800476074e-01
4.472329616546630859e-01
4.517374634742736816e-01
4.507721960544586182e-01
4.491634368896484375e-01
4.536679685115814209e-01
4.578506946563720703e-01
4.610682129859924316e-01
4.578506946563720703e-01
4.584942162036895752e-01
4.543114602565765381e-01
4.555984437465667725e-01
4.555984437465667725e-01
4.578506946563720703e-01
4.543114602565765381e-01
4.520592093467712402e-01
4.469111859798431396e-01
4.417631924152374268e-01
4.401544332504272461e-01
4.375804364681243896e-01
4.346846938133239746e-01
4.340411722660064697e-01
4.269626736640930176e-01
4.234234094619750977e-01
4.205276668071746826e-01
4.189189076423645020e-01
4.157014191150665283e-01
4.121621549129486084e-01
4.079793989658355713e-01
4.066924154758453369e-01
4.037966430187225342e-01
4.018661379814147949e-01
4.009009003639221191e-01
4.005791544914245605e-01
3.989703953266143799e-01
3.973616361618041992e-01
3.976834118366241455e-01
3.973616361618041992e-01
3.954311311244964600e-01
3.957529067993164062e-01
3.944658935070037842e-01
3.944658935070037842e-01
3.947876393795013428e-01
3.941441476345062256e-01
3.944658935070037842e-01
3.935006558895111084e-01
3.935006558895111084e-01
3.931788802146911621e-01
3.928571343421936035e-01
3.928571343421936035e-01
3.928571343421936035e-01
