1.001415967941284180e+01
9.207352638244628906e+00
9.253716707229614258e+00
9.100714206695556641e+00
9.217323780059814453e+00
9.106628894805908203e+00
9.189899206161499023e+00
9.200639724731445312e+00
9.144412040710449219e+00
9.142186641693115234e+00
9.120685338973999023e+00
9.259411573410034180e+00
9.166743755340576172e+00
9.138572931289672852e+00
9.151843070983886719e+00
9.323329687118530273e+00
9.286078453063964844e+00
9.384906053543090820e+00
9.274797916412353516e+00
9.179210662841796875e+00
9.245724916458129883e+00
9.222127437591552734e+00
9.177164554595947266e+00
9.186770915985107422e+00
9.215526580810546875e+00
9.186243772506713867e+00
9.199181556701660156e+00
9.168075561523437500e+00
9.118357419967651367e+00
9.182671070098876953e+00
