1.460622453689575195e+01
9.456977844238281250e+00
9.401672840118408203e+00
9.474917411804199219e+00
9.327709197998046875e+00
9.313659667968750000e+00
9.349328279495239258e+00
9.191742420196533203e+00
9.390455245971679688e+00
9.446613073348999023e+00
9.285552024841308594e+00
9.311550855636596680e+00
9.323054313659667969e+00
9.251260995864868164e+00
9.311323642730712891e+00
9.333856344223022461e+00
9.330454111099243164e+00
9.261725425720214844e+00
9.270866394042968750e+00
9.413429021835327148e+00
9.282491445541381836e+00
9.304797410964965820e+00
9.147266387939453125e+00
9.307605504989624023e+00
9.439909219741821289e+00
9.297463655471801758e+00
9.329322814941406250e+00
9.557971000671386719e+00
9.715832948684692383e+00
9.731358528137207031e+00
