5.404179096221923828e-01
7.771935462951660156e-01
8.002440929412841797e-01
7.983584403991699219e-01
6.965131759643554688e-01
6.023609638214111328e-01
8.633422851562500000e-01
7.764415740966796875e-01
9.488029479980468750e-01
7.765076160430908203e-01
7.193119525909423828e-01
8.357787132263183594e-01
7.821576595306396484e-01
9.319503307342529297e-01
9.167234897613525391e-01
9.516172409057617188e-01
6.822922229766845703e-01
7.836720943450927734e-01
8.184628486633300781e-01
9.711546897888183594e-01
8.155560493469238281e-01
7.030706405639648438e-01
7.266275882720947266e-01
9.033691883087158203e-01
1.089987039566040039e+00
9.540529251098632812e-01
8.584117889404296875e-01
1.052801132202148438e+00
7.611215114593505859e-01
8.413450717926025391e-01
8.063817024230957031e-01
7.316975593566894531e-01
7.358119487762451172e-01
9.724581241607666016e-01
6.641650199890136719e-01
7.899112701416015625e-01
9.380369186401367188e-01
9.068877696990966797e-01
8.739361763000488281e-01
