6.258797645568847656e-02
7.038521766662597656e-02
4.091835021972656250e-02
7.925748825073242188e-03
1.273097991943359375e-01
5.060815811157226562e-02
4.703664779663085938e-02
7.497358322143554688e-02
6.686282157897949219e-02
8.507657051086425781e-02
3.748655319213867188e-02
2.708625793457031250e-02
4.854488372802734375e-02
7.121133804321289062e-02
4.377794265747070312e-02
3.573703765869140625e-02
5.443429946899414062e-02
2.959966659545898438e-02
4.140591621398925781e-02
3.841972351074218750e-02
4.122090339660644531e-02
2.431392669677734375e-02
9.540057182312011719e-02
4.131126403808593750e-02
2.751016616821289062e-02
8.706235885620117188e-02
4.533362388610839844e-02
2.058148384094238281e-02
3.747439384460449219e-02
3.899431228637695312e-02
5.028653144836425781e-02
1.225378513336181641e-01
4.313516616821289062e-02
1.530909538269042969e-02
3.811001777648925781e-02
1.265120506286621094e-02
1.464724540710449219e-02
4.293704032897949219e-02
6.565976142883300781e-02
3.009963035583496094e-02
2.726197242736816406e-02
4.514837265014648438e-02
2.285838127136230469e-02
5.540537834167480469e-02
4.234433174133300781e-02
4.011607170104980469e-02
2.038025856018066406e-02
2.910280227661132812e-02
4.578828811645507812e-03
3.519153594970703125e-02
7.615566253662109375e-02
5.557322502136230469e-02
2.255058288574218750e-02
6.213259696960449219e-02
4.247713088989257812e-02
4.479336738586425781e-02
3.544402122497558594e-02
6.106424331665039062e-02
3.602123260498046875e-02
9.196496009826660156e-02
8.580350875854492188e-02
8.727812767028808594e-02
3.231978416442871094e-02
1.658344268798828125e-02
6.741571426391601562e-02
3.375053405761718750e-02
1.174530982971191406e-01
4.870963096618652344e-02
4.098701477050781250e-02
7.541322708129882812e-02
1.175107955932617188e-01
1.057963371276855469e-01
4.032349586486816406e-02
8.754706382751464844e-02
3.871059417724609375e-02
8.640718460083007812e-02
4.705858230590820312e-02
5.791831016540527344e-02
5.004477500915527344e-02
3.263282775878906250e-02
5.558967590332031250e-02
2.704548835754394531e-02
8.139443397521972656e-02
3.504896163940429688e-02
3.692817687988281250e-02
6.331253051757812500e-02
5.001950263977050781e-02
2.547001838684082031e-02
3.969430923461914062e-02
8.027100563049316406e-02
4.767107963562011719e-02
6.872987747192382812e-02
3.173041343688964844e-02
2.497792243957519531e-02
4.724860191345214844e-02
5.291223526000976562e-02
3.721523284912109375e-02
1.476454734802246094e-02
6.059145927429199219e-02
4.418039321899414062e-02
