2.059557437896728516e+00
1.673418164253234863e+00
1.487781763076782227e+00
1.405988216400146484e+00
1.362044572830200195e+00
1.315748333930969238e+00
1.256513595581054688e+00
1.220555543899536133e+00
1.181425213813781738e+00
1.144446730613708496e+00
1.131194949150085449e+00
1.092864036560058594e+00
1.081003427505493164e+00
1.043815255165100098e+00
1.007040500640869141e+00
9.959143996238708496e-01
1.011584401130676270e+00
9.623707532882690430e-01
9.443552494049072266e-01
9.217709302902221680e-01
9.178966879844665527e-01
8.933093547821044922e-01
8.774416446685791016e-01
8.487802743911743164e-01
8.446234464645385742e-01
8.399652242660522461e-01
8.189845085144042969e-01
8.174039125442504883e-01
8.055952787399291992e-01
7.908675074577331543e-01
7.611194849014282227e-01
7.631357908248901367e-01
7.460381388664245605e-01
7.272242307662963867e-01
7.115524411201477051e-01
7.074728608131408691e-01
6.918573975563049316e-01
6.885333657264709473e-01
6.926581263542175293e-01
6.536857485771179199e-01
6.560752987861633301e-01
6.338116526603698730e-01
6.165018677711486816e-01
6.104770898818969727e-01
5.847187042236328125e-01
5.921403765678405762e-01
5.881985425949096680e-01
5.572988390922546387e-01
5.343187451362609863e-01
5.381638407707214355e-01
5.233261585235595703e-01
5.101575851440429688e-01
4.835366904735565186e-01
4.697690904140472412e-01
4.900866150856018066e-01
5.056199431419372559e-01
4.560718536376953125e-01
4.188725054264068604e-01
3.957405388355255127e-01
4.023583233356475830e-01
3.971281647682189941e-01
3.698211908340454102e-01
3.748807609081268311e-01
3.734164237976074219e-01
3.728877305984497070e-01
3.293981254100799561e-01
3.622256815433502197e-01
3.074535429477691650e-01
3.013355135917663574e-01
3.073214888572692871e-01
3.051613569259643555e-01
2.576002478599548340e-01
3.316866457462310791e-01
2.869370579719543457e-01
2.821386456489562988e-01
2.892503142356872559e-01
2.418389618396759033e-01
2.312132418155670166e-01
2.198478132486343384e-01
2.413623631000518799e-01
1.842119544744491577e-01
2.026998400688171387e-01
1.957286298274993896e-01
2.000980377197265625e-01
2.619256675243377686e-01
2.188343405723571777e-01
1.710963994264602661e-01
1.448320746421813965e-01
1.383303999900817871e-01
2.322838306427001953e-01
2.197207361459732056e-01
2.275319546461105347e-01
1.760740131139755249e-01
1.490219831466674805e-01
1.935101896524429321e-01
1.709729135036468506e-01
1.302789449691772461e-01
9.656599909067153931e-02
9.388972073793411255e-02
1.532566696405410767e-01
