2.146244525909423828e+00
1.856024146080017090e+00
1.846552371978759766e+00
1.832884192466735840e+00
1.724857568740844727e+00
1.582199454307556152e+00
1.497505664825439453e+00
1.409494280815124512e+00
1.356330513954162598e+00
1.352319359779357910e+00
1.309543371200561523e+00
1.322651624679565430e+00
1.224139809608459473e+00
1.213390111923217773e+00
1.182269454002380371e+00
1.126578450202941895e+00
1.097200751304626465e+00
1.117129206657409668e+00
1.072013616561889648e+00
1.010663390159606934e+00
1.000867486000061035e+00
9.778354763984680176e-01
9.214805364608764648e-01
8.988000750541687012e-01
9.543577432632446289e-01
8.663762211799621582e-01
8.313857316970825195e-01
8.118975162506103516e-01
7.362849116325378418e-01
7.167192101478576660e-01
6.757073402404785156e-01
6.443869471549987793e-01
6.198962330818176270e-01
5.973758101463317871e-01
5.330392122268676758e-01
5.531868338584899902e-01
7.509845495223999023e-01
5.459572672843933105e-01
4.882842600345611572e-01
4.355153143405914307e-01
4.079666137695312500e-01
4.193537235260009766e-01
3.553478717803955078e-01
3.368331491947174072e-01
3.248336911201477051e-01
2.418799698352813721e-01
2.421411871910095215e-01
2.233570814132690430e-01
2.218270003795623779e-01
2.705891728401184082e-01
2.268890738487243652e-01
1.694532483816146851e-01
1.349468231201171875e-01
1.008282601833343506e-01
9.065609425306320190e-02
1.058954298496246338e-01
4.278451800346374512e-01
2.381714880466461182e-01
1.233477219939231873e-01
7.924962043762207031e-02
5.694610998034477234e-02
3.613942489027976990e-02
2.725552022457122803e-02
1.804958097636699677e-02
4.710792750120162964e-02
6.193027645349502563e-02
5.438719317317008972e-02
3.209165111184120178e-02
1.322704255580902100e-01
2.065101116895675659e-01
3.546831607818603516e-01
3.404777646064758301e-01
1.562421023845672607e-01
9.377743303775787354e-02
3.733672574162483215e-02
3.357192873954772949e-02
6.165814399719238281e-02
2.790070138871669769e-02
9.430564008653163910e-03
5.003000143915414810e-03
4.066415596753358841e-03
3.485612338408827782e-03
3.219978185370564461e-03
2.839567838236689568e-03
2.505384152755141258e-03
2.267471514642238617e-03
2.039921702817082405e-03
1.907102297991514206e-03
1.799357822164893150e-03
1.806308864615857601e-03
1.759049366228282452e-03
1.566385733895003796e-03
1.436404185369610786e-03
1.325419754721224308e-03
1.228134380653500557e-03
1.152953831478953362e-03
1.099910354241728783e-03
1.051606494002044201e-03
9.816631209105253220e-04
9.385382873006165028e-04
