2.236860990524291992e+00
2.000039339065551758e+00
1.645343422889709473e+00
1.509290814399719238e+00
1.486832857131958008e+00
1.443393349647521973e+00
1.394703865051269531e+00
1.320665001869201660e+00
1.283411860466003418e+00
1.234376549720764160e+00
1.195174932479858398e+00
1.174399018287658691e+00
1.162949204444885254e+00
1.150352001190185547e+00
1.129535675048828125e+00
1.119730472564697266e+00
1.103157162666320801e+00
1.093408107757568359e+00
1.085677385330200195e+00
1.072393417358398438e+00
1.055346965789794922e+00
1.042709827423095703e+00
1.036327600479125977e+00
1.030821919441223145e+00
1.019087195396423340e+00
1.008311033248901367e+00
1.009523034095764160e+00
1.003100275993347168e+00
9.990700483322143555e-01
9.892793297767639160e-01
9.887650012969970703e-01
9.890223145484924316e-01
9.806447625160217285e-01
9.786322712898254395e-01
9.751268029212951660e-01
9.739522337913513184e-01
9.710680246353149414e-01
9.693895578384399414e-01
9.663310050964355469e-01
9.645275473594665527e-01
9.628750681877136230e-01
9.642642736434936523e-01
9.623965024948120117e-01
9.606359601020812988e-01
9.599618911743164062e-01
9.583863615989685059e-01
9.580915570259094238e-01
9.571242332458496094e-01
9.558548331260681152e-01
9.558396339416503906e-01
9.557410478591918945e-01
9.546115994453430176e-01
9.546979069709777832e-01
9.539948701858520508e-01
9.534497857093811035e-01
9.533827900886535645e-01
9.529599547386169434e-01
9.523796439170837402e-01
9.525534510612487793e-01
9.522573947906494141e-01
9.519467353820800781e-01
9.516394734382629395e-01
9.513860940933227539e-01
9.514904022216796875e-01
9.514352083206176758e-01
9.510611891746520996e-01
9.509373903274536133e-01
9.509570598602294922e-01
9.507817029953002930e-01
9.507430791854858398e-01
9.507117867469787598e-01
9.506982564926147461e-01
9.506354331970214844e-01
9.505476355552673340e-01
9.504315257072448730e-01
9.503941535949707031e-01
9.503515362739562988e-01
9.503055810928344727e-01
9.502626061439514160e-01
9.502673745155334473e-01
9.502276778221130371e-01
9.501807689666748047e-01
9.501963257789611816e-01
9.501495957374572754e-01
9.501359462738037109e-01
9.501202702522277832e-01
9.501062631607055664e-01
9.501018524169921875e-01
9.500765204429626465e-01
9.500651359558105469e-01
9.500716924667358398e-01
9.500558972358703613e-01
9.500457644462585449e-01
9.500317573547363281e-01
9.500240683555603027e-01
9.500201940536499023e-01
9.500210881233215332e-01
9.500141143798828125e-01
9.500136971473693848e-01
9.500002861022949219e-01
