1.500689554214477539e+01
1.524375700950622559e+01
1.526453542709350586e+01
3.378426289558410645e+01
1.556726551055908203e+01
3.544688177108764648e+01
1.502835631370544434e+01
1.525227403640747070e+01
1.549746799468994141e+01
1.582107806205749512e+01
1.492394423484802246e+01
1.504589271545410156e+01
1.542575407028198242e+01
1.548065376281738281e+01
1.504751443862915039e+01
1.518828558921813965e+01
1.493625402450561523e+01
1.577033376693725586e+01
1.492775654792785645e+01
1.534910774230957031e+01
1.550796508789062500e+01
1.515768170356750488e+01
1.536457252502441406e+01
1.544511175155639648e+01
1.533358621597290039e+01
2.346905827522277832e+01
1.527290225028991699e+01
1.548219156265258789e+01
1.503505182266235352e+01
1.531334042549133301e+01
3.194328427314758301e+01
1.897361111640930176e+01
3.132652592658996582e+01
1.508407664299011230e+01
2.728213858604431152e+01
3.198697543144226074e+01
1.559757447242736816e+01
1.475774168968200684e+01
2.210959792137145996e+01
1.510669517517089844e+01
1.518831944465637207e+01
1.524838590621948242e+01
1.537634301185607910e+01
1.523622918128967285e+01
2.326936507225036621e+01
1.522894597053527832e+01
1.543578338623046875e+01
1.579829525947570801e+01
1.542821836471557617e+01
1.553935456275939941e+01
1.552631258964538574e+01
1.535614824295043945e+01
3.322453999519348145e+01
1.551247501373291016e+01
1.532956433296203613e+01
1.535130357742309570e+01
1.561297106742858887e+01
1.495944166183471680e+01
3.414158916473388672e+01
1.821453452110290527e+01
1.529015064239501953e+01
1.560191035270690918e+01
1.560631799697875977e+01
1.537990927696228027e+01
1.542300724983215332e+01
1.568155717849731445e+01
3.275459384918212891e+01
1.535330128669738770e+01
1.830636453628540039e+01
1.525395750999450684e+01
2.958286643028259277e+01
1.923626780509948730e+01
1.551719093322753906e+01
1.542263364791870117e+01
2.437140226364135742e+01
1.544571423530578613e+01
2.793485140800476074e+01
1.550660800933837891e+01
2.272769284248352051e+01
1.553187346458435059e+01
1.524332356452941895e+01
2.383130931854248047e+01
1.528922820091247559e+01
1.553417682647705078e+01
2.729061174392700195e+01
1.510269665718078613e+01
2.335614752769470215e+01
1.579787182807922363e+01
1.547217607498168945e+01
1.564656710624694824e+01
3.283809185028076172e+01
1.556626200675964355e+01
1.476154661178588867e+01
1.549937415122985840e+01
1.553320264816284180e+01
1.525947189331054688e+01
1.540555739402770996e+01
1.496857333183288574e+01
1.548054003715515137e+01
1.528749942779541016e+01
