1.890329885482788086e+01
1.479177975654602051e+01
1.527937769889831543e+01
3.456827402114868164e+01
1.504394888877868652e+01
1.497978782653808594e+01
2.147930598258972168e+01
1.854769253730773926e+01
1.501655197143554688e+01
1.495992541313171387e+01
2.302495288848876953e+01
1.892093777656555176e+01
2.221919226646423340e+01
1.494619178771972656e+01
1.482851243019104004e+01
1.478704833984375000e+01
1.946367812156677246e+01
1.480374002456665039e+01
2.986105036735534668e+01
1.500581526756286621e+01
3.156174015998840332e+01
1.499231028556823730e+01
1.462797236442565918e+01
2.060502195358276367e+01
1.624138998985290527e+01
1.492103934288024902e+01
3.273399686813354492e+01
1.853030443191528320e+01
3.489733409881591797e+01
1.836310744285583496e+01
1.468498301506042480e+01
1.509545397758483887e+01
3.033815121650695801e+01
1.449403166770935059e+01
2.617582535743713379e+01
1.483743762969970703e+01
2.505976295471191406e+01
1.884857702255249023e+01
1.498077774047851562e+01
3.511413764953613281e+01
1.777234005928039551e+01
1.473123764991760254e+01
1.501005792617797852e+01
2.892294692993164062e+01
1.500714635848999023e+01
1.479978466033935547e+01
3.009816074371337891e+01
1.517925953865051270e+01
1.499227142333984375e+01
1.479933142662048340e+01
3.461700534820556641e+01
1.488703632354736328e+01
1.517863559722900391e+01
1.466879463195800781e+01
1.918916082382202148e+01
1.492202568054199219e+01
1.514497327804565430e+01
1.495728611946105957e+01
3.408043146133422852e+01
1.492423129081726074e+01
3.409556150436401367e+01
1.523692631721496582e+01
1.505510354042053223e+01
1.482918643951416016e+01
1.499448776245117188e+01
1.513438892364501953e+01
1.513675355911254883e+01
1.474402475357055664e+01
1.488704037666320801e+01
2.327621150016784668e+01
1.557253122329711914e+01
2.695070648193359375e+01
1.485169696807861328e+01
1.491162824630737305e+01
2.353010034561157227e+01
1.483266592025756836e+01
1.467821025848388672e+01
1.484822463989257812e+01
1.467073631286621094e+01
1.497561645507812500e+01
1.492949199676513672e+01
2.491293811798095703e+01
3.318323898315429688e+01
1.473533487319946289e+01
1.511000204086303711e+01
1.457210993766784668e+01
1.497775268554687500e+01
1.497503161430358887e+01
1.467380785942077637e+01
1.502505302429199219e+01
3.313231587409973145e+01
1.499946117401123047e+01
1.481438493728637695e+01
2.215983557701110840e+01
1.844008612632751465e+01
2.685833787918090820e+01
1.451950907707214355e+01
1.444572067260742188e+01
1.465185499191284180e+01
1.462601113319396973e+01
