2.671670913696289062e-02
2.629184722900390625e-02
2.633810043334960938e-02
2.681565284729003906e-02
2.660894393920898438e-02
2.685332298278808594e-02
2.661037445068359375e-02
3.875780105590820312e-02
2.654480934143066406e-02
2.676177024841308594e-02
2.664685249328613281e-02
2.690052986145019531e-02
2.663278579711914062e-02
2.608847618103027344e-02
2.656412124633789062e-02
2.677774429321289062e-02
2.660775184631347656e-02
2.657365798950195312e-02
2.651166915893554688e-02
2.612829208374023438e-02
2.623033523559570312e-02
2.671647071838378906e-02
3.546047210693359375e-02
2.625417709350585938e-02
2.629327774047851562e-02
2.642536163330078125e-02
2.650189399719238281e-02
2.640485763549804688e-02
2.687048912048339844e-02
2.652287483215332031e-02
2.657556533813476562e-02
2.660918235778808594e-02
6.032967567443847656e-02
2.649831771850585938e-02
2.652335166931152344e-02
2.646660804748535156e-02
2.643895149230957031e-02
2.622413635253906250e-02
2.657794952392578125e-02
2.631425857543945312e-02
2.631092071533203125e-02
2.623724937438964844e-02
5.479812622070312500e-02
2.672386169433593750e-02
2.621817588806152344e-02
2.675056457519531250e-02
2.663826942443847656e-02
2.649354934692382812e-02
2.670931816101074219e-02
2.664089202880859375e-02
