1.079516649246215820e+01
2.038092827796936035e+01
3.166616201400756836e+01
2.013190722465515137e+01
3.190553426742553711e+01
2.096855139732360840e+01
3.088771319389343262e+01
1.170072627067565918e+01
2.046235585212707520e+01
1.140522933006286621e+01
1.795371127128601074e+01
1.323972916603088379e+01
1.786465549468994141e+01
1.462743663787841797e+01
1.681772017478942871e+01
1.267224121093750000e+01
1.834182739257812500e+01
1.435417890548706055e+01
1.779989075660705566e+01
1.461145710945129395e+01
1.232269573211669922e+01
1.876311492919921875e+01
1.393059110641479492e+01
1.234038662910461426e+01
1.142068719863891602e+01
1.166051769256591797e+01
1.296159648895263672e+01
1.975483083724975586e+01
2.045875883102416992e+01
1.137690377235412598e+01
2.002520060539245605e+01
1.192469835281372070e+01
1.902038288116455078e+01
1.218093109130859375e+01
1.135152149200439453e+01
1.901560688018798828e+01
1.183307528495788574e+01
2.046129512786865234e+01
1.099157309532165527e+01
1.247814559936523438e+01
1.187719106674194336e+01
1.833454728126525879e+01
1.223684549331665039e+01
1.206746768951416016e+01
2.094365477561950684e+01
3.087612223625183105e+01
2.094724988937377930e+01
4.093927240371704102e+01
1.122815847396850586e+01
3.093679213523864746e+01
