1.687912940979003906e+01
2.107354688644409180e+01
3.327511334419250488e+01
2.355746889114379883e+01
4.091226077079772949e+01
1.690310096740722656e+01
3.266608214378356934e+01
2.566044473648071289e+01
2.674043464660644531e+01
2.239801359176635742e+01
2.971745491027832031e+01
2.191010975837707520e+01
4.090275979042053223e+01
3.192677569389343262e+01
2.021011757850646973e+01
3.250298619270324707e+01
4.090159416198730469e+01
1.661198568344116211e+01
2.318776464462280273e+01
3.361914420127868652e+01
2.379630565643310547e+01
3.280131220817565918e+01
2.709667539596557617e+01
2.920283079147338867e+01
2.480664086341857910e+01
3.144312310218811035e+01
2.677813220024108887e+01
2.042152500152587891e+01
3.238417840003967285e+01
4.090794944763183594e+01
4.088222217559814453e+01
2.042699980735778809e+01
2.330003571510314941e+01
3.278465914726257324e+01
4.091819071769714355e+01
2.044211578369140625e+01
2.167946553230285645e+01
3.051557850837707520e+01
2.353540062904357910e+01
3.384423494338989258e+01
2.456118941307067871e+01
3.321616005897521973e+01
1.817423319816589355e+01
4.090056085586547852e+01
1.669346070289611816e+01
2.831388020515441895e+01
2.576782917976379395e+01
4.090324687957763672e+01
1.651961970329284668e+01
2.560834956169128418e+01
4.091675639152526855e+01
4.092133760452270508e+01
1.662794566154479980e+01
2.113831233978271484e+01
2.059485149383544922e+01
2.067552065849304199e+01
3.345243096351623535e+01
2.674203515052795410e+01
2.818334650993347168e+01
2.783358335494995117e+01
2.765988802909851074e+01
4.089910507202148438e+01
2.041278171539306641e+01
2.298254585266113281e+01
4.089287996292114258e+01
2.131236863136291504e+01
2.836416339874267578e+01
2.762491130828857422e+01
2.635790109634399414e+01
2.963615798950195312e+01
2.503423953056335449e+01
3.414676237106323242e+01
2.114644551277160645e+01
3.381587600708007812e+01
1.664357185363769531e+01
3.265222263336181641e+01
1.936122417449951172e+01
2.537772941589355469e+01
4.090927028656005859e+01
2.045881986618041992e+01
4.091462922096252441e+01
1.911573433876037598e+01
4.091622400283813477e+01
1.943847441673278809e+01
2.182331466674804688e+01
3.330159139633178711e+01
2.463497161865234375e+01
4.090048742294311523e+01
1.648815441131591797e+01
4.089085769653320312e+01
2.241573214530944824e+01
2.698402523994445801e+01
4.090225744247436523e+01
2.308711981773376465e+01
4.089828634262084961e+01
1.665469622611999512e+01
4.090211391448974609e+01
1.649512839317321777e+01
2.237326979637145996e+01
4.092882370948791504e+01
