2.284900643825531006e+02
2.344783928394317627e+02
2.298946874141693115e+02
2.293018729686737061e+02
2.305806851387023926e+02
2.269964091777801514e+02
2.786898241043090820e+02
2.286374983787536621e+02
2.282314934730529785e+02
2.290003702640533447e+02
2.256959037780761719e+02
2.288421387672424316e+02
2.735536773204803467e+02
2.305765628814697266e+02
2.304751884937286377e+02
2.384925074577331543e+02
2.430028998851776123e+02
2.292313001155853271e+02
2.318575797080993652e+02
2.290443546772003174e+02
2.307142109870910645e+02
2.798014130592346191e+02
2.332296869754791260e+02
2.608524622917175293e+02
2.298299055099487305e+02
2.280244646072387695e+02
2.288518061637878418e+02
2.790526204109191895e+02
2.293107354640960693e+02
2.304655108451843262e+02
2.575391798019409180e+02
2.305863516330718994e+02
2.271732454299926758e+02
2.293557898998260498e+02
2.776771895885467529e+02
2.309944231510162354e+02
2.294492356777191162e+02
2.610185303688049316e+02
2.327504794597625732e+02
2.715595190525054932e+02
2.290186517238616943e+02
2.263365874290466309e+02
2.287168517112731934e+02
2.498434512615203857e+02
2.285056936740875244e+02
2.721964519023895264e+02
2.268365838527679443e+02
2.329623620510101318e+02
2.780742881298065186e+02
2.514681060314178467e+02
2.387176094055175781e+02
2.310882427692413330e+02
2.564747371673583984e+02
2.292109935283660889e+02
2.565852167606353760e+02
2.284388720989227295e+02
2.275551104545593262e+02
2.274146401882171631e+02
2.290192523002624512e+02
2.300089869499206543e+02
2.307908623218536377e+02
2.304263565540313721e+02
2.307091391086578369e+02
2.282920694351196289e+02
2.735716416835784912e+02
2.496507823467254639e+02
2.335970473289489746e+02
2.289915001392364502e+02
2.274796917438507080e+02
2.719484488964080811e+02
2.319077968597412109e+02
2.682814443111419678e+02
2.559072291851043701e+02
2.295535490512847900e+02
2.269813482761383057e+02
2.282117855548858643e+02
2.281568074226379395e+02
2.261111953258514404e+02
2.262086796760559082e+02
2.538507900238037109e+02
2.317460834980010986e+02
2.288204402923583984e+02
2.650107498168945312e+02
2.306810443401336670e+02
2.280424966812133789e+02
2.805115942955017090e+02
2.548467526435852051e+02
2.441869268417358398e+02
2.700405194759368896e+02
2.294631850719451904e+02
2.290470271110534668e+02
2.294031133651733398e+02
2.685434701442718506e+02
2.521637129783630371e+02
2.300683591365814209e+02
2.290722210407257080e+02
2.748479404449462891e+02
2.271176335811614990e+02
2.301653811931610107e+02
2.272707800865173340e+02
