2.403065929412841797e+02
2.591477034091949463e+02
3.218818159103393555e+02
2.618633453845977783e+02
3.218592400550842285e+02
2.372215511798858643e+02
2.720855290889739990e+02
3.218500573635101318e+02
2.618536574840545654e+02
3.218569407463073730e+02
2.618840465545654297e+02
2.704140274524688721e+02
2.770517411231994629e+02
2.819530785083770752e+02
2.826289184093475342e+02
2.618563122749328613e+02
2.512536859512329102e+02
2.756988830566406250e+02
3.218605849742889404e+02
2.392560513019561768e+02
3.218288872241973877e+02
2.618748219013214111e+02
3.218625881671905518e+02
2.382061154842376709e+02
2.725351302623748779e+02
3.218632156848907471e+02
2.593787736892700195e+02
2.719566578865051270e+02
2.950261642932891846e+02
2.812709596157073975e+02
2.954951078891754150e+02
3.218669457435607910e+02
2.618495638370513916e+02
2.666936736106872559e+02
3.218645584583282471e+02
2.618563520908355713e+02
2.618667225837707520e+02
3.218611414432525635e+02
2.396922416687011719e+02
3.218633501529693604e+02
2.392510926723480225e+02
2.954534783363342285e+02
3.218724050521850586e+02
2.408125393390655518e+02
3.218576941490173340e+02
2.391216990947723389e+02
2.880855100154876709e+02
2.602673654556274414e+02
2.775986640453338623e+02
2.865922763347625732e+02
2.697447969913482666e+02
2.678532183170318604e+02
3.218905332088470459e+02
2.619065015316009521e+02
3.218686826229095459e+02
2.619059884548187256e+02
2.618735468387603760e+02
3.218592069149017334e+02
2.367952165603637695e+02
2.689388542175292969e+02
3.218826980590820312e+02
2.420206050872802734e+02
3.218684499263763428e+02
2.618531465530395508e+02
2.547345697879791260e+02
2.844295232295989990e+02
2.741692609786987305e+02
3.218663127422332764e+02
2.618845002651214600e+02
2.618658866882324219e+02
3.218619055747985840e+02
2.382769925594329834e+02
3.218656930923461914e+02
2.387582833766937256e+02
2.617494153976440430e+02
2.890986680984497070e+02
3.218639190196990967e+02
2.618830146789550781e+02
2.618631763458251953e+02
2.814195578098297119e+02
2.677100620269775391e+02
3.218855972290039062e+02
2.397845828533172607e+02
2.719464218616485596e+02
3.218605854511260986e+02
2.391022543907165527e+02
3.218662030696868896e+02
2.618680379390716553e+02
3.218558833599090576e+02
2.389574506282806396e+02
2.949495322704315186e+02
2.780613183975219727e+02
2.853121476173400879e+02
3.218613357543945312e+02
2.403242275714874268e+02
2.746397252082824707e+02
2.795008916854858398e+02
2.788346521854400635e+02
3.218691251277923584e+02
2.379225063323974609e+02
