4.790607643127441406e+01
1.321982169151306152e+01
1.345637989044189453e+01
1.362606382369995117e+01
3.865325927734375000e+01
6.599036455154418945e+01
1.307661414146423340e+01
1.325008130073547363e+01
1.312943768501281738e+01
1.318885707855224609e+01
4.066707730293273926e+01
6.229642987251281738e+01
3.841586613655090332e+01
1.328848123550415039e+01
4.594320631027221680e+01
4.817597913742065430e+01
1.339974904060363770e+01
1.314519286155700684e+01
4.202320814132690430e+01
1.319228720664978027e+01
4.249043822288513184e+01
1.312591910362243652e+01
1.283596301078796387e+01
1.323445796966552734e+01
1.342983102798461914e+01
4.239083242416381836e+01
1.267151117324829102e+01
5.563290596008300781e+01
2.162738561630249023e+01
5.590938448905944824e+01
7.122024965286254883e+01
1.276391768455505371e+01
1.277256560325622559e+01
4.207545065879821777e+01
1.307465815544128418e+01
1.287261486053466797e+01
1.346276736259460449e+01
1.315465378761291504e+01
5.155155897140502930e+01
1.333784747123718262e+01
1.283766841888427734e+01
1.333000707626342773e+01
1.306769466400146484e+01
3.272333240509033203e+01
6.544010400772094727e+01
1.334404277801513672e+01
1.336489057540893555e+01
1.347495436668395996e+01
5.362160468101501465e+01
2.133719444274902344e+01
1.327858662605285645e+01
1.329513430595397949e+01
3.279664564132690430e+01
1.352037334442138672e+01
1.317600965499877930e+01
1.344318723678588867e+01
5.860426020622253418e+01
1.320365166664123535e+01
1.363774943351745605e+01
5.111952209472656250e+01
1.355360531806945801e+01
1.355720067024230957e+01
1.332763051986694336e+01
1.357901144027709961e+01
5.473505377769470215e+01
1.347389268875122070e+01
5.264706993103027344e+01
1.308906507492065430e+01
4.771386122703552246e+01
1.327603077888488770e+01
5.050410985946655273e+01
1.332701683044433594e+01
5.503383445739746094e+01
2.262386941909790039e+01
6.380863428115844727e+01
3.086327862739562988e+01
1.308889222145080566e+01
4.174881839752197266e+01
1.324103307723999023e+01
1.364669513702392578e+01
1.381612539291381836e+01
1.338663387298583984e+01
3.893490815162658691e+01
1.332939910888671875e+01
1.316795444488525391e+01
5.996203589439392090e+01
1.371276378631591797e+01
1.370853257179260254e+01
1.361029458045959473e+01
1.350474739074707031e+01
1.327347230911254883e+01
1.375301408767700195e+01
4.486629986763000488e+01
1.341941094398498535e+01
1.329393458366394043e+01
1.382318019866943359e+01
1.370185708999633789e+01
4.820331478118896484e+01
1.351371598243713379e+01
6.246265339851379395e+01
