2.535522263050079346e+02
2.561399321556091309e+02
2.286548113822937012e+02
2.299324696063995361e+02
2.610321047306060791e+02
2.291179389953613281e+02
2.761684944629669189e+02
2.532906970977783203e+02
2.256141083240509033e+02
2.559507436752319336e+02
2.271183869838714600e+02
2.556385743618011475e+02
2.364267892837524414e+02
2.779180049896240234e+02
2.264558022022247314e+02
2.271208653450012207e+02
2.326876044273376465e+02
2.291032297611236572e+02
2.614343786239624023e+02
2.500980215072631836e+02
2.286741864681243896e+02
2.785762853622436523e+02
2.315854024887084961e+02
2.609171838760375977e+02
2.299812185764312744e+02
2.654213159084320068e+02
2.292514438629150391e+02
2.274668822288513184e+02
2.604831085205078125e+02
2.265773978233337402e+02
2.307605841159820557e+02
2.313515980243682861e+02
2.787455453872680664e+02
2.296728181838989258e+02
2.298720557689666748e+02
2.262189443111419678e+02
2.825065464973449707e+02
2.509540188312530518e+02
2.265114414691925049e+02
2.288438117504119873e+02
2.322395861148834229e+02
2.257356333732604980e+02
2.282697646617889404e+02
2.286651875972747803e+02
2.307736821174621582e+02
2.307181959152221680e+02
2.297692708969116211e+02
2.330010495185852051e+02
2.758540391921997070e+02
2.302862970829010010e+02
2.290132074356079102e+02
2.868186311721801758e+02
2.318089334964752197e+02
2.816536259651184082e+02
2.292999966144561768e+02
2.303071846961975098e+02
2.290433523654937744e+02
2.640389227867126465e+02
2.472649543285369873e+02
2.322827394008636475e+02
2.697767324447631836e+02
2.331564848423004150e+02
2.311420676708221436e+02
2.637960302829742432e+02
2.300395615100860596e+02
2.676281812191009521e+02
2.517063741683959961e+02
2.295714490413665771e+02
2.310167729854583740e+02
2.286192145347595215e+02
2.752977049350738525e+02
2.315347368717193604e+02
2.295509390830993652e+02
2.639873704910278320e+02
2.291854517459869385e+02
2.302057516574859619e+02
2.313351519107818604e+02
2.289599511623382568e+02
2.308045179843902588e+02
2.595050301551818848e+02
2.517338361740112305e+02
2.276940832138061523e+02
2.304394316673278809e+02
2.289914832115173340e+02
2.264417271614074707e+02
2.231403765678405762e+02
2.329119713306427002e+02
2.850826573371887207e+02
2.311375823020935059e+02
2.638994257450103760e+02
2.277330563068389893e+02
2.778700888156890869e+02
2.540515789985656738e+02
2.322045490741729736e+02
2.291610035896301270e+02
2.704671065807342529e+02
2.522107532024383545e+02
2.303444395065307617e+02
2.298097577095031738e+02
2.288006033897399902e+02
