2.398838570117950439e+02
2.595049078464508057e+02
2.679351499080657959e+02
2.809376146793365479e+02
2.600914068222045898e+02
2.610198631286621094e+02
2.741149070262908936e+02
2.749975860118865967e+02
2.618842253684997559e+02
2.407205381393432617e+02
2.964315822124481201e+02
3.218976936340332031e+02
2.382947378158569336e+02
2.844388554096221924e+02
3.218713400363922119e+02
2.377074418067932129e+02
2.792866134643554688e+02
2.597680895328521729e+02
2.732729713916778564e+02
3.218621852397918701e+02
2.618651795387268066e+02
3.218644056320190430e+02
2.378385992050170898e+02
2.649233982563018799e+02
3.218590536117553711e+02
2.392566478252410889e+02
2.950860450267791748e+02
2.608085315227508545e+02
2.980187468528747559e+02
3.218423941135406494e+02
2.618802101612091064e+02
3.218333435058593750e+02
2.397621140480041504e+02
2.668840267658233643e+02
2.922128865718841553e+02
3.218482782840728760e+02
2.618898396492004395e+02
2.669631805419921875e+02
3.218759927749633789e+02
2.374378521442413330e+02
2.851561813354492188e+02
2.783113398551940918e+02
2.800171790122985840e+02
2.918809494972229004e+02
3.218714365959167480e+02
2.400421595573425293e+02
3.218640143871307373e+02
2.395674927234649658e+02
2.687121725082397461e+02
2.919063053131103516e+02
2.840010952949523926e+02
2.792042891979217529e+02
2.777263259887695312e+02
2.891050071716308594e+02
2.756724853515625000e+02
3.218592581748962402e+02
2.618815972805023193e+02
2.683444437980651855e+02
2.676477830410003662e+02
2.921728904247283936e+02
3.218469285964965820e+02
2.618922936916351318e+02
3.218715081214904785e+02
2.618809287548065186e+02
2.496282021999359131e+02
2.896339416503906250e+02
3.218611524105072021e+02
2.618756735324859619e+02
2.555468106269836426e+02
2.778553001880645752e+02
2.862659423351287842e+02
3.218590607643127441e+02
2.377840046882629395e+02
3.218749711513519287e+02
2.424687974452972412e+02
2.896496572494506836e+02
2.673894703388214111e+02
2.929957380294799805e+02
3.218671329021453857e+02
2.366252882480621338e+02
2.618410949707031250e+02
2.967641468048095703e+02
2.839398760795593262e+02
2.741684091091156006e+02
3.218090882301330566e+02
2.505687921047210693e+02
2.735004961490631104e+02
3.218664498329162598e+02
2.618304443359375000e+02
3.218888065814971924e+02
2.379613747596740723e+02
3.218715252876281738e+02
2.418288543224334717e+02
2.933516356945037842e+02
2.882974736690521240e+02
2.684332284927368164e+02
2.676929228305816650e+02
2.799433069229125977e+02
3.218845636844635010e+02
2.399596190452575684e+02
