1.833401274681091309e+01
1.802732348442077637e+01
1.805227589607238770e+01
1.804467439651489258e+01
1.807610082626342773e+01
1.809812307357788086e+01
1.810083341598510742e+01
1.814024782180786133e+01
1.812977981567382812e+01
1.813066601753234863e+01
1.808510732650756836e+01
1.806161952018737793e+01
1.806662034988403320e+01
1.805894494056701660e+01
1.814915251731872559e+01
1.809692549705505371e+01
1.813132572174072266e+01
1.804085826873779297e+01
1.822635316848754883e+01
1.810043144226074219e+01
1.809735488891601562e+01
1.807721805572509766e+01
1.805094432830810547e+01
1.810693430900573730e+01
1.812240076065063477e+01
1.807877278327941895e+01
1.816254901885986328e+01
1.820773816108703613e+01
1.818348121643066406e+01
1.809452700614929199e+01
1.818572258949279785e+01
1.807707071304321289e+01
1.806629633903503418e+01
1.810052561759948730e+01
1.806336140632629395e+01
1.806984138488769531e+01
1.814986920356750488e+01
1.812547850608825684e+01
1.803683805465698242e+01
1.811515355110168457e+01
1.810454535484313965e+01
1.808043003082275391e+01
1.809219861030578613e+01
1.812202906608581543e+01
1.814895439147949219e+01
1.807393503189086914e+01
1.806240153312683105e+01
1.809522747993469238e+01
1.812475800514221191e+01
1.814093041419982910e+01
1.812479496002197266e+01
1.812915253639221191e+01
1.812157964706420898e+01
1.805967068672180176e+01
1.805319428443908691e+01
1.808218479156494141e+01
1.801481628417968750e+01
1.800537586212158203e+01
1.795595264434814453e+01
1.807225871086120605e+01
1.817257237434387207e+01
1.811986398696899414e+01
1.812205815315246582e+01
1.804376649856567383e+01
1.802214503288269043e+01
1.813773393630981445e+01
1.798617434501647949e+01
1.810362362861633301e+01
1.809916186332702637e+01
1.811386394500732422e+01
1.810379362106323242e+01
1.807600021362304688e+01
1.800276541709899902e+01
1.812803006172180176e+01
1.807036232948303223e+01
1.802631020545959473e+01
1.811259460449218750e+01
1.798845624923706055e+01
1.798231148719787598e+01
1.808645749092102051e+01
1.807577109336853027e+01
1.794228196144104004e+01
1.806639528274536133e+01
1.812821269035339355e+01
1.799470734596252441e+01
1.804961848258972168e+01
1.808072996139526367e+01
1.814172124862670898e+01
1.802612614631652832e+01
1.803981828689575195e+01
1.804297018051147461e+01
1.807631683349609375e+01
1.806521725654602051e+01
1.800917100906372070e+01
1.803735566139221191e+01
1.803885340690612793e+01
1.810695576667785645e+01
1.802722382545471191e+01
1.809438753128051758e+01
1.805526113510131836e+01
