9.925046682357788086e+00
9.086677074432373047e+00
9.117537021636962891e+00
9.274688720703125000e+00
9.098811149597167969e+00
9.124034404754638672e+00
9.225267410278320312e+00
9.141674280166625977e+00
9.017420291900634766e+00
9.066807270050048828e+00
9.127498626708984375e+00
9.119267940521240234e+00
9.156488180160522461e+00
9.044108867645263672e+00
9.074847936630249023e+00
9.002643585205078125e+00
8.997664213180541992e+00
9.100489854812622070e+00
8.944693326950073242e+00
8.978370666503906250e+00
9.064668178558349609e+00
8.987957000732421875e+00
8.948117494583129883e+00
9.059553861618041992e+00
9.158766269683837891e+00
9.056927204132080078e+00
8.957950592041015625e+00
9.155193328857421875e+00
9.041126489639282227e+00
9.181803226470947266e+00
