5.316519737243652344e-02
5.265617370605468750e-02
5.261659622192382812e-02
5.278682708740234375e-02
5.353760719299316406e-02
5.378508567810058594e-02
5.306887626647949219e-02
5.279111862182617188e-02
5.417180061340332031e-02
5.554795265197753906e-02
5.374121665954589844e-02
5.434012413024902344e-02
5.459189414978027344e-02
5.392599105834960938e-02
5.338573455810546875e-02
5.384135246276855469e-02
5.453085899353027344e-02
5.332732200622558594e-02
5.442285537719726562e-02
5.444908142089843750e-02
5.431079864501953125e-02
5.346369743347167969e-02
5.341100692749023438e-02
5.381536483764648438e-02
5.465269088745117188e-02
5.170273780822753906e-02
5.362248420715332031e-02
5.453515052795410156e-02
5.363678932189941406e-02
5.384922027587890625e-02
5.388450622558593750e-02
5.362558364868164062e-02
5.248737335205078125e-02
5.333638191223144531e-02
5.383849143981933594e-02
5.341434478759765625e-02
5.361604690551757812e-02
5.335354804992675781e-02
5.392479896545410156e-02
5.390620231628417969e-02
5.286049842834472656e-02
5.420589447021484375e-02
5.384039878845214844e-02
5.436134338378906250e-02
5.482602119445800781e-02
5.273389816284179688e-02
5.346298217773437500e-02
5.343055725097656250e-02
5.355620384216308594e-02
5.345034599304199219e-02
