1.695632362365722656e+01
2.098061156272888184e+01
3.804535508155822754e+01
2.119184589385986328e+01
3.747541069984436035e+01
4.093999052047729492e+01
2.047179818153381348e+01
2.058354020118713379e+01
3.617402052879333496e+01
2.195754051208496094e+01
3.728217792510986328e+01
2.375411868095397949e+01
3.777091693878173828e+01
3.704185032844543457e+01
1.754589986801147461e+01
1.935834884643554688e+01
1.821539640426635742e+01
2.060267877578735352e+01
3.685312032699584961e+01
2.054320406913757324e+01
3.615529608726501465e+01
2.296438384056091309e+01
3.626456880569458008e+01
2.305125069618225098e+01
3.600590443611145020e+01
4.093970203399658203e+01
1.675151300430297852e+01
2.036669421195983887e+01
3.728619790077209473e+01
2.081928539276123047e+01
3.669297742843627930e+01
2.090602469444274902e+01
3.669881248474121094e+01
2.369503378868103027e+01
3.446493816375732422e+01
2.549558329582214355e+01
4.093978476524353027e+01
1.737553334236145020e+01
3.627773427963256836e+01
2.083085250854492188e+01
3.694931483268737793e+01
2.045934867858886719e+01
2.046790766716003418e+01
2.046814250946044922e+01
4.095236039161682129e+01
1.798107385635375977e+01
4.093903684616088867e+01
1.730377173423767090e+01
3.800697350502014160e+01
2.105758547782897949e+01
