1.768348407745361328e+01
1.772351527214050293e+01
1.766390538215637207e+01
1.772900414466857910e+01
1.774617028236389160e+01
1.763538074493408203e+01
1.759930944442749023e+01
1.751383209228515625e+01
1.751317310333251953e+01
1.753543233871459961e+01
1.753949236869812012e+01
1.754111051559448242e+01
1.750336718559265137e+01
1.755873394012451172e+01
1.756776785850524902e+01
1.757866764068603516e+01
1.751141166687011719e+01
1.756509113311767578e+01
1.765897941589355469e+01
1.758022499084472656e+01
1.760880637168884277e+01
1.767118382453918457e+01
1.754029750823974609e+01
1.744521617889404297e+01
1.748725104331970215e+01
1.780061459541320801e+01
1.734024143218994141e+01
1.739122486114501953e+01
1.737203097343444824e+01
1.735249829292297363e+01
1.736778283119201660e+01
1.736037015914916992e+01
1.737272191047668457e+01
1.734142231941223145e+01
1.733876323699951172e+01
1.724235200881958008e+01
1.727171468734741211e+01
1.726634955406188965e+01
1.721181488037109375e+01
1.730701231956481934e+01
1.722916984558105469e+01
1.723912048339843750e+01
1.739614629745483398e+01
1.736593246459960938e+01
1.729987215995788574e+01
1.724173378944396973e+01
1.723543739318847656e+01
1.727827548980712891e+01
1.727624583244323730e+01
1.729758954048156738e+01
