1.690620994567871094e+01
1.655779099464416504e+01
1.829559135437011719e+01
1.818809700012207031e+01
1.917335057258605957e+01
1.658676052093505859e+01
2.038518667221069336e+01
1.655932879447937012e+01
1.660181999206542969e+01
1.835321879386901855e+01
1.829065704345703125e+01
1.829357814788818359e+01
2.042593193054199219e+01
1.652890634536743164e+01
2.039058375358581543e+01
1.661770558357238770e+01
1.661694526672363281e+01
1.842037677764892578e+01
1.850486397743225098e+01
1.852425765991210938e+01
1.668804121017456055e+01
1.842587876319885254e+01
2.039840507507324219e+01
1.662909984588623047e+01
1.822004914283752441e+01
2.038653683662414551e+01
1.808892655372619629e+01
1.898513221740722656e+01
1.830543160438537598e+01
1.889671111106872559e+01
1.902357196807861328e+01
1.866915011405944824e+01
1.838907694816589355e+01
1.670885276794433594e+01
1.824804973602294922e+01
1.660241198539733887e+01
1.657119274139404297e+01
2.037946367263793945e+01
1.658141899108886719e+01
1.824357056617736816e+01
1.656241416931152344e+01
1.983282208442687988e+01
2.039494180679321289e+01
1.788936686515808105e+01
1.791411328315734863e+01
1.666562724113464355e+01
1.824642229080200195e+01
1.909959101676940918e+01
1.813964414596557617e+01
2.039490103721618652e+01
1.807924652099609375e+01
1.850150513648986816e+01
1.656645965576171875e+01
1.659082579612731934e+01
1.694860219955444336e+01
1.670837163925170898e+01
1.821280670166015625e+01
1.769996595382690430e+01
2.038896703720092773e+01
1.657491922378540039e+01
2.038447809219360352e+01
1.709051823616027832e+01
1.832153940200805664e+01
1.662248992919921875e+01
1.677477765083312988e+01
1.911341166496276855e+01
1.913188648223876953e+01
1.829632759094238281e+01
1.877848172187805176e+01
1.828869295120239258e+01
1.653772997856140137e+01
1.681338739395141602e+01
1.881686139106750488e+01
1.870119810104370117e+01
1.762415552139282227e+01
1.820285677909851074e+01
1.775688076019287109e+01
1.823969912528991699e+01
1.822519397735595703e+01
1.657997584342956543e+01
1.897874164581298828e+01
1.814118742942810059e+01
1.835463976860046387e+01
1.729839706420898438e+01
1.662669849395751953e+01
1.821107101440429688e+01
1.829914116859436035e+01
1.885041117668151855e+01
1.845434236526489258e+01
1.658337521553039551e+01
1.891634130477905273e+01
1.843415713310241699e+01
1.667979311943054199e+01
2.039033555984497070e+01
1.798235225677490234e+01
2.041130733489990234e+01
1.653793263435363770e+01
2.039368414878845215e+01
1.661317801475524902e+01
1.827011108398437500e+01
