2.786456513404846191e+01
2.797379446029663086e+01
2.790747094154357910e+01
2.795050859451293945e+01
2.795839047431945801e+01
2.801309514045715332e+01
2.802059626579284668e+01
2.799164891242980957e+01
2.802436947822570801e+01
2.796187853813171387e+01
2.795400714874267578e+01
2.797590970993041992e+01
2.806656455993652344e+01
2.795826506614685059e+01
2.785405039787292480e+01
2.774269556999206543e+01
2.772870755195617676e+01
2.768171930313110352e+01
2.764101600646972656e+01
2.763002228736877441e+01
2.767167615890502930e+01
2.763461232185363770e+01
2.783618903160095215e+01
2.767482089996337891e+01
2.769236040115356445e+01
2.759839701652526855e+01
2.757515168190002441e+01
2.750711846351623535e+01
2.739213395118713379e+01
2.743330645561218262e+01
2.739540958404541016e+01
2.736507272720336914e+01
2.739303970336914062e+01
2.732915163040161133e+01
2.732170319557189941e+01
2.735052800178527832e+01
2.731563305854797363e+01
2.745445251464843750e+01
2.743391013145446777e+01
2.731882596015930176e+01
2.711057353019714355e+01
2.717574024200439453e+01
2.710869789123535156e+01
2.709897756576538086e+01
2.711011099815368652e+01
2.715843939781188965e+01
2.708988881111145020e+01
2.710952973365783691e+01
2.709448742866516113e+01
2.704617309570312500e+01
