5.615493655204772949e-01
6.749204397201538086e-01
8.613017201423645020e-01
8.210470676422119141e-01
8.020162582397460938e-01
7.954015135765075684e-01
8.012027144432067871e-01
8.065794110298156738e-01
7.527768015861511230e-01
7.590731978416442871e-01
7.774672508239746094e-01
7.856385111808776855e-01
7.704987525939941406e-01
7.939158082008361816e-01
8.020870089530944824e-01
8.037495613098144531e-01
8.120976090431213379e-01
8.352670669555664062e-01
8.451008200645446777e-01
8.582242727279663086e-01
8.676335215568542480e-01
8.716307282447814941e-01
8.678104281425476074e-01
8.688715696334838867e-01
8.698266744613647461e-01
8.749911785125732422e-01
8.785284757614135742e-01
8.753095269203186035e-01
8.798726797103881836e-01
8.795189261436462402e-01
8.771135210990905762e-01
8.796957731246948242e-01
8.795542716979980469e-01
8.775380253791809082e-01
8.790236711502075195e-01
8.771489262580871582e-01
8.810045719146728516e-01
8.808277249336242676e-01
8.821365237236022949e-01
8.831623792648315430e-01
8.830916285514831543e-01
8.842235803604125977e-01
8.839051723480224609e-01
8.848249316215515137e-01
8.841881752014160156e-01
8.841881752014160156e-01
8.835514783859252930e-01
8.832331299781799316e-01
8.842943310737609863e-01
8.860983252525329590e-01
