3.520900309085845947e-01
5.000000000000000000e-01
5.000000000000000000e-01
5.000000000000000000e-01
5.000000000000000000e-01
5.000000000000000000e-01
5.000000000000000000e-01
5.009646415710449219e-01
5.160771608352661133e-01
5.189710855484008789e-01
5.472669005393981934e-01
5.440514683723449707e-01
5.623794198036193848e-01
5.578778386116027832e-01
5.581993460655212402e-01
5.636655688285827637e-01
5.697749257087707520e-01
5.765273571014404297e-01
5.845659375190734863e-01
5.800642967224121094e-01
5.848874449729919434e-01
5.852090120315551758e-01
5.932475924491882324e-01
5.926045179367065430e-01
5.954983830451965332e-01
5.935691595077514648e-01
5.980707406997680664e-01
5.971060991287231445e-01
6.003215312957763672e-01
6.022508144378662109e-01
6.028938889503479004e-01
6.061093211174011230e-01
6.090031862258911133e-01
6.045016050338745117e-01
6.083601117134094238e-01
6.099678277969360352e-01
6.099678277969360352e-01
6.083601117134094238e-01
6.131832599639892578e-01
6.109324693679809570e-01
6.118971109390258789e-01
6.115755438804626465e-01
6.138263940811157227e-01
6.141479015350341797e-01
6.090031862258911133e-01
6.128617525100708008e-01
6.170418262481689453e-01
6.144694685935974121e-01
6.138263940811157227e-01
6.170418262481689453e-01
6.138263940811157227e-01
6.160771846771240234e-01
6.151125431060791016e-01
6.157556176185607910e-01
6.160771846771240234e-01
6.151125431060791016e-01
6.176849007606506348e-01
6.170418262481689453e-01
6.183279752731323242e-01
6.173633337020874023e-01
6.151125431060791016e-01
6.160771846771240234e-01
6.189710497856140137e-01
6.199356913566589355e-01
6.189710497856140137e-01
6.192926168441772461e-01
6.205787658691406250e-01
6.202572584152221680e-01
6.196141242980957031e-01
6.192926168441772461e-01
6.183279752731323242e-01
6.180064082145690918e-01
6.186495423316955566e-01
6.186495423316955566e-01
6.199356913566589355e-01
6.199356913566589355e-01
6.189710497856140137e-01
6.189710497856140137e-01
6.189710497856140137e-01
6.192926168441772461e-01
6.192926168441772461e-01
6.189710497856140137e-01
6.196141242980957031e-01
6.199356913566589355e-01
6.196141242980957031e-01
6.192926168441772461e-01
6.199356913566589355e-01
6.202572584152221680e-01
6.199356913566589355e-01
6.202572584152221680e-01
6.199356913566589355e-01
6.199356913566589355e-01
6.199356913566589355e-01
6.196141242980957031e-01
6.196141242980957031e-01
6.196141242980957031e-01
6.196141242980957031e-01
6.196141242980957031e-01
6.196141242980957031e-01
6.196141242980957031e-01
