7.699227333068847656e-02
7.583975791931152344e-02
7.626295089721679688e-02
7.721877098083496094e-02
7.671356201171875000e-02
7.679820060729980469e-02
7.702589035034179688e-02
7.723236083984375000e-02
7.649493217468261719e-02
8.135604858398437500e-02
7.689261436462402344e-02
7.673430442810058594e-02
7.671070098876953125e-02
7.664394378662109375e-02
7.749581336975097656e-02
7.677936553955078125e-02
7.758212089538574219e-02
7.664608955383300781e-02
7.745194435119628906e-02
7.721161842346191406e-02
7.687091827392578125e-02
7.691764831542968750e-02
8.675074577331542969e-02
7.699918746948242188e-02
7.747459411621093750e-02
7.703924179077148438e-02
7.607245445251464844e-02
7.709431648254394531e-02
7.600188255310058594e-02
7.673192024230957031e-02
7.676887512207031250e-02
7.595992088317871094e-02
7.657074928283691406e-02
7.755351066589355469e-02
7.693552970886230469e-02
7.703852653503417969e-02
7.721638679504394531e-02
7.665848731994628906e-02
7.681512832641601562e-02
7.701873779296875000e-02
7.599616050720214844e-02
7.663512229919433594e-02
7.679152488708496094e-02
7.738351821899414062e-02
7.679724693298339844e-02
7.649183273315429688e-02
7.677006721496582031e-02
7.645463943481445312e-02
7.605195045471191406e-02
7.650113105773925781e-02
7.629847526550292969e-02
7.656002044677734375e-02
7.692766189575195312e-02
7.692933082580566406e-02
7.681584358215332031e-02
7.678318023681640625e-02
7.539510726928710938e-02
7.719445228576660156e-02
7.674264907836914062e-02
7.749032974243164062e-02
7.667565345764160156e-02
7.764410972595214844e-02
7.764887809753417969e-02
7.720947265625000000e-02
7.762742042541503906e-02
7.726144790649414062e-02
7.797098159790039062e-02
7.653331756591796875e-02
7.742595672607421875e-02
7.652258872985839844e-02
8.231186866760253906e-02
7.744097709655761719e-02
7.717776298522949219e-02
7.658219337463378906e-02
8.222675323486328125e-02
7.676625251770019531e-02
7.735180854797363281e-02
7.628107070922851562e-02
7.765197753906250000e-02
7.695150375366210938e-02
7.727241516113281250e-02
7.665205001831054688e-02
7.691550254821777344e-02
7.771611213684082031e-02
7.754230499267578125e-02
7.674813270568847656e-02
7.758426666259765625e-02
7.742285728454589844e-02
7.725691795349121094e-02
7.792329788208007812e-02
7.741832733154296875e-02
7.741308212280273438e-02
7.717347145080566406e-02
7.637500762939453125e-02
7.770824432373046875e-02
7.761764526367187500e-02
7.645440101623535156e-02
7.783603668212890625e-02
7.681512832641601562e-02
7.697486877441406250e-02
7.664370536804199219e-02
7.745742797851562500e-02
7.711219787597656250e-02
7.766056060791015625e-02
7.731413841247558594e-02
7.820391654968261719e-02
7.685685157775878906e-02
7.701706886291503906e-02
7.715034484863281250e-02
7.708621025085449219e-02
7.665109634399414062e-02
7.801318168640136719e-02
7.726502418518066406e-02
7.739591598510742188e-02
7.660508155822753906e-02
7.679414749145507812e-02
7.737159729003906250e-02
7.747006416320800781e-02
7.663154602050781250e-02
7.665324211120605469e-02
7.663416862487792969e-02
7.620167732238769531e-02
7.726097106933593750e-02
7.684922218322753906e-02
7.737636566162109375e-02
7.717323303222656250e-02
7.734847068786621094e-02
7.756328582763671875e-02
7.781362533569335938e-02
7.684469223022460938e-02
7.801866531372070312e-02
7.781362533569335938e-02
7.652783393859863281e-02
7.718873023986816406e-02
7.721924781799316406e-02
7.682561874389648438e-02
7.671833038330078125e-02
7.703495025634765625e-02
7.657098770141601562e-02
7.662749290466308594e-02
7.706117630004882812e-02
7.748436927795410156e-02
7.758712768554687500e-02
7.759189605712890625e-02
7.767796516418457031e-02
7.691264152526855469e-02
7.694315910339355469e-02
7.768774032592773438e-02
7.754993438720703125e-02
7.750678062438964844e-02
7.736277580261230469e-02
7.754564285278320312e-02
7.776832580566406250e-02
7.704782485961914062e-02
7.788538932800292969e-02
7.675075531005859375e-02
7.741355895996093750e-02
7.704401016235351562e-02
7.733368873596191406e-02
7.751011848449707031e-02
8.305764198303222656e-02
7.688665390014648438e-02
7.529640197753906250e-02
7.713651657104492188e-02
7.720828056335449219e-02
7.753658294677734375e-02
7.707262039184570312e-02
7.756280899047851562e-02
7.729458808898925781e-02
7.726383209228515625e-02
7.664990425109863281e-02
7.777500152587890625e-02
7.723951339721679688e-02
7.706761360168457031e-02
7.736158370971679688e-02
7.700085639953613281e-02
7.738041877746582031e-02
7.718396186828613281e-02
7.615017890930175781e-02
7.722711563110351562e-02
7.754921913146972656e-02
7.689309120178222656e-02
7.739210128784179688e-02
7.719588279724121094e-02
7.626008987426757812e-02
7.737469673156738281e-02
7.765960693359375000e-02
7.621622085571289062e-02
7.760906219482421875e-02
7.717084884643554688e-02
7.754826545715332031e-02
7.673215866088867188e-02
7.703757286071777344e-02
7.634592056274414062e-02
7.769036293029785156e-02
7.768702507019042969e-02
7.766866683959960938e-02
7.656478881835937500e-02
7.776761054992675781e-02
7.681274414062500000e-02
