5.068119168281555176e-01
2.683685719966888428e-01
2.160709351301193237e-01
1.842272728681564331e-01
1.684223413467407227e-01
1.627288907766342163e-01
1.292737424373626709e-01
1.248720809817314148e-01
1.236801743507385254e-01
1.232783645391464233e-01
1.241262033581733704e-01
1.190208941698074341e-01
1.241982430219650269e-01
1.088886857032775879e-01
1.068284213542938232e-01
9.773447364568710327e-02
1.059504821896553040e-01
1.014816537499427795e-01
9.980665147304534912e-02
9.868307411670684814e-02
1.017435193061828613e-01
1.019195914268493652e-01
1.016436368227005005e-01
9.998876601457595825e-02
9.978670626878738403e-02
9.727484732866287231e-02
9.479867666959762573e-02
9.370550513267517090e-02
9.179165214300155640e-02
8.974459022283554077e-02
