1.321393847465515137e+01
2.045977473258972168e+01
1.411821007728576660e+01
2.116187810897827148e+01
2.046040558815002441e+01
1.297764992713928223e+01
2.135379123687744141e+01
3.339337754249572754e+01
4.093981456756591797e+01
1.285153293609619141e+01
2.258262300491333008e+01
2.015805983543395996e+01
2.046014094352722168e+01
1.259163665771484375e+01
1.438702940940856934e+01
1.794514822959899902e+01
1.981833124160766602e+01
1.386628437042236328e+01
1.867262935638427734e+01
2.028143310546875000e+01
1.950451087951660156e+01
1.308443689346313477e+01
1.451720118522644043e+01
2.002558994293212891e+01
1.844055438041687012e+01
1.481459999084472656e+01
1.324428629875183105e+01
2.063625884056091309e+01
1.916056632995605469e+01
1.409728455543518066e+01
1.784561848640441895e+01
1.574478220939636230e+01
1.796566867828369141e+01
1.321366930007934570e+01
2.023452544212341309e+01
1.401430153846740723e+01
2.171050214767456055e+01
3.367364907264709473e+01
2.272230100631713867e+01
1.423793578147888184e+01
1.996643733978271484e+01
1.392071580886840820e+01
2.061692261695861816e+01
3.318991088867187500e+01
2.265745568275451660e+01
3.074935531616210938e+01
4.095263600349426270e+01
1.287391662597656250e+01
2.544443750381469727e+01
4.094028139114379883e+01
