4.592219352722167969e+00
4.400419235229492188e+00
4.783558607101440430e+00
5.048244237899780273e+00
1.101490116119384766e+01
1.203127646446228027e+01
4.485348463058471680e+00
1.210322475433349609e+01
4.423099756240844727e+00
4.705324172973632812e+00
4.904546260833740234e+00
4.822740077972412109e+00
4.833363294601440430e+00
5.015058994293212891e+00
4.660325765609741211e+00
4.581412792205810547e+00
4.936945438385009766e+00
4.679637432098388672e+00
6.201356410980224609e+00
4.232700824737548828e+00
4.808866262435913086e+00
4.914998292922973633e+00
4.770770311355590820e+00
4.819344282150268555e+00
4.893459081649780273e+00
5.181563854217529297e+00
4.795812845230102539e+00
4.242983341217041016e+00
6.520450830459594727e+00
4.691120386123657227e+00
4.726243734359741211e+00
4.820568084716796875e+00
4.644674777984619141e+00
1.193460035324096680e+01
4.652650833129882812e+00
4.721968173980712891e+00
4.428923845291137695e+00
4.762480735778808594e+00
4.790169954299926758e+00
4.499488353729248047e+00
4.537171125411987305e+00
4.814638376235961914e+00
2.526012158393859863e+01
4.742370605468750000e+00
4.903030872344970703e+00
4.664306879043579102e+00
4.733816623687744141e+00
4.698215484619140625e+00
4.674247503280639648e+00
4.607537031173706055e+00
