1.202736616134643555e+00
1.336245059967041016e+00
7.867276668548583984e-01
9.249532222747802734e-01
9.858312606811523438e-01
1.156894445419311523e+00
1.085608243942260742e+00
1.101209640502929688e+00
1.197206258773803711e+00
1.015877246856689453e+00
9.384009838104248047e-01
9.179308414459228516e-01
8.347210884094238281e-01
8.515079021453857422e-01
1.012816429138183594e+00
1.152798891067504883e+00
6.761047840118408203e-01
9.638950824737548828e-01
1.335059881210327148e+00
1.415954113006591797e+00
9.981842041015625000e-01
9.313302040100097656e-01
9.514219760894775391e-01
9.039564132690429688e-01
8.719174861907958984e-01
6.800248622894287109e-01
8.366384506225585938e-01
1.367407560348510742e+00
8.661396503448486328e-01
9.601910114288330078e-01
9.199228286743164062e-01
1.135511398315429688e+00
1.019611835479736328e+00
9.162976741790771484e-01
1.052881479263305664e+00
9.630956649780273438e-01
1.498791694641113281e+00
1.029420614242553711e+00
9.585220813751220703e-01
1.205019235610961914e+00
1.148831129074096680e+00
9.449505805969238281e-01
8.497502803802490234e-01
1.036737918853759766e+00
1.123095035552978516e+00
1.223915576934814453e+00
9.670302867889404297e-01
9.498753547668457031e-01
1.100631475448608398e+00
1.006236076354980469e+00
