4.469979047775268555e+00
4.539338827133178711e+00
5.641053438186645508e+00
4.944177865982055664e+00
5.010607957839965820e+00
4.590546369552612305e+00
2.390597677230834961e+01
4.676626920700073242e+00
4.538798570632934570e+00
4.891824007034301758e+00
4.616978168487548828e+00
4.754603385925292969e+00
4.681274414062500000e+00
4.768759012222290039e+00
4.537915945053100586e+00
4.675615787506103516e+00
4.769718408584594727e+00
4.782108783721923828e+00
4.232305288314819336e+00
4.309924125671386719e+00
4.800203800201416016e+00
4.808574199676513672e+00
4.811485052108764648e+00
4.776980400085449219e+00
4.701091527938842773e+00
5.038673162460327148e+00
4.812101602554321289e+00
4.041599035263061523e+00
4.850829839706420898e+00
4.719899177551269531e+00
4.839544773101806641e+00
4.658895730972290039e+00
4.681660890579223633e+00
1.172063684463500977e+01
4.721195220947265625e+00
4.739338636398315430e+00
4.033600330352783203e+00
4.667885780334472656e+00
4.819926261901855469e+00
1.152139902114868164e+01
4.476996660232543945e+00
4.564690828323364258e+00
4.737456560134887695e+00
4.321926832199096680e+00
2.283028697967529297e+01
4.753747701644897461e+00
4.699639320373535156e+00
1.745908737182617188e+01
4.587034463882446289e+00
4.575752735137939453e+00
