3.271148204803466797e-01
4.568993151187896729e-01
5.534737706184387207e-01
5.994693040847778320e-01
6.275329589843750000e-01
6.588131189346313477e-01
6.805242896080017090e-01
6.876809000968933105e-01
7.063364386558532715e-01
7.219362854957580566e-01
7.270826697349548340e-01
7.374557852745056152e-01
7.425217032432556152e-01
7.522515058517456055e-01
7.591669559478759766e-01
7.591669559478759766e-01
7.652782201766967773e-01
7.672885060310363770e-01
7.734802365303039551e-01
7.711482644081115723e-01
7.791090607643127441e-01
7.824863195419311523e-01
7.840945720672607422e-01
7.886780500411987305e-01
7.889996767044067383e-01
7.894821763038635254e-01
7.935831546783447266e-01
7.962367534637451172e-01
7.973625063896179199e-01
7.975233197212219238e-01
7.987294793128967285e-01
8.014634847640991211e-01
8.015438914299011230e-01
8.021067976951599121e-01
8.043583035469055176e-01
8.046799898147583008e-01
8.033129572868347168e-01
8.067706823348999023e-01
8.066098690032958984e-01
8.074943423271179199e-01
8.083788752555847168e-01
8.069314956665039062e-01
8.079768419265747070e-01
8.087809681892395020e-01
8.097459077835083008e-01
8.092634081840515137e-01
8.094242811203002930e-01
8.103892207145690918e-01
8.111128807067871094e-01
8.107912540435791016e-01
8.117561936378479004e-01
8.109520673751831055e-01
8.111128807067871094e-01
8.111932873725891113e-01
8.129623532295227051e-01
8.115953803062438965e-01
8.122386336326599121e-01
8.124799132347106934e-01
8.123995065689086914e-01
8.129623532295227051e-01
8.132840394973754883e-01
8.135252594947814941e-01
8.132035732269287109e-01
8.124799132347106934e-01
8.136056661605834961e-01
8.128015398979187012e-01
8.129623532295227051e-01
8.140076994895935059e-01
8.128015398979187012e-01
8.132035732269287109e-01
8.132840394973754883e-01
8.133644461631774902e-01
8.136056661605834961e-01
8.134448528289794922e-01
8.135252594947814941e-01
8.132035732269287109e-01
8.135252594947814941e-01
8.136056661605834961e-01
8.137664794921875000e-01
8.133644461631774902e-01
8.134448528289794922e-01
8.136056661605834961e-01
8.132035732269287109e-01
8.133644461631774902e-01
8.136056661605834961e-01
8.132840394973754883e-01
8.137664794921875000e-01
8.136860728263854980e-01
8.134448528289794922e-01
8.137664794921875000e-01
8.137664794921875000e-01
8.138468861579895020e-01
8.137664794921875000e-01
8.137664794921875000e-01
8.136056661605834961e-01
8.139272928237915039e-01
8.139272928237915039e-01
8.138468861579895020e-01
8.139272928237915039e-01
8.137664794921875000e-01
