9.222126722335815430e+00
8.924861192703247070e+00
8.960814714431762695e+00
8.946784973144531250e+00
8.887322902679443359e+00
8.930616140365600586e+00
8.877315521240234375e+00
8.916331768035888672e+00
8.906187534332275391e+00
8.814342975616455078e+00
8.905715227127075195e+00
8.839102745056152344e+00
8.946862459182739258e+00
8.957003593444824219e+00
8.787035703659057617e+00
8.933789253234863281e+00
8.835743904113769531e+00
8.998943805694580078e+00
8.882286787033081055e+00
8.809567928314208984e+00
8.829900026321411133e+00
8.883894681930541992e+00
8.807440519332885742e+00
8.781033754348754883e+00
8.741744041442871094e+00
8.793729543685913086e+00
8.697610616683959961e+00
8.801029682159423828e+00
8.771063804626464844e+00
8.736071109771728516e+00
