9.475231170654296875e+00
9.164714097976684570e+00
9.237088680267333984e+00
9.230334758758544922e+00
9.104515314102172852e+00
9.149085283279418945e+00
9.119018793106079102e+00
9.127484321594238281e+00
9.102371931076049805e+00
9.212379217147827148e+00
9.236868619918823242e+00
9.193353414535522461e+00
9.056777954101562500e+00
9.102199554443359375e+00
9.064116001129150391e+00
9.017772674560546875e+00
9.012068986892700195e+00
8.996932029724121094e+00
8.999673128128051758e+00
8.907851219177246094e+00
8.925071716308593750e+00
8.955233573913574219e+00
8.958177089691162109e+00
8.923871517181396484e+00
8.983474016189575195e+00
8.947991847991943359e+00
8.952954053878784180e+00
9.055366516113281250e+00
9.022764682769775391e+00
9.006511688232421875e+00
