5.116128921508789062e-02
5.036854743957519531e-02
5.023598670959472656e-02
5.035543441772460938e-02
5.069899559020996094e-02
4.976534843444824219e-02
4.988098144531250000e-02
4.933595657348632812e-02
5.093431472778320312e-02
4.974722862243652344e-02
5.031728744506835938e-02
5.031037330627441406e-02
5.002284049987792969e-02
4.986882209777832031e-02
4.992246627807617188e-02
5.028176307678222656e-02
5.014276504516601562e-02
4.975986480712890625e-02
5.033302307128906250e-02
5.032801628112792969e-02
5.023312568664550781e-02
5.022597312927246094e-02
5.015230178833007812e-02
4.995799064636230469e-02
5.035185813903808594e-02
5.021691322326660156e-02
5.039143562316894531e-02
5.225992202758789062e-02
5.042147636413574219e-02
4.993462562561035156e-02
