3.594981431961059570e-01
4.466784596443176270e-01
4.902686178684234619e-01
5.832394957542419434e-01
6.147659420967102051e-01
6.322985291481018066e-01
6.374456882476806641e-01
6.533697843551635742e-01
6.686504483222961426e-01
6.776580214500427246e-01
6.808750033378601074e-01
6.956731677055358887e-01
7.016245722770690918e-01
7.098278999328613281e-01
7.083802223205566406e-01
7.161009907722473145e-01
7.239826321601867676e-01
7.241435050964355469e-01
7.273604869842529297e-01
7.278429865837097168e-01
7.358855009078979492e-01
7.456972599029541016e-01
7.452147603034973145e-01
7.442496418952941895e-01
7.539005875587463379e-01
7.511661648750305176e-01
7.521312236785888672e-01
7.539005875587463379e-01
7.547048330307006836e-01
7.567958831787109375e-01
7.595303058624267578e-01
7.611387968063354492e-01
7.601737380027770996e-01
7.646775245666503906e-01
7.621039152145385742e-01
7.640340924263000488e-01
7.666077017784118652e-01
7.653208971023559570e-01
7.688595652580261230e-01
7.695029973983764648e-01
7.670902609825134277e-01
7.686987519264221191e-01
7.664468288421630859e-01
7.696638107299804688e-01
7.690204381942749023e-01
7.685378789901733398e-01
7.719157338142395020e-01
7.699854969978332520e-01
7.712723016738891602e-01
7.719157338142395020e-01
7.707897424697875977e-01
7.714331746101379395e-01
7.693421244621276855e-01
7.720765471458435059e-01
7.717548608779907227e-01
7.720765471458435059e-01
7.714331746101379395e-01
7.723982334136962891e-01
7.717548608779907227e-01
7.727199792861938477e-01
7.730416655540466309e-01
7.727199792861938477e-01
7.719157338142395020e-01
7.733633518218994141e-01
7.727199792861938477e-01
7.723982334136962891e-01
7.725591063499450684e-01
7.727199792861938477e-01
7.722374200820922852e-01
7.730416655540466309e-01
7.730416655540466309e-01
7.732025384902954102e-01
7.727199792861938477e-01
7.728807926177978516e-01
7.732025384902954102e-01
7.722374200820922852e-01
7.740067839622497559e-01
7.732025384902954102e-01
7.727199792861938477e-01
7.732025384902954102e-01
7.730416655540466309e-01
7.733633518218994141e-01
7.735242247581481934e-01
7.732025384902954102e-01
7.730416655540466309e-01
7.730416655540466309e-01
7.730416655540466309e-01
7.730416655540466309e-01
7.730416655540466309e-01
7.730416655540466309e-01
7.730416655540466309e-01
7.730416655540466309e-01
7.732025384902954102e-01
7.730416655540466309e-01
7.728807926177978516e-01
7.728807926177978516e-01
7.728807926177978516e-01
7.728807926177978516e-01
7.728807926177978516e-01
7.728807926177978516e-01
