2.433532476425170898e+00
2.483883857727050781e+00
2.520728349685668945e+00
2.335010528564453125e+00
3.005563735961914062e+00
2.632276058197021484e+00
2.525093078613281250e+00
2.842836141586303711e+00
2.295384645462036133e+00
2.934587478637695312e+00
2.915334939956665039e+00
2.643506526947021484e+00
3.280088186264038086e+00
2.786236286163330078e+00
2.729485750198364258e+00
2.617555618286132812e+00
2.306158065795898438e+00
2.853843688964843750e+00
2.609060049057006836e+00
3.478567123413085938e+00
2.186309337615966797e+00
2.299250364303588867e+00
2.740033149719238281e+00
2.724516391754150391e+00
3.117668628692626953e+00
2.741679191589355469e+00
2.688589572906494141e+00
2.614680767059326172e+00
2.460381984710693359e+00
2.569136142730712891e+00
2.413040876388549805e+00
3.199827432632446289e+00
2.485346078872680664e+00
2.559398412704467773e+00
2.695866107940673828e+00
2.696478605270385742e+00
2.483845472335815430e+00
2.731259584426879883e+00
2.428087472915649414e+00
2.655750274658203125e+00
2.507112026214599609e+00
2.308923959732055664e+00
2.655645370483398438e+00
2.580573797225952148e+00
2.394753456115722656e+00
2.922587871551513672e+00
3.060889005661010742e+00
2.596444368362426758e+00
2.713090896606445312e+00
2.384602069854736328e+00
