4.381656646728515625e-03
4.045963287353515625e-03
4.097938537597656250e-03
4.056930541992187500e-03
4.072666168212890625e-03
4.074096679687500000e-03
4.071235656738281250e-03
6.750106811523437500e-03
4.108190536499023438e-03
4.049062728881835938e-03
4.040718078613281250e-03
4.086971282958984375e-03
4.023313522338867188e-03
4.099607467651367188e-03
4.101753234863281250e-03
4.094123840332031250e-03
3.985166549682617188e-03
1.543021202087402344e-02
4.096031188964843750e-03
4.102706909179687500e-03
4.199266433715820312e-03
4.038095474243164062e-03
4.068613052368164062e-03
4.153013229370117188e-03
4.121065139770507812e-03
4.055261611938476562e-03
4.159212112426757812e-03
4.123210906982421875e-03
4.132747650146484375e-03
4.072666168212890625e-03
4.050016403198242188e-03
4.132270812988281250e-03
4.112958908081054688e-03
4.111289978027343750e-03
4.088878631591796875e-03
4.029035568237304688e-03
1.722717285156250000e-02
4.065990447998046875e-03
4.083395004272460938e-03
4.089593887329101562e-03
4.051923751831054688e-03
4.013776779174804688e-03
4.054069519042968750e-03
1.004600524902343750e-02
4.038095474243164062e-03
4.044532775878906250e-03
4.027366638183593750e-03
1.421165466308593750e-02
4.069566726684570312e-03
3.993749618530273438e-03
4.033803939819335938e-03
4.024028778076171875e-03
4.037141799926757812e-03
4.089117050170898438e-03
4.034280776977539062e-03
4.093408584594726562e-03
4.003524780273437500e-03
4.002332687377929688e-03
4.072189331054687500e-03
4.659652709960937500e-03
6.015062332153320312e-03
4.024505615234375000e-03
6.948709487915039062e-03
4.044055938720703125e-03
4.107713699340820312e-03
4.062414169311523438e-03
4.035234451293945312e-03
3.974914550781250000e-03
3.998041152954101562e-03
1.900243759155273438e-02
4.755258560180664062e-03
4.082918167114257812e-03
3.952264785766601562e-03
3.993749618530273438e-03
4.041671752929687500e-03
4.035711288452148438e-03
4.053354263305664062e-03
3.942251205444335938e-03
1.352930068969726562e-02
2.598929405212402344e-02
4.056453704833984375e-03
9.558439254760742188e-03
4.022598266601562500e-03
4.010200500488281250e-03
4.041910171508789062e-03
4.007101058959960938e-03
4.093170166015625000e-03
4.027128219604492188e-03
4.008293151855468750e-03
4.034519195556640625e-03
3.979444503784179688e-03
4.035711288452148438e-03
4.016876220703125000e-03
4.042148590087890625e-03
4.052639007568359375e-03
3.982305526733398438e-03
4.043817520141601562e-03
3.992795944213867188e-03
4.050731658935546875e-03
3.993749618530273438e-03
