1.681498265266418457e+01
2.038170695304870605e+01
1.847405433654785156e+01
1.660722827911376953e+01
1.659720134735107422e+01
1.893976879119873047e+01
2.039239263534545898e+01
1.793267655372619629e+01
1.828485584259033203e+01
1.795688295364379883e+01
2.039496064186096191e+01
1.662623476982116699e+01
1.808684897422790527e+01
1.861301684379577637e+01
1.665336108207702637e+01
2.039409136772155762e+01
1.654548382759094238e+01
2.039529705047607422e+01
2.039035320281982422e+01
2.039467430114746094e+01
1.750939226150512695e+01
1.818009185791015625e+01
1.865092658996582031e+01
1.848925042152404785e+01
1.835450720787048340e+01
1.853343272209167480e+01
1.653758120536804199e+01
1.658021402359008789e+01
2.040195894241333008e+01
1.655979776382446289e+01
1.661797070503234863e+01
1.879504561424255371e+01
1.825011253356933594e+01
1.865461778640747070e+01
1.746332430839538574e+01
1.754987025260925293e+01
1.687929272651672363e+01
1.687442994117736816e+01
1.849915695190429688e+01
1.665859055519104004e+01
1.848555374145507812e+01
1.856565785408020020e+01
1.744810390472412109e+01
1.703906154632568359e+01
1.663060045242309570e+01
2.117331504821777344e+01
1.966455340385437012e+01
1.843312764167785645e+01
2.039524626731872559e+01
1.678431916236877441e+01
1.870200300216674805e+01
1.693477320671081543e+01
1.839782714843750000e+01
1.679355502128601074e+01
2.040090703964233398e+01
1.655219721794128418e+01
1.831343436241149902e+01
1.899027109146118164e+01
1.893758654594421387e+01
1.659355974197387695e+01
2.040683436393737793e+01
1.775754928588867188e+01
1.837775516510009766e+01
1.848435068130493164e+01
1.667354035377502441e+01
1.888998293876647949e+01
1.802777671813964844e+01
1.658630132675170898e+01
1.893161630630493164e+01
1.946232628822326660e+01
1.832817745208740234e+01
1.660731220245361328e+01
1.697854232788085938e+01
1.661598682403564453e+01
1.885177874565124512e+01
1.812084317207336426e+01
1.706170845031738281e+01
1.847853422164916992e+01
2.039115428924560547e+01
1.782042050361633301e+01
1.661182594299316406e+01
1.666539621353149414e+01
2.060910439491271973e+01
1.664983606338500977e+01
1.884192323684692383e+01
2.142743754386901855e+01
1.922266650199890137e+01
1.679914236068725586e+01
1.876313710212707520e+01
1.830105614662170410e+01
1.817773222923278809e+01
1.727751803398132324e+01
1.879842495918273926e+01
1.854293441772460938e+01
1.658860754966735840e+01
1.667510032653808594e+01
1.711735558509826660e+01
1.658566617965698242e+01
1.886253547668457031e+01
2.039148473739624023e+01
