1.881982421875000000e+01
1.858967924118041992e+01
1.869946599006652832e+01
1.862576222419738770e+01
1.870479846000671387e+01
1.867654156684875488e+01
1.869884777069091797e+01
1.868643927574157715e+01
1.867360925674438477e+01
1.854344034194946289e+01
1.868354988098144531e+01
1.866460347175598145e+01
1.873105764389038086e+01
1.871105217933654785e+01
1.866746449470520020e+01
1.862780952453613281e+01
1.867206048965454102e+01
1.875844931602478027e+01
1.875388431549072266e+01
1.869375491142272949e+01
1.858222198486328125e+01
1.861976528167724609e+01
1.871780514717102051e+01
1.858509087562561035e+01
1.863136816024780273e+01
1.863945651054382324e+01
1.865115690231323242e+01
1.863777613639831543e+01
1.873775649070739746e+01
1.869398212432861328e+01
1.867090892791748047e+01
1.861500549316406250e+01
1.864436006546020508e+01
1.860528087615966797e+01
1.866798877716064453e+01
1.867273163795471191e+01
1.870074677467346191e+01
1.871006536483764648e+01
1.875720596313476562e+01
1.904359555244445801e+01
1.862169480323791504e+01
1.864071440696716309e+01
1.851386761665344238e+01
1.857884263992309570e+01
1.924288725852966309e+01
1.929542160034179688e+01
1.856399893760681152e+01
1.869663357734680176e+01
1.859769773483276367e+01
1.865523099899291992e+01
1.869196152687072754e+01
1.863500690460205078e+01
1.858270621299743652e+01
1.865973377227783203e+01
1.862624144554138184e+01
1.859074020385742188e+01
1.863608551025390625e+01
1.863025426864624023e+01
1.863338446617126465e+01
1.866048574447631836e+01
1.863893318176269531e+01
1.866083884239196777e+01
1.863420820236206055e+01
1.854078793525695801e+01
1.869316840171813965e+01
1.865583872795104980e+01
1.869854283332824707e+01
1.861913156509399414e+01
1.862021875381469727e+01
1.866757202148437500e+01
1.879364109039306641e+01
1.861797308921813965e+01
1.858293867111206055e+01
1.861613178253173828e+01
1.919191765785217285e+01
1.864900708198547363e+01
1.861185336112976074e+01
1.863779187202453613e+01
1.862651419639587402e+01
1.864562225341796875e+01
1.865785050392150879e+01
1.862283349037170410e+01
1.863252472877502441e+01
1.870404791831970215e+01
1.865311980247497559e+01
1.865143799781799316e+01
1.865173172950744629e+01
1.862475538253784180e+01
1.926246571540832520e+01
1.862136983871459961e+01
1.921152424812316895e+01
1.862446331977844238e+01
1.862708663940429688e+01
1.866212201118469238e+01
1.860914707183837891e+01
1.859489417076110840e+01
1.860332131385803223e+01
1.870103931427001953e+01
1.860824966430664062e+01
1.866489982604980469e+01
