4.694141864776611328e+00
4.921585321426391602e+00
4.992033243179321289e+00
4.873217344284057617e+00
4.885266065597534180e+00
4.994909286499023438e+00
5.047162055969238281e+00
4.656645774841308594e+00
4.857683420181274414e+00
4.909608840942382812e+00
4.971619129180908203e+00
4.890971422195434570e+00
4.970291614532470703e+00
5.089628934860229492e+00
4.808051347732543945e+00
4.847379446029663086e+00
4.725290536880493164e+00
5.014907121658325195e+00
4.743301153182983398e+00
5.226293563842773438e+00
4.964283466339111328e+00
5.018295764923095703e+00
4.796512126922607422e+00
4.877655267715454102e+00
2.509076571464538574e+01
4.867430448532104492e+00
5.041868209838867188e+00
5.054573297500610352e+00
4.963658332824707031e+00
5.063778638839721680e+00
4.715248346328735352e+00
1.327143573760986328e+01
4.768481016159057617e+00
4.943639516830444336e+00
4.733340978622436523e+00
4.775903463363647461e+00
4.761329412460327148e+00
4.808137178421020508e+00
4.850219249725341797e+00
5.076369285583496094e+00
1.422487139701843262e+01
4.920352697372436523e+00
4.954195976257324219e+00
5.224467277526855469e+00
4.944287061691284180e+00
2.337842822074890137e+01
4.921963453292846680e+00
2.374222040176391602e+01
5.158521413803100586e+00
4.931133747100830078e+00
