2.274968099594116211e+02
3.218680758476257324e+02
2.520529036521911621e+02
2.823494508266448975e+02
3.218734557628631592e+02
2.476992704868316650e+02
2.966117627620697021e+02
3.218742330074310303e+02
2.687265839576721191e+02
2.756735641956329346e+02
2.948385257720947266e+02
2.771333711147308350e+02
2.910552141666412354e+02
2.780261001586914062e+02
3.218654334545135498e+02
3.218615474700927734e+02
2.618453691005706787e+02
2.618911817073822021e+02
3.218650865554809570e+02
2.645808157920837402e+02
2.813977143764495850e+02
2.879735105037689209e+02
2.851867918968200684e+02
2.877144360542297363e+02
2.831831328868865967e+02
2.857766017913818359e+02
3.218635098934173584e+02
2.542944655418395996e+02
3.218686683177947998e+02
2.618702814579010010e+02
2.844490041732788086e+02
2.756022906303405762e+02
2.929674198627471924e+02
2.795747592449188232e+02
2.866966326236724854e+02
3.218464818000793457e+02
2.618993637561798096e+02
2.480817224979400635e+02
2.618764150142669678e+02
2.602761962413787842e+02
3.020208826065063477e+02
2.721654529571533203e+02
2.956140053272247314e+02
2.894179325103759766e+02
2.808604018688201904e+02
3.218534493446350098e+02
2.693168540000915527e+02
2.757661497592926025e+02
3.020832746028900146e+02
3.218653726577758789e+02
2.619165954589843750e+02
2.758446829319000244e+02
2.808400630950927734e+02
3.218565022945404053e+02
2.647208631038665771e+02
2.928178653717041016e+02
2.780960514545440674e+02
2.922390944957733154e+02
3.218726823329925537e+02
2.618763813972473145e+02
2.722390482425689697e+02
2.893890244960784912e+02
2.627129406929016113e+02
2.834881587028503418e+02
2.923147330284118652e+02
3.218726792335510254e+02
2.519071958065032959e+02
2.747856013774871826e+02
2.952661416530609131e+02
2.770894882678985596e+02
3.218524770736694336e+02
3.218602519035339355e+02
2.277721848487854004e+02
2.864399995803833008e+02
2.865786776542663574e+02
2.863349866867065430e+02
2.851293103694915771e+02
2.849575350284576416e+02
2.881167719364166260e+02
2.823513731956481934e+02
2.847002241611480713e+02
2.837083742618560791e+02
2.875689728260040283e+02
3.218571937084197998e+02
2.513477365970611572e+02
3.218824179172515869e+02
2.592020699977874756e+02
2.967808101177215576e+02
2.872343239784240723e+02
2.803709313869476318e+02
3.218703863620758057e+02
2.475622432231903076e+02
2.923546445369720459e+02
2.782602052688598633e+02
2.949634227752685547e+02
3.218750743865966797e+02
2.493292083740234375e+02
3.218614835739135742e+02
2.618807678222656250e+02
3.218886976242065430e+02
