3.308597087860107422e+00
2.349486589431762695e+00
1.900628924369812012e+00
1.544929265975952148e+00
1.281212925910949707e+00
1.081561565399169922e+00
9.268497228622436523e-01
7.764832377433776855e-01
6.873120069503784180e-01
6.369593739509582520e-01
5.494734644889831543e-01
5.130600929260253906e-01
4.594198167324066162e-01
4.232563078403472900e-01
3.956558704376220703e-01
3.669353723526000977e-01
3.399288952350616455e-01
3.346748054027557373e-01
3.086228370666503906e-01
2.981913983821868896e-01
2.996280491352081299e-01
2.716344594955444336e-01
2.670243680477142334e-01
2.597312927246093750e-01
2.502461969852447510e-01
2.491868138313293457e-01
2.330408692359924316e-01
2.306649684906005859e-01
2.294920533895492554e-01
2.313625812530517578e-01
2.316297143697738647e-01
2.254648059606552124e-01
2.242199927568435669e-01
2.209360003471374512e-01
2.255525290966033936e-01
2.135428041219711304e-01
2.229665368795394897e-01
2.123639285564422607e-01
2.133521586656570435e-01
2.090955078601837158e-01
2.159270495176315308e-01
2.069520503282546997e-01
2.010926306247711182e-01
2.065490633249282837e-01
2.095960676670074463e-01
2.054066956043243408e-01
2.153238356113433838e-01
2.012749314308166504e-01
2.051555961370468140e-01
2.033307701349258423e-01
2.057608366012573242e-01
2.017379552125930786e-01
2.032613307237625122e-01
1.974827647209167480e-01
2.065991312265396118e-01
2.022469192743301392e-01
2.081442326307296753e-01
2.042031288146972656e-01
2.063272297382354736e-01
2.149190008640289307e-01
2.054148018360137939e-01
2.076818197965621948e-01
2.119521945714950562e-01
2.112844288349151611e-01
2.145159244537353516e-01
2.115265578031539917e-01
2.090032994747161865e-01
2.068187445402145386e-01
2.189878225326538086e-01
2.095285654067993164e-01
2.120818942785263062e-01
2.174082100391387939e-01
2.139204293489456177e-01
2.180511206388473511e-01
2.208391129970550537e-01
2.168520390987396240e-01
2.073294222354888916e-01
2.122882306575775146e-01
2.067121565341949463e-01
2.151807248592376709e-01
2.167073637247085571e-01
2.166356295347213745e-01
2.085082828998565674e-01
2.143349200487136841e-01
2.218085080385208130e-01
2.053939998149871826e-01
2.074827551841735840e-01
2.135358601808547974e-01
2.202389538288116455e-01
2.089979052543640137e-01
2.097686827182769775e-01
2.156564295291900635e-01
2.084914147853851318e-01
2.184619903564453125e-01
2.094029188156127930e-01
2.091049849987030029e-01
2.226189821958541870e-01
2.132252454757690430e-01
2.203438878059387207e-01
2.126844674348831177e-01
