4.130315780639648438e-02
7.230949401855468750e-02
2.366590499877929688e-02
2.321338653564453125e-02
7.487607002258300781e-02
3.306460380554199219e-02
1.617479324340820312e-02
2.822542190551757812e-02
7.244753837585449219e-02
5.549669265747070312e-02
8.409953117370605469e-02
6.179475784301757812e-02
3.502798080444335938e-02
4.508996009826660156e-02
4.275846481323242188e-02
4.038262367248535156e-02
4.645895957946777344e-02
1.656818389892578125e-02
3.477072715759277344e-02
6.193637847900390625e-02
7.117795944213867188e-02
6.949353218078613281e-02
4.577112197875976562e-02
6.484150886535644531e-02
7.028961181640625000e-02
1.131951808929443359e-01
6.071615219116210938e-02
2.994918823242187500e-02
3.816962242126464844e-02
4.616594314575195312e-02
3.889346122741699219e-02
5.197715759277343750e-02
2.871155738830566406e-02
4.421615600585937500e-02
1.504516601562500000e-02
2.870631217956542969e-02
4.124641418457031250e-02
2.025556564331054688e-02
3.160238265991210938e-02
2.801704406738281250e-02
6.800055503845214844e-02
5.939173698425292969e-02
6.590080261230468750e-02
8.673763275146484375e-02
5.897951126098632812e-02
9.172034263610839844e-02
4.389429092407226562e-02
5.325603485107421875e-02
6.526756286621093750e-02
5.765652656555175781e-02
7.389473915100097656e-02
4.046988487243652344e-02
3.972291946411132812e-02
2.811765670776367188e-02
4.748845100402832031e-02
2.038908004760742188e-02
4.869771003723144531e-02
5.524182319641113281e-02
7.000470161437988281e-02
2.855491638183593750e-02
5.973076820373535156e-02
5.473351478576660156e-02
4.256415367126464844e-02
4.939484596252441406e-02
6.161642074584960938e-02
7.467007637023925781e-02
5.764889717102050781e-02
4.233980178833007812e-02
6.133532524108886719e-02
7.352304458618164062e-02
3.547906875610351562e-02
7.965731620788574219e-02
3.311419486999511719e-02
5.120515823364257812e-02
8.923053741455078125e-03
4.364538192749023438e-02
1.665973663330078125e-02
4.727506637573242188e-02
3.001379966735839844e-02
3.139877319335937500e-02
6.210088729858398438e-02
3.835630416870117188e-02
6.136894226074218750e-02
5.773067474365234375e-02
1.115703582763671875e-02
4.473066329956054688e-02
9.645533561706542969e-02
7.020497322082519531e-02
8.590769767761230469e-02
8.170008659362792969e-02
8.572125434875488281e-02
1.013505458831787109e-01
2.944660186767578125e-02
3.065824508666992188e-02
6.436586380004882812e-02
6.903696060180664062e-02
6.927037239074707031e-02
9.826493263244628906e-02
5.181908607482910156e-02
1.874637603759765625e-02
