4.413747787475585938e-02
5.539059638977050781e-02
1.481509208679199219e-02
1.456665992736816406e-02
3.213477134704589844e-02
4.235816001892089844e-02
1.615357398986816406e-02
2.822923660278320312e-02
6.628131866455078125e-02
3.067827224731445312e-02
6.997728347778320312e-02
5.871319770812988281e-02
2.291488647460937500e-02
4.581093788146972656e-02
2.580189704895019531e-02
7.692098617553710938e-02
6.078505516052246094e-02
1.653742790222167969e-02
4.372024536132812500e-02
8.871269226074218750e-02
5.178666114807128906e-02
4.032802581787109375e-02
4.413437843322753906e-02
4.361939430236816406e-02
8.179116249084472656e-02
6.528282165527343750e-02
3.845858573913574219e-02
3.230142593383789062e-02
2.727746963500976562e-02
4.123187065124511719e-02
3.260660171508789062e-02
2.132511138916015625e-02
2.271962165832519531e-02
3.192424774169921875e-02
1.498508453369140625e-02
8.064985275268554688e-03
4.968643188476562500e-02
1.057910919189453125e-02
2.379465103149414062e-02
3.522372245788574219e-02
6.043791770935058594e-02
3.926420211791992188e-02
5.266952514648437500e-02
7.974886894226074219e-02
9.239053726196289062e-02
1.243581771850585938e-01
4.217815399169921875e-02
2.466011047363281250e-02
6.520438194274902344e-02
5.881953239440917969e-02
7.400727272033691406e-02
4.044413566589355469e-02
3.007912635803222656e-02
3.738760948181152344e-02
6.152582168579101562e-02
2.038097381591796875e-02
4.213571548461914062e-02
6.602358818054199219e-02
4.090261459350585938e-02
1.613593101501464844e-02
3.637862205505371094e-02
8.254861831665039062e-02
6.491637229919433594e-02
5.818819999694824219e-02
3.495979309082031250e-02
4.721117019653320312e-02
6.993651390075683594e-02
4.873776435852050781e-02
2.776551246643066406e-02
6.817102432250976562e-02
2.171897888183593750e-02
3.476929664611816406e-02
1.662921905517578125e-02
5.068874359130859375e-02
8.866548538208007812e-03
3.273200988769531250e-02
1.659631729125976562e-02
5.608773231506347656e-02
3.068137168884277344e-02
2.348113059997558594e-02
5.040955543518066406e-02
4.095172882080078125e-02
6.377363204956054688e-02
1.323115825653076172e-01
1.107931137084960938e-02
3.354883193969726562e-02
5.778646469116210938e-02
3.430676460266113281e-02
5.421447753906250000e-02
5.373167991638183594e-02
4.894900321960449219e-02
8.082079887390136719e-02
4.931879043579101562e-02
4.345011711120605469e-02
5.713820457458496094e-02
8.668971061706542969e-02
7.113909721374511719e-02
6.004428863525390625e-02
5.412721633911132812e-02
5.465269088745117188e-02
