4.445552825927734375e-03
4.132747650146484375e-03
4.152059555053710938e-03
4.243612289428710938e-03
4.115581512451171875e-03
4.158973693847656250e-03
4.143953323364257812e-03
4.215717315673828125e-03
2.489995956420898438e-02
4.199028015136718750e-03
4.220247268676757812e-03
6.926298141479492188e-03
4.215002059936523438e-03
4.273653030395507812e-03
4.219532012939453125e-03
4.200935363769531250e-03
4.184722900390625000e-03
4.152774810791015625e-03
4.216670989990234375e-03
4.228591918945312500e-03
4.325628280639648438e-03
5.980491638183593750e-03
8.761405944824218750e-03
4.276990890502929688e-03
4.158735275268554688e-03
4.290580749511718750e-03
4.251003265380859375e-03
4.154205322265625000e-03
4.257917404174804688e-03
4.290819168090820312e-03
4.247188568115234375e-03
4.382610321044921875e-03
4.229545593261718750e-03
4.255294799804687500e-03
4.283905029296875000e-03
4.226684570312500000e-03
4.197835922241210938e-03
4.234552383422851562e-03
4.284858703613281250e-03
4.228115081787109375e-03
4.193305969238281250e-03
4.193067550659179688e-03
4.153728485107421875e-03
4.228353500366210938e-03
4.119873046875000000e-03
4.156112670898437500e-03
1.633191108703613281e-02
4.179954528808593750e-03
1.148271560668945312e-02
4.136562347412109375e-03
4.102230072021484375e-03
4.190683364868164062e-03
4.176855087280273438e-03
1.150178909301757812e-02
4.144191741943359375e-03
4.223823547363281250e-03
2.291679382324218750e-02
1.640772819519042969e-02
4.152536392211914062e-03
4.240274429321289062e-03
4.220247268676757812e-03
4.154920578002929688e-03
4.176378250122070312e-03
4.132032394409179688e-03
4.211425781250000000e-03
1.023626327514648438e-02
4.172801971435546875e-03
4.177331924438476562e-03
4.094600677490234375e-03
4.165887832641601562e-03
4.216432571411132812e-03
4.166364669799804688e-03
4.094600677490234375e-03
1.984119415283203125e-02
4.210472106933593750e-03
4.212379455566406250e-03
4.173040390014648438e-03
4.251956939697265625e-03
4.226446151733398438e-03
4.072427749633789062e-03
2.659869194030761719e-02
4.148721694946289062e-03
4.201889038085937500e-03
4.167318344116210938e-03
4.150152206420898438e-03
4.221677780151367188e-03
8.753776550292968750e-03
4.234790802001953125e-03
1.408386230468750000e-02
4.211425781250000000e-03
4.176855087280273438e-03
4.121303558349609375e-03
4.211187362670898438e-03
4.125595092773437500e-03
4.235982894897460938e-03
4.108190536499023438e-03
4.851818084716796875e-03
4.114151000976562500e-03
4.130840301513671875e-03
4.147052764892578125e-03
