1.563355946540832520e+01
1.500779652595520020e+01
1.509127068519592285e+01
1.532499837875366211e+01
1.511032819747924805e+01
1.513178753852844238e+01
1.487211680412292480e+01
1.516787481307983398e+01
1.508920073509216309e+01
1.504998779296875000e+01
2.028642511367797852e+01
1.522826480865478516e+01
1.475874733924865723e+01
1.513624596595764160e+01
1.516643548011779785e+01
1.526590156555175781e+01
1.988722133636474609e+01
1.531811356544494629e+01
1.989987516403198242e+01
1.511911869049072266e+01
1.516946387290954590e+01
1.503394913673400879e+01
1.522907614707946777e+01
1.506499028205871582e+01
1.518102574348449707e+01
1.979329109191894531e+01
1.489144611358642578e+01
1.489390945434570312e+01
2.001637601852416992e+01
1.515166783332824707e+01
