1.290081262588500977e+01
2.006087779998779297e+01
1.478775787353515625e+01
1.970917606353759766e+01
1.360378003120422363e+01
2.145097327232360840e+01
1.305197978019714355e+01
1.875790238380432129e+01
1.917088866233825684e+01
1.270233917236328125e+01
1.746961212158203125e+01
1.373426508903503418e+01
1.889407658576965332e+01
2.053186058998107910e+01
2.040345287322998047e+01
1.351116919517517090e+01
4.964876937866210938e+01
4.636103892326354980e+01
4.801862239837646484e+01
1.370712804794311523e+01
2.066873145103454590e+01
3.395982980728149414e+01
2.113451218605041504e+01
4.094014358520507812e+01
1.310614705085754395e+01
4.093930554389953613e+01
1.409842514991760254e+01
1.401961994171142578e+01
2.045965909957885742e+01
1.282739543914794922e+01
1.864950251579284668e+01
1.531726741790771484e+01
1.948804354667663574e+01
1.310298728942871094e+01
1.883550453186035156e+01
1.980119562149047852e+01
2.046105337142944336e+01
1.285086965560913086e+01
1.391191506385803223e+01
1.950988006591796875e+01
1.374290275573730469e+01
2.066816568374633789e+01
3.422766542434692383e+01
2.611835503578186035e+01
2.840044927597045898e+01
2.523340964317321777e+01
2.911202883720397949e+01
1.343857169151306152e+01
2.039278244972229004e+01
1.319208669662475586e+01
