7.832177877426147461e-01
7.979340553283691406e-01
8.136408925056457520e-01
6.835998296737670898e-01
5.868119597434997559e-01
5.868119597434997559e-01
5.868119597434997559e-01
5.868119597434997559e-01
5.868119597434997559e-01
5.868119597434997559e-01
5.868119597434997559e-01
5.868119597434997559e-01
5.868119597434997559e-01
5.868119597434997559e-01
5.868119597434997559e-01
5.868119597434997559e-01
5.868119597434997559e-01
5.868119597434997559e-01
5.868119597434997559e-01
5.868119597434997559e-01
5.868119597434997559e-01
5.868119597434997559e-01
5.868119597434997559e-01
5.868119597434997559e-01
5.868119597434997559e-01
5.868119597434997559e-01
5.868119597434997559e-01
5.868119597434997559e-01
5.868119597434997559e-01
5.868119597434997559e-01
5.868119597434997559e-01
5.868119597434997559e-01
5.868119597434997559e-01
5.868119597434997559e-01
5.868119597434997559e-01
5.868119597434997559e-01
5.868119597434997559e-01
5.868119597434997559e-01
5.868119597434997559e-01
5.868119597434997559e-01
5.868119597434997559e-01
5.868119597434997559e-01
5.868119597434997559e-01
5.868119597434997559e-01
5.868119597434997559e-01
5.868119597434997559e-01
5.868119597434997559e-01
5.868119597434997559e-01
5.868119597434997559e-01
5.868119597434997559e-01
