1.248699474334716797e+01
1.981707525253295898e+01
1.285845351219177246e+01
1.873403024673461914e+01
1.501657795906066895e+01
1.967691588401794434e+01
1.306520605087280273e+01
1.994821476936340332e+01
1.308998489379882812e+01
1.274682998657226562e+01
2.041273546218872070e+01
3.303392457962036133e+01
2.680725789070129395e+01
2.608394384384155273e+01
2.821870422363281250e+01
2.631995701789855957e+01
2.663723921775817871e+01
2.756889557838439941e+01
2.496163463592529297e+01
2.811795830726623535e+01
2.446042180061340332e+01
2.935238957405090332e+01
2.455265140533447266e+01
2.834516310691833496e+01
2.333019900321960449e+01
2.833299350738525391e+01
2.553206920623779297e+01
2.841080117225646973e+01
2.557774066925048828e+01
2.829369258880615234e+01
2.458128285408020020e+01
2.707347798347473145e+01
2.520059466361999512e+01
1.311174821853637695e+01
1.894106197357177734e+01
1.409525752067565918e+01
1.822897696495056152e+01
1.292852115631103516e+01
2.175616121292114258e+01
3.024662566184997559e+01
2.712483000755310059e+01
2.577309727668762207e+01
2.869921493530273438e+01
1.316177821159362793e+01
2.107270932197570801e+01
3.047757649421691895e+01
2.113935542106628418e+01
3.232587623596191406e+01
4.093990182876586914e+01
1.255275583267211914e+01
