9.909451007843017578e-01
1.000000000000000000e+00
1.000000000000000000e+00
9.998584985733032227e-01
9.984436631202697754e-01
9.973118305206298828e-01
9.973118305206298828e-01
9.973118305206298828e-01
9.975947737693786621e-01
9.984436631202697754e-01
9.974533319473266602e-01
9.973118305206298828e-01
9.973118305206298828e-01
9.974533319473266602e-01
9.987266659736633301e-01
9.997170567512512207e-01
1.000000000000000000e+00
1.000000000000000000e+00
1.000000000000000000e+00
1.000000000000000000e+00
1.000000000000000000e+00
1.000000000000000000e+00
1.000000000000000000e+00
1.000000000000000000e+00
1.000000000000000000e+00
1.000000000000000000e+00
1.000000000000000000e+00
1.000000000000000000e+00
1.000000000000000000e+00
1.000000000000000000e+00
1.000000000000000000e+00
1.000000000000000000e+00
9.998584985733032227e-01
9.998584985733032227e-01
9.998584985733032227e-01
9.998584985733032227e-01
9.998584985733032227e-01
9.998584985733032227e-01
9.998584985733032227e-01
9.998584985733032227e-01
9.998584985733032227e-01
9.998584985733032227e-01
9.998584985733032227e-01
9.998584985733032227e-01
9.998584985733032227e-01
9.998584985733032227e-01
9.998584985733032227e-01
9.998584985733032227e-01
9.998584985733032227e-01
9.998584985733032227e-01
