2.646905481815338135e-01
7.787068188190460205e-02
6.588669866323471069e-02
5.266816541552543640e-02
5.228303000330924988e-02
4.796522110700607300e-02
4.405807703733444214e-02
3.831383585929870605e-02
3.523981571197509766e-02
3.322200104594230652e-02
3.477879241108894348e-02
3.383312746882438660e-02
3.352514281868934631e-02
3.472739830613136292e-02
3.145685419440269470e-02
2.731905691325664520e-02
2.490866556763648987e-02
2.233211323618888855e-02
2.003258466720581055e-02
1.855743862688541412e-02
1.609471999108791351e-02
1.488282438367605209e-02
1.530975941568613052e-02
1.369357667863368988e-02
1.185075100511312485e-02
1.122264377772808075e-02
9.868759661912918091e-03
1.152317039668560028e-02
8.630427531898021698e-03
8.597750216722488403e-03
8.150142617523670197e-03
7.832779549062252045e-03
7.339561823755502701e-03
7.415964268147945404e-03
6.407744716852903366e-03
5.634366068989038467e-03
5.351736675947904587e-03
5.053250584751367569e-03
4.750431980937719345e-03
4.533013328909873962e-03
4.389229230582714081e-03
4.229940474033355713e-03
4.113723058253526688e-03
4.012027755379676819e-03
3.908548038452863693e-03
3.832780756056308746e-03
3.745467867702245712e-03
3.673752536997199059e-03
3.602332668378949165e-03
3.534717252478003502e-03
