5.029663562774658203e+00
4.910121202468872070e+00
4.913113832473754883e+00
4.608636617660522461e+00
4.956799745559692383e+00
4.685018301010131836e+00
4.946559190750122070e+00
4.699668645858764648e+00
4.744929790496826172e+00
4.790746450424194336e+00
4.938640117645263672e+00
4.850652933120727539e+00
4.960411310195922852e+00
2.357085132598876953e+01
4.459482431411743164e+00
4.894974708557128906e+00
4.882978677749633789e+00
4.756313562393188477e+00
1.219712090492248535e+01
5.104552507400512695e+00
1.164789056777954102e+01
4.885239601135253906e+00
4.682664394378662109e+00
5.000575304031372070e+00
6.084477663040161133e+00
4.656028032302856445e+00
5.047471523284912109e+00
4.762885093688964844e+00
4.681841850280761719e+00
1.296073627471923828e+01
5.246884107589721680e+00
4.731896400451660156e+00
1.129991555213928223e+01
1.269584441184997559e+01
5.019517183303833008e+00
4.824237585067749023e+00
7.767487764358520508e+00
7.647222280502319336e+00
4.827074289321899414e+00
4.881241321563720703e+00
4.820734262466430664e+00
4.704553604125976562e+00
4.875255107879638672e+00
5.096246719360351562e+00
4.877322196960449219e+00
4.717733383178710938e+00
1.301585817337036133e+01
1.255698633193969727e+01
1.967370295524597168e+01
1.267199254035949707e+01
