1.928262829780578613e+01
1.516694092750549316e+01
1.495734333992004395e+01
1.580413246154785156e+01
1.504590439796447754e+01
1.504826641082763672e+01
1.510679435729980469e+01
2.805173325538635254e+01
3.497369432449340820e+01
1.504206228256225586e+01
1.518700313568115234e+01
1.482211923599243164e+01
3.173096299171447754e+01
1.535481715202331543e+01
1.506345558166503906e+01
2.351752853393554688e+01
1.775512123107910156e+01
1.542277002334594727e+01
1.506366491317749023e+01
1.548913931846618652e+01
1.533717608451843262e+01
1.562266087532043457e+01
3.541155433654785156e+01
2.001527547836303711e+01
1.547405767440795898e+01
2.426108455657958984e+01
1.459793114662170410e+01
1.517559504508972168e+01
1.526363658905029297e+01
1.521540117263793945e+01
1.539564251899719238e+01
1.557714962959289551e+01
1.551855063438415527e+01
1.527964115142822266e+01
2.693288516998291016e+01
1.531325840950012207e+01
1.522085881233215332e+01
1.476773858070373535e+01
1.551806235313415527e+01
1.506315207481384277e+01
3.277484369277954102e+01
1.518293118476867676e+01
3.460660457611083984e+01
1.556316375732421875e+01
1.524038314819335938e+01
2.136579513549804688e+01
1.527120995521545410e+01
2.277056503295898438e+01
1.558251929283142090e+01
2.435910677909851074e+01
3.380789732933044434e+01
1.497163748741149902e+01
1.514431786537170410e+01
2.889493346214294434e+01
3.434599876403808594e+01
1.527384638786315918e+01
1.509396743774414062e+01
1.525723600387573242e+01
1.567682194709777832e+01
1.527051854133605957e+01
1.683384633064270020e+01
1.492260575294494629e+01
1.527917790412902832e+01
1.518291330337524414e+01
2.547625398635864258e+01
1.534685254096984863e+01
3.389531278610229492e+01
1.732480549812316895e+01
3.522144103050231934e+01
1.510773444175720215e+01
1.540789222717285156e+01
2.652303695678710938e+01
1.915910148620605469e+01
1.536971807479858398e+01
1.495398211479187012e+01
1.472734379768371582e+01
3.491371321678161621e+01
1.480803060531616211e+01
3.414631438255310059e+01
1.574432539939880371e+01
1.536990165710449219e+01
2.244473981857299805e+01
1.532865595817565918e+01
1.552612400054931641e+01
1.509587883949279785e+01
1.509435367584228516e+01
1.605148148536682129e+01
2.587638330459594727e+01
1.685207509994506836e+01
1.518013501167297363e+01
1.562600374221801758e+01
1.558308911323547363e+01
1.529320383071899414e+01
1.477328276634216309e+01
3.490129566192626953e+01
1.543329644203186035e+01
1.533056473731994629e+01
1.529007458686828613e+01
1.494967484474182129e+01
1.540630125999450684e+01
