9.675958752632141113e-01
9.902362823486328125e-01
9.934908747673034668e-01
9.956133961677551270e-01
9.946228861808776855e-01
9.954718947410583496e-01
9.974529743194580078e-01
9.988679885864257812e-01
9.988679885864257812e-01
9.990094900131225586e-01
9.991509914398193359e-01
9.990094900131225586e-01
9.991509914398193359e-01
9.991509914398193359e-01
9.994339942932128906e-01
9.998584985733032227e-01
9.998584985733032227e-01
9.997169971466064453e-01
1.000000000000000000e+00
1.000000000000000000e+00
1.000000000000000000e+00
1.000000000000000000e+00
1.000000000000000000e+00
1.000000000000000000e+00
1.000000000000000000e+00
1.000000000000000000e+00
1.000000000000000000e+00
1.000000000000000000e+00
1.000000000000000000e+00
1.000000000000000000e+00
1.000000000000000000e+00
1.000000000000000000e+00
1.000000000000000000e+00
1.000000000000000000e+00
1.000000000000000000e+00
1.000000000000000000e+00
1.000000000000000000e+00
1.000000000000000000e+00
1.000000000000000000e+00
1.000000000000000000e+00
1.000000000000000000e+00
1.000000000000000000e+00
1.000000000000000000e+00
1.000000000000000000e+00
1.000000000000000000e+00
1.000000000000000000e+00
1.000000000000000000e+00
1.000000000000000000e+00
1.000000000000000000e+00
1.000000000000000000e+00
