3.666640520095825195e-01
1.765768676996231079e-01
1.303114742040634155e-01
1.135209202766418457e-01
1.286434531211853027e-01
1.261521726846694946e-01
1.143574789166450500e-01
1.028319969773292542e-01
1.120084598660469055e-01
1.152388006448745728e-01
1.172310039401054382e-01
1.159770339727401733e-01
1.151453852653503418e-01
1.180900558829307556e-01
1.189109012484550476e-01
1.213593930006027222e-01
1.225671246647834778e-01
1.213667616248130798e-01
1.179377809166908264e-01
1.134474724531173706e-01
1.143647655844688416e-01
1.123885065317153931e-01
1.103692576289176941e-01
1.058064326643943787e-01
1.009265482425689697e-01
9.566070884466171265e-02
8.895189315080642700e-02
8.463045954704284668e-02
8.007219433784484863e-02
7.668775320053100586e-02
7.418969273567199707e-02
7.109487801790237427e-02
6.892641633749008179e-02
6.629467010498046875e-02
6.417821347713470459e-02
6.235568597912788391e-02
6.068529561161994934e-02
5.896856635808944702e-02
5.762299150228500366e-02
5.611601471900939941e-02
5.491720885038375854e-02
5.383306369185447693e-02
5.278221890330314636e-02
5.189809203147888184e-02
5.095839872956275940e-02
5.007252097129821777e-02
4.921143501996994019e-02
4.846196249127388000e-02
4.779369384050369263e-02
4.725300893187522888e-02
