1.391304087638854980e+01
1.803282237052917480e+01
1.614358258247375488e+01
1.920288777351379395e+01
1.481695556640625000e+01
1.805268859863281250e+01
1.713578748703002930e+01
1.553729128837585449e+01
2.032706642150878906e+01
1.388375592231750488e+01
1.922326946258544922e+01
1.627608633041381836e+01
1.879814147949218750e+01
1.447090458869934082e+01
2.018962383270263672e+01
3.331556558609008789e+01
2.104054331779479980e+01
3.216148519515991211e+01
2.746885585784912109e+01
2.613633680343627930e+01
2.740816974639892578e+01
1.997454619407653809e+01
1.428123617172241211e+01
1.909324216842651367e+01
1.419849205017089844e+01
2.050347089767456055e+01
4.093901944160461426e+01
1.351750898361206055e+01
3.140526199340820312e+01
2.291766309738159180e+01
3.040867209434509277e+01
4.757458686828613281e+01
4.635991287231445312e+01
8.189989304542541504e+01
1.344248700141906738e+01
4.993221068382263184e+01
4.595852804183959961e+01
1.995236063003540039e+01
1.415105080604553223e+01
2.059025835990905762e+01
3.321440839767456055e+01
2.154808735847473145e+01
3.261872386932373047e+01
2.805975389480590820e+01
2.637783741950988770e+01
1.307329893112182617e+01
1.383852076530456543e+01
2.079543447494506836e+01
1.349314785003662109e+01
1.390658116340637207e+01
