6.270197629928588867e+00
6.461961507797241211e+00
6.057739257812500000e+00
7.243240833282470703e+00
6.037381172180175781e+00
6.795572280883789062e+00
7.012732982635498047e+00
6.785274505615234375e+00
6.814417600631713867e+00
6.752128601074218750e+00
6.822378635406494141e+00
6.875765323638916016e+00
6.299335479736328125e+00
6.404305458068847656e+00
6.464698791503906250e+00
6.625984430313110352e+00
6.442636489868164062e+00
6.703461647033691406e+00
6.541477680206298828e+00
6.494682312011718750e+00
7.003914833068847656e+00
6.377092838287353516e+00
6.707165956497192383e+00
6.964722633361816406e+00
1.316097998619079590e+01
6.548972845077514648e+00
6.362975597381591797e+00
6.674952268600463867e+00
6.576674699783325195e+00
6.834513664245605469e+00
6.750523090362548828e+00
6.158413887023925781e+00
6.699747800827026367e+00
7.027328729629516602e+00
6.600604534149169922e+00
6.586674690246582031e+00
6.755609512329101562e+00
6.529820680618286133e+00
6.492282152175903320e+00
6.911844015121459961e+00
6.684259414672851562e+00
6.507227897644042969e+00
6.720664978027343750e+00
6.765582561492919922e+00
6.966194152832031250e+00
6.787542819976806641e+00
6.589548826217651367e+00
6.423643350601196289e+00
6.660567283630371094e+00
6.467771530151367188e+00
