3.848700597882270813e-02
5.779313854873180389e-03
7.889914559200406075e-04
2.481485484167933464e-03
2.245042240247130394e-03
1.687024720013141632e-03
7.108171121217310429e-05
8.788232662482187152e-06
6.445539838750846684e-06
4.921372237731702626e-06
3.866431597998598590e-06
3.118979975624824874e-06
2.558122787377214991e-06
2.134016085619805381e-06
1.801247321964183357e-06
1.537033540444099344e-06
1.328646249021403491e-06
1.159877683676313609e-06
1.021463049255544320e-06
9.061515129360486753e-07
8.081191822384425905e-07
7.239660249069856945e-07
6.529374445563007612e-07
5.920186936236859765e-07
5.390535307014943101e-07
4.924077074974775314e-07
4.516268461429717718e-07
4.166441840425250120e-07
3.863137294501939323e-07
3.596073270273336675e-07
3.363061296113301069e-07
3.156010563998279395e-07
2.972730044348281808e-07
2.808331487358373124e-07
2.658768210039852420e-07
2.523198929793579737e-07
2.398925289526232518e-07
2.285947573454905069e-07
2.182580516318921582e-07
2.085789390093850670e-07
1.997091203520540148e-07
1.914463325647375314e-07
1.838916716678795638e-07
1.770789737065570080e-07
1.706540615487028845e-07
1.645495046886935597e-07
1.590014164776221151e-07
1.538243168397457339e-07
1.489001277832358028e-07
1.442963366571348161e-07
