3.535702824592590332e-01
4.712125957012176514e-01
5.422161221504211426e-01
5.533129572868347168e-01
5.706818699836730957e-01
5.821807384490966797e-01
5.950466394424438477e-01
5.927951335906982422e-01
6.115310192108154297e-01
6.192505359649658203e-01
6.357349753379821777e-01
6.421679258346557617e-01
6.507719755172729492e-01
6.582502126693725586e-01
6.583306789398193359e-01
6.708748936653137207e-01
6.710357069969177246e-01
6.749758720397949219e-01
6.790768504142761230e-01
6.848664879798889160e-01
6.843840479850769043e-01
6.922643780708312988e-01
6.937118172645568848e-01
6.935510039329528809e-01
6.957221031188964844e-01
6.988581418991088867e-01
7.017529606819152832e-01
7.034416198730468750e-01
7.068993449211120605e-01
7.083467245101928711e-01
7.091508507728576660e-01
7.100353837013244629e-01
7.118848562240600586e-01
7.134127020835876465e-01
7.144580483436584473e-01
7.149404883384704590e-01
7.155033946037292480e-01
7.164683341979980469e-01
7.179961204528808594e-01
7.175940871238708496e-01
7.196847796440124512e-01
7.194435596466064453e-01
7.207301259040832520e-01
7.201672792434692383e-01
7.200064063072204590e-01
7.228208184242248535e-01
7.225795984268188477e-01
7.226600050926208496e-01
7.208909392356872559e-01
7.235445380210876465e-01
7.227404117584228516e-01
7.226600050926208496e-01
7.236249446868896484e-01
7.234641313552856445e-01
7.239466309547424316e-01
7.239466309547424316e-01
7.245898842811584473e-01
7.247506976127624512e-01
7.240270376205444336e-01
7.234641313552856445e-01
7.242682576179504395e-01
7.255548238754272461e-01
7.247506976127624512e-01
7.243486642837524414e-01
7.247506976127624512e-01
7.255548238754272461e-01
7.245898842811584473e-01
7.254744172096252441e-01
7.255548238754272461e-01
7.249919772148132324e-01
7.247506976127624512e-01
7.254744172096252441e-01
7.249919772148132324e-01
7.253136038780212402e-01
7.256352305412292480e-01
7.253136038780212402e-01
7.253136038780212402e-01
7.254744172096252441e-01
7.249115705490112305e-01
7.253136038780212402e-01
7.254744172096252441e-01
7.257961034774780273e-01
7.253940105438232422e-01
7.260373234748840332e-01
7.256352305412292480e-01
7.253136038780212402e-01
7.257156372070312500e-01
7.254744172096252441e-01
7.253940105438232422e-01
7.253136038780212402e-01
7.253940105438232422e-01
7.256352305412292480e-01
7.253136038780212402e-01
7.257961034774780273e-01
7.255548238754272461e-01
7.255548238754272461e-01
7.255548238754272461e-01
7.254744172096252441e-01
7.257961034774780273e-01
7.256352305412292480e-01
