1.693512916564941406e+01
1.868699765205383301e+01
2.133388209342956543e+01
3.291728687286376953e+01
2.856203866004943848e+01
3.467259812355041504e+01
4.095274209976196289e+01
1.660999274253845215e+01
4.089428019523620605e+01
2.035899734497070312e+01
2.406938433647155762e+01
3.381849884986877441e+01
2.742290759086608887e+01
2.887610673904418945e+01
2.931082367897033691e+01
2.769233417510986328e+01
3.280365347862243652e+01
2.584186410903930664e+01
2.847026085853576660e+01
2.620179796218872070e+01
3.341832494735717773e+01
3.138037991523742676e+01
4.089647579193115234e+01
1.660676431655883789e+01
3.225645303726196289e+01
3.544618058204650879e+01
4.090516233444213867e+01
2.005249047279357910e+01
3.072031879425048828e+01
2.464229464530944824e+01
3.421529579162597656e+01
3.074224829673767090e+01
2.275066375732421875e+01
2.775264525413513184e+01
4.091309499740600586e+01
1.649447560310363770e+01
4.090649509429931641e+01
4.090724968910217285e+01
2.044101524353027344e+01
2.042198276519775391e+01
4.088960695266723633e+01
1.733931517601013184e+01
3.284582161903381348e+01
2.242222833633422852e+01
3.250468921661376953e+01
2.638086748123168945e+01
4.091109848022460938e+01
1.910914015769958496e+01
3.299919724464416504e+01
2.284495711326599121e+01
3.292123532295227051e+01
4.087695980072021484e+01
2.047290182113647461e+01
4.090303373336791992e+01
2.043371391296386719e+01
4.089326572418212891e+01
1.656697154045104980e+01
2.810078620910644531e+01
4.090330171585083008e+01
1.645914340019226074e+01
2.602829837799072266e+01
3.130151629447937012e+01
2.324088311195373535e+01
3.167665886878967285e+01
2.276557707786560059e+01
3.534935855865478516e+01
4.093157887458801270e+01
1.675440692901611328e+01
2.113964915275573730e+01
3.646578311920166016e+01
2.091745305061340332e+01
3.078552174568176270e+01
1.655391883850097656e+01
3.771031761169433594e+01
4.092834281921386719e+01
1.651214742660522461e+01
2.260755419731140137e+01
1.657425236701965332e+01
3.380713677406311035e+01
2.185532879829406738e+01
4.090822935104370117e+01
1.860591220855712891e+01
2.545161724090576172e+01
2.708996891975402832e+01
2.656911420822143555e+01
3.376974916458129883e+01
2.095909786224365234e+01
3.350747990608215332e+01
1.667986965179443359e+01
1.662533116340637207e+01
3.757299280166625977e+01
2.211707282066345215e+01
2.115875101089477539e+01
3.275191116333007812e+01
4.089840698242187500e+01
1.667685341835021973e+01
2.547611331939697266e+01
3.244776654243469238e+01
2.725843095779418945e+01
2.408492517471313477e+01
