1.621286869049072266e+00
1.522413969039916992e+00
1.353689432144165039e+00
1.425062894821166992e+00
1.178972244262695312e+00
1.303265571594238281e+00
1.534001827239990234e+00
1.517341613769531250e+00
1.428385734558105469e+00
1.689987659454345703e+00
1.175284147262573242e+00
1.481949567794799805e+00
1.278553009033203125e+00
1.270533561706542969e+00
1.527691364288330078e+00
1.381617784500122070e+00
1.507563591003417969e+00
1.255305528640747070e+00
1.603853702545166016e+00
1.217845201492309570e+00
1.436117172241210938e+00
1.379284143447875977e+00
1.612908363342285156e+00
1.367218494415283203e+00
1.115589141845703125e+00
1.461890935897827148e+00
1.530398368835449219e+00
1.370450973510742188e+00
1.324097156524658203e+00
1.502377271652221680e+00
1.464789152145385742e+00
1.120853185653686523e+00
1.484551429748535156e+00
1.488143682479858398e+00
1.360613584518432617e+00
1.530178546905517578e+00
1.203864336013793945e+00
1.302782058715820312e+00
1.375960350036621094e+00
1.266103267669677734e+00
1.260560035705566406e+00
1.417053461074829102e+00
1.386702299118041992e+00
1.495207309722900391e+00
1.455229282379150391e+00
1.130934715270996094e+00
1.394460201263427734e+00
1.444253444671630859e+00
1.254229784011840820e+00
1.371134042739868164e+00
