2.246368169784545898e+00
2.252587080001831055e+00
2.185743093490600586e+00
1.886809706687927246e+00
1.808449029922485352e+00
1.858103990554809570e+00
1.777944684028625488e+00
1.723624229431152344e+00
1.709741950035095215e+00
1.700015068054199219e+00
1.658406376838684082e+00
1.568155646324157715e+00
1.553600549697875977e+00
1.569694399833679199e+00
1.503476738929748535e+00
1.493268847465515137e+00
1.540983557701110840e+00
1.595716118812561035e+00
1.566274642944335938e+00
1.546576857566833496e+00
1.527487635612487793e+00
1.528100728988647461e+00
1.494998455047607422e+00
1.516581416130065918e+00
1.504363417625427246e+00
1.465259909629821777e+00
1.458898901939392090e+00
1.462282896041870117e+00
1.448729991912841797e+00
1.467654347419738770e+00
1.443024754524230957e+00
1.450902938842773438e+00
1.451256752014160156e+00
1.440999031066894531e+00
1.425730705261230469e+00
1.423742651939392090e+00
1.430779099464416504e+00
1.414717435836791992e+00
1.420977473258972168e+00
1.420807480812072754e+00
1.424768209457397461e+00
1.433124184608459473e+00
1.442609786987304688e+00
1.440967082977294922e+00
1.454975724220275879e+00
1.473343729972839355e+00
1.481617927551269531e+00
1.505456089973449707e+00
1.519055008888244629e+00
1.525100350379943848e+00
1.556939959526062012e+00
1.569613218307495117e+00
1.593069076538085938e+00
1.617730736732482910e+00
1.634352922439575195e+00
1.665063738822937012e+00
1.693598151206970215e+00
1.711600303649902344e+00
1.734355211257934570e+00
1.757205009460449219e+00
1.780631065368652344e+00
1.808437228202819824e+00
1.827941298484802246e+00
1.845611572265625000e+00
1.865028619766235352e+00
1.883893966674804688e+00
1.903274297714233398e+00
1.921279907226562500e+00
1.937405705451965332e+00
1.953832626342773438e+00
1.966402530670166016e+00
1.980282902717590332e+00
1.994281053543090820e+00
2.003410816192626953e+00
2.013336181640625000e+00
2.022529840469360352e+00
2.029739379882812500e+00
2.037565231323242188e+00
2.045721769332885742e+00
2.050984621047973633e+00
2.056250810623168945e+00
2.061037063598632812e+00
2.065868139266967773e+00
2.069738864898681641e+00
2.073394060134887695e+00
2.077040910720825195e+00
2.079445838928222656e+00
2.082105159759521484e+00
2.084330081939697266e+00
2.087046861648559570e+00
2.089453458786010742e+00
2.090603113174438477e+00
2.091369628906250000e+00
2.093416452407836914e+00
2.094603538513183594e+00
2.096012830734252930e+00
2.097304582595825195e+00
2.097918748855590820e+00
2.099332809448242188e+00
2.099250793457031250e+00
