6.202570438385009766e+00
6.308030128479003906e+00
6.213011741638183594e+00
5.994057655334472656e+00
5.956053018569946289e+00
6.100373744964599609e+00
6.013755559921264648e+00
6.184097051620483398e+00
6.099512577056884766e+00
6.063366889953613281e+00
6.142535924911499023e+00
6.154008865356445312e+00
6.061969041824340820e+00
6.092625141143798828e+00
6.068164587020874023e+00
6.081362009048461914e+00
6.081820249557495117e+00
5.959775447845458984e+00
6.094110488891601562e+00
6.103811979293823242e+00
6.111530780792236328e+00
6.050622701644897461e+00
6.087190151214599609e+00
6.215750455856323242e+00
6.018700361251831055e+00
6.007182598114013672e+00
6.139267683029174805e+00
5.992429494857788086e+00
6.100947618484497070e+00
5.976320981979370117e+00
6.177495241165161133e+00
6.291617155075073242e+00
6.443529605865478516e+00
6.146660089492797852e+00
6.182629346847534180e+00
6.662987232208251953e+00
6.199523210525512695e+00
6.109428882598876953e+00
6.080014944076538086e+00
6.245671749114990234e+00
6.273734569549560547e+00
5.953243970870971680e+00
6.677646398544311523e+00
6.050863265991210938e+00
6.064172267913818359e+00
6.226292133331298828e+00
6.233299255371093750e+00
6.183923721313476562e+00
6.112024545669555664e+00
6.040010929107666016e+00
