6.168312311172485352e+00
6.308072328567504883e+00
6.189636707305908203e+00
5.965381145477294922e+00
5.956236600875854492e+00
6.122027158737182617e+00
6.013794660568237305e+00
6.232855081558227539e+00
6.104098320007324219e+00
6.066652536392211914e+00
6.143930435180664062e+00
6.152047872543334961e+00
6.076805830001831055e+00
6.096859455108642578e+00
6.069523096084594727e+00
6.097268342971801758e+00
6.081521511077880859e+00
5.960802316665649414e+00
6.084919929504394531e+00
6.103461742401123047e+00
6.120599269866943359e+00
6.063031196594238281e+00
6.087480545043945312e+00
6.194706439971923828e+00
6.020563602447509766e+00
6.014029026031494141e+00
6.143102169036865234e+00
5.989225625991821289e+00
6.099261522293090820e+00
5.955444574356079102e+00
6.188150882720947266e+00
6.280478239059448242e+00
6.488905906677246094e+00
6.144179105758666992e+00
6.151708126068115234e+00
6.673861980438232422e+00
6.182524204254150391e+00
6.092539310455322266e+00
6.082903861999511719e+00
6.267067432403564453e+00
6.262478351593017578e+00
5.955253601074218750e+00
6.698471069335937500e+00
6.067225694656372070e+00
6.053005933761596680e+00
6.250624895095825195e+00
6.244976282119750977e+00
6.147537231445312500e+00
6.126269578933715820e+00
6.062802314758300781e+00
