9.999547481536865234e+00
1.092212533950805664e+01
9.998401403427124023e+00
1.292596507072448730e+01
9.455225467681884766e+00
1.387938976287841797e+01
2.760525012016296387e+01
1.525660705566406250e+01
3.321492528915405273e+01
9.756162405014038086e+00
2.702490401268005371e+01
1.671245169639587402e+01
2.660062694549560547e+01
1.646232986450195312e+01
2.616664242744445801e+01
1.852916264533996582e+01
3.331850934028625488e+01
1.028598260879516602e+01
3.329703259468078613e+01
1.171120929718017578e+01
2.249198508262634277e+01
2.131355047225952148e+01
2.378749775886535645e+01
2.322844815254211426e+01
2.898402357101440430e+01
3.336870646476745605e+01
1.582339119911193848e+01
2.020358443260192871e+01
2.357503151893615723e+01
1.816036033630371094e+01
2.441201233863830566e+01
1.957906270027160645e+01
2.414312958717346191e+01
3.318093156814575195e+01
1.088812279701232910e+01
1.915300488471984863e+01
3.319130921363830566e+01
9.657891273498535156e+00
3.330635118484497070e+01
1.262506389617919922e+01
2.178038144111633301e+01
1.794241023063659668e+01
2.619628906250000000e+01
3.333536696434020996e+01
1.092410731315612793e+01
1.539043593406677246e+01
2.865732455253601074e+01
3.322196722030639648e+01
1.076896905899047852e+01
1.551562547683715820e+01
