9.436151385307312012e-01
9.556420445442199707e-01
9.719136953353881836e-01
9.748850464820861816e-01
9.670321941375732422e-01
9.763706922531127930e-01
9.762291908264160156e-01
9.793420433998107910e-01
9.787760972976684570e-01
9.785638451576232910e-01
9.763706922531127930e-01
9.775733947753906250e-01
9.786345958709716797e-01
9.781393408775329590e-01
9.774318933486938477e-01
9.767951965332031250e-01
9.756632447242736816e-01
9.770781993865966797e-01
9.765829443931579590e-01
9.749557971954345703e-01
9.715599417686462402e-01
9.740360975265502930e-01
9.711354970932006836e-01
9.701450467109680176e-01
9.691545963287353516e-01
9.694375395774841309e-01
9.680226445198059082e-01
9.677396416664123535e-01
9.662539958953857422e-01
9.656879901885986328e-01
9.657587409019470215e-01
9.653342962265014648e-01
9.651927947998046875e-01
9.661832451820373535e-01
9.659002423286437988e-01
9.655464887619018555e-01
9.658294916152954102e-01
9.661832451820373535e-01
9.668199419975280762e-01
9.677396416664123535e-01
9.685885906219482422e-01
9.695790410041809082e-01
9.700035452842712402e-01
9.706402420997619629e-01
9.708524942398071289e-01
9.711354970932006836e-01
9.713476896286010742e-01
9.719136953353881836e-01
9.724796414375305176e-01
9.727626442909240723e-01
