1.513685989379882812e+01
7.334038496017456055e+00
7.430089950561523438e+00
8.172201871871948242e+00
7.511631250381469727e+00
7.445281744003295898e+00
7.885134935379028320e+00
7.412727117538452148e+00
7.679427385330200195e+00
7.783822059631347656e+00
7.882567405700683594e+00
7.377232551574707031e+00
7.767627716064453125e+00
7.630458116531372070e+00
7.712140321731567383e+00
7.368919134140014648e+00
7.407089710235595703e+00
7.738240718841552734e+00
7.756429672241210938e+00
7.697503566741943359e+00
7.660144567489624023e+00
7.794762372970581055e+00
7.599833726882934570e+00
7.712077140808105469e+00
7.490320920944213867e+00
7.751780986785888672e+00
7.628034353256225586e+00
7.498152017593383789e+00
8.058913230895996094e+00
7.596804141998291016e+00
7.478615760803222656e+00
7.576177358627319336e+00
7.499626159667968750e+00
7.730100870132446289e+00
7.360551357269287109e+00
7.707196950912475586e+00
7.494385719299316406e+00
7.545949220657348633e+00
7.494397401809692383e+00
7.653955936431884766e+00
7.550834655761718750e+00
7.545762777328491211e+00
7.393781423568725586e+00
7.206246376037597656e+00
8.158861637115478516e+00
7.499210119247436523e+00
7.519700050354003906e+00
7.465404987335205078e+00
7.799892902374267578e+00
2.700438785552978516e+01
