1.282149481773376465e+01
1.990790295600891113e+01
1.982786035537719727e+01
1.285680532455444336e+01
2.066930723190307617e+01
3.253891468048095703e+01
4.093823456764221191e+01
1.253121590614318848e+01
2.045869803428649902e+01
1.262702965736389160e+01
1.949442076683044434e+01
1.299754953384399414e+01
1.979563188552856445e+01
1.864731955528259277e+01
1.993599486351013184e+01
1.913542914390563965e+01
1.262866330146789551e+01
1.849767637252807617e+01
1.618995594978332520e+01
1.712188339233398438e+01
1.327887201309204102e+01
1.944887900352478027e+01
1.292078828811645508e+01
4.093843841552734375e+01
1.270578193664550781e+01
1.984206914901733398e+01
1.316570806503295898e+01
1.329733872413635254e+01
1.860426163673400879e+01
1.297993278503417969e+01
2.045846652984619141e+01
1.884951066970825195e+01
3.376613640785217285e+01
1.990284991264343262e+01
1.363602447509765625e+01
1.936326050758361816e+01
1.311608147621154785e+01
2.003322696685791016e+01
3.248854112625122070e+01
2.011645317077636719e+01
3.299817347526550293e+01
2.082579779624938965e+01
3.253442978858947754e+01
2.177985835075378418e+01
1.982444429397583008e+01
2.045832991600036621e+01
1.202440881729125977e+01
1.485701680183410645e+01
1.286226987838745117e+01
2.162419986724853516e+01
