2.488175779581069946e-02
1.866676029749214649e-03
1.625346252694725990e-03
9.930314263328909874e-04
4.103504470549523830e-04
3.178814367856830359e-04
2.659240853972733021e-04
2.113131777150556445e-04
1.753389224177226424e-04
1.740123610943555832e-03
1.836359879234805703e-04
1.288175117224454880e-04
8.842324314173310995e-05
7.499826460843905807e-05
5.808731293655000627e-05
5.059682735009118915e-05
4.219271067995578051e-05
3.784345972235314548e-05
2.940340527857188135e-05
2.163535464205779135e-05
2.084577317873481661e-05
1.434135629096999764e-05
1.302399778069229797e-05
9.855848475126549602e-06
6.695210686302743852e-06
6.361765827023191378e-06
5.235900971456430852e-06
3.814076762864715420e-06
3.198838840035023168e-06
3.982337602792540565e-06
2.816003643602016382e-06
2.474834900567657314e-06
2.390184363321168348e-06
1.726463551676715724e-06
1.569885284880001564e-06
1.268053097192023415e-06
1.207352170240483247e-06
1.087638338503893465e-06
9.842751751421019435e-07
8.699182671989547089e-07
7.850592851355031598e-07
7.096871854628261644e-07
6.372076768457191065e-07
5.925770665271556936e-07
5.375169962462678086e-07
5.129629130351531785e-07
4.643512738766730763e-07
4.054940063724643551e-07
3.707020539422956062e-07
3.286567391569406027e-07
