2.181271314620971680e+00
1.428055047988891602e+00
1.207710146903991699e+00
1.199469208717346191e+00
1.200452566146850586e+00
1.183404207229614258e+00
1.155939579010009766e+00
1.067485451698303223e+00
1.022263050079345703e+00
9.909021258354187012e-01
9.595487713813781738e-01
9.331138134002685547e-01
9.072778820991516113e-01
8.895444869995117188e-01
8.655140399932861328e-01
8.289937376976013184e-01
7.975747585296630859e-01
8.056287765502929688e-01
7.786444425582885742e-01
7.686436176300048828e-01
7.583092451095581055e-01
7.421461939811706543e-01
7.416480779647827148e-01
7.443702220916748047e-01
7.296611666679382324e-01
7.288649678230285645e-01
7.248094677925109863e-01
7.162179946899414062e-01
7.125410437583923340e-01
7.102030515670776367e-01
7.147833704948425293e-01
7.024318575859069824e-01
7.031273841857910156e-01
7.034561634063720703e-01
7.001605629920959473e-01
6.995025873184204102e-01
6.973792314529418945e-01
6.946416497230529785e-01
6.928604841232299805e-01
6.923012733459472656e-01
6.921060681343078613e-01
6.900819540023803711e-01
6.895852684974670410e-01
6.884140968322753906e-01
6.889169812202453613e-01
6.899234056472778320e-01
6.874808073043823242e-01
6.870643496513366699e-01
6.864243745803833008e-01
6.856016516685485840e-01
6.855350732803344727e-01
6.852256655693054199e-01
6.845209002494812012e-01
6.843379735946655273e-01
6.839349269866943359e-01
6.845405697822570801e-01
6.832631826400756836e-01
6.832010149955749512e-01
6.830393075942993164e-01
6.829125285148620605e-01
6.827123165130615234e-01
6.826236248016357422e-01
6.826307773590087891e-01
6.822537183761596680e-01
6.824808716773986816e-01
6.821510791778564453e-01
6.821827292442321777e-01
6.821341514587402344e-01
6.819932460784912109e-01
6.820180416107177734e-01
6.818584799766540527e-01
6.818950772285461426e-01
6.818780303001403809e-01
6.818172931671142578e-01
6.817587614059448242e-01
6.816900372505187988e-01
6.817234158515930176e-01
6.816846132278442383e-01
6.816558837890625000e-01
6.816881299018859863e-01
6.815958619117736816e-01
6.815819740295410156e-01
6.815331578254699707e-01
6.815291643142700195e-01
6.815118789672851562e-01
6.814985275268554688e-01
6.814970970153808594e-01
6.814776062965393066e-01
6.814920902252197266e-01
6.814530491828918457e-01
6.814459562301635742e-01
6.814451217651367188e-01
6.814357042312622070e-01
6.814459562301635742e-01
6.814162731170654297e-01
6.814139485359191895e-01
6.814092993736267090e-01
6.814073324203491211e-01
6.814002394676208496e-01
6.814031600952148438e-01
