1.520348834991455078e+01
1.916646671295166016e+01
1.512462425231933594e+01
3.399863743782043457e+01
1.689766311645507812e+01
1.531995439529418945e+01
1.514656090736389160e+01
1.502227973937988281e+01
1.491683578491210938e+01
2.479594826698303223e+01
1.511386728286743164e+01
2.575792670249938965e+01
1.486604237556457520e+01
2.766572880744934082e+01
1.487928223609924316e+01
1.510276985168457031e+01
1.516175818443298340e+01
1.441827511787414551e+01
1.490986776351928711e+01
1.514108228683471680e+01
1.475001931190490723e+01
3.546647882461547852e+01
1.894886088371276855e+01
1.511038780212402344e+01
1.479733848571777344e+01
1.486964368820190430e+01
1.496934628486633301e+01
1.480314016342163086e+01
1.487399125099182129e+01
1.517444992065429688e+01
1.486274671554565430e+01
2.996194553375244141e+01
1.710672831535339355e+01
3.167974638938903809e+01
1.473031020164489746e+01
3.153583955764770508e+01
1.490687632560729980e+01
1.502384281158447266e+01
2.132604432106018066e+01
1.462291765213012695e+01
1.501164698600769043e+01
1.506093025207519531e+01
1.904046440124511719e+01
2.464948034286499023e+01
1.561310315132141113e+01
1.489610004425048828e+01
1.470141267776489258e+01
2.473916053771972656e+01
1.472705817222595215e+01
1.445039987564086914e+01
3.120132303237915039e+01
1.846070337295532227e+01
2.652360796928405762e+01
1.453473091125488281e+01
1.476638078689575195e+01
1.495694661140441895e+01
3.358147454261779785e+01
1.720667624473571777e+01
3.470379257202148438e+01
1.706286406517028809e+01
1.426160216331481934e+01
1.521208381652832031e+01
3.232040047645568848e+01
1.473078632354736328e+01
2.931146955490112305e+01
1.499927353858947754e+01
1.513284134864807129e+01
1.491230082511901855e+01
3.269278526306152344e+01
1.473314523696899414e+01
1.476630973815917969e+01
2.246864748001098633e+01
1.682166743278503418e+01
1.490544414520263672e+01
1.427344417572021484e+01
2.518764638900756836e+01
1.448319482803344727e+01
1.448725295066833496e+01
2.907546806335449219e+01
1.475324511528015137e+01
1.486173987388610840e+01
1.466344356536865234e+01
1.494777989387512207e+01
2.122037053108215332e+01
1.470066308975219727e+01
1.499813914299011230e+01
2.747272586822509766e+01
1.885965442657470703e+01
1.447122931480407715e+01
1.474622726440429688e+01
2.045746421813964844e+01
3.150398397445678711e+01
1.424558687210083008e+01
2.668222141265869141e+01
1.438613271713256836e+01
1.478824591636657715e+01
1.487291932106018066e+01
1.519455885887145996e+01
1.447356081008911133e+01
3.276026582717895508e+01
