1.689734506607055664e+01
4.087978887557983398e+01
1.644427347183227539e+01
2.182082414627075195e+01
3.459124207496643066e+01
2.040039730072021484e+01
3.064909529685974121e+01
3.054129791259765625e+01
2.574551558494567871e+01
2.951544618606567383e+01
2.695519590377807617e+01
4.089485144615173340e+01
2.045002412796020508e+01
2.705072402954101562e+01
4.091552329063415527e+01
2.038685297966003418e+01
3.389033102989196777e+01
2.155880188941955566e+01
3.341630053520202637e+01
4.090995597839355469e+01
2.044002938270568848e+01
2.042681431770324707e+01
3.595799779891967773e+01
2.077184724807739258e+01
4.090139007568359375e+01
1.850641322135925293e+01
2.721140933036804199e+01
4.090621113777160645e+01
1.633648896217346191e+01
2.192262196540832520e+01
3.325371122360229492e+01
2.425256490707397461e+01
3.031766676902770996e+01
2.445553255081176758e+01
3.049269104003906250e+01
2.365286469459533691e+01
3.077110099792480469e+01
2.292028021812438965e+01
4.092736697196960449e+01
1.648280811309814453e+01
4.091985988616943359e+01
1.734544038772583008e+01
4.091873049736022949e+01
1.635368490219116211e+01
4.090556311607360840e+01
1.669542765617370605e+01
4.092443943023681641e+01
1.644707560539245605e+01
2.595793223381042480e+01
3.002829241752624512e+01
4.089339566230773926e+01
1.832539582252502441e+01
2.941645455360412598e+01
3.455386161804199219e+01
2.367830157279968262e+01
3.535594725608825684e+01
2.151949214935302734e+01
3.401972508430480957e+01
4.094949603080749512e+01
2.043841481208801270e+01
2.074944853782653809e+01
3.219815850257873535e+01
4.090921378135681152e+01
1.646669483184814453e+01
2.672236490249633789e+01
4.090476608276367188e+01
4.089840936660766602e+01
1.639002609252929688e+01
2.152838301658630371e+01
4.090936231613159180e+01
2.047381544113159180e+01
3.330019187927246094e+01
2.371742439270019531e+01
4.092070603370666504e+01
1.722260499000549316e+01
3.000728058815002441e+01
2.713238048553466797e+01
3.127806019783020020e+01
2.724814248085021973e+01
2.889136028289794922e+01
2.071464276313781738e+01
4.090526247024536133e+01
1.708728265762329102e+01
4.100816822052001953e+01
1.697048521041870117e+01
3.110255885124206543e+01
2.798905467987060547e+01
4.091698122024536133e+01
1.640384578704833984e+01
2.471772623062133789e+01
3.250664496421813965e+01
2.768796038627624512e+01
4.090062069892883301e+01
2.040004348754882812e+01
2.970290064811706543e+01
2.273914980888366699e+01
4.091546010971069336e+01
1.654955148696899414e+01
3.365724587440490723e+01
2.265108537673950195e+01
