5.856376886367797852e-01
4.175100624561309814e-01
3.325075805187225342e-01
2.804494202136993408e-01
2.539888620376586914e-01
2.743918597698211670e-01
4.271722435951232910e-01
4.510023593902587891e-01
8.899744153022766113e-01
4.279539287090301514e-01
4.150499403476715088e-01
5.967459678649902344e-01
4.909411072731018066e-01
4.531046748161315918e-01
4.050850570201873779e-01
3.710367083549499512e-01
3.595308363437652588e-01
3.837976753711700439e-01
3.717440068721771240e-01
4.713242650032043457e-01
3.510035574436187744e-01
3.408341407775878906e-01
4.298862218856811523e-01
3.736339211463928223e-01
3.580912351608276367e-01
3.455162346363067627e-01
3.389717936515808105e-01
3.286044597625732422e-01
3.293639123439788818e-01
2.965448796749114990e-01
3.022977113723754883e-01
3.111673295497894287e-01
3.041157126426696777e-01
3.034665584564208984e-01
2.970554232597351074e-01
2.919604182243347168e-01
2.870872318744659424e-01
2.986139953136444092e-01
2.961039245128631592e-01
2.990683913230895996e-01
2.909597754478454590e-01
2.859127223491668701e-01
2.873741984367370605e-01
2.925986647605895996e-01
2.909082472324371338e-01
2.909594178199768066e-01
2.941608428955078125e-01
2.926134169101715088e-01
3.019155561923980713e-01
3.046306967735290527e-01
