1.143233999609947205e-01
1.113017834722995758e-02
1.031563244760036469e-02
8.596411906182765961e-03
1.695216633379459381e-03
1.316933427006006241e-03
1.055673114024102688e-03
8.608200587332248688e-04
8.172267116606235504e-04
1.504271203884854913e-04
1.496249296906171367e-05
9.936423339240718633e-06
7.522378382418537512e-06
5.914511802984634414e-06
4.730828550236765295e-06
3.766775535041233525e-06
3.102322807535529137e-06
2.614990989968646318e-06
2.236092086604912765e-06
1.948240196725237183e-06
1.721981561786378734e-06
1.540284415568748955e-06
1.384384745506395120e-06
1.252982542609970551e-06
1.143189820140833035e-06
1.052177026394929271e-06
9.838873893386335112e-07
9.214213037012086716e-07
8.657068519823951647e-07
8.144025400724785868e-07
7.676615609852888156e-07
7.246082986966939643e-07
6.857825383121962659e-07
6.503759095721761696e-07
6.177481850500043947e-07
5.882373557142273057e-07
5.608991955341480207e-07
5.360884074434579816e-07
5.132320666234591044e-07
4.921281515635200776e-07
4.724562927549413871e-07
4.546721470433112700e-07
4.379494384920690209e-07
4.223053622354200343e-07
4.078915480931755155e-07
3.944722095639008330e-07
3.818617528850154486e-07
3.700771173953398829e-07
3.591690642679168377e-07
3.490532662908663042e-07
