1.379678463935852051e+01
1.912402677536010742e+01
1.424265694618225098e+01
4.093916320800781250e+01
1.299020147323608398e+01
1.937664699554443359e+01
1.251638126373291016e+01
2.068405604362487793e+01
3.451379537582397461e+01
1.395759630203247070e+01
1.851362085342407227e+01
1.433579587936401367e+01
1.990139937400817871e+01
1.734352588653564453e+01
1.493890476226806641e+01
1.384549999237060547e+01
2.126444315910339355e+01
1.397429060935974121e+01
2.041112828254699707e+01
1.425340485572814941e+01
1.925318217277526855e+01
2.029475283622741699e+01
1.372753071784973145e+01
1.912588405609130859e+01
1.478234529495239258e+01
1.809365940093994141e+01
1.404443669319152832e+01
2.063741803169250488e+01
3.206006383895874023e+01
2.166780614852905273e+01
3.166176819801330566e+01
1.372555518150329590e+01
1.969703674316406250e+01
1.321088862419128418e+01
1.999586296081542969e+01
1.885727548599243164e+01
1.399390578269958496e+01
1.815719032287597656e+01
2.000936627388000488e+01
1.376969361305236816e+01
1.410189223289489746e+01
1.926477146148681641e+01
1.390731287002563477e+01
1.952011990547180176e+01
1.422664880752563477e+01
1.984467458724975586e+01
1.382719516754150391e+01
1.914591288566589355e+01
1.442451739311218262e+01
1.890231990814208984e+01
