6.648381233215332031e+00
6.036790370941162109e+00
6.530025720596313477e+00
6.262440443038940430e+00
6.196805477142333984e+00
6.049190044403076172e+00
6.122894287109375000e+00
6.120706319808959961e+00
6.115386962890625000e+00
6.213499546051025391e+00
6.109525442123413086e+00
6.168696165084838867e+00
6.235813856124877930e+00
6.045883893966674805e+00
6.406616210937500000e+00
6.106336593627929688e+00
6.585228204727172852e+00
6.070938348770141602e+00
6.428153753280639648e+00
6.027562141418457031e+00
6.052216768264770508e+00
6.082607984542846680e+00
6.345436334609985352e+00
6.075665950775146484e+00
6.225059270858764648e+00
6.233737707138061523e+00
6.266581058502197266e+00
6.071526527404785156e+00
6.046907424926757812e+00
6.311355352401733398e+00
6.078413009643554688e+00
5.973796129226684570e+00
6.127515554428100586e+00
6.610244989395141602e+00
6.171046018600463867e+00
6.119326829910278320e+00
6.086736440658569336e+00
6.112212896347045898e+00
6.021733522415161133e+00
6.116592168807983398e+00
6.398470640182495117e+00
6.061650037765502930e+00
5.938171863555908203e+00
6.488557100296020508e+00
5.964919567108154297e+00
6.166339397430419922e+00
6.173229455947875977e+00
6.602137327194213867e+00
6.196826457977294922e+00
5.963070631027221680e+00
