9.833050370216369629e-01
9.746745824813842773e-01
9.920769929885864258e-01
9.889643192291259766e-01
9.821732044219970703e-01
9.917939901351928711e-01
9.888228774070739746e-01
9.917939901351928711e-01
9.944821596145629883e-01
9.958969950675964355e-01
9.963214397430419922e-01
9.926428794860839844e-01
9.971703290939331055e-01
9.974533319473266602e-01
9.977362751960754395e-01
9.980192184448242188e-01
9.985851645469665527e-01
9.984436631202697754e-01
9.985851645469665527e-01
9.987266659736633301e-01
9.985851645469665527e-01
9.985851645469665527e-01
9.984436631202697754e-01
9.987266659736633301e-01
9.991511106491088867e-01
9.990096092224121094e-01
9.990096092224121094e-01
9.990096092224121094e-01
9.990096092224121094e-01
9.990096092224121094e-01
9.990096092224121094e-01
9.991511106491088867e-01
9.992926120758056641e-01
9.992926120758056641e-01
9.994340538978576660e-01
9.992926120758056641e-01
9.992926120758056641e-01
9.992926120758056641e-01
9.992926120758056641e-01
9.992926120758056641e-01
9.994340538978576660e-01
9.995755553245544434e-01
9.995755553245544434e-01
9.995755553245544434e-01
9.995755553245544434e-01
9.995755553245544434e-01
9.995755553245544434e-01
9.994340538978576660e-01
9.994340538978576660e-01
9.994340538978576660e-01
