9.305000305175781250e-03
2.930903434753417969e-02
3.391790390014648438e-02
1.462817192077636719e-02
3.994369506835937500e-02
4.198932647705078125e-02
4.073190689086914062e-02
5.905842781066894531e-02
3.917932510375976562e-02
1.203992366790771484e-01
9.262561798095703125e-02
7.320737838745117188e-02
4.399061203002929688e-02
4.259443283081054688e-02
8.755779266357421875e-02
1.113579273223876953e-01
8.761501312255859375e-02
5.739855766296386719e-02
4.951858520507812500e-02
5.917835235595703125e-02
9.200286865234375000e-02
3.962302207946777344e-02
5.099678039550781250e-02
4.133939743041992188e-02
6.186175346374511719e-02
4.598236083984375000e-02
4.567122459411621094e-02
3.932809829711914062e-02
6.596636772155761719e-02
5.080533027648925781e-02
2.995872497558593750e-02
5.775737762451171875e-02
4.723262786865234375e-02
6.959462165832519531e-02
1.951169967651367188e-02
6.322097778320312500e-02
4.499959945678710938e-02
5.364704132080078125e-02
5.574321746826171875e-02
3.385806083679199219e-02
4.594278335571289062e-02
2.185750007629394531e-02
5.038142204284667969e-02
4.581379890441894531e-02
6.119418144226074219e-02
1.647377014160156250e-02
3.505492210388183594e-02
5.356192588806152344e-02
8.726787567138671875e-02
4.337239265441894531e-02
4.133415222167968750e-02
9.497928619384765625e-02
6.269645690917968750e-02
8.476376533508300781e-02
1.014800071716308594e-01
4.663372039794921875e-02
5.983281135559082031e-02
3.658485412597656250e-02
8.531832695007324219e-02
6.244158744812011719e-02
1.563644409179687500e-02
4.384493827819824219e-02
5.942273139953613281e-02
1.162228584289550781e-01
4.493045806884765625e-02
4.863977432250976562e-02
3.684639930725097656e-02
5.429506301879882812e-02
4.888081550598144531e-02
4.270863533020019531e-02
7.474136352539062500e-02
2.937006950378417969e-02
5.399703979492187500e-02
3.137373924255371094e-02
5.710959434509277344e-02
9.892296791076660156e-02
5.599665641784667969e-02
7.839465141296386719e-02
9.459257125854492188e-03
4.217219352722167969e-02
6.990337371826171875e-02
9.402036666870117188e-02
6.271409988403320312e-02
7.145094871520996094e-02
3.587794303894042969e-02
5.761551856994628906e-02
3.320980072021484375e-02
8.740282058715820312e-02
6.022691726684570312e-02
2.164268493652343750e-02
6.571769714355468750e-02
9.323287010192871094e-02
3.597688674926757812e-02
9.591960906982421875e-02
6.599092483520507812e-02
3.331446647644042969e-02
4.063606262207031250e-02
7.948327064514160156e-02
5.332422256469726562e-02
5.636453628540039062e-02
