1.139812374114990234e+01
1.104914569854736328e+01
2.037529397010803223e+01
3.165168213844299316e+01
1.217704653739929199e+01
2.217827653884887695e+01
2.046764302253723145e+01
1.088537716865539551e+01
2.004359006881713867e+01
1.207054448127746582e+01
1.933297467231750488e+01
1.234571480751037598e+01
2.017382478713989258e+01
2.045924925804138184e+01
1.251002526283264160e+01
1.230064582824707031e+01
1.953407597541809082e+01
1.269813036918640137e+01
1.898958158493041992e+01
1.245457410812377930e+01
1.224000382423400879e+01
1.932340550422668457e+01
1.243418097496032715e+01
1.905178928375244141e+01
1.262983846664428711e+01
2.045932602882385254e+01
1.158417916297912598e+01
1.873584389686584473e+01
1.283861708641052246e+01
1.155072045326232910e+01
2.022612309455871582e+01
1.241474366188049316e+01
2.045870518684387207e+01
1.116038417816162109e+01
1.889618110656738281e+01
1.410611748695373535e+01
2.026001811027526855e+01
2.200578999519348145e+01
2.985567498207092285e+01
2.223223948478698730e+01
2.984805941581726074e+01
2.243752527236938477e+01
4.093911409378051758e+01
1.077331066131591797e+01
2.978520584106445312e+01
1.216878890991210938e+01
1.898141336441040039e+01
1.243239498138427734e+01
1.882910823822021484e+01
1.210664391517639160e+01
