1.140197920799255371e+01
1.080996489524841309e+01
1.939724302291870117e+01
3.167601776123046875e+01
1.216656613349914551e+01
2.217589449882507324e+01
1.257449579238891602e+01
2.017375779151916504e+01
1.888295578956604004e+01
1.209368300437927246e+01
1.939218664169311523e+01
2.045956182479858398e+01
1.230247020721435547e+01
1.878608393669128418e+01
1.299943637847900391e+01
1.231125760078430176e+01
2.045929789543151855e+01
1.188634181022644043e+01
2.019240880012512207e+01
1.250809931755065918e+01
1.224371814727783203e+01
1.938510513305664062e+01
1.236609363555908203e+01
1.909719491004943848e+01
1.265967297554016113e+01
1.910138797760009766e+01
1.292123317718505859e+01
1.875844430923461914e+01
1.286607766151428223e+01
1.158743000030517578e+01
2.025785398483276367e+01
1.242374992370605469e+01
1.897073650360107422e+01
1.317750811576843262e+01
1.894459486007690430e+01
1.413233232498168945e+01
2.035072755813598633e+01
2.196020817756652832e+01
2.988102650642395020e+01
2.231530213356018066e+01
2.983502340316772461e+01
2.246208071708679199e+01
2.947843122482299805e+01
2.221232724189758301e+01
2.981459093093872070e+01
1.101482462882995605e+01
1.899915838241577148e+01
1.245364594459533691e+01
1.888262009620666504e+01
1.097614097595214844e+01
