5.106834769248962402e-01
7.421819567680358887e-01
7.696335315704345703e-01
8.985425233840942383e-01
9.724069833755493164e-01
9.327861666679382324e-01
9.030706286430358887e-01
8.921748995780944824e-01
9.289656281471252441e-01
9.572661519050598145e-01
9.452384114265441895e-01
9.435403943061828613e-01
8.641573786735534668e-01
7.723220586776733398e-01
9.384462833404541016e-01
9.690108895301818848e-01
9.576906561851501465e-01
9.397197961807250977e-01
9.576906561851501465e-01
9.903777837753295898e-01
8.951464295387268066e-01
8.790151476860046387e-01
9.571246504783630371e-01
9.383047819137573242e-01
9.230225086212158203e-01
9.100042581558227539e-01
9.617942571640014648e-01
9.517475366592407227e-01
9.432573914527893066e-01
9.380217790603637695e-01
9.223150014877319336e-01
9.608037471771240234e-01
9.418423771858215332e-01
9.238715171813964844e-01
9.343427419662475586e-01
9.330691695213317871e-01
9.354747533798217773e-01
9.349087476730346680e-01
9.358992576599121094e-01
9.401443600654602051e-01
9.426913857460021973e-01
9.442479014396667480e-01
9.480684995651245117e-01
9.538701176643371582e-01
9.554266333580017090e-01
9.581151604652404785e-01
9.617942571640014648e-01
9.609452486038208008e-01
9.623602628707885742e-01
9.617942571640014648e-01
