5.651620030403137207e-01
7.792556881904602051e-01
8.068487048149108887e-01
7.178434729576110840e-01
6.319513320922851562e-01
6.378944516181945801e-01
6.906749606132507324e-01
6.736946105957031250e-01
6.929389834403991699e-01
7.001556754112243652e-01
6.813358068466186523e-01
6.977500915527343750e-01
8.076977729797363281e-01
9.557096362113952637e-01
7.561907172203063965e-01
7.049667239189147949e-01
7.525116801261901855e-01
7.295882105827331543e-01
7.276071906089782715e-01
6.886939406394958496e-01
7.987830638885498047e-01
8.093957901000976562e-01
7.939719557762145996e-01
8.076977729797363281e-01
8.198670148849487305e-01
8.144899010658264160e-01
7.941134572029113770e-01
8.091127872467041016e-01
8.144899010658264160e-01
8.086882829666137695e-01
8.110938072204589844e-01
8.031696677207946777e-01
8.297721743583679199e-01
8.401018977165222168e-01
8.393943905830383301e-01
8.505730628967285156e-01
8.529786467552185059e-01
8.576482534408569336e-01
8.590632677078247070e-01
8.611857891082763672e-01
8.596292734146118164e-01
8.593462705612182617e-01
8.577897548675537109e-01
8.528371453285217285e-01
8.529786467552185059e-01
8.517051339149475098e-01
8.476015329360961914e-01
8.477430343627929688e-01
8.430734276771545410e-01
8.427904248237609863e-01
