9.435483813285827637e-01
9.466609954833984375e-01
9.233163595199584961e-01
9.531692266464233398e-01
9.309564232826232910e-01
9.260045289993286133e-01
9.301075339317321777e-01
9.326542019844055176e-01
9.282682538032531738e-01
9.322297573089599609e-01
9.452461600303649902e-01
9.499151110649108887e-01
9.412846565246582031e-01
9.650537371635437012e-01
9.415675997734069824e-01
9.691567420959472656e-01
9.534521698951721191e-01
9.364742636680603027e-01
9.554329514503479004e-01
9.692982435226440430e-01
9.115732908248901367e-01
9.767968058586120605e-01
9.801924228668212891e-01
9.762309193611145020e-01
9.702886343002319336e-01
9.599604010581970215e-01
9.770798087120056152e-01
9.800509214401245117e-01
9.784946441650390625e-01
9.712790250778198242e-01
9.059139490127563477e-01
9.872665405273437500e-01
9.881154298782348633e-01
9.691567420959472656e-01
9.750990271568298340e-01
9.773627519607543945e-01
9.784946441650390625e-01
9.807583689689636230e-01
9.824561476707458496e-01
9.850028157234191895e-01
9.854272603988647461e-01
9.859932065010070801e-01
9.868420958518981934e-01
9.882569313049316406e-01
9.895302653312683105e-01
9.906621575355529785e-01
9.913695454597473145e-01
9.919354915618896484e-01
9.923599362373352051e-01
9.929258823394775391e-01
