1.311999607086181641e+01
1.405455899238586426e+01
2.045779442787170410e+01
1.824119043350219727e+01
3.194870567321777344e+01
2.229830002784729004e+01
4.093822050094604492e+01
1.344077157974243164e+01
1.457210755348205566e+01
1.939706826210021973e+01
1.309443664550781250e+01
2.060709285736083984e+01
1.945968508720397949e+01
3.315932941436767578e+01
2.019169521331787109e+01
2.062889575958251953e+01
3.299304366111755371e+01
2.357503628730773926e+01
2.929887175559997559e+01
2.514015579223632812e+01
2.962232279777526855e+01
2.385312271118164062e+01
3.075732898712158203e+01
2.485166668891906738e+01
3.041721034049987793e+01
2.335837268829345703e+01
3.075030112266540527e+01
1.312975168228149414e+01
1.924190855026245117e+01
2.046087670326232910e+01
1.321951055526733398e+01
1.445316553115844727e+01
2.004740214347839355e+01
1.873340582847595215e+01
2.068813157081604004e+01
3.260109519958496094e+01
2.130275011062622070e+01
3.482678914070129395e+01
2.046020531654357910e+01
1.452378296852111816e+01
3.354513764381408691e+01
4.093911409378051758e+01
1.345809674263000488e+01
1.988626313209533691e+01
1.341410422325134277e+01
2.110282683372497559e+01
3.346552133560180664e+01
2.034797120094299316e+01
1.463966608047485352e+01
2.047075629234313965e+01
