7.612298429012298584e-02
1.836971193552017212e-02
1.177722029387950897e-02
4.632173571735620499e-03
2.611126052215695381e-03
1.107702264562249184e-03
9.049471700564026833e-04
8.186706108972430229e-04
8.555465028621256351e-04
8.098865509964525700e-04
8.139482815749943256e-04
8.940985426306724548e-04
8.956075180321931839e-04
8.073971839621663094e-04
7.796134450472891331e-04
7.596170180477201939e-04
7.497898768633604050e-04
7.297756965272128582e-04
7.107899873517453671e-04
7.027862593531608582e-04
6.911982200108468533e-04
6.768822786398231983e-04
6.645383546128869057e-04
6.628009723499417305e-04
6.472910754382610321e-04
6.354028009809553623e-04
6.227052654139697552e-04
6.075656274333596230e-04
5.925329169258475304e-04
5.788527196273207664e-04
5.599632859230041504e-04
5.385102704167366028e-04
5.061786505393683910e-04
4.767128266394138336e-04
4.317270067986100912e-04
3.610688436310738325e-04
1.309161598328500986e-04
2.260764813399873674e-05
1.551831155666150153e-05
1.178511593025177717e-05
9.487050192547030747e-06
7.774623554723802954e-06
6.364917226164834574e-06
5.457860424940008670e-06
4.751736014441121370e-06
4.289029675419442356e-06
3.929042122763348743e-06
3.564035750969196670e-06
3.285129650976159610e-06
3.043152673853910528e-06
