1.298688173294067383e+00
1.567833185195922852e+00
1.169056177139282227e+00
1.505379676818847656e+00
1.733134746551513672e+00
1.479998111724853516e+00
1.643642663955688477e+00
1.745613813400268555e+00
1.816038608551025391e+00
1.383221149444580078e+00
1.442129850387573242e+00
1.645170927047729492e+00
1.639665603637695312e+00
1.469608306884765625e+00
1.338627576828002930e+00
1.868274211883544922e+00
1.651594638824462891e+00
1.478045225143432617e+00
1.217161893844604492e+00
1.838032007217407227e+00
1.563689470291137695e+00
1.179971933364868164e+00
1.443699121475219727e+00
1.338822841644287109e+00
1.350134849548339844e+00
1.429391860961914062e+00
1.525999307632446289e+00
1.398646593093872070e+00
1.254044771194458008e+00
1.448995351791381836e+00
1.606214523315429688e+00
1.510186910629272461e+00
1.370331287384033203e+00
1.278114795684814453e+00
1.575287342071533203e+00
1.315558910369873047e+00
1.410940170288085938e+00
1.923401594161987305e+00
1.641360044479370117e+00
1.644101142883300781e+00
1.706656932830810547e+00
1.460667133331298828e+00
1.585672855377197266e+00
1.494341373443603516e+00
1.422717571258544922e+00
1.197370052337646484e+00
1.570178985595703125e+00
1.275939226150512695e+00
1.638041496276855469e+00
1.310431003570556641e+00
