1.307423067092895508e+01
1.377157711982727051e+01
2.084672379493713379e+01
3.255325508117675781e+01
2.090324592590332031e+01
3.403549528121948242e+01
2.025074744224548340e+01
3.539277601242065430e+01
1.964734148979187012e+01
1.919226551055908203e+01
1.382302761077880859e+01
2.063219046592712402e+01
1.830631875991821289e+01
1.352756881713867188e+01
1.952288222312927246e+01
1.420181155204772949e+01
1.780318021774291992e+01
2.220628666877746582e+01
3.126327371597290039e+01
1.913341569900512695e+01
1.437580776214599609e+01
1.919034218788146973e+01
1.369940900802612305e+01
1.929451751708984375e+01
1.581172966957092285e+01
1.684403467178344727e+01
2.077453517913818359e+01
3.243801403045654297e+01
1.311409711837768555e+01
2.168885469436645508e+01
3.205635213851928711e+01
2.180785584449768066e+01
3.190099310874938965e+01
4.093878984451293945e+01
1.313334345817565918e+01
2.306332683563232422e+01
3.048098874092102051e+01
2.489858984947204590e+01
3.049768042564392090e+01
2.453187608718872070e+01
1.371359586715698242e+01
1.380810141563415527e+01
2.045890259742736816e+01
1.398735499382019043e+01
3.242133617401123047e+01
4.093910956382751465e+01
1.388202524185180664e+01
1.996190714836120605e+01
1.456044721603393555e+01
1.990546631813049316e+01
