4.512950181961059570e+00
4.547161102294921875e+00
4.397131443023681641e+00
4.276936769485473633e+00
4.549715280532836914e+00
1.176707029342651367e+01
4.245696783065795898e+00
8.625455617904663086e+00
4.299328327178955078e+00
4.549050092697143555e+00
4.595945596694946289e+00
4.239254474639892578e+00
4.616322278976440430e+00
4.352797508239746094e+00
3.964051485061645508e+00
4.403745651245117188e+00
4.790284395217895508e+00
4.035741567611694336e+00
4.570046424865722656e+00
4.511409521102905273e+00
4.303555011749267578e+00
4.739532709121704102e+00
1.104028058052062988e+01
4.179626941680908203e+00
4.802515268325805664e+00
4.161939620971679688e+00
4.038820028305053711e+00
4.079718351364135742e+00
1.058109498023986816e+01
4.386004686355590820e+00
4.518361806869506836e+00
4.225303649902343750e+00
1.268764138221740723e+01
1.196191453933715820e+01
4.514802455902099609e+00
2.210263204574584961e+01
4.320841312408447266e+00
4.331056833267211914e+00
4.107353687286376953e+00
4.613973379135131836e+00
4.382375478744506836e+00
4.653419256210327148e+00
4.734210729598999023e+00
3.973869085311889648e+00
4.186644077301025391e+00
4.760944604873657227e+00
4.201506614685058594e+00
4.443471670150756836e+00
4.072619438171386719e+00
4.428818941116333008e+00
