4.755733227729797363e+01
1.372458934783935547e+01
7.040092182159423828e+01
1.343410944938659668e+01
1.355589962005615234e+01
1.387496852874755859e+01
4.733411145210266113e+01
3.048812389373779297e+01
1.325731730461120605e+01
4.019584107398986816e+01
1.380943584442138672e+01
1.383851313591003418e+01
1.385837888717651367e+01
1.366978669166564941e+01
3.422259211540222168e+01
2.171446037292480469e+01
4.799196839332580566e+01
1.338615751266479492e+01
1.357094573974609375e+01
1.322556161880493164e+01
1.348211646080017090e+01
1.353642630577087402e+01
1.389475488662719727e+01
1.346630764007568359e+01
1.338247299194335938e+01
1.366171860694885254e+01
1.366975069046020508e+01
1.377083873748779297e+01
6.442368721961975098e+01
2.340068364143371582e+01
6.108550477027893066e+01
1.379809641838073730e+01
1.349124646186828613e+01
1.369674205780029297e+01
1.353848266601562500e+01
5.173565077781677246e+01
1.346665549278259277e+01
1.343404197692871094e+01
4.409465837478637695e+01
1.358342599868774414e+01
1.369551444053649902e+01
1.364311432838439941e+01
6.260345053672790527e+01
2.799184441566467285e+01
1.390295243263244629e+01
1.299212265014648438e+01
1.337510991096496582e+01
6.346859645843505859e+01
1.357817244529724121e+01
1.351039338111877441e+01
1.337312269210815430e+01
1.366645455360412598e+01
1.380651426315307617e+01
4.305837345123291016e+01
1.349814414978027344e+01
1.324269580841064453e+01
1.359857463836669922e+01
4.245524454116821289e+01
1.378518247604370117e+01
1.347766137123107910e+01
1.368478560447692871e+01
1.349137735366821289e+01
3.850890803337097168e+01
1.371184778213500977e+01
1.372163534164428711e+01
1.392340564727783203e+01
1.356047868728637695e+01
1.368306779861450195e+01
1.357966542243957520e+01
1.356642913818359375e+01
1.365008115768432617e+01
1.366360473632812500e+01
1.353398942947387695e+01
5.197228407859802246e+01
1.401655316352844238e+01
5.597710037231445312e+01
1.340495109558105469e+01
3.857557725906372070e+01
1.351703906059265137e+01
1.357206487655639648e+01
5.303127527236938477e+01
1.358761763572692871e+01
1.359176087379455566e+01
5.033382177352905273e+01
1.359856343269348145e+01
4.062955689430236816e+01
1.346884703636169434e+01
1.392894363403320312e+01
1.357635259628295898e+01
1.352037262916564941e+01
1.359342145919799805e+01
1.348819589614868164e+01
6.575661516189575195e+01
1.385210156440734863e+01
1.338647317886352539e+01
1.348375368118286133e+01
1.362040591239929199e+01
4.918494749069213867e+01
1.373293828964233398e+01
1.364461159706115723e+01
