1.740758895874023438e+00
1.740657329559326172e+00
1.747651815414428711e+00
1.753279209136962891e+00
1.751587390899658203e+00
1.741177558898925781e+00
1.733377933502197266e+00
1.740037441253662109e+00
1.728479862213134766e+00
1.744915008544921875e+00
1.733828306198120117e+00
1.739060640335083008e+00
1.727530956268310547e+00
1.738426446914672852e+00
1.729918956756591797e+00
1.733499050140380859e+00
1.737715244293212891e+00
1.745907783508300781e+00
1.734794855117797852e+00
1.730641603469848633e+00
1.738822937011718750e+00
1.736557483673095703e+00
1.739045143127441406e+00
1.727620363235473633e+00
1.720335483551025391e+00
1.719205617904663086e+00
1.733822822570800781e+00
1.727573394775390625e+00
1.732999801635742188e+00
1.737761020660400391e+00
1.736517667770385742e+00
1.738391876220703125e+00
1.735835313796997070e+00
1.738287448883056641e+00
1.730991601943969727e+00
1.747722387313842773e+00
1.743166685104370117e+00
1.745622873306274414e+00
1.748464822769165039e+00
1.741340637207031250e+00
1.738748073577880859e+00
1.742025136947631836e+00
1.744826078414916992e+00
1.744307756423950195e+00
1.738466978073120117e+00
1.749996423721313477e+00
1.743698120117187500e+00
1.743482112884521484e+00
1.751638412475585938e+00
1.761995792388916016e+00
