1.349848985671997070e+01
1.999741101264953613e+01
1.480899333953857422e+01
4.373087048530578613e+01
1.284958148002624512e+01
2.190374755859375000e+01
3.197602605819702148e+01
4.093946814537048340e+01
1.291282320022583008e+01
1.322607493400573730e+01
1.279642963409423828e+01
2.045951485633850098e+01
2.046883797645568848e+01
2.798771023750305176e+01
2.131323599815368652e+01
1.390223026275634766e+01
1.931028270721435547e+01
1.381554961204528809e+01
1.987173986434936523e+01
2.046003413200378418e+01
1.294542312622070312e+01
3.308051276206970215e+01
1.435826134681701660e+01
2.066662430763244629e+01
3.495179653167724609e+01
1.294983291625976562e+01
2.014143753051757812e+01
2.045886707305908203e+01
3.227133989334106445e+01
2.136743760108947754e+01
4.093895816802978516e+01
1.300121307373046875e+01
4.093895649909973145e+01
1.411752510070800781e+01
3.205719304084777832e+01
2.167041563987731934e+01
3.227294182777404785e+01
2.287210988998413086e+01
3.270884823799133301e+01
2.177120876312255859e+01
3.139418697357177734e+01
2.143416476249694824e+01
3.286759877204895020e+01
2.057801508903503418e+01
4.094021677970886230e+01
1.576157617568969727e+01
3.179837608337402344e+01
2.311956238746643066e+01
3.241366720199584961e+01
2.901810884475708008e+01
