9.677815437316894531e-02
4.233360290527343750e-02
4.791712760925292969e-02
3.012180328369140625e-03
1.059849262237548828e-01
3.754901885986328125e-02
6.368637084960937500e-02
5.117106437683105469e-02
2.117681503295898438e-02
1.424956321716308594e-02
1.061322689056396484e-01
1.133444309234619141e-01
8.936882019042968750e-02
7.078886032104492188e-02
6.594347953796386719e-02
4.272246360778808594e-02
3.335714340209960938e-02
4.218196868896484375e-02
2.831339836120605469e-02
4.922270774841308594e-02
1.263165473937988281e-01
4.958128929138183594e-02
6.494307518005371094e-02
8.381819725036621094e-02
7.878065109252929688e-03
6.519842147827148438e-02
6.062865257263183594e-02
6.487488746643066406e-02
2.858281135559082031e-02
3.252530097961425781e-02
2.597284317016601562e-02
1.408600807189941406e-02
6.403350830078125000e-02
3.269553184509277344e-02
5.684542655944824219e-02
6.617879867553710938e-02
5.448293685913085938e-02
6.054663658142089844e-02
6.323862075805664062e-02
5.189514160156250000e-02
3.666925430297851562e-02
8.508515357971191406e-02
5.899477005004882812e-02
2.748489379882812500e-02
1.515626907348632812e-02
8.625197410583496094e-02
2.755308151245117188e-02
1.432180404663085938e-02
8.370637893676757812e-03
3.906941413879394531e-02
2.735376358032226562e-02
5.997872352600097656e-02
6.891441345214843750e-02
2.998900413513183594e-02
5.382132530212402344e-02
6.277942657470703125e-02
6.055808067321777344e-02
3.330636024475097656e-02
3.532171249389648438e-02
9.809994697570800781e-02
1.211276054382324219e-01
2.050614356994628906e-02
8.515858650207519531e-02
7.569718360900878906e-02
4.233145713806152344e-02
3.749823570251464844e-02
5.042600631713867188e-02
7.110881805419921875e-02
4.214715957641601562e-02
5.047774314880371094e-02
6.626129150390625000e-02
3.787422180175781250e-02
6.122517585754394531e-02
4.635405540466308594e-02
5.447912216186523438e-02
4.484009742736816406e-02
3.952145576477050781e-02
1.032197475433349609e-01
4.585504531860351562e-02
1.203894615173339844e-02
5.264973640441894531e-02
3.269004821777343750e-02
5.423736572265625000e-02
2.119278907775878906e-02
1.484990119934082031e-02
7.936310768127441406e-02
2.943921089172363281e-02
2.801704406738281250e-02
1.147029399871826172e-01
5.570268630981445312e-02
3.122687339782714844e-02
9.123826026916503906e-02
2.504658699035644531e-02
4.100990295410156250e-02
6.104755401611328125e-02
1.681780815124511719e-02
2.092337608337402344e-02
5.449342727661132812e-02
4.941201210021972656e-02
2.584958076477050781e-02
