9.890760421752929688e+00
9.031926155090332031e+00
9.228365659713745117e+00
9.047120809555053711e+00
9.230489253997802734e+00
9.052678585052490234e+00
9.019760608673095703e+00
9.021555900573730469e+00
9.124059438705444336e+00
9.109355211257934570e+00
9.118552207946777344e+00
9.122327089309692383e+00
9.069560050964355469e+00
9.147171020507812500e+00
9.025089025497436523e+00
9.173299074172973633e+00
9.061720371246337891e+00
9.179020881652832031e+00
9.152511358261108398e+00
9.076648235321044922e+00
9.055659055709838867e+00
9.117861986160278320e+00
9.010092258453369141e+00
9.091316938400268555e+00
9.150929689407348633e+00
9.175624132156372070e+00
9.037439584732055664e+00
9.166100263595581055e+00
9.103846311569213867e+00
1.478730273246765137e+01
