1.070386394858360291e-01
5.662887543439865112e-02
4.674796760082244873e-02
3.567854687571525574e-02
3.333535790443420410e-02
2.939553558826446533e-02
3.049622103571891785e-02
2.527206763625144958e-02
2.484009228646755219e-02
2.458160184323787689e-02
2.176538854837417603e-02
2.235089056193828583e-02
1.982235163450241089e-02
1.865287311375141144e-02
1.866270229220390320e-02
1.609138585627079010e-02
1.515246462076902390e-02
1.472620666027069092e-02
1.430575735867023468e-02
1.230172161012887955e-02
1.162317860871553421e-02
1.031740009784698486e-02
9.479068219661712646e-03
8.218923583626747131e-03
7.958111353218555450e-03
8.452837355434894562e-03
7.454442791640758514e-03
8.258907124400138855e-03
9.845053777098655701e-03
9.530562907457351685e-03
