4.827082657814025879e+01
1.321697497367858887e+01
1.327662372589111328e+01
1.345162653923034668e+01
1.279761195182800293e+01
1.312217497825622559e+01
5.027355694770812988e+01
1.345498657226562500e+01
4.853692460060119629e+01
1.338083696365356445e+01
1.327544355392456055e+01
4.906685471534729004e+01
1.300562286376953125e+01
1.325810456275939941e+01
1.304716014862060547e+01
1.305006480216979980e+01
1.283969140052795410e+01
1.335129332542419434e+01
1.331236219406127930e+01
1.322787761688232422e+01
1.331828022003173828e+01
1.298049211502075195e+01
1.298028993606567383e+01
3.477135062217712402e+01
2.452156305313110352e+01
1.325247335433959961e+01
1.265838360786437988e+01
1.311377906799316406e+01
4.496832060813903809e+01
2.542204475402832031e+01
1.351668453216552734e+01
1.318367910385131836e+01
1.283385181427001953e+01
1.297437429428100586e+01
1.337093710899353027e+01
1.319057726860046387e+01
1.346280097961425781e+01
6.936607766151428223e+01
1.335040473937988281e+01
1.347437477111816406e+01
1.364872574806213379e+01
1.368107342720031738e+01
1.343529510498046875e+01
1.352977848052978516e+01
4.616752243041992188e+01
2.444668102264404297e+01
1.346407771110534668e+01
1.339874720573425293e+01
1.325115847587585449e+01
1.320901536941528320e+01
1.299714803695678711e+01
1.336799335479736328e+01
4.700518894195556641e+01
1.315414047241210938e+01
1.319108057022094727e+01
1.304964780807495117e+01
1.326435852050781250e+01
1.333819651603698730e+01
1.327626156806945801e+01
1.315052223205566406e+01
1.371065258979797363e+01
5.740612077713012695e+01
1.295909047126770020e+01
1.362232923507690430e+01
1.348450446128845215e+01
1.322884368896484375e+01
1.323609900474548340e+01
5.201795601844787598e+01
1.352438592910766602e+01
1.357561182975769043e+01
1.371093082427978516e+01
1.359338760375976562e+01
1.328152322769165039e+01
1.318635869026184082e+01
4.045980381965637207e+01
1.326214361190795898e+01
1.356141781806945801e+01
1.314674067497253418e+01
1.332731342315673828e+01
1.329843211174011230e+01
4.157718372344970703e+01
1.366058659553527832e+01
4.233154988288879395e+01
1.379267001152038574e+01
1.373233294486999512e+01
1.353014397621154785e+01
4.126290297508239746e+01
1.350222659111022949e+01
5.822037196159362793e+01
1.348833060264587402e+01
6.419568037986755371e+01
1.369201588630676270e+01
6.645214080810546875e+01
1.345058202743530273e+01
4.442601943016052246e+01
4.033387255668640137e+01
1.355288529396057129e+01
7.246225285530090332e+01
1.325418019294738770e+01
1.339620327949523926e+01
