8.097147941589355469e-02
1.033103466033935547e-01
7.681226730346679688e-02
2.924919128417968750e-02
1.349210739135742188e-01
1.134364604949951172e-01
7.573962211608886719e-02
9.484267234802246094e-02
5.944228172302246094e-02
1.153740882873535156e-01
5.768322944641113281e-02
5.474185943603515625e-02
1.499357223510742188e-01
6.378531455993652344e-02
1.180911064147949219e-02
5.619311332702636719e-02
8.646345138549804688e-02
8.338713645935058594e-02
2.873969078063964844e-02
1.062600612640380859e-01
5.181908607482910156e-02
6.433796882629394531e-02
1.068823337554931641e-01
1.030869483947753906e-01
5.573058128356933594e-02
4.541778564453125000e-02
1.603150367736816406e-01
1.300122737884521484e-01
5.019927024841308594e-02
1.176111698150634766e-01
6.308031082153320312e-02
9.093689918518066406e-02
1.330366134643554688e-01
7.947254180908203125e-02
4.470300674438476562e-02
4.907727241516113281e-02
1.033918857574462891e-01
8.808684349060058594e-02
5.816555023193359375e-02
6.065487861633300781e-02
4.393768310546875000e-02
3.716588020324707031e-02
3.745245933532714844e-02
4.527425765991210938e-02
9.655117988586425781e-02
3.851556777954101562e-02
7.151055335998535156e-02
4.834413528442382812e-02
4.398608207702636719e-02
3.523993492126464844e-02
1.084325313568115234e-01
5.733513832092285156e-02
1.124017238616943359e-01
5.897021293640136719e-02
1.140375137329101562e-01
1.765379905700683594e-01
5.195856094360351562e-02
1.072895526885986328e-01
8.327722549438476562e-02
8.762240409851074219e-02
6.132221221923828125e-02
1.236627101898193359e-01
7.390856742858886719e-02
1.795983314514160156e-02
2.920556068420410156e-02
2.388715744018554688e-02
4.178881645202636719e-02
1.871323585510253906e-02
3.530001640319824219e-02
5.707645416259765625e-02
7.959985733032226562e-02
7.487940788269042969e-02
8.154654502868652344e-02
3.890681266784667969e-02
9.138250350952148438e-02
3.810691833496093750e-02
1.044671535491943359e-01
1.186623573303222656e-01
6.327676773071289062e-02
4.535746574401855469e-02
5.454874038696289062e-02
2.703809738159179688e-02
3.267669677734375000e-02
5.670166015625000000e-02
4.178285598754882812e-02
9.372472763061523438e-02
3.557848930358886719e-02
7.064676284790039062e-02
4.375886917114257812e-02
5.555200576782226562e-02
7.862615585327148438e-02
8.492350578308105469e-02
3.735613822937011719e-02
4.962539672851562500e-02
4.731321334838867188e-02
1.082656383514404297e-01
1.342728137969970703e-01
8.610248565673828125e-02
1.734964847564697266e-01
5.752992630004882812e-02
