2.380212550163269043e+02
2.620913319587707520e+02
2.915069038867950439e+02
2.718684868812561035e+02
3.218628745079040527e+02
2.492783811092376709e+02
3.218856863975524902e+02
2.388478386402130127e+02
2.705744917392730713e+02
3.218757474422454834e+02
2.618790495395660400e+02
3.218679885864257812e+02
2.618603725433349609e+02
3.218714141845703125e+02
2.618679585456848145e+02
3.218572626113891602e+02
2.394494862556457520e+02
2.733422267436981201e+02
2.743861222267150879e+02
3.218459992408752441e+02
2.618258988857269287e+02
2.727568376064300537e+02
2.731809797286987305e+02
2.830135741233825684e+02
2.603868372440338135e+02
2.952542812824249268e+02
3.219154870510101318e+02
2.407775230407714844e+02
2.816799232959747314e+02
2.626947941780090332e+02
3.218594219684600830e+02
2.618837373256683350e+02
2.705779900550842285e+02
2.821318464279174805e+02
3.218543298244476318e+02
2.440799798965454102e+02
2.618835275173187256e+02
2.618845353126525879e+02
3.218623099327087402e+02
2.378987240791320801e+02
2.860278770923614502e+02
3.218496861457824707e+02
2.618933341503143311e+02
2.533013665676116943e+02
2.828346400260925293e+02
2.765868628025054932e+02
2.819411027431488037e+02
2.760996134281158447e+02
2.853467679023742676e+02
2.621532993316650391e+02
2.758138401508331299e+02
3.218584108352661133e+02
2.618870947360992432e+02
2.555126779079437256e+02
3.218498802185058594e+02
2.602377958297729492e+02
3.218561716079711914e+02
2.395306708812713623e+02
2.698763399124145508e+02
3.218683516979217529e+02
2.404058096408843994e+02
2.686319541931152344e+02
2.667048897743225098e+02
2.930934810638427734e+02
2.648554489612579346e+02
3.218688418865203857e+02
2.618723473548889160e+02
3.218693921566009521e+02
2.405538992881774902e+02
3.219139614105224609e+02
2.428549807071685791e+02
2.618639357089996338e+02
2.746172325611114502e+02
2.827628474235534668e+02
3.218772711753845215e+02
2.464862468242645264e+02
3.218586127758026123e+02
2.618902955055236816e+02
3.218655695915222168e+02
2.619083969593048096e+02
3.218707845211029053e+02
2.405856194496154785e+02
3.218394792079925537e+02
2.394175801277160645e+02
2.876875405311584473e+02
3.218580701351165771e+02
2.618623147010803223e+02
2.672847313880920410e+02
2.710204670429229736e+02
2.935946602821350098e+02
2.607777304649353027e+02
3.218687584400177002e+02
2.379176671504974365e+02
3.218603007793426514e+02
2.557783114910125732e+02
2.618369154930114746e+02
2.619160799980163574e+02
2.618751175403594971e+02
2.618710014820098877e+02
2.593785142898559570e+02
