5.645155906677246094e-02
1.008079051971435547e-01
6.491398811340332031e-02
4.042100906372070312e-02
1.091935634613037109e-01
1.195833683013916016e-01
7.589387893676757812e-02
9.500527381896972656e-02
7.181930541992187500e-02
1.137154102325439453e-01
8.265781402587890625e-02
7.911062240600585938e-02
1.347856521606445312e-01
7.746696472167968750e-02
2.470898628234863281e-02
9.140324592590332031e-02
8.660602569580078125e-02
7.355642318725585938e-02
3.944206237792968750e-02
1.114385128021240234e-01
5.695724487304687500e-02
6.068706512451171875e-02
1.060171127319335938e-01
9.972429275512695312e-02
5.502581596374511719e-02
4.562115669250488281e-02
1.250333786010742188e-01
1.305952072143554688e-01
5.033659934997558594e-02
1.176705360412597656e-01
7.272243499755859375e-02
1.049385070800781250e-01
1.332132816314697266e-01
7.956290245056152344e-02
6.359481811523437500e-02
4.929709434509277344e-02
1.052114963531494141e-01
9.358811378479003906e-02
6.462574005126953125e-02
6.083440780639648438e-02
4.409718513488769531e-02
3.203797340393066406e-02
3.759622573852539062e-02
4.551172256469726562e-02
9.677624702453613281e-02
4.543089866638183594e-02
7.171034812927246094e-02
5.707526206970214844e-02
5.657529830932617188e-02
2.807474136352539062e-02
8.437013626098632812e-02
5.755162239074707031e-02
1.247735023498535156e-01
5.997467041015625000e-02
1.392319202423095703e-01
1.660850048065185547e-01
5.212759971618652344e-02
1.043450832366943359e-01
8.343982696533203125e-02
8.275127410888671875e-02
6.150841712951660156e-02
1.455569267272949219e-01
7.408165931701660156e-02
2.277803421020507812e-02
6.142163276672363281e-02
2.406644821166992188e-02
4.730343818664550781e-02
3.148913383483886719e-02
4.757475852966308594e-02
6.991672515869140625e-02
7.238912582397460938e-02
8.725237846374511719e-02
8.956718444824218750e-02
5.105662345886230469e-02
7.836413383483886719e-02
5.051565170288085938e-02
1.046566963195800781e-01
1.459412574768066406e-01
7.065415382385253906e-02
4.562592506408691406e-02
6.058549880981445312e-02
4.048562049865722656e-02
3.282952308654785156e-02
6.270146369934082031e-02
5.379915237426757812e-02
1.416420936584472656e-01
3.582596778869628906e-02
6.285715103149414062e-02
5.178189277648925781e-02
7.685279846191406250e-02
6.599926948547363281e-02
9.206390380859375000e-02
3.757333755493164062e-02
6.198573112487792969e-02
4.743981361389160156e-02
8.429503440856933594e-02
1.248106956481933594e-01
8.131504058837890625e-02
1.857500076293945312e-01
5.765509605407714844e-02
