5.627758428454399109e-02
1.069102436304092407e-02
4.413990303874015808e-03
1.662616617977619171e-03
1.235853065736591816e-03
4.318287246860563755e-04
3.168214170727878809e-04
1.514829928055405617e-04
5.303382567944936454e-05
5.671162580256350338e-05
4.395492578623816371e-05
2.894845783885102719e-05
5.778506238129921257e-05
6.591770943487063050e-05
6.174673762870952487e-05
8.845522097544744611e-05
3.597512113628908992e-05
3.081493923673406243e-05
5.371405131882056594e-05
4.068420093972235918e-05
4.676272510550916195e-05
3.344620199641212821e-05
4.405319850775413215e-05
3.961621041526086628e-05
4.245010131853632629e-05
4.217813329887576401e-05
4.097598866792395711e-05
6.316124927252531052e-05
5.688231249223463237e-05
7.855813601054251194e-05
7.937619375297799706e-05
1.031520878314040601e-04
1.275322865694761276e-04
1.251858629984781146e-04
1.734162797220051289e-04
1.548394793644547462e-04
2.187644422519952059e-04
1.735350087983533740e-04
2.391988091403618455e-04
2.089698682539165020e-04
2.864082925952970982e-04
2.691870322450995445e-04
3.514976706355810165e-04
3.478183061815798283e-04
4.456566821318119764e-04
4.562265530694276094e-04
5.690350662916898727e-04
5.832000169903039932e-04
6.696159834973514080e-04
7.116323104128241539e-04
