1.999240756034851074e+00
1.704669833183288574e+00
1.510345935821533203e+00
1.325646638870239258e+00
1.261114716529846191e+00
1.191767573356628418e+00
1.151081442832946777e+00
1.146080970764160156e+00
1.130573034286499023e+00
1.076747059822082520e+00
1.042587399482727051e+00
1.010757684707641602e+00
1.000729322433471680e+00
9.713358283042907715e-01
9.639241695404052734e-01
9.488601088523864746e-01
9.180006384849548340e-01
9.050013422966003418e-01
9.184013009071350098e-01
8.704538345336914062e-01
8.602464795112609863e-01
8.292859196662902832e-01
8.251759409904479980e-01
8.079056739807128906e-01
7.879800200462341309e-01
7.744038701057434082e-01
7.740646004676818848e-01
7.449596524238586426e-01
7.504259943962097168e-01
7.387126684188842773e-01
7.265862822532653809e-01
6.828103065490722656e-01
6.788989305496215820e-01
6.710991263389587402e-01
6.265958547592163086e-01
6.212220191955566406e-01
5.854685902595520020e-01
5.688021779060363770e-01
6.098055839538574219e-01
5.564294457435607910e-01
5.446902513504028320e-01
5.147050619125366211e-01
4.944157898426055908e-01
4.913898706436157227e-01
4.486007392406463623e-01
4.700732529163360596e-01
4.634598791599273682e-01
4.429989755153656006e-01
4.856149554252624512e-01
3.956583738327026367e-01
3.953749835491180420e-01
3.554381728172302246e-01
3.366360366344451904e-01
3.287646770477294922e-01
3.338075280189514160e-01
3.003198206424713135e-01
3.006240725517272949e-01
2.646141350269317627e-01
3.248289525508880615e-01
2.315179109573364258e-01
2.026361525058746338e-01
1.957128494977951050e-01
2.115029394626617432e-01
1.789497584104537964e-01
1.920459717512130737e-01
1.836124360561370850e-01
1.655149757862091064e-01
1.900081187486648560e-01
1.617248058319091797e-01
2.934463918209075928e-01
1.405662894248962402e-01
1.335823237895965576e-01
1.286090910434722900e-01
8.823161572217941284e-02
7.407483458518981934e-02
2.405773252248764038e-01
1.848554313182830811e-01
7.983306795358657837e-02
4.845923557877540588e-02
2.485310658812522888e-02
1.660807058215141296e-02
2.118792384862899780e-02
2.308507077395915985e-02
1.475939750671386719e-01
3.168060183525085449e-01
1.552082151174545288e-01
1.267150193452835083e-01
1.166610270738601685e-01
9.374836087226867676e-02
4.917969927191734314e-02
7.013471424579620361e-02
8.335371315479278564e-02
2.244018316268920898e-01
2.305629402399063110e-01
7.110369950532913208e-02
3.265284746885299683e-02
1.397309638559818268e-02
5.413912236690521240e-03
3.047807142138481140e-03
2.296297112479805946e-03
