1.995341300964355469e+01
1.818792605400085449e+01
1.812266945838928223e+01
1.817951130867004395e+01
1.821462845802307129e+01
1.833339357376098633e+01
1.823469233512878418e+01
1.812365508079528809e+01
1.830109715461730957e+01
1.821764802932739258e+01
1.822604870796203613e+01
1.815519285202026367e+01
1.822461891174316406e+01
1.820935463905334473e+01
1.820574712753295898e+01
1.825618982315063477e+01
1.822029662132263184e+01
1.829070043563842773e+01
1.820774984359741211e+01
1.821052742004394531e+01
1.819544076919555664e+01
1.834385347366333008e+01
1.825650429725646973e+01
1.823027849197387695e+01
1.816213822364807129e+01
1.819004917144775391e+01
1.819961690902709961e+01
1.818235254287719727e+01
1.819342517852783203e+01
1.816773843765258789e+01
1.825337958335876465e+01
1.815709328651428223e+01
1.821632623672485352e+01
1.821590828895568848e+01
1.823962807655334473e+01
1.814706707000732422e+01
1.824606609344482422e+01
1.821222949028015137e+01
1.810393762588500977e+01
1.820589995384216309e+01
1.811754584312438965e+01
1.819836401939392090e+01
1.811777019500732422e+01
1.806149458885192871e+01
1.815955471992492676e+01
1.806596541404724121e+01
1.819267582893371582e+01
1.819762539863586426e+01
1.815696144104003906e+01
1.812956476211547852e+01
1.820558428764343262e+01
1.814140844345092773e+01
1.818259310722351074e+01
1.813938879966735840e+01
1.818030071258544922e+01
1.825047373771667480e+01
1.798714709281921387e+01
1.820094585418701172e+01
1.813636684417724609e+01
1.814055776596069336e+01
1.814451909065246582e+01
1.816492390632629395e+01
1.810220766067504883e+01
1.813784813880920410e+01
1.812044858932495117e+01
1.820529937744140625e+01
1.812084889411926270e+01
1.811659288406372070e+01
1.810382771492004395e+01
1.805212831497192383e+01
1.812302970886230469e+01
1.817005896568298340e+01
1.802256155014038086e+01
1.819776153564453125e+01
1.810590505599975586e+01
1.813624429702758789e+01
1.813358497619628906e+01
1.809413862228393555e+01
1.805597615242004395e+01
1.806109547615051270e+01
1.809633803367614746e+01
1.800110316276550293e+01
1.797916960716247559e+01
1.803902006149291992e+01
1.807057166099548340e+01
1.807068181037902832e+01
1.807004857063293457e+01
1.802896308898925781e+01
1.808995485305786133e+01
1.800290012359619141e+01
1.803636288642883301e+01
1.803390884399414062e+01
1.805714321136474609e+01
1.801691627502441406e+01
1.809994482994079590e+01
1.813937687873840332e+01
1.810361027717590332e+01
1.808834791183471680e+01
1.803790950775146484e+01
1.803441572189331055e+01
