1.889052987098693848e+01
1.931486654281616211e+01
1.870113563537597656e+01
1.868599295616149902e+01
1.868551111221313477e+01
1.876155924797058105e+01
1.876073670387268066e+01
1.863541197776794434e+01
1.875167918205261230e+01
1.868627738952636719e+01
1.935465478897094727e+01
1.868460655212402344e+01
1.884096717834472656e+01
1.878267741203308105e+01
1.864584803581237793e+01
1.874354791641235352e+01
1.878156709671020508e+01
1.879186367988586426e+01
1.872274684906005859e+01
1.867095184326171875e+01
1.874921154975891113e+01
1.877271890640258789e+01
1.872763872146606445e+01
1.875165033340454102e+01
1.871123647689819336e+01
1.868475127220153809e+01
1.873078036308288574e+01
1.904282307624816895e+01
1.872160458564758301e+01
1.869891953468322754e+01
1.871085286140441895e+01
1.864092779159545898e+01
1.865747690200805664e+01
1.943078827857971191e+01
1.872028470039367676e+01
1.866558957099914551e+01
1.870120167732238770e+01
1.871713399887084961e+01
1.863084292411804199e+01
1.868104481697082520e+01
1.876794791221618652e+01
1.866001582145690918e+01
1.872496271133422852e+01
1.871119928359985352e+01
1.864722728729248047e+01
1.863866305351257324e+01
1.870430231094360352e+01
1.865157651901245117e+01
1.864728856086730957e+01
1.870283246040344238e+01
1.870714402198791504e+01
1.872105884552001953e+01
1.868562698364257812e+01
1.871055102348327637e+01
1.868332743644714355e+01
1.872655558586120605e+01
1.864494919776916504e+01
1.868927884101867676e+01
1.861583042144775391e+01
1.864750361442565918e+01
1.866555595397949219e+01
1.869263672828674316e+01
2.024265933036804199e+01
1.868587183952331543e+01
1.860889029502868652e+01
1.865919160842895508e+01
1.869592094421386719e+01
1.862109899520874023e+01
1.876243042945861816e+01
1.927453064918518066e+01
1.865000486373901367e+01
1.866399884223937988e+01
1.863290262222290039e+01
1.863849020004272461e+01
1.862778282165527344e+01
1.865405559539794922e+01
1.862204241752624512e+01
1.854162955284118652e+01
1.858856821060180664e+01
1.860622525215148926e+01
1.866058254241943359e+01
1.850584387779235840e+01
1.860252857208251953e+01
1.898228859901428223e+01
1.867536234855651855e+01
1.915574169158935547e+01
1.855714654922485352e+01
1.860602235794067383e+01
1.855576562881469727e+01
1.857986140251159668e+01
1.858578920364379883e+01
1.857925057411193848e+01
1.860639667510986328e+01
1.860100817680358887e+01
1.858561420440673828e+01
1.870673036575317383e+01
1.894602584838867188e+01
1.861315131187438965e+01
1.861663866043090820e+01
1.859237980842590332e+01
