1.698139667510986328e+01
2.059351587295532227e+01
4.091235232353210449e+01
2.044127202033996582e+01
3.291439008712768555e+01
4.091147780418395996e+01
2.043059754371643066e+01
2.494701075553894043e+01
3.244842076301574707e+01
2.045011472702026367e+01
3.001750755310058594e+01
4.092620444297790527e+01
1.775809860229492188e+01
1.992878484725952148e+01
3.448316073417663574e+01
2.156474757194519043e+01
4.092702460289001465e+01
1.891654133796691895e+01
3.015030670166015625e+01
4.090098333358764648e+01
1.728050041198730469e+01
3.342809653282165527e+01
4.091017317771911621e+01
1.658840084075927734e+01
2.491775774955749512e+01
3.499572229385375977e+01
2.039575815200805664e+01
3.296199679374694824e+01
2.151410555839538574e+01
3.175530481338500977e+01
2.128862953186035156e+01
4.086897563934326172e+01
1.693039751052856445e+01
2.984517073631286621e+01
2.525351834297180176e+01
4.088208317756652832e+01
2.043138957023620605e+01
3.252658009529113770e+01
4.092855381965637207e+01
1.821832227706909180e+01
2.351699233055114746e+01
4.090709686279296875e+01
1.748409414291381836e+01
3.677024602890014648e+01
2.043061518669128418e+01
3.271765422821044922e+01
2.178052282333374023e+01
3.249183392524719238e+01
2.775579380989074707e+01
3.380769801139831543e+01
3.332969236373901367e+01
2.354521036148071289e+01
4.091133499145507812e+01
2.042728018760681152e+01
2.752536058425903320e+01
2.584228277206420898e+01
3.174248313903808594e+01
1.648076820373535156e+01
4.089110088348388672e+01
1.937355065345764160e+01
2.767712569236755371e+01
4.090781188011169434e+01
2.671418595314025879e+01
4.099094986915588379e+01
1.685133481025695801e+01
2.671342062950134277e+01
2.915428137779235840e+01
2.757905316352844238e+01
3.485743331909179688e+01
2.388664674758911133e+01
4.091706991195678711e+01
1.962454152107238770e+01
4.088634133338928223e+01
2.045593810081481934e+01
2.658253359794616699e+01
4.090375018119812012e+01
1.801464414596557617e+01
4.085637044906616211e+01
1.663674807548522949e+01
2.273498415946960449e+01
3.204988503456115723e+01
2.198401737213134766e+01
3.298381233215332031e+01
4.092820787429809570e+01
2.418169951438903809e+01
3.283695793151855469e+01
2.164660644531250000e+01
3.355366826057434082e+01
4.090306520462036133e+01
1.636592912673950195e+01
2.537265372276306152e+01
3.280732274055480957e+01
4.088133835792541504e+01
2.042382717132568359e+01
1.968167042732238770e+01
1.656408500671386719e+01
3.199912261962890625e+01
4.090468716621398926e+01
2.299016141891479492e+01
4.084096288681030273e+01
