1.036089515686035156e+01
1.037472081184387207e+01
1.036590814590454102e+01
2.031157755851745605e+01
1.046179699897766113e+01
2.017003726959228516e+01
2.052228975296020508e+01
1.032794880867004395e+01
2.049799060821533203e+01
1.034000349044799805e+01
2.038271903991699219e+01
1.033280682563781738e+01
1.038595509529113770e+01
1.036651372909545898e+01
1.032348465919494629e+01
1.034934091567993164e+01
2.044217801094055176e+01
2.036774849891662598e+01
1.035925793647766113e+01
2.038507914543151855e+01
1.035425424575805664e+01
1.039055013656616211e+01
2.032726168632507324e+01
1.041523957252502441e+01
2.045958375930786133e+01
1.037636256217956543e+01
2.033338809013366699e+01
1.031975507736206055e+01
1.032543563842773438e+01
1.031931042671203613e+01
1.031336569786071777e+01
1.031343364715576172e+01
1.027546668052673340e+01
2.039427113533020020e+01
1.033625149726867676e+01
2.034170579910278320e+01
1.022431421279907227e+01
2.045924425125122070e+01
1.023378038406372070e+01
1.033184552192687988e+01
1.031607460975646973e+01
2.045948934555053711e+01
2.028991270065307617e+01
1.037624073028564453e+01
2.046129536628723145e+01
1.027186274528503418e+01
1.029330945014953613e+01
1.027655649185180664e+01
2.045994925498962402e+01
1.033624267578125000e+01
