1.259858202934265137e+01
1.951844787597656250e+01
1.400809431076049805e+01
2.048476195335388184e+01
3.309067392349243164e+01
2.066324758529663086e+01
1.907826590538024902e+01
1.995392370223999023e+01
1.301952242851257324e+01
2.072292900085449219e+01
3.193091917037963867e+01
1.294030404090881348e+01
1.907000088691711426e+01
1.413587188720703125e+01
1.936230587959289551e+01
2.137584733963012695e+01
3.146437549591064453e+01
4.093837261199951172e+01
1.347262668609619141e+01
2.205602478981018066e+01
3.022810959815979004e+01
2.305699634552001953e+01
3.044498038291931152e+01
2.206112647056579590e+01
1.298634886741638184e+01
2.009719896316528320e+01
1.341709327697753906e+01
1.877112770080566406e+01
1.416771602630615234e+01
1.820186781883239746e+01
1.334268808364868164e+01
2.090259146690368652e+01
3.213159012794494629e+01
2.018072199821472168e+01
1.337562322616577148e+01
2.007449221611022949e+01
3.185899901390075684e+01
1.946679663658142090e+01
3.258830451965332031e+01
2.008541297912597656e+01
2.080036854743957520e+01
3.192623758316040039e+01
2.208142066001892090e+01
3.321431303024291992e+01
1.826479625701904297e+01
1.323874020576477051e+01
2.029501557350158691e+01
3.332994318008422852e+01
1.958247184753417969e+01
1.331139373779296875e+01
