2.048489570617675781e+01
1.231373715400695801e+01
2.045971298217773438e+01
1.360687732696533203e+01
4.094074678421020508e+01
2.046701574325561523e+01
2.046917986869812012e+01
1.252715516090393066e+01
1.239420914649963379e+01
2.106914114952087402e+01
3.206646466255187988e+01
1.332833456993103027e+01
1.931857895851135254e+01
2.045896577835083008e+01
2.046685791015625000e+01
1.254441213607788086e+01
3.202098250389099121e+01
4.093946099281311035e+01
1.378137660026550293e+01
2.252449035644531250e+01
3.060080504417419434e+01
4.093951940536499023e+01
1.332385063171386719e+01
2.244641590118408203e+01
1.233884978294372559e+01
2.030375671386718750e+01
1.395079565048217773e+01
1.795621800422668457e+01
1.336371517181396484e+01
1.739411497116088867e+01
1.267006540298461914e+01
2.111375117301940918e+01
3.247942113876342773e+01
1.936412358283996582e+01
2.046017193794250488e+01
1.412890505790710449e+01
3.260864996910095215e+01
2.096950221061706543e+01
3.260869312286376953e+01
2.028440308570861816e+01
1.996941637992858887e+01
3.249703693389892578e+01
2.108743619918823242e+01
4.093934011459350586e+01
1.197624373435974121e+01
1.237783503532409668e+01
2.076242923736572266e+01
3.410674834251403809e+01
1.958867907524108887e+01
1.274503040313720703e+01
