7.006180286407470703e-01
6.745011806488037109e-01
6.839859485626220703e-01
7.326128482818603516e-01
5.740904808044433594e-01
7.577164173126220703e-01
6.778576374053955078e-01
6.347789764404296875e-01
6.318888664245605469e-01
8.410339355468750000e-01
8.854830265045166016e-01
8.016638755798339844e-01
9.437704086303710938e-01
7.544894218444824219e-01
7.930798530578613281e-01
8.406023979187011719e-01
8.625946044921875000e-01
7.420911788940429688e-01
9.060466289520263672e-01
6.918973922729492188e-01
6.577558517456054688e-01
8.719749450683593750e-01
7.372632026672363281e-01
8.304746150970458984e-01
7.891232967376708984e-01
7.300984859466552734e-01
5.841796398162841797e-01
6.685497760772705078e-01
8.350508213043212891e-01
7.982182502746582031e-01
6.466255187988281250e-01
5.452558994293212891e-01
9.658222198486328125e-01
4.707353115081787109e-01
6.674499511718750000e-01
5.714478492736816406e-01
8.045022487640380859e-01
8.993341922760009766e-01
7.286069393157958984e-01
7.076938152313232422e-01
7.352099418640136719e-01
7.889845371246337891e-01
6.075527667999267578e-01
6.633632183074951172e-01
6.623306274414062500e-01
6.829206943511962891e-01
8.346524238586425781e-01
6.947655677795410156e-01
7.248148918151855469e-01
6.905255317687988281e-01
