4.403344988822937012e-01
5.000000000000000000e-01
5.016082525253295898e-01
5.358636379241943359e-01
5.445480942726135254e-01
5.480862259864807129e-01
5.612736940383911133e-01
5.654551386833190918e-01
5.800900459289550781e-01
5.899003148078918457e-01
5.919910073280334473e-01
5.969765186309814453e-01
6.064651012420654297e-01
6.018012166023254395e-01
6.029269695281982422e-01
6.013187766075134277e-01
6.180443763732910156e-01
6.239948272705078125e-01
6.244773268699645996e-01
6.159536838531494141e-01
6.268896460533142090e-01
6.215825080871582031e-01
6.301061511039733887e-01
6.350916624069213867e-01
6.463493108749389648e-01
6.392731070518493652e-01
6.432936787605285645e-01
6.613059043884277344e-01
6.580893993377685547e-01
6.502090692520141602e-01
6.600192785263061523e-01
6.711161136627197266e-01
6.764233112335205078e-01
6.691862344741821289e-01
6.656481027603149414e-01
6.854293942451477051e-01
6.841428279876708984e-01
6.894499659538269043e-01
7.037632465362548828e-01
6.995818614959716797e-01
7.146992683410644531e-01
7.229012250900268555e-01
7.110003232955932617e-01
7.005468010902404785e-01
6.127372384071350098e-01
6.646831631660461426e-01
6.847860813140869141e-01
6.974911689758300781e-01
6.949179768562316895e-01
7.177549004554748535e-01
7.246702909469604492e-01
7.092312574386596680e-01
7.214538455009460449e-01
7.021550536155700684e-01
7.253136038780212402e-01
7.388227581977844238e-01
7.349629998207092285e-01
7.454165220260620117e-01
7.619813680648803711e-01
7.579607367515563965e-01
7.614988684654235840e-01
7.452557086944580078e-01
6.659697890281677246e-01
7.269218564033508301e-01
7.518494725227355957e-01
7.724348902702331543e-01
7.851399183273315430e-01
7.799935936927795410e-01
7.803152203559875488e-01
7.944676876068115234e-01
7.946285009384155273e-01
8.144097924232482910e-01
8.263106942176818848e-01
8.441621065139770508e-01
8.399807214736938477e-01
8.472177386283874512e-01
8.221293091773986816e-01
7.828884124755859375e-01
7.245094776153564453e-01
7.769379019737243652e-01
8.173046112060546875e-01
8.327436447143554688e-01
8.525249361991882324e-01
8.599228262901306152e-01
8.687680959701538086e-01
8.743969202041625977e-01
8.916050195693969727e-01
8.977162837982177734e-01
8.940173983573913574e-01
9.033451080322265625e-01
9.165326356887817383e-01
9.168543219566345215e-01
9.290768504142761230e-01
9.197491407394409180e-01
9.366355538368225098e-01
9.401736855506896973e-01
9.409778118133544922e-01
9.498230814933776855e-01
9.142811298370361328e-01
5.617561936378479004e-01
