1.930335354804992676e+01
1.510598516464233398e+01
1.487512564659118652e+01
1.535179710388183594e+01
1.490597438812255859e+01
1.527846384048461914e+01
1.519277524948120117e+01
1.528677058219909668e+01
1.512792325019836426e+01
1.558065223693847656e+01
1.541600084304809570e+01
1.503488683700561523e+01
1.535293102264404297e+01
1.542126750946044922e+01
2.475975036621093750e+01
1.937477231025695801e+01
1.497745537757873535e+01
1.507517051696777344e+01
2.380396986007690430e+01
1.546760988235473633e+01
1.487253952026367188e+01
1.493523859977722168e+01
1.523104810714721680e+01
3.550426983833312988e+01
1.502137589454650879e+01
1.509583234786987305e+01
1.549625563621520996e+01
1.540498828887939453e+01
1.516728878021240234e+01
1.525262761116027832e+01
1.546113371849060059e+01
1.516600537300109863e+01
1.523016667366027832e+01
2.934890484809875488e+01
1.502678489685058594e+01
1.509048795700073242e+01
1.504934382438659668e+01
1.513274908065795898e+01
1.515859270095825195e+01
1.525634646415710449e+01
1.539410424232482910e+01
1.526934790611267090e+01
2.001499700546264648e+01
1.550954055786132812e+01
1.539926218986511230e+01
1.536479544639587402e+01
1.516123461723327637e+01
1.511810564994812012e+01
1.529286026954650879e+01
3.140091776847839355e+01
1.511774301528930664e+01
1.537951302528381348e+01
1.503509163856506348e+01
1.502724289894104004e+01
2.927746152877807617e+01
1.513848090171813965e+01
3.003293156623840332e+01
1.492243170738220215e+01
2.285424852371215820e+01
1.502513074874877930e+01
1.514918375015258789e+01
1.584964704513549805e+01
2.256210875511169434e+01
1.489501667022705078e+01
2.749166488647460938e+01
3.265497136116027832e+01
1.517030262947082520e+01
1.485727167129516602e+01
1.533937954902648926e+01
1.513427948951721191e+01
3.521030497550964355e+01
1.545585918426513672e+01
1.513166022300720215e+01
1.517596364021301270e+01
1.527466297149658203e+01
1.542389082908630371e+01
1.526397895812988281e+01
3.549485206604003906e+01
1.514576148986816406e+01
1.532161593437194824e+01
1.511863160133361816e+01
1.534970712661743164e+01
1.509119224548339844e+01
1.512137627601623535e+01
1.553165411949157715e+01
2.444411659240722656e+01
1.866244244575500488e+01
1.508095479011535645e+01
1.535659217834472656e+01
1.498067235946655273e+01
1.493994545936584473e+01
1.526919817924499512e+01
3.188326787948608398e+01
1.514277267456054688e+01
1.530235648155212402e+01
1.508504843711853027e+01
1.538728046417236328e+01
2.455678319931030273e+01
1.831387996673583984e+01
2.904895091056823730e+01
