1.157366991043090820e+00
1.278338432312011719e+00
8.042101860046386719e-01
1.090476036071777344e+00
6.538589000701904297e-01
8.500182628631591797e-01
6.998350620269775391e-01
9.222495555877685547e-01
7.495248317718505859e-01
8.336482048034667969e-01
7.069942951202392578e-01
9.308683872222900391e-01
8.031907081604003906e-01
7.594859600067138672e-01
1.034241199493408203e+00
8.951618671417236328e-01
9.134674072265625000e-01
8.717036247253417969e-01
5.557866096496582031e-01
7.929389476776123047e-01
7.120201587677001953e-01
7.676591873168945312e-01
9.812338352203369141e-01
9.750485420227050781e-01
1.082250118255615234e+00
1.013572454452514648e+00
1.083806276321411133e+00
8.312194347381591797e-01
1.314601898193359375e+00
8.948755264282226562e-01
1.006800174713134766e+00
1.264717102050781250e+00
8.387627601623535156e-01
8.117482662200927734e-01
9.016561508178710938e-01
7.882342338562011719e-01
7.596116065979003906e-01
7.988972663879394531e-01
1.062607049942016602e+00
7.257437705993652344e-01
7.732515335083007812e-01
7.982671260833740234e-01
1.252658605575561523e+00
9.268100261688232422e-01
9.832530021667480469e-01
1.102449655532836914e+00
1.098168373107910156e+00
1.049287796020507812e+00
1.054507970809936523e+00
9.961481094360351562e-01
