4.677325725555419922e+00
4.735042572021484375e+00
5.176013469696044922e+00
4.743017196655273438e+00
5.178363800048828125e+00
4.956919193267822266e+00
5.220435142517089844e+00
4.809904098510742188e+00
4.919059038162231445e+00
5.269663810729980469e+00
5.896558523178100586e+00
5.086066484451293945e+00
4.840953826904296875e+00
5.061860322952270508e+00
2.504798817634582520e+01
5.033584833145141602e+00
5.086140632629394531e+00
4.892183065414428711e+00
5.402381420135498047e+00
5.031048059463500977e+00
4.952327489852905273e+00
5.099845170974731445e+00
4.814423084259033203e+00
4.982027530670166016e+00
4.687928676605224609e+00
4.831863403320312500e+00
2.499026584625244141e+01
1.058510518074035645e+01
4.510097265243530273e+00
5.060112476348876953e+00
2.277799201011657715e+01
1.167659783363342285e+01
5.165580272674560547e+00
5.068807125091552734e+00
5.043858051300048828e+00
1.618265104293823242e+01
4.997846841812133789e+00
4.987715959548950195e+00
4.743833541870117188e+00
5.148549318313598633e+00
5.146351575851440430e+00
5.126152515411376953e+00
4.540029287338256836e+00
5.061983585357666016e+00
4.867869377136230469e+00
4.750083208084106445e+00
4.796590805053710938e+00
5.771712779998779297e+00
5.033285617828369141e+00
5.882287263870239258e+00
