5.713986605405807495e-02
1.114847045391798019e-02
2.452001906931400299e-03
3.504968481138348579e-03
4.522643983364105225e-03
7.431960548274219036e-04
3.511985705699771643e-04
2.517556422390043736e-04
2.261864428874105215e-04
1.599513198016211390e-04
1.128378862631507218e-04
7.899120100773870945e-05
4.211710256640799344e-05
3.001820186909753829e-05
2.574103928054682910e-05
2.120270073646679521e-05
1.317195437877671793e-05
1.464857814426068217e-05
8.468292435281910002e-06
8.770359272602945566e-06
9.143220268015284091e-06
6.872059202578384429e-06
7.725505383859854192e-06
4.058857030031504110e-06
3.785268290812382475e-06
3.775339109779451974e-06
2.768852937151677907e-06
2.373198640270857140e-06
1.802158863029035274e-06
1.356626398774096742e-06
1.026845552587474231e-06
8.205338417610619217e-07
6.981384217397135217e-07
6.104733643041981850e-07
5.425503104561357759e-07
4.965979769622208551e-07
4.479332460505247582e-07
4.088788330136594595e-07
3.776467849547771038e-07
3.534475183641916374e-07
3.263648409301822539e-07
3.057574247122829547e-07
2.860777499336109031e-07
2.691461418180551846e-07
2.544915105318068527e-07
2.401235974502924364e-07
2.281670674619817873e-07
2.187401548781053862e-07
2.145068549452844309e-07
2.082503414158054511e-07
