4.616451263427734375e-02
7.202291488647460938e-02
7.655596733093261719e-02
7.977867126464843750e-02
5.346655845642089844e-02
6.718707084655761719e-02
4.993486404418945312e-02
5.866670608520507812e-02
7.768678665161132812e-02
6.061744689941406250e-02
1.335031986236572266e-01
4.769182205200195312e-02
7.046580314636230469e-02
8.430314064025878906e-02
6.785368919372558594e-02
9.016823768615722656e-02
8.298039436340332031e-02
4.078459739685058594e-02
3.972387313842773438e-02
3.714632987976074219e-02
1.679635047912597656e-02
7.333135604858398438e-02
6.951594352722167969e-02
5.232715606689453125e-02
4.383015632629394531e-02
6.241226196289062500e-02
6.128692626953125000e-02
7.208204269409179688e-02
1.672697067260742188e-02
1.098206043243408203e-01
6.151938438415527344e-02
8.615183830261230469e-02
6.277465820312500000e-02
3.420209884643554688e-02
4.852294921875000000e-02
2.033519744873046875e-02
5.325627326965332031e-02
8.703875541687011719e-02
8.385276794433593750e-02
8.517599105834960938e-02
6.243991851806640625e-02
2.905392646789550781e-02
3.358674049377441406e-02
1.043963432312011719e-02
1.339888572692871094e-01
9.093284606933593750e-02
6.515121459960937500e-02
9.266686439514160156e-02
3.100252151489257812e-02
3.117227554321289062e-02
3.625106811523437500e-02
3.727269172668457031e-02
4.784154891967773438e-02
3.828144073486328125e-02
6.134414672851562500e-02
7.605099678039550781e-02
5.710577964782714844e-02
7.435059547424316406e-02
6.575632095336914062e-02
5.982136726379394531e-02
8.858513832092285156e-02
1.036579608917236328e-01
6.648802757263183594e-02
4.096674919128417969e-02
5.026197433471679688e-02
5.559134483337402344e-02
4.827451705932617188e-02
7.677507400512695312e-02
4.674029350280761719e-02
3.678464889526367188e-02
4.110050201416015625e-02
3.666377067565917969e-02
7.332062721252441406e-02
3.896021842956542969e-02
7.805800437927246094e-02
4.640817642211914062e-02
4.550552368164062500e-02
5.922317504882812500e-02
4.499411582946777344e-02
6.429338455200195312e-02
3.206014633178710938e-02
4.456019401550292969e-02
7.265496253967285156e-02
1.967072486877441406e-02
1.620602607727050781e-02
6.831932067871093750e-02
2.511572837829589844e-02
4.108047485351562500e-02
3.009700775146484375e-02
8.034658432006835938e-02
4.006004333496093750e-02
5.544281005859375000e-02
6.436634063720703125e-02
3.116345405578613281e-02
7.813596725463867188e-02
2.885079383850097656e-02
6.536245346069335938e-02
8.134794235229492188e-02
4.860925674438476562e-02
7.190847396850585938e-02
