5.782175064086914062e-02
5.779862403869628906e-02
5.730986595153808594e-02
5.781126022338867188e-02
5.768942832946777344e-02
5.768609046936035156e-02
5.762910842895507812e-02
5.756735801696777344e-02
5.748891830444335938e-02
5.806040763854980469e-02
5.797815322875976562e-02
5.788588523864746094e-02
5.781722068786621094e-02
5.723953247070312500e-02
5.804038047790527344e-02
5.821871757507324219e-02
5.835103988647460938e-02
5.857276916503906250e-02
5.839014053344726562e-02
5.908322334289550781e-02
5.868625640869140625e-02
5.854630470275878906e-02
5.868625640869140625e-02
5.839061737060546875e-02
5.906629562377929688e-02
5.849480628967285156e-02
5.861949920654296875e-02
5.847358703613281250e-02
5.871701240539550781e-02
5.853629112243652344e-02
5.841016769409179688e-02
5.859708786010742188e-02
5.891394615173339844e-02
5.942869186401367188e-02
5.962967872619628906e-02
5.980968475341796875e-02
6.013631820678710938e-02
6.031537055969238281e-02
5.999708175659179688e-02
5.986714363098144531e-02
6.034088134765625000e-02
6.023430824279785156e-02
5.994939804077148438e-02
6.029272079467773438e-02
6.012678146362304688e-02
6.077194213867187500e-02
6.057167053222656250e-02
6.044888496398925781e-02
6.093978881835937500e-02
6.064867973327636719e-02
