6.519079208374023438e-02
1.421170234680175781e-01
1.935341358184814453e-01
2.075889110565185547e-01
8.747482299804687500e-02
4.210448265075683594e-02
1.059925556182861328e-01
2.988123893737792969e-02
5.218672752380371094e-02
9.648656845092773438e-02
5.923151969909667969e-02
1.697199344635009766e-01
7.157278060913085938e-02
9.932374954223632812e-02
7.971453666687011719e-02
2.180130481719970703e-01
8.804726600646972656e-02
6.428122520446777344e-02
1.516263484954833984e-01
1.276290416717529297e-01
5.229139328002929688e-02
1.077773571014404297e-01
1.286468505859375000e-01
1.271023750305175781e-01
1.554155349731445312e-01
9.997677803039550781e-02
8.990025520324707031e-02
1.473774909973144531e-01
1.013612747192382812e-01
8.509492874145507812e-02
1.279451847076416016e-01
1.433618068695068359e-01
5.406451225280761719e-02
1.319775581359863281e-01
1.814391613006591797e-01
1.223645210266113281e-01
7.857513427734375000e-02
8.888530731201171875e-02
1.223943233489990234e-01
1.311607360839843750e-01
1.217634677886962891e-01
1.616649627685546875e-01
8.474373817443847656e-02
2.101936340332031250e-01
1.682102680206298828e-01
8.478975296020507812e-02
4.370164871215820312e-02
7.623672485351562500e-02
1.356368064880371094e-01
8.972477912902832031e-02
2.920305728912353516e-01
1.404073238372802734e-01
1.053004264831542969e-01
1.006367206573486328e-01
1.238784790039062500e-01
1.310868263244628906e-01
1.641650199890136719e-01
5.207610130310058594e-02
2.156074047088623047e-01
7.277679443359375000e-02
1.399276256561279297e-01
1.294457912445068359e-01
8.229947090148925781e-02
1.201038360595703125e-01
9.421205520629882812e-02
1.099634170532226562e-01
1.454536914825439453e-01
2.325396537780761719e-01
9.124231338500976562e-02
8.970451354980468750e-02
7.186746597290039062e-02
1.374876499176025391e-01
1.664335727691650391e-01
9.749007225036621094e-02
1.320080757141113281e-01
6.346130371093750000e-02
8.035969734191894531e-02
4.091548919677734375e-02
9.968471527099609375e-02
6.062126159667968750e-02
8.247923851013183594e-02
5.925369262695312500e-02
2.015380859375000000e-01
1.268005371093750000e-01
1.363596916198730469e-01
1.336343288421630859e-01
6.822228431701660156e-02
1.054828166961669922e-01
1.208989620208740234e-01
1.248407363891601562e-01
1.205029487609863281e-01
1.405181884765625000e-01
2.212028503417968750e-01
1.029553413391113281e-01
1.439893245697021484e-01
7.063961029052734375e-02
6.635069847106933594e-02
7.189965248107910156e-02
1.178321838378906250e-01
6.627869606018066406e-02
