1.686116886138916016e+01
1.831402158737182617e+01
1.891538357734680176e+01
1.848045730590820312e+01
1.800257515907287598e+01
1.779376411437988281e+01
1.837127566337585449e+01
1.874784111976623535e+01
1.659743428230285645e+01
1.956652474403381348e+01
1.665661573410034180e+01
1.663096880912780762e+01
1.842153072357177734e+01
1.835182452201843262e+01
1.659821128845214844e+01
1.828996706008911133e+01
1.907895994186401367e+01
1.691168618202209473e+01
1.839037251472473145e+01
1.842184853553771973e+01
1.837630128860473633e+01
1.657022857666015625e+01
1.938341951370239258e+01
1.910786652565002441e+01
1.677659988403320312e+01
1.668909072875976562e+01
1.897950148582458496e+01
2.041774392127990723e+01
1.657218337059020996e+01
1.657897877693176270e+01
1.827057003974914551e+01
1.830255985260009766e+01
1.855933451652526855e+01
1.762043380737304688e+01
1.825192451477050781e+01
1.675843977928161621e+01
1.803185343742370605e+01
1.797142744064331055e+01
1.835637021064758301e+01
2.037185502052307129e+01
1.650777459144592285e+01
1.833971214294433594e+01
1.659338140487670898e+01
1.877100062370300293e+01
1.895605158805847168e+01
1.682301282882690430e+01
1.840710496902465820e+01
1.650694966316223145e+01
1.845428109169006348e+01
1.821833038330078125e+01
1.836235523223876953e+01
2.038340330123901367e+01
2.038779616355895996e+01
1.657482910156250000e+01
1.820172739028930664e+01
1.835143995285034180e+01
1.834042048454284668e+01
1.673735427856445312e+01
1.913981866836547852e+01
1.834411644935607910e+01
1.904391121864318848e+01
1.838904190063476562e+01
1.837922048568725586e+01
1.821898937225341797e+01
1.845003652572631836e+01
2.038291692733764648e+01
1.662042808532714844e+01
2.039656329154968262e+01
1.792666864395141602e+01
1.733173203468322754e+01
1.830442166328430176e+01
1.657262539863586426e+01
1.831998395919799805e+01
1.893822884559631348e+01
1.836449718475341797e+01
1.832379102706909180e+01
1.883486437797546387e+01
1.891363883018493652e+01
1.683992815017700195e+01
1.656544780731201172e+01
1.654452896118164062e+01
2.037479686737060547e+01
1.654125547409057617e+01
1.703495526313781738e+01
1.833104658126831055e+01
1.933445000648498535e+01
1.825651383399963379e+01
1.824346899986267090e+01
1.670053482055664062e+01
1.706470870971679688e+01
2.039527654647827148e+01
1.774770689010620117e+01
2.039559316635131836e+01
1.793353748321533203e+01
1.834651684761047363e+01
1.809197998046875000e+01
1.650917530059814453e+01
1.910991621017456055e+01
1.672356939315795898e+01
1.675585651397705078e+01
