1.327691650390625000e+01
1.898972868919372559e+01
1.682210707664489746e+01
1.441714882850646973e+01
1.922226357460021973e+01
3.964613509178161621e+01
1.289715147018432617e+01
3.963013958930969238e+01
1.330280900001525879e+01
3.325440263748168945e+01
1.915030789375305176e+01
3.233529281616210938e+01
1.913976454734802246e+01
3.244281792640686035e+01
2.089074826240539551e+01
3.963141822814941406e+01
1.302119231224060059e+01
3.046024751663208008e+01
2.199687433242797852e+01
3.961165285110473633e+01
1.380092334747314453e+01
3.070236825942993164e+01
1.899456906318664551e+01
3.278021430969238281e+01
2.041643404960632324e+01
3.275664043426513672e+01
1.945951199531555176e+01
1.913364744186401367e+01
1.912063884735107422e+01
3.962908077239990234e+01
1.917425131797790527e+01
2.176907086372375488e+01
2.631797361373901367e+01
2.665564846992492676e+01
2.667183995246887207e+01
2.706259155273437500e+01
3.271962761878967285e+01
3.967150688171386719e+01
1.471500325202941895e+01
3.966984272003173828e+01
1.238652539253234863e+01
1.930730438232421875e+01
3.228038287162780762e+01
2.228735566139221191e+01
3.077277779579162598e+01
2.202503991127014160e+01
3.024176096916198730e+01
2.250943207740783691e+01
1.836497330665588379e+01
1.920841836929321289e+01
