1.322835636138916016e+01
1.905865192413330078e+01
1.715997147560119629e+01
1.919372963905334473e+01
1.432012319564819336e+01
3.241464614868164062e+01
1.989879846572875977e+01
3.384932756423950195e+01
1.974872589111328125e+01
3.335735273361206055e+01
3.964882707595825195e+01
1.301029658317565918e+01
1.943087649345397949e+01
3.961880040168762207e+01
1.353309011459350586e+01
3.184199261665344238e+01
3.961737823486328125e+01
1.898849201202392578e+01
1.899413347244262695e+01
3.957986307144165039e+01
1.239880657196044922e+01
3.117670464515686035e+01
1.991754245758056641e+01
3.317856884002685547e+01
2.041502332687377930e+01
3.265972661972045898e+01
1.975297784805297852e+01
1.465056300163269043e+01
1.946812820434570312e+01
3.280488181114196777e+01
2.441215825080871582e+01
3.960098123550415039e+01
1.331277227401733398e+01
2.653577160835266113e+01
2.535600781440734863e+01
2.705937147140502930e+01
3.210457563400268555e+01
3.957196497917175293e+01
1.266284918785095215e+01
2.080211138725280762e+01
3.184020781517028809e+01
1.984289741516113281e+01
3.135689949989318848e+01
3.957806444168090820e+01
1.302447462081909180e+01
2.132413911819458008e+01
3.963307023048400879e+01
1.341054439544677734e+01
1.821749544143676758e+01
1.677276611328125000e+01
