1.541810226440429688e+01
1.492363429069519043e+01
1.503237152099609375e+01
3.454916620254516602e+01
1.669213843345642090e+01
1.511435985565185547e+01
1.492602705955505371e+01
3.315525031089782715e+01
1.674729275703430176e+01
1.473165750503540039e+01
1.488809084892272949e+01
1.487632107734680176e+01
2.594496798515319824e+01
1.519359135627746582e+01
2.928530907630920410e+01
1.887108206748962402e+01
1.482804894447326660e+01
2.414087605476379395e+01
1.480449199676513672e+01
1.487117695808410645e+01
1.518185329437255859e+01
1.463122105598449707e+01
1.529241752624511719e+01
1.513505482673645020e+01
2.673662424087524414e+01
1.506750321388244629e+01
1.472068738937377930e+01
2.290734195709228516e+01
1.538154816627502441e+01
1.554855847358703613e+01
1.499253654479980469e+01
1.480503392219543457e+01
2.528864717483520508e+01
1.842570281028747559e+01
1.498174595832824707e+01
1.474092841148376465e+01
1.501143050193786621e+01
1.504377818107604980e+01
1.503027629852294922e+01
1.515486383438110352e+01
1.513400197029113770e+01
1.507430768013000488e+01
1.496175122261047363e+01
1.505588650703430176e+01
1.544368171691894531e+01
1.494086551666259766e+01
1.504152297973632812e+01
1.543354487419128418e+01
1.537576246261596680e+01
1.457831501960754395e+01
1.498969316482543945e+01
1.497334647178649902e+01
1.488482451438903809e+01
1.493417668342590332e+01
1.508479809761047363e+01
1.502070689201354980e+01
1.527622389793395996e+01
1.541358757019042969e+01
4.602105545997619629e+01
1.503678631782531738e+01
1.494102954864501953e+01
4.903620409965515137e+01
1.505341577529907227e+01
5.048081374168395996e+01
1.522976660728454590e+01
5.126910066604614258e+01
1.899629473686218262e+01
5.099639725685119629e+01
1.552308845520019531e+01
1.479559540748596191e+01
1.520079231262207031e+01
1.721688818931579590e+01
2.274204444885253906e+01
1.806497669219970703e+01
1.506048059463500977e+01
3.367461729049682617e+01
1.874568057060241699e+01
1.527390551567077637e+01
1.517457962036132812e+01
3.116509675979614258e+01
1.505028462409973145e+01
3.138140583038330078e+01
1.546967315673828125e+01
1.529066276550292969e+01
1.507124638557434082e+01
3.135352706909179688e+01
1.471655845642089844e+01
1.532700419425964355e+01
1.529062080383300781e+01
1.508572220802307129e+01
1.524052643775939941e+01
1.481155681610107422e+01
1.525257086753845215e+01
1.565786266326904297e+01
2.394381761550903320e+01
1.545748782157897949e+01
1.546844506263732910e+01
1.519266033172607422e+01
1.500284028053283691e+01
1.540671730041503906e+01
